[2024-07-23T02:13:44.658+0000] {local_task_job_runner.py:120} INFO - ::group::Pre task execution logs
[2024-07-23T02:13:44.725+0000] {taskinstance.py:2076} INFO - Dependencies all met for dep_context=non-requeueable deps ti=<TaskInstance: example_bash_decorator.runme_2 manual__2024-07-23T02:13:36.476794+00:00 [queued]>
[2024-07-23T02:13:44.750+0000] {taskinstance.py:2076} INFO - Dependencies all met for dep_context=requeueable deps ti=<TaskInstance: example_bash_decorator.runme_2 manual__2024-07-23T02:13:36.476794+00:00 [queued]>
[2024-07-23T02:13:44.750+0000] {taskinstance.py:2306} INFO - Starting attempt 1 of 1
[2024-07-23T02:13:44.850+0000] {taskinstance.py:2330} INFO - Executing <Task(_BashDecoratedOperator): runme_2> on 2024-07-23 02:13:36.476794+00:00
[2024-07-23T02:13:44.890+0000] {warnings.py:112} WARNING - /home/***/.local/lib/python3.12/site-packages/***/task/task_runner/standard_task_runner.py:62: DeprecationWarning: This process (pid=247) is multi-threaded, use of fork() may lead to deadlocks in the child.
  pid = os.fork()

[2024-07-23T02:13:44.913+0000] {standard_task_runner.py:64} INFO - Started process 267 to run task
[2024-07-23T02:13:44.901+0000] {standard_task_runner.py:90} INFO - Running: ['***', 'tasks', 'run', 'example_bash_decorator', 'runme_2', 'manual__2024-07-23T02:13:36.476794+00:00', '--job-id', '5', '--raw', '--subdir', '/home/***/.local/lib/python3.12/site-packages/***/example_dags/example_bash_decorator.py', '--cfg-path', '/tmp/tmpos4vp7wl']
[2024-07-23T02:13:44.922+0000] {standard_task_runner.py:91} INFO - Job 5: Subtask runme_2
[2024-07-23T02:13:45.182+0000] {task_command.py:426} INFO - Running <TaskInstance: example_bash_decorator.runme_2 manual__2024-07-23T02:13:36.476794+00:00 [running]> on host 1ae2aa42f523
[2024-07-23T02:13:45.527+0000] {taskinstance.py:2648} INFO - Exporting env vars: AIRFLOW_CTX_DAG_OWNER='***' AIRFLOW_CTX_DAG_ID='example_bash_decorator' AIRFLOW_CTX_TASK_ID='runme_2' AIRFLOW_CTX_EXECUTION_DATE='2024-07-23T02:13:36.476794+00:00' AIRFLOW_CTX_TRY_NUMBER='1' AIRFLOW_CTX_DAG_RUN_ID='manual__2024-07-23T02:13:36.476794+00:00'
[2024-07-23T02:13:45.531+0000] {taskinstance.py:430} INFO - ::endgroup::
[2024-07-23T02:13:45.668+0000] {subprocess.py:63} INFO - Tmp dir root location: /tmp
[2024-07-23T02:13:45.669+0000] {subprocess.py:75} INFO - Running command: ['/usr/bin/bash', '-c', 'echo example_bash_decorator__runme_2__20240723 && sleep 2']
[2024-07-23T02:13:45.724+0000] {subprocess.py:86} INFO - Output:
[2024-07-23T02:13:45.729+0000] {subprocess.py:93} INFO - example_bash_decorator__runme_2__20240723
[2024-07-23T02:13:47.736+0000] {subprocess.py:97} INFO - Command exited with return code 0
[2024-07-23T02:13:47.737+0000] {taskinstance.py:441} INFO - ::group::Post task execution logs
[2024-07-23T02:13:47.778+0000] {taskinstance.py:1206} INFO - Marking task as SUCCESS. dag_id=example_bash_decorator, task_id=runme_2, run_id=manual__2024-07-23T02:13:36.476794+00:00, execution_date=20240723T021336, start_date=20240723T021344, end_date=20240723T021347
[2024-07-23T02:13:47.829+0000] {local_task_job_runner.py:243} INFO - Task exited with return code 0
[2024-07-23T02:13:47.869+0000] {taskinstance.py:3503} INFO - 1 downstream tasks scheduled from follow-on schedule check
[2024-07-23T02:13:47.873+0000] {local_task_job_runner.py:222} INFO - ::endgroup::
