[2024-07-23T02:13:44.857+0000] {local_task_job_runner.py:120} INFO - ::group::Pre task execution logs
[2024-07-23T02:13:44.920+0000] {taskinstance.py:2076} INFO - Dependencies all met for dep_context=non-requeueable deps ti=<TaskInstance: example_bash_decorator.runme_1 manual__2024-07-23T02:13:36.476794+00:00 [queued]>
[2024-07-23T02:13:44.936+0000] {taskinstance.py:2076} INFO - Dependencies all met for dep_context=requeueable deps ti=<TaskInstance: example_bash_decorator.runme_1 manual__2024-07-23T02:13:36.476794+00:00 [queued]>
[2024-07-23T02:13:44.937+0000] {taskinstance.py:2306} INFO - Starting attempt 1 of 1
[2024-07-23T02:13:44.976+0000] {taskinstance.py:2330} INFO - Executing <Task(_BashDecoratedOperator): runme_1> on 2024-07-23 02:13:36.476794+00:00
[2024-07-23T02:13:45.026+0000] {warnings.py:112} WARNING - /home/***/.local/lib/python3.12/site-packages/***/task/task_runner/standard_task_runner.py:62: DeprecationWarning: This process (pid=249) is multi-threaded, use of fork() may lead to deadlocks in the child.
  pid = os.fork()

[2024-07-23T02:13:45.042+0000] {standard_task_runner.py:64} INFO - Started process 270 to run task
[2024-07-23T02:13:45.089+0000] {standard_task_runner.py:90} INFO - Running: ['***', 'tasks', 'run', 'example_bash_decorator', 'runme_1', 'manual__2024-07-23T02:13:36.476794+00:00', '--job-id', '10', '--raw', '--subdir', '/home/***/.local/lib/python3.12/site-packages/***/example_dags/example_bash_decorator.py', '--cfg-path', '/tmp/tmp2sgeymfu']
[2024-07-23T02:13:45.108+0000] {standard_task_runner.py:91} INFO - Job 10: Subtask runme_1
[2024-07-23T02:13:45.317+0000] {task_command.py:426} INFO - Running <TaskInstance: example_bash_decorator.runme_1 manual__2024-07-23T02:13:36.476794+00:00 [running]> on host 1ae2aa42f523
[2024-07-23T02:13:45.730+0000] {taskinstance.py:2648} INFO - Exporting env vars: AIRFLOW_CTX_DAG_OWNER='***' AIRFLOW_CTX_DAG_ID='example_bash_decorator' AIRFLOW_CTX_TASK_ID='runme_1' AIRFLOW_CTX_EXECUTION_DATE='2024-07-23T02:13:36.476794+00:00' AIRFLOW_CTX_TRY_NUMBER='1' AIRFLOW_CTX_DAG_RUN_ID='manual__2024-07-23T02:13:36.476794+00:00'
[2024-07-23T02:13:45.733+0000] {taskinstance.py:430} INFO - ::endgroup::
[2024-07-23T02:13:45.819+0000] {subprocess.py:63} INFO - Tmp dir root location: /tmp
[2024-07-23T02:13:45.820+0000] {subprocess.py:75} INFO - Running command: ['/usr/bin/bash', '-c', 'echo example_bash_decorator__runme_1__20240723 && sleep 1']
[2024-07-23T02:13:45.864+0000] {subprocess.py:86} INFO - Output:
[2024-07-23T02:13:45.872+0000] {subprocess.py:93} INFO - example_bash_decorator__runme_1__20240723
[2024-07-23T02:13:46.883+0000] {subprocess.py:97} INFO - Command exited with return code 0
[2024-07-23T02:13:46.885+0000] {taskinstance.py:441} INFO - ::group::Post task execution logs
[2024-07-23T02:13:46.924+0000] {taskinstance.py:1206} INFO - Marking task as SUCCESS. dag_id=example_bash_decorator, task_id=runme_1, run_id=manual__2024-07-23T02:13:36.476794+00:00, execution_date=20240723T021336, start_date=20240723T021344, end_date=20240723T021346
[2024-07-23T02:13:46.976+0000] {local_task_job_runner.py:243} INFO - Task exited with return code 0
[2024-07-23T02:13:47.011+0000] {taskinstance.py:3503} INFO - 0 downstream tasks scheduled from follow-on schedule check
[2024-07-23T02:13:47.015+0000] {local_task_job_runner.py:222} INFO - ::endgroup::
