[2024-07-25T00:30:05.259+0000] {local_task_job_runner.py:120} INFO - ::group::Pre task execution logs
[2024-07-25T00:30:05.282+0000] {taskinstance.py:2076} INFO - Dependencies all met for dep_context=non-requeueable deps ti=<TaskInstance: binance_btcusdt_dag.process_btcusdt_data scheduled__2024-07-25T00:20:00+00:00 [queued]>
[2024-07-25T00:30:05.289+0000] {taskinstance.py:2076} INFO - Dependencies all met for dep_context=requeueable deps ti=<TaskInstance: binance_btcusdt_dag.process_btcusdt_data scheduled__2024-07-25T00:20:00+00:00 [queued]>
[2024-07-25T00:30:05.290+0000] {taskinstance.py:2306} INFO - Starting attempt 1 of 2
[2024-07-25T00:30:05.307+0000] {taskinstance.py:2330} INFO - Executing <Task(PythonOperator): process_btcusdt_data> on 2024-07-25 00:20:00+00:00
[2024-07-25T00:30:05.314+0000] {warnings.py:112} WARNING - /home/***/.local/lib/python3.12/site-packages/***/task/task_runner/standard_task_runner.py:62: DeprecationWarning: This process (pid=1508) is multi-threaded, use of fork() may lead to deadlocks in the child.
  pid = os.fork()

[2024-07-25T00:30:05.315+0000] {standard_task_runner.py:64} INFO - Started process 1510 to run task
[2024-07-25T00:30:05.316+0000] {standard_task_runner.py:90} INFO - Running: ['***', 'tasks', 'run', 'binance_btcusdt_dag', 'process_btcusdt_data', 'scheduled__2024-07-25T00:20:00+00:00', '--job-id', '58', '--raw', '--subdir', 'DAGS_FOLDER/dags/binance_btcusdt_dag.py', '--cfg-path', '/tmp/tmpn1gvsfns']
[2024-07-25T00:30:05.318+0000] {standard_task_runner.py:91} INFO - Job 58: Subtask process_btcusdt_data
[2024-07-25T00:30:05.363+0000] {task_command.py:426} INFO - Running <TaskInstance: binance_btcusdt_dag.process_btcusdt_data scheduled__2024-07-25T00:20:00+00:00 [running]> on host 258357fb674a
[2024-07-25T00:30:05.486+0000] {taskinstance.py:2648} INFO - Exporting env vars: AIRFLOW_CTX_DAG_OWNER='***' AIRFLOW_CTX_DAG_ID='binance_btcusdt_dag' AIRFLOW_CTX_TASK_ID='process_btcusdt_data' AIRFLOW_CTX_EXECUTION_DATE='2024-07-25T00:20:00+00:00' AIRFLOW_CTX_TRY_NUMBER='1' AIRFLOW_CTX_DAG_RUN_ID='scheduled__2024-07-25T00:20:00+00:00'
[2024-07-25T00:30:05.489+0000] {taskinstance.py:430} INFO - ::endgroup::
[2024-07-25T00:30:05.491+0000] {logging_mixin.py:188} INFO - BTCUSDT Price: 65539.25000000
[2024-07-25T00:30:06.074+0000] {python.py:237} INFO - Done. Returned value was: None
[2024-07-25T00:30:06.075+0000] {taskinstance.py:441} INFO - ::group::Post task execution logs
[2024-07-25T00:30:06.084+0000] {taskinstance.py:1206} INFO - Marking task as SUCCESS. dag_id=binance_btcusdt_dag, task_id=process_btcusdt_data, run_id=scheduled__2024-07-25T00:20:00+00:00, execution_date=20240725T002000, start_date=20240725T003005, end_date=20240725T003006
[2024-07-25T00:30:06.131+0000] {local_task_job_runner.py:243} INFO - Task exited with return code 0
[2024-07-25T00:30:06.149+0000] {taskinstance.py:3503} INFO - 0 downstream tasks scheduled from follow-on schedule check
[2024-07-25T00:30:06.153+0000] {local_task_job_runner.py:222} INFO - ::endgroup::
