[2024-07-23T02:17:09.553+0000] {local_task_job_runner.py:120} INFO - ::group::Pre task execution logs
[2024-07-23T02:17:09.962+0000] {taskinstance.py:2076} INFO - Dependencies all met for dep_context=non-requeueable deps ti=<TaskInstance: example_bash_decorator.also_run_this manual__2024-07-23T02:16:43.466867+00:00 [queued]>
[2024-07-23T02:17:10.182+0000] {taskinstance.py:2076} INFO - Dependencies all met for dep_context=requeueable deps ti=<TaskInstance: example_bash_decorator.also_run_this manual__2024-07-23T02:16:43.466867+00:00 [queued]>
[2024-07-23T02:17:10.184+0000] {taskinstance.py:2306} INFO - Starting attempt 1 of 1
[2024-07-23T02:17:10.424+0000] {taskinstance.py:2330} INFO - Executing <Task(_BashDecoratedOperator): also_run_this> on 2024-07-23 02:16:43.466867+00:00
[2024-07-23T02:17:10.492+0000] {warnings.py:112} WARNING - /home/***/.local/lib/python3.12/site-packages/***/task/task_runner/standard_task_runner.py:62: DeprecationWarning: This process (pid=326) is multi-threaded, use of fork() may lead to deadlocks in the child.
  pid = os.fork()

[2024-07-23T02:17:10.515+0000] {standard_task_runner.py:64} INFO - Started process 351 to run task
[2024-07-23T02:17:10.552+0000] {standard_task_runner.py:90} INFO - Running: ['***', 'tasks', 'run', 'example_bash_decorator', 'also_run_this', 'manual__2024-07-23T02:16:43.466867+00:00', '--job-id', '17', '--raw', '--subdir', '/home/***/.local/lib/python3.12/site-packages/***/example_dags/example_bash_decorator.py', '--cfg-path', '/tmp/tmpam8tjxrt']
[2024-07-23T02:17:10.582+0000] {standard_task_runner.py:91} INFO - Job 17: Subtask also_run_this
[2024-07-23T02:17:11.425+0000] {task_command.py:426} INFO - Running <TaskInstance: example_bash_decorator.also_run_this manual__2024-07-23T02:16:43.466867+00:00 [running]> on host 1ae2aa42f523
[2024-07-23T02:17:12.148+0000] {taskinstance.py:2648} INFO - Exporting env vars: AIRFLOW_CTX_DAG_OWNER='***' AIRFLOW_CTX_DAG_ID='example_bash_decorator' AIRFLOW_CTX_TASK_ID='also_run_this' AIRFLOW_CTX_EXECUTION_DATE='2024-07-23T02:16:43.466867+00:00' AIRFLOW_CTX_TRY_NUMBER='1' AIRFLOW_CTX_DAG_RUN_ID='manual__2024-07-23T02:16:43.466867+00:00'
[2024-07-23T02:17:12.164+0000] {taskinstance.py:430} INFO - ::endgroup::
[2024-07-23T02:17:12.416+0000] {subprocess.py:63} INFO - Tmp dir root location: /tmp
[2024-07-23T02:17:12.424+0000] {subprocess.py:75} INFO - Running command: ['/usr/bin/bash', '-c', 'echo "ti_key=example_bash_decorator__also_run_this__20240723"']
[2024-07-23T02:17:12.500+0000] {subprocess.py:86} INFO - Output:
[2024-07-23T02:17:12.516+0000] {subprocess.py:93} INFO - ti_key=example_bash_decorator__also_run_this__20240723
[2024-07-23T02:17:12.519+0000] {subprocess.py:97} INFO - Command exited with return code 0
[2024-07-23T02:17:12.523+0000] {taskinstance.py:441} INFO - ::group::Post task execution logs
[2024-07-23T02:17:12.688+0000] {taskinstance.py:1206} INFO - Marking task as SUCCESS. dag_id=example_bash_decorator, task_id=also_run_this, run_id=manual__2024-07-23T02:16:43.466867+00:00, execution_date=20240723T021643, start_date=20240723T021709, end_date=20240723T021712
[2024-07-23T02:17:12.857+0000] {local_task_job_runner.py:243} INFO - Task exited with return code 0
[2024-07-23T02:17:13.029+0000] {taskinstance.py:3503} INFO - 0 downstream tasks scheduled from follow-on schedule check
[2024-07-23T02:17:13.037+0000] {local_task_job_runner.py:222} INFO - ::endgroup::
