[2024-07-23T02:16:58.739+0000] {local_task_job_runner.py:120} INFO - ::group::Pre task execution logs
[2024-07-23T02:16:59.282+0000] {taskinstance.py:2076} INFO - Dependencies all met for dep_context=non-requeueable deps ti=<TaskInstance: example_bash_decorator.also_run_this_again manual__2024-07-23T02:16:43.466867+00:00 [queued]>
[2024-07-23T02:16:59.380+0000] {taskinstance.py:2076} INFO - Dependencies all met for dep_context=requeueable deps ti=<TaskInstance: example_bash_decorator.also_run_this_again manual__2024-07-23T02:16:43.466867+00:00 [queued]>
[2024-07-23T02:16:59.381+0000] {taskinstance.py:2306} INFO - Starting attempt 1 of 1
[2024-07-23T02:16:59.566+0000] {taskinstance.py:2330} INFO - Executing <Task(_BashDecoratedOperator): also_run_this_again> on 2024-07-23 02:16:43.466867+00:00
[2024-07-23T02:16:59.711+0000] {warnings.py:112} WARNING - /home/***/.local/lib/python3.12/site-packages/***/task/task_runner/standard_task_runner.py:62: DeprecationWarning: This process (pid=319) is multi-threaded, use of fork() may lead to deadlocks in the child.
  pid = os.fork()

[2024-07-23T02:16:59.808+0000] {standard_task_runner.py:64} INFO - Started process 339 to run task
[2024-07-23T02:16:59.766+0000] {standard_task_runner.py:90} INFO - Running: ['***', 'tasks', 'run', 'example_bash_decorator', 'also_run_this_again', 'manual__2024-07-23T02:16:43.466867+00:00', '--job-id', '13', '--raw', '--subdir', '/home/***/.local/lib/python3.12/site-packages/***/example_dags/example_bash_decorator.py', '--cfg-path', '/tmp/tmpu0f06bj3']
[2024-07-23T02:16:59.858+0000] {standard_task_runner.py:91} INFO - Job 13: Subtask also_run_this_again
[2024-07-23T02:17:00.678+0000] {task_command.py:426} INFO - Running <TaskInstance: example_bash_decorator.also_run_this_again manual__2024-07-23T02:16:43.466867+00:00 [running]> on host 1ae2aa42f523
[2024-07-23T02:17:02.448+0000] {taskinstance.py:2648} INFO - Exporting env vars: AIRFLOW_CTX_DAG_OWNER='***' AIRFLOW_CTX_DAG_ID='example_bash_decorator' AIRFLOW_CTX_TASK_ID='also_run_this_again' AIRFLOW_CTX_EXECUTION_DATE='2024-07-23T02:16:43.466867+00:00' AIRFLOW_CTX_TRY_NUMBER='1' AIRFLOW_CTX_DAG_RUN_ID='manual__2024-07-23T02:16:43.466867+00:00'
[2024-07-23T02:17:02.462+0000] {taskinstance.py:430} INFO - ::endgroup::
[2024-07-23T02:17:02.700+0000] {subprocess.py:63} INFO - Tmp dir root location: /tmp
[2024-07-23T02:17:02.704+0000] {subprocess.py:75} INFO - Running command: ['/usr/bin/bash', '-c', 'echo "ti_key=example_bash_decorator__also_run_this_again__20240723"']
[2024-07-23T02:17:03.083+0000] {subprocess.py:86} INFO - Output:
[2024-07-23T02:17:03.109+0000] {subprocess.py:93} INFO - ti_key=example_bash_decorator__also_run_this_again__20240723
[2024-07-23T02:17:03.112+0000] {subprocess.py:97} INFO - Command exited with return code 0
[2024-07-23T02:17:03.117+0000] {taskinstance.py:441} INFO - ::group::Post task execution logs
[2024-07-23T02:17:03.546+0000] {taskinstance.py:1206} INFO - Marking task as SUCCESS. dag_id=example_bash_decorator, task_id=also_run_this_again, run_id=manual__2024-07-23T02:16:43.466867+00:00, execution_date=20240723T021643, start_date=20240723T021659, end_date=20240723T021703
[2024-07-23T02:17:04.039+0000] {local_task_job_runner.py:243} INFO - Task exited with return code 0
[2024-07-23T02:17:04.615+0000] {taskinstance.py:3503} INFO - 0 downstream tasks scheduled from follow-on schedule check
[2024-07-23T02:17:04.654+0000] {local_task_job_runner.py:222} INFO - ::endgroup::
