[2024-07-23T02:22:59.951+0000] {local_task_job_runner.py:120} INFO - ::group::Pre task execution logs
[2024-07-23T02:22:59.983+0000] {taskinstance.py:2076} INFO - Dependencies all met for dep_context=non-requeueable deps ti=<TaskInstance: binance_btcusdt_dag.process_btcusdt_data manual__2024-07-23T02:22:54.784584+00:00 [queued]>
[2024-07-23T02:22:59.993+0000] {taskinstance.py:2076} INFO - Dependencies all met for dep_context=requeueable deps ti=<TaskInstance: binance_btcusdt_dag.process_btcusdt_data manual__2024-07-23T02:22:54.784584+00:00 [queued]>
[2024-07-23T02:22:59.993+0000] {taskinstance.py:2306} INFO - Starting attempt 1 of 2
[2024-07-23T02:23:00.013+0000] {taskinstance.py:2330} INFO - Executing <Task(PythonOperator): process_btcusdt_data> on 2024-07-23 02:22:54.784584+00:00
[2024-07-23T02:23:00.023+0000] {warnings.py:112} WARNING - /home/***/.local/lib/python3.12/site-packages/***/task/task_runner/standard_task_runner.py:62: DeprecationWarning: This process (pid=435) is multi-threaded, use of fork() may lead to deadlocks in the child.
  pid = os.fork()

[2024-07-23T02:23:00.025+0000] {standard_task_runner.py:64} INFO - Started process 440 to run task
[2024-07-23T02:23:00.025+0000] {standard_task_runner.py:90} INFO - Running: ['***', 'tasks', 'run', 'binance_btcusdt_dag', 'process_btcusdt_data', 'manual__2024-07-23T02:22:54.784584+00:00', '--job-id', '26', '--raw', '--subdir', 'DAGS_FOLDER/dags/binance_btcusdt_dag.py', '--cfg-path', '/tmp/tmpo4kdq58w']
[2024-07-23T02:23:00.028+0000] {standard_task_runner.py:91} INFO - Job 26: Subtask process_btcusdt_data
[2024-07-23T02:23:00.085+0000] {task_command.py:426} INFO - Running <TaskInstance: binance_btcusdt_dag.process_btcusdt_data manual__2024-07-23T02:22:54.784584+00:00 [running]> on host 1ae2aa42f523
[2024-07-23T02:23:00.222+0000] {taskinstance.py:2648} INFO - Exporting env vars: AIRFLOW_CTX_DAG_OWNER='***' AIRFLOW_CTX_DAG_ID='binance_btcusdt_dag' AIRFLOW_CTX_TASK_ID='process_btcusdt_data' AIRFLOW_CTX_EXECUTION_DATE='2024-07-23T02:22:54.784584+00:00' AIRFLOW_CTX_TRY_NUMBER='1' AIRFLOW_CTX_DAG_RUN_ID='manual__2024-07-23T02:22:54.784584+00:00'
[2024-07-23T02:23:00.226+0000] {taskinstance.py:430} INFO - ::endgroup::
[2024-07-23T02:23:00.227+0000] {logging_mixin.py:188} INFO - BTCUSDT Price: 67360.00000000
[2024-07-23T02:23:00.884+0000] {python.py:237} INFO - Done. Returned value was: None
[2024-07-23T02:23:00.884+0000] {taskinstance.py:441} INFO - ::group::Post task execution logs
[2024-07-23T02:23:00.895+0000] {taskinstance.py:1206} INFO - Marking task as SUCCESS. dag_id=binance_btcusdt_dag, task_id=process_btcusdt_data, run_id=manual__2024-07-23T02:22:54.784584+00:00, execution_date=20240723T022254, start_date=20240723T022259, end_date=20240723T022300
[2024-07-23T02:23:00.921+0000] {local_task_job_runner.py:243} INFO - Task exited with return code 0
[2024-07-23T02:23:00.944+0000] {taskinstance.py:3503} INFO - 0 downstream tasks scheduled from follow-on schedule check
[2024-07-23T02:23:00.948+0000] {local_task_job_runner.py:222} INFO - ::endgroup::
