[2024-07-24T23:00:13.393+0000] {local_task_job_runner.py:120} INFO - ::group::Pre task execution logs
[2024-07-24T23:00:13.488+0000] {taskinstance.py:2076} INFO - Dependencies all met for dep_context=non-requeueable deps ti=<TaskInstance: binance_btcusdt_dag.process_btcusdt_data scheduled__2024-07-24T22:50:00+00:00 [queued]>
[2024-07-24T23:00:13.519+0000] {taskinstance.py:2076} INFO - Dependencies all met for dep_context=requeueable deps ti=<TaskInstance: binance_btcusdt_dag.process_btcusdt_data scheduled__2024-07-24T22:50:00+00:00 [queued]>
[2024-07-24T23:00:13.520+0000] {taskinstance.py:2306} INFO - Starting attempt 1 of 2
[2024-07-24T23:00:13.570+0000] {taskinstance.py:2330} INFO - Executing <Task(PythonOperator): process_btcusdt_data> on 2024-07-24 22:50:00+00:00
[2024-07-24T23:00:13.595+0000] {warnings.py:112} WARNING - /home/***/.local/lib/python3.12/site-packages/***/task/task_runner/standard_task_runner.py:62: DeprecationWarning: This process (pid=509) is multi-threaded, use of fork() may lead to deadlocks in the child.
  pid = os.fork()

[2024-07-24T23:00:13.601+0000] {standard_task_runner.py:64} INFO - Started process 511 to run task
[2024-07-24T23:00:13.602+0000] {standard_task_runner.py:90} INFO - Running: ['***', 'tasks', 'run', 'binance_btcusdt_dag', 'process_btcusdt_data', 'scheduled__2024-07-24T22:50:00+00:00', '--job-id', '40', '--raw', '--subdir', 'DAGS_FOLDER/dags/binance_btcusdt_dag.py', '--cfg-path', '/tmp/tmpayk5d98_']
[2024-07-24T23:00:13.611+0000] {standard_task_runner.py:91} INFO - Job 40: Subtask process_btcusdt_data
[2024-07-24T23:00:13.765+0000] {task_command.py:426} INFO - Running <TaskInstance: binance_btcusdt_dag.process_btcusdt_data scheduled__2024-07-24T22:50:00+00:00 [running]> on host 258357fb674a
[2024-07-24T23:00:14.101+0000] {taskinstance.py:2648} INFO - Exporting env vars: AIRFLOW_CTX_DAG_OWNER='***' AIRFLOW_CTX_DAG_ID='binance_btcusdt_dag' AIRFLOW_CTX_TASK_ID='process_btcusdt_data' AIRFLOW_CTX_EXECUTION_DATE='2024-07-24T22:50:00+00:00' AIRFLOW_CTX_TRY_NUMBER='1' AIRFLOW_CTX_DAG_RUN_ID='scheduled__2024-07-24T22:50:00+00:00'
[2024-07-24T23:00:14.106+0000] {taskinstance.py:430} INFO - ::endgroup::
[2024-07-24T23:00:14.109+0000] {logging_mixin.py:188} INFO - BTCUSDT Price: 65305.99000000
[2024-07-24T23:00:14.951+0000] {python.py:237} INFO - Done. Returned value was: None
[2024-07-24T23:00:14.953+0000] {taskinstance.py:441} INFO - ::group::Post task execution logs
[2024-07-24T23:00:14.988+0000] {taskinstance.py:1206} INFO - Marking task as SUCCESS. dag_id=binance_btcusdt_dag, task_id=process_btcusdt_data, run_id=scheduled__2024-07-24T22:50:00+00:00, execution_date=20240724T225000, start_date=20240724T230013, end_date=20240724T230014
[2024-07-24T23:00:15.108+0000] {local_task_job_runner.py:243} INFO - Task exited with return code 0
[2024-07-24T23:00:15.190+0000] {taskinstance.py:3503} INFO - 0 downstream tasks scheduled from follow-on schedule check
[2024-07-24T23:00:15.197+0000] {local_task_job_runner.py:222} INFO - ::endgroup::
