[2024-07-23T02:25:39.794+0000] {local_task_job_runner.py:120} INFO - ::group::Pre task execution logs
[2024-07-23T02:25:39.826+0000] {taskinstance.py:2076} INFO - Dependencies all met for dep_context=non-requeueable deps ti=<TaskInstance: binance_btcusdt_dag.process_btcusdt_data manual__2024-07-23T02:25:34.867253+00:00 [queued]>
[2024-07-23T02:25:39.836+0000] {taskinstance.py:2076} INFO - Dependencies all met for dep_context=requeueable deps ti=<TaskInstance: binance_btcusdt_dag.process_btcusdt_data manual__2024-07-23T02:25:34.867253+00:00 [queued]>
[2024-07-23T02:25:39.837+0000] {taskinstance.py:2306} INFO - Starting attempt 1 of 2
[2024-07-23T02:25:39.858+0000] {taskinstance.py:2330} INFO - Executing <Task(PythonOperator): process_btcusdt_data> on 2024-07-23 02:25:34.867253+00:00
[2024-07-23T02:25:39.867+0000] {warnings.py:112} WARNING - /home/***/.local/lib/python3.12/site-packages/***/task/task_runner/standard_task_runner.py:62: DeprecationWarning: This process (pid=473) is multi-threaded, use of fork() may lead to deadlocks in the child.
  pid = os.fork()

[2024-07-23T02:25:39.869+0000] {standard_task_runner.py:64} INFO - Started process 481 to run task
[2024-07-23T02:25:39.870+0000] {standard_task_runner.py:90} INFO - Running: ['***', 'tasks', 'run', 'binance_btcusdt_dag', 'process_btcusdt_data', 'manual__2024-07-23T02:25:34.867253+00:00', '--job-id', '28', '--raw', '--subdir', 'DAGS_FOLDER/dags/binance_btcusdt_dag.py', '--cfg-path', '/tmp/tmpic4crhlm']
[2024-07-23T02:25:39.873+0000] {standard_task_runner.py:91} INFO - Job 28: Subtask process_btcusdt_data
[2024-07-23T02:25:39.925+0000] {task_command.py:426} INFO - Running <TaskInstance: binance_btcusdt_dag.process_btcusdt_data manual__2024-07-23T02:25:34.867253+00:00 [running]> on host 1ae2aa42f523
[2024-07-23T02:25:40.053+0000] {taskinstance.py:2648} INFO - Exporting env vars: AIRFLOW_CTX_DAG_OWNER='***' AIRFLOW_CTX_DAG_ID='binance_btcusdt_dag' AIRFLOW_CTX_TASK_ID='process_btcusdt_data' AIRFLOW_CTX_EXECUTION_DATE='2024-07-23T02:25:34.867253+00:00' AIRFLOW_CTX_TRY_NUMBER='1' AIRFLOW_CTX_DAG_RUN_ID='manual__2024-07-23T02:25:34.867253+00:00'
[2024-07-23T02:25:40.056+0000] {taskinstance.py:430} INFO - ::endgroup::
[2024-07-23T02:25:40.057+0000] {logging_mixin.py:188} INFO - BTCUSDT Price: 67392.25000000
[2024-07-23T02:25:40.753+0000] {python.py:237} INFO - Done. Returned value was: None
[2024-07-23T02:25:40.754+0000] {taskinstance.py:441} INFO - ::group::Post task execution logs
[2024-07-23T02:25:40.769+0000] {taskinstance.py:1206} INFO - Marking task as SUCCESS. dag_id=binance_btcusdt_dag, task_id=process_btcusdt_data, run_id=manual__2024-07-23T02:25:34.867253+00:00, execution_date=20240723T022534, start_date=20240723T022539, end_date=20240723T022540
[2024-07-23T02:25:40.845+0000] {local_task_job_runner.py:243} INFO - Task exited with return code 0
[2024-07-23T02:25:40.880+0000] {taskinstance.py:3503} INFO - 0 downstream tasks scheduled from follow-on schedule check
[2024-07-23T02:25:40.883+0000] {local_task_job_runner.py:222} INFO - ::endgroup::
