[2024-07-23T02:13:50.441+0000] {local_task_job_runner.py:120} INFO - ::group::Pre task execution logs
[2024-07-23T02:13:50.473+0000] {taskinstance.py:2076} INFO - Dependencies all met for dep_context=non-requeueable deps ti=<TaskInstance: example_bash_decorator.run_after_loop manual__2024-07-23T02:13:36.476794+00:00 [queued]>
[2024-07-23T02:13:50.485+0000] {taskinstance.py:2076} INFO - Dependencies all met for dep_context=requeueable deps ti=<TaskInstance: example_bash_decorator.run_after_loop manual__2024-07-23T02:13:36.476794+00:00 [queued]>
[2024-07-23T02:13:50.485+0000] {taskinstance.py:2306} INFO - Starting attempt 1 of 1
[2024-07-23T02:13:50.503+0000] {taskinstance.py:2330} INFO - Executing <Task(_BashDecoratedOperator): run_after_loop> on 2024-07-23 02:13:36.476794+00:00
[2024-07-23T02:13:50.513+0000] {warnings.py:112} WARNING - /home/***/.local/lib/python3.12/site-packages/***/task/task_runner/standard_task_runner.py:62: DeprecationWarning: This process (pid=282) is multi-threaded, use of fork() may lead to deadlocks in the child.
  pid = os.fork()

[2024-07-23T02:13:50.514+0000] {standard_task_runner.py:64} INFO - Started process 291 to run task
[2024-07-23T02:13:50.515+0000] {standard_task_runner.py:90} INFO - Running: ['***', 'tasks', 'run', 'example_bash_decorator', 'run_after_loop', 'manual__2024-07-23T02:13:36.476794+00:00', '--job-id', '12', '--raw', '--subdir', '/home/***/.local/lib/python3.12/site-packages/***/example_dags/example_bash_decorator.py', '--cfg-path', '/tmp/tmp2gdi7xa5']
[2024-07-23T02:13:50.519+0000] {standard_task_runner.py:91} INFO - Job 12: Subtask run_after_loop
[2024-07-23T02:13:50.596+0000] {task_command.py:426} INFO - Running <TaskInstance: example_bash_decorator.run_after_loop manual__2024-07-23T02:13:36.476794+00:00 [running]> on host 1ae2aa42f523
[2024-07-23T02:13:50.746+0000] {taskinstance.py:2648} INFO - Exporting env vars: AIRFLOW_CTX_DAG_OWNER='***' AIRFLOW_CTX_DAG_ID='example_bash_decorator' AIRFLOW_CTX_TASK_ID='run_after_loop' AIRFLOW_CTX_EXECUTION_DATE='2024-07-23T02:13:36.476794+00:00' AIRFLOW_CTX_TRY_NUMBER='1' AIRFLOW_CTX_DAG_RUN_ID='manual__2024-07-23T02:13:36.476794+00:00'
[2024-07-23T02:13:50.749+0000] {taskinstance.py:430} INFO - ::endgroup::
[2024-07-23T02:13:50.795+0000] {subprocess.py:63} INFO - Tmp dir root location: /tmp
[2024-07-23T02:13:50.797+0000] {subprocess.py:75} INFO - Running command: ['/usr/bin/bash', '-c', 'echo 1']
[2024-07-23T02:13:50.821+0000] {subprocess.py:86} INFO - Output:
[2024-07-23T02:13:50.824+0000] {subprocess.py:93} INFO - 1
[2024-07-23T02:13:50.825+0000] {subprocess.py:97} INFO - Command exited with return code 0
[2024-07-23T02:13:50.826+0000] {taskinstance.py:441} INFO - ::group::Post task execution logs
[2024-07-23T02:13:50.870+0000] {taskinstance.py:1206} INFO - Marking task as SUCCESS. dag_id=example_bash_decorator, task_id=run_after_loop, run_id=manual__2024-07-23T02:13:36.476794+00:00, execution_date=20240723T021336, start_date=20240723T021350, end_date=20240723T021350
[2024-07-23T02:13:50.929+0000] {local_task_job_runner.py:243} INFO - Task exited with return code 0
[2024-07-23T02:13:50.959+0000] {taskinstance.py:3503} INFO - 0 downstream tasks scheduled from follow-on schedule check
[2024-07-23T02:13:50.962+0000] {local_task_job_runner.py:222} INFO - ::endgroup::
