[2024-07-23T02:17:21.169+0000] {local_task_job_runner.py:120} INFO - ::group::Pre task execution logs
[2024-07-23T02:17:21.292+0000] {taskinstance.py:2076} INFO - Dependencies all met for dep_context=non-requeueable deps ti=<TaskInstance: example_bash_decorator.run_after_loop manual__2024-07-23T02:16:43.466867+00:00 [queued]>
[2024-07-23T02:17:21.325+0000] {taskinstance.py:2076} INFO - Dependencies all met for dep_context=requeueable deps ti=<TaskInstance: example_bash_decorator.run_after_loop manual__2024-07-23T02:16:43.466867+00:00 [queued]>
[2024-07-23T02:17:21.326+0000] {taskinstance.py:2306} INFO - Starting attempt 1 of 1
[2024-07-23T02:17:21.380+0000] {taskinstance.py:2330} INFO - Executing <Task(_BashDecoratedOperator): run_after_loop> on 2024-07-23 02:16:43.466867+00:00
[2024-07-23T02:17:21.407+0000] {warnings.py:112} WARNING - /home/***/.local/lib/python3.12/site-packages/***/task/task_runner/standard_task_runner.py:62: DeprecationWarning: This process (pid=361) is multi-threaded, use of fork() may lead to deadlocks in the child.
  pid = os.fork()

[2024-07-23T02:17:21.412+0000] {standard_task_runner.py:64} INFO - Started process 363 to run task
[2024-07-23T02:17:21.415+0000] {standard_task_runner.py:90} INFO - Running: ['***', 'tasks', 'run', 'example_bash_decorator', 'run_after_loop', 'manual__2024-07-23T02:16:43.466867+00:00', '--job-id', '22', '--raw', '--subdir', '/home/***/.local/lib/python3.12/site-packages/***/example_dags/example_bash_decorator.py', '--cfg-path', '/tmp/tmp3dxlt4pu']
[2024-07-23T02:17:21.426+0000] {standard_task_runner.py:91} INFO - Job 22: Subtask run_after_loop
[2024-07-23T02:17:21.592+0000] {task_command.py:426} INFO - Running <TaskInstance: example_bash_decorator.run_after_loop manual__2024-07-23T02:16:43.466867+00:00 [running]> on host 1ae2aa42f523
[2024-07-23T02:17:21.945+0000] {taskinstance.py:2648} INFO - Exporting env vars: AIRFLOW_CTX_DAG_OWNER='***' AIRFLOW_CTX_DAG_ID='example_bash_decorator' AIRFLOW_CTX_TASK_ID='run_after_loop' AIRFLOW_CTX_EXECUTION_DATE='2024-07-23T02:16:43.466867+00:00' AIRFLOW_CTX_TRY_NUMBER='1' AIRFLOW_CTX_DAG_RUN_ID='manual__2024-07-23T02:16:43.466867+00:00'
[2024-07-23T02:17:21.951+0000] {taskinstance.py:430} INFO - ::endgroup::
[2024-07-23T02:17:22.046+0000] {subprocess.py:63} INFO - Tmp dir root location: /tmp
[2024-07-23T02:17:22.049+0000] {subprocess.py:75} INFO - Running command: ['/usr/bin/bash', '-c', 'echo 1']
[2024-07-23T02:17:22.095+0000] {subprocess.py:86} INFO - Output:
[2024-07-23T02:17:22.103+0000] {subprocess.py:93} INFO - 1
[2024-07-23T02:17:22.105+0000] {subprocess.py:97} INFO - Command exited with return code 0
[2024-07-23T02:17:22.108+0000] {taskinstance.py:441} INFO - ::group::Post task execution logs
[2024-07-23T02:17:22.215+0000] {taskinstance.py:1206} INFO - Marking task as SUCCESS. dag_id=example_bash_decorator, task_id=run_after_loop, run_id=manual__2024-07-23T02:16:43.466867+00:00, execution_date=20240723T021643, start_date=20240723T021721, end_date=20240723T021722
[2024-07-23T02:17:22.314+0000] {local_task_job_runner.py:243} INFO - Task exited with return code 0
[2024-07-23T02:17:22.357+0000] {local_task_job_runner.py:222} INFO - ::endgroup::
