[2024-07-23T02:17:10.388+0000] {local_task_job_runner.py:120} INFO - ::group::Pre task execution logs
[2024-07-23T02:17:11.101+0000] {taskinstance.py:2076} INFO - Dependencies all met for dep_context=non-requeueable deps ti=<TaskInstance: example_bash_decorator.make_dynamic_dirs manual__2024-07-23T02:16:43.466867+00:00 [queued]>
[2024-07-23T02:17:11.233+0000] {taskinstance.py:2076} INFO - Dependencies all met for dep_context=requeueable deps ti=<TaskInstance: example_bash_decorator.make_dynamic_dirs manual__2024-07-23T02:16:43.466867+00:00 [queued]>
[2024-07-23T02:17:11.238+0000] {taskinstance.py:2306} INFO - Starting attempt 1 of 1
[2024-07-23T02:17:11.384+0000] {taskinstance.py:2330} INFO - Executing <Task(_BashDecoratedOperator): make_dynamic_dirs> on 2024-07-23 02:16:43.466867+00:00
[2024-07-23T02:17:11.452+0000] {warnings.py:112} WARNING - /home/***/.local/lib/python3.12/site-packages/***/task/task_runner/standard_task_runner.py:62: DeprecationWarning: This process (pid=327) is multi-threaded, use of fork() may lead to deadlocks in the child.
  pid = os.fork()

[2024-07-23T02:17:11.460+0000] {standard_task_runner.py:64} INFO - Started process 354 to run task
[2024-07-23T02:17:11.477+0000] {standard_task_runner.py:90} INFO - Running: ['***', 'tasks', 'run', 'example_bash_decorator', 'make_dynamic_dirs', 'manual__2024-07-23T02:16:43.466867+00:00', '--job-id', '20', '--raw', '--subdir', '/home/***/.local/lib/python3.12/site-packages/***/example_dags/example_bash_decorator.py', '--cfg-path', '/tmp/tmphblx8lk9']
[2024-07-23T02:17:11.488+0000] {standard_task_runner.py:91} INFO - Job 20: Subtask make_dynamic_dirs
[2024-07-23T02:17:11.901+0000] {task_command.py:426} INFO - Running <TaskInstance: example_bash_decorator.make_dynamic_dirs manual__2024-07-23T02:16:43.466867+00:00 [running]> on host 1ae2aa42f523
[2024-07-23T02:17:12.793+0000] {taskinstance.py:2648} INFO - Exporting env vars: AIRFLOW_CTX_DAG_OWNER='***' AIRFLOW_CTX_DAG_ID='example_bash_decorator' AIRFLOW_CTX_TASK_ID='make_dynamic_dirs' AIRFLOW_CTX_EXECUTION_DATE='2024-07-23T02:16:43.466867+00:00' AIRFLOW_CTX_TRY_NUMBER='1' AIRFLOW_CTX_DAG_RUN_ID='manual__2024-07-23T02:16:43.466867+00:00'
[2024-07-23T02:17:12.801+0000] {taskinstance.py:430} INFO - ::endgroup::
[2024-07-23T02:17:12.963+0000] {subprocess.py:63} INFO - Tmp dir root location: /tmp
[2024-07-23T02:17:12.966+0000] {subprocess.py:75} INFO - Running command: ['/usr/bin/bash', '-c', 'mkdir -p $AIRFLOW_HOME/$BASE_DIR/foo/bar/baz']
[2024-07-23T02:17:13.041+0000] {subprocess.py:86} INFO - Output:
[2024-07-23T02:17:13.068+0000] {subprocess.py:97} INFO - Command exited with return code 0
[2024-07-23T02:17:13.072+0000] {taskinstance.py:441} INFO - ::group::Post task execution logs
[2024-07-23T02:17:13.248+0000] {taskinstance.py:1206} INFO - Marking task as SUCCESS. dag_id=example_bash_decorator, task_id=make_dynamic_dirs, run_id=manual__2024-07-23T02:16:43.466867+00:00, execution_date=20240723T021643, start_date=20240723T021711, end_date=20240723T021713
[2024-07-23T02:17:13.421+0000] {local_task_job_runner.py:243} INFO - Task exited with return code 0
[2024-07-23T02:17:13.525+0000] {taskinstance.py:3503} INFO - 0 downstream tasks scheduled from follow-on schedule check
[2024-07-23T02:17:13.533+0000] {local_task_job_runner.py:222} INFO - ::endgroup::
