[2024-07-23T02:13:45.010+0000] {local_task_job_runner.py:120} INFO - ::group::Pre task execution logs
[2024-07-23T02:13:45.148+0000] {taskinstance.py:2076} INFO - Dependencies all met for dep_context=non-requeueable deps ti=<TaskInstance: example_bash_decorator.this_will_skip manual__2024-07-23T02:13:36.476794+00:00 [queued]>
[2024-07-23T02:13:45.167+0000] {taskinstance.py:2076} INFO - Dependencies all met for dep_context=requeueable deps ti=<TaskInstance: example_bash_decorator.this_will_skip manual__2024-07-23T02:13:36.476794+00:00 [queued]>
[2024-07-23T02:13:45.168+0000] {taskinstance.py:2306} INFO - Starting attempt 1 of 1
[2024-07-23T02:13:45.210+0000] {taskinstance.py:2330} INFO - Executing <Task(_BashDecoratedOperator): this_will_skip> on 2024-07-23 02:13:36.476794+00:00
[2024-07-23T02:13:45.235+0000] {warnings.py:112} WARNING - /home/***/.local/lib/python3.12/site-packages/***/task/task_runner/standard_task_runner.py:62: DeprecationWarning: This process (pid=255) is multi-threaded, use of fork() may lead to deadlocks in the child.
  pid = os.fork()

[2024-07-23T02:13:45.238+0000] {standard_task_runner.py:64} INFO - Started process 273 to run task
[2024-07-23T02:13:45.247+0000] {standard_task_runner.py:90} INFO - Running: ['***', 'tasks', 'run', 'example_bash_decorator', 'this_will_skip', 'manual__2024-07-23T02:13:36.476794+00:00', '--job-id', '11', '--raw', '--subdir', '/home/***/.local/lib/python3.12/site-packages/***/example_dags/example_bash_decorator.py', '--cfg-path', '/tmp/tmp6g1rsy2a']
[2024-07-23T02:13:45.252+0000] {standard_task_runner.py:91} INFO - Job 11: Subtask this_will_skip
[2024-07-23T02:13:45.427+0000] {task_command.py:426} INFO - Running <TaskInstance: example_bash_decorator.this_will_skip manual__2024-07-23T02:13:36.476794+00:00 [running]> on host 1ae2aa42f523
[2024-07-23T02:13:45.824+0000] {taskinstance.py:2648} INFO - Exporting env vars: AIRFLOW_CTX_DAG_OWNER='***' AIRFLOW_CTX_DAG_ID='example_bash_decorator' AIRFLOW_CTX_TASK_ID='this_will_skip' AIRFLOW_CTX_EXECUTION_DATE='2024-07-23T02:13:36.476794+00:00' AIRFLOW_CTX_TRY_NUMBER='1' AIRFLOW_CTX_DAG_RUN_ID='manual__2024-07-23T02:13:36.476794+00:00'
[2024-07-23T02:13:45.835+0000] {taskinstance.py:430} INFO - ::endgroup::
[2024-07-23T02:13:45.972+0000] {subprocess.py:63} INFO - Tmp dir root location: /tmp
[2024-07-23T02:13:45.973+0000] {subprocess.py:75} INFO - Running command: ['/usr/bin/bash', '-c', 'echo "hello world"; exit 99;']
[2024-07-23T02:13:46.045+0000] {subprocess.py:86} INFO - Output:
[2024-07-23T02:13:46.060+0000] {subprocess.py:93} INFO - hello world
[2024-07-23T02:13:46.061+0000] {subprocess.py:97} INFO - Command exited with return code 99
[2024-07-23T02:13:46.062+0000] {taskinstance.py:441} INFO - ::group::Post task execution logs
[2024-07-23T02:13:46.065+0000] {taskinstance.py:2506} INFO - Bash command returned exit code 99. Skipping.
[2024-07-23T02:13:46.145+0000] {taskinstance.py:1206} INFO - Marking task as SKIPPED. dag_id=example_bash_decorator, task_id=this_will_skip, run_id=manual__2024-07-23T02:13:36.476794+00:00, execution_date=20240723T021336, start_date=20240723T021345, end_date=20240723T021346
[2024-07-23T02:13:46.254+0000] {local_task_job_runner.py:243} INFO - Task exited with return code 0
[2024-07-23T02:13:46.316+0000] {taskinstance.py:3503} INFO - 0 downstream tasks scheduled from follow-on schedule check
[2024-07-23T02:13:46.320+0000] {local_task_job_runner.py:222} INFO - ::endgroup::
