[2024-07-23T01:58:18.163+0000] {processor.py:161} INFO - Started process (PID=58) to work on /home/airflow/.local/lib/python3.12/site-packages/airflow/example_dags/example_task_group_decorator.py
[2024-07-23T01:58:18.164+0000] {processor.py:830} INFO - Processing file /home/airflow/.local/lib/python3.12/site-packages/airflow/example_dags/example_task_group_decorator.py for tasks to queue
[2024-07-23T01:58:18.166+0000] {logging_mixin.py:188} INFO - [2024-07-23T01:58:18.166+0000] {dagbag.py:545} INFO - Filling up the DagBag from /home/airflow/.local/lib/python3.12/site-packages/airflow/example_dags/example_task_group_decorator.py
[2024-07-23T01:58:18.199+0000] {processor.py:840} INFO - DAG(s) 'example_task_group_decorator' retrieved from /home/airflow/.local/lib/python3.12/site-packages/airflow/example_dags/example_task_group_decorator.py
[2024-07-23T01:58:18.411+0000] {logging_mixin.py:188} INFO - [2024-07-23T01:58:18.410+0000] {dag.py:3089} INFO - Sync 1 DAGs
[2024-07-23T01:58:18.445+0000] {logging_mixin.py:188} INFO - [2024-07-23T01:58:18.445+0000] {dag.py:3947} INFO - Setting next_dagrun for example_task_group_decorator to 2024-07-22 00:00:00+00:00, run_after=2024-07-23 00:00:00+00:00
[2024-07-23T01:58:18.476+0000] {processor.py:183} INFO - Processing /home/airflow/.local/lib/python3.12/site-packages/airflow/example_dags/example_task_group_decorator.py took 0.320 seconds
[2024-07-23T01:58:49.229+0000] {processor.py:161} INFO - Started process (PID=116) to work on /home/airflow/.local/lib/python3.12/site-packages/airflow/example_dags/example_task_group_decorator.py
[2024-07-23T01:58:49.230+0000] {processor.py:830} INFO - Processing file /home/airflow/.local/lib/python3.12/site-packages/airflow/example_dags/example_task_group_decorator.py for tasks to queue
[2024-07-23T01:58:49.232+0000] {logging_mixin.py:188} INFO - [2024-07-23T01:58:49.232+0000] {dagbag.py:545} INFO - Filling up the DagBag from /home/airflow/.local/lib/python3.12/site-packages/airflow/example_dags/example_task_group_decorator.py
[2024-07-23T01:58:49.251+0000] {processor.py:840} INFO - DAG(s) 'example_task_group_decorator' retrieved from /home/airflow/.local/lib/python3.12/site-packages/airflow/example_dags/example_task_group_decorator.py
[2024-07-23T01:58:49.289+0000] {logging_mixin.py:188} INFO - [2024-07-23T01:58:49.289+0000] {dag.py:3089} INFO - Sync 1 DAGs
[2024-07-23T01:58:49.324+0000] {logging_mixin.py:188} INFO - [2024-07-23T01:58:49.324+0000] {dag.py:3947} INFO - Setting next_dagrun for example_task_group_decorator to 2024-07-22 00:00:00+00:00, run_after=2024-07-23 00:00:00+00:00
[2024-07-23T01:58:49.351+0000] {processor.py:183} INFO - Processing /home/airflow/.local/lib/python3.12/site-packages/airflow/example_dags/example_task_group_decorator.py took 0.130 seconds
[2024-07-23T01:59:19.422+0000] {processor.py:161} INFO - Started process (PID=173) to work on /home/airflow/.local/lib/python3.12/site-packages/airflow/example_dags/example_task_group_decorator.py
[2024-07-23T01:59:19.424+0000] {processor.py:830} INFO - Processing file /home/airflow/.local/lib/python3.12/site-packages/airflow/example_dags/example_task_group_decorator.py for tasks to queue
[2024-07-23T01:59:19.426+0000] {logging_mixin.py:188} INFO - [2024-07-23T01:59:19.425+0000] {dagbag.py:545} INFO - Filling up the DagBag from /home/airflow/.local/lib/python3.12/site-packages/airflow/example_dags/example_task_group_decorator.py
[2024-07-23T01:59:19.447+0000] {processor.py:840} INFO - DAG(s) 'example_task_group_decorator' retrieved from /home/airflow/.local/lib/python3.12/site-packages/airflow/example_dags/example_task_group_decorator.py
[2024-07-23T01:59:19.483+0000] {logging_mixin.py:188} INFO - [2024-07-23T01:59:19.483+0000] {dag.py:3089} INFO - Sync 1 DAGs
[2024-07-23T01:59:19.515+0000] {logging_mixin.py:188} INFO - [2024-07-23T01:59:19.515+0000] {dag.py:3947} INFO - Setting next_dagrun for example_task_group_decorator to 2024-07-22 00:00:00+00:00, run_after=2024-07-23 00:00:00+00:00
[2024-07-23T01:59:19.542+0000] {processor.py:183} INFO - Processing /home/airflow/.local/lib/python3.12/site-packages/airflow/example_dags/example_task_group_decorator.py took 0.129 seconds
[2024-07-23T01:59:49.732+0000] {processor.py:161} INFO - Started process (PID=231) to work on /home/airflow/.local/lib/python3.12/site-packages/airflow/example_dags/example_task_group_decorator.py
[2024-07-23T01:59:49.733+0000] {processor.py:830} INFO - Processing file /home/airflow/.local/lib/python3.12/site-packages/airflow/example_dags/example_task_group_decorator.py for tasks to queue
[2024-07-23T01:59:49.735+0000] {logging_mixin.py:188} INFO - [2024-07-23T01:59:49.734+0000] {dagbag.py:545} INFO - Filling up the DagBag from /home/airflow/.local/lib/python3.12/site-packages/airflow/example_dags/example_task_group_decorator.py
[2024-07-23T01:59:49.753+0000] {processor.py:840} INFO - DAG(s) 'example_task_group_decorator' retrieved from /home/airflow/.local/lib/python3.12/site-packages/airflow/example_dags/example_task_group_decorator.py
[2024-07-23T01:59:49.789+0000] {logging_mixin.py:188} INFO - [2024-07-23T01:59:49.789+0000] {dag.py:3089} INFO - Sync 1 DAGs
[2024-07-23T01:59:49.817+0000] {logging_mixin.py:188} INFO - [2024-07-23T01:59:49.817+0000] {dag.py:3947} INFO - Setting next_dagrun for example_task_group_decorator to 2024-07-22 00:00:00+00:00, run_after=2024-07-23 00:00:00+00:00
[2024-07-23T01:59:49.849+0000] {processor.py:183} INFO - Processing /home/airflow/.local/lib/python3.12/site-packages/airflow/example_dags/example_task_group_decorator.py took 0.125 seconds
[2024-07-23T02:00:20.332+0000] {processor.py:161} INFO - Started process (PID=289) to work on /home/airflow/.local/lib/python3.12/site-packages/airflow/example_dags/example_task_group_decorator.py
[2024-07-23T02:00:20.333+0000] {processor.py:830} INFO - Processing file /home/airflow/.local/lib/python3.12/site-packages/airflow/example_dags/example_task_group_decorator.py for tasks to queue
[2024-07-23T02:00:20.335+0000] {logging_mixin.py:188} INFO - [2024-07-23T02:00:20.334+0000] {dagbag.py:545} INFO - Filling up the DagBag from /home/airflow/.local/lib/python3.12/site-packages/airflow/example_dags/example_task_group_decorator.py
[2024-07-23T02:00:20.361+0000] {processor.py:840} INFO - DAG(s) 'example_task_group_decorator' retrieved from /home/airflow/.local/lib/python3.12/site-packages/airflow/example_dags/example_task_group_decorator.py
[2024-07-23T02:00:20.403+0000] {logging_mixin.py:188} INFO - [2024-07-23T02:00:20.403+0000] {dag.py:3089} INFO - Sync 1 DAGs
[2024-07-23T02:00:20.438+0000] {logging_mixin.py:188} INFO - [2024-07-23T02:00:20.437+0000] {dag.py:3947} INFO - Setting next_dagrun for example_task_group_decorator to 2024-07-22 00:00:00+00:00, run_after=2024-07-23 00:00:00+00:00
[2024-07-23T02:00:20.463+0000] {processor.py:183} INFO - Processing /home/airflow/.local/lib/python3.12/site-packages/airflow/example_dags/example_task_group_decorator.py took 0.140 seconds
[2024-07-23T02:00:50.664+0000] {processor.py:161} INFO - Started process (PID=352) to work on /home/airflow/.local/lib/python3.12/site-packages/airflow/example_dags/example_task_group_decorator.py
[2024-07-23T02:00:50.665+0000] {processor.py:830} INFO - Processing file /home/airflow/.local/lib/python3.12/site-packages/airflow/example_dags/example_task_group_decorator.py for tasks to queue
[2024-07-23T02:00:50.667+0000] {logging_mixin.py:188} INFO - [2024-07-23T02:00:50.667+0000] {dagbag.py:545} INFO - Filling up the DagBag from /home/airflow/.local/lib/python3.12/site-packages/airflow/example_dags/example_task_group_decorator.py
[2024-07-23T02:00:50.685+0000] {processor.py:840} INFO - DAG(s) 'example_task_group_decorator' retrieved from /home/airflow/.local/lib/python3.12/site-packages/airflow/example_dags/example_task_group_decorator.py
[2024-07-23T02:00:50.716+0000] {logging_mixin.py:188} INFO - [2024-07-23T02:00:50.716+0000] {dag.py:3089} INFO - Sync 1 DAGs
[2024-07-23T02:00:50.742+0000] {logging_mixin.py:188} INFO - [2024-07-23T02:00:50.741+0000] {dag.py:3947} INFO - Setting next_dagrun for example_task_group_decorator to 2024-07-22 00:00:00+00:00, run_after=2024-07-23 00:00:00+00:00
[2024-07-23T02:00:50.767+0000] {processor.py:183} INFO - Processing /home/airflow/.local/lib/python3.12/site-packages/airflow/example_dags/example_task_group_decorator.py took 0.111 seconds
[2024-07-23T02:01:21.032+0000] {processor.py:161} INFO - Started process (PID=409) to work on /home/airflow/.local/lib/python3.12/site-packages/airflow/example_dags/example_task_group_decorator.py
[2024-07-23T02:01:21.032+0000] {processor.py:830} INFO - Processing file /home/airflow/.local/lib/python3.12/site-packages/airflow/example_dags/example_task_group_decorator.py for tasks to queue
[2024-07-23T02:01:21.034+0000] {logging_mixin.py:188} INFO - [2024-07-23T02:01:21.034+0000] {dagbag.py:545} INFO - Filling up the DagBag from /home/airflow/.local/lib/python3.12/site-packages/airflow/example_dags/example_task_group_decorator.py
[2024-07-23T02:01:21.048+0000] {processor.py:840} INFO - DAG(s) 'example_task_group_decorator' retrieved from /home/airflow/.local/lib/python3.12/site-packages/airflow/example_dags/example_task_group_decorator.py
[2024-07-23T02:01:21.076+0000] {logging_mixin.py:188} INFO - [2024-07-23T02:01:21.076+0000] {dag.py:3089} INFO - Sync 1 DAGs
[2024-07-23T02:01:21.098+0000] {logging_mixin.py:188} INFO - [2024-07-23T02:01:21.098+0000] {dag.py:3947} INFO - Setting next_dagrun for example_task_group_decorator to 2024-07-22 00:00:00+00:00, run_after=2024-07-23 00:00:00+00:00
[2024-07-23T02:01:21.121+0000] {processor.py:183} INFO - Processing /home/airflow/.local/lib/python3.12/site-packages/airflow/example_dags/example_task_group_decorator.py took 0.096 seconds
[2024-07-23T02:01:51.658+0000] {processor.py:161} INFO - Started process (PID=466) to work on /home/airflow/.local/lib/python3.12/site-packages/airflow/example_dags/example_task_group_decorator.py
[2024-07-23T02:01:51.659+0000] {processor.py:830} INFO - Processing file /home/airflow/.local/lib/python3.12/site-packages/airflow/example_dags/example_task_group_decorator.py for tasks to queue
[2024-07-23T02:01:51.660+0000] {logging_mixin.py:188} INFO - [2024-07-23T02:01:51.660+0000] {dagbag.py:545} INFO - Filling up the DagBag from /home/airflow/.local/lib/python3.12/site-packages/airflow/example_dags/example_task_group_decorator.py
[2024-07-23T02:01:51.676+0000] {processor.py:840} INFO - DAG(s) 'example_task_group_decorator' retrieved from /home/airflow/.local/lib/python3.12/site-packages/airflow/example_dags/example_task_group_decorator.py
[2024-07-23T02:01:51.706+0000] {logging_mixin.py:188} INFO - [2024-07-23T02:01:51.706+0000] {dag.py:3089} INFO - Sync 1 DAGs
[2024-07-23T02:01:51.729+0000] {logging_mixin.py:188} INFO - [2024-07-23T02:01:51.729+0000] {dag.py:3947} INFO - Setting next_dagrun for example_task_group_decorator to 2024-07-22 00:00:00+00:00, run_after=2024-07-23 00:00:00+00:00
[2024-07-23T02:01:51.751+0000] {processor.py:183} INFO - Processing /home/airflow/.local/lib/python3.12/site-packages/airflow/example_dags/example_task_group_decorator.py took 0.100 seconds
[2024-07-23T02:02:21.782+0000] {processor.py:161} INFO - Started process (PID=524) to work on /home/airflow/.local/lib/python3.12/site-packages/airflow/example_dags/example_task_group_decorator.py
[2024-07-23T02:02:21.784+0000] {processor.py:830} INFO - Processing file /home/airflow/.local/lib/python3.12/site-packages/airflow/example_dags/example_task_group_decorator.py for tasks to queue
[2024-07-23T02:02:21.786+0000] {logging_mixin.py:188} INFO - [2024-07-23T02:02:21.786+0000] {dagbag.py:545} INFO - Filling up the DagBag from /home/airflow/.local/lib/python3.12/site-packages/airflow/example_dags/example_task_group_decorator.py
[2024-07-23T02:02:21.803+0000] {processor.py:840} INFO - DAG(s) 'example_task_group_decorator' retrieved from /home/airflow/.local/lib/python3.12/site-packages/airflow/example_dags/example_task_group_decorator.py
[2024-07-23T02:02:21.834+0000] {logging_mixin.py:188} INFO - [2024-07-23T02:02:21.834+0000] {dag.py:3089} INFO - Sync 1 DAGs
[2024-07-23T02:02:21.859+0000] {logging_mixin.py:188} INFO - [2024-07-23T02:02:21.859+0000] {dag.py:3947} INFO - Setting next_dagrun for example_task_group_decorator to 2024-07-22 00:00:00+00:00, run_after=2024-07-23 00:00:00+00:00
[2024-07-23T02:02:21.886+0000] {processor.py:183} INFO - Processing /home/airflow/.local/lib/python3.12/site-packages/airflow/example_dags/example_task_group_decorator.py took 0.110 seconds
[2024-07-23T02:02:51.982+0000] {processor.py:161} INFO - Started process (PID=583) to work on /home/airflow/.local/lib/python3.12/site-packages/airflow/example_dags/example_task_group_decorator.py
[2024-07-23T02:02:51.984+0000] {processor.py:830} INFO - Processing file /home/airflow/.local/lib/python3.12/site-packages/airflow/example_dags/example_task_group_decorator.py for tasks to queue
[2024-07-23T02:02:51.986+0000] {logging_mixin.py:188} INFO - [2024-07-23T02:02:51.986+0000] {dagbag.py:545} INFO - Filling up the DagBag from /home/airflow/.local/lib/python3.12/site-packages/airflow/example_dags/example_task_group_decorator.py
[2024-07-23T02:02:52.004+0000] {processor.py:840} INFO - DAG(s) 'example_task_group_decorator' retrieved from /home/airflow/.local/lib/python3.12/site-packages/airflow/example_dags/example_task_group_decorator.py
[2024-07-23T02:02:52.039+0000] {logging_mixin.py:188} INFO - [2024-07-23T02:02:52.038+0000] {dag.py:3089} INFO - Sync 1 DAGs
[2024-07-23T02:02:52.066+0000] {logging_mixin.py:188} INFO - [2024-07-23T02:02:52.066+0000] {dag.py:3947} INFO - Setting next_dagrun for example_task_group_decorator to 2024-07-22 00:00:00+00:00, run_after=2024-07-23 00:00:00+00:00
[2024-07-23T02:02:52.098+0000] {processor.py:183} INFO - Processing /home/airflow/.local/lib/python3.12/site-packages/airflow/example_dags/example_task_group_decorator.py took 0.124 seconds
[2024-07-23T02:03:22.896+0000] {processor.py:161} INFO - Started process (PID=644) to work on /home/airflow/.local/lib/python3.12/site-packages/airflow/example_dags/example_task_group_decorator.py
[2024-07-23T02:03:22.898+0000] {processor.py:830} INFO - Processing file /home/airflow/.local/lib/python3.12/site-packages/airflow/example_dags/example_task_group_decorator.py for tasks to queue
[2024-07-23T02:03:22.900+0000] {logging_mixin.py:188} INFO - [2024-07-23T02:03:22.900+0000] {dagbag.py:545} INFO - Filling up the DagBag from /home/airflow/.local/lib/python3.12/site-packages/airflow/example_dags/example_task_group_decorator.py
[2024-07-23T02:03:22.925+0000] {processor.py:840} INFO - DAG(s) 'example_task_group_decorator' retrieved from /home/airflow/.local/lib/python3.12/site-packages/airflow/example_dags/example_task_group_decorator.py
[2024-07-23T02:03:22.979+0000] {logging_mixin.py:188} INFO - [2024-07-23T02:03:22.978+0000] {dag.py:3089} INFO - Sync 1 DAGs
[2024-07-23T02:03:23.028+0000] {logging_mixin.py:188} INFO - [2024-07-23T02:03:23.028+0000] {dag.py:3947} INFO - Setting next_dagrun for example_task_group_decorator to 2024-07-22 00:00:00+00:00, run_after=2024-07-23 00:00:00+00:00
[2024-07-23T02:03:23.065+0000] {processor.py:183} INFO - Processing /home/airflow/.local/lib/python3.12/site-packages/airflow/example_dags/example_task_group_decorator.py took 0.179 seconds
[2024-07-23T02:03:53.824+0000] {processor.py:161} INFO - Started process (PID=703) to work on /home/airflow/.local/lib/python3.12/site-packages/airflow/example_dags/example_task_group_decorator.py
[2024-07-23T02:03:53.827+0000] {processor.py:830} INFO - Processing file /home/airflow/.local/lib/python3.12/site-packages/airflow/example_dags/example_task_group_decorator.py for tasks to queue
[2024-07-23T02:03:53.833+0000] {logging_mixin.py:188} INFO - [2024-07-23T02:03:53.832+0000] {dagbag.py:545} INFO - Filling up the DagBag from /home/airflow/.local/lib/python3.12/site-packages/airflow/example_dags/example_task_group_decorator.py
[2024-07-23T02:03:53.890+0000] {processor.py:840} INFO - DAG(s) 'example_task_group_decorator' retrieved from /home/airflow/.local/lib/python3.12/site-packages/airflow/example_dags/example_task_group_decorator.py
[2024-07-23T02:03:53.998+0000] {logging_mixin.py:188} INFO - [2024-07-23T02:03:53.997+0000] {dag.py:3089} INFO - Sync 1 DAGs
[2024-07-23T02:03:54.085+0000] {logging_mixin.py:188} INFO - [2024-07-23T02:03:54.084+0000] {dag.py:3947} INFO - Setting next_dagrun for example_task_group_decorator to 2024-07-22 00:00:00+00:00, run_after=2024-07-23 00:00:00+00:00
[2024-07-23T02:03:54.158+0000] {processor.py:183} INFO - Processing /home/airflow/.local/lib/python3.12/site-packages/airflow/example_dags/example_task_group_decorator.py took 0.351 seconds
[2024-07-23T02:04:24.648+0000] {processor.py:161} INFO - Started process (PID=762) to work on /home/airflow/.local/lib/python3.12/site-packages/airflow/example_dags/example_task_group_decorator.py
[2024-07-23T02:04:24.652+0000] {processor.py:830} INFO - Processing file /home/airflow/.local/lib/python3.12/site-packages/airflow/example_dags/example_task_group_decorator.py for tasks to queue
[2024-07-23T02:04:24.664+0000] {logging_mixin.py:188} INFO - [2024-07-23T02:04:24.661+0000] {dagbag.py:545} INFO - Filling up the DagBag from /home/airflow/.local/lib/python3.12/site-packages/airflow/example_dags/example_task_group_decorator.py
[2024-07-23T02:04:24.743+0000] {processor.py:840} INFO - DAG(s) 'example_task_group_decorator' retrieved from /home/airflow/.local/lib/python3.12/site-packages/airflow/example_dags/example_task_group_decorator.py
[2024-07-23T02:04:24.890+0000] {logging_mixin.py:188} INFO - [2024-07-23T02:04:24.889+0000] {dag.py:3089} INFO - Sync 1 DAGs
[2024-07-23T02:04:24.999+0000] {logging_mixin.py:188} INFO - [2024-07-23T02:04:24.998+0000] {dag.py:3947} INFO - Setting next_dagrun for example_task_group_decorator to 2024-07-22 00:00:00+00:00, run_after=2024-07-23 00:00:00+00:00
[2024-07-23T02:04:25.092+0000] {processor.py:183} INFO - Processing /home/airflow/.local/lib/python3.12/site-packages/airflow/example_dags/example_task_group_decorator.py took 0.487 seconds
[2024-07-23T02:04:56.101+0000] {processor.py:161} INFO - Started process (PID=821) to work on /home/airflow/.local/lib/python3.12/site-packages/airflow/example_dags/example_task_group_decorator.py
[2024-07-23T02:04:56.105+0000] {processor.py:830} INFO - Processing file /home/airflow/.local/lib/python3.12/site-packages/airflow/example_dags/example_task_group_decorator.py for tasks to queue
[2024-07-23T02:04:56.115+0000] {logging_mixin.py:188} INFO - [2024-07-23T02:04:56.113+0000] {dagbag.py:545} INFO - Filling up the DagBag from /home/airflow/.local/lib/python3.12/site-packages/airflow/example_dags/example_task_group_decorator.py
[2024-07-23T02:04:56.212+0000] {processor.py:840} INFO - DAG(s) 'example_task_group_decorator' retrieved from /home/airflow/.local/lib/python3.12/site-packages/airflow/example_dags/example_task_group_decorator.py
[2024-07-23T02:04:56.357+0000] {logging_mixin.py:188} INFO - [2024-07-23T02:04:56.355+0000] {dag.py:3089} INFO - Sync 1 DAGs
[2024-07-23T02:04:56.460+0000] {logging_mixin.py:188} INFO - [2024-07-23T02:04:56.459+0000] {dag.py:3947} INFO - Setting next_dagrun for example_task_group_decorator to 2024-07-22 00:00:00+00:00, run_after=2024-07-23 00:00:00+00:00
[2024-07-23T02:04:56.537+0000] {processor.py:183} INFO - Processing /home/airflow/.local/lib/python3.12/site-packages/airflow/example_dags/example_task_group_decorator.py took 0.470 seconds
[2024-07-23T02:05:26.802+0000] {processor.py:161} INFO - Started process (PID=880) to work on /home/airflow/.local/lib/python3.12/site-packages/airflow/example_dags/example_task_group_decorator.py
[2024-07-23T02:05:26.805+0000] {processor.py:830} INFO - Processing file /home/airflow/.local/lib/python3.12/site-packages/airflow/example_dags/example_task_group_decorator.py for tasks to queue
[2024-07-23T02:05:26.814+0000] {logging_mixin.py:188} INFO - [2024-07-23T02:05:26.812+0000] {dagbag.py:545} INFO - Filling up the DagBag from /home/airflow/.local/lib/python3.12/site-packages/airflow/example_dags/example_task_group_decorator.py
[2024-07-23T02:05:26.900+0000] {processor.py:840} INFO - DAG(s) 'example_task_group_decorator' retrieved from /home/airflow/.local/lib/python3.12/site-packages/airflow/example_dags/example_task_group_decorator.py
[2024-07-23T02:05:27.044+0000] {logging_mixin.py:188} INFO - [2024-07-23T02:05:27.043+0000] {dag.py:3089} INFO - Sync 1 DAGs
[2024-07-23T02:05:27.170+0000] {logging_mixin.py:188} INFO - [2024-07-23T02:05:27.169+0000] {dag.py:3947} INFO - Setting next_dagrun for example_task_group_decorator to 2024-07-22 00:00:00+00:00, run_after=2024-07-23 00:00:00+00:00
[2024-07-23T02:05:27.265+0000] {processor.py:183} INFO - Processing /home/airflow/.local/lib/python3.12/site-packages/airflow/example_dags/example_task_group_decorator.py took 0.497 seconds
[2024-07-23T02:05:57.941+0000] {processor.py:161} INFO - Started process (PID=939) to work on /home/airflow/.local/lib/python3.12/site-packages/airflow/example_dags/example_task_group_decorator.py
[2024-07-23T02:05:57.942+0000] {processor.py:830} INFO - Processing file /home/airflow/.local/lib/python3.12/site-packages/airflow/example_dags/example_task_group_decorator.py for tasks to queue
[2024-07-23T02:05:57.944+0000] {logging_mixin.py:188} INFO - [2024-07-23T02:05:57.944+0000] {dagbag.py:545} INFO - Filling up the DagBag from /home/airflow/.local/lib/python3.12/site-packages/airflow/example_dags/example_task_group_decorator.py
[2024-07-23T02:05:57.964+0000] {processor.py:840} INFO - DAG(s) 'example_task_group_decorator' retrieved from /home/airflow/.local/lib/python3.12/site-packages/airflow/example_dags/example_task_group_decorator.py
[2024-07-23T02:05:57.997+0000] {logging_mixin.py:188} INFO - [2024-07-23T02:05:57.996+0000] {dag.py:3089} INFO - Sync 1 DAGs
[2024-07-23T02:05:58.025+0000] {logging_mixin.py:188} INFO - [2024-07-23T02:05:58.025+0000] {dag.py:3947} INFO - Setting next_dagrun for example_task_group_decorator to 2024-07-22 00:00:00+00:00, run_after=2024-07-23 00:00:00+00:00
[2024-07-23T02:05:58.051+0000] {processor.py:183} INFO - Processing /home/airflow/.local/lib/python3.12/site-packages/airflow/example_dags/example_task_group_decorator.py took 0.117 seconds
[2024-07-23T02:06:28.488+0000] {processor.py:161} INFO - Started process (PID=998) to work on /home/airflow/.local/lib/python3.12/site-packages/airflow/example_dags/example_task_group_decorator.py
[2024-07-23T02:06:28.489+0000] {processor.py:830} INFO - Processing file /home/airflow/.local/lib/python3.12/site-packages/airflow/example_dags/example_task_group_decorator.py for tasks to queue
[2024-07-23T02:06:28.490+0000] {logging_mixin.py:188} INFO - [2024-07-23T02:06:28.490+0000] {dagbag.py:545} INFO - Filling up the DagBag from /home/airflow/.local/lib/python3.12/site-packages/airflow/example_dags/example_task_group_decorator.py
[2024-07-23T02:06:28.506+0000] {processor.py:840} INFO - DAG(s) 'example_task_group_decorator' retrieved from /home/airflow/.local/lib/python3.12/site-packages/airflow/example_dags/example_task_group_decorator.py
[2024-07-23T02:06:28.536+0000] {logging_mixin.py:188} INFO - [2024-07-23T02:06:28.536+0000] {dag.py:3089} INFO - Sync 1 DAGs
[2024-07-23T02:06:28.560+0000] {logging_mixin.py:188} INFO - [2024-07-23T02:06:28.560+0000] {dag.py:3947} INFO - Setting next_dagrun for example_task_group_decorator to 2024-07-22 00:00:00+00:00, run_after=2024-07-23 00:00:00+00:00
[2024-07-23T02:06:28.586+0000] {processor.py:183} INFO - Processing /home/airflow/.local/lib/python3.12/site-packages/airflow/example_dags/example_task_group_decorator.py took 0.105 seconds
[2024-07-23T02:06:58.612+0000] {processor.py:161} INFO - Started process (PID=1056) to work on /home/airflow/.local/lib/python3.12/site-packages/airflow/example_dags/example_task_group_decorator.py
[2024-07-23T02:06:58.613+0000] {processor.py:830} INFO - Processing file /home/airflow/.local/lib/python3.12/site-packages/airflow/example_dags/example_task_group_decorator.py for tasks to queue
[2024-07-23T02:06:58.615+0000] {logging_mixin.py:188} INFO - [2024-07-23T02:06:58.615+0000] {dagbag.py:545} INFO - Filling up the DagBag from /home/airflow/.local/lib/python3.12/site-packages/airflow/example_dags/example_task_group_decorator.py
[2024-07-23T02:06:58.630+0000] {processor.py:840} INFO - DAG(s) 'example_task_group_decorator' retrieved from /home/airflow/.local/lib/python3.12/site-packages/airflow/example_dags/example_task_group_decorator.py
[2024-07-23T02:06:58.659+0000] {logging_mixin.py:188} INFO - [2024-07-23T02:06:58.659+0000] {dag.py:3089} INFO - Sync 1 DAGs
[2024-07-23T02:06:58.683+0000] {logging_mixin.py:188} INFO - [2024-07-23T02:06:58.682+0000] {dag.py:3947} INFO - Setting next_dagrun for example_task_group_decorator to 2024-07-22 00:00:00+00:00, run_after=2024-07-23 00:00:00+00:00
[2024-07-23T02:06:58.708+0000] {processor.py:183} INFO - Processing /home/airflow/.local/lib/python3.12/site-packages/airflow/example_dags/example_task_group_decorator.py took 0.103 seconds
[2024-07-23T02:07:28.825+0000] {processor.py:161} INFO - Started process (PID=1115) to work on /home/airflow/.local/lib/python3.12/site-packages/airflow/example_dags/example_task_group_decorator.py
[2024-07-23T02:07:28.826+0000] {processor.py:830} INFO - Processing file /home/airflow/.local/lib/python3.12/site-packages/airflow/example_dags/example_task_group_decorator.py for tasks to queue
[2024-07-23T02:07:28.829+0000] {logging_mixin.py:188} INFO - [2024-07-23T02:07:28.828+0000] {dagbag.py:545} INFO - Filling up the DagBag from /home/airflow/.local/lib/python3.12/site-packages/airflow/example_dags/example_task_group_decorator.py
[2024-07-23T02:07:28.851+0000] {processor.py:840} INFO - DAG(s) 'example_task_group_decorator' retrieved from /home/airflow/.local/lib/python3.12/site-packages/airflow/example_dags/example_task_group_decorator.py
[2024-07-23T02:07:28.886+0000] {logging_mixin.py:188} INFO - [2024-07-23T02:07:28.886+0000] {dag.py:3089} INFO - Sync 1 DAGs
[2024-07-23T02:07:28.917+0000] {logging_mixin.py:188} INFO - [2024-07-23T02:07:28.917+0000] {dag.py:3947} INFO - Setting next_dagrun for example_task_group_decorator to 2024-07-22 00:00:00+00:00, run_after=2024-07-23 00:00:00+00:00
[2024-07-23T02:07:28.945+0000] {processor.py:183} INFO - Processing /home/airflow/.local/lib/python3.12/site-packages/airflow/example_dags/example_task_group_decorator.py took 0.127 seconds
[2024-07-23T02:07:59.296+0000] {processor.py:161} INFO - Started process (PID=1176) to work on /home/airflow/.local/lib/python3.12/site-packages/airflow/example_dags/example_task_group_decorator.py
[2024-07-23T02:07:59.297+0000] {processor.py:830} INFO - Processing file /home/airflow/.local/lib/python3.12/site-packages/airflow/example_dags/example_task_group_decorator.py for tasks to queue
[2024-07-23T02:07:59.299+0000] {logging_mixin.py:188} INFO - [2024-07-23T02:07:59.299+0000] {dagbag.py:545} INFO - Filling up the DagBag from /home/airflow/.local/lib/python3.12/site-packages/airflow/example_dags/example_task_group_decorator.py
[2024-07-23T02:07:59.316+0000] {processor.py:840} INFO - DAG(s) 'example_task_group_decorator' retrieved from /home/airflow/.local/lib/python3.12/site-packages/airflow/example_dags/example_task_group_decorator.py
[2024-07-23T02:07:59.348+0000] {logging_mixin.py:188} INFO - [2024-07-23T02:07:59.348+0000] {dag.py:3089} INFO - Sync 1 DAGs
[2024-07-23T02:07:59.380+0000] {logging_mixin.py:188} INFO - [2024-07-23T02:07:59.380+0000] {dag.py:3947} INFO - Setting next_dagrun for example_task_group_decorator to 2024-07-22 00:00:00+00:00, run_after=2024-07-23 00:00:00+00:00
[2024-07-23T02:07:59.403+0000] {processor.py:183} INFO - Processing /home/airflow/.local/lib/python3.12/site-packages/airflow/example_dags/example_task_group_decorator.py took 0.115 seconds
[2024-07-23T02:08:29.923+0000] {processor.py:161} INFO - Started process (PID=1234) to work on /home/airflow/.local/lib/python3.12/site-packages/airflow/example_dags/example_task_group_decorator.py
[2024-07-23T02:08:29.924+0000] {processor.py:830} INFO - Processing file /home/airflow/.local/lib/python3.12/site-packages/airflow/example_dags/example_task_group_decorator.py for tasks to queue
[2024-07-23T02:08:29.926+0000] {logging_mixin.py:188} INFO - [2024-07-23T02:08:29.925+0000] {dagbag.py:545} INFO - Filling up the DagBag from /home/airflow/.local/lib/python3.12/site-packages/airflow/example_dags/example_task_group_decorator.py
[2024-07-23T02:08:29.943+0000] {processor.py:840} INFO - DAG(s) 'example_task_group_decorator' retrieved from /home/airflow/.local/lib/python3.12/site-packages/airflow/example_dags/example_task_group_decorator.py
[2024-07-23T02:08:29.981+0000] {logging_mixin.py:188} INFO - [2024-07-23T02:08:29.981+0000] {dag.py:3089} INFO - Sync 1 DAGs
[2024-07-23T02:08:30.009+0000] {logging_mixin.py:188} INFO - [2024-07-23T02:08:30.009+0000] {dag.py:3947} INFO - Setting next_dagrun for example_task_group_decorator to 2024-07-22 00:00:00+00:00, run_after=2024-07-23 00:00:00+00:00
[2024-07-23T02:08:30.031+0000] {processor.py:183} INFO - Processing /home/airflow/.local/lib/python3.12/site-packages/airflow/example_dags/example_task_group_decorator.py took 0.117 seconds
[2024-07-23T02:09:00.351+0000] {processor.py:161} INFO - Started process (PID=1293) to work on /home/airflow/.local/lib/python3.12/site-packages/airflow/example_dags/example_task_group_decorator.py
[2024-07-23T02:09:00.352+0000] {processor.py:830} INFO - Processing file /home/airflow/.local/lib/python3.12/site-packages/airflow/example_dags/example_task_group_decorator.py for tasks to queue
[2024-07-23T02:09:00.354+0000] {logging_mixin.py:188} INFO - [2024-07-23T02:09:00.353+0000] {dagbag.py:545} INFO - Filling up the DagBag from /home/airflow/.local/lib/python3.12/site-packages/airflow/example_dags/example_task_group_decorator.py
[2024-07-23T02:09:00.372+0000] {processor.py:840} INFO - DAG(s) 'example_task_group_decorator' retrieved from /home/airflow/.local/lib/python3.12/site-packages/airflow/example_dags/example_task_group_decorator.py
[2024-07-23T02:09:00.403+0000] {logging_mixin.py:188} INFO - [2024-07-23T02:09:00.403+0000] {dag.py:3089} INFO - Sync 1 DAGs
[2024-07-23T02:09:00.430+0000] {logging_mixin.py:188} INFO - [2024-07-23T02:09:00.430+0000] {dag.py:3947} INFO - Setting next_dagrun for example_task_group_decorator to 2024-07-22 00:00:00+00:00, run_after=2024-07-23 00:00:00+00:00
[2024-07-23T02:09:00.454+0000] {processor.py:183} INFO - Processing /home/airflow/.local/lib/python3.12/site-packages/airflow/example_dags/example_task_group_decorator.py took 0.111 seconds
[2024-07-23T02:09:30.586+0000] {processor.py:161} INFO - Started process (PID=1351) to work on /home/airflow/.local/lib/python3.12/site-packages/airflow/example_dags/example_task_group_decorator.py
[2024-07-23T02:09:30.586+0000] {processor.py:830} INFO - Processing file /home/airflow/.local/lib/python3.12/site-packages/airflow/example_dags/example_task_group_decorator.py for tasks to queue
[2024-07-23T02:09:30.588+0000] {logging_mixin.py:188} INFO - [2024-07-23T02:09:30.588+0000] {dagbag.py:545} INFO - Filling up the DagBag from /home/airflow/.local/lib/python3.12/site-packages/airflow/example_dags/example_task_group_decorator.py
[2024-07-23T02:09:30.604+0000] {processor.py:840} INFO - DAG(s) 'example_task_group_decorator' retrieved from /home/airflow/.local/lib/python3.12/site-packages/airflow/example_dags/example_task_group_decorator.py
[2024-07-23T02:09:30.633+0000] {logging_mixin.py:188} INFO - [2024-07-23T02:09:30.633+0000] {dag.py:3089} INFO - Sync 1 DAGs
[2024-07-23T02:09:30.658+0000] {logging_mixin.py:188} INFO - [2024-07-23T02:09:30.658+0000] {dag.py:3947} INFO - Setting next_dagrun for example_task_group_decorator to 2024-07-22 00:00:00+00:00, run_after=2024-07-23 00:00:00+00:00
[2024-07-23T02:09:30.681+0000] {processor.py:183} INFO - Processing /home/airflow/.local/lib/python3.12/site-packages/airflow/example_dags/example_task_group_decorator.py took 0.102 seconds
[2024-07-23T02:10:00.812+0000] {processor.py:161} INFO - Started process (PID=1410) to work on /home/airflow/.local/lib/python3.12/site-packages/airflow/example_dags/example_task_group_decorator.py
[2024-07-23T02:10:00.813+0000] {processor.py:830} INFO - Processing file /home/airflow/.local/lib/python3.12/site-packages/airflow/example_dags/example_task_group_decorator.py for tasks to queue
[2024-07-23T02:10:00.815+0000] {logging_mixin.py:188} INFO - [2024-07-23T02:10:00.815+0000] {dagbag.py:545} INFO - Filling up the DagBag from /home/airflow/.local/lib/python3.12/site-packages/airflow/example_dags/example_task_group_decorator.py
[2024-07-23T02:10:00.829+0000] {processor.py:840} INFO - DAG(s) 'example_task_group_decorator' retrieved from /home/airflow/.local/lib/python3.12/site-packages/airflow/example_dags/example_task_group_decorator.py
[2024-07-23T02:10:00.857+0000] {logging_mixin.py:188} INFO - [2024-07-23T02:10:00.857+0000] {dag.py:3089} INFO - Sync 1 DAGs
[2024-07-23T02:10:00.882+0000] {logging_mixin.py:188} INFO - [2024-07-23T02:10:00.882+0000] {dag.py:3947} INFO - Setting next_dagrun for example_task_group_decorator to 2024-07-22 00:00:00+00:00, run_after=2024-07-23 00:00:00+00:00
[2024-07-23T02:10:00.908+0000] {processor.py:183} INFO - Processing /home/airflow/.local/lib/python3.12/site-packages/airflow/example_dags/example_task_group_decorator.py took 0.103 seconds
[2024-07-23T02:10:30.991+0000] {processor.py:161} INFO - Started process (PID=1467) to work on /home/airflow/.local/lib/python3.12/site-packages/airflow/example_dags/example_task_group_decorator.py
[2024-07-23T02:10:30.992+0000] {processor.py:830} INFO - Processing file /home/airflow/.local/lib/python3.12/site-packages/airflow/example_dags/example_task_group_decorator.py for tasks to queue
[2024-07-23T02:10:30.994+0000] {logging_mixin.py:188} INFO - [2024-07-23T02:10:30.994+0000] {dagbag.py:545} INFO - Filling up the DagBag from /home/airflow/.local/lib/python3.12/site-packages/airflow/example_dags/example_task_group_decorator.py
[2024-07-23T02:10:31.016+0000] {processor.py:840} INFO - DAG(s) 'example_task_group_decorator' retrieved from /home/airflow/.local/lib/python3.12/site-packages/airflow/example_dags/example_task_group_decorator.py
[2024-07-23T02:10:31.055+0000] {logging_mixin.py:188} INFO - [2024-07-23T02:10:31.055+0000] {dag.py:3089} INFO - Sync 1 DAGs
[2024-07-23T02:10:31.092+0000] {logging_mixin.py:188} INFO - [2024-07-23T02:10:31.092+0000] {dag.py:3947} INFO - Setting next_dagrun for example_task_group_decorator to 2024-07-22 00:00:00+00:00, run_after=2024-07-23 00:00:00+00:00
[2024-07-23T02:10:31.121+0000] {processor.py:183} INFO - Processing /home/airflow/.local/lib/python3.12/site-packages/airflow/example_dags/example_task_group_decorator.py took 0.139 seconds
[2024-07-23T02:11:01.427+0000] {processor.py:161} INFO - Started process (PID=1526) to work on /home/airflow/.local/lib/python3.12/site-packages/airflow/example_dags/example_task_group_decorator.py
[2024-07-23T02:11:01.428+0000] {processor.py:830} INFO - Processing file /home/airflow/.local/lib/python3.12/site-packages/airflow/example_dags/example_task_group_decorator.py for tasks to queue
[2024-07-23T02:11:01.430+0000] {logging_mixin.py:188} INFO - [2024-07-23T02:11:01.430+0000] {dagbag.py:545} INFO - Filling up the DagBag from /home/airflow/.local/lib/python3.12/site-packages/airflow/example_dags/example_task_group_decorator.py
[2024-07-23T02:11:01.445+0000] {processor.py:840} INFO - DAG(s) 'example_task_group_decorator' retrieved from /home/airflow/.local/lib/python3.12/site-packages/airflow/example_dags/example_task_group_decorator.py
[2024-07-23T02:11:01.473+0000] {logging_mixin.py:188} INFO - [2024-07-23T02:11:01.473+0000] {dag.py:3089} INFO - Sync 1 DAGs
[2024-07-23T02:11:01.502+0000] {logging_mixin.py:188} INFO - [2024-07-23T02:11:01.501+0000] {dag.py:3947} INFO - Setting next_dagrun for example_task_group_decorator to 2024-07-22 00:00:00+00:00, run_after=2024-07-23 00:00:00+00:00
[2024-07-23T02:11:01.536+0000] {processor.py:183} INFO - Processing /home/airflow/.local/lib/python3.12/site-packages/airflow/example_dags/example_task_group_decorator.py took 0.115 seconds
[2024-07-23T02:11:31.607+0000] {processor.py:161} INFO - Started process (PID=1584) to work on /home/airflow/.local/lib/python3.12/site-packages/airflow/example_dags/example_task_group_decorator.py
[2024-07-23T02:11:31.608+0000] {processor.py:830} INFO - Processing file /home/airflow/.local/lib/python3.12/site-packages/airflow/example_dags/example_task_group_decorator.py for tasks to queue
[2024-07-23T02:11:31.610+0000] {logging_mixin.py:188} INFO - [2024-07-23T02:11:31.609+0000] {dagbag.py:545} INFO - Filling up the DagBag from /home/airflow/.local/lib/python3.12/site-packages/airflow/example_dags/example_task_group_decorator.py
[2024-07-23T02:11:31.625+0000] {processor.py:840} INFO - DAG(s) 'example_task_group_decorator' retrieved from /home/airflow/.local/lib/python3.12/site-packages/airflow/example_dags/example_task_group_decorator.py
[2024-07-23T02:11:31.655+0000] {logging_mixin.py:188} INFO - [2024-07-23T02:11:31.654+0000] {dag.py:3089} INFO - Sync 1 DAGs
[2024-07-23T02:11:31.680+0000] {logging_mixin.py:188} INFO - [2024-07-23T02:11:31.679+0000] {dag.py:3947} INFO - Setting next_dagrun for example_task_group_decorator to 2024-07-22 00:00:00+00:00, run_after=2024-07-23 00:00:00+00:00
[2024-07-23T02:11:31.706+0000] {processor.py:183} INFO - Processing /home/airflow/.local/lib/python3.12/site-packages/airflow/example_dags/example_task_group_decorator.py took 0.106 seconds
[2024-07-23T02:12:01.772+0000] {processor.py:161} INFO - Started process (PID=1643) to work on /home/airflow/.local/lib/python3.12/site-packages/airflow/example_dags/example_task_group_decorator.py
[2024-07-23T02:12:01.780+0000] {processor.py:830} INFO - Processing file /home/airflow/.local/lib/python3.12/site-packages/airflow/example_dags/example_task_group_decorator.py for tasks to queue
[2024-07-23T02:12:01.782+0000] {logging_mixin.py:188} INFO - [2024-07-23T02:12:01.782+0000] {dagbag.py:545} INFO - Filling up the DagBag from /home/airflow/.local/lib/python3.12/site-packages/airflow/example_dags/example_task_group_decorator.py
[2024-07-23T02:12:01.798+0000] {processor.py:840} INFO - DAG(s) 'example_task_group_decorator' retrieved from /home/airflow/.local/lib/python3.12/site-packages/airflow/example_dags/example_task_group_decorator.py
[2024-07-23T02:12:01.830+0000] {logging_mixin.py:188} INFO - [2024-07-23T02:12:01.829+0000] {dag.py:3089} INFO - Sync 1 DAGs
[2024-07-23T02:12:01.857+0000] {logging_mixin.py:188} INFO - [2024-07-23T02:12:01.856+0000] {dag.py:3947} INFO - Setting next_dagrun for example_task_group_decorator to 2024-07-22 00:00:00+00:00, run_after=2024-07-23 00:00:00+00:00
[2024-07-23T02:12:01.881+0000] {processor.py:183} INFO - Processing /home/airflow/.local/lib/python3.12/site-packages/airflow/example_dags/example_task_group_decorator.py took 0.116 seconds
[2024-07-23T02:12:32.011+0000] {processor.py:161} INFO - Started process (PID=1703) to work on /home/airflow/.local/lib/python3.12/site-packages/airflow/example_dags/example_task_group_decorator.py
[2024-07-23T02:12:32.011+0000] {processor.py:830} INFO - Processing file /home/airflow/.local/lib/python3.12/site-packages/airflow/example_dags/example_task_group_decorator.py for tasks to queue
[2024-07-23T02:12:32.013+0000] {logging_mixin.py:188} INFO - [2024-07-23T02:12:32.013+0000] {dagbag.py:545} INFO - Filling up the DagBag from /home/airflow/.local/lib/python3.12/site-packages/airflow/example_dags/example_task_group_decorator.py
[2024-07-23T02:12:32.029+0000] {processor.py:840} INFO - DAG(s) 'example_task_group_decorator' retrieved from /home/airflow/.local/lib/python3.12/site-packages/airflow/example_dags/example_task_group_decorator.py
[2024-07-23T02:12:32.056+0000] {logging_mixin.py:188} INFO - [2024-07-23T02:12:32.056+0000] {dag.py:3089} INFO - Sync 1 DAGs
[2024-07-23T02:12:32.079+0000] {logging_mixin.py:188} INFO - [2024-07-23T02:12:32.079+0000] {dag.py:3947} INFO - Setting next_dagrun for example_task_group_decorator to 2024-07-22 00:00:00+00:00, run_after=2024-07-23 00:00:00+00:00
[2024-07-23T02:12:32.102+0000] {processor.py:183} INFO - Processing /home/airflow/.local/lib/python3.12/site-packages/airflow/example_dags/example_task_group_decorator.py took 0.098 seconds
[2024-07-23T02:13:02.249+0000] {processor.py:161} INFO - Started process (PID=1762) to work on /home/airflow/.local/lib/python3.12/site-packages/airflow/example_dags/example_task_group_decorator.py
[2024-07-23T02:13:02.251+0000] {processor.py:830} INFO - Processing file /home/airflow/.local/lib/python3.12/site-packages/airflow/example_dags/example_task_group_decorator.py for tasks to queue
[2024-07-23T02:13:02.253+0000] {logging_mixin.py:188} INFO - [2024-07-23T02:13:02.252+0000] {dagbag.py:545} INFO - Filling up the DagBag from /home/airflow/.local/lib/python3.12/site-packages/airflow/example_dags/example_task_group_decorator.py
[2024-07-23T02:13:02.278+0000] {processor.py:840} INFO - DAG(s) 'example_task_group_decorator' retrieved from /home/airflow/.local/lib/python3.12/site-packages/airflow/example_dags/example_task_group_decorator.py
[2024-07-23T02:13:02.333+0000] {logging_mixin.py:188} INFO - [2024-07-23T02:13:02.333+0000] {dag.py:3089} INFO - Sync 1 DAGs
[2024-07-23T02:13:02.379+0000] {logging_mixin.py:188} INFO - [2024-07-23T02:13:02.379+0000] {dag.py:3947} INFO - Setting next_dagrun for example_task_group_decorator to 2024-07-22 00:00:00+00:00, run_after=2024-07-23 00:00:00+00:00
[2024-07-23T02:13:02.413+0000] {processor.py:183} INFO - Processing /home/airflow/.local/lib/python3.12/site-packages/airflow/example_dags/example_task_group_decorator.py took 0.172 seconds
[2024-07-23T02:13:32.804+0000] {processor.py:161} INFO - Started process (PID=1821) to work on /home/airflow/.local/lib/python3.12/site-packages/airflow/example_dags/example_task_group_decorator.py
[2024-07-23T02:13:32.805+0000] {processor.py:830} INFO - Processing file /home/airflow/.local/lib/python3.12/site-packages/airflow/example_dags/example_task_group_decorator.py for tasks to queue
[2024-07-23T02:13:32.808+0000] {logging_mixin.py:188} INFO - [2024-07-23T02:13:32.807+0000] {dagbag.py:545} INFO - Filling up the DagBag from /home/airflow/.local/lib/python3.12/site-packages/airflow/example_dags/example_task_group_decorator.py
[2024-07-23T02:13:32.831+0000] {processor.py:840} INFO - DAG(s) 'example_task_group_decorator' retrieved from /home/airflow/.local/lib/python3.12/site-packages/airflow/example_dags/example_task_group_decorator.py
[2024-07-23T02:13:32.859+0000] {logging_mixin.py:188} INFO - [2024-07-23T02:13:32.858+0000] {dag.py:3089} INFO - Sync 1 DAGs
[2024-07-23T02:13:32.894+0000] {logging_mixin.py:188} INFO - [2024-07-23T02:13:32.894+0000] {dag.py:3947} INFO - Setting next_dagrun for example_task_group_decorator to 2024-07-22 00:00:00+00:00, run_after=2024-07-23 00:00:00+00:00
[2024-07-23T02:13:33.079+0000] {processor.py:183} INFO - Processing /home/airflow/.local/lib/python3.12/site-packages/airflow/example_dags/example_task_group_decorator.py took 0.285 seconds
[2024-07-23T02:14:03.599+0000] {processor.py:161} INFO - Started process (PID=1889) to work on /home/airflow/.local/lib/python3.12/site-packages/airflow/example_dags/example_task_group_decorator.py
[2024-07-23T02:14:03.600+0000] {processor.py:830} INFO - Processing file /home/airflow/.local/lib/python3.12/site-packages/airflow/example_dags/example_task_group_decorator.py for tasks to queue
[2024-07-23T02:14:03.602+0000] {logging_mixin.py:188} INFO - [2024-07-23T02:14:03.601+0000] {dagbag.py:545} INFO - Filling up the DagBag from /home/airflow/.local/lib/python3.12/site-packages/airflow/example_dags/example_task_group_decorator.py
[2024-07-23T02:14:03.616+0000] {processor.py:840} INFO - DAG(s) 'example_task_group_decorator' retrieved from /home/airflow/.local/lib/python3.12/site-packages/airflow/example_dags/example_task_group_decorator.py
[2024-07-23T02:14:03.644+0000] {logging_mixin.py:188} INFO - [2024-07-23T02:14:03.643+0000] {dag.py:3089} INFO - Sync 1 DAGs
[2024-07-23T02:14:03.668+0000] {logging_mixin.py:188} INFO - [2024-07-23T02:14:03.668+0000] {dag.py:3947} INFO - Setting next_dagrun for example_task_group_decorator to 2024-07-22 00:00:00+00:00, run_after=2024-07-23 00:00:00+00:00
[2024-07-23T02:14:03.827+0000] {processor.py:183} INFO - Processing /home/airflow/.local/lib/python3.12/site-packages/airflow/example_dags/example_task_group_decorator.py took 0.235 seconds
[2024-07-23T02:14:34.438+0000] {processor.py:161} INFO - Started process (PID=1948) to work on /home/airflow/.local/lib/python3.12/site-packages/airflow/example_dags/example_task_group_decorator.py
[2024-07-23T02:14:34.440+0000] {processor.py:830} INFO - Processing file /home/airflow/.local/lib/python3.12/site-packages/airflow/example_dags/example_task_group_decorator.py for tasks to queue
[2024-07-23T02:14:34.444+0000] {logging_mixin.py:188} INFO - [2024-07-23T02:14:34.443+0000] {dagbag.py:545} INFO - Filling up the DagBag from /home/airflow/.local/lib/python3.12/site-packages/airflow/example_dags/example_task_group_decorator.py
[2024-07-23T02:14:34.481+0000] {processor.py:840} INFO - DAG(s) 'example_task_group_decorator' retrieved from /home/airflow/.local/lib/python3.12/site-packages/airflow/example_dags/example_task_group_decorator.py
[2024-07-23T02:14:34.543+0000] {logging_mixin.py:188} INFO - [2024-07-23T02:14:34.542+0000] {dag.py:3089} INFO - Sync 1 DAGs
[2024-07-23T02:14:34.586+0000] {logging_mixin.py:188} INFO - [2024-07-23T02:14:34.586+0000] {dag.py:3947} INFO - Setting next_dagrun for example_task_group_decorator to 2024-07-22 00:00:00+00:00, run_after=2024-07-23 00:00:00+00:00
[2024-07-23T02:14:34.841+0000] {processor.py:183} INFO - Processing /home/airflow/.local/lib/python3.12/site-packages/airflow/example_dags/example_task_group_decorator.py took 0.417 seconds
[2024-07-23T02:15:05.144+0000] {processor.py:161} INFO - Started process (PID=2007) to work on /home/airflow/.local/lib/python3.12/site-packages/airflow/example_dags/example_task_group_decorator.py
[2024-07-23T02:15:05.148+0000] {processor.py:830} INFO - Processing file /home/airflow/.local/lib/python3.12/site-packages/airflow/example_dags/example_task_group_decorator.py for tasks to queue
[2024-07-23T02:15:05.159+0000] {logging_mixin.py:188} INFO - [2024-07-23T02:15:05.157+0000] {dagbag.py:545} INFO - Filling up the DagBag from /home/airflow/.local/lib/python3.12/site-packages/airflow/example_dags/example_task_group_decorator.py
[2024-07-23T02:15:05.263+0000] {processor.py:840} INFO - DAG(s) 'example_task_group_decorator' retrieved from /home/airflow/.local/lib/python3.12/site-packages/airflow/example_dags/example_task_group_decorator.py
[2024-07-23T02:15:05.398+0000] {logging_mixin.py:188} INFO - [2024-07-23T02:15:05.396+0000] {dag.py:3089} INFO - Sync 1 DAGs
[2024-07-23T02:15:05.532+0000] {logging_mixin.py:188} INFO - [2024-07-23T02:15:05.531+0000] {dag.py:3947} INFO - Setting next_dagrun for example_task_group_decorator to 2024-07-22 00:00:00+00:00, run_after=2024-07-23 00:00:00+00:00
[2024-07-23T02:15:05.621+0000] {processor.py:183} INFO - Processing /home/airflow/.local/lib/python3.12/site-packages/airflow/example_dags/example_task_group_decorator.py took 0.512 seconds
[2024-07-23T02:15:36.055+0000] {processor.py:161} INFO - Started process (PID=2066) to work on /home/airflow/.local/lib/python3.12/site-packages/airflow/example_dags/example_task_group_decorator.py
[2024-07-23T02:15:36.058+0000] {processor.py:830} INFO - Processing file /home/airflow/.local/lib/python3.12/site-packages/airflow/example_dags/example_task_group_decorator.py for tasks to queue
[2024-07-23T02:15:36.066+0000] {logging_mixin.py:188} INFO - [2024-07-23T02:15:36.065+0000] {dagbag.py:545} INFO - Filling up the DagBag from /home/airflow/.local/lib/python3.12/site-packages/airflow/example_dags/example_task_group_decorator.py
[2024-07-23T02:15:36.138+0000] {processor.py:840} INFO - DAG(s) 'example_task_group_decorator' retrieved from /home/airflow/.local/lib/python3.12/site-packages/airflow/example_dags/example_task_group_decorator.py
[2024-07-23T02:15:36.298+0000] {logging_mixin.py:188} INFO - [2024-07-23T02:15:36.296+0000] {dag.py:3089} INFO - Sync 1 DAGs
[2024-07-23T02:15:36.426+0000] {logging_mixin.py:188} INFO - [2024-07-23T02:15:36.425+0000] {dag.py:3947} INFO - Setting next_dagrun for example_task_group_decorator to 2024-07-22 00:00:00+00:00, run_after=2024-07-23 00:00:00+00:00
[2024-07-23T02:15:36.527+0000] {processor.py:183} INFO - Processing /home/airflow/.local/lib/python3.12/site-packages/airflow/example_dags/example_task_group_decorator.py took 0.499 seconds
[2024-07-23T02:16:06.705+0000] {processor.py:161} INFO - Started process (PID=2126) to work on /home/airflow/.local/lib/python3.12/site-packages/airflow/example_dags/example_task_group_decorator.py
[2024-07-23T02:16:06.708+0000] {processor.py:830} INFO - Processing file /home/airflow/.local/lib/python3.12/site-packages/airflow/example_dags/example_task_group_decorator.py for tasks to queue
[2024-07-23T02:16:06.714+0000] {logging_mixin.py:188} INFO - [2024-07-23T02:16:06.713+0000] {dagbag.py:545} INFO - Filling up the DagBag from /home/airflow/.local/lib/python3.12/site-packages/airflow/example_dags/example_task_group_decorator.py
[2024-07-23T02:16:07.174+0000] {processor.py:840} INFO - DAG(s) 'example_task_group_decorator' retrieved from /home/airflow/.local/lib/python3.12/site-packages/airflow/example_dags/example_task_group_decorator.py
[2024-07-23T02:16:07.275+0000] {logging_mixin.py:188} INFO - [2024-07-23T02:16:07.274+0000] {dag.py:3089} INFO - Sync 1 DAGs
[2024-07-23T02:16:07.365+0000] {logging_mixin.py:188} INFO - [2024-07-23T02:16:07.365+0000] {dag.py:3947} INFO - Setting next_dagrun for example_task_group_decorator to 2024-07-22 00:00:00+00:00, run_after=2024-07-23 00:00:00+00:00
[2024-07-23T02:16:07.431+0000] {processor.py:183} INFO - Processing /home/airflow/.local/lib/python3.12/site-packages/airflow/example_dags/example_task_group_decorator.py took 0.747 seconds
[2024-07-23T02:16:38.021+0000] {processor.py:161} INFO - Started process (PID=2185) to work on /home/airflow/.local/lib/python3.12/site-packages/airflow/example_dags/example_task_group_decorator.py
[2024-07-23T02:16:38.024+0000] {processor.py:830} INFO - Processing file /home/airflow/.local/lib/python3.12/site-packages/airflow/example_dags/example_task_group_decorator.py for tasks to queue
[2024-07-23T02:16:38.033+0000] {logging_mixin.py:188} INFO - [2024-07-23T02:16:38.032+0000] {dagbag.py:545} INFO - Filling up the DagBag from /home/airflow/.local/lib/python3.12/site-packages/airflow/example_dags/example_task_group_decorator.py
[2024-07-23T02:16:38.112+0000] {processor.py:840} INFO - DAG(s) 'example_task_group_decorator' retrieved from /home/airflow/.local/lib/python3.12/site-packages/airflow/example_dags/example_task_group_decorator.py
[2024-07-23T02:16:38.240+0000] {logging_mixin.py:188} INFO - [2024-07-23T02:16:38.239+0000] {dag.py:3089} INFO - Sync 1 DAGs
[2024-07-23T02:16:38.339+0000] {logging_mixin.py:188} INFO - [2024-07-23T02:16:38.339+0000] {dag.py:3947} INFO - Setting next_dagrun for example_task_group_decorator to 2024-07-22 00:00:00+00:00, run_after=2024-07-23 00:00:00+00:00
[2024-07-23T02:16:38.429+0000] {processor.py:183} INFO - Processing /home/airflow/.local/lib/python3.12/site-packages/airflow/example_dags/example_task_group_decorator.py took 0.444 seconds
[2024-07-23T02:17:08.906+0000] {processor.py:161} INFO - Started process (PID=2253) to work on /home/airflow/.local/lib/python3.12/site-packages/airflow/example_dags/example_task_group_decorator.py
[2024-07-23T02:17:08.910+0000] {processor.py:830} INFO - Processing file /home/airflow/.local/lib/python3.12/site-packages/airflow/example_dags/example_task_group_decorator.py for tasks to queue
[2024-07-23T02:17:08.920+0000] {logging_mixin.py:188} INFO - [2024-07-23T02:17:08.918+0000] {dagbag.py:545} INFO - Filling up the DagBag from /home/airflow/.local/lib/python3.12/site-packages/airflow/example_dags/example_task_group_decorator.py
[2024-07-23T02:17:09.159+0000] {processor.py:840} INFO - DAG(s) 'example_task_group_decorator' retrieved from /home/airflow/.local/lib/python3.12/site-packages/airflow/example_dags/example_task_group_decorator.py
[2024-07-23T02:17:09.488+0000] {logging_mixin.py:188} INFO - [2024-07-23T02:17:09.486+0000] {dag.py:3089} INFO - Sync 1 DAGs
[2024-07-23T02:17:09.839+0000] {logging_mixin.py:188} INFO - [2024-07-23T02:17:09.826+0000] {dag.py:3947} INFO - Setting next_dagrun for example_task_group_decorator to 2024-07-22 00:00:00+00:00, run_after=2024-07-23 00:00:00+00:00
[2024-07-23T02:17:10.102+0000] {processor.py:183} INFO - Processing /home/airflow/.local/lib/python3.12/site-packages/airflow/example_dags/example_task_group_decorator.py took 1.326 seconds
[2024-07-23T02:17:41.085+0000] {processor.py:161} INFO - Started process (PID=2312) to work on /home/airflow/.local/lib/python3.12/site-packages/airflow/example_dags/example_task_group_decorator.py
[2024-07-23T02:17:41.088+0000] {processor.py:830} INFO - Processing file /home/airflow/.local/lib/python3.12/site-packages/airflow/example_dags/example_task_group_decorator.py for tasks to queue
[2024-07-23T02:17:41.098+0000] {logging_mixin.py:188} INFO - [2024-07-23T02:17:41.096+0000] {dagbag.py:545} INFO - Filling up the DagBag from /home/airflow/.local/lib/python3.12/site-packages/airflow/example_dags/example_task_group_decorator.py
[2024-07-23T02:17:41.181+0000] {processor.py:840} INFO - DAG(s) 'example_task_group_decorator' retrieved from /home/airflow/.local/lib/python3.12/site-packages/airflow/example_dags/example_task_group_decorator.py
[2024-07-23T02:17:41.334+0000] {logging_mixin.py:188} INFO - [2024-07-23T02:17:41.333+0000] {dag.py:3089} INFO - Sync 1 DAGs
[2024-07-23T02:17:41.442+0000] {logging_mixin.py:188} INFO - [2024-07-23T02:17:41.441+0000] {dag.py:3947} INFO - Setting next_dagrun for example_task_group_decorator to 2024-07-22 00:00:00+00:00, run_after=2024-07-23 00:00:00+00:00
[2024-07-23T02:17:41.531+0000] {processor.py:183} INFO - Processing /home/airflow/.local/lib/python3.12/site-packages/airflow/example_dags/example_task_group_decorator.py took 0.479 seconds
[2024-07-23T02:18:11.674+0000] {processor.py:161} INFO - Started process (PID=2370) to work on /home/airflow/.local/lib/python3.12/site-packages/airflow/example_dags/example_task_group_decorator.py
[2024-07-23T02:18:11.678+0000] {processor.py:830} INFO - Processing file /home/airflow/.local/lib/python3.12/site-packages/airflow/example_dags/example_task_group_decorator.py for tasks to queue
[2024-07-23T02:18:11.685+0000] {logging_mixin.py:188} INFO - [2024-07-23T02:18:11.684+0000] {dagbag.py:545} INFO - Filling up the DagBag from /home/airflow/.local/lib/python3.12/site-packages/airflow/example_dags/example_task_group_decorator.py
[2024-07-23T02:18:11.755+0000] {processor.py:840} INFO - DAG(s) 'example_task_group_decorator' retrieved from /home/airflow/.local/lib/python3.12/site-packages/airflow/example_dags/example_task_group_decorator.py
[2024-07-23T02:18:11.878+0000] {logging_mixin.py:188} INFO - [2024-07-23T02:18:11.877+0000] {dag.py:3089} INFO - Sync 1 DAGs
[2024-07-23T02:18:11.992+0000] {logging_mixin.py:188} INFO - [2024-07-23T02:18:11.991+0000] {dag.py:3947} INFO - Setting next_dagrun for example_task_group_decorator to 2024-07-22 00:00:00+00:00, run_after=2024-07-23 00:00:00+00:00
[2024-07-23T02:18:12.065+0000] {processor.py:183} INFO - Processing /home/airflow/.local/lib/python3.12/site-packages/airflow/example_dags/example_task_group_decorator.py took 0.418 seconds
[2024-07-23T02:18:42.570+0000] {processor.py:161} INFO - Started process (PID=2430) to work on /home/airflow/.local/lib/python3.12/site-packages/airflow/example_dags/example_task_group_decorator.py
[2024-07-23T02:18:42.573+0000] {processor.py:830} INFO - Processing file /home/airflow/.local/lib/python3.12/site-packages/airflow/example_dags/example_task_group_decorator.py for tasks to queue
[2024-07-23T02:18:42.582+0000] {logging_mixin.py:188} INFO - [2024-07-23T02:18:42.581+0000] {dagbag.py:545} INFO - Filling up the DagBag from /home/airflow/.local/lib/python3.12/site-packages/airflow/example_dags/example_task_group_decorator.py
[2024-07-23T02:18:42.670+0000] {processor.py:840} INFO - DAG(s) 'example_task_group_decorator' retrieved from /home/airflow/.local/lib/python3.12/site-packages/airflow/example_dags/example_task_group_decorator.py
[2024-07-23T02:18:42.800+0000] {logging_mixin.py:188} INFO - [2024-07-23T02:18:42.799+0000] {dag.py:3089} INFO - Sync 1 DAGs
[2024-07-23T02:18:42.923+0000] {logging_mixin.py:188} INFO - [2024-07-23T02:18:42.922+0000] {dag.py:3947} INFO - Setting next_dagrun for example_task_group_decorator to 2024-07-22 00:00:00+00:00, run_after=2024-07-23 00:00:00+00:00
[2024-07-23T02:18:43.010+0000] {processor.py:183} INFO - Processing /home/airflow/.local/lib/python3.12/site-packages/airflow/example_dags/example_task_group_decorator.py took 0.474 seconds
[2024-07-23T02:19:13.276+0000] {processor.py:161} INFO - Started process (PID=2491) to work on /home/airflow/.local/lib/python3.12/site-packages/airflow/example_dags/example_task_group_decorator.py
[2024-07-23T02:19:13.280+0000] {processor.py:830} INFO - Processing file /home/airflow/.local/lib/python3.12/site-packages/airflow/example_dags/example_task_group_decorator.py for tasks to queue
[2024-07-23T02:19:13.289+0000] {logging_mixin.py:188} INFO - [2024-07-23T02:19:13.287+0000] {dagbag.py:545} INFO - Filling up the DagBag from /home/airflow/.local/lib/python3.12/site-packages/airflow/example_dags/example_task_group_decorator.py
[2024-07-23T02:19:13.366+0000] {processor.py:840} INFO - DAG(s) 'example_task_group_decorator' retrieved from /home/airflow/.local/lib/python3.12/site-packages/airflow/example_dags/example_task_group_decorator.py
[2024-07-23T02:19:13.478+0000] {logging_mixin.py:188} INFO - [2024-07-23T02:19:13.477+0000] {dag.py:3089} INFO - Sync 1 DAGs
[2024-07-23T02:19:13.567+0000] {logging_mixin.py:188} INFO - [2024-07-23T02:19:13.566+0000] {dag.py:3947} INFO - Setting next_dagrun for example_task_group_decorator to 2024-07-22 00:00:00+00:00, run_after=2024-07-23 00:00:00+00:00
[2024-07-23T02:19:13.649+0000] {processor.py:183} INFO - Processing /home/airflow/.local/lib/python3.12/site-packages/airflow/example_dags/example_task_group_decorator.py took 0.405 seconds
[2024-07-23T02:19:44.407+0000] {processor.py:161} INFO - Started process (PID=2549) to work on /home/airflow/.local/lib/python3.12/site-packages/airflow/example_dags/example_task_group_decorator.py
[2024-07-23T02:19:44.408+0000] {processor.py:830} INFO - Processing file /home/airflow/.local/lib/python3.12/site-packages/airflow/example_dags/example_task_group_decorator.py for tasks to queue
[2024-07-23T02:19:44.410+0000] {logging_mixin.py:188} INFO - [2024-07-23T02:19:44.410+0000] {dagbag.py:545} INFO - Filling up the DagBag from /home/airflow/.local/lib/python3.12/site-packages/airflow/example_dags/example_task_group_decorator.py
[2024-07-23T02:19:44.432+0000] {processor.py:840} INFO - DAG(s) 'example_task_group_decorator' retrieved from /home/airflow/.local/lib/python3.12/site-packages/airflow/example_dags/example_task_group_decorator.py
[2024-07-23T02:19:44.468+0000] {logging_mixin.py:188} INFO - [2024-07-23T02:19:44.468+0000] {dag.py:3089} INFO - Sync 1 DAGs
[2024-07-23T02:19:44.498+0000] {logging_mixin.py:188} INFO - [2024-07-23T02:19:44.498+0000] {dag.py:3947} INFO - Setting next_dagrun for example_task_group_decorator to 2024-07-22 00:00:00+00:00, run_after=2024-07-23 00:00:00+00:00
[2024-07-23T02:19:44.528+0000] {processor.py:183} INFO - Processing /home/airflow/.local/lib/python3.12/site-packages/airflow/example_dags/example_task_group_decorator.py took 0.131 seconds
[2024-07-23T02:20:15.134+0000] {processor.py:161} INFO - Started process (PID=2608) to work on /home/airflow/.local/lib/python3.12/site-packages/airflow/example_dags/example_task_group_decorator.py
[2024-07-23T02:20:15.137+0000] {processor.py:830} INFO - Processing file /home/airflow/.local/lib/python3.12/site-packages/airflow/example_dags/example_task_group_decorator.py for tasks to queue
[2024-07-23T02:20:15.143+0000] {logging_mixin.py:188} INFO - [2024-07-23T02:20:15.141+0000] {dagbag.py:545} INFO - Filling up the DagBag from /home/airflow/.local/lib/python3.12/site-packages/airflow/example_dags/example_task_group_decorator.py
[2024-07-23T02:20:15.188+0000] {processor.py:840} INFO - DAG(s) 'example_task_group_decorator' retrieved from /home/airflow/.local/lib/python3.12/site-packages/airflow/example_dags/example_task_group_decorator.py
[2024-07-23T02:20:15.260+0000] {logging_mixin.py:188} INFO - [2024-07-23T02:20:15.259+0000] {dag.py:3089} INFO - Sync 1 DAGs
[2024-07-23T02:20:15.328+0000] {logging_mixin.py:188} INFO - [2024-07-23T02:20:15.327+0000] {dag.py:3947} INFO - Setting next_dagrun for example_task_group_decorator to 2024-07-22 00:00:00+00:00, run_after=2024-07-23 00:00:00+00:00
[2024-07-23T02:20:15.385+0000] {processor.py:183} INFO - Processing /home/airflow/.local/lib/python3.12/site-packages/airflow/example_dags/example_task_group_decorator.py took 0.267 seconds
[2024-07-23T02:20:45.603+0000] {processor.py:161} INFO - Started process (PID=2666) to work on /home/airflow/.local/lib/python3.12/site-packages/airflow/example_dags/example_task_group_decorator.py
[2024-07-23T02:20:45.604+0000] {processor.py:830} INFO - Processing file /home/airflow/.local/lib/python3.12/site-packages/airflow/example_dags/example_task_group_decorator.py for tasks to queue
[2024-07-23T02:20:45.607+0000] {logging_mixin.py:188} INFO - [2024-07-23T02:20:45.606+0000] {dagbag.py:545} INFO - Filling up the DagBag from /home/airflow/.local/lib/python3.12/site-packages/airflow/example_dags/example_task_group_decorator.py
[2024-07-23T02:20:45.625+0000] {processor.py:840} INFO - DAG(s) 'example_task_group_decorator' retrieved from /home/airflow/.local/lib/python3.12/site-packages/airflow/example_dags/example_task_group_decorator.py
[2024-07-23T02:20:45.670+0000] {logging_mixin.py:188} INFO - [2024-07-23T02:20:45.670+0000] {dag.py:3089} INFO - Sync 1 DAGs
[2024-07-23T02:20:45.702+0000] {logging_mixin.py:188} INFO - [2024-07-23T02:20:45.702+0000] {dag.py:3947} INFO - Setting next_dagrun for example_task_group_decorator to 2024-07-22 00:00:00+00:00, run_after=2024-07-23 00:00:00+00:00
[2024-07-23T02:20:45.738+0000] {processor.py:183} INFO - Processing /home/airflow/.local/lib/python3.12/site-packages/airflow/example_dags/example_task_group_decorator.py took 0.143 seconds
[2024-07-23T02:21:15.772+0000] {processor.py:161} INFO - Started process (PID=2725) to work on /home/airflow/.local/lib/python3.12/site-packages/airflow/example_dags/example_task_group_decorator.py
[2024-07-23T02:21:15.773+0000] {processor.py:830} INFO - Processing file /home/airflow/.local/lib/python3.12/site-packages/airflow/example_dags/example_task_group_decorator.py for tasks to queue
[2024-07-23T02:21:15.775+0000] {logging_mixin.py:188} INFO - [2024-07-23T02:21:15.775+0000] {dagbag.py:545} INFO - Filling up the DagBag from /home/airflow/.local/lib/python3.12/site-packages/airflow/example_dags/example_task_group_decorator.py
[2024-07-23T02:21:15.791+0000] {processor.py:840} INFO - DAG(s) 'example_task_group_decorator' retrieved from /home/airflow/.local/lib/python3.12/site-packages/airflow/example_dags/example_task_group_decorator.py
[2024-07-23T02:21:15.820+0000] {logging_mixin.py:188} INFO - [2024-07-23T02:21:15.820+0000] {dag.py:3089} INFO - Sync 1 DAGs
[2024-07-23T02:21:15.842+0000] {logging_mixin.py:188} INFO - [2024-07-23T02:21:15.842+0000] {dag.py:3947} INFO - Setting next_dagrun for example_task_group_decorator to 2024-07-22 00:00:00+00:00, run_after=2024-07-23 00:00:00+00:00
[2024-07-23T02:21:15.869+0000] {processor.py:183} INFO - Processing /home/airflow/.local/lib/python3.12/site-packages/airflow/example_dags/example_task_group_decorator.py took 0.105 seconds
[2024-07-23T02:21:46.022+0000] {processor.py:161} INFO - Started process (PID=2785) to work on /home/airflow/.local/lib/python3.12/site-packages/airflow/example_dags/example_task_group_decorator.py
[2024-07-23T02:21:46.023+0000] {processor.py:830} INFO - Processing file /home/airflow/.local/lib/python3.12/site-packages/airflow/example_dags/example_task_group_decorator.py for tasks to queue
[2024-07-23T02:21:46.024+0000] {logging_mixin.py:188} INFO - [2024-07-23T02:21:46.024+0000] {dagbag.py:545} INFO - Filling up the DagBag from /home/airflow/.local/lib/python3.12/site-packages/airflow/example_dags/example_task_group_decorator.py
[2024-07-23T02:21:46.042+0000] {processor.py:840} INFO - DAG(s) 'example_task_group_decorator' retrieved from /home/airflow/.local/lib/python3.12/site-packages/airflow/example_dags/example_task_group_decorator.py
[2024-07-23T02:21:46.075+0000] {logging_mixin.py:188} INFO - [2024-07-23T02:21:46.075+0000] {dag.py:3089} INFO - Sync 1 DAGs
[2024-07-23T02:21:46.106+0000] {logging_mixin.py:188} INFO - [2024-07-23T02:21:46.106+0000] {dag.py:3947} INFO - Setting next_dagrun for example_task_group_decorator to 2024-07-22 00:00:00+00:00, run_after=2024-07-23 00:00:00+00:00
[2024-07-23T02:21:46.131+0000] {processor.py:183} INFO - Processing /home/airflow/.local/lib/python3.12/site-packages/airflow/example_dags/example_task_group_decorator.py took 0.118 seconds
[2024-07-23T02:22:16.283+0000] {processor.py:161} INFO - Started process (PID=2844) to work on /home/airflow/.local/lib/python3.12/site-packages/airflow/example_dags/example_task_group_decorator.py
[2024-07-23T02:22:16.284+0000] {processor.py:830} INFO - Processing file /home/airflow/.local/lib/python3.12/site-packages/airflow/example_dags/example_task_group_decorator.py for tasks to queue
[2024-07-23T02:22:16.287+0000] {logging_mixin.py:188} INFO - [2024-07-23T02:22:16.286+0000] {dagbag.py:545} INFO - Filling up the DagBag from /home/airflow/.local/lib/python3.12/site-packages/airflow/example_dags/example_task_group_decorator.py
[2024-07-23T02:22:16.306+0000] {processor.py:840} INFO - DAG(s) 'example_task_group_decorator' retrieved from /home/airflow/.local/lib/python3.12/site-packages/airflow/example_dags/example_task_group_decorator.py
[2024-07-23T02:22:16.337+0000] {logging_mixin.py:188} INFO - [2024-07-23T02:22:16.337+0000] {dag.py:3089} INFO - Sync 1 DAGs
[2024-07-23T02:22:16.364+0000] {logging_mixin.py:188} INFO - [2024-07-23T02:22:16.364+0000] {dag.py:3947} INFO - Setting next_dagrun for example_task_group_decorator to 2024-07-22 00:00:00+00:00, run_after=2024-07-23 00:00:00+00:00
[2024-07-23T02:22:16.388+0000] {processor.py:183} INFO - Processing /home/airflow/.local/lib/python3.12/site-packages/airflow/example_dags/example_task_group_decorator.py took 0.115 seconds
[2024-07-23T02:22:46.569+0000] {processor.py:161} INFO - Started process (PID=2903) to work on /home/airflow/.local/lib/python3.12/site-packages/airflow/example_dags/example_task_group_decorator.py
[2024-07-23T02:22:46.570+0000] {processor.py:830} INFO - Processing file /home/airflow/.local/lib/python3.12/site-packages/airflow/example_dags/example_task_group_decorator.py for tasks to queue
[2024-07-23T02:22:46.572+0000] {logging_mixin.py:188} INFO - [2024-07-23T02:22:46.572+0000] {dagbag.py:545} INFO - Filling up the DagBag from /home/airflow/.local/lib/python3.12/site-packages/airflow/example_dags/example_task_group_decorator.py
[2024-07-23T02:22:46.589+0000] {processor.py:840} INFO - DAG(s) 'example_task_group_decorator' retrieved from /home/airflow/.local/lib/python3.12/site-packages/airflow/example_dags/example_task_group_decorator.py
[2024-07-23T02:22:46.619+0000] {logging_mixin.py:188} INFO - [2024-07-23T02:22:46.618+0000] {dag.py:3089} INFO - Sync 1 DAGs
[2024-07-23T02:22:46.644+0000] {logging_mixin.py:188} INFO - [2024-07-23T02:22:46.644+0000] {dag.py:3947} INFO - Setting next_dagrun for example_task_group_decorator to 2024-07-22 00:00:00+00:00, run_after=2024-07-23 00:00:00+00:00
[2024-07-23T02:22:46.667+0000] {processor.py:183} INFO - Processing /home/airflow/.local/lib/python3.12/site-packages/airflow/example_dags/example_task_group_decorator.py took 0.105 seconds
[2024-07-23T02:23:16.732+0000] {processor.py:161} INFO - Started process (PID=2969) to work on /home/airflow/.local/lib/python3.12/site-packages/airflow/example_dags/example_task_group_decorator.py
[2024-07-23T02:23:16.733+0000] {processor.py:830} INFO - Processing file /home/airflow/.local/lib/python3.12/site-packages/airflow/example_dags/example_task_group_decorator.py for tasks to queue
[2024-07-23T02:23:16.735+0000] {logging_mixin.py:188} INFO - [2024-07-23T02:23:16.735+0000] {dagbag.py:545} INFO - Filling up the DagBag from /home/airflow/.local/lib/python3.12/site-packages/airflow/example_dags/example_task_group_decorator.py
[2024-07-23T02:23:16.758+0000] {processor.py:840} INFO - DAG(s) 'example_task_group_decorator' retrieved from /home/airflow/.local/lib/python3.12/site-packages/airflow/example_dags/example_task_group_decorator.py
[2024-07-23T02:23:16.802+0000] {logging_mixin.py:188} INFO - [2024-07-23T02:23:16.802+0000] {dag.py:3089} INFO - Sync 1 DAGs
[2024-07-23T02:23:16.832+0000] {logging_mixin.py:188} INFO - [2024-07-23T02:23:16.831+0000] {dag.py:3947} INFO - Setting next_dagrun for example_task_group_decorator to 2024-07-22 00:00:00+00:00, run_after=2024-07-23 00:00:00+00:00
[2024-07-23T02:23:16.860+0000] {processor.py:183} INFO - Processing /home/airflow/.local/lib/python3.12/site-packages/airflow/example_dags/example_task_group_decorator.py took 0.136 seconds
[2024-07-23T02:23:47.465+0000] {processor.py:161} INFO - Started process (PID=3027) to work on /home/airflow/.local/lib/python3.12/site-packages/airflow/example_dags/example_task_group_decorator.py
[2024-07-23T02:23:47.469+0000] {processor.py:830} INFO - Processing file /home/airflow/.local/lib/python3.12/site-packages/airflow/example_dags/example_task_group_decorator.py for tasks to queue
[2024-07-23T02:23:47.478+0000] {logging_mixin.py:188} INFO - [2024-07-23T02:23:47.476+0000] {dagbag.py:545} INFO - Filling up the DagBag from /home/airflow/.local/lib/python3.12/site-packages/airflow/example_dags/example_task_group_decorator.py
[2024-07-23T02:23:47.569+0000] {processor.py:840} INFO - DAG(s) 'example_task_group_decorator' retrieved from /home/airflow/.local/lib/python3.12/site-packages/airflow/example_dags/example_task_group_decorator.py
[2024-07-23T02:23:47.687+0000] {logging_mixin.py:188} INFO - [2024-07-23T02:23:47.686+0000] {dag.py:3089} INFO - Sync 1 DAGs
[2024-07-23T02:23:47.775+0000] {logging_mixin.py:188} INFO - [2024-07-23T02:23:47.774+0000] {dag.py:3947} INFO - Setting next_dagrun for example_task_group_decorator to 2024-07-22 00:00:00+00:00, run_after=2024-07-23 00:00:00+00:00
[2024-07-23T02:23:47.846+0000] {processor.py:183} INFO - Processing /home/airflow/.local/lib/python3.12/site-packages/airflow/example_dags/example_task_group_decorator.py took 0.415 seconds
[2024-07-23T02:24:18.432+0000] {processor.py:161} INFO - Started process (PID=3086) to work on /home/airflow/.local/lib/python3.12/site-packages/airflow/example_dags/example_task_group_decorator.py
[2024-07-23T02:24:18.435+0000] {processor.py:830} INFO - Processing file /home/airflow/.local/lib/python3.12/site-packages/airflow/example_dags/example_task_group_decorator.py for tasks to queue
[2024-07-23T02:24:18.441+0000] {logging_mixin.py:188} INFO - [2024-07-23T02:24:18.440+0000] {dagbag.py:545} INFO - Filling up the DagBag from /home/airflow/.local/lib/python3.12/site-packages/airflow/example_dags/example_task_group_decorator.py
[2024-07-23T02:24:18.498+0000] {processor.py:840} INFO - DAG(s) 'example_task_group_decorator' retrieved from /home/airflow/.local/lib/python3.12/site-packages/airflow/example_dags/example_task_group_decorator.py
[2024-07-23T02:24:18.670+0000] {logging_mixin.py:188} INFO - [2024-07-23T02:24:18.669+0000] {dag.py:3089} INFO - Sync 1 DAGs
[2024-07-23T02:24:18.801+0000] {logging_mixin.py:188} INFO - [2024-07-23T02:24:18.800+0000] {dag.py:3947} INFO - Setting next_dagrun for example_task_group_decorator to 2024-07-22 00:00:00+00:00, run_after=2024-07-23 00:00:00+00:00
[2024-07-23T02:24:18.898+0000] {processor.py:183} INFO - Processing /home/airflow/.local/lib/python3.12/site-packages/airflow/example_dags/example_task_group_decorator.py took 0.488 seconds
[2024-07-23T02:24:49.503+0000] {processor.py:161} INFO - Started process (PID=3143) to work on /home/airflow/.local/lib/python3.12/site-packages/airflow/example_dags/example_task_group_decorator.py
[2024-07-23T02:24:49.508+0000] {processor.py:830} INFO - Processing file /home/airflow/.local/lib/python3.12/site-packages/airflow/example_dags/example_task_group_decorator.py for tasks to queue
[2024-07-23T02:24:49.516+0000] {logging_mixin.py:188} INFO - [2024-07-23T02:24:49.514+0000] {dagbag.py:545} INFO - Filling up the DagBag from /home/airflow/.local/lib/python3.12/site-packages/airflow/example_dags/example_task_group_decorator.py
[2024-07-23T02:24:49.599+0000] {processor.py:840} INFO - DAG(s) 'example_task_group_decorator' retrieved from /home/airflow/.local/lib/python3.12/site-packages/airflow/example_dags/example_task_group_decorator.py
[2024-07-23T02:24:49.709+0000] {logging_mixin.py:188} INFO - [2024-07-23T02:24:49.708+0000] {dag.py:3089} INFO - Sync 1 DAGs
[2024-07-23T02:24:49.809+0000] {logging_mixin.py:188} INFO - [2024-07-23T02:24:49.808+0000] {dag.py:3947} INFO - Setting next_dagrun for example_task_group_decorator to 2024-07-22 00:00:00+00:00, run_after=2024-07-23 00:00:00+00:00
[2024-07-23T02:24:49.895+0000] {processor.py:183} INFO - Processing /home/airflow/.local/lib/python3.12/site-packages/airflow/example_dags/example_task_group_decorator.py took 0.424 seconds
[2024-07-23T02:25:19.985+0000] {processor.py:161} INFO - Started process (PID=3201) to work on /home/airflow/.local/lib/python3.12/site-packages/airflow/example_dags/example_task_group_decorator.py
[2024-07-23T02:25:19.985+0000] {processor.py:830} INFO - Processing file /home/airflow/.local/lib/python3.12/site-packages/airflow/example_dags/example_task_group_decorator.py for tasks to queue
[2024-07-23T02:25:19.987+0000] {logging_mixin.py:188} INFO - [2024-07-23T02:25:19.987+0000] {dagbag.py:545} INFO - Filling up the DagBag from /home/airflow/.local/lib/python3.12/site-packages/airflow/example_dags/example_task_group_decorator.py
[2024-07-23T02:25:20.008+0000] {processor.py:840} INFO - DAG(s) 'example_task_group_decorator' retrieved from /home/airflow/.local/lib/python3.12/site-packages/airflow/example_dags/example_task_group_decorator.py
[2024-07-23T02:25:20.044+0000] {logging_mixin.py:188} INFO - [2024-07-23T02:25:20.044+0000] {dag.py:3089} INFO - Sync 1 DAGs
[2024-07-23T02:25:20.070+0000] {logging_mixin.py:188} INFO - [2024-07-23T02:25:20.070+0000] {dag.py:3947} INFO - Setting next_dagrun for example_task_group_decorator to 2024-07-22 00:00:00+00:00, run_after=2024-07-23 00:00:00+00:00
[2024-07-23T02:25:20.095+0000] {processor.py:183} INFO - Processing /home/airflow/.local/lib/python3.12/site-packages/airflow/example_dags/example_task_group_decorator.py took 0.118 seconds
[2024-07-23T02:25:50.144+0000] {processor.py:161} INFO - Started process (PID=3260) to work on /home/airflow/.local/lib/python3.12/site-packages/airflow/example_dags/example_task_group_decorator.py
[2024-07-23T02:25:50.145+0000] {processor.py:830} INFO - Processing file /home/airflow/.local/lib/python3.12/site-packages/airflow/example_dags/example_task_group_decorator.py for tasks to queue
[2024-07-23T02:25:50.148+0000] {logging_mixin.py:188} INFO - [2024-07-23T02:25:50.147+0000] {dagbag.py:545} INFO - Filling up the DagBag from /home/airflow/.local/lib/python3.12/site-packages/airflow/example_dags/example_task_group_decorator.py
[2024-07-23T02:25:50.165+0000] {processor.py:840} INFO - DAG(s) 'example_task_group_decorator' retrieved from /home/airflow/.local/lib/python3.12/site-packages/airflow/example_dags/example_task_group_decorator.py
[2024-07-23T02:25:50.197+0000] {logging_mixin.py:188} INFO - [2024-07-23T02:25:50.197+0000] {dag.py:3089} INFO - Sync 1 DAGs
[2024-07-23T02:25:50.229+0000] {logging_mixin.py:188} INFO - [2024-07-23T02:25:50.229+0000] {dag.py:3947} INFO - Setting next_dagrun for example_task_group_decorator to 2024-07-22 00:00:00+00:00, run_after=2024-07-23 00:00:00+00:00
[2024-07-23T02:25:50.256+0000] {processor.py:183} INFO - Processing /home/airflow/.local/lib/python3.12/site-packages/airflow/example_dags/example_task_group_decorator.py took 0.120 seconds
[2024-07-23T02:26:20.311+0000] {processor.py:161} INFO - Started process (PID=3318) to work on /home/airflow/.local/lib/python3.12/site-packages/airflow/example_dags/example_task_group_decorator.py
[2024-07-23T02:26:20.312+0000] {processor.py:830} INFO - Processing file /home/airflow/.local/lib/python3.12/site-packages/airflow/example_dags/example_task_group_decorator.py for tasks to queue
[2024-07-23T02:26:20.313+0000] {logging_mixin.py:188} INFO - [2024-07-23T02:26:20.313+0000] {dagbag.py:545} INFO - Filling up the DagBag from /home/airflow/.local/lib/python3.12/site-packages/airflow/example_dags/example_task_group_decorator.py
[2024-07-23T02:26:20.332+0000] {processor.py:840} INFO - DAG(s) 'example_task_group_decorator' retrieved from /home/airflow/.local/lib/python3.12/site-packages/airflow/example_dags/example_task_group_decorator.py
[2024-07-23T02:26:20.363+0000] {logging_mixin.py:188} INFO - [2024-07-23T02:26:20.363+0000] {dag.py:3089} INFO - Sync 1 DAGs
[2024-07-23T02:26:20.389+0000] {logging_mixin.py:188} INFO - [2024-07-23T02:26:20.388+0000] {dag.py:3947} INFO - Setting next_dagrun for example_task_group_decorator to 2024-07-22 00:00:00+00:00, run_after=2024-07-23 00:00:00+00:00
[2024-07-23T02:26:20.412+0000] {processor.py:183} INFO - Processing /home/airflow/.local/lib/python3.12/site-packages/airflow/example_dags/example_task_group_decorator.py took 0.107 seconds
[2024-07-23T02:26:50.863+0000] {processor.py:161} INFO - Started process (PID=3377) to work on /home/airflow/.local/lib/python3.12/site-packages/airflow/example_dags/example_task_group_decorator.py
[2024-07-23T02:26:50.866+0000] {processor.py:830} INFO - Processing file /home/airflow/.local/lib/python3.12/site-packages/airflow/example_dags/example_task_group_decorator.py for tasks to queue
[2024-07-23T02:26:50.874+0000] {logging_mixin.py:188} INFO - [2024-07-23T02:26:50.873+0000] {dagbag.py:545} INFO - Filling up the DagBag from /home/airflow/.local/lib/python3.12/site-packages/airflow/example_dags/example_task_group_decorator.py
[2024-07-23T02:26:50.936+0000] {processor.py:840} INFO - DAG(s) 'example_task_group_decorator' retrieved from /home/airflow/.local/lib/python3.12/site-packages/airflow/example_dags/example_task_group_decorator.py
[2024-07-23T02:26:51.042+0000] {logging_mixin.py:188} INFO - [2024-07-23T02:26:51.042+0000] {dag.py:3089} INFO - Sync 1 DAGs
[2024-07-23T02:26:51.129+0000] {logging_mixin.py:188} INFO - [2024-07-23T02:26:51.128+0000] {dag.py:3947} INFO - Setting next_dagrun for example_task_group_decorator to 2024-07-22 00:00:00+00:00, run_after=2024-07-23 00:00:00+00:00
[2024-07-23T02:26:51.200+0000] {processor.py:183} INFO - Processing /home/airflow/.local/lib/python3.12/site-packages/airflow/example_dags/example_task_group_decorator.py took 0.362 seconds
[2024-07-23T02:27:21.568+0000] {processor.py:161} INFO - Started process (PID=3436) to work on /home/airflow/.local/lib/python3.12/site-packages/airflow/example_dags/example_task_group_decorator.py
[2024-07-23T02:27:21.570+0000] {processor.py:830} INFO - Processing file /home/airflow/.local/lib/python3.12/site-packages/airflow/example_dags/example_task_group_decorator.py for tasks to queue
[2024-07-23T02:27:21.576+0000] {logging_mixin.py:188} INFO - [2024-07-23T02:27:21.575+0000] {dagbag.py:545} INFO - Filling up the DagBag from /home/airflow/.local/lib/python3.12/site-packages/airflow/example_dags/example_task_group_decorator.py
[2024-07-23T02:27:21.638+0000] {processor.py:840} INFO - DAG(s) 'example_task_group_decorator' retrieved from /home/airflow/.local/lib/python3.12/site-packages/airflow/example_dags/example_task_group_decorator.py
[2024-07-23T02:27:21.766+0000] {logging_mixin.py:188} INFO - [2024-07-23T02:27:21.764+0000] {dag.py:3089} INFO - Sync 1 DAGs
[2024-07-23T02:27:21.884+0000] {logging_mixin.py:188} INFO - [2024-07-23T02:27:21.883+0000] {dag.py:3947} INFO - Setting next_dagrun for example_task_group_decorator to 2024-07-22 00:00:00+00:00, run_after=2024-07-23 00:00:00+00:00
[2024-07-23T02:27:21.961+0000] {processor.py:183} INFO - Processing /home/airflow/.local/lib/python3.12/site-packages/airflow/example_dags/example_task_group_decorator.py took 0.419 seconds
[2024-07-23T02:27:52.572+0000] {processor.py:161} INFO - Started process (PID=3495) to work on /home/airflow/.local/lib/python3.12/site-packages/airflow/example_dags/example_task_group_decorator.py
[2024-07-23T02:27:52.573+0000] {processor.py:830} INFO - Processing file /home/airflow/.local/lib/python3.12/site-packages/airflow/example_dags/example_task_group_decorator.py for tasks to queue
[2024-07-23T02:27:52.575+0000] {logging_mixin.py:188} INFO - [2024-07-23T02:27:52.575+0000] {dagbag.py:545} INFO - Filling up the DagBag from /home/airflow/.local/lib/python3.12/site-packages/airflow/example_dags/example_task_group_decorator.py
[2024-07-23T02:27:52.591+0000] {processor.py:840} INFO - DAG(s) 'example_task_group_decorator' retrieved from /home/airflow/.local/lib/python3.12/site-packages/airflow/example_dags/example_task_group_decorator.py
[2024-07-23T02:27:52.622+0000] {logging_mixin.py:188} INFO - [2024-07-23T02:27:52.621+0000] {dag.py:3089} INFO - Sync 1 DAGs
[2024-07-23T02:27:52.646+0000] {logging_mixin.py:188} INFO - [2024-07-23T02:27:52.646+0000] {dag.py:3947} INFO - Setting next_dagrun for example_task_group_decorator to 2024-07-22 00:00:00+00:00, run_after=2024-07-23 00:00:00+00:00
[2024-07-23T02:27:52.671+0000] {processor.py:183} INFO - Processing /home/airflow/.local/lib/python3.12/site-packages/airflow/example_dags/example_task_group_decorator.py took 0.107 seconds
