[2024-07-23T01:58:21.504+0000] {processor.py:161} INFO - Started process (PID=86) to work on /home/airflow/.local/lib/python3.12/site-packages/airflow/example_dags/example_sla_dag.py
[2024-07-23T01:58:21.504+0000] {processor.py:830} INFO - Processing file /home/airflow/.local/lib/python3.12/site-packages/airflow/example_dags/example_sla_dag.py for tasks to queue
[2024-07-23T01:58:21.506+0000] {logging_mixin.py:188} INFO - [2024-07-23T01:58:21.506+0000] {dagbag.py:545} INFO - Filling up the DagBag from /home/airflow/.local/lib/python3.12/site-packages/airflow/example_dags/example_sla_dag.py
[2024-07-23T01:58:21.517+0000] {processor.py:840} INFO - DAG(s) 'example_sla_dag' retrieved from /home/airflow/.local/lib/python3.12/site-packages/airflow/example_dags/example_sla_dag.py
[2024-07-23T01:58:21.655+0000] {logging_mixin.py:188} INFO - [2024-07-23T01:58:21.655+0000] {dag.py:3089} INFO - Sync 1 DAGs
[2024-07-23T01:58:21.681+0000] {logging_mixin.py:188} INFO - [2024-07-23T01:58:21.680+0000] {dag.py:3947} INFO - Setting next_dagrun for example_sla_dag to 2024-07-23 01:56:00+00:00, run_after=2024-07-23 01:58:00+00:00
[2024-07-23T01:58:21.704+0000] {processor.py:183} INFO - Processing /home/airflow/.local/lib/python3.12/site-packages/airflow/example_dags/example_sla_dag.py took 0.206 seconds
[2024-07-23T01:58:51.741+0000] {processor.py:161} INFO - Started process (PID=143) to work on /home/airflow/.local/lib/python3.12/site-packages/airflow/example_dags/example_sla_dag.py
[2024-07-23T01:58:51.742+0000] {processor.py:830} INFO - Processing file /home/airflow/.local/lib/python3.12/site-packages/airflow/example_dags/example_sla_dag.py for tasks to queue
[2024-07-23T01:58:51.744+0000] {logging_mixin.py:188} INFO - [2024-07-23T01:58:51.744+0000] {dagbag.py:545} INFO - Filling up the DagBag from /home/airflow/.local/lib/python3.12/site-packages/airflow/example_dags/example_sla_dag.py
[2024-07-23T01:58:51.754+0000] {processor.py:840} INFO - DAG(s) 'example_sla_dag' retrieved from /home/airflow/.local/lib/python3.12/site-packages/airflow/example_dags/example_sla_dag.py
[2024-07-23T01:58:51.777+0000] {logging_mixin.py:188} INFO - [2024-07-23T01:58:51.777+0000] {dag.py:3089} INFO - Sync 1 DAGs
[2024-07-23T01:58:51.803+0000] {logging_mixin.py:188} INFO - [2024-07-23T01:58:51.802+0000] {dag.py:3947} INFO - Setting next_dagrun for example_sla_dag to 2024-07-23 01:56:00+00:00, run_after=2024-07-23 01:58:00+00:00
[2024-07-23T01:58:51.825+0000] {processor.py:183} INFO - Processing /home/airflow/.local/lib/python3.12/site-packages/airflow/example_dags/example_sla_dag.py took 0.090 seconds
[2024-07-23T01:59:22.237+0000] {processor.py:161} INFO - Started process (PID=202) to work on /home/airflow/.local/lib/python3.12/site-packages/airflow/example_dags/example_sla_dag.py
[2024-07-23T01:59:22.239+0000] {processor.py:830} INFO - Processing file /home/airflow/.local/lib/python3.12/site-packages/airflow/example_dags/example_sla_dag.py for tasks to queue
[2024-07-23T01:59:22.242+0000] {logging_mixin.py:188} INFO - [2024-07-23T01:59:22.241+0000] {dagbag.py:545} INFO - Filling up the DagBag from /home/airflow/.local/lib/python3.12/site-packages/airflow/example_dags/example_sla_dag.py
[2024-07-23T01:59:22.254+0000] {processor.py:840} INFO - DAG(s) 'example_sla_dag' retrieved from /home/airflow/.local/lib/python3.12/site-packages/airflow/example_dags/example_sla_dag.py
[2024-07-23T01:59:22.284+0000] {logging_mixin.py:188} INFO - [2024-07-23T01:59:22.284+0000] {dag.py:3089} INFO - Sync 1 DAGs
[2024-07-23T01:59:22.320+0000] {logging_mixin.py:188} INFO - [2024-07-23T01:59:22.319+0000] {dag.py:3947} INFO - Setting next_dagrun for example_sla_dag to 2024-07-23 01:56:00+00:00, run_after=2024-07-23 01:58:00+00:00
[2024-07-23T01:59:22.345+0000] {processor.py:183} INFO - Processing /home/airflow/.local/lib/python3.12/site-packages/airflow/example_dags/example_sla_dag.py took 0.116 seconds
[2024-07-23T01:59:52.616+0000] {processor.py:161} INFO - Started process (PID=260) to work on /home/airflow/.local/lib/python3.12/site-packages/airflow/example_dags/example_sla_dag.py
[2024-07-23T01:59:52.617+0000] {processor.py:830} INFO - Processing file /home/airflow/.local/lib/python3.12/site-packages/airflow/example_dags/example_sla_dag.py for tasks to queue
[2024-07-23T01:59:52.619+0000] {logging_mixin.py:188} INFO - [2024-07-23T01:59:52.619+0000] {dagbag.py:545} INFO - Filling up the DagBag from /home/airflow/.local/lib/python3.12/site-packages/airflow/example_dags/example_sla_dag.py
[2024-07-23T01:59:52.630+0000] {processor.py:840} INFO - DAG(s) 'example_sla_dag' retrieved from /home/airflow/.local/lib/python3.12/site-packages/airflow/example_dags/example_sla_dag.py
[2024-07-23T01:59:52.656+0000] {logging_mixin.py:188} INFO - [2024-07-23T01:59:52.655+0000] {dag.py:3089} INFO - Sync 1 DAGs
[2024-07-23T01:59:52.696+0000] {logging_mixin.py:188} INFO - [2024-07-23T01:59:52.696+0000] {dag.py:3947} INFO - Setting next_dagrun for example_sla_dag to 2024-07-23 01:56:00+00:00, run_after=2024-07-23 01:58:00+00:00
[2024-07-23T01:59:52.724+0000] {processor.py:183} INFO - Processing /home/airflow/.local/lib/python3.12/site-packages/airflow/example_dags/example_sla_dag.py took 0.115 seconds
[2024-07-23T02:00:22.932+0000] {processor.py:161} INFO - Started process (PID=318) to work on /home/airflow/.local/lib/python3.12/site-packages/airflow/example_dags/example_sla_dag.py
[2024-07-23T02:00:22.933+0000] {processor.py:830} INFO - Processing file /home/airflow/.local/lib/python3.12/site-packages/airflow/example_dags/example_sla_dag.py for tasks to queue
[2024-07-23T02:00:22.935+0000] {logging_mixin.py:188} INFO - [2024-07-23T02:00:22.934+0000] {dagbag.py:545} INFO - Filling up the DagBag from /home/airflow/.local/lib/python3.12/site-packages/airflow/example_dags/example_sla_dag.py
[2024-07-23T02:00:22.944+0000] {processor.py:840} INFO - DAG(s) 'example_sla_dag' retrieved from /home/airflow/.local/lib/python3.12/site-packages/airflow/example_dags/example_sla_dag.py
[2024-07-23T02:00:22.966+0000] {logging_mixin.py:188} INFO - [2024-07-23T02:00:22.965+0000] {dag.py:3089} INFO - Sync 1 DAGs
[2024-07-23T02:00:22.997+0000] {logging_mixin.py:188} INFO - [2024-07-23T02:00:22.996+0000] {dag.py:3947} INFO - Setting next_dagrun for example_sla_dag to 2024-07-23 01:58:00+00:00, run_after=2024-07-23 02:00:00+00:00
[2024-07-23T02:00:23.021+0000] {processor.py:183} INFO - Processing /home/airflow/.local/lib/python3.12/site-packages/airflow/example_dags/example_sla_dag.py took 0.096 seconds
[2024-07-23T02:00:53.312+0000] {processor.py:161} INFO - Started process (PID=375) to work on /home/airflow/.local/lib/python3.12/site-packages/airflow/example_dags/example_sla_dag.py
[2024-07-23T02:00:53.313+0000] {processor.py:830} INFO - Processing file /home/airflow/.local/lib/python3.12/site-packages/airflow/example_dags/example_sla_dag.py for tasks to queue
[2024-07-23T02:00:53.314+0000] {logging_mixin.py:188} INFO - [2024-07-23T02:00:53.314+0000] {dagbag.py:545} INFO - Filling up the DagBag from /home/airflow/.local/lib/python3.12/site-packages/airflow/example_dags/example_sla_dag.py
[2024-07-23T02:00:53.323+0000] {processor.py:840} INFO - DAG(s) 'example_sla_dag' retrieved from /home/airflow/.local/lib/python3.12/site-packages/airflow/example_dags/example_sla_dag.py
[2024-07-23T02:00:53.345+0000] {logging_mixin.py:188} INFO - [2024-07-23T02:00:53.345+0000] {dag.py:3089} INFO - Sync 1 DAGs
[2024-07-23T02:00:53.378+0000] {logging_mixin.py:188} INFO - [2024-07-23T02:00:53.378+0000] {dag.py:3947} INFO - Setting next_dagrun for example_sla_dag to 2024-07-23 01:58:00+00:00, run_after=2024-07-23 02:00:00+00:00
[2024-07-23T02:00:53.409+0000] {processor.py:183} INFO - Processing /home/airflow/.local/lib/python3.12/site-packages/airflow/example_dags/example_sla_dag.py took 0.104 seconds
[2024-07-23T02:01:24.257+0000] {processor.py:161} INFO - Started process (PID=432) to work on /home/airflow/.local/lib/python3.12/site-packages/airflow/example_dags/example_sla_dag.py
[2024-07-23T02:01:24.259+0000] {processor.py:830} INFO - Processing file /home/airflow/.local/lib/python3.12/site-packages/airflow/example_dags/example_sla_dag.py for tasks to queue
[2024-07-23T02:01:24.263+0000] {logging_mixin.py:188} INFO - [2024-07-23T02:01:24.262+0000] {dagbag.py:545} INFO - Filling up the DagBag from /home/airflow/.local/lib/python3.12/site-packages/airflow/example_dags/example_sla_dag.py
[2024-07-23T02:01:24.279+0000] {processor.py:840} INFO - DAG(s) 'example_sla_dag' retrieved from /home/airflow/.local/lib/python3.12/site-packages/airflow/example_dags/example_sla_dag.py
[2024-07-23T02:01:24.316+0000] {logging_mixin.py:188} INFO - [2024-07-23T02:01:24.316+0000] {dag.py:3089} INFO - Sync 1 DAGs
[2024-07-23T02:01:24.369+0000] {logging_mixin.py:188} INFO - [2024-07-23T02:01:24.368+0000] {dag.py:3947} INFO - Setting next_dagrun for example_sla_dag to 2024-07-23 01:58:00+00:00, run_after=2024-07-23 02:00:00+00:00
[2024-07-23T02:01:24.407+0000] {processor.py:183} INFO - Processing /home/airflow/.local/lib/python3.12/site-packages/airflow/example_dags/example_sla_dag.py took 0.161 seconds
[2024-07-23T02:01:54.591+0000] {processor.py:161} INFO - Started process (PID=489) to work on /home/airflow/.local/lib/python3.12/site-packages/airflow/example_dags/example_sla_dag.py
[2024-07-23T02:01:54.592+0000] {processor.py:830} INFO - Processing file /home/airflow/.local/lib/python3.12/site-packages/airflow/example_dags/example_sla_dag.py for tasks to queue
[2024-07-23T02:01:54.594+0000] {logging_mixin.py:188} INFO - [2024-07-23T02:01:54.594+0000] {dagbag.py:545} INFO - Filling up the DagBag from /home/airflow/.local/lib/python3.12/site-packages/airflow/example_dags/example_sla_dag.py
[2024-07-23T02:01:54.603+0000] {processor.py:840} INFO - DAG(s) 'example_sla_dag' retrieved from /home/airflow/.local/lib/python3.12/site-packages/airflow/example_dags/example_sla_dag.py
[2024-07-23T02:01:54.625+0000] {logging_mixin.py:188} INFO - [2024-07-23T02:01:54.625+0000] {dag.py:3089} INFO - Sync 1 DAGs
[2024-07-23T02:01:54.650+0000] {logging_mixin.py:188} INFO - [2024-07-23T02:01:54.650+0000] {dag.py:3947} INFO - Setting next_dagrun for example_sla_dag to 2024-07-23 01:58:00+00:00, run_after=2024-07-23 02:00:00+00:00
[2024-07-23T02:01:54.670+0000] {processor.py:183} INFO - Processing /home/airflow/.local/lib/python3.12/site-packages/airflow/example_dags/example_sla_dag.py took 0.086 seconds
[2024-07-23T02:02:24.832+0000] {processor.py:161} INFO - Started process (PID=548) to work on /home/airflow/.local/lib/python3.12/site-packages/airflow/example_dags/example_sla_dag.py
[2024-07-23T02:02:24.834+0000] {processor.py:830} INFO - Processing file /home/airflow/.local/lib/python3.12/site-packages/airflow/example_dags/example_sla_dag.py for tasks to queue
[2024-07-23T02:02:24.837+0000] {logging_mixin.py:188} INFO - [2024-07-23T02:02:24.836+0000] {dagbag.py:545} INFO - Filling up the DagBag from /home/airflow/.local/lib/python3.12/site-packages/airflow/example_dags/example_sla_dag.py
[2024-07-23T02:02:24.850+0000] {processor.py:840} INFO - DAG(s) 'example_sla_dag' retrieved from /home/airflow/.local/lib/python3.12/site-packages/airflow/example_dags/example_sla_dag.py
[2024-07-23T02:02:24.886+0000] {logging_mixin.py:188} INFO - [2024-07-23T02:02:24.885+0000] {dag.py:3089} INFO - Sync 1 DAGs
[2024-07-23T02:02:24.936+0000] {logging_mixin.py:188} INFO - [2024-07-23T02:02:24.935+0000] {dag.py:3947} INFO - Setting next_dagrun for example_sla_dag to 2024-07-23 02:00:00+00:00, run_after=2024-07-23 02:02:00+00:00
[2024-07-23T02:02:24.968+0000] {processor.py:183} INFO - Processing /home/airflow/.local/lib/python3.12/site-packages/airflow/example_dags/example_sla_dag.py took 0.147 seconds
[2024-07-23T02:02:55.392+0000] {processor.py:161} INFO - Started process (PID=607) to work on /home/airflow/.local/lib/python3.12/site-packages/airflow/example_dags/example_sla_dag.py
[2024-07-23T02:02:55.394+0000] {processor.py:830} INFO - Processing file /home/airflow/.local/lib/python3.12/site-packages/airflow/example_dags/example_sla_dag.py for tasks to queue
[2024-07-23T02:02:55.397+0000] {logging_mixin.py:188} INFO - [2024-07-23T02:02:55.397+0000] {dagbag.py:545} INFO - Filling up the DagBag from /home/airflow/.local/lib/python3.12/site-packages/airflow/example_dags/example_sla_dag.py
[2024-07-23T02:02:55.413+0000] {processor.py:840} INFO - DAG(s) 'example_sla_dag' retrieved from /home/airflow/.local/lib/python3.12/site-packages/airflow/example_dags/example_sla_dag.py
[2024-07-23T02:02:55.452+0000] {logging_mixin.py:188} INFO - [2024-07-23T02:02:55.452+0000] {dag.py:3089} INFO - Sync 1 DAGs
[2024-07-23T02:02:55.520+0000] {logging_mixin.py:188} INFO - [2024-07-23T02:02:55.520+0000] {dag.py:3947} INFO - Setting next_dagrun for example_sla_dag to 2024-07-23 02:00:00+00:00, run_after=2024-07-23 02:02:00+00:00
[2024-07-23T02:02:55.556+0000] {processor.py:183} INFO - Processing /home/airflow/.local/lib/python3.12/site-packages/airflow/example_dags/example_sla_dag.py took 0.176 seconds
[2024-07-23T02:03:26.470+0000] {processor.py:161} INFO - Started process (PID=667) to work on /home/airflow/.local/lib/python3.12/site-packages/airflow/example_dags/example_sla_dag.py
[2024-07-23T02:03:26.472+0000] {processor.py:830} INFO - Processing file /home/airflow/.local/lib/python3.12/site-packages/airflow/example_dags/example_sla_dag.py for tasks to queue
[2024-07-23T02:03:26.474+0000] {logging_mixin.py:188} INFO - [2024-07-23T02:03:26.473+0000] {dagbag.py:545} INFO - Filling up the DagBag from /home/airflow/.local/lib/python3.12/site-packages/airflow/example_dags/example_sla_dag.py
[2024-07-23T02:03:26.486+0000] {processor.py:840} INFO - DAG(s) 'example_sla_dag' retrieved from /home/airflow/.local/lib/python3.12/site-packages/airflow/example_dags/example_sla_dag.py
[2024-07-23T02:03:26.514+0000] {logging_mixin.py:188} INFO - [2024-07-23T02:03:26.514+0000] {dag.py:3089} INFO - Sync 1 DAGs
[2024-07-23T02:03:26.550+0000] {logging_mixin.py:188} INFO - [2024-07-23T02:03:26.549+0000] {dag.py:3947} INFO - Setting next_dagrun for example_sla_dag to 2024-07-23 02:00:00+00:00, run_after=2024-07-23 02:02:00+00:00
[2024-07-23T02:03:26.578+0000] {processor.py:183} INFO - Processing /home/airflow/.local/lib/python3.12/site-packages/airflow/example_dags/example_sla_dag.py took 0.116 seconds
[2024-07-23T02:04:00.372+0000] {processor.py:161} INFO - Started process (PID=726) to work on /home/airflow/.local/lib/python3.12/site-packages/airflow/example_dags/example_sla_dag.py
[2024-07-23T02:04:00.377+0000] {processor.py:830} INFO - Processing file /home/airflow/.local/lib/python3.12/site-packages/airflow/example_dags/example_sla_dag.py for tasks to queue
[2024-07-23T02:04:00.390+0000] {logging_mixin.py:188} INFO - [2024-07-23T02:04:00.387+0000] {dagbag.py:545} INFO - Filling up the DagBag from /home/airflow/.local/lib/python3.12/site-packages/airflow/example_dags/example_sla_dag.py
[2024-07-23T02:04:00.451+0000] {processor.py:840} INFO - DAG(s) 'example_sla_dag' retrieved from /home/airflow/.local/lib/python3.12/site-packages/airflow/example_dags/example_sla_dag.py
[2024-07-23T02:04:00.609+0000] {logging_mixin.py:188} INFO - [2024-07-23T02:04:00.607+0000] {dag.py:3089} INFO - Sync 1 DAGs
[2024-07-23T02:04:00.809+0000] {logging_mixin.py:188} INFO - [2024-07-23T02:04:00.807+0000] {dag.py:3947} INFO - Setting next_dagrun for example_sla_dag to 2024-07-23 02:02:00+00:00, run_after=2024-07-23 02:04:00+00:00
[2024-07-23T02:04:00.954+0000] {processor.py:183} INFO - Processing /home/airflow/.local/lib/python3.12/site-packages/airflow/example_dags/example_sla_dag.py took 0.625 seconds
[2024-07-23T02:04:33.298+0000] {processor.py:161} INFO - Started process (PID=785) to work on /home/airflow/.local/lib/python3.12/site-packages/airflow/example_dags/example_sla_dag.py
[2024-07-23T02:04:33.302+0000] {processor.py:830} INFO - Processing file /home/airflow/.local/lib/python3.12/site-packages/airflow/example_dags/example_sla_dag.py for tasks to queue
[2024-07-23T02:04:33.311+0000] {logging_mixin.py:188} INFO - [2024-07-23T02:04:33.309+0000] {dagbag.py:545} INFO - Filling up the DagBag from /home/airflow/.local/lib/python3.12/site-packages/airflow/example_dags/example_sla_dag.py
[2024-07-23T02:04:33.362+0000] {processor.py:840} INFO - DAG(s) 'example_sla_dag' retrieved from /home/airflow/.local/lib/python3.12/site-packages/airflow/example_dags/example_sla_dag.py
[2024-07-23T02:04:33.503+0000] {logging_mixin.py:188} INFO - [2024-07-23T02:04:33.501+0000] {dag.py:3089} INFO - Sync 1 DAGs
[2024-07-23T02:04:33.673+0000] {logging_mixin.py:188} INFO - [2024-07-23T02:04:33.672+0000] {dag.py:3947} INFO - Setting next_dagrun for example_sla_dag to 2024-07-23 02:02:00+00:00, run_after=2024-07-23 02:04:00+00:00
[2024-07-23T02:04:33.770+0000] {processor.py:183} INFO - Processing /home/airflow/.local/lib/python3.12/site-packages/airflow/example_dags/example_sla_dag.py took 0.503 seconds
[2024-07-23T02:05:04.643+0000] {processor.py:161} INFO - Started process (PID=844) to work on /home/airflow/.local/lib/python3.12/site-packages/airflow/example_dags/example_sla_dag.py
[2024-07-23T02:05:04.648+0000] {processor.py:830} INFO - Processing file /home/airflow/.local/lib/python3.12/site-packages/airflow/example_dags/example_sla_dag.py for tasks to queue
[2024-07-23T02:05:04.660+0000] {logging_mixin.py:188} INFO - [2024-07-23T02:05:04.657+0000] {dagbag.py:545} INFO - Filling up the DagBag from /home/airflow/.local/lib/python3.12/site-packages/airflow/example_dags/example_sla_dag.py
[2024-07-23T02:05:04.722+0000] {processor.py:840} INFO - DAG(s) 'example_sla_dag' retrieved from /home/airflow/.local/lib/python3.12/site-packages/airflow/example_dags/example_sla_dag.py
[2024-07-23T02:05:04.856+0000] {logging_mixin.py:188} INFO - [2024-07-23T02:05:04.855+0000] {dag.py:3089} INFO - Sync 1 DAGs
[2024-07-23T02:05:04.997+0000] {logging_mixin.py:188} INFO - [2024-07-23T02:05:04.996+0000] {dag.py:3947} INFO - Setting next_dagrun for example_sla_dag to 2024-07-23 02:02:00+00:00, run_after=2024-07-23 02:04:00+00:00
[2024-07-23T02:05:05.099+0000] {processor.py:183} INFO - Processing /home/airflow/.local/lib/python3.12/site-packages/airflow/example_dags/example_sla_dag.py took 0.499 seconds
[2024-07-23T02:05:36.887+0000] {processor.py:161} INFO - Started process (PID=903) to work on /home/airflow/.local/lib/python3.12/site-packages/airflow/example_dags/example_sla_dag.py
[2024-07-23T02:05:36.891+0000] {processor.py:830} INFO - Processing file /home/airflow/.local/lib/python3.12/site-packages/airflow/example_dags/example_sla_dag.py for tasks to queue
[2024-07-23T02:05:36.899+0000] {logging_mixin.py:188} INFO - [2024-07-23T02:05:36.897+0000] {dagbag.py:545} INFO - Filling up the DagBag from /home/airflow/.local/lib/python3.12/site-packages/airflow/example_dags/example_sla_dag.py
[2024-07-23T02:05:36.937+0000] {processor.py:840} INFO - DAG(s) 'example_sla_dag' retrieved from /home/airflow/.local/lib/python3.12/site-packages/airflow/example_dags/example_sla_dag.py
[2024-07-23T02:05:37.031+0000] {logging_mixin.py:188} INFO - [2024-07-23T02:05:37.029+0000] {dag.py:3089} INFO - Sync 1 DAGs
[2024-07-23T02:05:37.158+0000] {logging_mixin.py:188} INFO - [2024-07-23T02:05:37.158+0000] {dag.py:3947} INFO - Setting next_dagrun for example_sla_dag to 2024-07-23 02:02:00+00:00, run_after=2024-07-23 02:04:00+00:00
[2024-07-23T02:05:37.251+0000] {processor.py:183} INFO - Processing /home/airflow/.local/lib/python3.12/site-packages/airflow/example_dags/example_sla_dag.py took 0.393 seconds
[2024-07-23T02:06:07.442+0000] {processor.py:161} INFO - Started process (PID=962) to work on /home/airflow/.local/lib/python3.12/site-packages/airflow/example_dags/example_sla_dag.py
[2024-07-23T02:06:07.443+0000] {processor.py:830} INFO - Processing file /home/airflow/.local/lib/python3.12/site-packages/airflow/example_dags/example_sla_dag.py for tasks to queue
[2024-07-23T02:06:07.445+0000] {logging_mixin.py:188} INFO - [2024-07-23T02:06:07.444+0000] {dagbag.py:545} INFO - Filling up the DagBag from /home/airflow/.local/lib/python3.12/site-packages/airflow/example_dags/example_sla_dag.py
[2024-07-23T02:06:07.454+0000] {processor.py:840} INFO - DAG(s) 'example_sla_dag' retrieved from /home/airflow/.local/lib/python3.12/site-packages/airflow/example_dags/example_sla_dag.py
[2024-07-23T02:06:07.478+0000] {logging_mixin.py:188} INFO - [2024-07-23T02:06:07.478+0000] {dag.py:3089} INFO - Sync 1 DAGs
[2024-07-23T02:06:07.515+0000] {logging_mixin.py:188} INFO - [2024-07-23T02:06:07.515+0000] {dag.py:3947} INFO - Setting next_dagrun for example_sla_dag to 2024-07-23 02:04:00+00:00, run_after=2024-07-23 02:06:00+00:00
[2024-07-23T02:06:07.547+0000] {processor.py:183} INFO - Processing /home/airflow/.local/lib/python3.12/site-packages/airflow/example_dags/example_sla_dag.py took 0.111 seconds
[2024-07-23T02:06:37.996+0000] {processor.py:161} INFO - Started process (PID=1021) to work on /home/airflow/.local/lib/python3.12/site-packages/airflow/example_dags/example_sla_dag.py
[2024-07-23T02:06:37.998+0000] {processor.py:830} INFO - Processing file /home/airflow/.local/lib/python3.12/site-packages/airflow/example_dags/example_sla_dag.py for tasks to queue
[2024-07-23T02:06:38.000+0000] {logging_mixin.py:188} INFO - [2024-07-23T02:06:37.999+0000] {dagbag.py:545} INFO - Filling up the DagBag from /home/airflow/.local/lib/python3.12/site-packages/airflow/example_dags/example_sla_dag.py
[2024-07-23T02:06:38.008+0000] {processor.py:840} INFO - DAG(s) 'example_sla_dag' retrieved from /home/airflow/.local/lib/python3.12/site-packages/airflow/example_dags/example_sla_dag.py
[2024-07-23T02:06:38.031+0000] {logging_mixin.py:188} INFO - [2024-07-23T02:06:38.031+0000] {dag.py:3089} INFO - Sync 1 DAGs
[2024-07-23T02:06:38.060+0000] {logging_mixin.py:188} INFO - [2024-07-23T02:06:38.060+0000] {dag.py:3947} INFO - Setting next_dagrun for example_sla_dag to 2024-07-23 02:04:00+00:00, run_after=2024-07-23 02:06:00+00:00
[2024-07-23T02:06:38.084+0000] {processor.py:183} INFO - Processing /home/airflow/.local/lib/python3.12/site-packages/airflow/example_dags/example_sla_dag.py took 0.095 seconds
[2024-07-23T02:07:08.247+0000] {processor.py:161} INFO - Started process (PID=1080) to work on /home/airflow/.local/lib/python3.12/site-packages/airflow/example_dags/example_sla_dag.py
[2024-07-23T02:07:08.248+0000] {processor.py:830} INFO - Processing file /home/airflow/.local/lib/python3.12/site-packages/airflow/example_dags/example_sla_dag.py for tasks to queue
[2024-07-23T02:07:08.250+0000] {logging_mixin.py:188} INFO - [2024-07-23T02:07:08.250+0000] {dagbag.py:545} INFO - Filling up the DagBag from /home/airflow/.local/lib/python3.12/site-packages/airflow/example_dags/example_sla_dag.py
[2024-07-23T02:07:08.259+0000] {processor.py:840} INFO - DAG(s) 'example_sla_dag' retrieved from /home/airflow/.local/lib/python3.12/site-packages/airflow/example_dags/example_sla_dag.py
[2024-07-23T02:07:08.288+0000] {logging_mixin.py:188} INFO - [2024-07-23T02:07:08.288+0000] {dag.py:3089} INFO - Sync 1 DAGs
[2024-07-23T02:07:08.327+0000] {logging_mixin.py:188} INFO - [2024-07-23T02:07:08.327+0000] {dag.py:3947} INFO - Setting next_dagrun for example_sla_dag to 2024-07-23 02:04:00+00:00, run_after=2024-07-23 02:06:00+00:00
[2024-07-23T02:07:08.350+0000] {processor.py:183} INFO - Processing /home/airflow/.local/lib/python3.12/site-packages/airflow/example_dags/example_sla_dag.py took 0.110 seconds
[2024-07-23T02:07:38.574+0000] {processor.py:161} INFO - Started process (PID=1139) to work on /home/airflow/.local/lib/python3.12/site-packages/airflow/example_dags/example_sla_dag.py
[2024-07-23T02:07:38.576+0000] {processor.py:830} INFO - Processing file /home/airflow/.local/lib/python3.12/site-packages/airflow/example_dags/example_sla_dag.py for tasks to queue
[2024-07-23T02:07:38.578+0000] {logging_mixin.py:188} INFO - [2024-07-23T02:07:38.578+0000] {dagbag.py:545} INFO - Filling up the DagBag from /home/airflow/.local/lib/python3.12/site-packages/airflow/example_dags/example_sla_dag.py
[2024-07-23T02:07:38.590+0000] {processor.py:840} INFO - DAG(s) 'example_sla_dag' retrieved from /home/airflow/.local/lib/python3.12/site-packages/airflow/example_dags/example_sla_dag.py
[2024-07-23T02:07:38.619+0000] {logging_mixin.py:188} INFO - [2024-07-23T02:07:38.619+0000] {dag.py:3089} INFO - Sync 1 DAGs
[2024-07-23T02:07:38.668+0000] {logging_mixin.py:188} INFO - [2024-07-23T02:07:38.668+0000] {dag.py:3947} INFO - Setting next_dagrun for example_sla_dag to 2024-07-23 02:04:00+00:00, run_after=2024-07-23 02:06:00+00:00
[2024-07-23T02:07:38.702+0000] {processor.py:183} INFO - Processing /home/airflow/.local/lib/python3.12/site-packages/airflow/example_dags/example_sla_dag.py took 0.136 seconds
[2024-07-23T02:08:09.205+0000] {processor.py:161} INFO - Started process (PID=1199) to work on /home/airflow/.local/lib/python3.12/site-packages/airflow/example_dags/example_sla_dag.py
[2024-07-23T02:08:09.206+0000] {processor.py:830} INFO - Processing file /home/airflow/.local/lib/python3.12/site-packages/airflow/example_dags/example_sla_dag.py for tasks to queue
[2024-07-23T02:08:09.208+0000] {logging_mixin.py:188} INFO - [2024-07-23T02:08:09.208+0000] {dagbag.py:545} INFO - Filling up the DagBag from /home/airflow/.local/lib/python3.12/site-packages/airflow/example_dags/example_sla_dag.py
[2024-07-23T02:08:09.221+0000] {processor.py:840} INFO - DAG(s) 'example_sla_dag' retrieved from /home/airflow/.local/lib/python3.12/site-packages/airflow/example_dags/example_sla_dag.py
[2024-07-23T02:08:09.251+0000] {logging_mixin.py:188} INFO - [2024-07-23T02:08:09.251+0000] {dag.py:3089} INFO - Sync 1 DAGs
[2024-07-23T02:08:09.285+0000] {logging_mixin.py:188} INFO - [2024-07-23T02:08:09.284+0000] {dag.py:3947} INFO - Setting next_dagrun for example_sla_dag to 2024-07-23 02:06:00+00:00, run_after=2024-07-23 02:08:00+00:00
[2024-07-23T02:08:09.312+0000] {processor.py:183} INFO - Processing /home/airflow/.local/lib/python3.12/site-packages/airflow/example_dags/example_sla_dag.py took 0.115 seconds
[2024-07-23T02:08:40.047+0000] {processor.py:161} INFO - Started process (PID=1257) to work on /home/airflow/.local/lib/python3.12/site-packages/airflow/example_dags/example_sla_dag.py
[2024-07-23T02:08:40.050+0000] {processor.py:830} INFO - Processing file /home/airflow/.local/lib/python3.12/site-packages/airflow/example_dags/example_sla_dag.py for tasks to queue
[2024-07-23T02:08:40.053+0000] {logging_mixin.py:188} INFO - [2024-07-23T02:08:40.053+0000] {dagbag.py:545} INFO - Filling up the DagBag from /home/airflow/.local/lib/python3.12/site-packages/airflow/example_dags/example_sla_dag.py
[2024-07-23T02:08:40.070+0000] {processor.py:840} INFO - DAG(s) 'example_sla_dag' retrieved from /home/airflow/.local/lib/python3.12/site-packages/airflow/example_dags/example_sla_dag.py
[2024-07-23T02:08:40.107+0000] {logging_mixin.py:188} INFO - [2024-07-23T02:08:40.107+0000] {dag.py:3089} INFO - Sync 1 DAGs
[2024-07-23T02:08:40.152+0000] {logging_mixin.py:188} INFO - [2024-07-23T02:08:40.152+0000] {dag.py:3947} INFO - Setting next_dagrun for example_sla_dag to 2024-07-23 02:06:00+00:00, run_after=2024-07-23 02:08:00+00:00
[2024-07-23T02:08:40.181+0000] {processor.py:183} INFO - Processing /home/airflow/.local/lib/python3.12/site-packages/airflow/example_dags/example_sla_dag.py took 0.146 seconds
[2024-07-23T02:09:10.850+0000] {processor.py:161} INFO - Started process (PID=1316) to work on /home/airflow/.local/lib/python3.12/site-packages/airflow/example_dags/example_sla_dag.py
[2024-07-23T02:09:10.851+0000] {processor.py:830} INFO - Processing file /home/airflow/.local/lib/python3.12/site-packages/airflow/example_dags/example_sla_dag.py for tasks to queue
[2024-07-23T02:09:10.852+0000] {logging_mixin.py:188} INFO - [2024-07-23T02:09:10.852+0000] {dagbag.py:545} INFO - Filling up the DagBag from /home/airflow/.local/lib/python3.12/site-packages/airflow/example_dags/example_sla_dag.py
[2024-07-23T02:09:10.863+0000] {processor.py:840} INFO - DAG(s) 'example_sla_dag' retrieved from /home/airflow/.local/lib/python3.12/site-packages/airflow/example_dags/example_sla_dag.py
[2024-07-23T02:09:10.884+0000] {logging_mixin.py:188} INFO - [2024-07-23T02:09:10.884+0000] {dag.py:3089} INFO - Sync 1 DAGs
[2024-07-23T02:09:10.913+0000] {logging_mixin.py:188} INFO - [2024-07-23T02:09:10.912+0000] {dag.py:3947} INFO - Setting next_dagrun for example_sla_dag to 2024-07-23 02:06:00+00:00, run_after=2024-07-23 02:08:00+00:00
[2024-07-23T02:09:10.936+0000] {processor.py:183} INFO - Processing /home/airflow/.local/lib/python3.12/site-packages/airflow/example_dags/example_sla_dag.py took 0.092 seconds
[2024-07-23T02:09:41.250+0000] {processor.py:161} INFO - Started process (PID=1374) to work on /home/airflow/.local/lib/python3.12/site-packages/airflow/example_dags/example_sla_dag.py
[2024-07-23T02:09:41.251+0000] {processor.py:830} INFO - Processing file /home/airflow/.local/lib/python3.12/site-packages/airflow/example_dags/example_sla_dag.py for tasks to queue
[2024-07-23T02:09:41.253+0000] {logging_mixin.py:188} INFO - [2024-07-23T02:09:41.253+0000] {dagbag.py:545} INFO - Filling up the DagBag from /home/airflow/.local/lib/python3.12/site-packages/airflow/example_dags/example_sla_dag.py
[2024-07-23T02:09:41.262+0000] {processor.py:840} INFO - DAG(s) 'example_sla_dag' retrieved from /home/airflow/.local/lib/python3.12/site-packages/airflow/example_dags/example_sla_dag.py
[2024-07-23T02:09:41.283+0000] {logging_mixin.py:188} INFO - [2024-07-23T02:09:41.283+0000] {dag.py:3089} INFO - Sync 1 DAGs
[2024-07-23T02:09:41.311+0000] {logging_mixin.py:188} INFO - [2024-07-23T02:09:41.310+0000] {dag.py:3947} INFO - Setting next_dagrun for example_sla_dag to 2024-07-23 02:06:00+00:00, run_after=2024-07-23 02:08:00+00:00
[2024-07-23T02:09:41.333+0000] {processor.py:183} INFO - Processing /home/airflow/.local/lib/python3.12/site-packages/airflow/example_dags/example_sla_dag.py took 0.089 seconds
[2024-07-23T02:10:12.260+0000] {processor.py:161} INFO - Started process (PID=1433) to work on /home/airflow/.local/lib/python3.12/site-packages/airflow/example_dags/example_sla_dag.py
[2024-07-23T02:10:12.261+0000] {processor.py:830} INFO - Processing file /home/airflow/.local/lib/python3.12/site-packages/airflow/example_dags/example_sla_dag.py for tasks to queue
[2024-07-23T02:10:12.263+0000] {logging_mixin.py:188} INFO - [2024-07-23T02:10:12.262+0000] {dagbag.py:545} INFO - Filling up the DagBag from /home/airflow/.local/lib/python3.12/site-packages/airflow/example_dags/example_sla_dag.py
[2024-07-23T02:10:12.274+0000] {processor.py:840} INFO - DAG(s) 'example_sla_dag' retrieved from /home/airflow/.local/lib/python3.12/site-packages/airflow/example_dags/example_sla_dag.py
[2024-07-23T02:10:12.298+0000] {logging_mixin.py:188} INFO - [2024-07-23T02:10:12.298+0000] {dag.py:3089} INFO - Sync 1 DAGs
[2024-07-23T02:10:12.330+0000] {logging_mixin.py:188} INFO - [2024-07-23T02:10:12.329+0000] {dag.py:3947} INFO - Setting next_dagrun for example_sla_dag to 2024-07-23 02:08:00+00:00, run_after=2024-07-23 02:10:00+00:00
[2024-07-23T02:10:12.360+0000] {processor.py:183} INFO - Processing /home/airflow/.local/lib/python3.12/site-packages/airflow/example_dags/example_sla_dag.py took 0.108 seconds
[2024-07-23T02:10:43.290+0000] {processor.py:161} INFO - Started process (PID=1492) to work on /home/airflow/.local/lib/python3.12/site-packages/airflow/example_dags/example_sla_dag.py
[2024-07-23T02:10:43.291+0000] {processor.py:830} INFO - Processing file /home/airflow/.local/lib/python3.12/site-packages/airflow/example_dags/example_sla_dag.py for tasks to queue
[2024-07-23T02:10:43.294+0000] {logging_mixin.py:188} INFO - [2024-07-23T02:10:43.293+0000] {dagbag.py:545} INFO - Filling up the DagBag from /home/airflow/.local/lib/python3.12/site-packages/airflow/example_dags/example_sla_dag.py
[2024-07-23T02:10:43.305+0000] {processor.py:840} INFO - DAG(s) 'example_sla_dag' retrieved from /home/airflow/.local/lib/python3.12/site-packages/airflow/example_dags/example_sla_dag.py
[2024-07-23T02:10:43.336+0000] {logging_mixin.py:188} INFO - [2024-07-23T02:10:43.336+0000] {dag.py:3089} INFO - Sync 1 DAGs
[2024-07-23T02:10:43.393+0000] {logging_mixin.py:188} INFO - [2024-07-23T02:10:43.392+0000] {dag.py:3947} INFO - Setting next_dagrun for example_sla_dag to 2024-07-23 02:08:00+00:00, run_after=2024-07-23 02:10:00+00:00
[2024-07-23T02:10:43.421+0000] {processor.py:183} INFO - Processing /home/airflow/.local/lib/python3.12/site-packages/airflow/example_dags/example_sla_dag.py took 0.139 seconds
[2024-07-23T02:11:13.673+0000] {processor.py:161} INFO - Started process (PID=1550) to work on /home/airflow/.local/lib/python3.12/site-packages/airflow/example_dags/example_sla_dag.py
[2024-07-23T02:11:13.674+0000] {processor.py:830} INFO - Processing file /home/airflow/.local/lib/python3.12/site-packages/airflow/example_dags/example_sla_dag.py for tasks to queue
[2024-07-23T02:11:13.676+0000] {logging_mixin.py:188} INFO - [2024-07-23T02:11:13.675+0000] {dagbag.py:545} INFO - Filling up the DagBag from /home/airflow/.local/lib/python3.12/site-packages/airflow/example_dags/example_sla_dag.py
[2024-07-23T02:11:13.685+0000] {processor.py:840} INFO - DAG(s) 'example_sla_dag' retrieved from /home/airflow/.local/lib/python3.12/site-packages/airflow/example_dags/example_sla_dag.py
[2024-07-23T02:11:13.706+0000] {logging_mixin.py:188} INFO - [2024-07-23T02:11:13.705+0000] {dag.py:3089} INFO - Sync 1 DAGs
[2024-07-23T02:11:13.730+0000] {logging_mixin.py:188} INFO - [2024-07-23T02:11:13.730+0000] {dag.py:3947} INFO - Setting next_dagrun for example_sla_dag to 2024-07-23 02:08:00+00:00, run_after=2024-07-23 02:10:00+00:00
[2024-07-23T02:11:13.752+0000] {processor.py:183} INFO - Processing /home/airflow/.local/lib/python3.12/site-packages/airflow/example_dags/example_sla_dag.py took 0.085 seconds
[2024-07-23T02:11:43.821+0000] {processor.py:161} INFO - Started process (PID=1608) to work on /home/airflow/.local/lib/python3.12/site-packages/airflow/example_dags/example_sla_dag.py
[2024-07-23T02:11:43.822+0000] {processor.py:830} INFO - Processing file /home/airflow/.local/lib/python3.12/site-packages/airflow/example_dags/example_sla_dag.py for tasks to queue
[2024-07-23T02:11:43.824+0000] {logging_mixin.py:188} INFO - [2024-07-23T02:11:43.823+0000] {dagbag.py:545} INFO - Filling up the DagBag from /home/airflow/.local/lib/python3.12/site-packages/airflow/example_dags/example_sla_dag.py
[2024-07-23T02:11:43.835+0000] {processor.py:840} INFO - DAG(s) 'example_sla_dag' retrieved from /home/airflow/.local/lib/python3.12/site-packages/airflow/example_dags/example_sla_dag.py
[2024-07-23T02:11:43.861+0000] {logging_mixin.py:188} INFO - [2024-07-23T02:11:43.860+0000] {dag.py:3089} INFO - Sync 1 DAGs
[2024-07-23T02:11:43.901+0000] {logging_mixin.py:188} INFO - [2024-07-23T02:11:43.901+0000] {dag.py:3947} INFO - Setting next_dagrun for example_sla_dag to 2024-07-23 02:08:00+00:00, run_after=2024-07-23 02:10:00+00:00
[2024-07-23T02:11:43.932+0000] {processor.py:183} INFO - Processing /home/airflow/.local/lib/python3.12/site-packages/airflow/example_dags/example_sla_dag.py took 0.120 seconds
[2024-07-23T02:12:14.077+0000] {processor.py:161} INFO - Started process (PID=1667) to work on /home/airflow/.local/lib/python3.12/site-packages/airflow/example_dags/example_sla_dag.py
[2024-07-23T02:12:14.077+0000] {processor.py:830} INFO - Processing file /home/airflow/.local/lib/python3.12/site-packages/airflow/example_dags/example_sla_dag.py for tasks to queue
[2024-07-23T02:12:14.079+0000] {logging_mixin.py:188} INFO - [2024-07-23T02:12:14.079+0000] {dagbag.py:545} INFO - Filling up the DagBag from /home/airflow/.local/lib/python3.12/site-packages/airflow/example_dags/example_sla_dag.py
[2024-07-23T02:12:14.088+0000] {processor.py:840} INFO - DAG(s) 'example_sla_dag' retrieved from /home/airflow/.local/lib/python3.12/site-packages/airflow/example_dags/example_sla_dag.py
[2024-07-23T02:12:14.112+0000] {logging_mixin.py:188} INFO - [2024-07-23T02:12:14.112+0000] {dag.py:3089} INFO - Sync 1 DAGs
[2024-07-23T02:12:14.146+0000] {logging_mixin.py:188} INFO - [2024-07-23T02:12:14.146+0000] {dag.py:3947} INFO - Setting next_dagrun for example_sla_dag to 2024-07-23 02:10:00+00:00, run_after=2024-07-23 02:12:00+00:00
[2024-07-23T02:12:14.172+0000] {processor.py:183} INFO - Processing /home/airflow/.local/lib/python3.12/site-packages/airflow/example_dags/example_sla_dag.py took 0.102 seconds
[2024-07-23T02:12:44.446+0000] {processor.py:161} INFO - Started process (PID=1727) to work on /home/airflow/.local/lib/python3.12/site-packages/airflow/example_dags/example_sla_dag.py
[2024-07-23T02:12:44.447+0000] {processor.py:830} INFO - Processing file /home/airflow/.local/lib/python3.12/site-packages/airflow/example_dags/example_sla_dag.py for tasks to queue
[2024-07-23T02:12:44.449+0000] {logging_mixin.py:188} INFO - [2024-07-23T02:12:44.449+0000] {dagbag.py:545} INFO - Filling up the DagBag from /home/airflow/.local/lib/python3.12/site-packages/airflow/example_dags/example_sla_dag.py
[2024-07-23T02:12:44.459+0000] {processor.py:840} INFO - DAG(s) 'example_sla_dag' retrieved from /home/airflow/.local/lib/python3.12/site-packages/airflow/example_dags/example_sla_dag.py
[2024-07-23T02:12:44.480+0000] {logging_mixin.py:188} INFO - [2024-07-23T02:12:44.480+0000] {dag.py:3089} INFO - Sync 1 DAGs
[2024-07-23T02:12:44.506+0000] {logging_mixin.py:188} INFO - [2024-07-23T02:12:44.506+0000] {dag.py:3947} INFO - Setting next_dagrun for example_sla_dag to 2024-07-23 02:10:00+00:00, run_after=2024-07-23 02:12:00+00:00
[2024-07-23T02:12:44.528+0000] {processor.py:183} INFO - Processing /home/airflow/.local/lib/python3.12/site-packages/airflow/example_dags/example_sla_dag.py took 0.089 seconds
[2024-07-23T02:13:14.762+0000] {processor.py:161} INFO - Started process (PID=1786) to work on /home/airflow/.local/lib/python3.12/site-packages/airflow/example_dags/example_sla_dag.py
[2024-07-23T02:13:14.763+0000] {processor.py:830} INFO - Processing file /home/airflow/.local/lib/python3.12/site-packages/airflow/example_dags/example_sla_dag.py for tasks to queue
[2024-07-23T02:13:14.766+0000] {logging_mixin.py:188} INFO - [2024-07-23T02:13:14.766+0000] {dagbag.py:545} INFO - Filling up the DagBag from /home/airflow/.local/lib/python3.12/site-packages/airflow/example_dags/example_sla_dag.py
[2024-07-23T02:13:14.777+0000] {processor.py:840} INFO - DAG(s) 'example_sla_dag' retrieved from /home/airflow/.local/lib/python3.12/site-packages/airflow/example_dags/example_sla_dag.py
[2024-07-23T02:13:14.811+0000] {logging_mixin.py:188} INFO - [2024-07-23T02:13:14.810+0000] {dag.py:3089} INFO - Sync 1 DAGs
[2024-07-23T02:13:14.850+0000] {logging_mixin.py:188} INFO - [2024-07-23T02:13:14.850+0000] {dag.py:3947} INFO - Setting next_dagrun for example_sla_dag to 2024-07-23 02:10:00+00:00, run_after=2024-07-23 02:12:00+00:00
[2024-07-23T02:13:14.875+0000] {processor.py:183} INFO - Processing /home/airflow/.local/lib/python3.12/site-packages/airflow/example_dags/example_sla_dag.py took 0.122 seconds
[2024-07-23T02:13:45.449+0000] {processor.py:161} INFO - Started process (PID=1854) to work on /home/airflow/.local/lib/python3.12/site-packages/airflow/example_dags/example_sla_dag.py
[2024-07-23T02:13:45.459+0000] {processor.py:830} INFO - Processing file /home/airflow/.local/lib/python3.12/site-packages/airflow/example_dags/example_sla_dag.py for tasks to queue
[2024-07-23T02:13:45.462+0000] {logging_mixin.py:188} INFO - [2024-07-23T02:13:45.462+0000] {dagbag.py:545} INFO - Filling up the DagBag from /home/airflow/.local/lib/python3.12/site-packages/airflow/example_dags/example_sla_dag.py
[2024-07-23T02:13:45.488+0000] {processor.py:840} INFO - DAG(s) 'example_sla_dag' retrieved from /home/airflow/.local/lib/python3.12/site-packages/airflow/example_dags/example_sla_dag.py
[2024-07-23T02:13:45.544+0000] {logging_mixin.py:188} INFO - [2024-07-23T02:13:45.543+0000] {dag.py:3089} INFO - Sync 1 DAGs
[2024-07-23T02:13:45.630+0000] {logging_mixin.py:188} INFO - [2024-07-23T02:13:45.629+0000] {dag.py:3947} INFO - Setting next_dagrun for example_sla_dag to 2024-07-23 02:10:00+00:00, run_after=2024-07-23 02:12:00+00:00
[2024-07-23T02:13:45.700+0000] {processor.py:183} INFO - Processing /home/airflow/.local/lib/python3.12/site-packages/airflow/example_dags/example_sla_dag.py took 0.269 seconds
[2024-07-23T02:14:16.039+0000] {processor.py:161} INFO - Started process (PID=1913) to work on /home/airflow/.local/lib/python3.12/site-packages/airflow/example_dags/example_sla_dag.py
[2024-07-23T02:14:16.049+0000] {processor.py:830} INFO - Processing file /home/airflow/.local/lib/python3.12/site-packages/airflow/example_dags/example_sla_dag.py for tasks to queue
[2024-07-23T02:14:16.051+0000] {logging_mixin.py:188} INFO - [2024-07-23T02:14:16.051+0000] {dagbag.py:545} INFO - Filling up the DagBag from /home/airflow/.local/lib/python3.12/site-packages/airflow/example_dags/example_sla_dag.py
[2024-07-23T02:14:16.061+0000] {processor.py:840} INFO - DAG(s) 'example_sla_dag' retrieved from /home/airflow/.local/lib/python3.12/site-packages/airflow/example_dags/example_sla_dag.py
[2024-07-23T02:14:16.084+0000] {logging_mixin.py:188} INFO - [2024-07-23T02:14:16.083+0000] {dag.py:3089} INFO - Sync 1 DAGs
[2024-07-23T02:14:16.121+0000] {logging_mixin.py:188} INFO - [2024-07-23T02:14:16.121+0000] {dag.py:3947} INFO - Setting next_dagrun for example_sla_dag to 2024-07-23 02:12:00+00:00, run_after=2024-07-23 02:14:00+00:00
[2024-07-23T02:14:16.151+0000] {processor.py:183} INFO - Processing /home/airflow/.local/lib/python3.12/site-packages/airflow/example_dags/example_sla_dag.py took 0.119 seconds
[2024-07-23T02:14:46.887+0000] {processor.py:161} INFO - Started process (PID=1972) to work on /home/airflow/.local/lib/python3.12/site-packages/airflow/example_dags/example_sla_dag.py
[2024-07-23T02:14:46.888+0000] {processor.py:830} INFO - Processing file /home/airflow/.local/lib/python3.12/site-packages/airflow/example_dags/example_sla_dag.py for tasks to queue
[2024-07-23T02:14:46.890+0000] {logging_mixin.py:188} INFO - [2024-07-23T02:14:46.890+0000] {dagbag.py:545} INFO - Filling up the DagBag from /home/airflow/.local/lib/python3.12/site-packages/airflow/example_dags/example_sla_dag.py
[2024-07-23T02:14:46.901+0000] {processor.py:840} INFO - DAG(s) 'example_sla_dag' retrieved from /home/airflow/.local/lib/python3.12/site-packages/airflow/example_dags/example_sla_dag.py
[2024-07-23T02:14:46.926+0000] {logging_mixin.py:188} INFO - [2024-07-23T02:14:46.925+0000] {dag.py:3089} INFO - Sync 1 DAGs
[2024-07-23T02:14:47.149+0000] {logging_mixin.py:188} INFO - [2024-07-23T02:14:47.148+0000] {dag.py:3947} INFO - Setting next_dagrun for example_sla_dag to 2024-07-23 02:12:00+00:00, run_after=2024-07-23 02:14:00+00:00
[2024-07-23T02:14:47.172+0000] {processor.py:183} INFO - Processing /home/airflow/.local/lib/python3.12/site-packages/airflow/example_dags/example_sla_dag.py took 0.291 seconds
[2024-07-23T02:15:17.836+0000] {processor.py:161} INFO - Started process (PID=2031) to work on /home/airflow/.local/lib/python3.12/site-packages/airflow/example_dags/example_sla_dag.py
[2024-07-23T02:15:17.839+0000] {processor.py:830} INFO - Processing file /home/airflow/.local/lib/python3.12/site-packages/airflow/example_dags/example_sla_dag.py for tasks to queue
[2024-07-23T02:15:17.846+0000] {logging_mixin.py:188} INFO - [2024-07-23T02:15:17.845+0000] {dagbag.py:545} INFO - Filling up the DagBag from /home/airflow/.local/lib/python3.12/site-packages/airflow/example_dags/example_sla_dag.py
[2024-07-23T02:15:17.893+0000] {processor.py:840} INFO - DAG(s) 'example_sla_dag' retrieved from /home/airflow/.local/lib/python3.12/site-packages/airflow/example_dags/example_sla_dag.py
[2024-07-23T02:15:17.984+0000] {logging_mixin.py:188} INFO - [2024-07-23T02:15:17.983+0000] {dag.py:3089} INFO - Sync 1 DAGs
[2024-07-23T02:15:18.094+0000] {logging_mixin.py:188} INFO - [2024-07-23T02:15:18.093+0000] {dag.py:3947} INFO - Setting next_dagrun for example_sla_dag to 2024-07-23 02:12:00+00:00, run_after=2024-07-23 02:14:00+00:00
[2024-07-23T02:15:18.577+0000] {processor.py:183} INFO - Processing /home/airflow/.local/lib/python3.12/site-packages/airflow/example_dags/example_sla_dag.py took 0.764 seconds
[2024-07-23T02:15:49.608+0000] {processor.py:161} INFO - Started process (PID=2090) to work on /home/airflow/.local/lib/python3.12/site-packages/airflow/example_dags/example_sla_dag.py
[2024-07-23T02:15:49.612+0000] {processor.py:830} INFO - Processing file /home/airflow/.local/lib/python3.12/site-packages/airflow/example_dags/example_sla_dag.py for tasks to queue
[2024-07-23T02:15:49.619+0000] {logging_mixin.py:188} INFO - [2024-07-23T02:15:49.618+0000] {dagbag.py:545} INFO - Filling up the DagBag from /home/airflow/.local/lib/python3.12/site-packages/airflow/example_dags/example_sla_dag.py
[2024-07-23T02:15:49.658+0000] {processor.py:840} INFO - DAG(s) 'example_sla_dag' retrieved from /home/airflow/.local/lib/python3.12/site-packages/airflow/example_dags/example_sla_dag.py
[2024-07-23T02:15:49.745+0000] {logging_mixin.py:188} INFO - [2024-07-23T02:15:49.744+0000] {dag.py:3089} INFO - Sync 1 DAGs
[2024-07-23T02:15:49.851+0000] {logging_mixin.py:188} INFO - [2024-07-23T02:15:49.850+0000] {dag.py:3947} INFO - Setting next_dagrun for example_sla_dag to 2024-07-23 02:12:00+00:00, run_after=2024-07-23 02:14:00+00:00
[2024-07-23T02:15:49.921+0000] {processor.py:183} INFO - Processing /home/airflow/.local/lib/python3.12/site-packages/airflow/example_dags/example_sla_dag.py took 0.345 seconds
[2024-07-23T02:16:20.084+0000] {processor.py:161} INFO - Started process (PID=2148) to work on /home/airflow/.local/lib/python3.12/site-packages/airflow/example_dags/example_sla_dag.py
[2024-07-23T02:16:20.088+0000] {processor.py:830} INFO - Processing file /home/airflow/.local/lib/python3.12/site-packages/airflow/example_dags/example_sla_dag.py for tasks to queue
[2024-07-23T02:16:20.099+0000] {logging_mixin.py:188} INFO - [2024-07-23T02:16:20.097+0000] {dagbag.py:545} INFO - Filling up the DagBag from /home/airflow/.local/lib/python3.12/site-packages/airflow/example_dags/example_sla_dag.py
[2024-07-23T02:16:20.142+0000] {processor.py:840} INFO - DAG(s) 'example_sla_dag' retrieved from /home/airflow/.local/lib/python3.12/site-packages/airflow/example_dags/example_sla_dag.py
[2024-07-23T02:16:20.246+0000] {logging_mixin.py:188} INFO - [2024-07-23T02:16:20.245+0000] {dag.py:3089} INFO - Sync 1 DAGs
[2024-07-23T02:16:20.399+0000] {logging_mixin.py:188} INFO - [2024-07-23T02:16:20.398+0000] {dag.py:3947} INFO - Setting next_dagrun for example_sla_dag to 2024-07-23 02:14:00+00:00, run_after=2024-07-23 02:16:00+00:00
[2024-07-23T02:16:20.501+0000] {processor.py:183} INFO - Processing /home/airflow/.local/lib/python3.12/site-packages/airflow/example_dags/example_sla_dag.py took 0.453 seconds
[2024-07-23T02:16:51.711+0000] {processor.py:161} INFO - Started process (PID=2216) to work on /home/airflow/.local/lib/python3.12/site-packages/airflow/example_dags/example_sla_dag.py
[2024-07-23T02:16:51.720+0000] {processor.py:830} INFO - Processing file /home/airflow/.local/lib/python3.12/site-packages/airflow/example_dags/example_sla_dag.py for tasks to queue
[2024-07-23T02:16:51.731+0000] {logging_mixin.py:188} INFO - [2024-07-23T02:16:51.729+0000] {dagbag.py:545} INFO - Filling up the DagBag from /home/airflow/.local/lib/python3.12/site-packages/airflow/example_dags/example_sla_dag.py
[2024-07-23T02:16:51.809+0000] {processor.py:840} INFO - DAG(s) 'example_sla_dag' retrieved from /home/airflow/.local/lib/python3.12/site-packages/airflow/example_dags/example_sla_dag.py
[2024-07-23T02:16:52.063+0000] {logging_mixin.py:188} INFO - [2024-07-23T02:16:52.062+0000] {dag.py:3089} INFO - Sync 1 DAGs
[2024-07-23T02:16:52.406+0000] {logging_mixin.py:188} INFO - [2024-07-23T02:16:52.405+0000] {dag.py:3947} INFO - Setting next_dagrun for example_sla_dag to 2024-07-23 02:14:00+00:00, run_after=2024-07-23 02:16:00+00:00
[2024-07-23T02:16:52.559+0000] {processor.py:183} INFO - Processing /home/airflow/.local/lib/python3.12/site-packages/airflow/example_dags/example_sla_dag.py took 0.985 seconds
[2024-07-23T02:17:23.006+0000] {processor.py:161} INFO - Started process (PID=2275) to work on /home/airflow/.local/lib/python3.12/site-packages/airflow/example_dags/example_sla_dag.py
[2024-07-23T02:17:23.009+0000] {processor.py:830} INFO - Processing file /home/airflow/.local/lib/python3.12/site-packages/airflow/example_dags/example_sla_dag.py for tasks to queue
[2024-07-23T02:17:23.015+0000] {logging_mixin.py:188} INFO - [2024-07-23T02:17:23.014+0000] {dagbag.py:545} INFO - Filling up the DagBag from /home/airflow/.local/lib/python3.12/site-packages/airflow/example_dags/example_sla_dag.py
[2024-07-23T02:17:23.049+0000] {processor.py:840} INFO - DAG(s) 'example_sla_dag' retrieved from /home/airflow/.local/lib/python3.12/site-packages/airflow/example_dags/example_sla_dag.py
[2024-07-23T02:17:23.130+0000] {logging_mixin.py:188} INFO - [2024-07-23T02:17:23.129+0000] {dag.py:3089} INFO - Sync 1 DAGs
[2024-07-23T02:17:23.238+0000] {logging_mixin.py:188} INFO - [2024-07-23T02:17:23.237+0000] {dag.py:3947} INFO - Setting next_dagrun for example_sla_dag to 2024-07-23 02:14:00+00:00, run_after=2024-07-23 02:16:00+00:00
[2024-07-23T02:17:23.311+0000] {processor.py:183} INFO - Processing /home/airflow/.local/lib/python3.12/site-packages/airflow/example_dags/example_sla_dag.py took 0.330 seconds
[2024-07-23T02:17:53.900+0000] {processor.py:161} INFO - Started process (PID=2334) to work on /home/airflow/.local/lib/python3.12/site-packages/airflow/example_dags/example_sla_dag.py
[2024-07-23T02:17:53.906+0000] {processor.py:830} INFO - Processing file /home/airflow/.local/lib/python3.12/site-packages/airflow/example_dags/example_sla_dag.py for tasks to queue
[2024-07-23T02:17:53.916+0000] {logging_mixin.py:188} INFO - [2024-07-23T02:17:53.914+0000] {dagbag.py:545} INFO - Filling up the DagBag from /home/airflow/.local/lib/python3.12/site-packages/airflow/example_dags/example_sla_dag.py
[2024-07-23T02:17:53.974+0000] {processor.py:840} INFO - DAG(s) 'example_sla_dag' retrieved from /home/airflow/.local/lib/python3.12/site-packages/airflow/example_dags/example_sla_dag.py
[2024-07-23T02:17:54.081+0000] {logging_mixin.py:188} INFO - [2024-07-23T02:17:54.080+0000] {dag.py:3089} INFO - Sync 1 DAGs
[2024-07-23T02:17:54.237+0000] {logging_mixin.py:188} INFO - [2024-07-23T02:17:54.236+0000] {dag.py:3947} INFO - Setting next_dagrun for example_sla_dag to 2024-07-23 02:14:00+00:00, run_after=2024-07-23 02:16:00+00:00
[2024-07-23T02:17:54.342+0000] {processor.py:183} INFO - Processing /home/airflow/.local/lib/python3.12/site-packages/airflow/example_dags/example_sla_dag.py took 0.493 seconds
[2024-07-23T02:18:24.897+0000] {processor.py:161} INFO - Started process (PID=2394) to work on /home/airflow/.local/lib/python3.12/site-packages/airflow/example_dags/example_sla_dag.py
[2024-07-23T02:18:24.901+0000] {processor.py:830} INFO - Processing file /home/airflow/.local/lib/python3.12/site-packages/airflow/example_dags/example_sla_dag.py for tasks to queue
[2024-07-23T02:18:24.910+0000] {logging_mixin.py:188} INFO - [2024-07-23T02:18:24.908+0000] {dagbag.py:545} INFO - Filling up the DagBag from /home/airflow/.local/lib/python3.12/site-packages/airflow/example_dags/example_sla_dag.py
[2024-07-23T02:18:24.957+0000] {processor.py:840} INFO - DAG(s) 'example_sla_dag' retrieved from /home/airflow/.local/lib/python3.12/site-packages/airflow/example_dags/example_sla_dag.py
[2024-07-23T02:18:25.042+0000] {logging_mixin.py:188} INFO - [2024-07-23T02:18:25.041+0000] {dag.py:3089} INFO - Sync 1 DAGs
[2024-07-23T02:18:25.178+0000] {logging_mixin.py:188} INFO - [2024-07-23T02:18:25.177+0000] {dag.py:3947} INFO - Setting next_dagrun for example_sla_dag to 2024-07-23 02:16:00+00:00, run_after=2024-07-23 02:18:00+00:00
[2024-07-23T02:18:25.267+0000] {processor.py:183} INFO - Processing /home/airflow/.local/lib/python3.12/site-packages/airflow/example_dags/example_sla_dag.py took 0.400 seconds
[2024-07-23T02:18:55.502+0000] {processor.py:161} INFO - Started process (PID=2455) to work on /home/airflow/.local/lib/python3.12/site-packages/airflow/example_dags/example_sla_dag.py
[2024-07-23T02:18:55.505+0000] {processor.py:830} INFO - Processing file /home/airflow/.local/lib/python3.12/site-packages/airflow/example_dags/example_sla_dag.py for tasks to queue
[2024-07-23T02:18:55.511+0000] {logging_mixin.py:188} INFO - [2024-07-23T02:18:55.510+0000] {dagbag.py:545} INFO - Filling up the DagBag from /home/airflow/.local/lib/python3.12/site-packages/airflow/example_dags/example_sla_dag.py
[2024-07-23T02:18:55.542+0000] {processor.py:840} INFO - DAG(s) 'example_sla_dag' retrieved from /home/airflow/.local/lib/python3.12/site-packages/airflow/example_dags/example_sla_dag.py
[2024-07-23T02:18:55.627+0000] {logging_mixin.py:188} INFO - [2024-07-23T02:18:55.626+0000] {dag.py:3089} INFO - Sync 1 DAGs
[2024-07-23T02:18:55.725+0000] {logging_mixin.py:188} INFO - [2024-07-23T02:18:55.724+0000] {dag.py:3947} INFO - Setting next_dagrun for example_sla_dag to 2024-07-23 02:16:00+00:00, run_after=2024-07-23 02:18:00+00:00
[2024-07-23T02:18:55.790+0000] {processor.py:183} INFO - Processing /home/airflow/.local/lib/python3.12/site-packages/airflow/example_dags/example_sla_dag.py took 0.311 seconds
[2024-07-23T02:19:26.010+0000] {processor.py:161} INFO - Started process (PID=2513) to work on /home/airflow/.local/lib/python3.12/site-packages/airflow/example_dags/example_sla_dag.py
[2024-07-23T02:19:26.014+0000] {processor.py:830} INFO - Processing file /home/airflow/.local/lib/python3.12/site-packages/airflow/example_dags/example_sla_dag.py for tasks to queue
[2024-07-23T02:19:26.025+0000] {logging_mixin.py:188} INFO - [2024-07-23T02:19:26.022+0000] {dagbag.py:545} INFO - Filling up the DagBag from /home/airflow/.local/lib/python3.12/site-packages/airflow/example_dags/example_sla_dag.py
[2024-07-23T02:19:26.079+0000] {processor.py:840} INFO - DAG(s) 'example_sla_dag' retrieved from /home/airflow/.local/lib/python3.12/site-packages/airflow/example_dags/example_sla_dag.py
[2024-07-23T02:19:26.176+0000] {logging_mixin.py:188} INFO - [2024-07-23T02:19:26.175+0000] {dag.py:3089} INFO - Sync 1 DAGs
[2024-07-23T02:19:26.319+0000] {logging_mixin.py:188} INFO - [2024-07-23T02:19:26.318+0000] {dag.py:3947} INFO - Setting next_dagrun for example_sla_dag to 2024-07-23 02:16:00+00:00, run_after=2024-07-23 02:18:00+00:00
[2024-07-23T02:19:26.414+0000] {processor.py:183} INFO - Processing /home/airflow/.local/lib/python3.12/site-packages/airflow/example_dags/example_sla_dag.py took 0.450 seconds
[2024-07-23T02:19:56.918+0000] {processor.py:161} INFO - Started process (PID=2571) to work on /home/airflow/.local/lib/python3.12/site-packages/airflow/example_dags/example_sla_dag.py
[2024-07-23T02:19:56.919+0000] {processor.py:830} INFO - Processing file /home/airflow/.local/lib/python3.12/site-packages/airflow/example_dags/example_sla_dag.py for tasks to queue
[2024-07-23T02:19:56.922+0000] {logging_mixin.py:188} INFO - [2024-07-23T02:19:56.922+0000] {dagbag.py:545} INFO - Filling up the DagBag from /home/airflow/.local/lib/python3.12/site-packages/airflow/example_dags/example_sla_dag.py
[2024-07-23T02:19:56.939+0000] {processor.py:840} INFO - DAG(s) 'example_sla_dag' retrieved from /home/airflow/.local/lib/python3.12/site-packages/airflow/example_dags/example_sla_dag.py
[2024-07-23T02:19:56.983+0000] {logging_mixin.py:188} INFO - [2024-07-23T02:19:56.983+0000] {dag.py:3089} INFO - Sync 1 DAGs
[2024-07-23T02:19:57.038+0000] {logging_mixin.py:188} INFO - [2024-07-23T02:19:57.038+0000] {dag.py:3947} INFO - Setting next_dagrun for example_sla_dag to 2024-07-23 02:16:00+00:00, run_after=2024-07-23 02:18:00+00:00
[2024-07-23T02:19:57.067+0000] {processor.py:183} INFO - Processing /home/airflow/.local/lib/python3.12/site-packages/airflow/example_dags/example_sla_dag.py took 0.162 seconds
[2024-07-23T02:20:27.280+0000] {processor.py:161} INFO - Started process (PID=2630) to work on /home/airflow/.local/lib/python3.12/site-packages/airflow/example_dags/example_sla_dag.py
[2024-07-23T02:20:27.281+0000] {processor.py:830} INFO - Processing file /home/airflow/.local/lib/python3.12/site-packages/airflow/example_dags/example_sla_dag.py for tasks to queue
[2024-07-23T02:20:27.284+0000] {logging_mixin.py:188} INFO - [2024-07-23T02:20:27.284+0000] {dagbag.py:545} INFO - Filling up the DagBag from /home/airflow/.local/lib/python3.12/site-packages/airflow/example_dags/example_sla_dag.py
[2024-07-23T02:20:27.297+0000] {processor.py:840} INFO - DAG(s) 'example_sla_dag' retrieved from /home/airflow/.local/lib/python3.12/site-packages/airflow/example_dags/example_sla_dag.py
[2024-07-23T02:20:27.328+0000] {logging_mixin.py:188} INFO - [2024-07-23T02:20:27.328+0000] {dag.py:3089} INFO - Sync 1 DAGs
[2024-07-23T02:20:27.364+0000] {logging_mixin.py:188} INFO - [2024-07-23T02:20:27.364+0000] {dag.py:3947} INFO - Setting next_dagrun for example_sla_dag to 2024-07-23 02:18:00+00:00, run_after=2024-07-23 02:20:00+00:00
[2024-07-23T02:20:27.393+0000] {processor.py:183} INFO - Processing /home/airflow/.local/lib/python3.12/site-packages/airflow/example_dags/example_sla_dag.py took 0.123 seconds
[2024-07-23T02:20:57.431+0000] {processor.py:161} INFO - Started process (PID=2688) to work on /home/airflow/.local/lib/python3.12/site-packages/airflow/example_dags/example_sla_dag.py
[2024-07-23T02:20:57.431+0000] {processor.py:830} INFO - Processing file /home/airflow/.local/lib/python3.12/site-packages/airflow/example_dags/example_sla_dag.py for tasks to queue
[2024-07-23T02:20:57.433+0000] {logging_mixin.py:188} INFO - [2024-07-23T02:20:57.433+0000] {dagbag.py:545} INFO - Filling up the DagBag from /home/airflow/.local/lib/python3.12/site-packages/airflow/example_dags/example_sla_dag.py
[2024-07-23T02:20:57.442+0000] {processor.py:840} INFO - DAG(s) 'example_sla_dag' retrieved from /home/airflow/.local/lib/python3.12/site-packages/airflow/example_dags/example_sla_dag.py
[2024-07-23T02:20:57.462+0000] {logging_mixin.py:188} INFO - [2024-07-23T02:20:57.462+0000] {dag.py:3089} INFO - Sync 1 DAGs
[2024-07-23T02:20:57.488+0000] {logging_mixin.py:188} INFO - [2024-07-23T02:20:57.488+0000] {dag.py:3947} INFO - Setting next_dagrun for example_sla_dag to 2024-07-23 02:18:00+00:00, run_after=2024-07-23 02:20:00+00:00
[2024-07-23T02:20:57.511+0000] {processor.py:183} INFO - Processing /home/airflow/.local/lib/python3.12/site-packages/airflow/example_dags/example_sla_dag.py took 0.087 seconds
[2024-07-23T02:21:27.872+0000] {processor.py:161} INFO - Started process (PID=2747) to work on /home/airflow/.local/lib/python3.12/site-packages/airflow/example_dags/example_sla_dag.py
[2024-07-23T02:21:27.874+0000] {processor.py:830} INFO - Processing file /home/airflow/.local/lib/python3.12/site-packages/airflow/example_dags/example_sla_dag.py for tasks to queue
[2024-07-23T02:21:27.876+0000] {logging_mixin.py:188} INFO - [2024-07-23T02:21:27.876+0000] {dagbag.py:545} INFO - Filling up the DagBag from /home/airflow/.local/lib/python3.12/site-packages/airflow/example_dags/example_sla_dag.py
[2024-07-23T02:21:27.886+0000] {processor.py:840} INFO - DAG(s) 'example_sla_dag' retrieved from /home/airflow/.local/lib/python3.12/site-packages/airflow/example_dags/example_sla_dag.py
[2024-07-23T02:21:27.908+0000] {logging_mixin.py:188} INFO - [2024-07-23T02:21:27.907+0000] {dag.py:3089} INFO - Sync 1 DAGs
[2024-07-23T02:21:27.938+0000] {logging_mixin.py:188} INFO - [2024-07-23T02:21:27.938+0000] {dag.py:3947} INFO - Setting next_dagrun for example_sla_dag to 2024-07-23 02:18:00+00:00, run_after=2024-07-23 02:20:00+00:00
[2024-07-23T02:21:27.961+0000] {processor.py:183} INFO - Processing /home/airflow/.local/lib/python3.12/site-packages/airflow/example_dags/example_sla_dag.py took 0.095 seconds
[2024-07-23T02:21:58.143+0000] {processor.py:161} INFO - Started process (PID=2807) to work on /home/airflow/.local/lib/python3.12/site-packages/airflow/example_dags/example_sla_dag.py
[2024-07-23T02:21:58.144+0000] {processor.py:830} INFO - Processing file /home/airflow/.local/lib/python3.12/site-packages/airflow/example_dags/example_sla_dag.py for tasks to queue
[2024-07-23T02:21:58.146+0000] {logging_mixin.py:188} INFO - [2024-07-23T02:21:58.145+0000] {dagbag.py:545} INFO - Filling up the DagBag from /home/airflow/.local/lib/python3.12/site-packages/airflow/example_dags/example_sla_dag.py
[2024-07-23T02:21:58.156+0000] {processor.py:840} INFO - DAG(s) 'example_sla_dag' retrieved from /home/airflow/.local/lib/python3.12/site-packages/airflow/example_dags/example_sla_dag.py
[2024-07-23T02:21:58.182+0000] {logging_mixin.py:188} INFO - [2024-07-23T02:21:58.182+0000] {dag.py:3089} INFO - Sync 1 DAGs
[2024-07-23T02:21:58.216+0000] {logging_mixin.py:188} INFO - [2024-07-23T02:21:58.216+0000] {dag.py:3947} INFO - Setting next_dagrun for example_sla_dag to 2024-07-23 02:18:00+00:00, run_after=2024-07-23 02:20:00+00:00
[2024-07-23T02:21:58.245+0000] {processor.py:183} INFO - Processing /home/airflow/.local/lib/python3.12/site-packages/airflow/example_dags/example_sla_dag.py took 0.110 seconds
[2024-07-23T02:22:28.657+0000] {processor.py:161} INFO - Started process (PID=2866) to work on /home/airflow/.local/lib/python3.12/site-packages/airflow/example_dags/example_sla_dag.py
[2024-07-23T02:22:28.659+0000] {processor.py:830} INFO - Processing file /home/airflow/.local/lib/python3.12/site-packages/airflow/example_dags/example_sla_dag.py for tasks to queue
[2024-07-23T02:22:28.661+0000] {logging_mixin.py:188} INFO - [2024-07-23T02:22:28.660+0000] {dagbag.py:545} INFO - Filling up the DagBag from /home/airflow/.local/lib/python3.12/site-packages/airflow/example_dags/example_sla_dag.py
[2024-07-23T02:22:28.672+0000] {processor.py:840} INFO - DAG(s) 'example_sla_dag' retrieved from /home/airflow/.local/lib/python3.12/site-packages/airflow/example_dags/example_sla_dag.py
[2024-07-23T02:22:28.695+0000] {logging_mixin.py:188} INFO - [2024-07-23T02:22:28.694+0000] {dag.py:3089} INFO - Sync 1 DAGs
[2024-07-23T02:22:28.726+0000] {logging_mixin.py:188} INFO - [2024-07-23T02:22:28.725+0000] {dag.py:3947} INFO - Setting next_dagrun for example_sla_dag to 2024-07-23 02:20:00+00:00, run_after=2024-07-23 02:22:00+00:00
[2024-07-23T02:22:28.749+0000] {processor.py:183} INFO - Processing /home/airflow/.local/lib/python3.12/site-packages/airflow/example_dags/example_sla_dag.py took 0.100 seconds
[2024-07-23T02:22:59.040+0000] {processor.py:161} INFO - Started process (PID=2933) to work on /home/airflow/.local/lib/python3.12/site-packages/airflow/example_dags/example_sla_dag.py
[2024-07-23T02:22:59.043+0000] {processor.py:830} INFO - Processing file /home/airflow/.local/lib/python3.12/site-packages/airflow/example_dags/example_sla_dag.py for tasks to queue
[2024-07-23T02:22:59.046+0000] {logging_mixin.py:188} INFO - [2024-07-23T02:22:59.046+0000] {dagbag.py:545} INFO - Filling up the DagBag from /home/airflow/.local/lib/python3.12/site-packages/airflow/example_dags/example_sla_dag.py
[2024-07-23T02:22:59.061+0000] {processor.py:840} INFO - DAG(s) 'example_sla_dag' retrieved from /home/airflow/.local/lib/python3.12/site-packages/airflow/example_dags/example_sla_dag.py
[2024-07-23T02:22:59.104+0000] {logging_mixin.py:188} INFO - [2024-07-23T02:22:59.103+0000] {dag.py:3089} INFO - Sync 1 DAGs
[2024-07-23T02:22:59.164+0000] {logging_mixin.py:188} INFO - [2024-07-23T02:22:59.163+0000] {dag.py:3947} INFO - Setting next_dagrun for example_sla_dag to 2024-07-23 02:20:00+00:00, run_after=2024-07-23 02:22:00+00:00
[2024-07-23T02:22:59.201+0000] {processor.py:183} INFO - Processing /home/airflow/.local/lib/python3.12/site-packages/airflow/example_dags/example_sla_dag.py took 0.175 seconds
[2024-07-23T02:23:29.298+0000] {processor.py:161} INFO - Started process (PID=2991) to work on /home/airflow/.local/lib/python3.12/site-packages/airflow/example_dags/example_sla_dag.py
[2024-07-23T02:23:29.299+0000] {processor.py:830} INFO - Processing file /home/airflow/.local/lib/python3.12/site-packages/airflow/example_dags/example_sla_dag.py for tasks to queue
[2024-07-23T02:23:29.302+0000] {logging_mixin.py:188} INFO - [2024-07-23T02:23:29.301+0000] {dagbag.py:545} INFO - Filling up the DagBag from /home/airflow/.local/lib/python3.12/site-packages/airflow/example_dags/example_sla_dag.py
[2024-07-23T02:23:29.312+0000] {processor.py:840} INFO - DAG(s) 'example_sla_dag' retrieved from /home/airflow/.local/lib/python3.12/site-packages/airflow/example_dags/example_sla_dag.py
[2024-07-23T02:23:29.338+0000] {logging_mixin.py:188} INFO - [2024-07-23T02:23:29.338+0000] {dag.py:3089} INFO - Sync 1 DAGs
[2024-07-23T02:23:29.370+0000] {logging_mixin.py:188} INFO - [2024-07-23T02:23:29.370+0000] {dag.py:3947} INFO - Setting next_dagrun for example_sla_dag to 2024-07-23 02:20:00+00:00, run_after=2024-07-23 02:22:00+00:00
[2024-07-23T02:23:29.397+0000] {processor.py:183} INFO - Processing /home/airflow/.local/lib/python3.12/site-packages/airflow/example_dags/example_sla_dag.py took 0.106 seconds
[2024-07-23T02:24:00.258+0000] {processor.py:161} INFO - Started process (PID=3055) to work on /home/airflow/.local/lib/python3.12/site-packages/airflow/example_dags/example_sla_dag.py
[2024-07-23T02:24:00.263+0000] {processor.py:830} INFO - Processing file /home/airflow/.local/lib/python3.12/site-packages/airflow/example_dags/example_sla_dag.py for tasks to queue
[2024-07-23T02:24:00.270+0000] {logging_mixin.py:188} INFO - [2024-07-23T02:24:00.269+0000] {dagbag.py:545} INFO - Filling up the DagBag from /home/airflow/.local/lib/python3.12/site-packages/airflow/example_dags/example_sla_dag.py
[2024-07-23T02:24:00.304+0000] {processor.py:840} INFO - DAG(s) 'example_sla_dag' retrieved from /home/airflow/.local/lib/python3.12/site-packages/airflow/example_dags/example_sla_dag.py
[2024-07-23T02:24:00.392+0000] {logging_mixin.py:188} INFO - [2024-07-23T02:24:00.391+0000] {dag.py:3089} INFO - Sync 1 DAGs
[2024-07-23T02:24:00.488+0000] {logging_mixin.py:188} INFO - [2024-07-23T02:24:00.487+0000] {dag.py:3947} INFO - Setting next_dagrun for example_sla_dag to 2024-07-23 02:22:00+00:00, run_after=2024-07-23 02:24:00+00:00
[2024-07-23T02:24:00.550+0000] {processor.py:183} INFO - Processing /home/airflow/.local/lib/python3.12/site-packages/airflow/example_dags/example_sla_dag.py took 0.321 seconds
[2024-07-23T02:24:31.135+0000] {processor.py:161} INFO - Started process (PID=3114) to work on /home/airflow/.local/lib/python3.12/site-packages/airflow/example_dags/example_sla_dag.py
[2024-07-23T02:24:31.138+0000] {processor.py:830} INFO - Processing file /home/airflow/.local/lib/python3.12/site-packages/airflow/example_dags/example_sla_dag.py for tasks to queue
[2024-07-23T02:24:31.144+0000] {logging_mixin.py:188} INFO - [2024-07-23T02:24:31.143+0000] {dagbag.py:545} INFO - Filling up the DagBag from /home/airflow/.local/lib/python3.12/site-packages/airflow/example_dags/example_sla_dag.py
[2024-07-23T02:24:31.175+0000] {processor.py:840} INFO - DAG(s) 'example_sla_dag' retrieved from /home/airflow/.local/lib/python3.12/site-packages/airflow/example_dags/example_sla_dag.py
[2024-07-23T02:24:31.252+0000] {logging_mixin.py:188} INFO - [2024-07-23T02:24:31.251+0000] {dag.py:3089} INFO - Sync 1 DAGs
[2024-07-23T02:24:31.354+0000] {logging_mixin.py:188} INFO - [2024-07-23T02:24:31.354+0000] {dag.py:3947} INFO - Setting next_dagrun for example_sla_dag to 2024-07-23 02:22:00+00:00, run_after=2024-07-23 02:24:00+00:00
[2024-07-23T02:24:31.425+0000] {processor.py:183} INFO - Processing /home/airflow/.local/lib/python3.12/site-packages/airflow/example_dags/example_sla_dag.py took 0.313 seconds
[2024-07-23T02:25:02.283+0000] {processor.py:161} INFO - Started process (PID=3172) to work on /home/airflow/.local/lib/python3.12/site-packages/airflow/example_dags/example_sla_dag.py
[2024-07-23T02:25:02.287+0000] {processor.py:830} INFO - Processing file /home/airflow/.local/lib/python3.12/site-packages/airflow/example_dags/example_sla_dag.py for tasks to queue
[2024-07-23T02:25:02.296+0000] {logging_mixin.py:188} INFO - [2024-07-23T02:25:02.294+0000] {dagbag.py:545} INFO - Filling up the DagBag from /home/airflow/.local/lib/python3.12/site-packages/airflow/example_dags/example_sla_dag.py
[2024-07-23T02:25:02.333+0000] {processor.py:840} INFO - DAG(s) 'example_sla_dag' retrieved from /home/airflow/.local/lib/python3.12/site-packages/airflow/example_dags/example_sla_dag.py
[2024-07-23T02:25:02.427+0000] {logging_mixin.py:188} INFO - [2024-07-23T02:25:02.426+0000] {dag.py:3089} INFO - Sync 1 DAGs
[2024-07-23T02:25:02.563+0000] {logging_mixin.py:188} INFO - [2024-07-23T02:25:02.562+0000] {dag.py:3947} INFO - Setting next_dagrun for example_sla_dag to 2024-07-23 02:22:00+00:00, run_after=2024-07-23 02:24:00+00:00
[2024-07-23T02:25:02.639+0000] {processor.py:183} INFO - Processing /home/airflow/.local/lib/python3.12/site-packages/airflow/example_dags/example_sla_dag.py took 0.390 seconds
[2024-07-23T02:25:33.097+0000] {processor.py:161} INFO - Started process (PID=3231) to work on /home/airflow/.local/lib/python3.12/site-packages/airflow/example_dags/example_sla_dag.py
[2024-07-23T02:25:33.098+0000] {processor.py:830} INFO - Processing file /home/airflow/.local/lib/python3.12/site-packages/airflow/example_dags/example_sla_dag.py for tasks to queue
[2024-07-23T02:25:33.100+0000] {logging_mixin.py:188} INFO - [2024-07-23T02:25:33.100+0000] {dagbag.py:545} INFO - Filling up the DagBag from /home/airflow/.local/lib/python3.12/site-packages/airflow/example_dags/example_sla_dag.py
[2024-07-23T02:25:33.112+0000] {processor.py:840} INFO - DAG(s) 'example_sla_dag' retrieved from /home/airflow/.local/lib/python3.12/site-packages/airflow/example_dags/example_sla_dag.py
[2024-07-23T02:25:33.143+0000] {logging_mixin.py:188} INFO - [2024-07-23T02:25:33.142+0000] {dag.py:3089} INFO - Sync 1 DAGs
[2024-07-23T02:25:33.189+0000] {logging_mixin.py:188} INFO - [2024-07-23T02:25:33.189+0000] {dag.py:3947} INFO - Setting next_dagrun for example_sla_dag to 2024-07-23 02:22:00+00:00, run_after=2024-07-23 02:24:00+00:00
[2024-07-23T02:25:33.225+0000] {processor.py:183} INFO - Processing /home/airflow/.local/lib/python3.12/site-packages/airflow/example_dags/example_sla_dag.py took 0.136 seconds
[2024-07-23T02:26:03.261+0000] {processor.py:161} INFO - Started process (PID=3290) to work on /home/airflow/.local/lib/python3.12/site-packages/airflow/example_dags/example_sla_dag.py
[2024-07-23T02:26:03.262+0000] {processor.py:830} INFO - Processing file /home/airflow/.local/lib/python3.12/site-packages/airflow/example_dags/example_sla_dag.py for tasks to queue
[2024-07-23T02:26:03.265+0000] {logging_mixin.py:188} INFO - [2024-07-23T02:26:03.264+0000] {dagbag.py:545} INFO - Filling up the DagBag from /home/airflow/.local/lib/python3.12/site-packages/airflow/example_dags/example_sla_dag.py
[2024-07-23T02:26:03.280+0000] {processor.py:840} INFO - DAG(s) 'example_sla_dag' retrieved from /home/airflow/.local/lib/python3.12/site-packages/airflow/example_dags/example_sla_dag.py
[2024-07-23T02:26:03.320+0000] {logging_mixin.py:188} INFO - [2024-07-23T02:26:03.320+0000] {dag.py:3089} INFO - Sync 1 DAGs
[2024-07-23T02:26:03.361+0000] {logging_mixin.py:188} INFO - [2024-07-23T02:26:03.361+0000] {dag.py:3947} INFO - Setting next_dagrun for example_sla_dag to 2024-07-23 02:24:00+00:00, run_after=2024-07-23 02:26:00+00:00
[2024-07-23T02:26:03.387+0000] {processor.py:183} INFO - Processing /home/airflow/.local/lib/python3.12/site-packages/airflow/example_dags/example_sla_dag.py took 0.134 seconds
[2024-07-23T02:26:33.649+0000] {processor.py:161} INFO - Started process (PID=3349) to work on /home/airflow/.local/lib/python3.12/site-packages/airflow/example_dags/example_sla_dag.py
[2024-07-23T02:26:33.650+0000] {processor.py:830} INFO - Processing file /home/airflow/.local/lib/python3.12/site-packages/airflow/example_dags/example_sla_dag.py for tasks to queue
[2024-07-23T02:26:33.652+0000] {logging_mixin.py:188} INFO - [2024-07-23T02:26:33.651+0000] {dagbag.py:545} INFO - Filling up the DagBag from /home/airflow/.local/lib/python3.12/site-packages/airflow/example_dags/example_sla_dag.py
[2024-07-23T02:26:33.661+0000] {processor.py:840} INFO - DAG(s) 'example_sla_dag' retrieved from /home/airflow/.local/lib/python3.12/site-packages/airflow/example_dags/example_sla_dag.py
[2024-07-23T02:26:33.683+0000] {logging_mixin.py:188} INFO - [2024-07-23T02:26:33.683+0000] {dag.py:3089} INFO - Sync 1 DAGs
[2024-07-23T02:26:33.710+0000] {logging_mixin.py:188} INFO - [2024-07-23T02:26:33.710+0000] {dag.py:3947} INFO - Setting next_dagrun for example_sla_dag to 2024-07-23 02:24:00+00:00, run_after=2024-07-23 02:26:00+00:00
[2024-07-23T02:26:33.732+0000] {processor.py:183} INFO - Processing /home/airflow/.local/lib/python3.12/site-packages/airflow/example_dags/example_sla_dag.py took 0.092 seconds
[2024-07-23T02:27:04.895+0000] {processor.py:161} INFO - Started process (PID=3408) to work on /home/airflow/.local/lib/python3.12/site-packages/airflow/example_dags/example_sla_dag.py
[2024-07-23T02:27:04.898+0000] {processor.py:830} INFO - Processing file /home/airflow/.local/lib/python3.12/site-packages/airflow/example_dags/example_sla_dag.py for tasks to queue
[2024-07-23T02:27:04.904+0000] {logging_mixin.py:188} INFO - [2024-07-23T02:27:04.903+0000] {dagbag.py:545} INFO - Filling up the DagBag from /home/airflow/.local/lib/python3.12/site-packages/airflow/example_dags/example_sla_dag.py
[2024-07-23T02:27:04.936+0000] {processor.py:840} INFO - DAG(s) 'example_sla_dag' retrieved from /home/airflow/.local/lib/python3.12/site-packages/airflow/example_dags/example_sla_dag.py
[2024-07-23T02:27:05.011+0000] {logging_mixin.py:188} INFO - [2024-07-23T02:27:05.010+0000] {dag.py:3089} INFO - Sync 1 DAGs
[2024-07-23T02:27:05.105+0000] {logging_mixin.py:188} INFO - [2024-07-23T02:27:05.105+0000] {dag.py:3947} INFO - Setting next_dagrun for example_sla_dag to 2024-07-23 02:24:00+00:00, run_after=2024-07-23 02:26:00+00:00
[2024-07-23T02:27:05.172+0000] {processor.py:183} INFO - Processing /home/airflow/.local/lib/python3.12/site-packages/airflow/example_dags/example_sla_dag.py took 0.302 seconds
[2024-07-23T02:27:35.895+0000] {processor.py:161} INFO - Started process (PID=3467) to work on /home/airflow/.local/lib/python3.12/site-packages/airflow/example_dags/example_sla_dag.py
[2024-07-23T02:27:35.896+0000] {processor.py:830} INFO - Processing file /home/airflow/.local/lib/python3.12/site-packages/airflow/example_dags/example_sla_dag.py for tasks to queue
[2024-07-23T02:27:35.898+0000] {logging_mixin.py:188} INFO - [2024-07-23T02:27:35.898+0000] {dagbag.py:545} INFO - Filling up the DagBag from /home/airflow/.local/lib/python3.12/site-packages/airflow/example_dags/example_sla_dag.py
[2024-07-23T02:27:35.907+0000] {processor.py:840} INFO - DAG(s) 'example_sla_dag' retrieved from /home/airflow/.local/lib/python3.12/site-packages/airflow/example_dags/example_sla_dag.py
[2024-07-23T02:27:35.930+0000] {logging_mixin.py:188} INFO - [2024-07-23T02:27:35.930+0000] {dag.py:3089} INFO - Sync 1 DAGs
[2024-07-23T02:27:35.960+0000] {logging_mixin.py:188} INFO - [2024-07-23T02:27:35.959+0000] {dag.py:3947} INFO - Setting next_dagrun for example_sla_dag to 2024-07-23 02:24:00+00:00, run_after=2024-07-23 02:26:00+00:00
[2024-07-23T02:27:35.981+0000] {processor.py:183} INFO - Processing /home/airflow/.local/lib/python3.12/site-packages/airflow/example_dags/example_sla_dag.py took 0.092 seconds
