[2024-07-23T01:58:17.354+0000] {processor.py:161} INFO - Started process (PID=55) to work on /home/airflow/.local/lib/python3.12/site-packages/airflow/example_dags/example_setup_teardown.py
[2024-07-23T01:58:17.355+0000] {processor.py:830} INFO - Processing file /home/airflow/.local/lib/python3.12/site-packages/airflow/example_dags/example_setup_teardown.py for tasks to queue
[2024-07-23T01:58:17.358+0000] {logging_mixin.py:188} INFO - [2024-07-23T01:58:17.357+0000] {dagbag.py:545} INFO - Filling up the DagBag from /home/airflow/.local/lib/python3.12/site-packages/airflow/example_dags/example_setup_teardown.py
[2024-07-23T01:58:17.385+0000] {processor.py:840} INFO - DAG(s) 'example_setup_teardown' retrieved from /home/airflow/.local/lib/python3.12/site-packages/airflow/example_dags/example_setup_teardown.py
[2024-07-23T01:58:17.773+0000] {logging_mixin.py:188} INFO - [2024-07-23T01:58:17.773+0000] {dag.py:3089} INFO - Sync 1 DAGs
[2024-07-23T01:58:17.802+0000] {logging_mixin.py:188} INFO - [2024-07-23T01:58:17.802+0000] {dag.py:3947} INFO - Setting next_dagrun for example_setup_teardown to 2024-07-22 00:00:00+00:00, run_after=2024-07-23 00:00:00+00:00
[2024-07-23T01:58:17.832+0000] {processor.py:183} INFO - Processing /home/airflow/.local/lib/python3.12/site-packages/airflow/example_dags/example_setup_teardown.py took 0.486 seconds
[2024-07-23T01:58:48.015+0000] {processor.py:161} INFO - Started process (PID=113) to work on /home/airflow/.local/lib/python3.12/site-packages/airflow/example_dags/example_setup_teardown.py
[2024-07-23T01:58:48.016+0000] {processor.py:830} INFO - Processing file /home/airflow/.local/lib/python3.12/site-packages/airflow/example_dags/example_setup_teardown.py for tasks to queue
[2024-07-23T01:58:48.019+0000] {logging_mixin.py:188} INFO - [2024-07-23T01:58:48.018+0000] {dagbag.py:545} INFO - Filling up the DagBag from /home/airflow/.local/lib/python3.12/site-packages/airflow/example_dags/example_setup_teardown.py
[2024-07-23T01:58:48.027+0000] {processor.py:840} INFO - DAG(s) 'example_setup_teardown' retrieved from /home/airflow/.local/lib/python3.12/site-packages/airflow/example_dags/example_setup_teardown.py
[2024-07-23T01:58:48.055+0000] {logging_mixin.py:188} INFO - [2024-07-23T01:58:48.055+0000] {dag.py:3089} INFO - Sync 1 DAGs
[2024-07-23T01:58:48.085+0000] {logging_mixin.py:188} INFO - [2024-07-23T01:58:48.084+0000] {dag.py:3947} INFO - Setting next_dagrun for example_setup_teardown to 2024-07-22 00:00:00+00:00, run_after=2024-07-23 00:00:00+00:00
[2024-07-23T01:58:48.111+0000] {processor.py:183} INFO - Processing /home/airflow/.local/lib/python3.12/site-packages/airflow/example_dags/example_setup_teardown.py took 0.103 seconds
[2024-07-23T01:59:18.235+0000] {processor.py:161} INFO - Started process (PID=171) to work on /home/airflow/.local/lib/python3.12/site-packages/airflow/example_dags/example_setup_teardown.py
[2024-07-23T01:59:18.237+0000] {processor.py:830} INFO - Processing file /home/airflow/.local/lib/python3.12/site-packages/airflow/example_dags/example_setup_teardown.py for tasks to queue
[2024-07-23T01:59:18.241+0000] {logging_mixin.py:188} INFO - [2024-07-23T01:59:18.240+0000] {dagbag.py:545} INFO - Filling up the DagBag from /home/airflow/.local/lib/python3.12/site-packages/airflow/example_dags/example_setup_teardown.py
[2024-07-23T01:59:18.252+0000] {processor.py:840} INFO - DAG(s) 'example_setup_teardown' retrieved from /home/airflow/.local/lib/python3.12/site-packages/airflow/example_dags/example_setup_teardown.py
[2024-07-23T01:59:18.279+0000] {logging_mixin.py:188} INFO - [2024-07-23T01:59:18.279+0000] {dag.py:3089} INFO - Sync 1 DAGs
[2024-07-23T01:59:18.309+0000] {logging_mixin.py:188} INFO - [2024-07-23T01:59:18.308+0000] {dag.py:3947} INFO - Setting next_dagrun for example_setup_teardown to 2024-07-22 00:00:00+00:00, run_after=2024-07-23 00:00:00+00:00
[2024-07-23T01:59:18.336+0000] {processor.py:183} INFO - Processing /home/airflow/.local/lib/python3.12/site-packages/airflow/example_dags/example_setup_teardown.py took 0.108 seconds
[2024-07-23T01:59:48.710+0000] {processor.py:161} INFO - Started process (PID=229) to work on /home/airflow/.local/lib/python3.12/site-packages/airflow/example_dags/example_setup_teardown.py
[2024-07-23T01:59:48.726+0000] {processor.py:830} INFO - Processing file /home/airflow/.local/lib/python3.12/site-packages/airflow/example_dags/example_setup_teardown.py for tasks to queue
[2024-07-23T01:59:48.729+0000] {logging_mixin.py:188} INFO - [2024-07-23T01:59:48.729+0000] {dagbag.py:545} INFO - Filling up the DagBag from /home/airflow/.local/lib/python3.12/site-packages/airflow/example_dags/example_setup_teardown.py
[2024-07-23T01:59:48.735+0000] {processor.py:840} INFO - DAG(s) 'example_setup_teardown' retrieved from /home/airflow/.local/lib/python3.12/site-packages/airflow/example_dags/example_setup_teardown.py
[2024-07-23T01:59:48.755+0000] {logging_mixin.py:188} INFO - [2024-07-23T01:59:48.755+0000] {dag.py:3089} INFO - Sync 1 DAGs
[2024-07-23T01:59:48.775+0000] {logging_mixin.py:188} INFO - [2024-07-23T01:59:48.775+0000] {dag.py:3947} INFO - Setting next_dagrun for example_setup_teardown to 2024-07-22 00:00:00+00:00, run_after=2024-07-23 00:00:00+00:00
[2024-07-23T01:59:48.795+0000] {processor.py:183} INFO - Processing /home/airflow/.local/lib/python3.12/site-packages/airflow/example_dags/example_setup_teardown.py took 0.090 seconds
[2024-07-23T02:00:19.311+0000] {processor.py:161} INFO - Started process (PID=287) to work on /home/airflow/.local/lib/python3.12/site-packages/airflow/example_dags/example_setup_teardown.py
[2024-07-23T02:00:19.312+0000] {processor.py:830} INFO - Processing file /home/airflow/.local/lib/python3.12/site-packages/airflow/example_dags/example_setup_teardown.py for tasks to queue
[2024-07-23T02:00:19.314+0000] {logging_mixin.py:188} INFO - [2024-07-23T02:00:19.314+0000] {dagbag.py:545} INFO - Filling up the DagBag from /home/airflow/.local/lib/python3.12/site-packages/airflow/example_dags/example_setup_teardown.py
[2024-07-23T02:00:19.320+0000] {processor.py:840} INFO - DAG(s) 'example_setup_teardown' retrieved from /home/airflow/.local/lib/python3.12/site-packages/airflow/example_dags/example_setup_teardown.py
[2024-07-23T02:00:19.341+0000] {logging_mixin.py:188} INFO - [2024-07-23T02:00:19.341+0000] {dag.py:3089} INFO - Sync 1 DAGs
[2024-07-23T02:00:19.369+0000] {logging_mixin.py:188} INFO - [2024-07-23T02:00:19.369+0000] {dag.py:3947} INFO - Setting next_dagrun for example_setup_teardown to 2024-07-22 00:00:00+00:00, run_after=2024-07-23 00:00:00+00:00
[2024-07-23T02:00:19.390+0000] {processor.py:183} INFO - Processing /home/airflow/.local/lib/python3.12/site-packages/airflow/example_dags/example_setup_teardown.py took 0.085 seconds
[2024-07-23T02:00:49.642+0000] {processor.py:161} INFO - Started process (PID=345) to work on /home/airflow/.local/lib/python3.12/site-packages/airflow/example_dags/example_setup_teardown.py
[2024-07-23T02:00:49.643+0000] {processor.py:830} INFO - Processing file /home/airflow/.local/lib/python3.12/site-packages/airflow/example_dags/example_setup_teardown.py for tasks to queue
[2024-07-23T02:00:49.645+0000] {logging_mixin.py:188} INFO - [2024-07-23T02:00:49.645+0000] {dagbag.py:545} INFO - Filling up the DagBag from /home/airflow/.local/lib/python3.12/site-packages/airflow/example_dags/example_setup_teardown.py
[2024-07-23T02:00:49.652+0000] {processor.py:840} INFO - DAG(s) 'example_setup_teardown' retrieved from /home/airflow/.local/lib/python3.12/site-packages/airflow/example_dags/example_setup_teardown.py
[2024-07-23T02:00:49.673+0000] {logging_mixin.py:188} INFO - [2024-07-23T02:00:49.672+0000] {dag.py:3089} INFO - Sync 1 DAGs
[2024-07-23T02:00:49.694+0000] {logging_mixin.py:188} INFO - [2024-07-23T02:00:49.694+0000] {dag.py:3947} INFO - Setting next_dagrun for example_setup_teardown to 2024-07-22 00:00:00+00:00, run_after=2024-07-23 00:00:00+00:00
[2024-07-23T02:00:49.714+0000] {processor.py:183} INFO - Processing /home/airflow/.local/lib/python3.12/site-packages/airflow/example_dags/example_setup_teardown.py took 0.077 seconds
[2024-07-23T02:01:20.015+0000] {processor.py:161} INFO - Started process (PID=402) to work on /home/airflow/.local/lib/python3.12/site-packages/airflow/example_dags/example_setup_teardown.py
[2024-07-23T02:01:20.016+0000] {processor.py:830} INFO - Processing file /home/airflow/.local/lib/python3.12/site-packages/airflow/example_dags/example_setup_teardown.py for tasks to queue
[2024-07-23T02:01:20.018+0000] {logging_mixin.py:188} INFO - [2024-07-23T02:01:20.018+0000] {dagbag.py:545} INFO - Filling up the DagBag from /home/airflow/.local/lib/python3.12/site-packages/airflow/example_dags/example_setup_teardown.py
[2024-07-23T02:01:20.025+0000] {processor.py:840} INFO - DAG(s) 'example_setup_teardown' retrieved from /home/airflow/.local/lib/python3.12/site-packages/airflow/example_dags/example_setup_teardown.py
[2024-07-23T02:01:20.048+0000] {logging_mixin.py:188} INFO - [2024-07-23T02:01:20.048+0000] {dag.py:3089} INFO - Sync 1 DAGs
[2024-07-23T02:01:20.070+0000] {logging_mixin.py:188} INFO - [2024-07-23T02:01:20.070+0000] {dag.py:3947} INFO - Setting next_dagrun for example_setup_teardown to 2024-07-22 00:00:00+00:00, run_after=2024-07-23 00:00:00+00:00
[2024-07-23T02:01:20.091+0000] {processor.py:183} INFO - Processing /home/airflow/.local/lib/python3.12/site-packages/airflow/example_dags/example_setup_teardown.py took 0.083 seconds
[2024-07-23T02:01:50.641+0000] {processor.py:161} INFO - Started process (PID=464) to work on /home/airflow/.local/lib/python3.12/site-packages/airflow/example_dags/example_setup_teardown.py
[2024-07-23T02:01:50.643+0000] {processor.py:830} INFO - Processing file /home/airflow/.local/lib/python3.12/site-packages/airflow/example_dags/example_setup_teardown.py for tasks to queue
[2024-07-23T02:01:50.644+0000] {logging_mixin.py:188} INFO - [2024-07-23T02:01:50.644+0000] {dagbag.py:545} INFO - Filling up the DagBag from /home/airflow/.local/lib/python3.12/site-packages/airflow/example_dags/example_setup_teardown.py
[2024-07-23T02:01:50.652+0000] {processor.py:840} INFO - DAG(s) 'example_setup_teardown' retrieved from /home/airflow/.local/lib/python3.12/site-packages/airflow/example_dags/example_setup_teardown.py
[2024-07-23T02:01:50.677+0000] {logging_mixin.py:188} INFO - [2024-07-23T02:01:50.677+0000] {dag.py:3089} INFO - Sync 1 DAGs
[2024-07-23T02:01:50.698+0000] {logging_mixin.py:188} INFO - [2024-07-23T02:01:50.698+0000] {dag.py:3947} INFO - Setting next_dagrun for example_setup_teardown to 2024-07-22 00:00:00+00:00, run_after=2024-07-23 00:00:00+00:00
[2024-07-23T02:01:50.718+0000] {processor.py:183} INFO - Processing /home/airflow/.local/lib/python3.12/site-packages/airflow/example_dags/example_setup_teardown.py took 0.083 seconds
[2024-07-23T02:02:20.772+0000] {processor.py:161} INFO - Started process (PID=523) to work on /home/airflow/.local/lib/python3.12/site-packages/airflow/example_dags/example_setup_teardown.py
[2024-07-23T02:02:20.774+0000] {processor.py:830} INFO - Processing file /home/airflow/.local/lib/python3.12/site-packages/airflow/example_dags/example_setup_teardown.py for tasks to queue
[2024-07-23T02:02:20.776+0000] {logging_mixin.py:188} INFO - [2024-07-23T02:02:20.775+0000] {dagbag.py:545} INFO - Filling up the DagBag from /home/airflow/.local/lib/python3.12/site-packages/airflow/example_dags/example_setup_teardown.py
[2024-07-23T02:02:20.783+0000] {processor.py:840} INFO - DAG(s) 'example_setup_teardown' retrieved from /home/airflow/.local/lib/python3.12/site-packages/airflow/example_dags/example_setup_teardown.py
[2024-07-23T02:02:20.806+0000] {logging_mixin.py:188} INFO - [2024-07-23T02:02:20.805+0000] {dag.py:3089} INFO - Sync 1 DAGs
[2024-07-23T02:02:20.829+0000] {logging_mixin.py:188} INFO - [2024-07-23T02:02:20.829+0000] {dag.py:3947} INFO - Setting next_dagrun for example_setup_teardown to 2024-07-22 00:00:00+00:00, run_after=2024-07-23 00:00:00+00:00
[2024-07-23T02:02:20.857+0000] {processor.py:183} INFO - Processing /home/airflow/.local/lib/python3.12/site-packages/airflow/example_dags/example_setup_teardown.py took 0.092 seconds
[2024-07-23T02:02:50.970+0000] {processor.py:161} INFO - Started process (PID=582) to work on /home/airflow/.local/lib/python3.12/site-packages/airflow/example_dags/example_setup_teardown.py
[2024-07-23T02:02:50.972+0000] {processor.py:830} INFO - Processing file /home/airflow/.local/lib/python3.12/site-packages/airflow/example_dags/example_setup_teardown.py for tasks to queue
[2024-07-23T02:02:50.974+0000] {logging_mixin.py:188} INFO - [2024-07-23T02:02:50.973+0000] {dagbag.py:545} INFO - Filling up the DagBag from /home/airflow/.local/lib/python3.12/site-packages/airflow/example_dags/example_setup_teardown.py
[2024-07-23T02:02:50.981+0000] {processor.py:840} INFO - DAG(s) 'example_setup_teardown' retrieved from /home/airflow/.local/lib/python3.12/site-packages/airflow/example_dags/example_setup_teardown.py
[2024-07-23T02:02:51.007+0000] {logging_mixin.py:188} INFO - [2024-07-23T02:02:51.007+0000] {dag.py:3089} INFO - Sync 1 DAGs
[2024-07-23T02:02:51.034+0000] {logging_mixin.py:188} INFO - [2024-07-23T02:02:51.034+0000] {dag.py:3947} INFO - Setting next_dagrun for example_setup_teardown to 2024-07-22 00:00:00+00:00, run_after=2024-07-23 00:00:00+00:00
[2024-07-23T02:02:51.057+0000] {processor.py:183} INFO - Processing /home/airflow/.local/lib/python3.12/site-packages/airflow/example_dags/example_setup_teardown.py took 0.095 seconds
[2024-07-23T02:03:21.784+0000] {processor.py:161} INFO - Started process (PID=642) to work on /home/airflow/.local/lib/python3.12/site-packages/airflow/example_dags/example_setup_teardown.py
[2024-07-23T02:03:21.785+0000] {processor.py:830} INFO - Processing file /home/airflow/.local/lib/python3.12/site-packages/airflow/example_dags/example_setup_teardown.py for tasks to queue
[2024-07-23T02:03:21.788+0000] {logging_mixin.py:188} INFO - [2024-07-23T02:03:21.787+0000] {dagbag.py:545} INFO - Filling up the DagBag from /home/airflow/.local/lib/python3.12/site-packages/airflow/example_dags/example_setup_teardown.py
[2024-07-23T02:03:21.800+0000] {processor.py:840} INFO - DAG(s) 'example_setup_teardown' retrieved from /home/airflow/.local/lib/python3.12/site-packages/airflow/example_dags/example_setup_teardown.py
[2024-07-23T02:03:21.834+0000] {logging_mixin.py:188} INFO - [2024-07-23T02:03:21.834+0000] {dag.py:3089} INFO - Sync 1 DAGs
[2024-07-23T02:03:21.871+0000] {logging_mixin.py:188} INFO - [2024-07-23T02:03:21.871+0000] {dag.py:3947} INFO - Setting next_dagrun for example_setup_teardown to 2024-07-22 00:00:00+00:00, run_after=2024-07-23 00:00:00+00:00
[2024-07-23T02:03:21.902+0000] {processor.py:183} INFO - Processing /home/airflow/.local/lib/python3.12/site-packages/airflow/example_dags/example_setup_teardown.py took 0.129 seconds
[2024-07-23T02:03:52.763+0000] {processor.py:161} INFO - Started process (PID=701) to work on /home/airflow/.local/lib/python3.12/site-packages/airflow/example_dags/example_setup_teardown.py
[2024-07-23T02:03:52.764+0000] {processor.py:830} INFO - Processing file /home/airflow/.local/lib/python3.12/site-packages/airflow/example_dags/example_setup_teardown.py for tasks to queue
[2024-07-23T02:03:52.768+0000] {logging_mixin.py:188} INFO - [2024-07-23T02:03:52.768+0000] {dagbag.py:545} INFO - Filling up the DagBag from /home/airflow/.local/lib/python3.12/site-packages/airflow/example_dags/example_setup_teardown.py
[2024-07-23T02:03:52.782+0000] {processor.py:840} INFO - DAG(s) 'example_setup_teardown' retrieved from /home/airflow/.local/lib/python3.12/site-packages/airflow/example_dags/example_setup_teardown.py
[2024-07-23T02:03:52.825+0000] {logging_mixin.py:188} INFO - [2024-07-23T02:03:52.825+0000] {dag.py:3089} INFO - Sync 1 DAGs
[2024-07-23T02:03:52.875+0000] {logging_mixin.py:188} INFO - [2024-07-23T02:03:52.874+0000] {dag.py:3947} INFO - Setting next_dagrun for example_setup_teardown to 2024-07-22 00:00:00+00:00, run_after=2024-07-23 00:00:00+00:00
[2024-07-23T02:03:52.916+0000] {processor.py:183} INFO - Processing /home/airflow/.local/lib/python3.12/site-packages/airflow/example_dags/example_setup_teardown.py took 0.168 seconds
[2024-07-23T02:04:23.432+0000] {processor.py:161} INFO - Started process (PID=760) to work on /home/airflow/.local/lib/python3.12/site-packages/airflow/example_dags/example_setup_teardown.py
[2024-07-23T02:04:23.439+0000] {processor.py:830} INFO - Processing file /home/airflow/.local/lib/python3.12/site-packages/airflow/example_dags/example_setup_teardown.py for tasks to queue
[2024-07-23T02:04:23.454+0000] {logging_mixin.py:188} INFO - [2024-07-23T02:04:23.451+0000] {dagbag.py:545} INFO - Filling up the DagBag from /home/airflow/.local/lib/python3.12/site-packages/airflow/example_dags/example_setup_teardown.py
[2024-07-23T02:04:23.513+0000] {processor.py:840} INFO - DAG(s) 'example_setup_teardown' retrieved from /home/airflow/.local/lib/python3.12/site-packages/airflow/example_dags/example_setup_teardown.py
[2024-07-23T02:04:23.708+0000] {logging_mixin.py:188} INFO - [2024-07-23T02:04:23.706+0000] {dag.py:3089} INFO - Sync 1 DAGs
[2024-07-23T02:04:23.853+0000] {logging_mixin.py:188} INFO - [2024-07-23T02:04:23.852+0000] {dag.py:3947} INFO - Setting next_dagrun for example_setup_teardown to 2024-07-22 00:00:00+00:00, run_after=2024-07-23 00:00:00+00:00
[2024-07-23T02:04:23.946+0000] {processor.py:183} INFO - Processing /home/airflow/.local/lib/python3.12/site-packages/airflow/example_dags/example_setup_teardown.py took 0.559 seconds
[2024-07-23T02:04:54.656+0000] {processor.py:161} INFO - Started process (PID=819) to work on /home/airflow/.local/lib/python3.12/site-packages/airflow/example_dags/example_setup_teardown.py
[2024-07-23T02:04:54.660+0000] {processor.py:830} INFO - Processing file /home/airflow/.local/lib/python3.12/site-packages/airflow/example_dags/example_setup_teardown.py for tasks to queue
[2024-07-23T02:04:54.670+0000] {logging_mixin.py:188} INFO - [2024-07-23T02:04:54.669+0000] {dagbag.py:545} INFO - Filling up the DagBag from /home/airflow/.local/lib/python3.12/site-packages/airflow/example_dags/example_setup_teardown.py
[2024-07-23T02:04:54.714+0000] {processor.py:840} INFO - DAG(s) 'example_setup_teardown' retrieved from /home/airflow/.local/lib/python3.12/site-packages/airflow/example_dags/example_setup_teardown.py
[2024-07-23T02:04:54.822+0000] {logging_mixin.py:188} INFO - [2024-07-23T02:04:54.820+0000] {dag.py:3089} INFO - Sync 1 DAGs
[2024-07-23T02:04:54.927+0000] {logging_mixin.py:188} INFO - [2024-07-23T02:04:54.926+0000] {dag.py:3947} INFO - Setting next_dagrun for example_setup_teardown to 2024-07-22 00:00:00+00:00, run_after=2024-07-23 00:00:00+00:00
[2024-07-23T02:04:55.014+0000] {processor.py:183} INFO - Processing /home/airflow/.local/lib/python3.12/site-packages/airflow/example_dags/example_setup_teardown.py took 0.394 seconds
[2024-07-23T02:05:25.250+0000] {processor.py:161} INFO - Started process (PID=878) to work on /home/airflow/.local/lib/python3.12/site-packages/airflow/example_dags/example_setup_teardown.py
[2024-07-23T02:05:25.254+0000] {processor.py:830} INFO - Processing file /home/airflow/.local/lib/python3.12/site-packages/airflow/example_dags/example_setup_teardown.py for tasks to queue
[2024-07-23T02:05:25.263+0000] {logging_mixin.py:188} INFO - [2024-07-23T02:05:25.262+0000] {dagbag.py:545} INFO - Filling up the DagBag from /home/airflow/.local/lib/python3.12/site-packages/airflow/example_dags/example_setup_teardown.py
[2024-07-23T02:05:25.294+0000] {processor.py:840} INFO - DAG(s) 'example_setup_teardown' retrieved from /home/airflow/.local/lib/python3.12/site-packages/airflow/example_dags/example_setup_teardown.py
[2024-07-23T02:05:25.393+0000] {logging_mixin.py:188} INFO - [2024-07-23T02:05:25.392+0000] {dag.py:3089} INFO - Sync 1 DAGs
[2024-07-23T02:05:25.517+0000] {logging_mixin.py:188} INFO - [2024-07-23T02:05:25.516+0000] {dag.py:3947} INFO - Setting next_dagrun for example_setup_teardown to 2024-07-22 00:00:00+00:00, run_after=2024-07-23 00:00:00+00:00
[2024-07-23T02:05:25.623+0000] {processor.py:183} INFO - Processing /home/airflow/.local/lib/python3.12/site-packages/airflow/example_dags/example_setup_teardown.py took 0.402 seconds
[2024-07-23T02:05:55.910+0000] {processor.py:161} INFO - Started process (PID=937) to work on /home/airflow/.local/lib/python3.12/site-packages/airflow/example_dags/example_setup_teardown.py
[2024-07-23T02:05:55.912+0000] {processor.py:830} INFO - Processing file /home/airflow/.local/lib/python3.12/site-packages/airflow/example_dags/example_setup_teardown.py for tasks to queue
[2024-07-23T02:05:55.914+0000] {logging_mixin.py:188} INFO - [2024-07-23T02:05:55.913+0000] {dagbag.py:545} INFO - Filling up the DagBag from /home/airflow/.local/lib/python3.12/site-packages/airflow/example_dags/example_setup_teardown.py
[2024-07-23T02:05:55.921+0000] {processor.py:840} INFO - DAG(s) 'example_setup_teardown' retrieved from /home/airflow/.local/lib/python3.12/site-packages/airflow/example_dags/example_setup_teardown.py
[2024-07-23T02:05:55.943+0000] {logging_mixin.py:188} INFO - [2024-07-23T02:05:55.942+0000] {dag.py:3089} INFO - Sync 1 DAGs
[2024-07-23T02:05:55.963+0000] {logging_mixin.py:188} INFO - [2024-07-23T02:05:55.963+0000] {dag.py:3947} INFO - Setting next_dagrun for example_setup_teardown to 2024-07-22 00:00:00+00:00, run_after=2024-07-23 00:00:00+00:00
[2024-07-23T02:05:55.985+0000] {processor.py:183} INFO - Processing /home/airflow/.local/lib/python3.12/site-packages/airflow/example_dags/example_setup_teardown.py took 0.080 seconds
[2024-07-23T02:06:26.466+0000] {processor.py:161} INFO - Started process (PID=996) to work on /home/airflow/.local/lib/python3.12/site-packages/airflow/example_dags/example_setup_teardown.py
[2024-07-23T02:06:26.467+0000] {processor.py:830} INFO - Processing file /home/airflow/.local/lib/python3.12/site-packages/airflow/example_dags/example_setup_teardown.py for tasks to queue
[2024-07-23T02:06:26.469+0000] {logging_mixin.py:188} INFO - [2024-07-23T02:06:26.468+0000] {dagbag.py:545} INFO - Filling up the DagBag from /home/airflow/.local/lib/python3.12/site-packages/airflow/example_dags/example_setup_teardown.py
[2024-07-23T02:06:26.477+0000] {processor.py:840} INFO - DAG(s) 'example_setup_teardown' retrieved from /home/airflow/.local/lib/python3.12/site-packages/airflow/example_dags/example_setup_teardown.py
[2024-07-23T02:06:26.502+0000] {logging_mixin.py:188} INFO - [2024-07-23T02:06:26.502+0000] {dag.py:3089} INFO - Sync 1 DAGs
[2024-07-23T02:06:26.529+0000] {logging_mixin.py:188} INFO - [2024-07-23T02:06:26.529+0000] {dag.py:3947} INFO - Setting next_dagrun for example_setup_teardown to 2024-07-22 00:00:00+00:00, run_after=2024-07-23 00:00:00+00:00
[2024-07-23T02:06:26.555+0000] {processor.py:183} INFO - Processing /home/airflow/.local/lib/python3.12/site-packages/airflow/example_dags/example_setup_teardown.py took 0.097 seconds
[2024-07-23T02:06:56.601+0000] {processor.py:161} INFO - Started process (PID=1055) to work on /home/airflow/.local/lib/python3.12/site-packages/airflow/example_dags/example_setup_teardown.py
[2024-07-23T02:06:56.603+0000] {processor.py:830} INFO - Processing file /home/airflow/.local/lib/python3.12/site-packages/airflow/example_dags/example_setup_teardown.py for tasks to queue
[2024-07-23T02:06:56.606+0000] {logging_mixin.py:188} INFO - [2024-07-23T02:06:56.605+0000] {dagbag.py:545} INFO - Filling up the DagBag from /home/airflow/.local/lib/python3.12/site-packages/airflow/example_dags/example_setup_teardown.py
[2024-07-23T02:06:56.614+0000] {processor.py:840} INFO - DAG(s) 'example_setup_teardown' retrieved from /home/airflow/.local/lib/python3.12/site-packages/airflow/example_dags/example_setup_teardown.py
[2024-07-23T02:06:56.637+0000] {logging_mixin.py:188} INFO - [2024-07-23T02:06:56.636+0000] {dag.py:3089} INFO - Sync 1 DAGs
[2024-07-23T02:06:56.661+0000] {logging_mixin.py:188} INFO - [2024-07-23T02:06:56.661+0000] {dag.py:3947} INFO - Setting next_dagrun for example_setup_teardown to 2024-07-22 00:00:00+00:00, run_after=2024-07-23 00:00:00+00:00
[2024-07-23T02:06:56.682+0000] {processor.py:183} INFO - Processing /home/airflow/.local/lib/python3.12/site-packages/airflow/example_dags/example_setup_teardown.py took 0.090 seconds
[2024-07-23T02:07:26.808+0000] {processor.py:161} INFO - Started process (PID=1114) to work on /home/airflow/.local/lib/python3.12/site-packages/airflow/example_dags/example_setup_teardown.py
[2024-07-23T02:07:26.809+0000] {processor.py:830} INFO - Processing file /home/airflow/.local/lib/python3.12/site-packages/airflow/example_dags/example_setup_teardown.py for tasks to queue
[2024-07-23T02:07:26.811+0000] {logging_mixin.py:188} INFO - [2024-07-23T02:07:26.810+0000] {dagbag.py:545} INFO - Filling up the DagBag from /home/airflow/.local/lib/python3.12/site-packages/airflow/example_dags/example_setup_teardown.py
[2024-07-23T02:07:26.818+0000] {processor.py:840} INFO - DAG(s) 'example_setup_teardown' retrieved from /home/airflow/.local/lib/python3.12/site-packages/airflow/example_dags/example_setup_teardown.py
[2024-07-23T02:07:26.845+0000] {logging_mixin.py:188} INFO - [2024-07-23T02:07:26.844+0000] {dag.py:3089} INFO - Sync 1 DAGs
[2024-07-23T02:07:26.870+0000] {logging_mixin.py:188} INFO - [2024-07-23T02:07:26.870+0000] {dag.py:3947} INFO - Setting next_dagrun for example_setup_teardown to 2024-07-22 00:00:00+00:00, run_after=2024-07-23 00:00:00+00:00
[2024-07-23T02:07:26.892+0000] {processor.py:183} INFO - Processing /home/airflow/.local/lib/python3.12/site-packages/airflow/example_dags/example_setup_teardown.py took 0.092 seconds
[2024-07-23T02:07:57.271+0000] {processor.py:161} INFO - Started process (PID=1174) to work on /home/airflow/.local/lib/python3.12/site-packages/airflow/example_dags/example_setup_teardown.py
[2024-07-23T02:07:57.273+0000] {processor.py:830} INFO - Processing file /home/airflow/.local/lib/python3.12/site-packages/airflow/example_dags/example_setup_teardown.py for tasks to queue
[2024-07-23T02:07:57.274+0000] {logging_mixin.py:188} INFO - [2024-07-23T02:07:57.274+0000] {dagbag.py:545} INFO - Filling up the DagBag from /home/airflow/.local/lib/python3.12/site-packages/airflow/example_dags/example_setup_teardown.py
[2024-07-23T02:07:57.281+0000] {processor.py:840} INFO - DAG(s) 'example_setup_teardown' retrieved from /home/airflow/.local/lib/python3.12/site-packages/airflow/example_dags/example_setup_teardown.py
[2024-07-23T02:07:57.302+0000] {logging_mixin.py:188} INFO - [2024-07-23T02:07:57.302+0000] {dag.py:3089} INFO - Sync 1 DAGs
[2024-07-23T02:07:57.326+0000] {logging_mixin.py:188} INFO - [2024-07-23T02:07:57.326+0000] {dag.py:3947} INFO - Setting next_dagrun for example_setup_teardown to 2024-07-22 00:00:00+00:00, run_after=2024-07-23 00:00:00+00:00
[2024-07-23T02:07:57.349+0000] {processor.py:183} INFO - Processing /home/airflow/.local/lib/python3.12/site-packages/airflow/example_dags/example_setup_teardown.py took 0.085 seconds
[2024-07-23T02:08:27.896+0000] {processor.py:161} INFO - Started process (PID=1232) to work on /home/airflow/.local/lib/python3.12/site-packages/airflow/example_dags/example_setup_teardown.py
[2024-07-23T02:08:27.898+0000] {processor.py:830} INFO - Processing file /home/airflow/.local/lib/python3.12/site-packages/airflow/example_dags/example_setup_teardown.py for tasks to queue
[2024-07-23T02:08:27.900+0000] {logging_mixin.py:188} INFO - [2024-07-23T02:08:27.900+0000] {dagbag.py:545} INFO - Filling up the DagBag from /home/airflow/.local/lib/python3.12/site-packages/airflow/example_dags/example_setup_teardown.py
[2024-07-23T02:08:27.906+0000] {processor.py:840} INFO - DAG(s) 'example_setup_teardown' retrieved from /home/airflow/.local/lib/python3.12/site-packages/airflow/example_dags/example_setup_teardown.py
[2024-07-23T02:08:27.929+0000] {logging_mixin.py:188} INFO - [2024-07-23T02:08:27.928+0000] {dag.py:3089} INFO - Sync 1 DAGs
[2024-07-23T02:08:27.952+0000] {logging_mixin.py:188} INFO - [2024-07-23T02:08:27.952+0000] {dag.py:3947} INFO - Setting next_dagrun for example_setup_teardown to 2024-07-22 00:00:00+00:00, run_after=2024-07-23 00:00:00+00:00
[2024-07-23T02:08:27.973+0000] {processor.py:183} INFO - Processing /home/airflow/.local/lib/python3.12/site-packages/airflow/example_dags/example_setup_teardown.py took 0.083 seconds
[2024-07-23T02:08:58.327+0000] {processor.py:161} INFO - Started process (PID=1291) to work on /home/airflow/.local/lib/python3.12/site-packages/airflow/example_dags/example_setup_teardown.py
[2024-07-23T02:08:58.328+0000] {processor.py:830} INFO - Processing file /home/airflow/.local/lib/python3.12/site-packages/airflow/example_dags/example_setup_teardown.py for tasks to queue
[2024-07-23T02:08:58.331+0000] {logging_mixin.py:188} INFO - [2024-07-23T02:08:58.330+0000] {dagbag.py:545} INFO - Filling up the DagBag from /home/airflow/.local/lib/python3.12/site-packages/airflow/example_dags/example_setup_teardown.py
[2024-07-23T02:08:58.339+0000] {processor.py:840} INFO - DAG(s) 'example_setup_teardown' retrieved from /home/airflow/.local/lib/python3.12/site-packages/airflow/example_dags/example_setup_teardown.py
[2024-07-23T02:08:58.364+0000] {logging_mixin.py:188} INFO - [2024-07-23T02:08:58.364+0000] {dag.py:3089} INFO - Sync 1 DAGs
[2024-07-23T02:08:58.390+0000] {logging_mixin.py:188} INFO - [2024-07-23T02:08:58.389+0000] {dag.py:3947} INFO - Setting next_dagrun for example_setup_teardown to 2024-07-22 00:00:00+00:00, run_after=2024-07-23 00:00:00+00:00
[2024-07-23T02:08:58.416+0000] {processor.py:183} INFO - Processing /home/airflow/.local/lib/python3.12/site-packages/airflow/example_dags/example_setup_teardown.py took 0.097 seconds
[2024-07-23T02:09:28.450+0000] {processor.py:161} INFO - Started process (PID=1347) to work on /home/airflow/.local/lib/python3.12/site-packages/airflow/example_dags/example_setup_teardown.py
[2024-07-23T02:09:28.450+0000] {processor.py:830} INFO - Processing file /home/airflow/.local/lib/python3.12/site-packages/airflow/example_dags/example_setup_teardown.py for tasks to queue
[2024-07-23T02:09:28.452+0000] {logging_mixin.py:188} INFO - [2024-07-23T02:09:28.452+0000] {dagbag.py:545} INFO - Filling up the DagBag from /home/airflow/.local/lib/python3.12/site-packages/airflow/example_dags/example_setup_teardown.py
[2024-07-23T02:09:28.459+0000] {processor.py:840} INFO - DAG(s) 'example_setup_teardown' retrieved from /home/airflow/.local/lib/python3.12/site-packages/airflow/example_dags/example_setup_teardown.py
[2024-07-23T02:09:28.488+0000] {logging_mixin.py:188} INFO - [2024-07-23T02:09:28.487+0000] {dag.py:3089} INFO - Sync 1 DAGs
[2024-07-23T02:09:28.517+0000] {logging_mixin.py:188} INFO - [2024-07-23T02:09:28.516+0000] {dag.py:3947} INFO - Setting next_dagrun for example_setup_teardown to 2024-07-22 00:00:00+00:00, run_after=2024-07-23 00:00:00+00:00
[2024-07-23T02:09:28.540+0000] {processor.py:183} INFO - Processing /home/airflow/.local/lib/python3.12/site-packages/airflow/example_dags/example_setup_teardown.py took 0.096 seconds
[2024-07-23T02:09:58.670+0000] {processor.py:161} INFO - Started process (PID=1406) to work on /home/airflow/.local/lib/python3.12/site-packages/airflow/example_dags/example_setup_teardown.py
[2024-07-23T02:09:58.672+0000] {processor.py:830} INFO - Processing file /home/airflow/.local/lib/python3.12/site-packages/airflow/example_dags/example_setup_teardown.py for tasks to queue
[2024-07-23T02:09:58.675+0000] {logging_mixin.py:188} INFO - [2024-07-23T02:09:58.675+0000] {dagbag.py:545} INFO - Filling up the DagBag from /home/airflow/.local/lib/python3.12/site-packages/airflow/example_dags/example_setup_teardown.py
[2024-07-23T02:09:58.684+0000] {processor.py:840} INFO - DAG(s) 'example_setup_teardown' retrieved from /home/airflow/.local/lib/python3.12/site-packages/airflow/example_dags/example_setup_teardown.py
[2024-07-23T02:09:58.714+0000] {logging_mixin.py:188} INFO - [2024-07-23T02:09:58.714+0000] {dag.py:3089} INFO - Sync 1 DAGs
[2024-07-23T02:09:58.748+0000] {logging_mixin.py:188} INFO - [2024-07-23T02:09:58.748+0000] {dag.py:3947} INFO - Setting next_dagrun for example_setup_teardown to 2024-07-22 00:00:00+00:00, run_after=2024-07-23 00:00:00+00:00
[2024-07-23T02:09:58.772+0000] {processor.py:183} INFO - Processing /home/airflow/.local/lib/python3.12/site-packages/airflow/example_dags/example_setup_teardown.py took 0.112 seconds
[2024-07-23T02:10:28.826+0000] {processor.py:161} INFO - Started process (PID=1465) to work on /home/airflow/.local/lib/python3.12/site-packages/airflow/example_dags/example_setup_teardown.py
[2024-07-23T02:10:28.827+0000] {processor.py:830} INFO - Processing file /home/airflow/.local/lib/python3.12/site-packages/airflow/example_dags/example_setup_teardown.py for tasks to queue
[2024-07-23T02:10:28.830+0000] {logging_mixin.py:188} INFO - [2024-07-23T02:10:28.830+0000] {dagbag.py:545} INFO - Filling up the DagBag from /home/airflow/.local/lib/python3.12/site-packages/airflow/example_dags/example_setup_teardown.py
[2024-07-23T02:10:28.842+0000] {processor.py:840} INFO - DAG(s) 'example_setup_teardown' retrieved from /home/airflow/.local/lib/python3.12/site-packages/airflow/example_dags/example_setup_teardown.py
[2024-07-23T02:10:28.878+0000] {logging_mixin.py:188} INFO - [2024-07-23T02:10:28.877+0000] {dag.py:3089} INFO - Sync 1 DAGs
[2024-07-23T02:10:28.918+0000] {logging_mixin.py:188} INFO - [2024-07-23T02:10:28.917+0000] {dag.py:3947} INFO - Setting next_dagrun for example_setup_teardown to 2024-07-22 00:00:00+00:00, run_after=2024-07-23 00:00:00+00:00
[2024-07-23T02:10:28.954+0000] {processor.py:183} INFO - Processing /home/airflow/.local/lib/python3.12/site-packages/airflow/example_dags/example_setup_teardown.py took 0.140 seconds
[2024-07-23T02:10:59.309+0000] {processor.py:161} INFO - Started process (PID=1524) to work on /home/airflow/.local/lib/python3.12/site-packages/airflow/example_dags/example_setup_teardown.py
[2024-07-23T02:10:59.310+0000] {processor.py:830} INFO - Processing file /home/airflow/.local/lib/python3.12/site-packages/airflow/example_dags/example_setup_teardown.py for tasks to queue
[2024-07-23T02:10:59.312+0000] {logging_mixin.py:188} INFO - [2024-07-23T02:10:59.311+0000] {dagbag.py:545} INFO - Filling up the DagBag from /home/airflow/.local/lib/python3.12/site-packages/airflow/example_dags/example_setup_teardown.py
[2024-07-23T02:10:59.319+0000] {processor.py:840} INFO - DAG(s) 'example_setup_teardown' retrieved from /home/airflow/.local/lib/python3.12/site-packages/airflow/example_dags/example_setup_teardown.py
[2024-07-23T02:10:59.342+0000] {logging_mixin.py:188} INFO - [2024-07-23T02:10:59.342+0000] {dag.py:3089} INFO - Sync 1 DAGs
[2024-07-23T02:10:59.367+0000] {logging_mixin.py:188} INFO - [2024-07-23T02:10:59.367+0000] {dag.py:3947} INFO - Setting next_dagrun for example_setup_teardown to 2024-07-22 00:00:00+00:00, run_after=2024-07-23 00:00:00+00:00
[2024-07-23T02:10:59.393+0000] {processor.py:183} INFO - Processing /home/airflow/.local/lib/python3.12/site-packages/airflow/example_dags/example_setup_teardown.py took 0.090 seconds
[2024-07-23T02:11:29.489+0000] {processor.py:161} INFO - Started process (PID=1582) to work on /home/airflow/.local/lib/python3.12/site-packages/airflow/example_dags/example_setup_teardown.py
[2024-07-23T02:11:29.490+0000] {processor.py:830} INFO - Processing file /home/airflow/.local/lib/python3.12/site-packages/airflow/example_dags/example_setup_teardown.py for tasks to queue
[2024-07-23T02:11:29.492+0000] {logging_mixin.py:188} INFO - [2024-07-23T02:11:29.492+0000] {dagbag.py:545} INFO - Filling up the DagBag from /home/airflow/.local/lib/python3.12/site-packages/airflow/example_dags/example_setup_teardown.py
[2024-07-23T02:11:29.500+0000] {processor.py:840} INFO - DAG(s) 'example_setup_teardown' retrieved from /home/airflow/.local/lib/python3.12/site-packages/airflow/example_dags/example_setup_teardown.py
[2024-07-23T02:11:29.524+0000] {logging_mixin.py:188} INFO - [2024-07-23T02:11:29.524+0000] {dag.py:3089} INFO - Sync 1 DAGs
[2024-07-23T02:11:29.551+0000] {logging_mixin.py:188} INFO - [2024-07-23T02:11:29.551+0000] {dag.py:3947} INFO - Setting next_dagrun for example_setup_teardown to 2024-07-22 00:00:00+00:00, run_after=2024-07-23 00:00:00+00:00
[2024-07-23T02:11:29.574+0000] {processor.py:183} INFO - Processing /home/airflow/.local/lib/python3.12/site-packages/airflow/example_dags/example_setup_teardown.py took 0.092 seconds
[2024-07-23T02:11:59.753+0000] {processor.py:161} INFO - Started process (PID=1641) to work on /home/airflow/.local/lib/python3.12/site-packages/airflow/example_dags/example_setup_teardown.py
[2024-07-23T02:11:59.754+0000] {processor.py:830} INFO - Processing file /home/airflow/.local/lib/python3.12/site-packages/airflow/example_dags/example_setup_teardown.py for tasks to queue
[2024-07-23T02:11:59.757+0000] {logging_mixin.py:188} INFO - [2024-07-23T02:11:59.756+0000] {dagbag.py:545} INFO - Filling up the DagBag from /home/airflow/.local/lib/python3.12/site-packages/airflow/example_dags/example_setup_teardown.py
[2024-07-23T02:11:59.766+0000] {processor.py:840} INFO - DAG(s) 'example_setup_teardown' retrieved from /home/airflow/.local/lib/python3.12/site-packages/airflow/example_dags/example_setup_teardown.py
[2024-07-23T02:11:59.802+0000] {logging_mixin.py:188} INFO - [2024-07-23T02:11:59.802+0000] {dag.py:3089} INFO - Sync 1 DAGs
[2024-07-23T02:11:59.844+0000] {logging_mixin.py:188} INFO - [2024-07-23T02:11:59.844+0000] {dag.py:3947} INFO - Setting next_dagrun for example_setup_teardown to 2024-07-22 00:00:00+00:00, run_after=2024-07-23 00:00:00+00:00
[2024-07-23T02:11:59.876+0000] {processor.py:183} INFO - Processing /home/airflow/.local/lib/python3.12/site-packages/airflow/example_dags/example_setup_teardown.py took 0.132 seconds
[2024-07-23T02:12:29.935+0000] {processor.py:161} INFO - Started process (PID=1701) to work on /home/airflow/.local/lib/python3.12/site-packages/airflow/example_dags/example_setup_teardown.py
[2024-07-23T02:12:29.936+0000] {processor.py:830} INFO - Processing file /home/airflow/.local/lib/python3.12/site-packages/airflow/example_dags/example_setup_teardown.py for tasks to queue
[2024-07-23T02:12:29.938+0000] {logging_mixin.py:188} INFO - [2024-07-23T02:12:29.937+0000] {dagbag.py:545} INFO - Filling up the DagBag from /home/airflow/.local/lib/python3.12/site-packages/airflow/example_dags/example_setup_teardown.py
[2024-07-23T02:12:29.945+0000] {processor.py:840} INFO - DAG(s) 'example_setup_teardown' retrieved from /home/airflow/.local/lib/python3.12/site-packages/airflow/example_dags/example_setup_teardown.py
[2024-07-23T02:12:29.973+0000] {logging_mixin.py:188} INFO - [2024-07-23T02:12:29.973+0000] {dag.py:3089} INFO - Sync 1 DAGs
[2024-07-23T02:12:29.996+0000] {logging_mixin.py:188} INFO - [2024-07-23T02:12:29.996+0000] {dag.py:3947} INFO - Setting next_dagrun for example_setup_teardown to 2024-07-22 00:00:00+00:00, run_after=2024-07-23 00:00:00+00:00
[2024-07-23T02:12:30.017+0000] {processor.py:183} INFO - Processing /home/airflow/.local/lib/python3.12/site-packages/airflow/example_dags/example_setup_teardown.py took 0.089 seconds
[2024-07-23T02:13:00.108+0000] {processor.py:161} INFO - Started process (PID=1760) to work on /home/airflow/.local/lib/python3.12/site-packages/airflow/example_dags/example_setup_teardown.py
[2024-07-23T02:13:00.109+0000] {processor.py:830} INFO - Processing file /home/airflow/.local/lib/python3.12/site-packages/airflow/example_dags/example_setup_teardown.py for tasks to queue
[2024-07-23T02:13:00.111+0000] {logging_mixin.py:188} INFO - [2024-07-23T02:13:00.111+0000] {dagbag.py:545} INFO - Filling up the DagBag from /home/airflow/.local/lib/python3.12/site-packages/airflow/example_dags/example_setup_teardown.py
[2024-07-23T02:13:00.121+0000] {processor.py:840} INFO - DAG(s) 'example_setup_teardown' retrieved from /home/airflow/.local/lib/python3.12/site-packages/airflow/example_dags/example_setup_teardown.py
[2024-07-23T02:13:00.149+0000] {logging_mixin.py:188} INFO - [2024-07-23T02:13:00.148+0000] {dag.py:3089} INFO - Sync 1 DAGs
[2024-07-23T02:13:00.178+0000] {logging_mixin.py:188} INFO - [2024-07-23T02:13:00.177+0000] {dag.py:3947} INFO - Setting next_dagrun for example_setup_teardown to 2024-07-22 00:00:00+00:00, run_after=2024-07-23 00:00:00+00:00
[2024-07-23T02:13:00.207+0000] {processor.py:183} INFO - Processing /home/airflow/.local/lib/python3.12/site-packages/airflow/example_dags/example_setup_teardown.py took 0.107 seconds
[2024-07-23T02:13:30.745+0000] {processor.py:161} INFO - Started process (PID=1819) to work on /home/airflow/.local/lib/python3.12/site-packages/airflow/example_dags/example_setup_teardown.py
[2024-07-23T02:13:30.746+0000] {processor.py:830} INFO - Processing file /home/airflow/.local/lib/python3.12/site-packages/airflow/example_dags/example_setup_teardown.py for tasks to queue
[2024-07-23T02:13:30.749+0000] {logging_mixin.py:188} INFO - [2024-07-23T02:13:30.748+0000] {dagbag.py:545} INFO - Filling up the DagBag from /home/airflow/.local/lib/python3.12/site-packages/airflow/example_dags/example_setup_teardown.py
[2024-07-23T02:13:30.758+0000] {processor.py:840} INFO - DAG(s) 'example_setup_teardown' retrieved from /home/airflow/.local/lib/python3.12/site-packages/airflow/example_dags/example_setup_teardown.py
[2024-07-23T02:13:30.785+0000] {logging_mixin.py:188} INFO - [2024-07-23T02:13:30.784+0000] {dag.py:3089} INFO - Sync 1 DAGs
[2024-07-23T02:13:30.815+0000] {logging_mixin.py:188} INFO - [2024-07-23T02:13:30.814+0000] {dag.py:3947} INFO - Setting next_dagrun for example_setup_teardown to 2024-07-22 00:00:00+00:00, run_after=2024-07-23 00:00:00+00:00
[2024-07-23T02:13:30.842+0000] {processor.py:183} INFO - Processing /home/airflow/.local/lib/python3.12/site-packages/airflow/example_dags/example_setup_teardown.py took 0.105 seconds
[2024-07-23T02:14:01.477+0000] {processor.py:161} INFO - Started process (PID=1887) to work on /home/airflow/.local/lib/python3.12/site-packages/airflow/example_dags/example_setup_teardown.py
[2024-07-23T02:14:01.478+0000] {processor.py:830} INFO - Processing file /home/airflow/.local/lib/python3.12/site-packages/airflow/example_dags/example_setup_teardown.py for tasks to queue
[2024-07-23T02:14:01.480+0000] {logging_mixin.py:188} INFO - [2024-07-23T02:14:01.480+0000] {dagbag.py:545} INFO - Filling up the DagBag from /home/airflow/.local/lib/python3.12/site-packages/airflow/example_dags/example_setup_teardown.py
[2024-07-23T02:14:01.489+0000] {processor.py:840} INFO - DAG(s) 'example_setup_teardown' retrieved from /home/airflow/.local/lib/python3.12/site-packages/airflow/example_dags/example_setup_teardown.py
[2024-07-23T02:14:01.517+0000] {logging_mixin.py:188} INFO - [2024-07-23T02:14:01.517+0000] {dag.py:3089} INFO - Sync 1 DAGs
[2024-07-23T02:14:01.551+0000] {logging_mixin.py:188} INFO - [2024-07-23T02:14:01.551+0000] {dag.py:3947} INFO - Setting next_dagrun for example_setup_teardown to 2024-07-22 00:00:00+00:00, run_after=2024-07-23 00:00:00+00:00
[2024-07-23T02:14:01.579+0000] {processor.py:183} INFO - Processing /home/airflow/.local/lib/python3.12/site-packages/airflow/example_dags/example_setup_teardown.py took 0.110 seconds
[2024-07-23T02:14:32.358+0000] {processor.py:161} INFO - Started process (PID=1946) to work on /home/airflow/.local/lib/python3.12/site-packages/airflow/example_dags/example_setup_teardown.py
[2024-07-23T02:14:32.360+0000] {processor.py:830} INFO - Processing file /home/airflow/.local/lib/python3.12/site-packages/airflow/example_dags/example_setup_teardown.py for tasks to queue
[2024-07-23T02:14:32.362+0000] {logging_mixin.py:188} INFO - [2024-07-23T02:14:32.362+0000] {dagbag.py:545} INFO - Filling up the DagBag from /home/airflow/.local/lib/python3.12/site-packages/airflow/example_dags/example_setup_teardown.py
[2024-07-23T02:14:32.372+0000] {processor.py:840} INFO - DAG(s) 'example_setup_teardown' retrieved from /home/airflow/.local/lib/python3.12/site-packages/airflow/example_dags/example_setup_teardown.py
[2024-07-23T02:14:32.402+0000] {logging_mixin.py:188} INFO - [2024-07-23T02:14:32.402+0000] {dag.py:3089} INFO - Sync 1 DAGs
[2024-07-23T02:14:32.438+0000] {logging_mixin.py:188} INFO - [2024-07-23T02:14:32.438+0000] {dag.py:3947} INFO - Setting next_dagrun for example_setup_teardown to 2024-07-22 00:00:00+00:00, run_after=2024-07-23 00:00:00+00:00
[2024-07-23T02:14:32.483+0000] {processor.py:183} INFO - Processing /home/airflow/.local/lib/python3.12/site-packages/airflow/example_dags/example_setup_teardown.py took 0.135 seconds
[2024-07-23T02:15:02.639+0000] {processor.py:161} INFO - Started process (PID=2005) to work on /home/airflow/.local/lib/python3.12/site-packages/airflow/example_dags/example_setup_teardown.py
[2024-07-23T02:15:02.643+0000] {processor.py:830} INFO - Processing file /home/airflow/.local/lib/python3.12/site-packages/airflow/example_dags/example_setup_teardown.py for tasks to queue
[2024-07-23T02:15:02.650+0000] {logging_mixin.py:188} INFO - [2024-07-23T02:15:02.649+0000] {dagbag.py:545} INFO - Filling up the DagBag from /home/airflow/.local/lib/python3.12/site-packages/airflow/example_dags/example_setup_teardown.py
[2024-07-23T02:15:02.679+0000] {processor.py:840} INFO - DAG(s) 'example_setup_teardown' retrieved from /home/airflow/.local/lib/python3.12/site-packages/airflow/example_dags/example_setup_teardown.py
[2024-07-23T02:15:02.780+0000] {logging_mixin.py:188} INFO - [2024-07-23T02:15:02.780+0000] {dag.py:3089} INFO - Sync 1 DAGs
[2024-07-23T02:15:02.916+0000] {logging_mixin.py:188} INFO - [2024-07-23T02:15:02.914+0000] {dag.py:3947} INFO - Setting next_dagrun for example_setup_teardown to 2024-07-22 00:00:00+00:00, run_after=2024-07-23 00:00:00+00:00
[2024-07-23T02:15:03.020+0000] {processor.py:183} INFO - Processing /home/airflow/.local/lib/python3.12/site-packages/airflow/example_dags/example_setup_teardown.py took 0.408 seconds
[2024-07-23T02:15:33.584+0000] {processor.py:161} INFO - Started process (PID=2064) to work on /home/airflow/.local/lib/python3.12/site-packages/airflow/example_dags/example_setup_teardown.py
[2024-07-23T02:15:33.588+0000] {processor.py:830} INFO - Processing file /home/airflow/.local/lib/python3.12/site-packages/airflow/example_dags/example_setup_teardown.py for tasks to queue
[2024-07-23T02:15:33.597+0000] {logging_mixin.py:188} INFO - [2024-07-23T02:15:33.595+0000] {dagbag.py:545} INFO - Filling up the DagBag from /home/airflow/.local/lib/python3.12/site-packages/airflow/example_dags/example_setup_teardown.py
[2024-07-23T02:15:33.636+0000] {processor.py:840} INFO - DAG(s) 'example_setup_teardown' retrieved from /home/airflow/.local/lib/python3.12/site-packages/airflow/example_dags/example_setup_teardown.py
[2024-07-23T02:15:33.734+0000] {logging_mixin.py:188} INFO - [2024-07-23T02:15:33.733+0000] {dag.py:3089} INFO - Sync 1 DAGs
[2024-07-23T02:15:33.826+0000] {logging_mixin.py:188} INFO - [2024-07-23T02:15:33.825+0000] {dag.py:3947} INFO - Setting next_dagrun for example_setup_teardown to 2024-07-22 00:00:00+00:00, run_after=2024-07-23 00:00:00+00:00
[2024-07-23T02:15:33.905+0000] {processor.py:183} INFO - Processing /home/airflow/.local/lib/python3.12/site-packages/airflow/example_dags/example_setup_teardown.py took 0.353 seconds
[2024-07-23T02:16:04.405+0000] {processor.py:161} INFO - Started process (PID=2124) to work on /home/airflow/.local/lib/python3.12/site-packages/airflow/example_dags/example_setup_teardown.py
[2024-07-23T02:16:04.409+0000] {processor.py:830} INFO - Processing file /home/airflow/.local/lib/python3.12/site-packages/airflow/example_dags/example_setup_teardown.py for tasks to queue
[2024-07-23T02:16:04.419+0000] {logging_mixin.py:188} INFO - [2024-07-23T02:16:04.417+0000] {dagbag.py:545} INFO - Filling up the DagBag from /home/airflow/.local/lib/python3.12/site-packages/airflow/example_dags/example_setup_teardown.py
[2024-07-23T02:16:04.453+0000] {processor.py:840} INFO - DAG(s) 'example_setup_teardown' retrieved from /home/airflow/.local/lib/python3.12/site-packages/airflow/example_dags/example_setup_teardown.py
[2024-07-23T02:16:04.981+0000] {logging_mixin.py:188} INFO - [2024-07-23T02:16:04.980+0000] {dag.py:3089} INFO - Sync 1 DAGs
[2024-07-23T02:16:05.051+0000] {logging_mixin.py:188} INFO - [2024-07-23T02:16:05.050+0000] {dag.py:3947} INFO - Setting next_dagrun for example_setup_teardown to 2024-07-22 00:00:00+00:00, run_after=2024-07-23 00:00:00+00:00
[2024-07-23T02:16:05.112+0000] {processor.py:183} INFO - Processing /home/airflow/.local/lib/python3.12/site-packages/airflow/example_dags/example_setup_teardown.py took 0.743 seconds
[2024-07-23T02:16:35.568+0000] {processor.py:161} INFO - Started process (PID=2183) to work on /home/airflow/.local/lib/python3.12/site-packages/airflow/example_dags/example_setup_teardown.py
[2024-07-23T02:16:35.571+0000] {processor.py:830} INFO - Processing file /home/airflow/.local/lib/python3.12/site-packages/airflow/example_dags/example_setup_teardown.py for tasks to queue
[2024-07-23T02:16:35.582+0000] {logging_mixin.py:188} INFO - [2024-07-23T02:16:35.580+0000] {dagbag.py:545} INFO - Filling up the DagBag from /home/airflow/.local/lib/python3.12/site-packages/airflow/example_dags/example_setup_teardown.py
[2024-07-23T02:16:35.617+0000] {processor.py:840} INFO - DAG(s) 'example_setup_teardown' retrieved from /home/airflow/.local/lib/python3.12/site-packages/airflow/example_dags/example_setup_teardown.py
[2024-07-23T02:16:35.716+0000] {logging_mixin.py:188} INFO - [2024-07-23T02:16:35.715+0000] {dag.py:3089} INFO - Sync 1 DAGs
[2024-07-23T02:16:35.813+0000] {logging_mixin.py:188} INFO - [2024-07-23T02:16:35.812+0000] {dag.py:3947} INFO - Setting next_dagrun for example_setup_teardown to 2024-07-22 00:00:00+00:00, run_after=2024-07-23 00:00:00+00:00
[2024-07-23T02:16:35.896+0000] {processor.py:183} INFO - Processing /home/airflow/.local/lib/python3.12/site-packages/airflow/example_dags/example_setup_teardown.py took 0.361 seconds
[2024-07-23T02:17:07.565+0000] {processor.py:161} INFO - Started process (PID=2251) to work on /home/airflow/.local/lib/python3.12/site-packages/airflow/example_dags/example_setup_teardown.py
[2024-07-23T02:17:07.580+0000] {processor.py:830} INFO - Processing file /home/airflow/.local/lib/python3.12/site-packages/airflow/example_dags/example_setup_teardown.py for tasks to queue
[2024-07-23T02:17:07.590+0000] {logging_mixin.py:188} INFO - [2024-07-23T02:17:07.589+0000] {dagbag.py:545} INFO - Filling up the DagBag from /home/airflow/.local/lib/python3.12/site-packages/airflow/example_dags/example_setup_teardown.py
[2024-07-23T02:17:07.668+0000] {processor.py:840} INFO - DAG(s) 'example_setup_teardown' retrieved from /home/airflow/.local/lib/python3.12/site-packages/airflow/example_dags/example_setup_teardown.py
[2024-07-23T02:17:07.814+0000] {logging_mixin.py:188} INFO - [2024-07-23T02:17:07.813+0000] {dag.py:3089} INFO - Sync 1 DAGs
[2024-07-23T02:17:08.126+0000] {logging_mixin.py:188} INFO - [2024-07-23T02:17:08.125+0000] {dag.py:3947} INFO - Setting next_dagrun for example_setup_teardown to 2024-07-22 00:00:00+00:00, run_after=2024-07-23 00:00:00+00:00
[2024-07-23T02:17:08.367+0000] {processor.py:183} INFO - Processing /home/airflow/.local/lib/python3.12/site-packages/airflow/example_dags/example_setup_teardown.py took 0.848 seconds
[2024-07-23T02:17:38.555+0000] {processor.py:161} INFO - Started process (PID=2310) to work on /home/airflow/.local/lib/python3.12/site-packages/airflow/example_dags/example_setup_teardown.py
[2024-07-23T02:17:38.559+0000] {processor.py:830} INFO - Processing file /home/airflow/.local/lib/python3.12/site-packages/airflow/example_dags/example_setup_teardown.py for tasks to queue
[2024-07-23T02:17:38.567+0000] {logging_mixin.py:188} INFO - [2024-07-23T02:17:38.565+0000] {dagbag.py:545} INFO - Filling up the DagBag from /home/airflow/.local/lib/python3.12/site-packages/airflow/example_dags/example_setup_teardown.py
[2024-07-23T02:17:38.597+0000] {processor.py:840} INFO - DAG(s) 'example_setup_teardown' retrieved from /home/airflow/.local/lib/python3.12/site-packages/airflow/example_dags/example_setup_teardown.py
[2024-07-23T02:17:38.702+0000] {logging_mixin.py:188} INFO - [2024-07-23T02:17:38.701+0000] {dag.py:3089} INFO - Sync 1 DAGs
[2024-07-23T02:17:38.804+0000] {logging_mixin.py:188} INFO - [2024-07-23T02:17:38.803+0000] {dag.py:3947} INFO - Setting next_dagrun for example_setup_teardown to 2024-07-22 00:00:00+00:00, run_after=2024-07-23 00:00:00+00:00
[2024-07-23T02:17:38.883+0000] {processor.py:183} INFO - Processing /home/airflow/.local/lib/python3.12/site-packages/airflow/example_dags/example_setup_teardown.py took 0.354 seconds
[2024-07-23T02:18:09.267+0000] {processor.py:161} INFO - Started process (PID=2369) to work on /home/airflow/.local/lib/python3.12/site-packages/airflow/example_dags/example_setup_teardown.py
[2024-07-23T02:18:09.271+0000] {processor.py:830} INFO - Processing file /home/airflow/.local/lib/python3.12/site-packages/airflow/example_dags/example_setup_teardown.py for tasks to queue
[2024-07-23T02:18:09.279+0000] {logging_mixin.py:188} INFO - [2024-07-23T02:18:09.277+0000] {dagbag.py:545} INFO - Filling up the DagBag from /home/airflow/.local/lib/python3.12/site-packages/airflow/example_dags/example_setup_teardown.py
[2024-07-23T02:18:09.311+0000] {processor.py:840} INFO - DAG(s) 'example_setup_teardown' retrieved from /home/airflow/.local/lib/python3.12/site-packages/airflow/example_dags/example_setup_teardown.py
[2024-07-23T02:18:09.413+0000] {logging_mixin.py:188} INFO - [2024-07-23T02:18:09.412+0000] {dag.py:3089} INFO - Sync 1 DAGs
[2024-07-23T02:18:09.525+0000] {logging_mixin.py:188} INFO - [2024-07-23T02:18:09.523+0000] {dag.py:3947} INFO - Setting next_dagrun for example_setup_teardown to 2024-07-22 00:00:00+00:00, run_after=2024-07-23 00:00:00+00:00
[2024-07-23T02:18:09.612+0000] {processor.py:183} INFO - Processing /home/airflow/.local/lib/python3.12/site-packages/airflow/example_dags/example_setup_teardown.py took 0.376 seconds
[2024-07-23T02:18:40.072+0000] {processor.py:161} INFO - Started process (PID=2428) to work on /home/airflow/.local/lib/python3.12/site-packages/airflow/example_dags/example_setup_teardown.py
[2024-07-23T02:18:40.075+0000] {processor.py:830} INFO - Processing file /home/airflow/.local/lib/python3.12/site-packages/airflow/example_dags/example_setup_teardown.py for tasks to queue
[2024-07-23T02:18:40.082+0000] {logging_mixin.py:188} INFO - [2024-07-23T02:18:40.080+0000] {dagbag.py:545} INFO - Filling up the DagBag from /home/airflow/.local/lib/python3.12/site-packages/airflow/example_dags/example_setup_teardown.py
[2024-07-23T02:18:40.114+0000] {processor.py:840} INFO - DAG(s) 'example_setup_teardown' retrieved from /home/airflow/.local/lib/python3.12/site-packages/airflow/example_dags/example_setup_teardown.py
[2024-07-23T02:18:40.225+0000] {logging_mixin.py:188} INFO - [2024-07-23T02:18:40.224+0000] {dag.py:3089} INFO - Sync 1 DAGs
[2024-07-23T02:18:40.342+0000] {logging_mixin.py:188} INFO - [2024-07-23T02:18:40.340+0000] {dag.py:3947} INFO - Setting next_dagrun for example_setup_teardown to 2024-07-22 00:00:00+00:00, run_after=2024-07-23 00:00:00+00:00
[2024-07-23T02:18:40.425+0000] {processor.py:183} INFO - Processing /home/airflow/.local/lib/python3.12/site-packages/airflow/example_dags/example_setup_teardown.py took 0.382 seconds
[2024-07-23T02:19:10.823+0000] {processor.py:161} INFO - Started process (PID=2489) to work on /home/airflow/.local/lib/python3.12/site-packages/airflow/example_dags/example_setup_teardown.py
[2024-07-23T02:19:10.826+0000] {processor.py:830} INFO - Processing file /home/airflow/.local/lib/python3.12/site-packages/airflow/example_dags/example_setup_teardown.py for tasks to queue
[2024-07-23T02:19:10.832+0000] {logging_mixin.py:188} INFO - [2024-07-23T02:19:10.831+0000] {dagbag.py:545} INFO - Filling up the DagBag from /home/airflow/.local/lib/python3.12/site-packages/airflow/example_dags/example_setup_teardown.py
[2024-07-23T02:19:10.858+0000] {processor.py:840} INFO - DAG(s) 'example_setup_teardown' retrieved from /home/airflow/.local/lib/python3.12/site-packages/airflow/example_dags/example_setup_teardown.py
[2024-07-23T02:19:10.945+0000] {logging_mixin.py:188} INFO - [2024-07-23T02:19:10.944+0000] {dag.py:3089} INFO - Sync 1 DAGs
[2024-07-23T02:19:11.064+0000] {logging_mixin.py:188} INFO - [2024-07-23T02:19:11.063+0000] {dag.py:3947} INFO - Setting next_dagrun for example_setup_teardown to 2024-07-22 00:00:00+00:00, run_after=2024-07-23 00:00:00+00:00
[2024-07-23T02:19:11.141+0000] {processor.py:183} INFO - Processing /home/airflow/.local/lib/python3.12/site-packages/airflow/example_dags/example_setup_teardown.py took 0.341 seconds
[2024-07-23T02:19:41.331+0000] {processor.py:161} INFO - Started process (PID=2547) to work on /home/airflow/.local/lib/python3.12/site-packages/airflow/example_dags/example_setup_teardown.py
[2024-07-23T02:19:41.332+0000] {processor.py:830} INFO - Processing file /home/airflow/.local/lib/python3.12/site-packages/airflow/example_dags/example_setup_teardown.py for tasks to queue
[2024-07-23T02:19:41.335+0000] {logging_mixin.py:188} INFO - [2024-07-23T02:19:41.335+0000] {dagbag.py:545} INFO - Filling up the DagBag from /home/airflow/.local/lib/python3.12/site-packages/airflow/example_dags/example_setup_teardown.py
[2024-07-23T02:19:41.343+0000] {processor.py:840} INFO - DAG(s) 'example_setup_teardown' retrieved from /home/airflow/.local/lib/python3.12/site-packages/airflow/example_dags/example_setup_teardown.py
[2024-07-23T02:19:41.372+0000] {logging_mixin.py:188} INFO - [2024-07-23T02:19:41.372+0000] {dag.py:3089} INFO - Sync 1 DAGs
[2024-07-23T02:19:41.409+0000] {logging_mixin.py:188} INFO - [2024-07-23T02:19:41.408+0000] {dag.py:3947} INFO - Setting next_dagrun for example_setup_teardown to 2024-07-22 00:00:00+00:00, run_after=2024-07-23 00:00:00+00:00
[2024-07-23T02:19:41.440+0000] {processor.py:183} INFO - Processing /home/airflow/.local/lib/python3.12/site-packages/airflow/example_dags/example_setup_teardown.py took 0.117 seconds
[2024-07-23T02:20:12.068+0000] {processor.py:161} INFO - Started process (PID=2606) to work on /home/airflow/.local/lib/python3.12/site-packages/airflow/example_dags/example_setup_teardown.py
[2024-07-23T02:20:12.069+0000] {processor.py:830} INFO - Processing file /home/airflow/.local/lib/python3.12/site-packages/airflow/example_dags/example_setup_teardown.py for tasks to queue
[2024-07-23T02:20:12.072+0000] {logging_mixin.py:188} INFO - [2024-07-23T02:20:12.071+0000] {dagbag.py:545} INFO - Filling up the DagBag from /home/airflow/.local/lib/python3.12/site-packages/airflow/example_dags/example_setup_teardown.py
[2024-07-23T02:20:12.081+0000] {processor.py:840} INFO - DAG(s) 'example_setup_teardown' retrieved from /home/airflow/.local/lib/python3.12/site-packages/airflow/example_dags/example_setup_teardown.py
[2024-07-23T02:20:12.117+0000] {logging_mixin.py:188} INFO - [2024-07-23T02:20:12.116+0000] {dag.py:3089} INFO - Sync 1 DAGs
[2024-07-23T02:20:12.154+0000] {logging_mixin.py:188} INFO - [2024-07-23T02:20:12.153+0000] {dag.py:3947} INFO - Setting next_dagrun for example_setup_teardown to 2024-07-22 00:00:00+00:00, run_after=2024-07-23 00:00:00+00:00
[2024-07-23T02:20:12.199+0000] {processor.py:183} INFO - Processing /home/airflow/.local/lib/python3.12/site-packages/airflow/example_dags/example_setup_teardown.py took 0.139 seconds
[2024-07-23T02:20:42.294+0000] {processor.py:161} INFO - Started process (PID=2664) to work on /home/airflow/.local/lib/python3.12/site-packages/airflow/example_dags/example_setup_teardown.py
[2024-07-23T02:20:42.310+0000] {processor.py:830} INFO - Processing file /home/airflow/.local/lib/python3.12/site-packages/airflow/example_dags/example_setup_teardown.py for tasks to queue
[2024-07-23T02:20:42.313+0000] {logging_mixin.py:188} INFO - [2024-07-23T02:20:42.312+0000] {dagbag.py:545} INFO - Filling up the DagBag from /home/airflow/.local/lib/python3.12/site-packages/airflow/example_dags/example_setup_teardown.py
[2024-07-23T02:20:42.320+0000] {processor.py:840} INFO - DAG(s) 'example_setup_teardown' retrieved from /home/airflow/.local/lib/python3.12/site-packages/airflow/example_dags/example_setup_teardown.py
[2024-07-23T02:20:42.341+0000] {logging_mixin.py:188} INFO - [2024-07-23T02:20:42.341+0000] {dag.py:3089} INFO - Sync 1 DAGs
[2024-07-23T02:20:42.365+0000] {logging_mixin.py:188} INFO - [2024-07-23T02:20:42.364+0000] {dag.py:3947} INFO - Setting next_dagrun for example_setup_teardown to 2024-07-22 00:00:00+00:00, run_after=2024-07-23 00:00:00+00:00
[2024-07-23T02:20:42.385+0000] {processor.py:183} INFO - Processing /home/airflow/.local/lib/python3.12/site-packages/airflow/example_dags/example_setup_teardown.py took 0.098 seconds
[2024-07-23T02:21:12.541+0000] {processor.py:161} INFO - Started process (PID=2723) to work on /home/airflow/.local/lib/python3.12/site-packages/airflow/example_dags/example_setup_teardown.py
[2024-07-23T02:21:12.542+0000] {processor.py:830} INFO - Processing file /home/airflow/.local/lib/python3.12/site-packages/airflow/example_dags/example_setup_teardown.py for tasks to queue
[2024-07-23T02:21:12.543+0000] {logging_mixin.py:188} INFO - [2024-07-23T02:21:12.543+0000] {dagbag.py:545} INFO - Filling up the DagBag from /home/airflow/.local/lib/python3.12/site-packages/airflow/example_dags/example_setup_teardown.py
[2024-07-23T02:21:12.549+0000] {processor.py:840} INFO - DAG(s) 'example_setup_teardown' retrieved from /home/airflow/.local/lib/python3.12/site-packages/airflow/example_dags/example_setup_teardown.py
[2024-07-23T02:21:12.571+0000] {logging_mixin.py:188} INFO - [2024-07-23T02:21:12.571+0000] {dag.py:3089} INFO - Sync 1 DAGs
[2024-07-23T02:21:12.595+0000] {logging_mixin.py:188} INFO - [2024-07-23T02:21:12.595+0000] {dag.py:3947} INFO - Setting next_dagrun for example_setup_teardown to 2024-07-22 00:00:00+00:00, run_after=2024-07-23 00:00:00+00:00
[2024-07-23T02:21:12.615+0000] {processor.py:183} INFO - Processing /home/airflow/.local/lib/python3.12/site-packages/airflow/example_dags/example_setup_teardown.py took 0.080 seconds
[2024-07-23T02:21:42.735+0000] {processor.py:161} INFO - Started process (PID=2783) to work on /home/airflow/.local/lib/python3.12/site-packages/airflow/example_dags/example_setup_teardown.py
[2024-07-23T02:21:42.737+0000] {processor.py:830} INFO - Processing file /home/airflow/.local/lib/python3.12/site-packages/airflow/example_dags/example_setup_teardown.py for tasks to queue
[2024-07-23T02:21:42.739+0000] {logging_mixin.py:188} INFO - [2024-07-23T02:21:42.739+0000] {dagbag.py:545} INFO - Filling up the DagBag from /home/airflow/.local/lib/python3.12/site-packages/airflow/example_dags/example_setup_teardown.py
[2024-07-23T02:21:42.745+0000] {processor.py:840} INFO - DAG(s) 'example_setup_teardown' retrieved from /home/airflow/.local/lib/python3.12/site-packages/airflow/example_dags/example_setup_teardown.py
[2024-07-23T02:21:42.767+0000] {logging_mixin.py:188} INFO - [2024-07-23T02:21:42.767+0000] {dag.py:3089} INFO - Sync 1 DAGs
[2024-07-23T02:21:42.789+0000] {logging_mixin.py:188} INFO - [2024-07-23T02:21:42.789+0000] {dag.py:3947} INFO - Setting next_dagrun for example_setup_teardown to 2024-07-22 00:00:00+00:00, run_after=2024-07-23 00:00:00+00:00
[2024-07-23T02:21:42.816+0000] {processor.py:183} INFO - Processing /home/airflow/.local/lib/python3.12/site-packages/airflow/example_dags/example_setup_teardown.py took 0.086 seconds
[2024-07-23T02:22:13.250+0000] {processor.py:161} INFO - Started process (PID=2842) to work on /home/airflow/.local/lib/python3.12/site-packages/airflow/example_dags/example_setup_teardown.py
[2024-07-23T02:22:13.251+0000] {processor.py:830} INFO - Processing file /home/airflow/.local/lib/python3.12/site-packages/airflow/example_dags/example_setup_teardown.py for tasks to queue
[2024-07-23T02:22:13.252+0000] {logging_mixin.py:188} INFO - [2024-07-23T02:22:13.252+0000] {dagbag.py:545} INFO - Filling up the DagBag from /home/airflow/.local/lib/python3.12/site-packages/airflow/example_dags/example_setup_teardown.py
[2024-07-23T02:22:13.259+0000] {processor.py:840} INFO - DAG(s) 'example_setup_teardown' retrieved from /home/airflow/.local/lib/python3.12/site-packages/airflow/example_dags/example_setup_teardown.py
[2024-07-23T02:22:13.285+0000] {logging_mixin.py:188} INFO - [2024-07-23T02:22:13.285+0000] {dag.py:3089} INFO - Sync 1 DAGs
[2024-07-23T02:22:13.327+0000] {logging_mixin.py:188} INFO - [2024-07-23T02:22:13.327+0000] {dag.py:3947} INFO - Setting next_dagrun for example_setup_teardown to 2024-07-22 00:00:00+00:00, run_after=2024-07-23 00:00:00+00:00
[2024-07-23T02:22:13.357+0000] {processor.py:183} INFO - Processing /home/airflow/.local/lib/python3.12/site-packages/airflow/example_dags/example_setup_teardown.py took 0.113 seconds
[2024-07-23T02:22:43.420+0000] {processor.py:161} INFO - Started process (PID=2900) to work on /home/airflow/.local/lib/python3.12/site-packages/airflow/example_dags/example_setup_teardown.py
[2024-07-23T02:22:43.421+0000] {processor.py:830} INFO - Processing file /home/airflow/.local/lib/python3.12/site-packages/airflow/example_dags/example_setup_teardown.py for tasks to queue
[2024-07-23T02:22:43.424+0000] {logging_mixin.py:188} INFO - [2024-07-23T02:22:43.424+0000] {dagbag.py:545} INFO - Filling up the DagBag from /home/airflow/.local/lib/python3.12/site-packages/airflow/example_dags/example_setup_teardown.py
[2024-07-23T02:22:43.432+0000] {processor.py:840} INFO - DAG(s) 'example_setup_teardown' retrieved from /home/airflow/.local/lib/python3.12/site-packages/airflow/example_dags/example_setup_teardown.py
[2024-07-23T02:22:43.461+0000] {logging_mixin.py:188} INFO - [2024-07-23T02:22:43.460+0000] {dag.py:3089} INFO - Sync 1 DAGs
[2024-07-23T02:22:43.494+0000] {logging_mixin.py:188} INFO - [2024-07-23T02:22:43.493+0000] {dag.py:3947} INFO - Setting next_dagrun for example_setup_teardown to 2024-07-22 00:00:00+00:00, run_after=2024-07-23 00:00:00+00:00
[2024-07-23T02:22:43.520+0000] {processor.py:183} INFO - Processing /home/airflow/.local/lib/python3.12/site-packages/airflow/example_dags/example_setup_teardown.py took 0.108 seconds
[2024-07-23T02:23:13.594+0000] {processor.py:161} INFO - Started process (PID=2959) to work on /home/airflow/.local/lib/python3.12/site-packages/airflow/example_dags/example_setup_teardown.py
[2024-07-23T02:23:13.595+0000] {processor.py:830} INFO - Processing file /home/airflow/.local/lib/python3.12/site-packages/airflow/example_dags/example_setup_teardown.py for tasks to queue
[2024-07-23T02:23:13.597+0000] {logging_mixin.py:188} INFO - [2024-07-23T02:23:13.596+0000] {dagbag.py:545} INFO - Filling up the DagBag from /home/airflow/.local/lib/python3.12/site-packages/airflow/example_dags/example_setup_teardown.py
[2024-07-23T02:23:13.605+0000] {processor.py:840} INFO - DAG(s) 'example_setup_teardown' retrieved from /home/airflow/.local/lib/python3.12/site-packages/airflow/example_dags/example_setup_teardown.py
[2024-07-23T02:23:13.631+0000] {logging_mixin.py:188} INFO - [2024-07-23T02:23:13.630+0000] {dag.py:3089} INFO - Sync 1 DAGs
[2024-07-23T02:23:13.663+0000] {logging_mixin.py:188} INFO - [2024-07-23T02:23:13.663+0000] {dag.py:3947} INFO - Setting next_dagrun for example_setup_teardown to 2024-07-22 00:00:00+00:00, run_after=2024-07-23 00:00:00+00:00
[2024-07-23T02:23:13.693+0000] {processor.py:183} INFO - Processing /home/airflow/.local/lib/python3.12/site-packages/airflow/example_dags/example_setup_teardown.py took 0.106 seconds
[2024-07-23T02:23:44.022+0000] {processor.py:161} INFO - Started process (PID=3017) to work on /home/airflow/.local/lib/python3.12/site-packages/airflow/example_dags/example_setup_teardown.py
[2024-07-23T02:23:44.025+0000] {processor.py:830} INFO - Processing file /home/airflow/.local/lib/python3.12/site-packages/airflow/example_dags/example_setup_teardown.py for tasks to queue
[2024-07-23T02:23:44.034+0000] {logging_mixin.py:188} INFO - [2024-07-23T02:23:44.033+0000] {dagbag.py:545} INFO - Filling up the DagBag from /home/airflow/.local/lib/python3.12/site-packages/airflow/example_dags/example_setup_teardown.py
[2024-07-23T02:23:44.069+0000] {processor.py:840} INFO - DAG(s) 'example_setup_teardown' retrieved from /home/airflow/.local/lib/python3.12/site-packages/airflow/example_dags/example_setup_teardown.py
[2024-07-23T02:23:44.184+0000] {logging_mixin.py:188} INFO - [2024-07-23T02:23:44.182+0000] {dag.py:3089} INFO - Sync 1 DAGs
[2024-07-23T02:23:44.360+0000] {logging_mixin.py:188} INFO - [2024-07-23T02:23:44.358+0000] {dag.py:3947} INFO - Setting next_dagrun for example_setup_teardown to 2024-07-22 00:00:00+00:00, run_after=2024-07-23 00:00:00+00:00
[2024-07-23T02:23:44.476+0000] {processor.py:183} INFO - Processing /home/airflow/.local/lib/python3.12/site-packages/airflow/example_dags/example_setup_teardown.py took 0.489 seconds
[2024-07-23T02:24:14.706+0000] {processor.py:161} INFO - Started process (PID=3076) to work on /home/airflow/.local/lib/python3.12/site-packages/airflow/example_dags/example_setup_teardown.py
[2024-07-23T02:24:14.709+0000] {processor.py:830} INFO - Processing file /home/airflow/.local/lib/python3.12/site-packages/airflow/example_dags/example_setup_teardown.py for tasks to queue
[2024-07-23T02:24:14.715+0000] {logging_mixin.py:188} INFO - [2024-07-23T02:24:14.714+0000] {dagbag.py:545} INFO - Filling up the DagBag from /home/airflow/.local/lib/python3.12/site-packages/airflow/example_dags/example_setup_teardown.py
[2024-07-23T02:24:14.740+0000] {processor.py:840} INFO - DAG(s) 'example_setup_teardown' retrieved from /home/airflow/.local/lib/python3.12/site-packages/airflow/example_dags/example_setup_teardown.py
[2024-07-23T02:24:14.823+0000] {logging_mixin.py:188} INFO - [2024-07-23T02:24:14.822+0000] {dag.py:3089} INFO - Sync 1 DAGs
[2024-07-23T02:24:14.970+0000] {logging_mixin.py:188} INFO - [2024-07-23T02:24:14.969+0000] {dag.py:3947} INFO - Setting next_dagrun for example_setup_teardown to 2024-07-22 00:00:00+00:00, run_after=2024-07-23 00:00:00+00:00
[2024-07-23T02:24:15.058+0000] {processor.py:183} INFO - Processing /home/airflow/.local/lib/python3.12/site-packages/airflow/example_dags/example_setup_teardown.py took 0.376 seconds
[2024-07-23T02:24:45.238+0000] {processor.py:161} INFO - Started process (PID=3135) to work on /home/airflow/.local/lib/python3.12/site-packages/airflow/example_dags/example_setup_teardown.py
[2024-07-23T02:24:45.242+0000] {processor.py:830} INFO - Processing file /home/airflow/.local/lib/python3.12/site-packages/airflow/example_dags/example_setup_teardown.py for tasks to queue
[2024-07-23T02:24:45.251+0000] {logging_mixin.py:188} INFO - [2024-07-23T02:24:45.250+0000] {dagbag.py:545} INFO - Filling up the DagBag from /home/airflow/.local/lib/python3.12/site-packages/airflow/example_dags/example_setup_teardown.py
[2024-07-23T02:24:45.280+0000] {processor.py:840} INFO - DAG(s) 'example_setup_teardown' retrieved from /home/airflow/.local/lib/python3.12/site-packages/airflow/example_dags/example_setup_teardown.py
[2024-07-23T02:24:45.369+0000] {logging_mixin.py:188} INFO - [2024-07-23T02:24:45.368+0000] {dag.py:3089} INFO - Sync 1 DAGs
[2024-07-23T02:24:45.461+0000] {logging_mixin.py:188} INFO - [2024-07-23T02:24:45.459+0000] {dag.py:3947} INFO - Setting next_dagrun for example_setup_teardown to 2024-07-22 00:00:00+00:00, run_after=2024-07-23 00:00:00+00:00
[2024-07-23T02:24:45.548+0000] {processor.py:183} INFO - Processing /home/airflow/.local/lib/python3.12/site-packages/airflow/example_dags/example_setup_teardown.py took 0.338 seconds
[2024-07-23T02:25:16.163+0000] {processor.py:161} INFO - Started process (PID=3193) to work on /home/airflow/.local/lib/python3.12/site-packages/airflow/example_dags/example_setup_teardown.py
[2024-07-23T02:25:16.163+0000] {processor.py:830} INFO - Processing file /home/airflow/.local/lib/python3.12/site-packages/airflow/example_dags/example_setup_teardown.py for tasks to queue
[2024-07-23T02:25:16.165+0000] {logging_mixin.py:188} INFO - [2024-07-23T02:25:16.165+0000] {dagbag.py:545} INFO - Filling up the DagBag from /home/airflow/.local/lib/python3.12/site-packages/airflow/example_dags/example_setup_teardown.py
[2024-07-23T02:25:16.172+0000] {processor.py:840} INFO - DAG(s) 'example_setup_teardown' retrieved from /home/airflow/.local/lib/python3.12/site-packages/airflow/example_dags/example_setup_teardown.py
[2024-07-23T02:25:16.196+0000] {logging_mixin.py:188} INFO - [2024-07-23T02:25:16.196+0000] {dag.py:3089} INFO - Sync 1 DAGs
[2024-07-23T02:25:16.219+0000] {logging_mixin.py:188} INFO - [2024-07-23T02:25:16.219+0000] {dag.py:3947} INFO - Setting next_dagrun for example_setup_teardown to 2024-07-22 00:00:00+00:00, run_after=2024-07-23 00:00:00+00:00
[2024-07-23T02:25:16.240+0000] {processor.py:183} INFO - Processing /home/airflow/.local/lib/python3.12/site-packages/airflow/example_dags/example_setup_teardown.py took 0.084 seconds
[2024-07-23T02:25:46.717+0000] {processor.py:161} INFO - Started process (PID=3252) to work on /home/airflow/.local/lib/python3.12/site-packages/airflow/example_dags/example_setup_teardown.py
[2024-07-23T02:25:46.718+0000] {processor.py:830} INFO - Processing file /home/airflow/.local/lib/python3.12/site-packages/airflow/example_dags/example_setup_teardown.py for tasks to queue
[2024-07-23T02:25:46.720+0000] {logging_mixin.py:188} INFO - [2024-07-23T02:25:46.720+0000] {dagbag.py:545} INFO - Filling up the DagBag from /home/airflow/.local/lib/python3.12/site-packages/airflow/example_dags/example_setup_teardown.py
[2024-07-23T02:25:46.730+0000] {processor.py:840} INFO - DAG(s) 'example_setup_teardown' retrieved from /home/airflow/.local/lib/python3.12/site-packages/airflow/example_dags/example_setup_teardown.py
[2024-07-23T02:25:46.761+0000] {logging_mixin.py:188} INFO - [2024-07-23T02:25:46.761+0000] {dag.py:3089} INFO - Sync 1 DAGs
[2024-07-23T02:25:46.795+0000] {logging_mixin.py:188} INFO - [2024-07-23T02:25:46.795+0000] {dag.py:3947} INFO - Setting next_dagrun for example_setup_teardown to 2024-07-22 00:00:00+00:00, run_after=2024-07-23 00:00:00+00:00
[2024-07-23T02:25:46.819+0000] {processor.py:183} INFO - Processing /home/airflow/.local/lib/python3.12/site-packages/airflow/example_dags/example_setup_teardown.py took 0.110 seconds
[2024-07-23T02:26:16.991+0000] {processor.py:161} INFO - Started process (PID=3311) to work on /home/airflow/.local/lib/python3.12/site-packages/airflow/example_dags/example_setup_teardown.py
[2024-07-23T02:26:16.992+0000] {processor.py:830} INFO - Processing file /home/airflow/.local/lib/python3.12/site-packages/airflow/example_dags/example_setup_teardown.py for tasks to queue
[2024-07-23T02:26:16.996+0000] {logging_mixin.py:188} INFO - [2024-07-23T02:26:16.996+0000] {dagbag.py:545} INFO - Filling up the DagBag from /home/airflow/.local/lib/python3.12/site-packages/airflow/example_dags/example_setup_teardown.py
[2024-07-23T02:26:17.010+0000] {processor.py:840} INFO - DAG(s) 'example_setup_teardown' retrieved from /home/airflow/.local/lib/python3.12/site-packages/airflow/example_dags/example_setup_teardown.py
[2024-07-23T02:26:17.048+0000] {logging_mixin.py:188} INFO - [2024-07-23T02:26:17.047+0000] {dag.py:3089} INFO - Sync 1 DAGs
[2024-07-23T02:26:17.095+0000] {logging_mixin.py:188} INFO - [2024-07-23T02:26:17.094+0000] {dag.py:3947} INFO - Setting next_dagrun for example_setup_teardown to 2024-07-22 00:00:00+00:00, run_after=2024-07-23 00:00:00+00:00
[2024-07-23T02:26:17.129+0000] {processor.py:183} INFO - Processing /home/airflow/.local/lib/python3.12/site-packages/airflow/example_dags/example_setup_teardown.py took 0.152 seconds
[2024-07-23T02:26:47.899+0000] {processor.py:161} INFO - Started process (PID=3370) to work on /home/airflow/.local/lib/python3.12/site-packages/airflow/example_dags/example_setup_teardown.py
[2024-07-23T02:26:47.902+0000] {processor.py:830} INFO - Processing file /home/airflow/.local/lib/python3.12/site-packages/airflow/example_dags/example_setup_teardown.py for tasks to queue
[2024-07-23T02:26:47.909+0000] {logging_mixin.py:188} INFO - [2024-07-23T02:26:47.908+0000] {dagbag.py:545} INFO - Filling up the DagBag from /home/airflow/.local/lib/python3.12/site-packages/airflow/example_dags/example_setup_teardown.py
[2024-07-23T02:26:47.934+0000] {processor.py:840} INFO - DAG(s) 'example_setup_teardown' retrieved from /home/airflow/.local/lib/python3.12/site-packages/airflow/example_dags/example_setup_teardown.py
[2024-07-23T02:26:48.038+0000] {logging_mixin.py:188} INFO - [2024-07-23T02:26:48.037+0000] {dag.py:3089} INFO - Sync 1 DAGs
[2024-07-23T02:26:48.159+0000] {logging_mixin.py:188} INFO - [2024-07-23T02:26:48.158+0000] {dag.py:3947} INFO - Setting next_dagrun for example_setup_teardown to 2024-07-22 00:00:00+00:00, run_after=2024-07-23 00:00:00+00:00
[2024-07-23T02:26:48.237+0000] {processor.py:183} INFO - Processing /home/airflow/.local/lib/python3.12/site-packages/airflow/example_dags/example_setup_teardown.py took 0.363 seconds
[2024-07-23T02:27:18.430+0000] {processor.py:161} INFO - Started process (PID=3429) to work on /home/airflow/.local/lib/python3.12/site-packages/airflow/example_dags/example_setup_teardown.py
[2024-07-23T02:27:18.433+0000] {processor.py:830} INFO - Processing file /home/airflow/.local/lib/python3.12/site-packages/airflow/example_dags/example_setup_teardown.py for tasks to queue
[2024-07-23T02:27:18.439+0000] {logging_mixin.py:188} INFO - [2024-07-23T02:27:18.438+0000] {dagbag.py:545} INFO - Filling up the DagBag from /home/airflow/.local/lib/python3.12/site-packages/airflow/example_dags/example_setup_teardown.py
[2024-07-23T02:27:18.464+0000] {processor.py:840} INFO - DAG(s) 'example_setup_teardown' retrieved from /home/airflow/.local/lib/python3.12/site-packages/airflow/example_dags/example_setup_teardown.py
[2024-07-23T02:27:18.540+0000] {logging_mixin.py:188} INFO - [2024-07-23T02:27:18.539+0000] {dag.py:3089} INFO - Sync 1 DAGs
[2024-07-23T02:27:18.627+0000] {logging_mixin.py:188} INFO - [2024-07-23T02:27:18.626+0000] {dag.py:3947} INFO - Setting next_dagrun for example_setup_teardown to 2024-07-22 00:00:00+00:00, run_after=2024-07-23 00:00:00+00:00
[2024-07-23T02:27:18.704+0000] {processor.py:183} INFO - Processing /home/airflow/.local/lib/python3.12/site-packages/airflow/example_dags/example_setup_teardown.py took 0.297 seconds
[2024-07-23T02:27:49.338+0000] {processor.py:161} INFO - Started process (PID=3488) to work on /home/airflow/.local/lib/python3.12/site-packages/airflow/example_dags/example_setup_teardown.py
[2024-07-23T02:27:49.339+0000] {processor.py:830} INFO - Processing file /home/airflow/.local/lib/python3.12/site-packages/airflow/example_dags/example_setup_teardown.py for tasks to queue
[2024-07-23T02:27:49.341+0000] {logging_mixin.py:188} INFO - [2024-07-23T02:27:49.340+0000] {dagbag.py:545} INFO - Filling up the DagBag from /home/airflow/.local/lib/python3.12/site-packages/airflow/example_dags/example_setup_teardown.py
[2024-07-23T02:27:49.348+0000] {processor.py:840} INFO - DAG(s) 'example_setup_teardown' retrieved from /home/airflow/.local/lib/python3.12/site-packages/airflow/example_dags/example_setup_teardown.py
[2024-07-23T02:27:49.372+0000] {logging_mixin.py:188} INFO - [2024-07-23T02:27:49.372+0000] {dag.py:3089} INFO - Sync 1 DAGs
[2024-07-23T02:27:49.398+0000] {logging_mixin.py:188} INFO - [2024-07-23T02:27:49.398+0000] {dag.py:3947} INFO - Setting next_dagrun for example_setup_teardown to 2024-07-22 00:00:00+00:00, run_after=2024-07-23 00:00:00+00:00
[2024-07-23T02:27:49.419+0000] {processor.py:183} INFO - Processing /home/airflow/.local/lib/python3.12/site-packages/airflow/example_dags/example_setup_teardown.py took 0.087 seconds
