[2024-07-23T01:58:19.615+0000] {processor.py:161} INFO - Started process (PID=67) to work on /home/airflow/.local/lib/python3.12/site-packages/airflow/example_dags/example_task_group.py
[2024-07-23T01:58:19.616+0000] {processor.py:830} INFO - Processing file /home/airflow/.local/lib/python3.12/site-packages/airflow/example_dags/example_task_group.py for tasks to queue
[2024-07-23T01:58:19.618+0000] {logging_mixin.py:188} INFO - [2024-07-23T01:58:19.618+0000] {dagbag.py:545} INFO - Filling up the DagBag from /home/airflow/.local/lib/python3.12/site-packages/airflow/example_dags/example_task_group.py
[2024-07-23T01:58:19.631+0000] {processor.py:840} INFO - DAG(s) 'example_task_group' retrieved from /home/airflow/.local/lib/python3.12/site-packages/airflow/example_dags/example_task_group.py
[2024-07-23T01:58:19.785+0000] {logging_mixin.py:188} INFO - [2024-07-23T01:58:19.784+0000] {dag.py:3089} INFO - Sync 1 DAGs
[2024-07-23T01:58:19.820+0000] {logging_mixin.py:188} INFO - [2024-07-23T01:58:19.820+0000] {dag.py:3947} INFO - Setting next_dagrun for example_task_group to 2024-07-22 00:00:00+00:00, run_after=2024-07-23 00:00:00+00:00
[2024-07-23T01:58:19.873+0000] {processor.py:183} INFO - Processing /home/airflow/.local/lib/python3.12/site-packages/airflow/example_dags/example_task_group.py took 0.264 seconds
[2024-07-23T01:58:49.945+0000] {processor.py:161} INFO - Started process (PID=125) to work on /home/airflow/.local/lib/python3.12/site-packages/airflow/example_dags/example_task_group.py
[2024-07-23T01:58:49.946+0000] {processor.py:830} INFO - Processing file /home/airflow/.local/lib/python3.12/site-packages/airflow/example_dags/example_task_group.py for tasks to queue
[2024-07-23T01:58:49.947+0000] {logging_mixin.py:188} INFO - [2024-07-23T01:58:49.947+0000] {dagbag.py:545} INFO - Filling up the DagBag from /home/airflow/.local/lib/python3.12/site-packages/airflow/example_dags/example_task_group.py
[2024-07-23T01:58:49.954+0000] {processor.py:840} INFO - DAG(s) 'example_task_group' retrieved from /home/airflow/.local/lib/python3.12/site-packages/airflow/example_dags/example_task_group.py
[2024-07-23T01:58:49.978+0000] {logging_mixin.py:188} INFO - [2024-07-23T01:58:49.977+0000] {dag.py:3089} INFO - Sync 1 DAGs
[2024-07-23T01:58:50.009+0000] {logging_mixin.py:188} INFO - [2024-07-23T01:58:50.009+0000] {dag.py:3947} INFO - Setting next_dagrun for example_task_group to 2024-07-22 00:00:00+00:00, run_after=2024-07-23 00:00:00+00:00
[2024-07-23T01:58:50.034+0000] {processor.py:183} INFO - Processing /home/airflow/.local/lib/python3.12/site-packages/airflow/example_dags/example_task_group.py took 0.095 seconds
[2024-07-23T01:59:20.384+0000] {processor.py:161} INFO - Started process (PID=189) to work on /home/airflow/.local/lib/python3.12/site-packages/airflow/example_dags/example_task_group.py
[2024-07-23T01:59:20.386+0000] {processor.py:830} INFO - Processing file /home/airflow/.local/lib/python3.12/site-packages/airflow/example_dags/example_task_group.py for tasks to queue
[2024-07-23T01:59:20.389+0000] {logging_mixin.py:188} INFO - [2024-07-23T01:59:20.388+0000] {dagbag.py:545} INFO - Filling up the DagBag from /home/airflow/.local/lib/python3.12/site-packages/airflow/example_dags/example_task_group.py
[2024-07-23T01:59:20.399+0000] {processor.py:840} INFO - DAG(s) 'example_task_group' retrieved from /home/airflow/.local/lib/python3.12/site-packages/airflow/example_dags/example_task_group.py
[2024-07-23T01:59:20.433+0000] {logging_mixin.py:188} INFO - [2024-07-23T01:59:20.433+0000] {dag.py:3089} INFO - Sync 1 DAGs
[2024-07-23T01:59:20.469+0000] {logging_mixin.py:188} INFO - [2024-07-23T01:59:20.468+0000] {dag.py:3947} INFO - Setting next_dagrun for example_task_group to 2024-07-22 00:00:00+00:00, run_after=2024-07-23 00:00:00+00:00
[2024-07-23T01:59:20.501+0000] {processor.py:183} INFO - Processing /home/airflow/.local/lib/python3.12/site-packages/airflow/example_dags/example_task_group.py took 0.124 seconds
[2024-07-23T01:59:50.819+0000] {processor.py:161} INFO - Started process (PID=247) to work on /home/airflow/.local/lib/python3.12/site-packages/airflow/example_dags/example_task_group.py
[2024-07-23T01:59:50.820+0000] {processor.py:830} INFO - Processing file /home/airflow/.local/lib/python3.12/site-packages/airflow/example_dags/example_task_group.py for tasks to queue
[2024-07-23T01:59:50.821+0000] {logging_mixin.py:188} INFO - [2024-07-23T01:59:50.821+0000] {dagbag.py:545} INFO - Filling up the DagBag from /home/airflow/.local/lib/python3.12/site-packages/airflow/example_dags/example_task_group.py
[2024-07-23T01:59:50.829+0000] {processor.py:840} INFO - DAG(s) 'example_task_group' retrieved from /home/airflow/.local/lib/python3.12/site-packages/airflow/example_dags/example_task_group.py
[2024-07-23T01:59:50.854+0000] {logging_mixin.py:188} INFO - [2024-07-23T01:59:50.854+0000] {dag.py:3089} INFO - Sync 1 DAGs
[2024-07-23T01:59:50.878+0000] {logging_mixin.py:188} INFO - [2024-07-23T01:59:50.878+0000] {dag.py:3947} INFO - Setting next_dagrun for example_task_group to 2024-07-22 00:00:00+00:00, run_after=2024-07-23 00:00:00+00:00
[2024-07-23T01:59:50.903+0000] {processor.py:183} INFO - Processing /home/airflow/.local/lib/python3.12/site-packages/airflow/example_dags/example_task_group.py took 0.090 seconds
[2024-07-23T02:00:21.089+0000] {processor.py:161} INFO - Started process (PID=305) to work on /home/airflow/.local/lib/python3.12/site-packages/airflow/example_dags/example_task_group.py
[2024-07-23T02:00:21.090+0000] {processor.py:830} INFO - Processing file /home/airflow/.local/lib/python3.12/site-packages/airflow/example_dags/example_task_group.py for tasks to queue
[2024-07-23T02:00:21.092+0000] {logging_mixin.py:188} INFO - [2024-07-23T02:00:21.092+0000] {dagbag.py:545} INFO - Filling up the DagBag from /home/airflow/.local/lib/python3.12/site-packages/airflow/example_dags/example_task_group.py
[2024-07-23T02:00:21.101+0000] {processor.py:840} INFO - DAG(s) 'example_task_group' retrieved from /home/airflow/.local/lib/python3.12/site-packages/airflow/example_dags/example_task_group.py
[2024-07-23T02:00:21.131+0000] {logging_mixin.py:188} INFO - [2024-07-23T02:00:21.130+0000] {dag.py:3089} INFO - Sync 1 DAGs
[2024-07-23T02:00:21.161+0000] {logging_mixin.py:188} INFO - [2024-07-23T02:00:21.161+0000] {dag.py:3947} INFO - Setting next_dagrun for example_task_group to 2024-07-22 00:00:00+00:00, run_after=2024-07-23 00:00:00+00:00
[2024-07-23T02:00:21.189+0000] {processor.py:183} INFO - Processing /home/airflow/.local/lib/python3.12/site-packages/airflow/example_dags/example_task_group.py took 0.109 seconds
[2024-07-23T02:00:51.579+0000] {processor.py:161} INFO - Started process (PID=362) to work on /home/airflow/.local/lib/python3.12/site-packages/airflow/example_dags/example_task_group.py
[2024-07-23T02:00:51.580+0000] {processor.py:830} INFO - Processing file /home/airflow/.local/lib/python3.12/site-packages/airflow/example_dags/example_task_group.py for tasks to queue
[2024-07-23T02:00:51.582+0000] {logging_mixin.py:188} INFO - [2024-07-23T02:00:51.581+0000] {dagbag.py:545} INFO - Filling up the DagBag from /home/airflow/.local/lib/python3.12/site-packages/airflow/example_dags/example_task_group.py
[2024-07-23T02:00:51.589+0000] {processor.py:840} INFO - DAG(s) 'example_task_group' retrieved from /home/airflow/.local/lib/python3.12/site-packages/airflow/example_dags/example_task_group.py
[2024-07-23T02:00:51.613+0000] {logging_mixin.py:188} INFO - [2024-07-23T02:00:51.613+0000] {dag.py:3089} INFO - Sync 1 DAGs
[2024-07-23T02:00:51.641+0000] {logging_mixin.py:188} INFO - [2024-07-23T02:00:51.641+0000] {dag.py:3947} INFO - Setting next_dagrun for example_task_group to 2024-07-22 00:00:00+00:00, run_after=2024-07-23 00:00:00+00:00
[2024-07-23T02:00:51.667+0000] {processor.py:183} INFO - Processing /home/airflow/.local/lib/python3.12/site-packages/airflow/example_dags/example_task_group.py took 0.095 seconds
[2024-07-23T02:01:22.175+0000] {processor.py:161} INFO - Started process (PID=419) to work on /home/airflow/.local/lib/python3.12/site-packages/airflow/example_dags/example_task_group.py
[2024-07-23T02:01:22.176+0000] {processor.py:830} INFO - Processing file /home/airflow/.local/lib/python3.12/site-packages/airflow/example_dags/example_task_group.py for tasks to queue
[2024-07-23T02:01:22.180+0000] {logging_mixin.py:188} INFO - [2024-07-23T02:01:22.179+0000] {dagbag.py:545} INFO - Filling up the DagBag from /home/airflow/.local/lib/python3.12/site-packages/airflow/example_dags/example_task_group.py
[2024-07-23T02:01:22.195+0000] {processor.py:840} INFO - DAG(s) 'example_task_group' retrieved from /home/airflow/.local/lib/python3.12/site-packages/airflow/example_dags/example_task_group.py
[2024-07-23T02:01:22.236+0000] {logging_mixin.py:188} INFO - [2024-07-23T02:01:22.236+0000] {dag.py:3089} INFO - Sync 1 DAGs
[2024-07-23T02:01:22.274+0000] {logging_mixin.py:188} INFO - [2024-07-23T02:01:22.274+0000] {dag.py:3947} INFO - Setting next_dagrun for example_task_group to 2024-07-22 00:00:00+00:00, run_after=2024-07-23 00:00:00+00:00
[2024-07-23T02:01:22.313+0000] {processor.py:183} INFO - Processing /home/airflow/.local/lib/python3.12/site-packages/airflow/example_dags/example_task_group.py took 0.149 seconds
[2024-07-23T02:01:52.485+0000] {processor.py:161} INFO - Started process (PID=476) to work on /home/airflow/.local/lib/python3.12/site-packages/airflow/example_dags/example_task_group.py
[2024-07-23T02:01:52.485+0000] {processor.py:830} INFO - Processing file /home/airflow/.local/lib/python3.12/site-packages/airflow/example_dags/example_task_group.py for tasks to queue
[2024-07-23T02:01:52.487+0000] {logging_mixin.py:188} INFO - [2024-07-23T02:01:52.487+0000] {dagbag.py:545} INFO - Filling up the DagBag from /home/airflow/.local/lib/python3.12/site-packages/airflow/example_dags/example_task_group.py
[2024-07-23T02:01:52.494+0000] {processor.py:840} INFO - DAG(s) 'example_task_group' retrieved from /home/airflow/.local/lib/python3.12/site-packages/airflow/example_dags/example_task_group.py
[2024-07-23T02:01:52.518+0000] {logging_mixin.py:188} INFO - [2024-07-23T02:01:52.517+0000] {dag.py:3089} INFO - Sync 1 DAGs
[2024-07-23T02:01:52.542+0000] {logging_mixin.py:188} INFO - [2024-07-23T02:01:52.542+0000] {dag.py:3947} INFO - Setting next_dagrun for example_task_group to 2024-07-22 00:00:00+00:00, run_after=2024-07-23 00:00:00+00:00
[2024-07-23T02:01:52.564+0000] {processor.py:183} INFO - Processing /home/airflow/.local/lib/python3.12/site-packages/airflow/example_dags/example_task_group.py took 0.086 seconds
[2024-07-23T02:02:22.766+0000] {processor.py:161} INFO - Started process (PID=535) to work on /home/airflow/.local/lib/python3.12/site-packages/airflow/example_dags/example_task_group.py
[2024-07-23T02:02:22.768+0000] {processor.py:830} INFO - Processing file /home/airflow/.local/lib/python3.12/site-packages/airflow/example_dags/example_task_group.py for tasks to queue
[2024-07-23T02:02:22.769+0000] {logging_mixin.py:188} INFO - [2024-07-23T02:02:22.769+0000] {dagbag.py:545} INFO - Filling up the DagBag from /home/airflow/.local/lib/python3.12/site-packages/airflow/example_dags/example_task_group.py
[2024-07-23T02:02:22.777+0000] {processor.py:840} INFO - DAG(s) 'example_task_group' retrieved from /home/airflow/.local/lib/python3.12/site-packages/airflow/example_dags/example_task_group.py
[2024-07-23T02:02:22.802+0000] {logging_mixin.py:188} INFO - [2024-07-23T02:02:22.801+0000] {dag.py:3089} INFO - Sync 1 DAGs
[2024-07-23T02:02:22.832+0000] {logging_mixin.py:188} INFO - [2024-07-23T02:02:22.832+0000] {dag.py:3947} INFO - Setting next_dagrun for example_task_group to 2024-07-22 00:00:00+00:00, run_after=2024-07-23 00:00:00+00:00
[2024-07-23T02:02:22.853+0000] {processor.py:183} INFO - Processing /home/airflow/.local/lib/python3.12/site-packages/airflow/example_dags/example_task_group.py took 0.093 seconds
[2024-07-23T02:02:53.228+0000] {processor.py:161} INFO - Started process (PID=594) to work on /home/airflow/.local/lib/python3.12/site-packages/airflow/example_dags/example_task_group.py
[2024-07-23T02:02:53.231+0000] {processor.py:830} INFO - Processing file /home/airflow/.local/lib/python3.12/site-packages/airflow/example_dags/example_task_group.py for tasks to queue
[2024-07-23T02:02:53.235+0000] {logging_mixin.py:188} INFO - [2024-07-23T02:02:53.234+0000] {dagbag.py:545} INFO - Filling up the DagBag from /home/airflow/.local/lib/python3.12/site-packages/airflow/example_dags/example_task_group.py
[2024-07-23T02:02:53.250+0000] {processor.py:840} INFO - DAG(s) 'example_task_group' retrieved from /home/airflow/.local/lib/python3.12/site-packages/airflow/example_dags/example_task_group.py
[2024-07-23T02:02:53.298+0000] {logging_mixin.py:188} INFO - [2024-07-23T02:02:53.297+0000] {dag.py:3089} INFO - Sync 1 DAGs
[2024-07-23T02:02:53.337+0000] {logging_mixin.py:188} INFO - [2024-07-23T02:02:53.337+0000] {dag.py:3947} INFO - Setting next_dagrun for example_task_group to 2024-07-22 00:00:00+00:00, run_after=2024-07-23 00:00:00+00:00
[2024-07-23T02:02:53.377+0000] {processor.py:183} INFO - Processing /home/airflow/.local/lib/python3.12/site-packages/airflow/example_dags/example_task_group.py took 0.162 seconds
[2024-07-23T02:03:24.312+0000] {processor.py:161} INFO - Started process (PID=654) to work on /home/airflow/.local/lib/python3.12/site-packages/airflow/example_dags/example_task_group.py
[2024-07-23T02:03:24.314+0000] {processor.py:830} INFO - Processing file /home/airflow/.local/lib/python3.12/site-packages/airflow/example_dags/example_task_group.py for tasks to queue
[2024-07-23T02:03:24.316+0000] {logging_mixin.py:188} INFO - [2024-07-23T02:03:24.316+0000] {dagbag.py:545} INFO - Filling up the DagBag from /home/airflow/.local/lib/python3.12/site-packages/airflow/example_dags/example_task_group.py
[2024-07-23T02:03:24.327+0000] {processor.py:840} INFO - DAG(s) 'example_task_group' retrieved from /home/airflow/.local/lib/python3.12/site-packages/airflow/example_dags/example_task_group.py
[2024-07-23T02:03:24.369+0000] {logging_mixin.py:188} INFO - [2024-07-23T02:03:24.368+0000] {dag.py:3089} INFO - Sync 1 DAGs
[2024-07-23T02:03:24.413+0000] {logging_mixin.py:188} INFO - [2024-07-23T02:03:24.413+0000] {dag.py:3947} INFO - Setting next_dagrun for example_task_group to 2024-07-22 00:00:00+00:00, run_after=2024-07-23 00:00:00+00:00
[2024-07-23T02:03:24.443+0000] {processor.py:183} INFO - Processing /home/airflow/.local/lib/python3.12/site-packages/airflow/example_dags/example_task_group.py took 0.139 seconds
[2024-07-23T02:03:56.490+0000] {processor.py:161} INFO - Started process (PID=713) to work on /home/airflow/.local/lib/python3.12/site-packages/airflow/example_dags/example_task_group.py
[2024-07-23T02:03:56.496+0000] {processor.py:830} INFO - Processing file /home/airflow/.local/lib/python3.12/site-packages/airflow/example_dags/example_task_group.py for tasks to queue
[2024-07-23T02:03:56.505+0000] {logging_mixin.py:188} INFO - [2024-07-23T02:03:56.503+0000] {dagbag.py:545} INFO - Filling up the DagBag from /home/airflow/.local/lib/python3.12/site-packages/airflow/example_dags/example_task_group.py
[2024-07-23T02:03:56.576+0000] {processor.py:840} INFO - DAG(s) 'example_task_group' retrieved from /home/airflow/.local/lib/python3.12/site-packages/airflow/example_dags/example_task_group.py
[2024-07-23T02:03:56.715+0000] {logging_mixin.py:188} INFO - [2024-07-23T02:03:56.714+0000] {dag.py:3089} INFO - Sync 1 DAGs
[2024-07-23T02:03:56.835+0000] {logging_mixin.py:188} INFO - [2024-07-23T02:03:56.834+0000] {dag.py:3947} INFO - Setting next_dagrun for example_task_group to 2024-07-22 00:00:00+00:00, run_after=2024-07-23 00:00:00+00:00
[2024-07-23T02:03:56.925+0000] {processor.py:183} INFO - Processing /home/airflow/.local/lib/python3.12/site-packages/airflow/example_dags/example_task_group.py took 0.465 seconds
[2024-07-23T02:04:29.360+0000] {processor.py:161} INFO - Started process (PID=772) to work on /home/airflow/.local/lib/python3.12/site-packages/airflow/example_dags/example_task_group.py
[2024-07-23T02:04:29.365+0000] {processor.py:830} INFO - Processing file /home/airflow/.local/lib/python3.12/site-packages/airflow/example_dags/example_task_group.py for tasks to queue
[2024-07-23T02:04:29.376+0000] {logging_mixin.py:188} INFO - [2024-07-23T02:04:29.374+0000] {dagbag.py:545} INFO - Filling up the DagBag from /home/airflow/.local/lib/python3.12/site-packages/airflow/example_dags/example_task_group.py
[2024-07-23T02:04:29.413+0000] {processor.py:840} INFO - DAG(s) 'example_task_group' retrieved from /home/airflow/.local/lib/python3.12/site-packages/airflow/example_dags/example_task_group.py
[2024-07-23T02:04:29.561+0000] {logging_mixin.py:188} INFO - [2024-07-23T02:04:29.560+0000] {dag.py:3089} INFO - Sync 1 DAGs
[2024-07-23T02:04:29.746+0000] {logging_mixin.py:188} INFO - [2024-07-23T02:04:29.745+0000] {dag.py:3947} INFO - Setting next_dagrun for example_task_group to 2024-07-22 00:00:00+00:00, run_after=2024-07-23 00:00:00+00:00
[2024-07-23T02:04:29.884+0000] {processor.py:183} INFO - Processing /home/airflow/.local/lib/python3.12/site-packages/airflow/example_dags/example_task_group.py took 0.554 seconds
[2024-07-23T02:05:00.561+0000] {processor.py:161} INFO - Started process (PID=831) to work on /home/airflow/.local/lib/python3.12/site-packages/airflow/example_dags/example_task_group.py
[2024-07-23T02:05:00.566+0000] {processor.py:830} INFO - Processing file /home/airflow/.local/lib/python3.12/site-packages/airflow/example_dags/example_task_group.py for tasks to queue
[2024-07-23T02:05:00.576+0000] {logging_mixin.py:188} INFO - [2024-07-23T02:05:00.573+0000] {dagbag.py:545} INFO - Filling up the DagBag from /home/airflow/.local/lib/python3.12/site-packages/airflow/example_dags/example_task_group.py
[2024-07-23T02:05:00.616+0000] {processor.py:840} INFO - DAG(s) 'example_task_group' retrieved from /home/airflow/.local/lib/python3.12/site-packages/airflow/example_dags/example_task_group.py
[2024-07-23T02:05:00.727+0000] {logging_mixin.py:188} INFO - [2024-07-23T02:05:00.726+0000] {dag.py:3089} INFO - Sync 1 DAGs
[2024-07-23T02:05:00.837+0000] {logging_mixin.py:188} INFO - [2024-07-23T02:05:00.836+0000] {dag.py:3947} INFO - Setting next_dagrun for example_task_group to 2024-07-22 00:00:00+00:00, run_after=2024-07-23 00:00:00+00:00
[2024-07-23T02:05:00.924+0000] {processor.py:183} INFO - Processing /home/airflow/.local/lib/python3.12/site-packages/airflow/example_dags/example_task_group.py took 0.401 seconds
[2024-07-23T02:05:31.788+0000] {processor.py:161} INFO - Started process (PID=890) to work on /home/airflow/.local/lib/python3.12/site-packages/airflow/example_dags/example_task_group.py
[2024-07-23T02:05:31.794+0000] {processor.py:830} INFO - Processing file /home/airflow/.local/lib/python3.12/site-packages/airflow/example_dags/example_task_group.py for tasks to queue
[2024-07-23T02:05:31.807+0000] {logging_mixin.py:188} INFO - [2024-07-23T02:05:31.805+0000] {dagbag.py:545} INFO - Filling up the DagBag from /home/airflow/.local/lib/python3.12/site-packages/airflow/example_dags/example_task_group.py
[2024-07-23T02:05:31.861+0000] {processor.py:840} INFO - DAG(s) 'example_task_group' retrieved from /home/airflow/.local/lib/python3.12/site-packages/airflow/example_dags/example_task_group.py
[2024-07-23T02:05:32.003+0000] {logging_mixin.py:188} INFO - [2024-07-23T02:05:32.002+0000] {dag.py:3089} INFO - Sync 1 DAGs
[2024-07-23T02:05:32.130+0000] {logging_mixin.py:188} INFO - [2024-07-23T02:05:32.128+0000] {dag.py:3947} INFO - Setting next_dagrun for example_task_group to 2024-07-22 00:00:00+00:00, run_after=2024-07-23 00:00:00+00:00
[2024-07-23T02:05:32.246+0000] {processor.py:183} INFO - Processing /home/airflow/.local/lib/python3.12/site-packages/airflow/example_dags/example_task_group.py took 0.494 seconds
[2024-07-23T02:06:02.538+0000] {processor.py:161} INFO - Started process (PID=948) to work on /home/airflow/.local/lib/python3.12/site-packages/airflow/example_dags/example_task_group.py
[2024-07-23T02:06:02.539+0000] {processor.py:830} INFO - Processing file /home/airflow/.local/lib/python3.12/site-packages/airflow/example_dags/example_task_group.py for tasks to queue
[2024-07-23T02:06:02.541+0000] {logging_mixin.py:188} INFO - [2024-07-23T02:06:02.541+0000] {dagbag.py:545} INFO - Filling up the DagBag from /home/airflow/.local/lib/python3.12/site-packages/airflow/example_dags/example_task_group.py
[2024-07-23T02:06:02.549+0000] {processor.py:840} INFO - DAG(s) 'example_task_group' retrieved from /home/airflow/.local/lib/python3.12/site-packages/airflow/example_dags/example_task_group.py
[2024-07-23T02:06:02.576+0000] {logging_mixin.py:188} INFO - [2024-07-23T02:06:02.575+0000] {dag.py:3089} INFO - Sync 1 DAGs
[2024-07-23T02:06:02.602+0000] {logging_mixin.py:188} INFO - [2024-07-23T02:06:02.602+0000] {dag.py:3947} INFO - Setting next_dagrun for example_task_group to 2024-07-22 00:00:00+00:00, run_after=2024-07-23 00:00:00+00:00
[2024-07-23T02:06:02.625+0000] {processor.py:183} INFO - Processing /home/airflow/.local/lib/python3.12/site-packages/airflow/example_dags/example_task_group.py took 0.095 seconds
[2024-07-23T02:06:33.089+0000] {processor.py:161} INFO - Started process (PID=1007) to work on /home/airflow/.local/lib/python3.12/site-packages/airflow/example_dags/example_task_group.py
[2024-07-23T02:06:33.091+0000] {processor.py:830} INFO - Processing file /home/airflow/.local/lib/python3.12/site-packages/airflow/example_dags/example_task_group.py for tasks to queue
[2024-07-23T02:06:33.092+0000] {logging_mixin.py:188} INFO - [2024-07-23T02:06:33.092+0000] {dagbag.py:545} INFO - Filling up the DagBag from /home/airflow/.local/lib/python3.12/site-packages/airflow/example_dags/example_task_group.py
[2024-07-23T02:06:33.101+0000] {processor.py:840} INFO - DAG(s) 'example_task_group' retrieved from /home/airflow/.local/lib/python3.12/site-packages/airflow/example_dags/example_task_group.py
[2024-07-23T02:06:33.132+0000] {logging_mixin.py:188} INFO - [2024-07-23T02:06:33.131+0000] {dag.py:3089} INFO - Sync 1 DAGs
[2024-07-23T02:06:33.165+0000] {logging_mixin.py:188} INFO - [2024-07-23T02:06:33.164+0000] {dag.py:3947} INFO - Setting next_dagrun for example_task_group to 2024-07-22 00:00:00+00:00, run_after=2024-07-23 00:00:00+00:00
[2024-07-23T02:06:33.190+0000] {processor.py:183} INFO - Processing /home/airflow/.local/lib/python3.12/site-packages/airflow/example_dags/example_task_group.py took 0.108 seconds
[2024-07-23T02:07:03.259+0000] {processor.py:161} INFO - Started process (PID=1066) to work on /home/airflow/.local/lib/python3.12/site-packages/airflow/example_dags/example_task_group.py
[2024-07-23T02:07:03.260+0000] {processor.py:830} INFO - Processing file /home/airflow/.local/lib/python3.12/site-packages/airflow/example_dags/example_task_group.py for tasks to queue
[2024-07-23T02:07:03.262+0000] {logging_mixin.py:188} INFO - [2024-07-23T02:07:03.262+0000] {dagbag.py:545} INFO - Filling up the DagBag from /home/airflow/.local/lib/python3.12/site-packages/airflow/example_dags/example_task_group.py
[2024-07-23T02:07:03.271+0000] {processor.py:840} INFO - DAG(s) 'example_task_group' retrieved from /home/airflow/.local/lib/python3.12/site-packages/airflow/example_dags/example_task_group.py
[2024-07-23T02:07:03.294+0000] {logging_mixin.py:188} INFO - [2024-07-23T02:07:03.294+0000] {dag.py:3089} INFO - Sync 1 DAGs
[2024-07-23T02:07:03.317+0000] {logging_mixin.py:188} INFO - [2024-07-23T02:07:03.317+0000] {dag.py:3947} INFO - Setting next_dagrun for example_task_group to 2024-07-22 00:00:00+00:00, run_after=2024-07-23 00:00:00+00:00
[2024-07-23T02:07:03.338+0000] {processor.py:183} INFO - Processing /home/airflow/.local/lib/python3.12/site-packages/airflow/example_dags/example_task_group.py took 0.085 seconds
[2024-07-23T02:07:33.549+0000] {processor.py:161} INFO - Started process (PID=1125) to work on /home/airflow/.local/lib/python3.12/site-packages/airflow/example_dags/example_task_group.py
[2024-07-23T02:07:33.565+0000] {processor.py:830} INFO - Processing file /home/airflow/.local/lib/python3.12/site-packages/airflow/example_dags/example_task_group.py for tasks to queue
[2024-07-23T02:07:33.567+0000] {logging_mixin.py:188} INFO - [2024-07-23T02:07:33.567+0000] {dagbag.py:545} INFO - Filling up the DagBag from /home/airflow/.local/lib/python3.12/site-packages/airflow/example_dags/example_task_group.py
[2024-07-23T02:07:33.579+0000] {processor.py:840} INFO - DAG(s) 'example_task_group' retrieved from /home/airflow/.local/lib/python3.12/site-packages/airflow/example_dags/example_task_group.py
[2024-07-23T02:07:33.612+0000] {logging_mixin.py:188} INFO - [2024-07-23T02:07:33.612+0000] {dag.py:3089} INFO - Sync 1 DAGs
[2024-07-23T02:07:33.646+0000] {logging_mixin.py:188} INFO - [2024-07-23T02:07:33.646+0000] {dag.py:3947} INFO - Setting next_dagrun for example_task_group to 2024-07-22 00:00:00+00:00, run_after=2024-07-23 00:00:00+00:00
[2024-07-23T02:07:33.678+0000] {processor.py:183} INFO - Processing /home/airflow/.local/lib/python3.12/site-packages/airflow/example_dags/example_task_group.py took 0.138 seconds
[2024-07-23T02:08:03.976+0000] {processor.py:161} INFO - Started process (PID=1185) to work on /home/airflow/.local/lib/python3.12/site-packages/airflow/example_dags/example_task_group.py
[2024-07-23T02:08:03.977+0000] {processor.py:830} INFO - Processing file /home/airflow/.local/lib/python3.12/site-packages/airflow/example_dags/example_task_group.py for tasks to queue
[2024-07-23T02:08:03.980+0000] {logging_mixin.py:188} INFO - [2024-07-23T02:08:03.980+0000] {dagbag.py:545} INFO - Filling up the DagBag from /home/airflow/.local/lib/python3.12/site-packages/airflow/example_dags/example_task_group.py
[2024-07-23T02:08:03.990+0000] {processor.py:840} INFO - DAG(s) 'example_task_group' retrieved from /home/airflow/.local/lib/python3.12/site-packages/airflow/example_dags/example_task_group.py
[2024-07-23T02:08:04.014+0000] {logging_mixin.py:188} INFO - [2024-07-23T02:08:04.014+0000] {dag.py:3089} INFO - Sync 1 DAGs
[2024-07-23T02:08:04.037+0000] {logging_mixin.py:188} INFO - [2024-07-23T02:08:04.037+0000] {dag.py:3947} INFO - Setting next_dagrun for example_task_group to 2024-07-22 00:00:00+00:00, run_after=2024-07-23 00:00:00+00:00
[2024-07-23T02:08:04.059+0000] {processor.py:183} INFO - Processing /home/airflow/.local/lib/python3.12/site-packages/airflow/example_dags/example_task_group.py took 0.094 seconds
[2024-07-23T02:08:34.414+0000] {processor.py:161} INFO - Started process (PID=1243) to work on /home/airflow/.local/lib/python3.12/site-packages/airflow/example_dags/example_task_group.py
[2024-07-23T02:08:34.416+0000] {processor.py:830} INFO - Processing file /home/airflow/.local/lib/python3.12/site-packages/airflow/example_dags/example_task_group.py for tasks to queue
[2024-07-23T02:08:34.419+0000] {logging_mixin.py:188} INFO - [2024-07-23T02:08:34.418+0000] {dagbag.py:545} INFO - Filling up the DagBag from /home/airflow/.local/lib/python3.12/site-packages/airflow/example_dags/example_task_group.py
[2024-07-23T02:08:34.427+0000] {processor.py:840} INFO - DAG(s) 'example_task_group' retrieved from /home/airflow/.local/lib/python3.12/site-packages/airflow/example_dags/example_task_group.py
[2024-07-23T02:08:34.454+0000] {logging_mixin.py:188} INFO - [2024-07-23T02:08:34.454+0000] {dag.py:3089} INFO - Sync 1 DAGs
[2024-07-23T02:08:34.480+0000] {logging_mixin.py:188} INFO - [2024-07-23T02:08:34.480+0000] {dag.py:3947} INFO - Setting next_dagrun for example_task_group to 2024-07-22 00:00:00+00:00, run_after=2024-07-23 00:00:00+00:00
[2024-07-23T02:08:34.506+0000] {processor.py:183} INFO - Processing /home/airflow/.local/lib/python3.12/site-packages/airflow/example_dags/example_task_group.py took 0.098 seconds
[2024-07-23T02:09:04.887+0000] {processor.py:161} INFO - Started process (PID=1302) to work on /home/airflow/.local/lib/python3.12/site-packages/airflow/example_dags/example_task_group.py
[2024-07-23T02:09:04.888+0000] {processor.py:830} INFO - Processing file /home/airflow/.local/lib/python3.12/site-packages/airflow/example_dags/example_task_group.py for tasks to queue
[2024-07-23T02:09:04.890+0000] {logging_mixin.py:188} INFO - [2024-07-23T02:09:04.889+0000] {dagbag.py:545} INFO - Filling up the DagBag from /home/airflow/.local/lib/python3.12/site-packages/airflow/example_dags/example_task_group.py
[2024-07-23T02:09:04.897+0000] {processor.py:840} INFO - DAG(s) 'example_task_group' retrieved from /home/airflow/.local/lib/python3.12/site-packages/airflow/example_dags/example_task_group.py
[2024-07-23T02:09:04.920+0000] {logging_mixin.py:188} INFO - [2024-07-23T02:09:04.919+0000] {dag.py:3089} INFO - Sync 1 DAGs
[2024-07-23T02:09:04.943+0000] {logging_mixin.py:188} INFO - [2024-07-23T02:09:04.943+0000] {dag.py:3947} INFO - Setting next_dagrun for example_task_group to 2024-07-22 00:00:00+00:00, run_after=2024-07-23 00:00:00+00:00
[2024-07-23T02:09:04.970+0000] {processor.py:183} INFO - Processing /home/airflow/.local/lib/python3.12/site-packages/airflow/example_dags/example_task_group.py took 0.090 seconds
[2024-07-23T02:09:35.091+0000] {processor.py:161} INFO - Started process (PID=1360) to work on /home/airflow/.local/lib/python3.12/site-packages/airflow/example_dags/example_task_group.py
[2024-07-23T02:09:35.093+0000] {processor.py:830} INFO - Processing file /home/airflow/.local/lib/python3.12/site-packages/airflow/example_dags/example_task_group.py for tasks to queue
[2024-07-23T02:09:35.094+0000] {logging_mixin.py:188} INFO - [2024-07-23T02:09:35.094+0000] {dagbag.py:545} INFO - Filling up the DagBag from /home/airflow/.local/lib/python3.12/site-packages/airflow/example_dags/example_task_group.py
[2024-07-23T02:09:35.102+0000] {processor.py:840} INFO - DAG(s) 'example_task_group' retrieved from /home/airflow/.local/lib/python3.12/site-packages/airflow/example_dags/example_task_group.py
[2024-07-23T02:09:35.125+0000] {logging_mixin.py:188} INFO - [2024-07-23T02:09:35.124+0000] {dag.py:3089} INFO - Sync 1 DAGs
[2024-07-23T02:09:35.147+0000] {logging_mixin.py:188} INFO - [2024-07-23T02:09:35.147+0000] {dag.py:3947} INFO - Setting next_dagrun for example_task_group to 2024-07-22 00:00:00+00:00, run_after=2024-07-23 00:00:00+00:00
[2024-07-23T02:09:35.168+0000] {processor.py:183} INFO - Processing /home/airflow/.local/lib/python3.12/site-packages/airflow/example_dags/example_task_group.py took 0.083 seconds
[2024-07-23T02:10:05.312+0000] {processor.py:161} INFO - Started process (PID=1419) to work on /home/airflow/.local/lib/python3.12/site-packages/airflow/example_dags/example_task_group.py
[2024-07-23T02:10:05.313+0000] {processor.py:830} INFO - Processing file /home/airflow/.local/lib/python3.12/site-packages/airflow/example_dags/example_task_group.py for tasks to queue
[2024-07-23T02:10:05.315+0000] {logging_mixin.py:188} INFO - [2024-07-23T02:10:05.314+0000] {dagbag.py:545} INFO - Filling up the DagBag from /home/airflow/.local/lib/python3.12/site-packages/airflow/example_dags/example_task_group.py
[2024-07-23T02:10:05.322+0000] {processor.py:840} INFO - DAG(s) 'example_task_group' retrieved from /home/airflow/.local/lib/python3.12/site-packages/airflow/example_dags/example_task_group.py
[2024-07-23T02:10:05.346+0000] {logging_mixin.py:188} INFO - [2024-07-23T02:10:05.346+0000] {dag.py:3089} INFO - Sync 1 DAGs
[2024-07-23T02:10:05.370+0000] {logging_mixin.py:188} INFO - [2024-07-23T02:10:05.370+0000] {dag.py:3947} INFO - Setting next_dagrun for example_task_group to 2024-07-22 00:00:00+00:00, run_after=2024-07-23 00:00:00+00:00
[2024-07-23T02:10:05.395+0000] {processor.py:183} INFO - Processing /home/airflow/.local/lib/python3.12/site-packages/airflow/example_dags/example_task_group.py took 0.089 seconds
[2024-07-23T02:10:35.635+0000] {processor.py:161} INFO - Started process (PID=1478) to work on /home/airflow/.local/lib/python3.12/site-packages/airflow/example_dags/example_task_group.py
[2024-07-23T02:10:35.637+0000] {processor.py:830} INFO - Processing file /home/airflow/.local/lib/python3.12/site-packages/airflow/example_dags/example_task_group.py for tasks to queue
[2024-07-23T02:10:35.639+0000] {logging_mixin.py:188} INFO - [2024-07-23T02:10:35.639+0000] {dagbag.py:545} INFO - Filling up the DagBag from /home/airflow/.local/lib/python3.12/site-packages/airflow/example_dags/example_task_group.py
[2024-07-23T02:10:35.647+0000] {processor.py:840} INFO - DAG(s) 'example_task_group' retrieved from /home/airflow/.local/lib/python3.12/site-packages/airflow/example_dags/example_task_group.py
[2024-07-23T02:10:35.678+0000] {logging_mixin.py:188} INFO - [2024-07-23T02:10:35.677+0000] {dag.py:3089} INFO - Sync 1 DAGs
[2024-07-23T02:10:35.704+0000] {logging_mixin.py:188} INFO - [2024-07-23T02:10:35.704+0000] {dag.py:3947} INFO - Setting next_dagrun for example_task_group to 2024-07-22 00:00:00+00:00, run_after=2024-07-23 00:00:00+00:00
[2024-07-23T02:10:35.730+0000] {processor.py:183} INFO - Processing /home/airflow/.local/lib/python3.12/site-packages/airflow/example_dags/example_task_group.py took 0.102 seconds
[2024-07-23T02:11:06.012+0000] {processor.py:161} INFO - Started process (PID=1537) to work on /home/airflow/.local/lib/python3.12/site-packages/airflow/example_dags/example_task_group.py
[2024-07-23T02:11:06.013+0000] {processor.py:830} INFO - Processing file /home/airflow/.local/lib/python3.12/site-packages/airflow/example_dags/example_task_group.py for tasks to queue
[2024-07-23T02:11:06.016+0000] {logging_mixin.py:188} INFO - [2024-07-23T02:11:06.015+0000] {dagbag.py:545} INFO - Filling up the DagBag from /home/airflow/.local/lib/python3.12/site-packages/airflow/example_dags/example_task_group.py
[2024-07-23T02:11:06.024+0000] {processor.py:840} INFO - DAG(s) 'example_task_group' retrieved from /home/airflow/.local/lib/python3.12/site-packages/airflow/example_dags/example_task_group.py
[2024-07-23T02:11:06.049+0000] {logging_mixin.py:188} INFO - [2024-07-23T02:11:06.049+0000] {dag.py:3089} INFO - Sync 1 DAGs
[2024-07-23T02:11:06.074+0000] {logging_mixin.py:188} INFO - [2024-07-23T02:11:06.074+0000] {dag.py:3947} INFO - Setting next_dagrun for example_task_group to 2024-07-22 00:00:00+00:00, run_after=2024-07-23 00:00:00+00:00
[2024-07-23T02:11:06.094+0000] {processor.py:183} INFO - Processing /home/airflow/.local/lib/python3.12/site-packages/airflow/example_dags/example_task_group.py took 0.090 seconds
[2024-07-23T02:11:36.254+0000] {processor.py:161} INFO - Started process (PID=1595) to work on /home/airflow/.local/lib/python3.12/site-packages/airflow/example_dags/example_task_group.py
[2024-07-23T02:11:36.274+0000] {processor.py:830} INFO - Processing file /home/airflow/.local/lib/python3.12/site-packages/airflow/example_dags/example_task_group.py for tasks to queue
[2024-07-23T02:11:36.276+0000] {logging_mixin.py:188} INFO - [2024-07-23T02:11:36.276+0000] {dagbag.py:545} INFO - Filling up the DagBag from /home/airflow/.local/lib/python3.12/site-packages/airflow/example_dags/example_task_group.py
[2024-07-23T02:11:36.283+0000] {processor.py:840} INFO - DAG(s) 'example_task_group' retrieved from /home/airflow/.local/lib/python3.12/site-packages/airflow/example_dags/example_task_group.py
[2024-07-23T02:11:36.305+0000] {logging_mixin.py:188} INFO - [2024-07-23T02:11:36.305+0000] {dag.py:3089} INFO - Sync 1 DAGs
[2024-07-23T02:11:36.328+0000] {logging_mixin.py:188} INFO - [2024-07-23T02:11:36.328+0000] {dag.py:3947} INFO - Setting next_dagrun for example_task_group to 2024-07-22 00:00:00+00:00, run_after=2024-07-23 00:00:00+00:00
[2024-07-23T02:11:36.350+0000] {processor.py:183} INFO - Processing /home/airflow/.local/lib/python3.12/site-packages/airflow/example_dags/example_task_group.py took 0.102 seconds
[2024-07-23T02:12:06.611+0000] {processor.py:161} INFO - Started process (PID=1654) to work on /home/airflow/.local/lib/python3.12/site-packages/airflow/example_dags/example_task_group.py
[2024-07-23T02:12:06.612+0000] {processor.py:830} INFO - Processing file /home/airflow/.local/lib/python3.12/site-packages/airflow/example_dags/example_task_group.py for tasks to queue
[2024-07-23T02:12:06.613+0000] {logging_mixin.py:188} INFO - [2024-07-23T02:12:06.613+0000] {dagbag.py:545} INFO - Filling up the DagBag from /home/airflow/.local/lib/python3.12/site-packages/airflow/example_dags/example_task_group.py
[2024-07-23T02:12:06.620+0000] {processor.py:840} INFO - DAG(s) 'example_task_group' retrieved from /home/airflow/.local/lib/python3.12/site-packages/airflow/example_dags/example_task_group.py
[2024-07-23T02:12:06.644+0000] {logging_mixin.py:188} INFO - [2024-07-23T02:12:06.644+0000] {dag.py:3089} INFO - Sync 1 DAGs
[2024-07-23T02:12:06.665+0000] {logging_mixin.py:188} INFO - [2024-07-23T02:12:06.664+0000] {dag.py:3947} INFO - Setting next_dagrun for example_task_group to 2024-07-22 00:00:00+00:00, run_after=2024-07-23 00:00:00+00:00
[2024-07-23T02:12:06.685+0000] {processor.py:183} INFO - Processing /home/airflow/.local/lib/python3.12/site-packages/airflow/example_dags/example_task_group.py took 0.080 seconds
[2024-07-23T02:12:36.961+0000] {processor.py:161} INFO - Started process (PID=1714) to work on /home/airflow/.local/lib/python3.12/site-packages/airflow/example_dags/example_task_group.py
[2024-07-23T02:12:36.963+0000] {processor.py:830} INFO - Processing file /home/airflow/.local/lib/python3.12/site-packages/airflow/example_dags/example_task_group.py for tasks to queue
[2024-07-23T02:12:36.964+0000] {logging_mixin.py:188} INFO - [2024-07-23T02:12:36.964+0000] {dagbag.py:545} INFO - Filling up the DagBag from /home/airflow/.local/lib/python3.12/site-packages/airflow/example_dags/example_task_group.py
[2024-07-23T02:12:36.971+0000] {processor.py:840} INFO - DAG(s) 'example_task_group' retrieved from /home/airflow/.local/lib/python3.12/site-packages/airflow/example_dags/example_task_group.py
[2024-07-23T02:12:36.994+0000] {logging_mixin.py:188} INFO - [2024-07-23T02:12:36.994+0000] {dag.py:3089} INFO - Sync 1 DAGs
[2024-07-23T02:12:37.016+0000] {logging_mixin.py:188} INFO - [2024-07-23T02:12:37.015+0000] {dag.py:3947} INFO - Setting next_dagrun for example_task_group to 2024-07-22 00:00:00+00:00, run_after=2024-07-23 00:00:00+00:00
[2024-07-23T02:12:37.039+0000] {processor.py:183} INFO - Processing /home/airflow/.local/lib/python3.12/site-packages/airflow/example_dags/example_task_group.py took 0.083 seconds
[2024-07-23T02:13:07.936+0000] {processor.py:161} INFO - Started process (PID=1771) to work on /home/airflow/.local/lib/python3.12/site-packages/airflow/example_dags/example_task_group.py
[2024-07-23T02:13:07.938+0000] {processor.py:830} INFO - Processing file /home/airflow/.local/lib/python3.12/site-packages/airflow/example_dags/example_task_group.py for tasks to queue
[2024-07-23T02:13:07.940+0000] {logging_mixin.py:188} INFO - [2024-07-23T02:13:07.940+0000] {dagbag.py:545} INFO - Filling up the DagBag from /home/airflow/.local/lib/python3.12/site-packages/airflow/example_dags/example_task_group.py
[2024-07-23T02:13:07.950+0000] {processor.py:840} INFO - DAG(s) 'example_task_group' retrieved from /home/airflow/.local/lib/python3.12/site-packages/airflow/example_dags/example_task_group.py
[2024-07-23T02:13:07.989+0000] {logging_mixin.py:188} INFO - [2024-07-23T02:13:07.989+0000] {dag.py:3089} INFO - Sync 1 DAGs
[2024-07-23T02:13:08.028+0000] {logging_mixin.py:188} INFO - [2024-07-23T02:13:08.028+0000] {dag.py:3947} INFO - Setting next_dagrun for example_task_group to 2024-07-22 00:00:00+00:00, run_after=2024-07-23 00:00:00+00:00
[2024-07-23T02:13:08.054+0000] {processor.py:183} INFO - Processing /home/airflow/.local/lib/python3.12/site-packages/airflow/example_dags/example_task_group.py took 0.126 seconds
[2024-07-23T02:13:38.617+0000] {processor.py:161} INFO - Started process (PID=1839) to work on /home/airflow/.local/lib/python3.12/site-packages/airflow/example_dags/example_task_group.py
[2024-07-23T02:13:38.619+0000] {processor.py:830} INFO - Processing file /home/airflow/.local/lib/python3.12/site-packages/airflow/example_dags/example_task_group.py for tasks to queue
[2024-07-23T02:13:38.622+0000] {logging_mixin.py:188} INFO - [2024-07-23T02:13:38.622+0000] {dagbag.py:545} INFO - Filling up the DagBag from /home/airflow/.local/lib/python3.12/site-packages/airflow/example_dags/example_task_group.py
[2024-07-23T02:13:38.640+0000] {processor.py:840} INFO - DAG(s) 'example_task_group' retrieved from /home/airflow/.local/lib/python3.12/site-packages/airflow/example_dags/example_task_group.py
[2024-07-23T02:13:38.727+0000] {logging_mixin.py:188} INFO - [2024-07-23T02:13:38.726+0000] {dag.py:3089} INFO - Sync 1 DAGs
[2024-07-23T02:13:38.805+0000] {logging_mixin.py:188} INFO - [2024-07-23T02:13:38.804+0000] {dag.py:3947} INFO - Setting next_dagrun for example_task_group to 2024-07-22 00:00:00+00:00, run_after=2024-07-23 00:00:00+00:00
[2024-07-23T02:13:38.853+0000] {processor.py:183} INFO - Processing /home/airflow/.local/lib/python3.12/site-packages/airflow/example_dags/example_task_group.py took 0.258 seconds
[2024-07-23T02:14:09.385+0000] {processor.py:161} INFO - Started process (PID=1898) to work on /home/airflow/.local/lib/python3.12/site-packages/airflow/example_dags/example_task_group.py
[2024-07-23T02:14:09.387+0000] {processor.py:830} INFO - Processing file /home/airflow/.local/lib/python3.12/site-packages/airflow/example_dags/example_task_group.py for tasks to queue
[2024-07-23T02:14:09.389+0000] {logging_mixin.py:188} INFO - [2024-07-23T02:14:09.389+0000] {dagbag.py:545} INFO - Filling up the DagBag from /home/airflow/.local/lib/python3.12/site-packages/airflow/example_dags/example_task_group.py
[2024-07-23T02:14:09.398+0000] {processor.py:840} INFO - DAG(s) 'example_task_group' retrieved from /home/airflow/.local/lib/python3.12/site-packages/airflow/example_dags/example_task_group.py
[2024-07-23T02:14:09.424+0000] {logging_mixin.py:188} INFO - [2024-07-23T02:14:09.424+0000] {dag.py:3089} INFO - Sync 1 DAGs
[2024-07-23T02:14:09.453+0000] {logging_mixin.py:188} INFO - [2024-07-23T02:14:09.453+0000] {dag.py:3947} INFO - Setting next_dagrun for example_task_group to 2024-07-22 00:00:00+00:00, run_after=2024-07-23 00:00:00+00:00
[2024-07-23T02:14:09.480+0000] {processor.py:183} INFO - Processing /home/airflow/.local/lib/python3.12/site-packages/airflow/example_dags/example_task_group.py took 0.102 seconds
[2024-07-23T02:14:40.215+0000] {processor.py:161} INFO - Started process (PID=1957) to work on /home/airflow/.local/lib/python3.12/site-packages/airflow/example_dags/example_task_group.py
[2024-07-23T02:14:40.218+0000] {processor.py:830} INFO - Processing file /home/airflow/.local/lib/python3.12/site-packages/airflow/example_dags/example_task_group.py for tasks to queue
[2024-07-23T02:14:40.220+0000] {logging_mixin.py:188} INFO - [2024-07-23T02:14:40.220+0000] {dagbag.py:545} INFO - Filling up the DagBag from /home/airflow/.local/lib/python3.12/site-packages/airflow/example_dags/example_task_group.py
[2024-07-23T02:14:40.229+0000] {processor.py:840} INFO - DAG(s) 'example_task_group' retrieved from /home/airflow/.local/lib/python3.12/site-packages/airflow/example_dags/example_task_group.py
[2024-07-23T02:14:40.259+0000] {logging_mixin.py:188} INFO - [2024-07-23T02:14:40.259+0000] {dag.py:3089} INFO - Sync 1 DAGs
[2024-07-23T02:14:40.468+0000] {logging_mixin.py:188} INFO - [2024-07-23T02:14:40.468+0000] {dag.py:3947} INFO - Setting next_dagrun for example_task_group to 2024-07-22 00:00:00+00:00, run_after=2024-07-23 00:00:00+00:00
[2024-07-23T02:14:40.496+0000] {processor.py:183} INFO - Processing /home/airflow/.local/lib/python3.12/site-packages/airflow/example_dags/example_task_group.py took 0.289 seconds
[2024-07-23T02:15:10.819+0000] {processor.py:161} INFO - Started process (PID=2016) to work on /home/airflow/.local/lib/python3.12/site-packages/airflow/example_dags/example_task_group.py
[2024-07-23T02:15:10.823+0000] {processor.py:830} INFO - Processing file /home/airflow/.local/lib/python3.12/site-packages/airflow/example_dags/example_task_group.py for tasks to queue
[2024-07-23T02:15:10.832+0000] {logging_mixin.py:188} INFO - [2024-07-23T02:15:10.831+0000] {dagbag.py:545} INFO - Filling up the DagBag from /home/airflow/.local/lib/python3.12/site-packages/airflow/example_dags/example_task_group.py
[2024-07-23T02:15:10.861+0000] {processor.py:840} INFO - DAG(s) 'example_task_group' retrieved from /home/airflow/.local/lib/python3.12/site-packages/airflow/example_dags/example_task_group.py
[2024-07-23T02:15:10.978+0000] {logging_mixin.py:188} INFO - [2024-07-23T02:15:10.977+0000] {dag.py:3089} INFO - Sync 1 DAGs
[2024-07-23T02:15:11.103+0000] {logging_mixin.py:188} INFO - [2024-07-23T02:15:11.102+0000] {dag.py:3947} INFO - Setting next_dagrun for example_task_group to 2024-07-22 00:00:00+00:00, run_after=2024-07-23 00:00:00+00:00
[2024-07-23T02:15:11.196+0000] {processor.py:183} INFO - Processing /home/airflow/.local/lib/python3.12/site-packages/airflow/example_dags/example_task_group.py took 0.412 seconds
[2024-07-23T02:15:41.788+0000] {processor.py:161} INFO - Started process (PID=2075) to work on /home/airflow/.local/lib/python3.12/site-packages/airflow/example_dags/example_task_group.py
[2024-07-23T02:15:42.084+0000] {processor.py:830} INFO - Processing file /home/airflow/.local/lib/python3.12/site-packages/airflow/example_dags/example_task_group.py for tasks to queue
[2024-07-23T02:15:42.095+0000] {logging_mixin.py:188} INFO - [2024-07-23T02:15:42.093+0000] {dagbag.py:545} INFO - Filling up the DagBag from /home/airflow/.local/lib/python3.12/site-packages/airflow/example_dags/example_task_group.py
[2024-07-23T02:15:42.136+0000] {processor.py:840} INFO - DAG(s) 'example_task_group' retrieved from /home/airflow/.local/lib/python3.12/site-packages/airflow/example_dags/example_task_group.py
[2024-07-23T02:15:42.262+0000] {logging_mixin.py:188} INFO - [2024-07-23T02:15:42.261+0000] {dag.py:3089} INFO - Sync 1 DAGs
[2024-07-23T02:15:42.391+0000] {logging_mixin.py:188} INFO - [2024-07-23T02:15:42.390+0000] {dag.py:3947} INFO - Setting next_dagrun for example_task_group to 2024-07-22 00:00:00+00:00, run_after=2024-07-23 00:00:00+00:00
[2024-07-23T02:15:42.485+0000] {processor.py:183} INFO - Processing /home/airflow/.local/lib/python3.12/site-packages/airflow/example_dags/example_task_group.py took 0.731 seconds
[2024-07-23T02:16:13.342+0000] {processor.py:161} INFO - Started process (PID=2135) to work on /home/airflow/.local/lib/python3.12/site-packages/airflow/example_dags/example_task_group.py
[2024-07-23T02:16:13.346+0000] {processor.py:830} INFO - Processing file /home/airflow/.local/lib/python3.12/site-packages/airflow/example_dags/example_task_group.py for tasks to queue
[2024-07-23T02:16:13.355+0000] {logging_mixin.py:188} INFO - [2024-07-23T02:16:13.353+0000] {dagbag.py:545} INFO - Filling up the DagBag from /home/airflow/.local/lib/python3.12/site-packages/airflow/example_dags/example_task_group.py
[2024-07-23T02:16:13.869+0000] {processor.py:840} INFO - DAG(s) 'example_task_group' retrieved from /home/airflow/.local/lib/python3.12/site-packages/airflow/example_dags/example_task_group.py
[2024-07-23T02:16:13.976+0000] {logging_mixin.py:188} INFO - [2024-07-23T02:16:13.975+0000] {dag.py:3089} INFO - Sync 1 DAGs
[2024-07-23T02:16:14.089+0000] {logging_mixin.py:188} INFO - [2024-07-23T02:16:14.088+0000] {dag.py:3947} INFO - Setting next_dagrun for example_task_group to 2024-07-22 00:00:00+00:00, run_after=2024-07-23 00:00:00+00:00
[2024-07-23T02:16:14.177+0000] {processor.py:183} INFO - Processing /home/airflow/.local/lib/python3.12/site-packages/airflow/example_dags/example_task_group.py took 0.874 seconds
[2024-07-23T02:16:44.476+0000] {processor.py:161} INFO - Started process (PID=2196) to work on /home/airflow/.local/lib/python3.12/site-packages/airflow/example_dags/example_task_group.py
[2024-07-23T02:16:44.480+0000] {processor.py:830} INFO - Processing file /home/airflow/.local/lib/python3.12/site-packages/airflow/example_dags/example_task_group.py for tasks to queue
[2024-07-23T02:16:44.488+0000] {logging_mixin.py:188} INFO - [2024-07-23T02:16:44.486+0000] {dagbag.py:545} INFO - Filling up the DagBag from /home/airflow/.local/lib/python3.12/site-packages/airflow/example_dags/example_task_group.py
[2024-07-23T02:16:44.526+0000] {processor.py:840} INFO - DAG(s) 'example_task_group' retrieved from /home/airflow/.local/lib/python3.12/site-packages/airflow/example_dags/example_task_group.py
[2024-07-23T02:16:44.661+0000] {logging_mixin.py:188} INFO - [2024-07-23T02:16:44.659+0000] {dag.py:3089} INFO - Sync 1 DAGs
[2024-07-23T02:16:44.928+0000] {logging_mixin.py:188} INFO - [2024-07-23T02:16:44.922+0000] {dag.py:3947} INFO - Setting next_dagrun for example_task_group to 2024-07-22 00:00:00+00:00, run_after=2024-07-23 00:00:00+00:00
[2024-07-23T02:16:45.111+0000] {processor.py:183} INFO - Processing /home/airflow/.local/lib/python3.12/site-packages/airflow/example_dags/example_task_group.py took 0.668 seconds
[2024-07-23T02:17:15.382+0000] {processor.py:161} INFO - Started process (PID=2263) to work on /home/airflow/.local/lib/python3.12/site-packages/airflow/example_dags/example_task_group.py
[2024-07-23T02:17:15.388+0000] {processor.py:830} INFO - Processing file /home/airflow/.local/lib/python3.12/site-packages/airflow/example_dags/example_task_group.py for tasks to queue
[2024-07-23T02:17:15.399+0000] {logging_mixin.py:188} INFO - [2024-07-23T02:17:15.397+0000] {dagbag.py:545} INFO - Filling up the DagBag from /home/airflow/.local/lib/python3.12/site-packages/airflow/example_dags/example_task_group.py
[2024-07-23T02:17:15.453+0000] {processor.py:840} INFO - DAG(s) 'example_task_group' retrieved from /home/airflow/.local/lib/python3.12/site-packages/airflow/example_dags/example_task_group.py
[2024-07-23T02:17:15.571+0000] {logging_mixin.py:188} INFO - [2024-07-23T02:17:15.570+0000] {dag.py:3089} INFO - Sync 1 DAGs
[2024-07-23T02:17:15.678+0000] {logging_mixin.py:188} INFO - [2024-07-23T02:17:15.677+0000] {dag.py:3947} INFO - Setting next_dagrun for example_task_group to 2024-07-22 00:00:00+00:00, run_after=2024-07-23 00:00:00+00:00
[2024-07-23T02:17:15.757+0000] {processor.py:183} INFO - Processing /home/airflow/.local/lib/python3.12/site-packages/airflow/example_dags/example_task_group.py took 0.417 seconds
[2024-07-23T02:17:46.188+0000] {processor.py:161} INFO - Started process (PID=2322) to work on /home/airflow/.local/lib/python3.12/site-packages/airflow/example_dags/example_task_group.py
[2024-07-23T02:17:46.191+0000] {processor.py:830} INFO - Processing file /home/airflow/.local/lib/python3.12/site-packages/airflow/example_dags/example_task_group.py for tasks to queue
[2024-07-23T02:17:46.198+0000] {logging_mixin.py:188} INFO - [2024-07-23T02:17:46.197+0000] {dagbag.py:545} INFO - Filling up the DagBag from /home/airflow/.local/lib/python3.12/site-packages/airflow/example_dags/example_task_group.py
[2024-07-23T02:17:46.236+0000] {processor.py:840} INFO - DAG(s) 'example_task_group' retrieved from /home/airflow/.local/lib/python3.12/site-packages/airflow/example_dags/example_task_group.py
[2024-07-23T02:17:46.327+0000] {logging_mixin.py:188} INFO - [2024-07-23T02:17:46.326+0000] {dag.py:3089} INFO - Sync 1 DAGs
[2024-07-23T02:17:46.421+0000] {logging_mixin.py:188} INFO - [2024-07-23T02:17:46.420+0000] {dag.py:3947} INFO - Setting next_dagrun for example_task_group to 2024-07-22 00:00:00+00:00, run_after=2024-07-23 00:00:00+00:00
[2024-07-23T02:17:46.498+0000] {processor.py:183} INFO - Processing /home/airflow/.local/lib/python3.12/site-packages/airflow/example_dags/example_task_group.py took 0.338 seconds
[2024-07-23T02:18:16.752+0000] {processor.py:161} INFO - Started process (PID=2381) to work on /home/airflow/.local/lib/python3.12/site-packages/airflow/example_dags/example_task_group.py
[2024-07-23T02:18:16.756+0000] {processor.py:830} INFO - Processing file /home/airflow/.local/lib/python3.12/site-packages/airflow/example_dags/example_task_group.py for tasks to queue
[2024-07-23T02:18:16.767+0000] {logging_mixin.py:188} INFO - [2024-07-23T02:18:16.765+0000] {dagbag.py:545} INFO - Filling up the DagBag from /home/airflow/.local/lib/python3.12/site-packages/airflow/example_dags/example_task_group.py
[2024-07-23T02:18:16.809+0000] {processor.py:840} INFO - DAG(s) 'example_task_group' retrieved from /home/airflow/.local/lib/python3.12/site-packages/airflow/example_dags/example_task_group.py
[2024-07-23T02:18:16.917+0000] {logging_mixin.py:188} INFO - [2024-07-23T02:18:16.916+0000] {dag.py:3089} INFO - Sync 1 DAGs
[2024-07-23T02:18:17.015+0000] {logging_mixin.py:188} INFO - [2024-07-23T02:18:17.014+0000] {dag.py:3947} INFO - Setting next_dagrun for example_task_group to 2024-07-22 00:00:00+00:00, run_after=2024-07-23 00:00:00+00:00
[2024-07-23T02:18:17.098+0000] {processor.py:183} INFO - Processing /home/airflow/.local/lib/python3.12/site-packages/airflow/example_dags/example_task_group.py took 0.377 seconds
[2024-07-23T02:18:47.672+0000] {processor.py:161} INFO - Started process (PID=2441) to work on /home/airflow/.local/lib/python3.12/site-packages/airflow/example_dags/example_task_group.py
[2024-07-23T02:18:47.677+0000] {processor.py:830} INFO - Processing file /home/airflow/.local/lib/python3.12/site-packages/airflow/example_dags/example_task_group.py for tasks to queue
[2024-07-23T02:18:47.687+0000] {logging_mixin.py:188} INFO - [2024-07-23T02:18:47.685+0000] {dagbag.py:545} INFO - Filling up the DagBag from /home/airflow/.local/lib/python3.12/site-packages/airflow/example_dags/example_task_group.py
[2024-07-23T02:18:47.727+0000] {processor.py:840} INFO - DAG(s) 'example_task_group' retrieved from /home/airflow/.local/lib/python3.12/site-packages/airflow/example_dags/example_task_group.py
[2024-07-23T02:18:47.824+0000] {logging_mixin.py:188} INFO - [2024-07-23T02:18:47.823+0000] {dag.py:3089} INFO - Sync 1 DAGs
[2024-07-23T02:18:47.918+0000] {logging_mixin.py:188} INFO - [2024-07-23T02:18:47.917+0000] {dag.py:3947} INFO - Setting next_dagrun for example_task_group to 2024-07-22 00:00:00+00:00, run_after=2024-07-23 00:00:00+00:00
[2024-07-23T02:18:47.985+0000] {processor.py:183} INFO - Processing /home/airflow/.local/lib/python3.12/site-packages/airflow/example_dags/example_task_group.py took 0.348 seconds
[2024-07-23T02:19:18.141+0000] {processor.py:161} INFO - Started process (PID=2501) to work on /home/airflow/.local/lib/python3.12/site-packages/airflow/example_dags/example_task_group.py
[2024-07-23T02:19:18.144+0000] {processor.py:830} INFO - Processing file /home/airflow/.local/lib/python3.12/site-packages/airflow/example_dags/example_task_group.py for tasks to queue
[2024-07-23T02:19:18.150+0000] {logging_mixin.py:188} INFO - [2024-07-23T02:19:18.149+0000] {dagbag.py:545} INFO - Filling up the DagBag from /home/airflow/.local/lib/python3.12/site-packages/airflow/example_dags/example_task_group.py
[2024-07-23T02:19:18.177+0000] {processor.py:840} INFO - DAG(s) 'example_task_group' retrieved from /home/airflow/.local/lib/python3.12/site-packages/airflow/example_dags/example_task_group.py
[2024-07-23T02:19:18.255+0000] {logging_mixin.py:188} INFO - [2024-07-23T02:19:18.254+0000] {dag.py:3089} INFO - Sync 1 DAGs
[2024-07-23T02:19:18.336+0000] {logging_mixin.py:188} INFO - [2024-07-23T02:19:18.335+0000] {dag.py:3947} INFO - Setting next_dagrun for example_task_group to 2024-07-22 00:00:00+00:00, run_after=2024-07-23 00:00:00+00:00
[2024-07-23T02:19:18.399+0000] {processor.py:183} INFO - Processing /home/airflow/.local/lib/python3.12/site-packages/airflow/example_dags/example_task_group.py took 0.282 seconds
[2024-07-23T02:19:49.115+0000] {processor.py:161} INFO - Started process (PID=2559) to work on /home/airflow/.local/lib/python3.12/site-packages/airflow/example_dags/example_task_group.py
[2024-07-23T02:19:49.116+0000] {processor.py:830} INFO - Processing file /home/airflow/.local/lib/python3.12/site-packages/airflow/example_dags/example_task_group.py for tasks to queue
[2024-07-23T02:19:49.118+0000] {logging_mixin.py:188} INFO - [2024-07-23T02:19:49.118+0000] {dagbag.py:545} INFO - Filling up the DagBag from /home/airflow/.local/lib/python3.12/site-packages/airflow/example_dags/example_task_group.py
[2024-07-23T02:19:49.126+0000] {processor.py:840} INFO - DAG(s) 'example_task_group' retrieved from /home/airflow/.local/lib/python3.12/site-packages/airflow/example_dags/example_task_group.py
[2024-07-23T02:19:49.153+0000] {logging_mixin.py:188} INFO - [2024-07-23T02:19:49.152+0000] {dag.py:3089} INFO - Sync 1 DAGs
[2024-07-23T02:19:49.180+0000] {logging_mixin.py:188} INFO - [2024-07-23T02:19:49.179+0000] {dag.py:3947} INFO - Setting next_dagrun for example_task_group to 2024-07-22 00:00:00+00:00, run_after=2024-07-23 00:00:00+00:00
[2024-07-23T02:19:49.203+0000] {processor.py:183} INFO - Processing /home/airflow/.local/lib/python3.12/site-packages/airflow/example_dags/example_task_group.py took 0.095 seconds
[2024-07-23T02:20:19.501+0000] {processor.py:161} INFO - Started process (PID=2618) to work on /home/airflow/.local/lib/python3.12/site-packages/airflow/example_dags/example_task_group.py
[2024-07-23T02:20:19.503+0000] {processor.py:830} INFO - Processing file /home/airflow/.local/lib/python3.12/site-packages/airflow/example_dags/example_task_group.py for tasks to queue
[2024-07-23T02:20:19.507+0000] {logging_mixin.py:188} INFO - [2024-07-23T02:20:19.506+0000] {dagbag.py:545} INFO - Filling up the DagBag from /home/airflow/.local/lib/python3.12/site-packages/airflow/example_dags/example_task_group.py
[2024-07-23T02:20:19.524+0000] {processor.py:840} INFO - DAG(s) 'example_task_group' retrieved from /home/airflow/.local/lib/python3.12/site-packages/airflow/example_dags/example_task_group.py
[2024-07-23T02:20:19.576+0000] {logging_mixin.py:188} INFO - [2024-07-23T02:20:19.575+0000] {dag.py:3089} INFO - Sync 1 DAGs
[2024-07-23T02:20:19.636+0000] {logging_mixin.py:188} INFO - [2024-07-23T02:20:19.636+0000] {dag.py:3947} INFO - Setting next_dagrun for example_task_group to 2024-07-22 00:00:00+00:00, run_after=2024-07-23 00:00:00+00:00
[2024-07-23T02:20:19.680+0000] {processor.py:183} INFO - Processing /home/airflow/.local/lib/python3.12/site-packages/airflow/example_dags/example_task_group.py took 0.195 seconds
[2024-07-23T02:20:49.798+0000] {processor.py:161} INFO - Started process (PID=2676) to work on /home/airflow/.local/lib/python3.12/site-packages/airflow/example_dags/example_task_group.py
[2024-07-23T02:20:49.799+0000] {processor.py:830} INFO - Processing file /home/airflow/.local/lib/python3.12/site-packages/airflow/example_dags/example_task_group.py for tasks to queue
[2024-07-23T02:20:49.801+0000] {logging_mixin.py:188} INFO - [2024-07-23T02:20:49.800+0000] {dagbag.py:545} INFO - Filling up the DagBag from /home/airflow/.local/lib/python3.12/site-packages/airflow/example_dags/example_task_group.py
[2024-07-23T02:20:49.808+0000] {processor.py:840} INFO - DAG(s) 'example_task_group' retrieved from /home/airflow/.local/lib/python3.12/site-packages/airflow/example_dags/example_task_group.py
[2024-07-23T02:20:49.832+0000] {logging_mixin.py:188} INFO - [2024-07-23T02:20:49.832+0000] {dag.py:3089} INFO - Sync 1 DAGs
[2024-07-23T02:20:49.866+0000] {logging_mixin.py:188} INFO - [2024-07-23T02:20:49.865+0000] {dag.py:3947} INFO - Setting next_dagrun for example_task_group to 2024-07-22 00:00:00+00:00, run_after=2024-07-23 00:00:00+00:00
[2024-07-23T02:20:49.905+0000] {processor.py:183} INFO - Processing /home/airflow/.local/lib/python3.12/site-packages/airflow/example_dags/example_task_group.py took 0.114 seconds
[2024-07-23T02:21:20.156+0000] {processor.py:161} INFO - Started process (PID=2735) to work on /home/airflow/.local/lib/python3.12/site-packages/airflow/example_dags/example_task_group.py
[2024-07-23T02:21:20.158+0000] {processor.py:830} INFO - Processing file /home/airflow/.local/lib/python3.12/site-packages/airflow/example_dags/example_task_group.py for tasks to queue
[2024-07-23T02:21:20.160+0000] {logging_mixin.py:188} INFO - [2024-07-23T02:21:20.159+0000] {dagbag.py:545} INFO - Filling up the DagBag from /home/airflow/.local/lib/python3.12/site-packages/airflow/example_dags/example_task_group.py
[2024-07-23T02:21:20.168+0000] {processor.py:840} INFO - DAG(s) 'example_task_group' retrieved from /home/airflow/.local/lib/python3.12/site-packages/airflow/example_dags/example_task_group.py
[2024-07-23T02:21:20.191+0000] {logging_mixin.py:188} INFO - [2024-07-23T02:21:20.191+0000] {dag.py:3089} INFO - Sync 1 DAGs
[2024-07-23T02:21:20.214+0000] {logging_mixin.py:188} INFO - [2024-07-23T02:21:20.213+0000] {dag.py:3947} INFO - Setting next_dagrun for example_task_group to 2024-07-22 00:00:00+00:00, run_after=2024-07-23 00:00:00+00:00
[2024-07-23T02:21:20.234+0000] {processor.py:183} INFO - Processing /home/airflow/.local/lib/python3.12/site-packages/airflow/example_dags/example_task_group.py took 0.084 seconds
[2024-07-23T02:21:50.568+0000] {processor.py:161} INFO - Started process (PID=2795) to work on /home/airflow/.local/lib/python3.12/site-packages/airflow/example_dags/example_task_group.py
[2024-07-23T02:21:50.569+0000] {processor.py:830} INFO - Processing file /home/airflow/.local/lib/python3.12/site-packages/airflow/example_dags/example_task_group.py for tasks to queue
[2024-07-23T02:21:50.571+0000] {logging_mixin.py:188} INFO - [2024-07-23T02:21:50.571+0000] {dagbag.py:545} INFO - Filling up the DagBag from /home/airflow/.local/lib/python3.12/site-packages/airflow/example_dags/example_task_group.py
[2024-07-23T02:21:50.579+0000] {processor.py:840} INFO - DAG(s) 'example_task_group' retrieved from /home/airflow/.local/lib/python3.12/site-packages/airflow/example_dags/example_task_group.py
[2024-07-23T02:21:50.602+0000] {logging_mixin.py:188} INFO - [2024-07-23T02:21:50.602+0000] {dag.py:3089} INFO - Sync 1 DAGs
[2024-07-23T02:21:50.624+0000] {logging_mixin.py:188} INFO - [2024-07-23T02:21:50.624+0000] {dag.py:3947} INFO - Setting next_dagrun for example_task_group to 2024-07-22 00:00:00+00:00, run_after=2024-07-23 00:00:00+00:00
[2024-07-23T02:21:50.644+0000] {processor.py:183} INFO - Processing /home/airflow/.local/lib/python3.12/site-packages/airflow/example_dags/example_task_group.py took 0.082 seconds
[2024-07-23T02:22:21.016+0000] {processor.py:161} INFO - Started process (PID=2854) to work on /home/airflow/.local/lib/python3.12/site-packages/airflow/example_dags/example_task_group.py
[2024-07-23T02:22:21.018+0000] {processor.py:830} INFO - Processing file /home/airflow/.local/lib/python3.12/site-packages/airflow/example_dags/example_task_group.py for tasks to queue
[2024-07-23T02:22:21.020+0000] {logging_mixin.py:188} INFO - [2024-07-23T02:22:21.019+0000] {dagbag.py:545} INFO - Filling up the DagBag from /home/airflow/.local/lib/python3.12/site-packages/airflow/example_dags/example_task_group.py
[2024-07-23T02:22:21.026+0000] {processor.py:840} INFO - DAG(s) 'example_task_group' retrieved from /home/airflow/.local/lib/python3.12/site-packages/airflow/example_dags/example_task_group.py
[2024-07-23T02:22:21.048+0000] {logging_mixin.py:188} INFO - [2024-07-23T02:22:21.048+0000] {dag.py:3089} INFO - Sync 1 DAGs
[2024-07-23T02:22:21.070+0000] {logging_mixin.py:188} INFO - [2024-07-23T02:22:21.070+0000] {dag.py:3947} INFO - Setting next_dagrun for example_task_group to 2024-07-22 00:00:00+00:00, run_after=2024-07-23 00:00:00+00:00
[2024-07-23T02:22:21.125+0000] {processor.py:183} INFO - Processing /home/airflow/.local/lib/python3.12/site-packages/airflow/example_dags/example_task_group.py took 0.115 seconds
[2024-07-23T02:22:51.229+0000] {processor.py:161} INFO - Started process (PID=2913) to work on /home/airflow/.local/lib/python3.12/site-packages/airflow/example_dags/example_task_group.py
[2024-07-23T02:22:51.230+0000] {processor.py:830} INFO - Processing file /home/airflow/.local/lib/python3.12/site-packages/airflow/example_dags/example_task_group.py for tasks to queue
[2024-07-23T02:22:51.233+0000] {logging_mixin.py:188} INFO - [2024-07-23T02:22:51.232+0000] {dagbag.py:545} INFO - Filling up the DagBag from /home/airflow/.local/lib/python3.12/site-packages/airflow/example_dags/example_task_group.py
[2024-07-23T02:22:51.241+0000] {processor.py:840} INFO - DAG(s) 'example_task_group' retrieved from /home/airflow/.local/lib/python3.12/site-packages/airflow/example_dags/example_task_group.py
[2024-07-23T02:22:51.269+0000] {logging_mixin.py:188} INFO - [2024-07-23T02:22:51.269+0000] {dag.py:3089} INFO - Sync 1 DAGs
[2024-07-23T02:22:51.296+0000] {logging_mixin.py:188} INFO - [2024-07-23T02:22:51.296+0000] {dag.py:3947} INFO - Setting next_dagrun for example_task_group to 2024-07-22 00:00:00+00:00, run_after=2024-07-23 00:00:00+00:00
[2024-07-23T02:22:51.315+0000] {processor.py:183} INFO - Processing /home/airflow/.local/lib/python3.12/site-packages/airflow/example_dags/example_task_group.py took 0.094 seconds
[2024-07-23T02:23:21.418+0000] {processor.py:161} INFO - Started process (PID=2978) to work on /home/airflow/.local/lib/python3.12/site-packages/airflow/example_dags/example_task_group.py
[2024-07-23T02:23:21.419+0000] {processor.py:830} INFO - Processing file /home/airflow/.local/lib/python3.12/site-packages/airflow/example_dags/example_task_group.py for tasks to queue
[2024-07-23T02:23:21.421+0000] {logging_mixin.py:188} INFO - [2024-07-23T02:23:21.421+0000] {dagbag.py:545} INFO - Filling up the DagBag from /home/airflow/.local/lib/python3.12/site-packages/airflow/example_dags/example_task_group.py
[2024-07-23T02:23:21.430+0000] {processor.py:840} INFO - DAG(s) 'example_task_group' retrieved from /home/airflow/.local/lib/python3.12/site-packages/airflow/example_dags/example_task_group.py
[2024-07-23T02:23:21.466+0000] {logging_mixin.py:188} INFO - [2024-07-23T02:23:21.466+0000] {dag.py:3089} INFO - Sync 1 DAGs
[2024-07-23T02:23:21.518+0000] {logging_mixin.py:188} INFO - [2024-07-23T02:23:21.517+0000] {dag.py:3947} INFO - Setting next_dagrun for example_task_group to 2024-07-22 00:00:00+00:00, run_after=2024-07-23 00:00:00+00:00
[2024-07-23T02:23:21.552+0000] {processor.py:183} INFO - Processing /home/airflow/.local/lib/python3.12/site-packages/airflow/example_dags/example_task_group.py took 0.142 seconds
[2024-07-23T02:23:52.430+0000] {processor.py:161} INFO - Started process (PID=3036) to work on /home/airflow/.local/lib/python3.12/site-packages/airflow/example_dags/example_task_group.py
[2024-07-23T02:23:52.434+0000] {processor.py:830} INFO - Processing file /home/airflow/.local/lib/python3.12/site-packages/airflow/example_dags/example_task_group.py for tasks to queue
[2024-07-23T02:23:52.444+0000] {logging_mixin.py:188} INFO - [2024-07-23T02:23:52.442+0000] {dagbag.py:545} INFO - Filling up the DagBag from /home/airflow/.local/lib/python3.12/site-packages/airflow/example_dags/example_task_group.py
[2024-07-23T02:23:52.486+0000] {processor.py:840} INFO - DAG(s) 'example_task_group' retrieved from /home/airflow/.local/lib/python3.12/site-packages/airflow/example_dags/example_task_group.py
[2024-07-23T02:23:52.585+0000] {logging_mixin.py:188} INFO - [2024-07-23T02:23:52.584+0000] {dag.py:3089} INFO - Sync 1 DAGs
[2024-07-23T02:23:52.681+0000] {logging_mixin.py:188} INFO - [2024-07-23T02:23:52.680+0000] {dag.py:3947} INFO - Setting next_dagrun for example_task_group to 2024-07-22 00:00:00+00:00, run_after=2024-07-23 00:00:00+00:00
[2024-07-23T02:23:52.754+0000] {processor.py:183} INFO - Processing /home/airflow/.local/lib/python3.12/site-packages/airflow/example_dags/example_task_group.py took 0.353 seconds
[2024-07-23T02:24:23.528+0000] {processor.py:161} INFO - Started process (PID=3095) to work on /home/airflow/.local/lib/python3.12/site-packages/airflow/example_dags/example_task_group.py
[2024-07-23T02:24:23.531+0000] {processor.py:830} INFO - Processing file /home/airflow/.local/lib/python3.12/site-packages/airflow/example_dags/example_task_group.py for tasks to queue
[2024-07-23T02:24:23.538+0000] {logging_mixin.py:188} INFO - [2024-07-23T02:24:23.537+0000] {dagbag.py:545} INFO - Filling up the DagBag from /home/airflow/.local/lib/python3.12/site-packages/airflow/example_dags/example_task_group.py
[2024-07-23T02:24:23.567+0000] {processor.py:840} INFO - DAG(s) 'example_task_group' retrieved from /home/airflow/.local/lib/python3.12/site-packages/airflow/example_dags/example_task_group.py
[2024-07-23T02:24:23.652+0000] {logging_mixin.py:188} INFO - [2024-07-23T02:24:23.651+0000] {dag.py:3089} INFO - Sync 1 DAGs
[2024-07-23T02:24:23.739+0000] {logging_mixin.py:188} INFO - [2024-07-23T02:24:23.738+0000] {dag.py:3947} INFO - Setting next_dagrun for example_task_group to 2024-07-22 00:00:00+00:00, run_after=2024-07-23 00:00:00+00:00
[2024-07-23T02:24:23.820+0000] {processor.py:183} INFO - Processing /home/airflow/.local/lib/python3.12/site-packages/airflow/example_dags/example_task_group.py took 0.317 seconds
[2024-07-23T02:24:54.451+0000] {processor.py:161} INFO - Started process (PID=3154) to work on /home/airflow/.local/lib/python3.12/site-packages/airflow/example_dags/example_task_group.py
[2024-07-23T02:24:54.454+0000] {processor.py:830} INFO - Processing file /home/airflow/.local/lib/python3.12/site-packages/airflow/example_dags/example_task_group.py for tasks to queue
[2024-07-23T02:24:54.460+0000] {logging_mixin.py:188} INFO - [2024-07-23T02:24:54.459+0000] {dagbag.py:545} INFO - Filling up the DagBag from /home/airflow/.local/lib/python3.12/site-packages/airflow/example_dags/example_task_group.py
[2024-07-23T02:24:54.487+0000] {processor.py:840} INFO - DAG(s) 'example_task_group' retrieved from /home/airflow/.local/lib/python3.12/site-packages/airflow/example_dags/example_task_group.py
[2024-07-23T02:24:54.573+0000] {logging_mixin.py:188} INFO - [2024-07-23T02:24:54.572+0000] {dag.py:3089} INFO - Sync 1 DAGs
[2024-07-23T02:24:54.658+0000] {logging_mixin.py:188} INFO - [2024-07-23T02:24:54.657+0000] {dag.py:3947} INFO - Setting next_dagrun for example_task_group to 2024-07-22 00:00:00+00:00, run_after=2024-07-23 00:00:00+00:00
[2024-07-23T02:24:54.727+0000] {processor.py:183} INFO - Processing /home/airflow/.local/lib/python3.12/site-packages/airflow/example_dags/example_task_group.py took 0.300 seconds
[2024-07-23T02:25:25.182+0000] {processor.py:161} INFO - Started process (PID=3212) to work on /home/airflow/.local/lib/python3.12/site-packages/airflow/example_dags/example_task_group.py
[2024-07-23T02:25:25.183+0000] {processor.py:830} INFO - Processing file /home/airflow/.local/lib/python3.12/site-packages/airflow/example_dags/example_task_group.py for tasks to queue
[2024-07-23T02:25:25.185+0000] {logging_mixin.py:188} INFO - [2024-07-23T02:25:25.185+0000] {dagbag.py:545} INFO - Filling up the DagBag from /home/airflow/.local/lib/python3.12/site-packages/airflow/example_dags/example_task_group.py
[2024-07-23T02:25:25.194+0000] {processor.py:840} INFO - DAG(s) 'example_task_group' retrieved from /home/airflow/.local/lib/python3.12/site-packages/airflow/example_dags/example_task_group.py
[2024-07-23T02:25:25.229+0000] {logging_mixin.py:188} INFO - [2024-07-23T02:25:25.229+0000] {dag.py:3089} INFO - Sync 1 DAGs
[2024-07-23T02:25:25.262+0000] {logging_mixin.py:188} INFO - [2024-07-23T02:25:25.262+0000] {dag.py:3947} INFO - Setting next_dagrun for example_task_group to 2024-07-22 00:00:00+00:00, run_after=2024-07-23 00:00:00+00:00
[2024-07-23T02:25:25.288+0000] {processor.py:183} INFO - Processing /home/airflow/.local/lib/python3.12/site-packages/airflow/example_dags/example_task_group.py took 0.114 seconds
[2024-07-23T02:25:55.404+0000] {processor.py:161} INFO - Started process (PID=3271) to work on /home/airflow/.local/lib/python3.12/site-packages/airflow/example_dags/example_task_group.py
[2024-07-23T02:25:55.405+0000] {processor.py:830} INFO - Processing file /home/airflow/.local/lib/python3.12/site-packages/airflow/example_dags/example_task_group.py for tasks to queue
[2024-07-23T02:25:55.407+0000] {logging_mixin.py:188} INFO - [2024-07-23T02:25:55.406+0000] {dagbag.py:545} INFO - Filling up the DagBag from /home/airflow/.local/lib/python3.12/site-packages/airflow/example_dags/example_task_group.py
[2024-07-23T02:25:55.415+0000] {processor.py:840} INFO - DAG(s) 'example_task_group' retrieved from /home/airflow/.local/lib/python3.12/site-packages/airflow/example_dags/example_task_group.py
[2024-07-23T02:25:55.440+0000] {logging_mixin.py:188} INFO - [2024-07-23T02:25:55.440+0000] {dag.py:3089} INFO - Sync 1 DAGs
[2024-07-23T02:25:55.466+0000] {logging_mixin.py:188} INFO - [2024-07-23T02:25:55.465+0000] {dag.py:3947} INFO - Setting next_dagrun for example_task_group to 2024-07-22 00:00:00+00:00, run_after=2024-07-23 00:00:00+00:00
[2024-07-23T02:25:55.490+0000] {processor.py:183} INFO - Processing /home/airflow/.local/lib/python3.12/site-packages/airflow/example_dags/example_task_group.py took 0.093 seconds
[2024-07-23T02:26:25.992+0000] {processor.py:161} INFO - Started process (PID=3330) to work on /home/airflow/.local/lib/python3.12/site-packages/airflow/example_dags/example_task_group.py
[2024-07-23T02:26:25.992+0000] {processor.py:830} INFO - Processing file /home/airflow/.local/lib/python3.12/site-packages/airflow/example_dags/example_task_group.py for tasks to queue
[2024-07-23T02:26:25.994+0000] {logging_mixin.py:188} INFO - [2024-07-23T02:26:25.994+0000] {dagbag.py:545} INFO - Filling up the DagBag from /home/airflow/.local/lib/python3.12/site-packages/airflow/example_dags/example_task_group.py
[2024-07-23T02:26:26.002+0000] {processor.py:840} INFO - DAG(s) 'example_task_group' retrieved from /home/airflow/.local/lib/python3.12/site-packages/airflow/example_dags/example_task_group.py
[2024-07-23T02:26:26.028+0000] {logging_mixin.py:188} INFO - [2024-07-23T02:26:26.027+0000] {dag.py:3089} INFO - Sync 1 DAGs
[2024-07-23T02:26:26.059+0000] {logging_mixin.py:188} INFO - [2024-07-23T02:26:26.059+0000] {dag.py:3947} INFO - Setting next_dagrun for example_task_group to 2024-07-22 00:00:00+00:00, run_after=2024-07-23 00:00:00+00:00
[2024-07-23T02:26:26.086+0000] {processor.py:183} INFO - Processing /home/airflow/.local/lib/python3.12/site-packages/airflow/example_dags/example_task_group.py took 0.101 seconds
[2024-07-23T02:26:57.141+0000] {processor.py:161} INFO - Started process (PID=3389) to work on /home/airflow/.local/lib/python3.12/site-packages/airflow/example_dags/example_task_group.py
[2024-07-23T02:26:57.145+0000] {processor.py:830} INFO - Processing file /home/airflow/.local/lib/python3.12/site-packages/airflow/example_dags/example_task_group.py for tasks to queue
[2024-07-23T02:26:57.154+0000] {logging_mixin.py:188} INFO - [2024-07-23T02:26:57.152+0000] {dagbag.py:545} INFO - Filling up the DagBag from /home/airflow/.local/lib/python3.12/site-packages/airflow/example_dags/example_task_group.py
[2024-07-23T02:26:57.197+0000] {processor.py:840} INFO - DAG(s) 'example_task_group' retrieved from /home/airflow/.local/lib/python3.12/site-packages/airflow/example_dags/example_task_group.py
[2024-07-23T02:26:57.288+0000] {logging_mixin.py:188} INFO - [2024-07-23T02:26:57.287+0000] {dag.py:3089} INFO - Sync 1 DAGs
[2024-07-23T02:26:57.373+0000] {logging_mixin.py:188} INFO - [2024-07-23T02:26:57.372+0000] {dag.py:3947} INFO - Setting next_dagrun for example_task_group to 2024-07-22 00:00:00+00:00, run_after=2024-07-23 00:00:00+00:00
[2024-07-23T02:26:57.441+0000] {processor.py:183} INFO - Processing /home/airflow/.local/lib/python3.12/site-packages/airflow/example_dags/example_task_group.py took 0.327 seconds
[2024-07-23T02:27:27.900+0000] {processor.py:161} INFO - Started process (PID=3446) to work on /home/airflow/.local/lib/python3.12/site-packages/airflow/example_dags/example_task_group.py
[2024-07-23T02:27:27.901+0000] {processor.py:830} INFO - Processing file /home/airflow/.local/lib/python3.12/site-packages/airflow/example_dags/example_task_group.py for tasks to queue
[2024-07-23T02:27:27.903+0000] {logging_mixin.py:188} INFO - [2024-07-23T02:27:27.903+0000] {dagbag.py:545} INFO - Filling up the DagBag from /home/airflow/.local/lib/python3.12/site-packages/airflow/example_dags/example_task_group.py
[2024-07-23T02:27:27.911+0000] {processor.py:840} INFO - DAG(s) 'example_task_group' retrieved from /home/airflow/.local/lib/python3.12/site-packages/airflow/example_dags/example_task_group.py
[2024-07-23T02:27:27.934+0000] {logging_mixin.py:188} INFO - [2024-07-23T02:27:27.934+0000] {dag.py:3089} INFO - Sync 1 DAGs
[2024-07-23T02:27:27.960+0000] {logging_mixin.py:188} INFO - [2024-07-23T02:27:27.960+0000] {dag.py:3947} INFO - Setting next_dagrun for example_task_group to 2024-07-22 00:00:00+00:00, run_after=2024-07-23 00:00:00+00:00
[2024-07-23T02:27:27.979+0000] {processor.py:183} INFO - Processing /home/airflow/.local/lib/python3.12/site-packages/airflow/example_dags/example_task_group.py took 0.086 seconds
[2024-07-23T02:27:58.304+0000] {processor.py:161} INFO - Started process (PID=3505) to work on /home/airflow/.local/lib/python3.12/site-packages/airflow/example_dags/example_task_group.py
[2024-07-23T02:27:58.311+0000] {processor.py:830} INFO - Processing file /home/airflow/.local/lib/python3.12/site-packages/airflow/example_dags/example_task_group.py for tasks to queue
[2024-07-23T02:27:58.314+0000] {logging_mixin.py:188} INFO - [2024-07-23T02:27:58.313+0000] {dagbag.py:545} INFO - Filling up the DagBag from /home/airflow/.local/lib/python3.12/site-packages/airflow/example_dags/example_task_group.py
[2024-07-23T02:27:58.324+0000] {processor.py:840} INFO - DAG(s) 'example_task_group' retrieved from /home/airflow/.local/lib/python3.12/site-packages/airflow/example_dags/example_task_group.py
[2024-07-23T02:27:58.351+0000] {logging_mixin.py:188} INFO - [2024-07-23T02:27:58.351+0000] {dag.py:3089} INFO - Sync 1 DAGs
[2024-07-23T02:27:58.378+0000] {logging_mixin.py:188} INFO - [2024-07-23T02:27:58.378+0000] {dag.py:3947} INFO - Setting next_dagrun for example_task_group to 2024-07-22 00:00:00+00:00, run_after=2024-07-23 00:00:00+00:00
[2024-07-23T02:27:58.403+0000] {processor.py:183} INFO - Processing /home/airflow/.local/lib/python3.12/site-packages/airflow/example_dags/example_task_group.py took 0.107 seconds
