[2024-07-23T01:58:18.205+0000] {processor.py:161} INFO - Started process (PID=59) to work on /home/airflow/.local/lib/python3.12/site-packages/airflow/example_dags/example_branch_operator_decorator.py
[2024-07-23T01:58:18.206+0000] {processor.py:830} INFO - Processing file /home/airflow/.local/lib/python3.12/site-packages/airflow/example_dags/example_branch_operator_decorator.py for tasks to queue
[2024-07-23T01:58:18.208+0000] {logging_mixin.py:188} INFO - [2024-07-23T01:58:18.208+0000] {dagbag.py:545} INFO - Filling up the DagBag from /home/airflow/.local/lib/python3.12/site-packages/airflow/example_dags/example_branch_operator_decorator.py
[2024-07-23T01:58:18.247+0000] {processor.py:840} INFO - DAG(s) 'example_branch_python_operator_decorator' retrieved from /home/airflow/.local/lib/python3.12/site-packages/airflow/example_dags/example_branch_operator_decorator.py
[2024-07-23T01:58:18.422+0000] {logging_mixin.py:188} INFO - [2024-07-23T01:58:18.422+0000] {dag.py:3089} INFO - Sync 1 DAGs
[2024-07-23T01:58:18.446+0000] {logging_mixin.py:188} INFO - [2024-07-23T01:58:18.446+0000] {dag.py:3947} INFO - Setting next_dagrun for example_branch_python_operator_decorator to 2024-07-22 00:00:00+00:00, run_after=2024-07-23 00:00:00+00:00
[2024-07-23T01:58:18.474+0000] {processor.py:183} INFO - Processing /home/airflow/.local/lib/python3.12/site-packages/airflow/example_dags/example_branch_operator_decorator.py took 0.278 seconds
[2024-07-23T01:58:49.383+0000] {processor.py:161} INFO - Started process (PID=117) to work on /home/airflow/.local/lib/python3.12/site-packages/airflow/example_dags/example_branch_operator_decorator.py
[2024-07-23T01:58:49.384+0000] {processor.py:830} INFO - Processing file /home/airflow/.local/lib/python3.12/site-packages/airflow/example_dags/example_branch_operator_decorator.py for tasks to queue
[2024-07-23T01:58:49.387+0000] {logging_mixin.py:188} INFO - [2024-07-23T01:58:49.387+0000] {dagbag.py:545} INFO - Filling up the DagBag from /home/airflow/.local/lib/python3.12/site-packages/airflow/example_dags/example_branch_operator_decorator.py
[2024-07-23T01:58:49.414+0000] {processor.py:840} INFO - DAG(s) 'example_branch_python_operator_decorator' retrieved from /home/airflow/.local/lib/python3.12/site-packages/airflow/example_dags/example_branch_operator_decorator.py
[2024-07-23T01:58:49.460+0000] {logging_mixin.py:188} INFO - [2024-07-23T01:58:49.460+0000] {dag.py:3089} INFO - Sync 1 DAGs
[2024-07-23T01:58:49.494+0000] {logging_mixin.py:188} INFO - [2024-07-23T01:58:49.494+0000] {dag.py:3947} INFO - Setting next_dagrun for example_branch_python_operator_decorator to 2024-07-22 00:00:00+00:00, run_after=2024-07-23 00:00:00+00:00
[2024-07-23T01:58:49.515+0000] {processor.py:183} INFO - Processing /home/airflow/.local/lib/python3.12/site-packages/airflow/example_dags/example_branch_operator_decorator.py took 0.140 seconds
[2024-07-23T01:59:19.588+0000] {processor.py:161} INFO - Started process (PID=175) to work on /home/airflow/.local/lib/python3.12/site-packages/airflow/example_dags/example_branch_operator_decorator.py
[2024-07-23T01:59:19.589+0000] {processor.py:830} INFO - Processing file /home/airflow/.local/lib/python3.12/site-packages/airflow/example_dags/example_branch_operator_decorator.py for tasks to queue
[2024-07-23T01:59:19.592+0000] {logging_mixin.py:188} INFO - [2024-07-23T01:59:19.592+0000] {dagbag.py:545} INFO - Filling up the DagBag from /home/airflow/.local/lib/python3.12/site-packages/airflow/example_dags/example_branch_operator_decorator.py
[2024-07-23T01:59:19.630+0000] {processor.py:840} INFO - DAG(s) 'example_branch_python_operator_decorator' retrieved from /home/airflow/.local/lib/python3.12/site-packages/airflow/example_dags/example_branch_operator_decorator.py
[2024-07-23T01:59:19.678+0000] {logging_mixin.py:188} INFO - [2024-07-23T01:59:19.678+0000] {dag.py:3089} INFO - Sync 1 DAGs
[2024-07-23T01:59:19.713+0000] {logging_mixin.py:188} INFO - [2024-07-23T01:59:19.713+0000] {dag.py:3947} INFO - Setting next_dagrun for example_branch_python_operator_decorator to 2024-07-22 00:00:00+00:00, run_after=2024-07-23 00:00:00+00:00
[2024-07-23T01:59:19.736+0000] {processor.py:183} INFO - Processing /home/airflow/.local/lib/python3.12/site-packages/airflow/example_dags/example_branch_operator_decorator.py took 0.160 seconds
[2024-07-23T01:59:49.877+0000] {processor.py:161} INFO - Started process (PID=232) to work on /home/airflow/.local/lib/python3.12/site-packages/airflow/example_dags/example_branch_operator_decorator.py
[2024-07-23T01:59:49.878+0000] {processor.py:830} INFO - Processing file /home/airflow/.local/lib/python3.12/site-packages/airflow/example_dags/example_branch_operator_decorator.py for tasks to queue
[2024-07-23T01:59:49.880+0000] {logging_mixin.py:188} INFO - [2024-07-23T01:59:49.880+0000] {dagbag.py:545} INFO - Filling up the DagBag from /home/airflow/.local/lib/python3.12/site-packages/airflow/example_dags/example_branch_operator_decorator.py
[2024-07-23T01:59:49.906+0000] {processor.py:840} INFO - DAG(s) 'example_branch_python_operator_decorator' retrieved from /home/airflow/.local/lib/python3.12/site-packages/airflow/example_dags/example_branch_operator_decorator.py
[2024-07-23T01:59:49.943+0000] {logging_mixin.py:188} INFO - [2024-07-23T01:59:49.942+0000] {dag.py:3089} INFO - Sync 1 DAGs
[2024-07-23T01:59:49.975+0000] {logging_mixin.py:188} INFO - [2024-07-23T01:59:49.975+0000] {dag.py:3947} INFO - Setting next_dagrun for example_branch_python_operator_decorator to 2024-07-22 00:00:00+00:00, run_after=2024-07-23 00:00:00+00:00
[2024-07-23T01:59:50.001+0000] {processor.py:183} INFO - Processing /home/airflow/.local/lib/python3.12/site-packages/airflow/example_dags/example_branch_operator_decorator.py took 0.132 seconds
[2024-07-23T02:00:20.468+0000] {processor.py:161} INFO - Started process (PID=296) to work on /home/airflow/.local/lib/python3.12/site-packages/airflow/example_dags/example_branch_operator_decorator.py
[2024-07-23T02:00:20.469+0000] {processor.py:830} INFO - Processing file /home/airflow/.local/lib/python3.12/site-packages/airflow/example_dags/example_branch_operator_decorator.py for tasks to queue
[2024-07-23T02:00:20.470+0000] {logging_mixin.py:188} INFO - [2024-07-23T02:00:20.470+0000] {dagbag.py:545} INFO - Filling up the DagBag from /home/airflow/.local/lib/python3.12/site-packages/airflow/example_dags/example_branch_operator_decorator.py
[2024-07-23T02:00:20.493+0000] {processor.py:840} INFO - DAG(s) 'example_branch_python_operator_decorator' retrieved from /home/airflow/.local/lib/python3.12/site-packages/airflow/example_dags/example_branch_operator_decorator.py
[2024-07-23T02:00:20.524+0000] {logging_mixin.py:188} INFO - [2024-07-23T02:00:20.523+0000] {dag.py:3089} INFO - Sync 1 DAGs
[2024-07-23T02:00:20.550+0000] {logging_mixin.py:188} INFO - [2024-07-23T02:00:20.550+0000] {dag.py:3947} INFO - Setting next_dagrun for example_branch_python_operator_decorator to 2024-07-22 00:00:00+00:00, run_after=2024-07-23 00:00:00+00:00
[2024-07-23T02:00:20.574+0000] {processor.py:183} INFO - Processing /home/airflow/.local/lib/python3.12/site-packages/airflow/example_dags/example_branch_operator_decorator.py took 0.113 seconds
[2024-07-23T02:00:50.794+0000] {processor.py:161} INFO - Started process (PID=353) to work on /home/airflow/.local/lib/python3.12/site-packages/airflow/example_dags/example_branch_operator_decorator.py
[2024-07-23T02:00:50.796+0000] {processor.py:830} INFO - Processing file /home/airflow/.local/lib/python3.12/site-packages/airflow/example_dags/example_branch_operator_decorator.py for tasks to queue
[2024-07-23T02:00:50.798+0000] {logging_mixin.py:188} INFO - [2024-07-23T02:00:50.797+0000] {dagbag.py:545} INFO - Filling up the DagBag from /home/airflow/.local/lib/python3.12/site-packages/airflow/example_dags/example_branch_operator_decorator.py
[2024-07-23T02:00:50.820+0000] {processor.py:840} INFO - DAG(s) 'example_branch_python_operator_decorator' retrieved from /home/airflow/.local/lib/python3.12/site-packages/airflow/example_dags/example_branch_operator_decorator.py
[2024-07-23T02:00:50.852+0000] {logging_mixin.py:188} INFO - [2024-07-23T02:00:50.851+0000] {dag.py:3089} INFO - Sync 1 DAGs
[2024-07-23T02:00:50.878+0000] {logging_mixin.py:188} INFO - [2024-07-23T02:00:50.877+0000] {dag.py:3947} INFO - Setting next_dagrun for example_branch_python_operator_decorator to 2024-07-22 00:00:00+00:00, run_after=2024-07-23 00:00:00+00:00
[2024-07-23T02:00:50.901+0000] {processor.py:183} INFO - Processing /home/airflow/.local/lib/python3.12/site-packages/airflow/example_dags/example_branch_operator_decorator.py took 0.113 seconds
[2024-07-23T02:01:21.148+0000] {processor.py:161} INFO - Started process (PID=410) to work on /home/airflow/.local/lib/python3.12/site-packages/airflow/example_dags/example_branch_operator_decorator.py
[2024-07-23T02:01:21.148+0000] {processor.py:830} INFO - Processing file /home/airflow/.local/lib/python3.12/site-packages/airflow/example_dags/example_branch_operator_decorator.py for tasks to queue
[2024-07-23T02:01:21.150+0000] {logging_mixin.py:188} INFO - [2024-07-23T02:01:21.150+0000] {dagbag.py:545} INFO - Filling up the DagBag from /home/airflow/.local/lib/python3.12/site-packages/airflow/example_dags/example_branch_operator_decorator.py
[2024-07-23T02:01:21.172+0000] {processor.py:840} INFO - DAG(s) 'example_branch_python_operator_decorator' retrieved from /home/airflow/.local/lib/python3.12/site-packages/airflow/example_dags/example_branch_operator_decorator.py
[2024-07-23T02:01:21.204+0000] {logging_mixin.py:188} INFO - [2024-07-23T02:01:21.204+0000] {dag.py:3089} INFO - Sync 1 DAGs
[2024-07-23T02:01:21.228+0000] {logging_mixin.py:188} INFO - [2024-07-23T02:01:21.227+0000] {dag.py:3947} INFO - Setting next_dagrun for example_branch_python_operator_decorator to 2024-07-22 00:00:00+00:00, run_after=2024-07-23 00:00:00+00:00
[2024-07-23T02:01:21.248+0000] {processor.py:183} INFO - Processing /home/airflow/.local/lib/python3.12/site-packages/airflow/example_dags/example_branch_operator_decorator.py took 0.106 seconds
[2024-07-23T02:01:51.778+0000] {processor.py:161} INFO - Started process (PID=467) to work on /home/airflow/.local/lib/python3.12/site-packages/airflow/example_dags/example_branch_operator_decorator.py
[2024-07-23T02:01:51.779+0000] {processor.py:830} INFO - Processing file /home/airflow/.local/lib/python3.12/site-packages/airflow/example_dags/example_branch_operator_decorator.py for tasks to queue
[2024-07-23T02:01:51.781+0000] {logging_mixin.py:188} INFO - [2024-07-23T02:01:51.781+0000] {dagbag.py:545} INFO - Filling up the DagBag from /home/airflow/.local/lib/python3.12/site-packages/airflow/example_dags/example_branch_operator_decorator.py
[2024-07-23T02:01:51.806+0000] {processor.py:840} INFO - DAG(s) 'example_branch_python_operator_decorator' retrieved from /home/airflow/.local/lib/python3.12/site-packages/airflow/example_dags/example_branch_operator_decorator.py
[2024-07-23T02:01:51.837+0000] {logging_mixin.py:188} INFO - [2024-07-23T02:01:51.837+0000] {dag.py:3089} INFO - Sync 1 DAGs
[2024-07-23T02:01:51.860+0000] {logging_mixin.py:188} INFO - [2024-07-23T02:01:51.859+0000] {dag.py:3947} INFO - Setting next_dagrun for example_branch_python_operator_decorator to 2024-07-22 00:00:00+00:00, run_after=2024-07-23 00:00:00+00:00
[2024-07-23T02:01:51.879+0000] {processor.py:183} INFO - Processing /home/airflow/.local/lib/python3.12/site-packages/airflow/example_dags/example_branch_operator_decorator.py took 0.108 seconds
[2024-07-23T02:02:21.916+0000] {processor.py:161} INFO - Started process (PID=526) to work on /home/airflow/.local/lib/python3.12/site-packages/airflow/example_dags/example_branch_operator_decorator.py
[2024-07-23T02:02:21.917+0000] {processor.py:830} INFO - Processing file /home/airflow/.local/lib/python3.12/site-packages/airflow/example_dags/example_branch_operator_decorator.py for tasks to queue
[2024-07-23T02:02:21.920+0000] {logging_mixin.py:188} INFO - [2024-07-23T02:02:21.919+0000] {dagbag.py:545} INFO - Filling up the DagBag from /home/airflow/.local/lib/python3.12/site-packages/airflow/example_dags/example_branch_operator_decorator.py
[2024-07-23T02:02:21.943+0000] {processor.py:840} INFO - DAG(s) 'example_branch_python_operator_decorator' retrieved from /home/airflow/.local/lib/python3.12/site-packages/airflow/example_dags/example_branch_operator_decorator.py
[2024-07-23T02:02:21.976+0000] {logging_mixin.py:188} INFO - [2024-07-23T02:02:21.975+0000] {dag.py:3089} INFO - Sync 1 DAGs
[2024-07-23T02:02:22.002+0000] {logging_mixin.py:188} INFO - [2024-07-23T02:02:22.002+0000] {dag.py:3947} INFO - Setting next_dagrun for example_branch_python_operator_decorator to 2024-07-22 00:00:00+00:00, run_after=2024-07-23 00:00:00+00:00
[2024-07-23T02:02:22.029+0000] {processor.py:183} INFO - Processing /home/airflow/.local/lib/python3.12/site-packages/airflow/example_dags/example_branch_operator_decorator.py took 0.119 seconds
[2024-07-23T02:02:52.148+0000] {processor.py:161} INFO - Started process (PID=585) to work on /home/airflow/.local/lib/python3.12/site-packages/airflow/example_dags/example_branch_operator_decorator.py
[2024-07-23T02:02:52.149+0000] {processor.py:830} INFO - Processing file /home/airflow/.local/lib/python3.12/site-packages/airflow/example_dags/example_branch_operator_decorator.py for tasks to queue
[2024-07-23T02:02:52.153+0000] {logging_mixin.py:188} INFO - [2024-07-23T02:02:52.152+0000] {dagbag.py:545} INFO - Filling up the DagBag from /home/airflow/.local/lib/python3.12/site-packages/airflow/example_dags/example_branch_operator_decorator.py
[2024-07-23T02:02:52.194+0000] {processor.py:840} INFO - DAG(s) 'example_branch_python_operator_decorator' retrieved from /home/airflow/.local/lib/python3.12/site-packages/airflow/example_dags/example_branch_operator_decorator.py
[2024-07-23T02:02:52.263+0000] {logging_mixin.py:188} INFO - [2024-07-23T02:02:52.262+0000] {dag.py:3089} INFO - Sync 1 DAGs
[2024-07-23T02:02:52.304+0000] {logging_mixin.py:188} INFO - [2024-07-23T02:02:52.304+0000] {dag.py:3947} INFO - Setting next_dagrun for example_branch_python_operator_decorator to 2024-07-22 00:00:00+00:00, run_after=2024-07-23 00:00:00+00:00
[2024-07-23T02:02:52.344+0000] {processor.py:183} INFO - Processing /home/airflow/.local/lib/python3.12/site-packages/airflow/example_dags/example_branch_operator_decorator.py took 0.208 seconds
[2024-07-23T02:03:23.102+0000] {processor.py:161} INFO - Started process (PID=645) to work on /home/airflow/.local/lib/python3.12/site-packages/airflow/example_dags/example_branch_operator_decorator.py
[2024-07-23T02:03:23.104+0000] {processor.py:830} INFO - Processing file /home/airflow/.local/lib/python3.12/site-packages/airflow/example_dags/example_branch_operator_decorator.py for tasks to queue
[2024-07-23T02:03:23.106+0000] {logging_mixin.py:188} INFO - [2024-07-23T02:03:23.106+0000] {dagbag.py:545} INFO - Filling up the DagBag from /home/airflow/.local/lib/python3.12/site-packages/airflow/example_dags/example_branch_operator_decorator.py
[2024-07-23T02:03:23.141+0000] {processor.py:840} INFO - DAG(s) 'example_branch_python_operator_decorator' retrieved from /home/airflow/.local/lib/python3.12/site-packages/airflow/example_dags/example_branch_operator_decorator.py
[2024-07-23T02:03:23.215+0000] {logging_mixin.py:188} INFO - [2024-07-23T02:03:23.215+0000] {dag.py:3089} INFO - Sync 1 DAGs
[2024-07-23T02:03:23.268+0000] {logging_mixin.py:188} INFO - [2024-07-23T02:03:23.268+0000] {dag.py:3947} INFO - Setting next_dagrun for example_branch_python_operator_decorator to 2024-07-22 00:00:00+00:00, run_after=2024-07-23 00:00:00+00:00
[2024-07-23T02:03:23.312+0000] {processor.py:183} INFO - Processing /home/airflow/.local/lib/python3.12/site-packages/airflow/example_dags/example_branch_operator_decorator.py took 0.219 seconds
[2024-07-23T02:03:54.212+0000] {processor.py:161} INFO - Started process (PID=704) to work on /home/airflow/.local/lib/python3.12/site-packages/airflow/example_dags/example_branch_operator_decorator.py
[2024-07-23T02:03:54.214+0000] {processor.py:830} INFO - Processing file /home/airflow/.local/lib/python3.12/site-packages/airflow/example_dags/example_branch_operator_decorator.py for tasks to queue
[2024-07-23T02:03:54.220+0000] {logging_mixin.py:188} INFO - [2024-07-23T02:03:54.219+0000] {dagbag.py:545} INFO - Filling up the DagBag from /home/airflow/.local/lib/python3.12/site-packages/airflow/example_dags/example_branch_operator_decorator.py
[2024-07-23T02:03:54.293+0000] {processor.py:840} INFO - DAG(s) 'example_branch_python_operator_decorator' retrieved from /home/airflow/.local/lib/python3.12/site-packages/airflow/example_dags/example_branch_operator_decorator.py
[2024-07-23T02:03:54.397+0000] {logging_mixin.py:188} INFO - [2024-07-23T02:03:54.397+0000] {dag.py:3089} INFO - Sync 1 DAGs
[2024-07-23T02:03:54.493+0000] {logging_mixin.py:188} INFO - [2024-07-23T02:03:54.492+0000] {dag.py:3947} INFO - Setting next_dagrun for example_branch_python_operator_decorator to 2024-07-22 00:00:00+00:00, run_after=2024-07-23 00:00:00+00:00
[2024-07-23T02:03:54.556+0000] {processor.py:183} INFO - Processing /home/airflow/.local/lib/python3.12/site-packages/airflow/example_dags/example_branch_operator_decorator.py took 0.363 seconds
[2024-07-23T02:04:25.234+0000] {processor.py:161} INFO - Started process (PID=763) to work on /home/airflow/.local/lib/python3.12/site-packages/airflow/example_dags/example_branch_operator_decorator.py
[2024-07-23T02:04:25.239+0000] {processor.py:830} INFO - Processing file /home/airflow/.local/lib/python3.12/site-packages/airflow/example_dags/example_branch_operator_decorator.py for tasks to queue
[2024-07-23T02:04:25.252+0000] {logging_mixin.py:188} INFO - [2024-07-23T02:04:25.249+0000] {dagbag.py:545} INFO - Filling up the DagBag from /home/airflow/.local/lib/python3.12/site-packages/airflow/example_dags/example_branch_operator_decorator.py
[2024-07-23T02:04:25.423+0000] {processor.py:840} INFO - DAG(s) 'example_branch_python_operator_decorator' retrieved from /home/airflow/.local/lib/python3.12/site-packages/airflow/example_dags/example_branch_operator_decorator.py
[2024-07-23T02:04:25.596+0000] {logging_mixin.py:188} INFO - [2024-07-23T02:04:25.595+0000] {dag.py:3089} INFO - Sync 1 DAGs
[2024-07-23T02:04:25.705+0000] {logging_mixin.py:188} INFO - [2024-07-23T02:04:25.704+0000] {dag.py:3947} INFO - Setting next_dagrun for example_branch_python_operator_decorator to 2024-07-22 00:00:00+00:00, run_after=2024-07-23 00:00:00+00:00
[2024-07-23T02:04:25.806+0000] {processor.py:183} INFO - Processing /home/airflow/.local/lib/python3.12/site-packages/airflow/example_dags/example_branch_operator_decorator.py took 0.616 seconds
[2024-07-23T02:04:56.637+0000] {processor.py:161} INFO - Started process (PID=822) to work on /home/airflow/.local/lib/python3.12/site-packages/airflow/example_dags/example_branch_operator_decorator.py
[2024-07-23T02:04:56.642+0000] {processor.py:830} INFO - Processing file /home/airflow/.local/lib/python3.12/site-packages/airflow/example_dags/example_branch_operator_decorator.py for tasks to queue
[2024-07-23T02:04:56.650+0000] {logging_mixin.py:188} INFO - [2024-07-23T02:04:56.648+0000] {dagbag.py:545} INFO - Filling up the DagBag from /home/airflow/.local/lib/python3.12/site-packages/airflow/example_dags/example_branch_operator_decorator.py
[2024-07-23T02:04:56.744+0000] {processor.py:840} INFO - DAG(s) 'example_branch_python_operator_decorator' retrieved from /home/airflow/.local/lib/python3.12/site-packages/airflow/example_dags/example_branch_operator_decorator.py
[2024-07-23T02:04:56.859+0000] {logging_mixin.py:188} INFO - [2024-07-23T02:04:56.858+0000] {dag.py:3089} INFO - Sync 1 DAGs
[2024-07-23T02:04:56.963+0000] {logging_mixin.py:188} INFO - [2024-07-23T02:04:56.962+0000] {dag.py:3947} INFO - Setting next_dagrun for example_branch_python_operator_decorator to 2024-07-22 00:00:00+00:00, run_after=2024-07-23 00:00:00+00:00
[2024-07-23T02:04:57.084+0000] {processor.py:183} INFO - Processing /home/airflow/.local/lib/python3.12/site-packages/airflow/example_dags/example_branch_operator_decorator.py took 0.474 seconds
[2024-07-23T02:05:27.406+0000] {processor.py:161} INFO - Started process (PID=881) to work on /home/airflow/.local/lib/python3.12/site-packages/airflow/example_dags/example_branch_operator_decorator.py
[2024-07-23T02:05:27.412+0000] {processor.py:830} INFO - Processing file /home/airflow/.local/lib/python3.12/site-packages/airflow/example_dags/example_branch_operator_decorator.py for tasks to queue
[2024-07-23T02:05:27.424+0000] {logging_mixin.py:188} INFO - [2024-07-23T02:05:27.421+0000] {dagbag.py:545} INFO - Filling up the DagBag from /home/airflow/.local/lib/python3.12/site-packages/airflow/example_dags/example_branch_operator_decorator.py
[2024-07-23T02:05:27.629+0000] {processor.py:840} INFO - DAG(s) 'example_branch_python_operator_decorator' retrieved from /home/airflow/.local/lib/python3.12/site-packages/airflow/example_dags/example_branch_operator_decorator.py
[2024-07-23T02:05:27.891+0000] {logging_mixin.py:188} INFO - [2024-07-23T02:05:27.890+0000] {dag.py:3089} INFO - Sync 1 DAGs
[2024-07-23T02:05:28.024+0000] {logging_mixin.py:188} INFO - [2024-07-23T02:05:28.022+0000] {dag.py:3947} INFO - Setting next_dagrun for example_branch_python_operator_decorator to 2024-07-22 00:00:00+00:00, run_after=2024-07-23 00:00:00+00:00
[2024-07-23T02:05:28.229+0000] {processor.py:183} INFO - Processing /home/airflow/.local/lib/python3.12/site-packages/airflow/example_dags/example_branch_operator_decorator.py took 0.866 seconds
[2024-07-23T02:05:59.084+0000] {processor.py:161} INFO - Started process (PID=940) to work on /home/airflow/.local/lib/python3.12/site-packages/airflow/example_dags/example_branch_operator_decorator.py
[2024-07-23T02:05:59.085+0000] {processor.py:830} INFO - Processing file /home/airflow/.local/lib/python3.12/site-packages/airflow/example_dags/example_branch_operator_decorator.py for tasks to queue
[2024-07-23T02:05:59.087+0000] {logging_mixin.py:188} INFO - [2024-07-23T02:05:59.087+0000] {dagbag.py:545} INFO - Filling up the DagBag from /home/airflow/.local/lib/python3.12/site-packages/airflow/example_dags/example_branch_operator_decorator.py
[2024-07-23T02:05:59.120+0000] {processor.py:840} INFO - DAG(s) 'example_branch_python_operator_decorator' retrieved from /home/airflow/.local/lib/python3.12/site-packages/airflow/example_dags/example_branch_operator_decorator.py
[2024-07-23T02:05:59.173+0000] {logging_mixin.py:188} INFO - [2024-07-23T02:05:59.172+0000] {dag.py:3089} INFO - Sync 1 DAGs
[2024-07-23T02:05:59.213+0000] {logging_mixin.py:188} INFO - [2024-07-23T02:05:59.213+0000] {dag.py:3947} INFO - Setting next_dagrun for example_branch_python_operator_decorator to 2024-07-22 00:00:00+00:00, run_after=2024-07-23 00:00:00+00:00
[2024-07-23T02:05:59.244+0000] {processor.py:183} INFO - Processing /home/airflow/.local/lib/python3.12/site-packages/airflow/example_dags/example_branch_operator_decorator.py took 0.168 seconds
[2024-07-23T02:06:29.620+0000] {processor.py:161} INFO - Started process (PID=999) to work on /home/airflow/.local/lib/python3.12/site-packages/airflow/example_dags/example_branch_operator_decorator.py
[2024-07-23T02:06:29.621+0000] {processor.py:830} INFO - Processing file /home/airflow/.local/lib/python3.12/site-packages/airflow/example_dags/example_branch_operator_decorator.py for tasks to queue
[2024-07-23T02:06:29.623+0000] {logging_mixin.py:188} INFO - [2024-07-23T02:06:29.623+0000] {dagbag.py:545} INFO - Filling up the DagBag from /home/airflow/.local/lib/python3.12/site-packages/airflow/example_dags/example_branch_operator_decorator.py
[2024-07-23T02:06:29.659+0000] {processor.py:840} INFO - DAG(s) 'example_branch_python_operator_decorator' retrieved from /home/airflow/.local/lib/python3.12/site-packages/airflow/example_dags/example_branch_operator_decorator.py
[2024-07-23T02:06:29.700+0000] {logging_mixin.py:188} INFO - [2024-07-23T02:06:29.699+0000] {dag.py:3089} INFO - Sync 1 DAGs
[2024-07-23T02:06:29.730+0000] {logging_mixin.py:188} INFO - [2024-07-23T02:06:29.730+0000] {dag.py:3947} INFO - Setting next_dagrun for example_branch_python_operator_decorator to 2024-07-22 00:00:00+00:00, run_after=2024-07-23 00:00:00+00:00
[2024-07-23T02:06:29.754+0000] {processor.py:183} INFO - Processing /home/airflow/.local/lib/python3.12/site-packages/airflow/example_dags/example_branch_operator_decorator.py took 0.142 seconds
[2024-07-23T02:06:59.856+0000] {processor.py:161} INFO - Started process (PID=1058) to work on /home/airflow/.local/lib/python3.12/site-packages/airflow/example_dags/example_branch_operator_decorator.py
[2024-07-23T02:06:59.857+0000] {processor.py:830} INFO - Processing file /home/airflow/.local/lib/python3.12/site-packages/airflow/example_dags/example_branch_operator_decorator.py for tasks to queue
[2024-07-23T02:06:59.860+0000] {logging_mixin.py:188} INFO - [2024-07-23T02:06:59.859+0000] {dagbag.py:545} INFO - Filling up the DagBag from /home/airflow/.local/lib/python3.12/site-packages/airflow/example_dags/example_branch_operator_decorator.py
[2024-07-23T02:06:59.885+0000] {processor.py:840} INFO - DAG(s) 'example_branch_python_operator_decorator' retrieved from /home/airflow/.local/lib/python3.12/site-packages/airflow/example_dags/example_branch_operator_decorator.py
[2024-07-23T02:06:59.921+0000] {logging_mixin.py:188} INFO - [2024-07-23T02:06:59.921+0000] {dag.py:3089} INFO - Sync 1 DAGs
[2024-07-23T02:06:59.950+0000] {logging_mixin.py:188} INFO - [2024-07-23T02:06:59.949+0000] {dag.py:3947} INFO - Setting next_dagrun for example_branch_python_operator_decorator to 2024-07-22 00:00:00+00:00, run_after=2024-07-23 00:00:00+00:00
[2024-07-23T02:06:59.977+0000] {processor.py:183} INFO - Processing /home/airflow/.local/lib/python3.12/site-packages/airflow/example_dags/example_branch_operator_decorator.py took 0.129 seconds
[2024-07-23T02:07:30.111+0000] {processor.py:161} INFO - Started process (PID=1117) to work on /home/airflow/.local/lib/python3.12/site-packages/airflow/example_dags/example_branch_operator_decorator.py
[2024-07-23T02:07:30.112+0000] {processor.py:830} INFO - Processing file /home/airflow/.local/lib/python3.12/site-packages/airflow/example_dags/example_branch_operator_decorator.py for tasks to queue
[2024-07-23T02:07:30.114+0000] {logging_mixin.py:188} INFO - [2024-07-23T02:07:30.113+0000] {dagbag.py:545} INFO - Filling up the DagBag from /home/airflow/.local/lib/python3.12/site-packages/airflow/example_dags/example_branch_operator_decorator.py
[2024-07-23T02:07:30.136+0000] {processor.py:840} INFO - DAG(s) 'example_branch_python_operator_decorator' retrieved from /home/airflow/.local/lib/python3.12/site-packages/airflow/example_dags/example_branch_operator_decorator.py
[2024-07-23T02:07:30.168+0000] {logging_mixin.py:188} INFO - [2024-07-23T02:07:30.167+0000] {dag.py:3089} INFO - Sync 1 DAGs
[2024-07-23T02:07:30.192+0000] {logging_mixin.py:188} INFO - [2024-07-23T02:07:30.192+0000] {dag.py:3947} INFO - Setting next_dagrun for example_branch_python_operator_decorator to 2024-07-22 00:00:00+00:00, run_after=2024-07-23 00:00:00+00:00
[2024-07-23T02:07:30.218+0000] {processor.py:183} INFO - Processing /home/airflow/.local/lib/python3.12/site-packages/airflow/example_dags/example_branch_operator_decorator.py took 0.113 seconds
[2024-07-23T02:08:00.444+0000] {processor.py:161} INFO - Started process (PID=1177) to work on /home/airflow/.local/lib/python3.12/site-packages/airflow/example_dags/example_branch_operator_decorator.py
[2024-07-23T02:08:00.446+0000] {processor.py:830} INFO - Processing file /home/airflow/.local/lib/python3.12/site-packages/airflow/example_dags/example_branch_operator_decorator.py for tasks to queue
[2024-07-23T02:08:00.448+0000] {logging_mixin.py:188} INFO - [2024-07-23T02:08:00.448+0000] {dagbag.py:545} INFO - Filling up the DagBag from /home/airflow/.local/lib/python3.12/site-packages/airflow/example_dags/example_branch_operator_decorator.py
[2024-07-23T02:08:00.480+0000] {processor.py:840} INFO - DAG(s) 'example_branch_python_operator_decorator' retrieved from /home/airflow/.local/lib/python3.12/site-packages/airflow/example_dags/example_branch_operator_decorator.py
[2024-07-23T02:08:00.533+0000] {logging_mixin.py:188} INFO - [2024-07-23T02:08:00.532+0000] {dag.py:3089} INFO - Sync 1 DAGs
[2024-07-23T02:08:00.585+0000] {logging_mixin.py:188} INFO - [2024-07-23T02:08:00.585+0000] {dag.py:3947} INFO - Setting next_dagrun for example_branch_python_operator_decorator to 2024-07-22 00:00:00+00:00, run_after=2024-07-23 00:00:00+00:00
[2024-07-23T02:08:00.636+0000] {processor.py:183} INFO - Processing /home/airflow/.local/lib/python3.12/site-packages/airflow/example_dags/example_branch_operator_decorator.py took 0.203 seconds
[2024-07-23T02:08:31.021+0000] {processor.py:161} INFO - Started process (PID=1235) to work on /home/airflow/.local/lib/python3.12/site-packages/airflow/example_dags/example_branch_operator_decorator.py
[2024-07-23T02:08:31.022+0000] {processor.py:830} INFO - Processing file /home/airflow/.local/lib/python3.12/site-packages/airflow/example_dags/example_branch_operator_decorator.py for tasks to queue
[2024-07-23T02:08:31.024+0000] {logging_mixin.py:188} INFO - [2024-07-23T02:08:31.023+0000] {dagbag.py:545} INFO - Filling up the DagBag from /home/airflow/.local/lib/python3.12/site-packages/airflow/example_dags/example_branch_operator_decorator.py
[2024-07-23T02:08:31.050+0000] {processor.py:840} INFO - DAG(s) 'example_branch_python_operator_decorator' retrieved from /home/airflow/.local/lib/python3.12/site-packages/airflow/example_dags/example_branch_operator_decorator.py
[2024-07-23T02:08:31.090+0000] {logging_mixin.py:188} INFO - [2024-07-23T02:08:31.089+0000] {dag.py:3089} INFO - Sync 1 DAGs
[2024-07-23T02:08:31.123+0000] {logging_mixin.py:188} INFO - [2024-07-23T02:08:31.122+0000] {dag.py:3947} INFO - Setting next_dagrun for example_branch_python_operator_decorator to 2024-07-22 00:00:00+00:00, run_after=2024-07-23 00:00:00+00:00
[2024-07-23T02:08:31.147+0000] {processor.py:183} INFO - Processing /home/airflow/.local/lib/python3.12/site-packages/airflow/example_dags/example_branch_operator_decorator.py took 0.135 seconds
[2024-07-23T02:09:01.461+0000] {processor.py:161} INFO - Started process (PID=1294) to work on /home/airflow/.local/lib/python3.12/site-packages/airflow/example_dags/example_branch_operator_decorator.py
[2024-07-23T02:09:01.462+0000] {processor.py:830} INFO - Processing file /home/airflow/.local/lib/python3.12/site-packages/airflow/example_dags/example_branch_operator_decorator.py for tasks to queue
[2024-07-23T02:09:01.465+0000] {logging_mixin.py:188} INFO - [2024-07-23T02:09:01.464+0000] {dagbag.py:545} INFO - Filling up the DagBag from /home/airflow/.local/lib/python3.12/site-packages/airflow/example_dags/example_branch_operator_decorator.py
[2024-07-23T02:09:01.494+0000] {processor.py:840} INFO - DAG(s) 'example_branch_python_operator_decorator' retrieved from /home/airflow/.local/lib/python3.12/site-packages/airflow/example_dags/example_branch_operator_decorator.py
[2024-07-23T02:09:01.536+0000] {logging_mixin.py:188} INFO - [2024-07-23T02:09:01.536+0000] {dag.py:3089} INFO - Sync 1 DAGs
[2024-07-23T02:09:01.569+0000] {logging_mixin.py:188} INFO - [2024-07-23T02:09:01.569+0000] {dag.py:3947} INFO - Setting next_dagrun for example_branch_python_operator_decorator to 2024-07-22 00:00:00+00:00, run_after=2024-07-23 00:00:00+00:00
[2024-07-23T02:09:01.596+0000] {processor.py:183} INFO - Processing /home/airflow/.local/lib/python3.12/site-packages/airflow/example_dags/example_branch_operator_decorator.py took 0.142 seconds
[2024-07-23T02:09:31.712+0000] {processor.py:161} INFO - Started process (PID=1352) to work on /home/airflow/.local/lib/python3.12/site-packages/airflow/example_dags/example_branch_operator_decorator.py
[2024-07-23T02:09:31.713+0000] {processor.py:830} INFO - Processing file /home/airflow/.local/lib/python3.12/site-packages/airflow/example_dags/example_branch_operator_decorator.py for tasks to queue
[2024-07-23T02:09:31.715+0000] {logging_mixin.py:188} INFO - [2024-07-23T02:09:31.714+0000] {dagbag.py:545} INFO - Filling up the DagBag from /home/airflow/.local/lib/python3.12/site-packages/airflow/example_dags/example_branch_operator_decorator.py
[2024-07-23T02:09:31.739+0000] {processor.py:840} INFO - DAG(s) 'example_branch_python_operator_decorator' retrieved from /home/airflow/.local/lib/python3.12/site-packages/airflow/example_dags/example_branch_operator_decorator.py
[2024-07-23T02:09:31.773+0000] {logging_mixin.py:188} INFO - [2024-07-23T02:09:31.772+0000] {dag.py:3089} INFO - Sync 1 DAGs
[2024-07-23T02:09:31.799+0000] {logging_mixin.py:188} INFO - [2024-07-23T02:09:31.799+0000] {dag.py:3947} INFO - Setting next_dagrun for example_branch_python_operator_decorator to 2024-07-22 00:00:00+00:00, run_after=2024-07-23 00:00:00+00:00
[2024-07-23T02:09:31.824+0000] {processor.py:183} INFO - Processing /home/airflow/.local/lib/python3.12/site-packages/airflow/example_dags/example_branch_operator_decorator.py took 0.118 seconds
[2024-07-23T02:10:01.937+0000] {processor.py:161} INFO - Started process (PID=1411) to work on /home/airflow/.local/lib/python3.12/site-packages/airflow/example_dags/example_branch_operator_decorator.py
[2024-07-23T02:10:01.938+0000] {processor.py:830} INFO - Processing file /home/airflow/.local/lib/python3.12/site-packages/airflow/example_dags/example_branch_operator_decorator.py for tasks to queue
[2024-07-23T02:10:01.940+0000] {logging_mixin.py:188} INFO - [2024-07-23T02:10:01.939+0000] {dagbag.py:545} INFO - Filling up the DagBag from /home/airflow/.local/lib/python3.12/site-packages/airflow/example_dags/example_branch_operator_decorator.py
[2024-07-23T02:10:01.962+0000] {processor.py:840} INFO - DAG(s) 'example_branch_python_operator_decorator' retrieved from /home/airflow/.local/lib/python3.12/site-packages/airflow/example_dags/example_branch_operator_decorator.py
[2024-07-23T02:10:01.994+0000] {logging_mixin.py:188} INFO - [2024-07-23T02:10:01.994+0000] {dag.py:3089} INFO - Sync 1 DAGs
[2024-07-23T02:10:02.018+0000] {logging_mixin.py:188} INFO - [2024-07-23T02:10:02.018+0000] {dag.py:3947} INFO - Setting next_dagrun for example_branch_python_operator_decorator to 2024-07-22 00:00:00+00:00, run_after=2024-07-23 00:00:00+00:00
[2024-07-23T02:10:02.043+0000] {processor.py:183} INFO - Processing /home/airflow/.local/lib/python3.12/site-packages/airflow/example_dags/example_branch_operator_decorator.py took 0.113 seconds
[2024-07-23T02:10:32.167+0000] {processor.py:161} INFO - Started process (PID=1470) to work on /home/airflow/.local/lib/python3.12/site-packages/airflow/example_dags/example_branch_operator_decorator.py
[2024-07-23T02:10:32.167+0000] {processor.py:830} INFO - Processing file /home/airflow/.local/lib/python3.12/site-packages/airflow/example_dags/example_branch_operator_decorator.py for tasks to queue
[2024-07-23T02:10:32.169+0000] {logging_mixin.py:188} INFO - [2024-07-23T02:10:32.169+0000] {dagbag.py:545} INFO - Filling up the DagBag from /home/airflow/.local/lib/python3.12/site-packages/airflow/example_dags/example_branch_operator_decorator.py
[2024-07-23T02:10:32.199+0000] {processor.py:840} INFO - DAG(s) 'example_branch_python_operator_decorator' retrieved from /home/airflow/.local/lib/python3.12/site-packages/airflow/example_dags/example_branch_operator_decorator.py
[2024-07-23T02:10:32.253+0000] {logging_mixin.py:188} INFO - [2024-07-23T02:10:32.253+0000] {dag.py:3089} INFO - Sync 1 DAGs
[2024-07-23T02:10:32.293+0000] {logging_mixin.py:188} INFO - [2024-07-23T02:10:32.293+0000] {dag.py:3947} INFO - Setting next_dagrun for example_branch_python_operator_decorator to 2024-07-22 00:00:00+00:00, run_after=2024-07-23 00:00:00+00:00
[2024-07-23T02:10:32.324+0000] {processor.py:183} INFO - Processing /home/airflow/.local/lib/python3.12/site-packages/airflow/example_dags/example_branch_operator_decorator.py took 0.165 seconds
[2024-07-23T02:11:02.444+0000] {processor.py:161} INFO - Started process (PID=1527) to work on /home/airflow/.local/lib/python3.12/site-packages/airflow/example_dags/example_branch_operator_decorator.py
[2024-07-23T02:11:02.445+0000] {processor.py:830} INFO - Processing file /home/airflow/.local/lib/python3.12/site-packages/airflow/example_dags/example_branch_operator_decorator.py for tasks to queue
[2024-07-23T02:11:02.447+0000] {logging_mixin.py:188} INFO - [2024-07-23T02:11:02.447+0000] {dagbag.py:545} INFO - Filling up the DagBag from /home/airflow/.local/lib/python3.12/site-packages/airflow/example_dags/example_branch_operator_decorator.py
[2024-07-23T02:11:02.475+0000] {processor.py:840} INFO - DAG(s) 'example_branch_python_operator_decorator' retrieved from /home/airflow/.local/lib/python3.12/site-packages/airflow/example_dags/example_branch_operator_decorator.py
[2024-07-23T02:11:02.534+0000] {logging_mixin.py:188} INFO - [2024-07-23T02:11:02.534+0000] {dag.py:3089} INFO - Sync 1 DAGs
[2024-07-23T02:11:02.577+0000] {logging_mixin.py:188} INFO - [2024-07-23T02:11:02.577+0000] {dag.py:3947} INFO - Setting next_dagrun for example_branch_python_operator_decorator to 2024-07-22 00:00:00+00:00, run_after=2024-07-23 00:00:00+00:00
[2024-07-23T02:11:02.609+0000] {processor.py:183} INFO - Processing /home/airflow/.local/lib/python3.12/site-packages/airflow/example_dags/example_branch_operator_decorator.py took 0.172 seconds
[2024-07-23T02:11:32.744+0000] {processor.py:161} INFO - Started process (PID=1585) to work on /home/airflow/.local/lib/python3.12/site-packages/airflow/example_dags/example_branch_operator_decorator.py
[2024-07-23T02:11:32.745+0000] {processor.py:830} INFO - Processing file /home/airflow/.local/lib/python3.12/site-packages/airflow/example_dags/example_branch_operator_decorator.py for tasks to queue
[2024-07-23T02:11:32.747+0000] {logging_mixin.py:188} INFO - [2024-07-23T02:11:32.747+0000] {dagbag.py:545} INFO - Filling up the DagBag from /home/airflow/.local/lib/python3.12/site-packages/airflow/example_dags/example_branch_operator_decorator.py
[2024-07-23T02:11:32.777+0000] {processor.py:840} INFO - DAG(s) 'example_branch_python_operator_decorator' retrieved from /home/airflow/.local/lib/python3.12/site-packages/airflow/example_dags/example_branch_operator_decorator.py
[2024-07-23T02:11:32.828+0000] {logging_mixin.py:188} INFO - [2024-07-23T02:11:32.828+0000] {dag.py:3089} INFO - Sync 1 DAGs
[2024-07-23T02:11:32.859+0000] {logging_mixin.py:188} INFO - [2024-07-23T02:11:32.859+0000] {dag.py:3947} INFO - Setting next_dagrun for example_branch_python_operator_decorator to 2024-07-22 00:00:00+00:00, run_after=2024-07-23 00:00:00+00:00
[2024-07-23T02:11:32.881+0000] {processor.py:183} INFO - Processing /home/airflow/.local/lib/python3.12/site-packages/airflow/example_dags/example_branch_operator_decorator.py took 0.149 seconds
[2024-07-23T02:12:02.914+0000] {processor.py:161} INFO - Started process (PID=1644) to work on /home/airflow/.local/lib/python3.12/site-packages/airflow/example_dags/example_branch_operator_decorator.py
[2024-07-23T02:12:02.916+0000] {processor.py:830} INFO - Processing file /home/airflow/.local/lib/python3.12/site-packages/airflow/example_dags/example_branch_operator_decorator.py for tasks to queue
[2024-07-23T02:12:02.918+0000] {logging_mixin.py:188} INFO - [2024-07-23T02:12:02.918+0000] {dagbag.py:545} INFO - Filling up the DagBag from /home/airflow/.local/lib/python3.12/site-packages/airflow/example_dags/example_branch_operator_decorator.py
[2024-07-23T02:12:02.944+0000] {processor.py:840} INFO - DAG(s) 'example_branch_python_operator_decorator' retrieved from /home/airflow/.local/lib/python3.12/site-packages/airflow/example_dags/example_branch_operator_decorator.py
[2024-07-23T02:12:02.977+0000] {logging_mixin.py:188} INFO - [2024-07-23T02:12:02.976+0000] {dag.py:3089} INFO - Sync 1 DAGs
[2024-07-23T02:12:03.003+0000] {logging_mixin.py:188} INFO - [2024-07-23T02:12:03.003+0000] {dag.py:3947} INFO - Setting next_dagrun for example_branch_python_operator_decorator to 2024-07-22 00:00:00+00:00, run_after=2024-07-23 00:00:00+00:00
[2024-07-23T02:12:03.028+0000] {processor.py:183} INFO - Processing /home/airflow/.local/lib/python3.12/site-packages/airflow/example_dags/example_branch_operator_decorator.py took 0.121 seconds
[2024-07-23T02:12:33.057+0000] {processor.py:161} INFO - Started process (PID=1704) to work on /home/airflow/.local/lib/python3.12/site-packages/airflow/example_dags/example_branch_operator_decorator.py
[2024-07-23T02:12:33.058+0000] {processor.py:830} INFO - Processing file /home/airflow/.local/lib/python3.12/site-packages/airflow/example_dags/example_branch_operator_decorator.py for tasks to queue
[2024-07-23T02:12:33.060+0000] {logging_mixin.py:188} INFO - [2024-07-23T02:12:33.060+0000] {dagbag.py:545} INFO - Filling up the DagBag from /home/airflow/.local/lib/python3.12/site-packages/airflow/example_dags/example_branch_operator_decorator.py
[2024-07-23T02:12:33.084+0000] {processor.py:840} INFO - DAG(s) 'example_branch_python_operator_decorator' retrieved from /home/airflow/.local/lib/python3.12/site-packages/airflow/example_dags/example_branch_operator_decorator.py
[2024-07-23T02:12:33.117+0000] {logging_mixin.py:188} INFO - [2024-07-23T02:12:33.117+0000] {dag.py:3089} INFO - Sync 1 DAGs
[2024-07-23T02:12:33.143+0000] {logging_mixin.py:188} INFO - [2024-07-23T02:12:33.142+0000] {dag.py:3947} INFO - Setting next_dagrun for example_branch_python_operator_decorator to 2024-07-22 00:00:00+00:00, run_after=2024-07-23 00:00:00+00:00
[2024-07-23T02:12:33.171+0000] {processor.py:183} INFO - Processing /home/airflow/.local/lib/python3.12/site-packages/airflow/example_dags/example_branch_operator_decorator.py took 0.120 seconds
[2024-07-23T02:13:03.434+0000] {processor.py:161} INFO - Started process (PID=1763) to work on /home/airflow/.local/lib/python3.12/site-packages/airflow/example_dags/example_branch_operator_decorator.py
[2024-07-23T02:13:03.436+0000] {processor.py:830} INFO - Processing file /home/airflow/.local/lib/python3.12/site-packages/airflow/example_dags/example_branch_operator_decorator.py for tasks to queue
[2024-07-23T02:13:03.439+0000] {logging_mixin.py:188} INFO - [2024-07-23T02:13:03.439+0000] {dagbag.py:545} INFO - Filling up the DagBag from /home/airflow/.local/lib/python3.12/site-packages/airflow/example_dags/example_branch_operator_decorator.py
[2024-07-23T02:13:03.487+0000] {processor.py:840} INFO - DAG(s) 'example_branch_python_operator_decorator' retrieved from /home/airflow/.local/lib/python3.12/site-packages/airflow/example_dags/example_branch_operator_decorator.py
[2024-07-23T02:13:03.543+0000] {logging_mixin.py:188} INFO - [2024-07-23T02:13:03.543+0000] {dag.py:3089} INFO - Sync 1 DAGs
[2024-07-23T02:13:03.577+0000] {logging_mixin.py:188} INFO - [2024-07-23T02:13:03.576+0000] {dag.py:3947} INFO - Setting next_dagrun for example_branch_python_operator_decorator to 2024-07-22 00:00:00+00:00, run_after=2024-07-23 00:00:00+00:00
[2024-07-23T02:13:03.603+0000] {processor.py:183} INFO - Processing /home/airflow/.local/lib/python3.12/site-packages/airflow/example_dags/example_branch_operator_decorator.py took 0.178 seconds
[2024-07-23T02:13:34.120+0000] {processor.py:161} INFO - Started process (PID=1822) to work on /home/airflow/.local/lib/python3.12/site-packages/airflow/example_dags/example_branch_operator_decorator.py
[2024-07-23T02:13:34.122+0000] {processor.py:830} INFO - Processing file /home/airflow/.local/lib/python3.12/site-packages/airflow/example_dags/example_branch_operator_decorator.py for tasks to queue
[2024-07-23T02:13:34.124+0000] {logging_mixin.py:188} INFO - [2024-07-23T02:13:34.124+0000] {dagbag.py:545} INFO - Filling up the DagBag from /home/airflow/.local/lib/python3.12/site-packages/airflow/example_dags/example_branch_operator_decorator.py
[2024-07-23T02:13:34.152+0000] {processor.py:840} INFO - DAG(s) 'example_branch_python_operator_decorator' retrieved from /home/airflow/.local/lib/python3.12/site-packages/airflow/example_dags/example_branch_operator_decorator.py
[2024-07-23T02:13:34.187+0000] {logging_mixin.py:188} INFO - [2024-07-23T02:13:34.187+0000] {dag.py:3089} INFO - Sync 1 DAGs
[2024-07-23T02:13:34.214+0000] {logging_mixin.py:188} INFO - [2024-07-23T02:13:34.213+0000] {dag.py:3947} INFO - Setting next_dagrun for example_branch_python_operator_decorator to 2024-07-22 00:00:00+00:00, run_after=2024-07-23 00:00:00+00:00
[2024-07-23T02:13:34.237+0000] {processor.py:183} INFO - Processing /home/airflow/.local/lib/python3.12/site-packages/airflow/example_dags/example_branch_operator_decorator.py took 0.125 seconds
[2024-07-23T02:14:04.624+0000] {processor.py:161} INFO - Started process (PID=1890) to work on /home/airflow/.local/lib/python3.12/site-packages/airflow/example_dags/example_branch_operator_decorator.py
[2024-07-23T02:14:04.625+0000] {processor.py:830} INFO - Processing file /home/airflow/.local/lib/python3.12/site-packages/airflow/example_dags/example_branch_operator_decorator.py for tasks to queue
[2024-07-23T02:14:04.627+0000] {logging_mixin.py:188} INFO - [2024-07-23T02:14:04.627+0000] {dagbag.py:545} INFO - Filling up the DagBag from /home/airflow/.local/lib/python3.12/site-packages/airflow/example_dags/example_branch_operator_decorator.py
[2024-07-23T02:14:04.659+0000] {processor.py:840} INFO - DAG(s) 'example_branch_python_operator_decorator' retrieved from /home/airflow/.local/lib/python3.12/site-packages/airflow/example_dags/example_branch_operator_decorator.py
[2024-07-23T02:14:04.714+0000] {logging_mixin.py:188} INFO - [2024-07-23T02:14:04.714+0000] {dag.py:3089} INFO - Sync 1 DAGs
[2024-07-23T02:14:04.907+0000] {logging_mixin.py:188} INFO - [2024-07-23T02:14:04.907+0000] {dag.py:3947} INFO - Setting next_dagrun for example_branch_python_operator_decorator to 2024-07-22 00:00:00+00:00, run_after=2024-07-23 00:00:00+00:00
[2024-07-23T02:14:04.928+0000] {processor.py:183} INFO - Processing /home/airflow/.local/lib/python3.12/site-packages/airflow/example_dags/example_branch_operator_decorator.py took 0.313 seconds
[2024-07-23T02:14:35.885+0000] {processor.py:161} INFO - Started process (PID=1949) to work on /home/airflow/.local/lib/python3.12/site-packages/airflow/example_dags/example_branch_operator_decorator.py
[2024-07-23T02:14:35.886+0000] {processor.py:830} INFO - Processing file /home/airflow/.local/lib/python3.12/site-packages/airflow/example_dags/example_branch_operator_decorator.py for tasks to queue
[2024-07-23T02:14:35.889+0000] {logging_mixin.py:188} INFO - [2024-07-23T02:14:35.888+0000] {dagbag.py:545} INFO - Filling up the DagBag from /home/airflow/.local/lib/python3.12/site-packages/airflow/example_dags/example_branch_operator_decorator.py
[2024-07-23T02:14:35.918+0000] {processor.py:840} INFO - DAG(s) 'example_branch_python_operator_decorator' retrieved from /home/airflow/.local/lib/python3.12/site-packages/airflow/example_dags/example_branch_operator_decorator.py
[2024-07-23T02:14:35.961+0000] {logging_mixin.py:188} INFO - [2024-07-23T02:14:35.961+0000] {dag.py:3089} INFO - Sync 1 DAGs
[2024-07-23T02:14:36.165+0000] {logging_mixin.py:188} INFO - [2024-07-23T02:14:36.164+0000] {dag.py:3947} INFO - Setting next_dagrun for example_branch_python_operator_decorator to 2024-07-22 00:00:00+00:00, run_after=2024-07-23 00:00:00+00:00
[2024-07-23T02:14:36.190+0000] {processor.py:183} INFO - Processing /home/airflow/.local/lib/python3.12/site-packages/airflow/example_dags/example_branch_operator_decorator.py took 0.315 seconds
[2024-07-23T02:15:06.732+0000] {processor.py:161} INFO - Started process (PID=2008) to work on /home/airflow/.local/lib/python3.12/site-packages/airflow/example_dags/example_branch_operator_decorator.py
[2024-07-23T02:15:06.736+0000] {processor.py:830} INFO - Processing file /home/airflow/.local/lib/python3.12/site-packages/airflow/example_dags/example_branch_operator_decorator.py for tasks to queue
[2024-07-23T02:15:06.744+0000] {logging_mixin.py:188} INFO - [2024-07-23T02:15:06.742+0000] {dagbag.py:545} INFO - Filling up the DagBag from /home/airflow/.local/lib/python3.12/site-packages/airflow/example_dags/example_branch_operator_decorator.py
[2024-07-23T02:15:06.858+0000] {processor.py:840} INFO - DAG(s) 'example_branch_python_operator_decorator' retrieved from /home/airflow/.local/lib/python3.12/site-packages/airflow/example_dags/example_branch_operator_decorator.py
[2024-07-23T02:15:07.043+0000] {logging_mixin.py:188} INFO - [2024-07-23T02:15:07.041+0000] {dag.py:3089} INFO - Sync 1 DAGs
[2024-07-23T02:15:07.169+0000] {logging_mixin.py:188} INFO - [2024-07-23T02:15:07.168+0000] {dag.py:3947} INFO - Setting next_dagrun for example_branch_python_operator_decorator to 2024-07-22 00:00:00+00:00, run_after=2024-07-23 00:00:00+00:00
[2024-07-23T02:15:07.687+0000] {processor.py:183} INFO - Processing /home/airflow/.local/lib/python3.12/site-packages/airflow/example_dags/example_branch_operator_decorator.py took 0.985 seconds
[2024-07-23T02:15:38.102+0000] {processor.py:161} INFO - Started process (PID=2069) to work on /home/airflow/.local/lib/python3.12/site-packages/airflow/example_dags/example_branch_operator_decorator.py
[2024-07-23T02:15:38.105+0000] {processor.py:830} INFO - Processing file /home/airflow/.local/lib/python3.12/site-packages/airflow/example_dags/example_branch_operator_decorator.py for tasks to queue
[2024-07-23T02:15:38.112+0000] {logging_mixin.py:188} INFO - [2024-07-23T02:15:38.111+0000] {dagbag.py:545} INFO - Filling up the DagBag from /home/airflow/.local/lib/python3.12/site-packages/airflow/example_dags/example_branch_operator_decorator.py
[2024-07-23T02:15:38.240+0000] {processor.py:840} INFO - DAG(s) 'example_branch_python_operator_decorator' retrieved from /home/airflow/.local/lib/python3.12/site-packages/airflow/example_dags/example_branch_operator_decorator.py
[2024-07-23T02:15:38.418+0000] {logging_mixin.py:188} INFO - [2024-07-23T02:15:38.417+0000] {dag.py:3089} INFO - Sync 1 DAGs
[2024-07-23T02:15:38.543+0000] {logging_mixin.py:188} INFO - [2024-07-23T02:15:38.542+0000] {dag.py:3947} INFO - Setting next_dagrun for example_branch_python_operator_decorator to 2024-07-22 00:00:00+00:00, run_after=2024-07-23 00:00:00+00:00
[2024-07-23T02:15:38.680+0000] {processor.py:183} INFO - Processing /home/airflow/.local/lib/python3.12/site-packages/airflow/example_dags/example_branch_operator_decorator.py took 0.610 seconds
[2024-07-23T02:16:09.280+0000] {processor.py:161} INFO - Started process (PID=2129) to work on /home/airflow/.local/lib/python3.12/site-packages/airflow/example_dags/example_branch_operator_decorator.py
[2024-07-23T02:16:09.285+0000] {processor.py:830} INFO - Processing file /home/airflow/.local/lib/python3.12/site-packages/airflow/example_dags/example_branch_operator_decorator.py for tasks to queue
[2024-07-23T02:16:09.294+0000] {logging_mixin.py:188} INFO - [2024-07-23T02:16:09.292+0000] {dagbag.py:545} INFO - Filling up the DagBag from /home/airflow/.local/lib/python3.12/site-packages/airflow/example_dags/example_branch_operator_decorator.py
[2024-07-23T02:16:09.881+0000] {processor.py:840} INFO - DAG(s) 'example_branch_python_operator_decorator' retrieved from /home/airflow/.local/lib/python3.12/site-packages/airflow/example_dags/example_branch_operator_decorator.py
[2024-07-23T02:16:10.034+0000] {logging_mixin.py:188} INFO - [2024-07-23T02:16:10.033+0000] {dag.py:3089} INFO - Sync 1 DAGs
[2024-07-23T02:16:10.138+0000] {logging_mixin.py:188} INFO - [2024-07-23T02:16:10.137+0000] {dag.py:3947} INFO - Setting next_dagrun for example_branch_python_operator_decorator to 2024-07-22 00:00:00+00:00, run_after=2024-07-23 00:00:00+00:00
[2024-07-23T02:16:10.226+0000] {processor.py:183} INFO - Processing /home/airflow/.local/lib/python3.12/site-packages/airflow/example_dags/example_branch_operator_decorator.py took 0.972 seconds
[2024-07-23T02:16:40.934+0000] {processor.py:161} INFO - Started process (PID=2188) to work on /home/airflow/.local/lib/python3.12/site-packages/airflow/example_dags/example_branch_operator_decorator.py
[2024-07-23T02:16:40.938+0000] {processor.py:830} INFO - Processing file /home/airflow/.local/lib/python3.12/site-packages/airflow/example_dags/example_branch_operator_decorator.py for tasks to queue
[2024-07-23T02:16:40.946+0000] {logging_mixin.py:188} INFO - [2024-07-23T02:16:40.944+0000] {dagbag.py:545} INFO - Filling up the DagBag from /home/airflow/.local/lib/python3.12/site-packages/airflow/example_dags/example_branch_operator_decorator.py
[2024-07-23T02:16:41.043+0000] {processor.py:840} INFO - DAG(s) 'example_branch_python_operator_decorator' retrieved from /home/airflow/.local/lib/python3.12/site-packages/airflow/example_dags/example_branch_operator_decorator.py
[2024-07-23T02:16:41.171+0000] {logging_mixin.py:188} INFO - [2024-07-23T02:16:41.170+0000] {dag.py:3089} INFO - Sync 1 DAGs
[2024-07-23T02:16:41.294+0000] {logging_mixin.py:188} INFO - [2024-07-23T02:16:41.293+0000] {dag.py:3947} INFO - Setting next_dagrun for example_branch_python_operator_decorator to 2024-07-22 00:00:00+00:00, run_after=2024-07-23 00:00:00+00:00
[2024-07-23T02:16:41.394+0000] {processor.py:183} INFO - Processing /home/airflow/.local/lib/python3.12/site-packages/airflow/example_dags/example_branch_operator_decorator.py took 0.485 seconds
[2024-07-23T02:17:11.887+0000] {processor.py:161} INFO - Started process (PID=2256) to work on /home/airflow/.local/lib/python3.12/site-packages/airflow/example_dags/example_branch_operator_decorator.py
[2024-07-23T02:17:11.900+0000] {processor.py:830} INFO - Processing file /home/airflow/.local/lib/python3.12/site-packages/airflow/example_dags/example_branch_operator_decorator.py for tasks to queue
[2024-07-23T02:17:11.918+0000] {logging_mixin.py:188} INFO - [2024-07-23T02:17:11.917+0000] {dagbag.py:545} INFO - Filling up the DagBag from /home/airflow/.local/lib/python3.12/site-packages/airflow/example_dags/example_branch_operator_decorator.py
[2024-07-23T02:17:12.115+0000] {processor.py:840} INFO - DAG(s) 'example_branch_python_operator_decorator' retrieved from /home/airflow/.local/lib/python3.12/site-packages/airflow/example_dags/example_branch_operator_decorator.py
[2024-07-23T02:17:12.370+0000] {logging_mixin.py:188} INFO - [2024-07-23T02:17:12.366+0000] {dag.py:3089} INFO - Sync 1 DAGs
[2024-07-23T02:17:12.557+0000] {logging_mixin.py:188} INFO - [2024-07-23T02:17:12.555+0000] {dag.py:3947} INFO - Setting next_dagrun for example_branch_python_operator_decorator to 2024-07-22 00:00:00+00:00, run_after=2024-07-23 00:00:00+00:00
[2024-07-23T02:17:12.703+0000] {processor.py:183} INFO - Processing /home/airflow/.local/lib/python3.12/site-packages/airflow/example_dags/example_branch_operator_decorator.py took 0.859 seconds
[2024-07-23T02:17:43.242+0000] {processor.py:161} INFO - Started process (PID=2316) to work on /home/airflow/.local/lib/python3.12/site-packages/airflow/example_dags/example_branch_operator_decorator.py
[2024-07-23T02:17:43.248+0000] {processor.py:830} INFO - Processing file /home/airflow/.local/lib/python3.12/site-packages/airflow/example_dags/example_branch_operator_decorator.py for tasks to queue
[2024-07-23T02:17:43.257+0000] {logging_mixin.py:188} INFO - [2024-07-23T02:17:43.255+0000] {dagbag.py:545} INFO - Filling up the DagBag from /home/airflow/.local/lib/python3.12/site-packages/airflow/example_dags/example_branch_operator_decorator.py
[2024-07-23T02:17:43.359+0000] {processor.py:840} INFO - DAG(s) 'example_branch_python_operator_decorator' retrieved from /home/airflow/.local/lib/python3.12/site-packages/airflow/example_dags/example_branch_operator_decorator.py
[2024-07-23T02:17:43.500+0000] {logging_mixin.py:188} INFO - [2024-07-23T02:17:43.499+0000] {dag.py:3089} INFO - Sync 1 DAGs
[2024-07-23T02:17:43.607+0000] {logging_mixin.py:188} INFO - [2024-07-23T02:17:43.606+0000] {dag.py:3947} INFO - Setting next_dagrun for example_branch_python_operator_decorator to 2024-07-22 00:00:00+00:00, run_after=2024-07-23 00:00:00+00:00
[2024-07-23T02:17:43.699+0000] {processor.py:183} INFO - Processing /home/airflow/.local/lib/python3.12/site-packages/airflow/example_dags/example_branch_operator_decorator.py took 0.490 seconds
[2024-07-23T02:18:14.224+0000] {processor.py:161} INFO - Started process (PID=2375) to work on /home/airflow/.local/lib/python3.12/site-packages/airflow/example_dags/example_branch_operator_decorator.py
[2024-07-23T02:18:14.228+0000] {processor.py:830} INFO - Processing file /home/airflow/.local/lib/python3.12/site-packages/airflow/example_dags/example_branch_operator_decorator.py for tasks to queue
[2024-07-23T02:18:14.238+0000] {logging_mixin.py:188} INFO - [2024-07-23T02:18:14.236+0000] {dagbag.py:545} INFO - Filling up the DagBag from /home/airflow/.local/lib/python3.12/site-packages/airflow/example_dags/example_branch_operator_decorator.py
[2024-07-23T02:18:14.333+0000] {processor.py:840} INFO - DAG(s) 'example_branch_python_operator_decorator' retrieved from /home/airflow/.local/lib/python3.12/site-packages/airflow/example_dags/example_branch_operator_decorator.py
[2024-07-23T02:18:14.457+0000] {logging_mixin.py:188} INFO - [2024-07-23T02:18:14.456+0000] {dag.py:3089} INFO - Sync 1 DAGs
[2024-07-23T02:18:14.583+0000] {logging_mixin.py:188} INFO - [2024-07-23T02:18:14.582+0000] {dag.py:3947} INFO - Setting next_dagrun for example_branch_python_operator_decorator to 2024-07-22 00:00:00+00:00, run_after=2024-07-23 00:00:00+00:00
[2024-07-23T02:18:14.667+0000] {processor.py:183} INFO - Processing /home/airflow/.local/lib/python3.12/site-packages/airflow/example_dags/example_branch_operator_decorator.py took 0.472 seconds
[2024-07-23T02:18:44.944+0000] {processor.py:161} INFO - Started process (PID=2434) to work on /home/airflow/.local/lib/python3.12/site-packages/airflow/example_dags/example_branch_operator_decorator.py
[2024-07-23T02:18:44.947+0000] {processor.py:830} INFO - Processing file /home/airflow/.local/lib/python3.12/site-packages/airflow/example_dags/example_branch_operator_decorator.py for tasks to queue
[2024-07-23T02:18:44.953+0000] {logging_mixin.py:188} INFO - [2024-07-23T02:18:44.952+0000] {dagbag.py:545} INFO - Filling up the DagBag from /home/airflow/.local/lib/python3.12/site-packages/airflow/example_dags/example_branch_operator_decorator.py
[2024-07-23T02:18:45.042+0000] {processor.py:840} INFO - DAG(s) 'example_branch_python_operator_decorator' retrieved from /home/airflow/.local/lib/python3.12/site-packages/airflow/example_dags/example_branch_operator_decorator.py
[2024-07-23T02:18:45.167+0000] {logging_mixin.py:188} INFO - [2024-07-23T02:18:45.166+0000] {dag.py:3089} INFO - Sync 1 DAGs
[2024-07-23T02:18:45.261+0000] {logging_mixin.py:188} INFO - [2024-07-23T02:18:45.260+0000] {dag.py:3947} INFO - Setting next_dagrun for example_branch_python_operator_decorator to 2024-07-22 00:00:00+00:00, run_after=2024-07-23 00:00:00+00:00
[2024-07-23T02:18:45.329+0000] {processor.py:183} INFO - Processing /home/airflow/.local/lib/python3.12/site-packages/airflow/example_dags/example_branch_operator_decorator.py took 0.408 seconds
[2024-07-23T02:19:15.486+0000] {processor.py:161} INFO - Started process (PID=2495) to work on /home/airflow/.local/lib/python3.12/site-packages/airflow/example_dags/example_branch_operator_decorator.py
[2024-07-23T02:19:15.489+0000] {processor.py:830} INFO - Processing file /home/airflow/.local/lib/python3.12/site-packages/airflow/example_dags/example_branch_operator_decorator.py for tasks to queue
[2024-07-23T02:19:15.496+0000] {logging_mixin.py:188} INFO - [2024-07-23T02:19:15.494+0000] {dagbag.py:545} INFO - Filling up the DagBag from /home/airflow/.local/lib/python3.12/site-packages/airflow/example_dags/example_branch_operator_decorator.py
[2024-07-23T02:19:15.629+0000] {processor.py:840} INFO - DAG(s) 'example_branch_python_operator_decorator' retrieved from /home/airflow/.local/lib/python3.12/site-packages/airflow/example_dags/example_branch_operator_decorator.py
[2024-07-23T02:19:15.813+0000] {logging_mixin.py:188} INFO - [2024-07-23T02:19:15.812+0000] {dag.py:3089} INFO - Sync 1 DAGs
[2024-07-23T02:19:15.921+0000] {logging_mixin.py:188} INFO - [2024-07-23T02:19:15.921+0000] {dag.py:3947} INFO - Setting next_dagrun for example_branch_python_operator_decorator to 2024-07-22 00:00:00+00:00, run_after=2024-07-23 00:00:00+00:00
[2024-07-23T02:19:15.991+0000] {processor.py:183} INFO - Processing /home/airflow/.local/lib/python3.12/site-packages/airflow/example_dags/example_branch_operator_decorator.py took 0.534 seconds
[2024-07-23T02:19:46.785+0000] {processor.py:161} INFO - Started process (PID=2553) to work on /home/airflow/.local/lib/python3.12/site-packages/airflow/example_dags/example_branch_operator_decorator.py
[2024-07-23T02:19:46.786+0000] {processor.py:830} INFO - Processing file /home/airflow/.local/lib/python3.12/site-packages/airflow/example_dags/example_branch_operator_decorator.py for tasks to queue
[2024-07-23T02:19:46.788+0000] {logging_mixin.py:188} INFO - [2024-07-23T02:19:46.788+0000] {dagbag.py:545} INFO - Filling up the DagBag from /home/airflow/.local/lib/python3.12/site-packages/airflow/example_dags/example_branch_operator_decorator.py
[2024-07-23T02:19:46.814+0000] {processor.py:840} INFO - DAG(s) 'example_branch_python_operator_decorator' retrieved from /home/airflow/.local/lib/python3.12/site-packages/airflow/example_dags/example_branch_operator_decorator.py
[2024-07-23T02:19:46.857+0000] {logging_mixin.py:188} INFO - [2024-07-23T02:19:46.857+0000] {dag.py:3089} INFO - Sync 1 DAGs
[2024-07-23T02:19:46.888+0000] {logging_mixin.py:188} INFO - [2024-07-23T02:19:46.888+0000] {dag.py:3947} INFO - Setting next_dagrun for example_branch_python_operator_decorator to 2024-07-22 00:00:00+00:00, run_after=2024-07-23 00:00:00+00:00
[2024-07-23T02:19:46.916+0000] {processor.py:183} INFO - Processing /home/airflow/.local/lib/python3.12/site-packages/airflow/example_dags/example_branch_operator_decorator.py took 0.138 seconds
[2024-07-23T02:20:17.731+0000] {processor.py:161} INFO - Started process (PID=2612) to work on /home/airflow/.local/lib/python3.12/site-packages/airflow/example_dags/example_branch_operator_decorator.py
[2024-07-23T02:20:17.734+0000] {processor.py:830} INFO - Processing file /home/airflow/.local/lib/python3.12/site-packages/airflow/example_dags/example_branch_operator_decorator.py for tasks to queue
[2024-07-23T02:20:17.738+0000] {logging_mixin.py:188} INFO - [2024-07-23T02:20:17.737+0000] {dagbag.py:545} INFO - Filling up the DagBag from /home/airflow/.local/lib/python3.12/site-packages/airflow/example_dags/example_branch_operator_decorator.py
[2024-07-23T02:20:17.799+0000] {processor.py:840} INFO - DAG(s) 'example_branch_python_operator_decorator' retrieved from /home/airflow/.local/lib/python3.12/site-packages/airflow/example_dags/example_branch_operator_decorator.py
[2024-07-23T02:20:17.886+0000] {logging_mixin.py:188} INFO - [2024-07-23T02:20:17.885+0000] {dag.py:3089} INFO - Sync 1 DAGs
[2024-07-23T02:20:17.951+0000] {logging_mixin.py:188} INFO - [2024-07-23T02:20:17.951+0000] {dag.py:3947} INFO - Setting next_dagrun for example_branch_python_operator_decorator to 2024-07-22 00:00:00+00:00, run_after=2024-07-23 00:00:00+00:00
[2024-07-23T02:20:17.996+0000] {processor.py:183} INFO - Processing /home/airflow/.local/lib/python3.12/site-packages/airflow/example_dags/example_branch_operator_decorator.py took 0.283 seconds
[2024-07-23T02:20:48.148+0000] {processor.py:161} INFO - Started process (PID=2671) to work on /home/airflow/.local/lib/python3.12/site-packages/airflow/example_dags/example_branch_operator_decorator.py
[2024-07-23T02:20:48.149+0000] {processor.py:830} INFO - Processing file /home/airflow/.local/lib/python3.12/site-packages/airflow/example_dags/example_branch_operator_decorator.py for tasks to queue
[2024-07-23T02:20:48.151+0000] {logging_mixin.py:188} INFO - [2024-07-23T02:20:48.150+0000] {dagbag.py:545} INFO - Filling up the DagBag from /home/airflow/.local/lib/python3.12/site-packages/airflow/example_dags/example_branch_operator_decorator.py
[2024-07-23T02:20:48.178+0000] {processor.py:840} INFO - DAG(s) 'example_branch_python_operator_decorator' retrieved from /home/airflow/.local/lib/python3.12/site-packages/airflow/example_dags/example_branch_operator_decorator.py
[2024-07-23T02:20:48.216+0000] {logging_mixin.py:188} INFO - [2024-07-23T02:20:48.216+0000] {dag.py:3089} INFO - Sync 1 DAGs
[2024-07-23T02:20:48.249+0000] {logging_mixin.py:188} INFO - [2024-07-23T02:20:48.249+0000] {dag.py:3947} INFO - Setting next_dagrun for example_branch_python_operator_decorator to 2024-07-22 00:00:00+00:00, run_after=2024-07-23 00:00:00+00:00
[2024-07-23T02:20:48.275+0000] {processor.py:183} INFO - Processing /home/airflow/.local/lib/python3.12/site-packages/airflow/example_dags/example_branch_operator_decorator.py took 0.135 seconds
[2024-07-23T02:21:18.899+0000] {processor.py:161} INFO - Started process (PID=2729) to work on /home/airflow/.local/lib/python3.12/site-packages/airflow/example_dags/example_branch_operator_decorator.py
[2024-07-23T02:21:18.901+0000] {processor.py:830} INFO - Processing file /home/airflow/.local/lib/python3.12/site-packages/airflow/example_dags/example_branch_operator_decorator.py for tasks to queue
[2024-07-23T02:21:18.903+0000] {logging_mixin.py:188} INFO - [2024-07-23T02:21:18.903+0000] {dagbag.py:545} INFO - Filling up the DagBag from /home/airflow/.local/lib/python3.12/site-packages/airflow/example_dags/example_branch_operator_decorator.py
[2024-07-23T02:21:18.929+0000] {processor.py:840} INFO - DAG(s) 'example_branch_python_operator_decorator' retrieved from /home/airflow/.local/lib/python3.12/site-packages/airflow/example_dags/example_branch_operator_decorator.py
[2024-07-23T02:21:18.962+0000] {logging_mixin.py:188} INFO - [2024-07-23T02:21:18.962+0000] {dag.py:3089} INFO - Sync 1 DAGs
[2024-07-23T02:21:18.986+0000] {logging_mixin.py:188} INFO - [2024-07-23T02:21:18.986+0000] {dag.py:3947} INFO - Setting next_dagrun for example_branch_python_operator_decorator to 2024-07-22 00:00:00+00:00, run_after=2024-07-23 00:00:00+00:00
[2024-07-23T02:21:19.012+0000] {processor.py:183} INFO - Processing /home/airflow/.local/lib/python3.12/site-packages/airflow/example_dags/example_branch_operator_decorator.py took 0.120 seconds
[2024-07-23T02:21:49.186+0000] {processor.py:161} INFO - Started process (PID=2789) to work on /home/airflow/.local/lib/python3.12/site-packages/airflow/example_dags/example_branch_operator_decorator.py
[2024-07-23T02:21:49.188+0000] {processor.py:830} INFO - Processing file /home/airflow/.local/lib/python3.12/site-packages/airflow/example_dags/example_branch_operator_decorator.py for tasks to queue
[2024-07-23T02:21:49.190+0000] {logging_mixin.py:188} INFO - [2024-07-23T02:21:49.190+0000] {dagbag.py:545} INFO - Filling up the DagBag from /home/airflow/.local/lib/python3.12/site-packages/airflow/example_dags/example_branch_operator_decorator.py
[2024-07-23T02:21:49.216+0000] {processor.py:840} INFO - DAG(s) 'example_branch_python_operator_decorator' retrieved from /home/airflow/.local/lib/python3.12/site-packages/airflow/example_dags/example_branch_operator_decorator.py
[2024-07-23T02:21:49.254+0000] {logging_mixin.py:188} INFO - [2024-07-23T02:21:49.254+0000] {dag.py:3089} INFO - Sync 1 DAGs
[2024-07-23T02:21:49.284+0000] {logging_mixin.py:188} INFO - [2024-07-23T02:21:49.284+0000] {dag.py:3947} INFO - Setting next_dagrun for example_branch_python_operator_decorator to 2024-07-22 00:00:00+00:00, run_after=2024-07-23 00:00:00+00:00
[2024-07-23T02:21:49.309+0000] {processor.py:183} INFO - Processing /home/airflow/.local/lib/python3.12/site-packages/airflow/example_dags/example_branch_operator_decorator.py took 0.130 seconds
[2024-07-23T02:22:19.540+0000] {processor.py:161} INFO - Started process (PID=2848) to work on /home/airflow/.local/lib/python3.12/site-packages/airflow/example_dags/example_branch_operator_decorator.py
[2024-07-23T02:22:19.541+0000] {processor.py:830} INFO - Processing file /home/airflow/.local/lib/python3.12/site-packages/airflow/example_dags/example_branch_operator_decorator.py for tasks to queue
[2024-07-23T02:22:19.543+0000] {logging_mixin.py:188} INFO - [2024-07-23T02:22:19.542+0000] {dagbag.py:545} INFO - Filling up the DagBag from /home/airflow/.local/lib/python3.12/site-packages/airflow/example_dags/example_branch_operator_decorator.py
[2024-07-23T02:22:19.570+0000] {processor.py:840} INFO - DAG(s) 'example_branch_python_operator_decorator' retrieved from /home/airflow/.local/lib/python3.12/site-packages/airflow/example_dags/example_branch_operator_decorator.py
[2024-07-23T02:22:19.617+0000] {logging_mixin.py:188} INFO - [2024-07-23T02:22:19.617+0000] {dag.py:3089} INFO - Sync 1 DAGs
[2024-07-23T02:22:19.653+0000] {logging_mixin.py:188} INFO - [2024-07-23T02:22:19.653+0000] {dag.py:3947} INFO - Setting next_dagrun for example_branch_python_operator_decorator to 2024-07-22 00:00:00+00:00, run_after=2024-07-23 00:00:00+00:00
[2024-07-23T02:22:19.684+0000] {processor.py:183} INFO - Processing /home/airflow/.local/lib/python3.12/site-packages/airflow/example_dags/example_branch_operator_decorator.py took 0.152 seconds
[2024-07-23T02:22:49.720+0000] {processor.py:161} INFO - Started process (PID=2907) to work on /home/airflow/.local/lib/python3.12/site-packages/airflow/example_dags/example_branch_operator_decorator.py
[2024-07-23T02:22:49.721+0000] {processor.py:830} INFO - Processing file /home/airflow/.local/lib/python3.12/site-packages/airflow/example_dags/example_branch_operator_decorator.py for tasks to queue
[2024-07-23T02:22:49.723+0000] {logging_mixin.py:188} INFO - [2024-07-23T02:22:49.722+0000] {dagbag.py:545} INFO - Filling up the DagBag from /home/airflow/.local/lib/python3.12/site-packages/airflow/example_dags/example_branch_operator_decorator.py
[2024-07-23T02:22:49.746+0000] {processor.py:840} INFO - DAG(s) 'example_branch_python_operator_decorator' retrieved from /home/airflow/.local/lib/python3.12/site-packages/airflow/example_dags/example_branch_operator_decorator.py
[2024-07-23T02:22:49.778+0000] {logging_mixin.py:188} INFO - [2024-07-23T02:22:49.778+0000] {dag.py:3089} INFO - Sync 1 DAGs
[2024-07-23T02:22:49.803+0000] {logging_mixin.py:188} INFO - [2024-07-23T02:22:49.803+0000] {dag.py:3947} INFO - Setting next_dagrun for example_branch_python_operator_decorator to 2024-07-22 00:00:00+00:00, run_after=2024-07-23 00:00:00+00:00
[2024-07-23T02:22:49.825+0000] {processor.py:183} INFO - Processing /home/airflow/.local/lib/python3.12/site-packages/airflow/example_dags/example_branch_operator_decorator.py took 0.112 seconds
[2024-07-23T02:23:19.978+0000] {processor.py:161} INFO - Started process (PID=2973) to work on /home/airflow/.local/lib/python3.12/site-packages/airflow/example_dags/example_branch_operator_decorator.py
[2024-07-23T02:23:19.980+0000] {processor.py:830} INFO - Processing file /home/airflow/.local/lib/python3.12/site-packages/airflow/example_dags/example_branch_operator_decorator.py for tasks to queue
[2024-07-23T02:23:19.984+0000] {logging_mixin.py:188} INFO - [2024-07-23T02:23:19.983+0000] {dagbag.py:545} INFO - Filling up the DagBag from /home/airflow/.local/lib/python3.12/site-packages/airflow/example_dags/example_branch_operator_decorator.py
[2024-07-23T02:23:20.038+0000] {processor.py:840} INFO - DAG(s) 'example_branch_python_operator_decorator' retrieved from /home/airflow/.local/lib/python3.12/site-packages/airflow/example_dags/example_branch_operator_decorator.py
[2024-07-23T02:23:20.083+0000] {logging_mixin.py:188} INFO - [2024-07-23T02:23:20.083+0000] {dag.py:3089} INFO - Sync 1 DAGs
[2024-07-23T02:23:20.114+0000] {logging_mixin.py:188} INFO - [2024-07-23T02:23:20.114+0000] {dag.py:3947} INFO - Setting next_dagrun for example_branch_python_operator_decorator to 2024-07-22 00:00:00+00:00, run_after=2024-07-23 00:00:00+00:00
[2024-07-23T02:23:20.140+0000] {processor.py:183} INFO - Processing /home/airflow/.local/lib/python3.12/site-packages/airflow/example_dags/example_branch_operator_decorator.py took 0.174 seconds
[2024-07-23T02:23:50.383+0000] {processor.py:161} INFO - Started process (PID=3031) to work on /home/airflow/.local/lib/python3.12/site-packages/airflow/example_dags/example_branch_operator_decorator.py
[2024-07-23T02:23:50.387+0000] {processor.py:830} INFO - Processing file /home/airflow/.local/lib/python3.12/site-packages/airflow/example_dags/example_branch_operator_decorator.py for tasks to queue
[2024-07-23T02:23:50.393+0000] {logging_mixin.py:188} INFO - [2024-07-23T02:23:50.392+0000] {dagbag.py:545} INFO - Filling up the DagBag from /home/airflow/.local/lib/python3.12/site-packages/airflow/example_dags/example_branch_operator_decorator.py
[2024-07-23T02:23:50.496+0000] {processor.py:840} INFO - DAG(s) 'example_branch_python_operator_decorator' retrieved from /home/airflow/.local/lib/python3.12/site-packages/airflow/example_dags/example_branch_operator_decorator.py
[2024-07-23T02:23:50.665+0000] {logging_mixin.py:188} INFO - [2024-07-23T02:23:50.664+0000] {dag.py:3089} INFO - Sync 1 DAGs
[2024-07-23T02:23:50.812+0000] {logging_mixin.py:188} INFO - [2024-07-23T02:23:50.811+0000] {dag.py:3947} INFO - Setting next_dagrun for example_branch_python_operator_decorator to 2024-07-22 00:00:00+00:00, run_after=2024-07-23 00:00:00+00:00
[2024-07-23T02:23:50.890+0000] {processor.py:183} INFO - Processing /home/airflow/.local/lib/python3.12/site-packages/airflow/example_dags/example_branch_operator_decorator.py took 0.534 seconds
[2024-07-23T02:24:21.174+0000] {processor.py:161} INFO - Started process (PID=3090) to work on /home/airflow/.local/lib/python3.12/site-packages/airflow/example_dags/example_branch_operator_decorator.py
[2024-07-23T02:24:21.178+0000] {processor.py:830} INFO - Processing file /home/airflow/.local/lib/python3.12/site-packages/airflow/example_dags/example_branch_operator_decorator.py for tasks to queue
[2024-07-23T02:24:21.184+0000] {logging_mixin.py:188} INFO - [2024-07-23T02:24:21.183+0000] {dagbag.py:545} INFO - Filling up the DagBag from /home/airflow/.local/lib/python3.12/site-packages/airflow/example_dags/example_branch_operator_decorator.py
[2024-07-23T02:24:21.288+0000] {processor.py:840} INFO - DAG(s) 'example_branch_python_operator_decorator' retrieved from /home/airflow/.local/lib/python3.12/site-packages/airflow/example_dags/example_branch_operator_decorator.py
[2024-07-23T02:24:21.417+0000] {logging_mixin.py:188} INFO - [2024-07-23T02:24:21.416+0000] {dag.py:3089} INFO - Sync 1 DAGs
[2024-07-23T02:24:21.516+0000] {logging_mixin.py:188} INFO - [2024-07-23T02:24:21.515+0000] {dag.py:3947} INFO - Setting next_dagrun for example_branch_python_operator_decorator to 2024-07-22 00:00:00+00:00, run_after=2024-07-23 00:00:00+00:00
[2024-07-23T02:24:21.586+0000] {processor.py:183} INFO - Processing /home/airflow/.local/lib/python3.12/site-packages/airflow/example_dags/example_branch_operator_decorator.py took 0.436 seconds
[2024-07-23T02:24:52.190+0000] {processor.py:161} INFO - Started process (PID=3149) to work on /home/airflow/.local/lib/python3.12/site-packages/airflow/example_dags/example_branch_operator_decorator.py
[2024-07-23T02:24:52.193+0000] {processor.py:830} INFO - Processing file /home/airflow/.local/lib/python3.12/site-packages/airflow/example_dags/example_branch_operator_decorator.py for tasks to queue
[2024-07-23T02:24:52.200+0000] {logging_mixin.py:188} INFO - [2024-07-23T02:24:52.198+0000] {dagbag.py:545} INFO - Filling up the DagBag from /home/airflow/.local/lib/python3.12/site-packages/airflow/example_dags/example_branch_operator_decorator.py
[2024-07-23T02:24:52.283+0000] {processor.py:840} INFO - DAG(s) 'example_branch_python_operator_decorator' retrieved from /home/airflow/.local/lib/python3.12/site-packages/airflow/example_dags/example_branch_operator_decorator.py
[2024-07-23T02:24:52.400+0000] {logging_mixin.py:188} INFO - [2024-07-23T02:24:52.399+0000] {dag.py:3089} INFO - Sync 1 DAGs
[2024-07-23T02:24:52.498+0000] {logging_mixin.py:188} INFO - [2024-07-23T02:24:52.497+0000] {dag.py:3947} INFO - Setting next_dagrun for example_branch_python_operator_decorator to 2024-07-22 00:00:00+00:00, run_after=2024-07-23 00:00:00+00:00
[2024-07-23T02:24:52.578+0000] {processor.py:183} INFO - Processing /home/airflow/.local/lib/python3.12/site-packages/airflow/example_dags/example_branch_operator_decorator.py took 0.410 seconds
[2024-07-23T02:25:22.750+0000] {processor.py:161} INFO - Started process (PID=3207) to work on /home/airflow/.local/lib/python3.12/site-packages/airflow/example_dags/example_branch_operator_decorator.py
[2024-07-23T02:25:22.751+0000] {processor.py:830} INFO - Processing file /home/airflow/.local/lib/python3.12/site-packages/airflow/example_dags/example_branch_operator_decorator.py for tasks to queue
[2024-07-23T02:25:22.754+0000] {logging_mixin.py:188} INFO - [2024-07-23T02:25:22.753+0000] {dagbag.py:545} INFO - Filling up the DagBag from /home/airflow/.local/lib/python3.12/site-packages/airflow/example_dags/example_branch_operator_decorator.py
[2024-07-23T02:25:22.783+0000] {processor.py:840} INFO - DAG(s) 'example_branch_python_operator_decorator' retrieved from /home/airflow/.local/lib/python3.12/site-packages/airflow/example_dags/example_branch_operator_decorator.py
[2024-07-23T02:25:22.828+0000] {logging_mixin.py:188} INFO - [2024-07-23T02:25:22.828+0000] {dag.py:3089} INFO - Sync 1 DAGs
[2024-07-23T02:25:22.861+0000] {logging_mixin.py:188} INFO - [2024-07-23T02:25:22.861+0000] {dag.py:3947} INFO - Setting next_dagrun for example_branch_python_operator_decorator to 2024-07-22 00:00:00+00:00, run_after=2024-07-23 00:00:00+00:00
[2024-07-23T02:25:22.886+0000] {processor.py:183} INFO - Processing /home/airflow/.local/lib/python3.12/site-packages/airflow/example_dags/example_branch_operator_decorator.py took 0.145 seconds
[2024-07-23T02:25:52.993+0000] {processor.py:161} INFO - Started process (PID=3267) to work on /home/airflow/.local/lib/python3.12/site-packages/airflow/example_dags/example_branch_operator_decorator.py
[2024-07-23T02:25:52.994+0000] {processor.py:830} INFO - Processing file /home/airflow/.local/lib/python3.12/site-packages/airflow/example_dags/example_branch_operator_decorator.py for tasks to queue
[2024-07-23T02:25:52.996+0000] {logging_mixin.py:188} INFO - [2024-07-23T02:25:52.995+0000] {dagbag.py:545} INFO - Filling up the DagBag from /home/airflow/.local/lib/python3.12/site-packages/airflow/example_dags/example_branch_operator_decorator.py
[2024-07-23T02:25:53.023+0000] {processor.py:840} INFO - DAG(s) 'example_branch_python_operator_decorator' retrieved from /home/airflow/.local/lib/python3.12/site-packages/airflow/example_dags/example_branch_operator_decorator.py
[2024-07-23T02:25:53.057+0000] {logging_mixin.py:188} INFO - [2024-07-23T02:25:53.057+0000] {dag.py:3089} INFO - Sync 1 DAGs
[2024-07-23T02:25:53.082+0000] {logging_mixin.py:188} INFO - [2024-07-23T02:25:53.082+0000] {dag.py:3947} INFO - Setting next_dagrun for example_branch_python_operator_decorator to 2024-07-22 00:00:00+00:00, run_after=2024-07-23 00:00:00+00:00
[2024-07-23T02:25:53.105+0000] {processor.py:183} INFO - Processing /home/airflow/.local/lib/python3.12/site-packages/airflow/example_dags/example_branch_operator_decorator.py took 0.119 seconds
[2024-07-23T02:26:23.591+0000] {processor.py:161} INFO - Started process (PID=3323) to work on /home/airflow/.local/lib/python3.12/site-packages/airflow/example_dags/example_branch_operator_decorator.py
[2024-07-23T02:26:23.592+0000] {processor.py:830} INFO - Processing file /home/airflow/.local/lib/python3.12/site-packages/airflow/example_dags/example_branch_operator_decorator.py for tasks to queue
[2024-07-23T02:26:23.594+0000] {logging_mixin.py:188} INFO - [2024-07-23T02:26:23.593+0000] {dagbag.py:545} INFO - Filling up the DagBag from /home/airflow/.local/lib/python3.12/site-packages/airflow/example_dags/example_branch_operator_decorator.py
[2024-07-23T02:26:23.621+0000] {processor.py:840} INFO - DAG(s) 'example_branch_python_operator_decorator' retrieved from /home/airflow/.local/lib/python3.12/site-packages/airflow/example_dags/example_branch_operator_decorator.py
[2024-07-23T02:26:23.657+0000] {logging_mixin.py:188} INFO - [2024-07-23T02:26:23.656+0000] {dag.py:3089} INFO - Sync 1 DAGs
[2024-07-23T02:26:23.688+0000] {logging_mixin.py:188} INFO - [2024-07-23T02:26:23.688+0000] {dag.py:3947} INFO - Setting next_dagrun for example_branch_python_operator_decorator to 2024-07-22 00:00:00+00:00, run_after=2024-07-23 00:00:00+00:00
[2024-07-23T02:26:23.713+0000] {processor.py:183} INFO - Processing /home/airflow/.local/lib/python3.12/site-packages/airflow/example_dags/example_branch_operator_decorator.py took 0.130 seconds
[2024-07-23T02:26:53.809+0000] {processor.py:161} INFO - Started process (PID=3382) to work on /home/airflow/.local/lib/python3.12/site-packages/airflow/example_dags/example_branch_operator_decorator.py
[2024-07-23T02:26:53.811+0000] {processor.py:830} INFO - Processing file /home/airflow/.local/lib/python3.12/site-packages/airflow/example_dags/example_branch_operator_decorator.py for tasks to queue
[2024-07-23T02:26:53.818+0000] {logging_mixin.py:188} INFO - [2024-07-23T02:26:53.816+0000] {dagbag.py:545} INFO - Filling up the DagBag from /home/airflow/.local/lib/python3.12/site-packages/airflow/example_dags/example_branch_operator_decorator.py
[2024-07-23T02:26:53.903+0000] {processor.py:840} INFO - DAG(s) 'example_branch_python_operator_decorator' retrieved from /home/airflow/.local/lib/python3.12/site-packages/airflow/example_dags/example_branch_operator_decorator.py
[2024-07-23T02:26:54.018+0000] {logging_mixin.py:188} INFO - [2024-07-23T02:26:54.016+0000] {dag.py:3089} INFO - Sync 1 DAGs
[2024-07-23T02:26:54.115+0000] {logging_mixin.py:188} INFO - [2024-07-23T02:26:54.114+0000] {dag.py:3947} INFO - Setting next_dagrun for example_branch_python_operator_decorator to 2024-07-22 00:00:00+00:00, run_after=2024-07-23 00:00:00+00:00
[2024-07-23T02:26:54.199+0000] {processor.py:183} INFO - Processing /home/airflow/.local/lib/python3.12/site-packages/airflow/example_dags/example_branch_operator_decorator.py took 0.415 seconds
[2024-07-23T02:27:24.318+0000] {processor.py:161} INFO - Started process (PID=3442) to work on /home/airflow/.local/lib/python3.12/site-packages/airflow/example_dags/example_branch_operator_decorator.py
[2024-07-23T02:27:24.322+0000] {processor.py:830} INFO - Processing file /home/airflow/.local/lib/python3.12/site-packages/airflow/example_dags/example_branch_operator_decorator.py for tasks to queue
[2024-07-23T02:27:24.329+0000] {logging_mixin.py:188} INFO - [2024-07-23T02:27:24.327+0000] {dagbag.py:545} INFO - Filling up the DagBag from /home/airflow/.local/lib/python3.12/site-packages/airflow/example_dags/example_branch_operator_decorator.py
[2024-07-23T02:27:24.424+0000] {processor.py:840} INFO - DAG(s) 'example_branch_python_operator_decorator' retrieved from /home/airflow/.local/lib/python3.12/site-packages/airflow/example_dags/example_branch_operator_decorator.py
[2024-07-23T02:27:24.546+0000] {logging_mixin.py:188} INFO - [2024-07-23T02:27:24.545+0000] {dag.py:3089} INFO - Sync 1 DAGs
[2024-07-23T02:27:24.651+0000] {logging_mixin.py:188} INFO - [2024-07-23T02:27:24.650+0000] {dag.py:3947} INFO - Setting next_dagrun for example_branch_python_operator_decorator to 2024-07-22 00:00:00+00:00, run_after=2024-07-23 00:00:00+00:00
[2024-07-23T02:27:24.722+0000] {processor.py:183} INFO - Processing /home/airflow/.local/lib/python3.12/site-packages/airflow/example_dags/example_branch_operator_decorator.py took 0.431 seconds
[2024-07-23T02:27:54.827+0000] {processor.py:161} INFO - Started process (PID=3499) to work on /home/airflow/.local/lib/python3.12/site-packages/airflow/example_dags/example_branch_operator_decorator.py
[2024-07-23T02:27:54.828+0000] {processor.py:830} INFO - Processing file /home/airflow/.local/lib/python3.12/site-packages/airflow/example_dags/example_branch_operator_decorator.py for tasks to queue
[2024-07-23T02:27:54.830+0000] {logging_mixin.py:188} INFO - [2024-07-23T02:27:54.829+0000] {dagbag.py:545} INFO - Filling up the DagBag from /home/airflow/.local/lib/python3.12/site-packages/airflow/example_dags/example_branch_operator_decorator.py
[2024-07-23T02:27:54.852+0000] {processor.py:840} INFO - DAG(s) 'example_branch_python_operator_decorator' retrieved from /home/airflow/.local/lib/python3.12/site-packages/airflow/example_dags/example_branch_operator_decorator.py
[2024-07-23T02:27:54.884+0000] {logging_mixin.py:188} INFO - [2024-07-23T02:27:54.884+0000] {dag.py:3089} INFO - Sync 1 DAGs
[2024-07-23T02:27:54.908+0000] {logging_mixin.py:188} INFO - [2024-07-23T02:27:54.908+0000] {dag.py:3947} INFO - Setting next_dagrun for example_branch_python_operator_decorator to 2024-07-22 00:00:00+00:00, run_after=2024-07-23 00:00:00+00:00
[2024-07-23T02:27:54.929+0000] {processor.py:183} INFO - Processing /home/airflow/.local/lib/python3.12/site-packages/airflow/example_dags/example_branch_operator_decorator.py took 0.109 seconds
