[2024-07-23T01:58:21.730+0000] {processor.py:161} INFO - Started process (PID=87) to work on /home/airflow/.local/lib/python3.12/site-packages/airflow/example_dags/example_nested_branch_dag.py
[2024-07-23T01:58:21.731+0000] {processor.py:830} INFO - Processing file /home/airflow/.local/lib/python3.12/site-packages/airflow/example_dags/example_nested_branch_dag.py for tasks to queue
[2024-07-23T01:58:21.733+0000] {logging_mixin.py:188} INFO - [2024-07-23T01:58:21.732+0000] {dagbag.py:545} INFO - Filling up the DagBag from /home/airflow/.local/lib/python3.12/site-packages/airflow/example_dags/example_nested_branch_dag.py
[2024-07-23T01:58:21.744+0000] {processor.py:840} INFO - DAG(s) 'example_nested_branch_dag' retrieved from /home/airflow/.local/lib/python3.12/site-packages/airflow/example_dags/example_nested_branch_dag.py
[2024-07-23T01:58:21.872+0000] {logging_mixin.py:188} INFO - [2024-07-23T01:58:21.872+0000] {dag.py:3089} INFO - Sync 1 DAGs
[2024-07-23T01:58:21.896+0000] {logging_mixin.py:188} INFO - [2024-07-23T01:58:21.896+0000] {dag.py:3947} INFO - Setting next_dagrun for example_nested_branch_dag to 2024-07-22 00:00:00+00:00, run_after=2024-07-23 00:00:00+00:00
[2024-07-23T01:58:21.920+0000] {processor.py:183} INFO - Processing /home/airflow/.local/lib/python3.12/site-packages/airflow/example_dags/example_nested_branch_dag.py took 0.196 seconds
[2024-07-23T01:58:51.953+0000] {processor.py:161} INFO - Started process (PID=145) to work on /home/airflow/.local/lib/python3.12/site-packages/airflow/example_dags/example_nested_branch_dag.py
[2024-07-23T01:58:51.954+0000] {processor.py:830} INFO - Processing file /home/airflow/.local/lib/python3.12/site-packages/airflow/example_dags/example_nested_branch_dag.py for tasks to queue
[2024-07-23T01:58:51.956+0000] {logging_mixin.py:188} INFO - [2024-07-23T01:58:51.956+0000] {dagbag.py:545} INFO - Filling up the DagBag from /home/airflow/.local/lib/python3.12/site-packages/airflow/example_dags/example_nested_branch_dag.py
[2024-07-23T01:58:51.967+0000] {processor.py:840} INFO - DAG(s) 'example_nested_branch_dag' retrieved from /home/airflow/.local/lib/python3.12/site-packages/airflow/example_dags/example_nested_branch_dag.py
[2024-07-23T01:58:51.992+0000] {logging_mixin.py:188} INFO - [2024-07-23T01:58:51.992+0000] {dag.py:3089} INFO - Sync 1 DAGs
[2024-07-23T01:58:52.017+0000] {logging_mixin.py:188} INFO - [2024-07-23T01:58:52.017+0000] {dag.py:3947} INFO - Setting next_dagrun for example_nested_branch_dag to 2024-07-22 00:00:00+00:00, run_after=2024-07-23 00:00:00+00:00
[2024-07-23T01:58:52.038+0000] {processor.py:183} INFO - Processing /home/airflow/.local/lib/python3.12/site-packages/airflow/example_dags/example_nested_branch_dag.py took 0.091 seconds
[2024-07-23T01:59:22.322+0000] {processor.py:161} INFO - Started process (PID=203) to work on /home/airflow/.local/lib/python3.12/site-packages/airflow/example_dags/example_nested_branch_dag.py
[2024-07-23T01:59:22.324+0000] {processor.py:830} INFO - Processing file /home/airflow/.local/lib/python3.12/site-packages/airflow/example_dags/example_nested_branch_dag.py for tasks to queue
[2024-07-23T01:59:22.326+0000] {logging_mixin.py:188} INFO - [2024-07-23T01:59:22.326+0000] {dagbag.py:545} INFO - Filling up the DagBag from /home/airflow/.local/lib/python3.12/site-packages/airflow/example_dags/example_nested_branch_dag.py
[2024-07-23T01:59:22.342+0000] {processor.py:840} INFO - DAG(s) 'example_nested_branch_dag' retrieved from /home/airflow/.local/lib/python3.12/site-packages/airflow/example_dags/example_nested_branch_dag.py
[2024-07-23T01:59:22.375+0000] {logging_mixin.py:188} INFO - [2024-07-23T01:59:22.374+0000] {dag.py:3089} INFO - Sync 1 DAGs
[2024-07-23T01:59:22.405+0000] {logging_mixin.py:188} INFO - [2024-07-23T01:59:22.404+0000] {dag.py:3947} INFO - Setting next_dagrun for example_nested_branch_dag to 2024-07-22 00:00:00+00:00, run_after=2024-07-23 00:00:00+00:00
[2024-07-23T01:59:22.428+0000] {processor.py:183} INFO - Processing /home/airflow/.local/lib/python3.12/site-packages/airflow/example_dags/example_nested_branch_dag.py took 0.114 seconds
[2024-07-23T01:59:52.694+0000] {processor.py:161} INFO - Started process (PID=261) to work on /home/airflow/.local/lib/python3.12/site-packages/airflow/example_dags/example_nested_branch_dag.py
[2024-07-23T01:59:52.695+0000] {processor.py:830} INFO - Processing file /home/airflow/.local/lib/python3.12/site-packages/airflow/example_dags/example_nested_branch_dag.py for tasks to queue
[2024-07-23T01:59:52.696+0000] {logging_mixin.py:188} INFO - [2024-07-23T01:59:52.696+0000] {dagbag.py:545} INFO - Filling up the DagBag from /home/airflow/.local/lib/python3.12/site-packages/airflow/example_dags/example_nested_branch_dag.py
[2024-07-23T01:59:52.708+0000] {processor.py:840} INFO - DAG(s) 'example_nested_branch_dag' retrieved from /home/airflow/.local/lib/python3.12/site-packages/airflow/example_dags/example_nested_branch_dag.py
[2024-07-23T01:59:52.734+0000] {logging_mixin.py:188} INFO - [2024-07-23T01:59:52.734+0000] {dag.py:3089} INFO - Sync 1 DAGs
[2024-07-23T01:59:52.760+0000] {logging_mixin.py:188} INFO - [2024-07-23T01:59:52.760+0000] {dag.py:3947} INFO - Setting next_dagrun for example_nested_branch_dag to 2024-07-22 00:00:00+00:00, run_after=2024-07-23 00:00:00+00:00
[2024-07-23T01:59:52.781+0000] {processor.py:183} INFO - Processing /home/airflow/.local/lib/python3.12/site-packages/airflow/example_dags/example_nested_branch_dag.py took 0.095 seconds
[2024-07-23T02:00:22.965+0000] {processor.py:161} INFO - Started process (PID=319) to work on /home/airflow/.local/lib/python3.12/site-packages/airflow/example_dags/example_nested_branch_dag.py
[2024-07-23T02:00:22.966+0000] {processor.py:830} INFO - Processing file /home/airflow/.local/lib/python3.12/site-packages/airflow/example_dags/example_nested_branch_dag.py for tasks to queue
[2024-07-23T02:00:22.967+0000] {logging_mixin.py:188} INFO - [2024-07-23T02:00:22.967+0000] {dagbag.py:545} INFO - Filling up the DagBag from /home/airflow/.local/lib/python3.12/site-packages/airflow/example_dags/example_nested_branch_dag.py
[2024-07-23T02:00:22.978+0000] {processor.py:840} INFO - DAG(s) 'example_nested_branch_dag' retrieved from /home/airflow/.local/lib/python3.12/site-packages/airflow/example_dags/example_nested_branch_dag.py
[2024-07-23T02:00:23.003+0000] {logging_mixin.py:188} INFO - [2024-07-23T02:00:23.003+0000] {dag.py:3089} INFO - Sync 1 DAGs
[2024-07-23T02:00:23.030+0000] {logging_mixin.py:188} INFO - [2024-07-23T02:00:23.030+0000] {dag.py:3947} INFO - Setting next_dagrun for example_nested_branch_dag to 2024-07-22 00:00:00+00:00, run_after=2024-07-23 00:00:00+00:00
[2024-07-23T02:00:23.054+0000] {processor.py:183} INFO - Processing /home/airflow/.local/lib/python3.12/site-packages/airflow/example_dags/example_nested_branch_dag.py took 0.095 seconds
[2024-07-23T02:00:53.388+0000] {processor.py:161} INFO - Started process (PID=376) to work on /home/airflow/.local/lib/python3.12/site-packages/airflow/example_dags/example_nested_branch_dag.py
[2024-07-23T02:00:53.389+0000] {processor.py:830} INFO - Processing file /home/airflow/.local/lib/python3.12/site-packages/airflow/example_dags/example_nested_branch_dag.py for tasks to queue
[2024-07-23T02:00:53.391+0000] {logging_mixin.py:188} INFO - [2024-07-23T02:00:53.391+0000] {dagbag.py:545} INFO - Filling up the DagBag from /home/airflow/.local/lib/python3.12/site-packages/airflow/example_dags/example_nested_branch_dag.py
[2024-07-23T02:00:53.405+0000] {processor.py:840} INFO - DAG(s) 'example_nested_branch_dag' retrieved from /home/airflow/.local/lib/python3.12/site-packages/airflow/example_dags/example_nested_branch_dag.py
[2024-07-23T02:00:53.445+0000] {logging_mixin.py:188} INFO - [2024-07-23T02:00:53.444+0000] {dag.py:3089} INFO - Sync 1 DAGs
[2024-07-23T02:00:53.486+0000] {logging_mixin.py:188} INFO - [2024-07-23T02:00:53.486+0000] {dag.py:3947} INFO - Setting next_dagrun for example_nested_branch_dag to 2024-07-22 00:00:00+00:00, run_after=2024-07-23 00:00:00+00:00
[2024-07-23T02:00:53.521+0000] {processor.py:183} INFO - Processing /home/airflow/.local/lib/python3.12/site-packages/airflow/example_dags/example_nested_branch_dag.py took 0.143 seconds
[2024-07-23T02:01:24.372+0000] {processor.py:161} INFO - Started process (PID=433) to work on /home/airflow/.local/lib/python3.12/site-packages/airflow/example_dags/example_nested_branch_dag.py
[2024-07-23T02:01:24.373+0000] {processor.py:830} INFO - Processing file /home/airflow/.local/lib/python3.12/site-packages/airflow/example_dags/example_nested_branch_dag.py for tasks to queue
[2024-07-23T02:01:24.377+0000] {logging_mixin.py:188} INFO - [2024-07-23T02:01:24.376+0000] {dagbag.py:545} INFO - Filling up the DagBag from /home/airflow/.local/lib/python3.12/site-packages/airflow/example_dags/example_nested_branch_dag.py
[2024-07-23T02:01:24.397+0000] {processor.py:840} INFO - DAG(s) 'example_nested_branch_dag' retrieved from /home/airflow/.local/lib/python3.12/site-packages/airflow/example_dags/example_nested_branch_dag.py
[2024-07-23T02:01:24.443+0000] {logging_mixin.py:188} INFO - [2024-07-23T02:01:24.442+0000] {dag.py:3089} INFO - Sync 1 DAGs
[2024-07-23T02:01:24.485+0000] {logging_mixin.py:188} INFO - [2024-07-23T02:01:24.485+0000] {dag.py:3947} INFO - Setting next_dagrun for example_nested_branch_dag to 2024-07-22 00:00:00+00:00, run_after=2024-07-23 00:00:00+00:00
[2024-07-23T02:01:24.518+0000] {processor.py:183} INFO - Processing /home/airflow/.local/lib/python3.12/site-packages/airflow/example_dags/example_nested_branch_dag.py took 0.156 seconds
[2024-07-23T02:01:54.696+0000] {processor.py:161} INFO - Started process (PID=490) to work on /home/airflow/.local/lib/python3.12/site-packages/airflow/example_dags/example_nested_branch_dag.py
[2024-07-23T02:01:54.697+0000] {processor.py:830} INFO - Processing file /home/airflow/.local/lib/python3.12/site-packages/airflow/example_dags/example_nested_branch_dag.py for tasks to queue
[2024-07-23T02:01:54.699+0000] {logging_mixin.py:188} INFO - [2024-07-23T02:01:54.699+0000] {dagbag.py:545} INFO - Filling up the DagBag from /home/airflow/.local/lib/python3.12/site-packages/airflow/example_dags/example_nested_branch_dag.py
[2024-07-23T02:01:54.712+0000] {processor.py:840} INFO - DAG(s) 'example_nested_branch_dag' retrieved from /home/airflow/.local/lib/python3.12/site-packages/airflow/example_dags/example_nested_branch_dag.py
[2024-07-23T02:01:54.750+0000] {logging_mixin.py:188} INFO - [2024-07-23T02:01:54.749+0000] {dag.py:3089} INFO - Sync 1 DAGs
[2024-07-23T02:01:54.790+0000] {logging_mixin.py:188} INFO - [2024-07-23T02:01:54.789+0000] {dag.py:3947} INFO - Setting next_dagrun for example_nested_branch_dag to 2024-07-22 00:00:00+00:00, run_after=2024-07-23 00:00:00+00:00
[2024-07-23T02:01:54.817+0000] {processor.py:183} INFO - Processing /home/airflow/.local/lib/python3.12/site-packages/airflow/example_dags/example_nested_branch_dag.py took 0.127 seconds
[2024-07-23T02:02:24.998+0000] {processor.py:161} INFO - Started process (PID=550) to work on /home/airflow/.local/lib/python3.12/site-packages/airflow/example_dags/example_nested_branch_dag.py
[2024-07-23T02:02:24.999+0000] {processor.py:830} INFO - Processing file /home/airflow/.local/lib/python3.12/site-packages/airflow/example_dags/example_nested_branch_dag.py for tasks to queue
[2024-07-23T02:02:25.001+0000] {logging_mixin.py:188} INFO - [2024-07-23T02:02:25.000+0000] {dagbag.py:545} INFO - Filling up the DagBag from /home/airflow/.local/lib/python3.12/site-packages/airflow/example_dags/example_nested_branch_dag.py
[2024-07-23T02:02:25.014+0000] {processor.py:840} INFO - DAG(s) 'example_nested_branch_dag' retrieved from /home/airflow/.local/lib/python3.12/site-packages/airflow/example_dags/example_nested_branch_dag.py
[2024-07-23T02:02:25.044+0000] {logging_mixin.py:188} INFO - [2024-07-23T02:02:25.044+0000] {dag.py:3089} INFO - Sync 1 DAGs
[2024-07-23T02:02:25.082+0000] {logging_mixin.py:188} INFO - [2024-07-23T02:02:25.081+0000] {dag.py:3947} INFO - Setting next_dagrun for example_nested_branch_dag to 2024-07-22 00:00:00+00:00, run_after=2024-07-23 00:00:00+00:00
[2024-07-23T02:02:25.115+0000] {processor.py:183} INFO - Processing /home/airflow/.local/lib/python3.12/site-packages/airflow/example_dags/example_nested_branch_dag.py took 0.124 seconds
[2024-07-23T02:02:55.603+0000] {processor.py:161} INFO - Started process (PID=609) to work on /home/airflow/.local/lib/python3.12/site-packages/airflow/example_dags/example_nested_branch_dag.py
[2024-07-23T02:02:55.605+0000] {processor.py:830} INFO - Processing file /home/airflow/.local/lib/python3.12/site-packages/airflow/example_dags/example_nested_branch_dag.py for tasks to queue
[2024-07-23T02:02:55.608+0000] {logging_mixin.py:188} INFO - [2024-07-23T02:02:55.608+0000] {dagbag.py:545} INFO - Filling up the DagBag from /home/airflow/.local/lib/python3.12/site-packages/airflow/example_dags/example_nested_branch_dag.py
[2024-07-23T02:02:55.634+0000] {processor.py:840} INFO - DAG(s) 'example_nested_branch_dag' retrieved from /home/airflow/.local/lib/python3.12/site-packages/airflow/example_dags/example_nested_branch_dag.py
[2024-07-23T02:02:55.671+0000] {logging_mixin.py:188} INFO - [2024-07-23T02:02:55.671+0000] {dag.py:3089} INFO - Sync 1 DAGs
[2024-07-23T02:02:55.707+0000] {logging_mixin.py:188} INFO - [2024-07-23T02:02:55.706+0000] {dag.py:3947} INFO - Setting next_dagrun for example_nested_branch_dag to 2024-07-22 00:00:00+00:00, run_after=2024-07-23 00:00:00+00:00
[2024-07-23T02:02:55.742+0000] {processor.py:183} INFO - Processing /home/airflow/.local/lib/python3.12/site-packages/airflow/example_dags/example_nested_branch_dag.py took 0.153 seconds
[2024-07-23T02:03:26.534+0000] {processor.py:161} INFO - Started process (PID=668) to work on /home/airflow/.local/lib/python3.12/site-packages/airflow/example_dags/example_nested_branch_dag.py
[2024-07-23T02:03:26.535+0000] {processor.py:830} INFO - Processing file /home/airflow/.local/lib/python3.12/site-packages/airflow/example_dags/example_nested_branch_dag.py for tasks to queue
[2024-07-23T02:03:26.538+0000] {logging_mixin.py:188} INFO - [2024-07-23T02:03:26.537+0000] {dagbag.py:545} INFO - Filling up the DagBag from /home/airflow/.local/lib/python3.12/site-packages/airflow/example_dags/example_nested_branch_dag.py
[2024-07-23T02:03:26.553+0000] {processor.py:840} INFO - DAG(s) 'example_nested_branch_dag' retrieved from /home/airflow/.local/lib/python3.12/site-packages/airflow/example_dags/example_nested_branch_dag.py
[2024-07-23T02:03:26.585+0000] {logging_mixin.py:188} INFO - [2024-07-23T02:03:26.585+0000] {dag.py:3089} INFO - Sync 1 DAGs
[2024-07-23T02:03:26.619+0000] {logging_mixin.py:188} INFO - [2024-07-23T02:03:26.618+0000] {dag.py:3947} INFO - Setting next_dagrun for example_nested_branch_dag to 2024-07-22 00:00:00+00:00, run_after=2024-07-23 00:00:00+00:00
[2024-07-23T02:03:26.647+0000] {processor.py:183} INFO - Processing /home/airflow/.local/lib/python3.12/site-packages/airflow/example_dags/example_nested_branch_dag.py took 0.121 seconds
[2024-07-23T02:04:00.804+0000] {processor.py:161} INFO - Started process (PID=727) to work on /home/airflow/.local/lib/python3.12/site-packages/airflow/example_dags/example_nested_branch_dag.py
[2024-07-23T02:04:00.817+0000] {processor.py:830} INFO - Processing file /home/airflow/.local/lib/python3.12/site-packages/airflow/example_dags/example_nested_branch_dag.py for tasks to queue
[2024-07-23T02:04:00.831+0000] {logging_mixin.py:188} INFO - [2024-07-23T02:04:00.829+0000] {dagbag.py:545} INFO - Filling up the DagBag from /home/airflow/.local/lib/python3.12/site-packages/airflow/example_dags/example_nested_branch_dag.py
[2024-07-23T02:04:00.915+0000] {processor.py:840} INFO - DAG(s) 'example_nested_branch_dag' retrieved from /home/airflow/.local/lib/python3.12/site-packages/airflow/example_dags/example_nested_branch_dag.py
[2024-07-23T02:04:01.097+0000] {logging_mixin.py:188} INFO - [2024-07-23T02:04:01.094+0000] {dag.py:3089} INFO - Sync 1 DAGs
[2024-07-23T02:04:01.278+0000] {logging_mixin.py:188} INFO - [2024-07-23T02:04:01.276+0000] {dag.py:3947} INFO - Setting next_dagrun for example_nested_branch_dag to 2024-07-22 00:00:00+00:00, run_after=2024-07-23 00:00:00+00:00
[2024-07-23T02:04:01.431+0000] {processor.py:183} INFO - Processing /home/airflow/.local/lib/python3.12/site-packages/airflow/example_dags/example_nested_branch_dag.py took 0.683 seconds
[2024-07-23T02:04:33.671+0000] {processor.py:161} INFO - Started process (PID=786) to work on /home/airflow/.local/lib/python3.12/site-packages/airflow/example_dags/example_nested_branch_dag.py
[2024-07-23T02:04:33.675+0000] {processor.py:830} INFO - Processing file /home/airflow/.local/lib/python3.12/site-packages/airflow/example_dags/example_nested_branch_dag.py for tasks to queue
[2024-07-23T02:04:33.684+0000] {logging_mixin.py:188} INFO - [2024-07-23T02:04:33.682+0000] {dagbag.py:545} INFO - Filling up the DagBag from /home/airflow/.local/lib/python3.12/site-packages/airflow/example_dags/example_nested_branch_dag.py
[2024-07-23T02:04:33.731+0000] {processor.py:840} INFO - DAG(s) 'example_nested_branch_dag' retrieved from /home/airflow/.local/lib/python3.12/site-packages/airflow/example_dags/example_nested_branch_dag.py
[2024-07-23T02:04:33.837+0000] {logging_mixin.py:188} INFO - [2024-07-23T02:04:33.836+0000] {dag.py:3089} INFO - Sync 1 DAGs
[2024-07-23T02:04:33.964+0000] {logging_mixin.py:188} INFO - [2024-07-23T02:04:33.963+0000] {dag.py:3947} INFO - Setting next_dagrun for example_nested_branch_dag to 2024-07-22 00:00:00+00:00, run_after=2024-07-23 00:00:00+00:00
[2024-07-23T02:04:34.059+0000] {processor.py:183} INFO - Processing /home/airflow/.local/lib/python3.12/site-packages/airflow/example_dags/example_nested_branch_dag.py took 0.421 seconds
[2024-07-23T02:05:04.983+0000] {processor.py:161} INFO - Started process (PID=845) to work on /home/airflow/.local/lib/python3.12/site-packages/airflow/example_dags/example_nested_branch_dag.py
[2024-07-23T02:05:04.986+0000] {processor.py:830} INFO - Processing file /home/airflow/.local/lib/python3.12/site-packages/airflow/example_dags/example_nested_branch_dag.py for tasks to queue
[2024-07-23T02:05:04.995+0000] {logging_mixin.py:188} INFO - [2024-07-23T02:05:04.993+0000] {dagbag.py:545} INFO - Filling up the DagBag from /home/airflow/.local/lib/python3.12/site-packages/airflow/example_dags/example_nested_branch_dag.py
[2024-07-23T02:05:05.047+0000] {processor.py:840} INFO - DAG(s) 'example_nested_branch_dag' retrieved from /home/airflow/.local/lib/python3.12/site-packages/airflow/example_dags/example_nested_branch_dag.py
[2024-07-23T02:05:05.169+0000] {logging_mixin.py:188} INFO - [2024-07-23T02:05:05.168+0000] {dag.py:3089} INFO - Sync 1 DAGs
[2024-07-23T02:05:05.294+0000] {logging_mixin.py:188} INFO - [2024-07-23T02:05:05.293+0000] {dag.py:3947} INFO - Setting next_dagrun for example_nested_branch_dag to 2024-07-22 00:00:00+00:00, run_after=2024-07-23 00:00:00+00:00
[2024-07-23T02:05:05.387+0000] {processor.py:183} INFO - Processing /home/airflow/.local/lib/python3.12/site-packages/airflow/example_dags/example_nested_branch_dag.py took 0.434 seconds
[2024-07-23T02:05:37.013+0000] {processor.py:161} INFO - Started process (PID=904) to work on /home/airflow/.local/lib/python3.12/site-packages/airflow/example_dags/example_nested_branch_dag.py
[2024-07-23T02:05:37.018+0000] {processor.py:830} INFO - Processing file /home/airflow/.local/lib/python3.12/site-packages/airflow/example_dags/example_nested_branch_dag.py for tasks to queue
[2024-07-23T02:05:37.026+0000] {logging_mixin.py:188} INFO - [2024-07-23T02:05:37.025+0000] {dagbag.py:545} INFO - Filling up the DagBag from /home/airflow/.local/lib/python3.12/site-packages/airflow/example_dags/example_nested_branch_dag.py
[2024-07-23T02:05:37.078+0000] {processor.py:840} INFO - DAG(s) 'example_nested_branch_dag' retrieved from /home/airflow/.local/lib/python3.12/site-packages/airflow/example_dags/example_nested_branch_dag.py
[2024-07-23T02:05:37.178+0000] {logging_mixin.py:188} INFO - [2024-07-23T02:05:37.177+0000] {dag.py:3089} INFO - Sync 1 DAGs
[2024-07-23T02:05:37.299+0000] {logging_mixin.py:188} INFO - [2024-07-23T02:05:37.298+0000] {dag.py:3947} INFO - Setting next_dagrun for example_nested_branch_dag to 2024-07-22 00:00:00+00:00, run_after=2024-07-23 00:00:00+00:00
[2024-07-23T02:05:37.409+0000] {processor.py:183} INFO - Processing /home/airflow/.local/lib/python3.12/site-packages/airflow/example_dags/example_nested_branch_dag.py took 0.429 seconds
[2024-07-23T02:06:07.580+0000] {processor.py:161} INFO - Started process (PID=963) to work on /home/airflow/.local/lib/python3.12/site-packages/airflow/example_dags/example_nested_branch_dag.py
[2024-07-23T02:06:07.581+0000] {processor.py:830} INFO - Processing file /home/airflow/.local/lib/python3.12/site-packages/airflow/example_dags/example_nested_branch_dag.py for tasks to queue
[2024-07-23T02:06:07.584+0000] {logging_mixin.py:188} INFO - [2024-07-23T02:06:07.583+0000] {dagbag.py:545} INFO - Filling up the DagBag from /home/airflow/.local/lib/python3.12/site-packages/airflow/example_dags/example_nested_branch_dag.py
[2024-07-23T02:06:07.596+0000] {processor.py:840} INFO - DAG(s) 'example_nested_branch_dag' retrieved from /home/airflow/.local/lib/python3.12/site-packages/airflow/example_dags/example_nested_branch_dag.py
[2024-07-23T02:06:07.624+0000] {logging_mixin.py:188} INFO - [2024-07-23T02:06:07.624+0000] {dag.py:3089} INFO - Sync 1 DAGs
[2024-07-23T02:06:07.653+0000] {logging_mixin.py:188} INFO - [2024-07-23T02:06:07.653+0000] {dag.py:3947} INFO - Setting next_dagrun for example_nested_branch_dag to 2024-07-22 00:00:00+00:00, run_after=2024-07-23 00:00:00+00:00
[2024-07-23T02:06:07.678+0000] {processor.py:183} INFO - Processing /home/airflow/.local/lib/python3.12/site-packages/airflow/example_dags/example_nested_branch_dag.py took 0.105 seconds
[2024-07-23T02:06:38.003+0000] {processor.py:161} INFO - Started process (PID=1022) to work on /home/airflow/.local/lib/python3.12/site-packages/airflow/example_dags/example_nested_branch_dag.py
[2024-07-23T02:06:38.005+0000] {processor.py:830} INFO - Processing file /home/airflow/.local/lib/python3.12/site-packages/airflow/example_dags/example_nested_branch_dag.py for tasks to queue
[2024-07-23T02:06:38.007+0000] {logging_mixin.py:188} INFO - [2024-07-23T02:06:38.007+0000] {dagbag.py:545} INFO - Filling up the DagBag from /home/airflow/.local/lib/python3.12/site-packages/airflow/example_dags/example_nested_branch_dag.py
[2024-07-23T02:06:38.020+0000] {processor.py:840} INFO - DAG(s) 'example_nested_branch_dag' retrieved from /home/airflow/.local/lib/python3.12/site-packages/airflow/example_dags/example_nested_branch_dag.py
[2024-07-23T02:06:38.045+0000] {logging_mixin.py:188} INFO - [2024-07-23T02:06:38.045+0000] {dag.py:3089} INFO - Sync 1 DAGs
[2024-07-23T02:06:38.073+0000] {logging_mixin.py:188} INFO - [2024-07-23T02:06:38.073+0000] {dag.py:3947} INFO - Setting next_dagrun for example_nested_branch_dag to 2024-07-22 00:00:00+00:00, run_after=2024-07-23 00:00:00+00:00
[2024-07-23T02:06:38.095+0000] {processor.py:183} INFO - Processing /home/airflow/.local/lib/python3.12/site-packages/airflow/example_dags/example_nested_branch_dag.py took 0.099 seconds
[2024-07-23T02:07:08.254+0000] {processor.py:161} INFO - Started process (PID=1081) to work on /home/airflow/.local/lib/python3.12/site-packages/airflow/example_dags/example_nested_branch_dag.py
[2024-07-23T02:07:08.255+0000] {processor.py:830} INFO - Processing file /home/airflow/.local/lib/python3.12/site-packages/airflow/example_dags/example_nested_branch_dag.py for tasks to queue
[2024-07-23T02:07:08.257+0000] {logging_mixin.py:188} INFO - [2024-07-23T02:07:08.256+0000] {dagbag.py:545} INFO - Filling up the DagBag from /home/airflow/.local/lib/python3.12/site-packages/airflow/example_dags/example_nested_branch_dag.py
[2024-07-23T02:07:08.268+0000] {processor.py:840} INFO - DAG(s) 'example_nested_branch_dag' retrieved from /home/airflow/.local/lib/python3.12/site-packages/airflow/example_dags/example_nested_branch_dag.py
[2024-07-23T02:07:08.305+0000] {logging_mixin.py:188} INFO - [2024-07-23T02:07:08.305+0000] {dag.py:3089} INFO - Sync 1 DAGs
[2024-07-23T02:07:08.339+0000] {logging_mixin.py:188} INFO - [2024-07-23T02:07:08.339+0000] {dag.py:3947} INFO - Setting next_dagrun for example_nested_branch_dag to 2024-07-22 00:00:00+00:00, run_after=2024-07-23 00:00:00+00:00
[2024-07-23T02:07:08.366+0000] {processor.py:183} INFO - Processing /home/airflow/.local/lib/python3.12/site-packages/airflow/example_dags/example_nested_branch_dag.py took 0.119 seconds
[2024-07-23T02:07:38.584+0000] {processor.py:161} INFO - Started process (PID=1140) to work on /home/airflow/.local/lib/python3.12/site-packages/airflow/example_dags/example_nested_branch_dag.py
[2024-07-23T02:07:38.585+0000] {processor.py:830} INFO - Processing file /home/airflow/.local/lib/python3.12/site-packages/airflow/example_dags/example_nested_branch_dag.py for tasks to queue
[2024-07-23T02:07:38.588+0000] {logging_mixin.py:188} INFO - [2024-07-23T02:07:38.587+0000] {dagbag.py:545} INFO - Filling up the DagBag from /home/airflow/.local/lib/python3.12/site-packages/airflow/example_dags/example_nested_branch_dag.py
[2024-07-23T02:07:38.602+0000] {processor.py:840} INFO - DAG(s) 'example_nested_branch_dag' retrieved from /home/airflow/.local/lib/python3.12/site-packages/airflow/example_dags/example_nested_branch_dag.py
[2024-07-23T02:07:38.640+0000] {logging_mixin.py:188} INFO - [2024-07-23T02:07:38.640+0000] {dag.py:3089} INFO - Sync 1 DAGs
[2024-07-23T02:07:38.683+0000] {logging_mixin.py:188} INFO - [2024-07-23T02:07:38.682+0000] {dag.py:3947} INFO - Setting next_dagrun for example_nested_branch_dag to 2024-07-22 00:00:00+00:00, run_after=2024-07-23 00:00:00+00:00
[2024-07-23T02:07:38.720+0000] {processor.py:183} INFO - Processing /home/airflow/.local/lib/python3.12/site-packages/airflow/example_dags/example_nested_branch_dag.py took 0.145 seconds
[2024-07-23T02:08:09.211+0000] {processor.py:161} INFO - Started process (PID=1200) to work on /home/airflow/.local/lib/python3.12/site-packages/airflow/example_dags/example_nested_branch_dag.py
[2024-07-23T02:08:09.212+0000] {processor.py:830} INFO - Processing file /home/airflow/.local/lib/python3.12/site-packages/airflow/example_dags/example_nested_branch_dag.py for tasks to queue
[2024-07-23T02:08:09.214+0000] {logging_mixin.py:188} INFO - [2024-07-23T02:08:09.214+0000] {dagbag.py:545} INFO - Filling up the DagBag from /home/airflow/.local/lib/python3.12/site-packages/airflow/example_dags/example_nested_branch_dag.py
[2024-07-23T02:08:09.228+0000] {processor.py:840} INFO - DAG(s) 'example_nested_branch_dag' retrieved from /home/airflow/.local/lib/python3.12/site-packages/airflow/example_dags/example_nested_branch_dag.py
[2024-07-23T02:08:09.261+0000] {logging_mixin.py:188} INFO - [2024-07-23T02:08:09.261+0000] {dag.py:3089} INFO - Sync 1 DAGs
[2024-07-23T02:08:09.294+0000] {logging_mixin.py:188} INFO - [2024-07-23T02:08:09.294+0000] {dag.py:3947} INFO - Setting next_dagrun for example_nested_branch_dag to 2024-07-22 00:00:00+00:00, run_after=2024-07-23 00:00:00+00:00
[2024-07-23T02:08:09.320+0000] {processor.py:183} INFO - Processing /home/airflow/.local/lib/python3.12/site-packages/airflow/example_dags/example_nested_branch_dag.py took 0.116 seconds
[2024-07-23T02:08:40.059+0000] {processor.py:161} INFO - Started process (PID=1258) to work on /home/airflow/.local/lib/python3.12/site-packages/airflow/example_dags/example_nested_branch_dag.py
[2024-07-23T02:08:40.062+0000] {processor.py:830} INFO - Processing file /home/airflow/.local/lib/python3.12/site-packages/airflow/example_dags/example_nested_branch_dag.py for tasks to queue
[2024-07-23T02:08:40.065+0000] {logging_mixin.py:188} INFO - [2024-07-23T02:08:40.065+0000] {dagbag.py:545} INFO - Filling up the DagBag from /home/airflow/.local/lib/python3.12/site-packages/airflow/example_dags/example_nested_branch_dag.py
[2024-07-23T02:08:40.087+0000] {processor.py:840} INFO - DAG(s) 'example_nested_branch_dag' retrieved from /home/airflow/.local/lib/python3.12/site-packages/airflow/example_dags/example_nested_branch_dag.py
[2024-07-23T02:08:40.127+0000] {logging_mixin.py:188} INFO - [2024-07-23T02:08:40.127+0000] {dag.py:3089} INFO - Sync 1 DAGs
[2024-07-23T02:08:40.163+0000] {logging_mixin.py:188} INFO - [2024-07-23T02:08:40.162+0000] {dag.py:3947} INFO - Setting next_dagrun for example_nested_branch_dag to 2024-07-22 00:00:00+00:00, run_after=2024-07-23 00:00:00+00:00
[2024-07-23T02:08:40.195+0000] {processor.py:183} INFO - Processing /home/airflow/.local/lib/python3.12/site-packages/airflow/example_dags/example_nested_branch_dag.py took 0.148 seconds
[2024-07-23T02:09:10.859+0000] {processor.py:161} INFO - Started process (PID=1317) to work on /home/airflow/.local/lib/python3.12/site-packages/airflow/example_dags/example_nested_branch_dag.py
[2024-07-23T02:09:10.860+0000] {processor.py:830} INFO - Processing file /home/airflow/.local/lib/python3.12/site-packages/airflow/example_dags/example_nested_branch_dag.py for tasks to queue
[2024-07-23T02:09:10.862+0000] {logging_mixin.py:188} INFO - [2024-07-23T02:09:10.862+0000] {dagbag.py:545} INFO - Filling up the DagBag from /home/airflow/.local/lib/python3.12/site-packages/airflow/example_dags/example_nested_branch_dag.py
[2024-07-23T02:09:10.874+0000] {processor.py:840} INFO - DAG(s) 'example_nested_branch_dag' retrieved from /home/airflow/.local/lib/python3.12/site-packages/airflow/example_dags/example_nested_branch_dag.py
[2024-07-23T02:09:10.899+0000] {logging_mixin.py:188} INFO - [2024-07-23T02:09:10.899+0000] {dag.py:3089} INFO - Sync 1 DAGs
[2024-07-23T02:09:10.925+0000] {logging_mixin.py:188} INFO - [2024-07-23T02:09:10.925+0000] {dag.py:3947} INFO - Setting next_dagrun for example_nested_branch_dag to 2024-07-22 00:00:00+00:00, run_after=2024-07-23 00:00:00+00:00
[2024-07-23T02:09:10.947+0000] {processor.py:183} INFO - Processing /home/airflow/.local/lib/python3.12/site-packages/airflow/example_dags/example_nested_branch_dag.py took 0.096 seconds
[2024-07-23T02:09:41.257+0000] {processor.py:161} INFO - Started process (PID=1375) to work on /home/airflow/.local/lib/python3.12/site-packages/airflow/example_dags/example_nested_branch_dag.py
[2024-07-23T02:09:41.257+0000] {processor.py:830} INFO - Processing file /home/airflow/.local/lib/python3.12/site-packages/airflow/example_dags/example_nested_branch_dag.py for tasks to queue
[2024-07-23T02:09:41.259+0000] {logging_mixin.py:188} INFO - [2024-07-23T02:09:41.259+0000] {dagbag.py:545} INFO - Filling up the DagBag from /home/airflow/.local/lib/python3.12/site-packages/airflow/example_dags/example_nested_branch_dag.py
[2024-07-23T02:09:41.270+0000] {processor.py:840} INFO - DAG(s) 'example_nested_branch_dag' retrieved from /home/airflow/.local/lib/python3.12/site-packages/airflow/example_dags/example_nested_branch_dag.py
[2024-07-23T02:09:41.294+0000] {logging_mixin.py:188} INFO - [2024-07-23T02:09:41.294+0000] {dag.py:3089} INFO - Sync 1 DAGs
[2024-07-23T02:09:41.319+0000] {logging_mixin.py:188} INFO - [2024-07-23T02:09:41.319+0000] {dag.py:3947} INFO - Setting next_dagrun for example_nested_branch_dag to 2024-07-22 00:00:00+00:00, run_after=2024-07-23 00:00:00+00:00
[2024-07-23T02:09:41.346+0000] {processor.py:183} INFO - Processing /home/airflow/.local/lib/python3.12/site-packages/airflow/example_dags/example_nested_branch_dag.py took 0.095 seconds
[2024-07-23T02:10:12.391+0000] {processor.py:161} INFO - Started process (PID=1434) to work on /home/airflow/.local/lib/python3.12/site-packages/airflow/example_dags/example_nested_branch_dag.py
[2024-07-23T02:10:12.392+0000] {processor.py:830} INFO - Processing file /home/airflow/.local/lib/python3.12/site-packages/airflow/example_dags/example_nested_branch_dag.py for tasks to queue
[2024-07-23T02:10:12.394+0000] {logging_mixin.py:188} INFO - [2024-07-23T02:10:12.394+0000] {dagbag.py:545} INFO - Filling up the DagBag from /home/airflow/.local/lib/python3.12/site-packages/airflow/example_dags/example_nested_branch_dag.py
[2024-07-23T02:10:12.408+0000] {processor.py:840} INFO - DAG(s) 'example_nested_branch_dag' retrieved from /home/airflow/.local/lib/python3.12/site-packages/airflow/example_dags/example_nested_branch_dag.py
[2024-07-23T02:10:12.434+0000] {logging_mixin.py:188} INFO - [2024-07-23T02:10:12.434+0000] {dag.py:3089} INFO - Sync 1 DAGs
[2024-07-23T02:10:12.466+0000] {logging_mixin.py:188} INFO - [2024-07-23T02:10:12.465+0000] {dag.py:3947} INFO - Setting next_dagrun for example_nested_branch_dag to 2024-07-22 00:00:00+00:00, run_after=2024-07-23 00:00:00+00:00
[2024-07-23T02:10:12.487+0000] {processor.py:183} INFO - Processing /home/airflow/.local/lib/python3.12/site-packages/airflow/example_dags/example_nested_branch_dag.py took 0.105 seconds
[2024-07-23T02:10:43.455+0000] {processor.py:161} INFO - Started process (PID=1493) to work on /home/airflow/.local/lib/python3.12/site-packages/airflow/example_dags/example_nested_branch_dag.py
[2024-07-23T02:10:43.456+0000] {processor.py:830} INFO - Processing file /home/airflow/.local/lib/python3.12/site-packages/airflow/example_dags/example_nested_branch_dag.py for tasks to queue
[2024-07-23T02:10:43.459+0000] {logging_mixin.py:188} INFO - [2024-07-23T02:10:43.458+0000] {dagbag.py:545} INFO - Filling up the DagBag from /home/airflow/.local/lib/python3.12/site-packages/airflow/example_dags/example_nested_branch_dag.py
[2024-07-23T02:10:43.473+0000] {processor.py:840} INFO - DAG(s) 'example_nested_branch_dag' retrieved from /home/airflow/.local/lib/python3.12/site-packages/airflow/example_dags/example_nested_branch_dag.py
[2024-07-23T02:10:43.511+0000] {logging_mixin.py:188} INFO - [2024-07-23T02:10:43.511+0000] {dag.py:3089} INFO - Sync 1 DAGs
[2024-07-23T02:10:43.559+0000] {logging_mixin.py:188} INFO - [2024-07-23T02:10:43.558+0000] {dag.py:3947} INFO - Setting next_dagrun for example_nested_branch_dag to 2024-07-22 00:00:00+00:00, run_after=2024-07-23 00:00:00+00:00
[2024-07-23T02:10:43.593+0000] {processor.py:183} INFO - Processing /home/airflow/.local/lib/python3.12/site-packages/airflow/example_dags/example_nested_branch_dag.py took 0.147 seconds
[2024-07-23T02:11:13.773+0000] {processor.py:161} INFO - Started process (PID=1551) to work on /home/airflow/.local/lib/python3.12/site-packages/airflow/example_dags/example_nested_branch_dag.py
[2024-07-23T02:11:13.774+0000] {processor.py:830} INFO - Processing file /home/airflow/.local/lib/python3.12/site-packages/airflow/example_dags/example_nested_branch_dag.py for tasks to queue
[2024-07-23T02:11:13.776+0000] {logging_mixin.py:188} INFO - [2024-07-23T02:11:13.776+0000] {dagbag.py:545} INFO - Filling up the DagBag from /home/airflow/.local/lib/python3.12/site-packages/airflow/example_dags/example_nested_branch_dag.py
[2024-07-23T02:11:13.788+0000] {processor.py:840} INFO - DAG(s) 'example_nested_branch_dag' retrieved from /home/airflow/.local/lib/python3.12/site-packages/airflow/example_dags/example_nested_branch_dag.py
[2024-07-23T02:11:13.811+0000] {logging_mixin.py:188} INFO - [2024-07-23T02:11:13.811+0000] {dag.py:3089} INFO - Sync 1 DAGs
[2024-07-23T02:11:13.836+0000] {logging_mixin.py:188} INFO - [2024-07-23T02:11:13.835+0000] {dag.py:3947} INFO - Setting next_dagrun for example_nested_branch_dag to 2024-07-22 00:00:00+00:00, run_after=2024-07-23 00:00:00+00:00
[2024-07-23T02:11:13.856+0000] {processor.py:183} INFO - Processing /home/airflow/.local/lib/python3.12/site-packages/airflow/example_dags/example_nested_branch_dag.py took 0.089 seconds
[2024-07-23T02:11:43.954+0000] {processor.py:161} INFO - Started process (PID=1609) to work on /home/airflow/.local/lib/python3.12/site-packages/airflow/example_dags/example_nested_branch_dag.py
[2024-07-23T02:11:43.955+0000] {processor.py:830} INFO - Processing file /home/airflow/.local/lib/python3.12/site-packages/airflow/example_dags/example_nested_branch_dag.py for tasks to queue
[2024-07-23T02:11:43.958+0000] {logging_mixin.py:188} INFO - [2024-07-23T02:11:43.957+0000] {dagbag.py:545} INFO - Filling up the DagBag from /home/airflow/.local/lib/python3.12/site-packages/airflow/example_dags/example_nested_branch_dag.py
[2024-07-23T02:11:43.969+0000] {processor.py:840} INFO - DAG(s) 'example_nested_branch_dag' retrieved from /home/airflow/.local/lib/python3.12/site-packages/airflow/example_dags/example_nested_branch_dag.py
[2024-07-23T02:11:43.994+0000] {logging_mixin.py:188} INFO - [2024-07-23T02:11:43.994+0000] {dag.py:3089} INFO - Sync 1 DAGs
[2024-07-23T02:11:44.022+0000] {logging_mixin.py:188} INFO - [2024-07-23T02:11:44.022+0000] {dag.py:3947} INFO - Setting next_dagrun for example_nested_branch_dag to 2024-07-22 00:00:00+00:00, run_after=2024-07-23 00:00:00+00:00
[2024-07-23T02:11:44.046+0000] {processor.py:183} INFO - Processing /home/airflow/.local/lib/python3.12/site-packages/airflow/example_dags/example_nested_branch_dag.py took 0.100 seconds
[2024-07-23T02:12:14.197+0000] {processor.py:161} INFO - Started process (PID=1668) to work on /home/airflow/.local/lib/python3.12/site-packages/airflow/example_dags/example_nested_branch_dag.py
[2024-07-23T02:12:14.198+0000] {processor.py:830} INFO - Processing file /home/airflow/.local/lib/python3.12/site-packages/airflow/example_dags/example_nested_branch_dag.py for tasks to queue
[2024-07-23T02:12:14.200+0000] {logging_mixin.py:188} INFO - [2024-07-23T02:12:14.199+0000] {dagbag.py:545} INFO - Filling up the DagBag from /home/airflow/.local/lib/python3.12/site-packages/airflow/example_dags/example_nested_branch_dag.py
[2024-07-23T02:12:14.209+0000] {processor.py:840} INFO - DAG(s) 'example_nested_branch_dag' retrieved from /home/airflow/.local/lib/python3.12/site-packages/airflow/example_dags/example_nested_branch_dag.py
[2024-07-23T02:12:14.233+0000] {logging_mixin.py:188} INFO - [2024-07-23T02:12:14.233+0000] {dag.py:3089} INFO - Sync 1 DAGs
[2024-07-23T02:12:14.260+0000] {logging_mixin.py:188} INFO - [2024-07-23T02:12:14.260+0000] {dag.py:3947} INFO - Setting next_dagrun for example_nested_branch_dag to 2024-07-22 00:00:00+00:00, run_after=2024-07-23 00:00:00+00:00
[2024-07-23T02:12:14.282+0000] {processor.py:183} INFO - Processing /home/airflow/.local/lib/python3.12/site-packages/airflow/example_dags/example_nested_branch_dag.py took 0.091 seconds
[2024-07-23T02:12:44.549+0000] {processor.py:161} INFO - Started process (PID=1728) to work on /home/airflow/.local/lib/python3.12/site-packages/airflow/example_dags/example_nested_branch_dag.py
[2024-07-23T02:12:44.551+0000] {processor.py:830} INFO - Processing file /home/airflow/.local/lib/python3.12/site-packages/airflow/example_dags/example_nested_branch_dag.py for tasks to queue
[2024-07-23T02:12:44.553+0000] {logging_mixin.py:188} INFO - [2024-07-23T02:12:44.553+0000] {dagbag.py:545} INFO - Filling up the DagBag from /home/airflow/.local/lib/python3.12/site-packages/airflow/example_dags/example_nested_branch_dag.py
[2024-07-23T02:12:44.564+0000] {processor.py:840} INFO - DAG(s) 'example_nested_branch_dag' retrieved from /home/airflow/.local/lib/python3.12/site-packages/airflow/example_dags/example_nested_branch_dag.py
[2024-07-23T02:12:44.587+0000] {logging_mixin.py:188} INFO - [2024-07-23T02:12:44.587+0000] {dag.py:3089} INFO - Sync 1 DAGs
[2024-07-23T02:12:44.613+0000] {logging_mixin.py:188} INFO - [2024-07-23T02:12:44.613+0000] {dag.py:3947} INFO - Setting next_dagrun for example_nested_branch_dag to 2024-07-22 00:00:00+00:00, run_after=2024-07-23 00:00:00+00:00
[2024-07-23T02:12:44.634+0000] {processor.py:183} INFO - Processing /home/airflow/.local/lib/python3.12/site-packages/airflow/example_dags/example_nested_branch_dag.py took 0.091 seconds
[2024-07-23T02:13:14.909+0000] {processor.py:161} INFO - Started process (PID=1787) to work on /home/airflow/.local/lib/python3.12/site-packages/airflow/example_dags/example_nested_branch_dag.py
[2024-07-23T02:13:14.910+0000] {processor.py:830} INFO - Processing file /home/airflow/.local/lib/python3.12/site-packages/airflow/example_dags/example_nested_branch_dag.py for tasks to queue
[2024-07-23T02:13:14.912+0000] {logging_mixin.py:188} INFO - [2024-07-23T02:13:14.912+0000] {dagbag.py:545} INFO - Filling up the DagBag from /home/airflow/.local/lib/python3.12/site-packages/airflow/example_dags/example_nested_branch_dag.py
[2024-07-23T02:13:14.926+0000] {processor.py:840} INFO - DAG(s) 'example_nested_branch_dag' retrieved from /home/airflow/.local/lib/python3.12/site-packages/airflow/example_dags/example_nested_branch_dag.py
[2024-07-23T02:13:14.954+0000] {logging_mixin.py:188} INFO - [2024-07-23T02:13:14.954+0000] {dag.py:3089} INFO - Sync 1 DAGs
[2024-07-23T02:13:14.986+0000] {logging_mixin.py:188} INFO - [2024-07-23T02:13:14.985+0000] {dag.py:3947} INFO - Setting next_dagrun for example_nested_branch_dag to 2024-07-22 00:00:00+00:00, run_after=2024-07-23 00:00:00+00:00
[2024-07-23T02:13:15.018+0000] {processor.py:183} INFO - Processing /home/airflow/.local/lib/python3.12/site-packages/airflow/example_dags/example_nested_branch_dag.py took 0.117 seconds
[2024-07-23T02:13:45.759+0000] {processor.py:161} INFO - Started process (PID=1855) to work on /home/airflow/.local/lib/python3.12/site-packages/airflow/example_dags/example_nested_branch_dag.py
[2024-07-23T02:13:45.764+0000] {processor.py:830} INFO - Processing file /home/airflow/.local/lib/python3.12/site-packages/airflow/example_dags/example_nested_branch_dag.py for tasks to queue
[2024-07-23T02:13:45.771+0000] {logging_mixin.py:188} INFO - [2024-07-23T02:13:45.768+0000] {dagbag.py:545} INFO - Filling up the DagBag from /home/airflow/.local/lib/python3.12/site-packages/airflow/example_dags/example_nested_branch_dag.py
[2024-07-23T02:13:45.800+0000] {processor.py:840} INFO - DAG(s) 'example_nested_branch_dag' retrieved from /home/airflow/.local/lib/python3.12/site-packages/airflow/example_dags/example_nested_branch_dag.py
[2024-07-23T02:13:45.876+0000] {logging_mixin.py:188} INFO - [2024-07-23T02:13:45.876+0000] {dag.py:3089} INFO - Sync 1 DAGs
[2024-07-23T02:13:45.945+0000] {logging_mixin.py:188} INFO - [2024-07-23T02:13:45.944+0000] {dag.py:3947} INFO - Setting next_dagrun for example_nested_branch_dag to 2024-07-22 00:00:00+00:00, run_after=2024-07-23 00:00:00+00:00
[2024-07-23T02:13:46.032+0000] {processor.py:183} INFO - Processing /home/airflow/.local/lib/python3.12/site-packages/airflow/example_dags/example_nested_branch_dag.py took 0.287 seconds
[2024-07-23T02:14:16.294+0000] {processor.py:161} INFO - Started process (PID=1915) to work on /home/airflow/.local/lib/python3.12/site-packages/airflow/example_dags/example_nested_branch_dag.py
[2024-07-23T02:14:16.295+0000] {processor.py:830} INFO - Processing file /home/airflow/.local/lib/python3.12/site-packages/airflow/example_dags/example_nested_branch_dag.py for tasks to queue
[2024-07-23T02:14:16.298+0000] {logging_mixin.py:188} INFO - [2024-07-23T02:14:16.297+0000] {dagbag.py:545} INFO - Filling up the DagBag from /home/airflow/.local/lib/python3.12/site-packages/airflow/example_dags/example_nested_branch_dag.py
[2024-07-23T02:14:16.310+0000] {processor.py:840} INFO - DAG(s) 'example_nested_branch_dag' retrieved from /home/airflow/.local/lib/python3.12/site-packages/airflow/example_dags/example_nested_branch_dag.py
[2024-07-23T02:14:16.341+0000] {logging_mixin.py:188} INFO - [2024-07-23T02:14:16.340+0000] {dag.py:3089} INFO - Sync 1 DAGs
[2024-07-23T02:14:16.379+0000] {logging_mixin.py:188} INFO - [2024-07-23T02:14:16.379+0000] {dag.py:3947} INFO - Setting next_dagrun for example_nested_branch_dag to 2024-07-22 00:00:00+00:00, run_after=2024-07-23 00:00:00+00:00
[2024-07-23T02:14:16.407+0000] {processor.py:183} INFO - Processing /home/airflow/.local/lib/python3.12/site-packages/airflow/example_dags/example_nested_branch_dag.py took 0.120 seconds
[2024-07-23T02:14:47.194+0000] {processor.py:161} INFO - Started process (PID=1973) to work on /home/airflow/.local/lib/python3.12/site-packages/airflow/example_dags/example_nested_branch_dag.py
[2024-07-23T02:14:47.196+0000] {processor.py:830} INFO - Processing file /home/airflow/.local/lib/python3.12/site-packages/airflow/example_dags/example_nested_branch_dag.py for tasks to queue
[2024-07-23T02:14:47.198+0000] {logging_mixin.py:188} INFO - [2024-07-23T02:14:47.198+0000] {dagbag.py:545} INFO - Filling up the DagBag from /home/airflow/.local/lib/python3.12/site-packages/airflow/example_dags/example_nested_branch_dag.py
[2024-07-23T02:14:47.211+0000] {processor.py:840} INFO - DAG(s) 'example_nested_branch_dag' retrieved from /home/airflow/.local/lib/python3.12/site-packages/airflow/example_dags/example_nested_branch_dag.py
[2024-07-23T02:14:47.238+0000] {logging_mixin.py:188} INFO - [2024-07-23T02:14:47.238+0000] {dag.py:3089} INFO - Sync 1 DAGs
[2024-07-23T02:14:47.413+0000] {logging_mixin.py:188} INFO - [2024-07-23T02:14:47.413+0000] {dag.py:3947} INFO - Setting next_dagrun for example_nested_branch_dag to 2024-07-22 00:00:00+00:00, run_after=2024-07-23 00:00:00+00:00
[2024-07-23T02:14:47.432+0000] {processor.py:183} INFO - Processing /home/airflow/.local/lib/python3.12/site-packages/airflow/example_dags/example_nested_branch_dag.py took 0.245 seconds
[2024-07-23T02:15:18.669+0000] {processor.py:161} INFO - Started process (PID=2032) to work on /home/airflow/.local/lib/python3.12/site-packages/airflow/example_dags/example_nested_branch_dag.py
[2024-07-23T02:15:18.672+0000] {processor.py:830} INFO - Processing file /home/airflow/.local/lib/python3.12/site-packages/airflow/example_dags/example_nested_branch_dag.py for tasks to queue
[2024-07-23T02:15:18.679+0000] {logging_mixin.py:188} INFO - [2024-07-23T02:15:18.677+0000] {dagbag.py:545} INFO - Filling up the DagBag from /home/airflow/.local/lib/python3.12/site-packages/airflow/example_dags/example_nested_branch_dag.py
[2024-07-23T02:15:18.722+0000] {processor.py:840} INFO - DAG(s) 'example_nested_branch_dag' retrieved from /home/airflow/.local/lib/python3.12/site-packages/airflow/example_dags/example_nested_branch_dag.py
[2024-07-23T02:15:18.805+0000] {logging_mixin.py:188} INFO - [2024-07-23T02:15:18.804+0000] {dag.py:3089} INFO - Sync 1 DAGs
[2024-07-23T02:15:18.899+0000] {logging_mixin.py:188} INFO - [2024-07-23T02:15:18.898+0000] {dag.py:3947} INFO - Setting next_dagrun for example_nested_branch_dag to 2024-07-22 00:00:00+00:00, run_after=2024-07-23 00:00:00+00:00
[2024-07-23T02:15:19.354+0000] {processor.py:183} INFO - Processing /home/airflow/.local/lib/python3.12/site-packages/airflow/example_dags/example_nested_branch_dag.py took 0.709 seconds
[2024-07-23T02:15:50.020+0000] {processor.py:161} INFO - Started process (PID=2091) to work on /home/airflow/.local/lib/python3.12/site-packages/airflow/example_dags/example_nested_branch_dag.py
[2024-07-23T02:15:50.024+0000] {processor.py:830} INFO - Processing file /home/airflow/.local/lib/python3.12/site-packages/airflow/example_dags/example_nested_branch_dag.py for tasks to queue
[2024-07-23T02:15:50.030+0000] {logging_mixin.py:188} INFO - [2024-07-23T02:15:50.029+0000] {dagbag.py:545} INFO - Filling up the DagBag from /home/airflow/.local/lib/python3.12/site-packages/airflow/example_dags/example_nested_branch_dag.py
[2024-07-23T02:15:50.068+0000] {processor.py:840} INFO - DAG(s) 'example_nested_branch_dag' retrieved from /home/airflow/.local/lib/python3.12/site-packages/airflow/example_dags/example_nested_branch_dag.py
[2024-07-23T02:15:50.159+0000] {logging_mixin.py:188} INFO - [2024-07-23T02:15:50.158+0000] {dag.py:3089} INFO - Sync 1 DAGs
[2024-07-23T02:15:50.278+0000] {logging_mixin.py:188} INFO - [2024-07-23T02:15:50.276+0000] {dag.py:3947} INFO - Setting next_dagrun for example_nested_branch_dag to 2024-07-22 00:00:00+00:00, run_after=2024-07-23 00:00:00+00:00
[2024-07-23T02:15:50.359+0000] {processor.py:183} INFO - Processing /home/airflow/.local/lib/python3.12/site-packages/airflow/example_dags/example_nested_branch_dag.py took 0.368 seconds
[2024-07-23T02:16:21.302+0000] {processor.py:161} INFO - Started process (PID=2151) to work on /home/airflow/.local/lib/python3.12/site-packages/airflow/example_dags/example_nested_branch_dag.py
[2024-07-23T02:16:21.307+0000] {processor.py:830} INFO - Processing file /home/airflow/.local/lib/python3.12/site-packages/airflow/example_dags/example_nested_branch_dag.py for tasks to queue
[2024-07-23T02:16:21.317+0000] {logging_mixin.py:188} INFO - [2024-07-23T02:16:21.315+0000] {dagbag.py:545} INFO - Filling up the DagBag from /home/airflow/.local/lib/python3.12/site-packages/airflow/example_dags/example_nested_branch_dag.py
[2024-07-23T02:16:21.366+0000] {processor.py:840} INFO - DAG(s) 'example_nested_branch_dag' retrieved from /home/airflow/.local/lib/python3.12/site-packages/airflow/example_dags/example_nested_branch_dag.py
[2024-07-23T02:16:21.494+0000] {logging_mixin.py:188} INFO - [2024-07-23T02:16:21.493+0000] {dag.py:3089} INFO - Sync 1 DAGs
[2024-07-23T02:16:21.653+0000] {logging_mixin.py:188} INFO - [2024-07-23T02:16:21.651+0000] {dag.py:3947} INFO - Setting next_dagrun for example_nested_branch_dag to 2024-07-22 00:00:00+00:00, run_after=2024-07-23 00:00:00+00:00
[2024-07-23T02:16:21.758+0000] {processor.py:183} INFO - Processing /home/airflow/.local/lib/python3.12/site-packages/airflow/example_dags/example_nested_branch_dag.py took 0.491 seconds
[2024-07-23T02:16:52.746+0000] {processor.py:161} INFO - Started process (PID=2217) to work on /home/airflow/.local/lib/python3.12/site-packages/airflow/example_dags/example_nested_branch_dag.py
[2024-07-23T02:16:52.750+0000] {processor.py:830} INFO - Processing file /home/airflow/.local/lib/python3.12/site-packages/airflow/example_dags/example_nested_branch_dag.py for tasks to queue
[2024-07-23T02:16:52.785+0000] {logging_mixin.py:188} INFO - [2024-07-23T02:16:52.783+0000] {dagbag.py:545} INFO - Filling up the DagBag from /home/airflow/.local/lib/python3.12/site-packages/airflow/example_dags/example_nested_branch_dag.py
[2024-07-23T02:16:52.993+0000] {processor.py:840} INFO - DAG(s) 'example_nested_branch_dag' retrieved from /home/airflow/.local/lib/python3.12/site-packages/airflow/example_dags/example_nested_branch_dag.py
[2024-07-23T02:16:53.246+0000] {logging_mixin.py:188} INFO - [2024-07-23T02:16:53.245+0000] {dag.py:3089} INFO - Sync 1 DAGs
[2024-07-23T02:16:53.412+0000] {logging_mixin.py:188} INFO - [2024-07-23T02:16:53.410+0000] {dag.py:3947} INFO - Setting next_dagrun for example_nested_branch_dag to 2024-07-22 00:00:00+00:00, run_after=2024-07-23 00:00:00+00:00
[2024-07-23T02:16:53.523+0000] {processor.py:183} INFO - Processing /home/airflow/.local/lib/python3.12/site-packages/airflow/example_dags/example_nested_branch_dag.py took 0.877 seconds
[2024-07-23T02:17:23.864+0000] {processor.py:161} INFO - Started process (PID=2277) to work on /home/airflow/.local/lib/python3.12/site-packages/airflow/example_dags/example_nested_branch_dag.py
[2024-07-23T02:17:23.869+0000] {processor.py:830} INFO - Processing file /home/airflow/.local/lib/python3.12/site-packages/airflow/example_dags/example_nested_branch_dag.py for tasks to queue
[2024-07-23T02:17:23.879+0000] {logging_mixin.py:188} INFO - [2024-07-23T02:17:23.878+0000] {dagbag.py:545} INFO - Filling up the DagBag from /home/airflow/.local/lib/python3.12/site-packages/airflow/example_dags/example_nested_branch_dag.py
[2024-07-23T02:17:23.920+0000] {processor.py:840} INFO - DAG(s) 'example_nested_branch_dag' retrieved from /home/airflow/.local/lib/python3.12/site-packages/airflow/example_dags/example_nested_branch_dag.py
[2024-07-23T02:17:24.010+0000] {logging_mixin.py:188} INFO - [2024-07-23T02:17:24.010+0000] {dag.py:3089} INFO - Sync 1 DAGs
[2024-07-23T02:17:24.106+0000] {logging_mixin.py:188} INFO - [2024-07-23T02:17:24.105+0000] {dag.py:3947} INFO - Setting next_dagrun for example_nested_branch_dag to 2024-07-22 00:00:00+00:00, run_after=2024-07-23 00:00:00+00:00
[2024-07-23T02:17:24.175+0000] {processor.py:183} INFO - Processing /home/airflow/.local/lib/python3.12/site-packages/airflow/example_dags/example_nested_branch_dag.py took 0.342 seconds
[2024-07-23T02:17:54.434+0000] {processor.py:161} INFO - Started process (PID=2336) to work on /home/airflow/.local/lib/python3.12/site-packages/airflow/example_dags/example_nested_branch_dag.py
[2024-07-23T02:17:54.437+0000] {processor.py:830} INFO - Processing file /home/airflow/.local/lib/python3.12/site-packages/airflow/example_dags/example_nested_branch_dag.py for tasks to queue
[2024-07-23T02:17:54.446+0000] {logging_mixin.py:188} INFO - [2024-07-23T02:17:54.444+0000] {dagbag.py:545} INFO - Filling up the DagBag from /home/airflow/.local/lib/python3.12/site-packages/airflow/example_dags/example_nested_branch_dag.py
[2024-07-23T02:17:54.506+0000] {processor.py:840} INFO - DAG(s) 'example_nested_branch_dag' retrieved from /home/airflow/.local/lib/python3.12/site-packages/airflow/example_dags/example_nested_branch_dag.py
[2024-07-23T02:17:54.598+0000] {logging_mixin.py:188} INFO - [2024-07-23T02:17:54.597+0000] {dag.py:3089} INFO - Sync 1 DAGs
[2024-07-23T02:17:54.725+0000] {logging_mixin.py:188} INFO - [2024-07-23T02:17:54.724+0000] {dag.py:3947} INFO - Setting next_dagrun for example_nested_branch_dag to 2024-07-22 00:00:00+00:00, run_after=2024-07-23 00:00:00+00:00
[2024-07-23T02:17:54.811+0000] {processor.py:183} INFO - Processing /home/airflow/.local/lib/python3.12/site-packages/airflow/example_dags/example_nested_branch_dag.py took 0.410 seconds
[2024-07-23T02:18:25.382+0000] {processor.py:161} INFO - Started process (PID=2395) to work on /home/airflow/.local/lib/python3.12/site-packages/airflow/example_dags/example_nested_branch_dag.py
[2024-07-23T02:18:25.387+0000] {processor.py:830} INFO - Processing file /home/airflow/.local/lib/python3.12/site-packages/airflow/example_dags/example_nested_branch_dag.py for tasks to queue
[2024-07-23T02:18:25.395+0000] {logging_mixin.py:188} INFO - [2024-07-23T02:18:25.394+0000] {dagbag.py:545} INFO - Filling up the DagBag from /home/airflow/.local/lib/python3.12/site-packages/airflow/example_dags/example_nested_branch_dag.py
[2024-07-23T02:18:25.447+0000] {processor.py:840} INFO - DAG(s) 'example_nested_branch_dag' retrieved from /home/airflow/.local/lib/python3.12/site-packages/airflow/example_dags/example_nested_branch_dag.py
[2024-07-23T02:18:25.552+0000] {logging_mixin.py:188} INFO - [2024-07-23T02:18:25.551+0000] {dag.py:3089} INFO - Sync 1 DAGs
[2024-07-23T02:18:25.678+0000] {logging_mixin.py:188} INFO - [2024-07-23T02:18:25.676+0000] {dag.py:3947} INFO - Setting next_dagrun for example_nested_branch_dag to 2024-07-22 00:00:00+00:00, run_after=2024-07-23 00:00:00+00:00
[2024-07-23T02:18:25.789+0000] {processor.py:183} INFO - Processing /home/airflow/.local/lib/python3.12/site-packages/airflow/example_dags/example_nested_branch_dag.py took 0.435 seconds
[2024-07-23T02:18:55.894+0000] {processor.py:161} INFO - Started process (PID=2456) to work on /home/airflow/.local/lib/python3.12/site-packages/airflow/example_dags/example_nested_branch_dag.py
[2024-07-23T02:18:55.897+0000] {processor.py:830} INFO - Processing file /home/airflow/.local/lib/python3.12/site-packages/airflow/example_dags/example_nested_branch_dag.py for tasks to queue
[2024-07-23T02:18:55.904+0000] {logging_mixin.py:188} INFO - [2024-07-23T02:18:55.902+0000] {dagbag.py:545} INFO - Filling up the DagBag from /home/airflow/.local/lib/python3.12/site-packages/airflow/example_dags/example_nested_branch_dag.py
[2024-07-23T02:18:55.949+0000] {processor.py:840} INFO - DAG(s) 'example_nested_branch_dag' retrieved from /home/airflow/.local/lib/python3.12/site-packages/airflow/example_dags/example_nested_branch_dag.py
[2024-07-23T02:18:56.057+0000] {logging_mixin.py:188} INFO - [2024-07-23T02:18:56.056+0000] {dag.py:3089} INFO - Sync 1 DAGs
[2024-07-23T02:18:56.147+0000] {logging_mixin.py:188} INFO - [2024-07-23T02:18:56.146+0000] {dag.py:3947} INFO - Setting next_dagrun for example_nested_branch_dag to 2024-07-22 00:00:00+00:00, run_after=2024-07-23 00:00:00+00:00
[2024-07-23T02:18:56.215+0000] {processor.py:183} INFO - Processing /home/airflow/.local/lib/python3.12/site-packages/airflow/example_dags/example_nested_branch_dag.py took 0.345 seconds
[2024-07-23T02:19:26.494+0000] {processor.py:161} INFO - Started process (PID=2515) to work on /home/airflow/.local/lib/python3.12/site-packages/airflow/example_dags/example_nested_branch_dag.py
[2024-07-23T02:19:26.497+0000] {processor.py:830} INFO - Processing file /home/airflow/.local/lib/python3.12/site-packages/airflow/example_dags/example_nested_branch_dag.py for tasks to queue
[2024-07-23T02:19:26.504+0000] {logging_mixin.py:188} INFO - [2024-07-23T02:19:26.502+0000] {dagbag.py:545} INFO - Filling up the DagBag from /home/airflow/.local/lib/python3.12/site-packages/airflow/example_dags/example_nested_branch_dag.py
[2024-07-23T02:19:26.548+0000] {processor.py:840} INFO - DAG(s) 'example_nested_branch_dag' retrieved from /home/airflow/.local/lib/python3.12/site-packages/airflow/example_dags/example_nested_branch_dag.py
[2024-07-23T02:19:26.625+0000] {logging_mixin.py:188} INFO - [2024-07-23T02:19:26.625+0000] {dag.py:3089} INFO - Sync 1 DAGs
[2024-07-23T02:19:26.712+0000] {logging_mixin.py:188} INFO - [2024-07-23T02:19:26.712+0000] {dag.py:3947} INFO - Setting next_dagrun for example_nested_branch_dag to 2024-07-22 00:00:00+00:00, run_after=2024-07-23 00:00:00+00:00
[2024-07-23T02:19:26.782+0000] {processor.py:183} INFO - Processing /home/airflow/.local/lib/python3.12/site-packages/airflow/example_dags/example_nested_branch_dag.py took 0.313 seconds
[2024-07-23T02:19:57.106+0000] {processor.py:161} INFO - Started process (PID=2573) to work on /home/airflow/.local/lib/python3.12/site-packages/airflow/example_dags/example_nested_branch_dag.py
[2024-07-23T02:19:57.107+0000] {processor.py:830} INFO - Processing file /home/airflow/.local/lib/python3.12/site-packages/airflow/example_dags/example_nested_branch_dag.py for tasks to queue
[2024-07-23T02:19:57.109+0000] {logging_mixin.py:188} INFO - [2024-07-23T02:19:57.109+0000] {dagbag.py:545} INFO - Filling up the DagBag from /home/airflow/.local/lib/python3.12/site-packages/airflow/example_dags/example_nested_branch_dag.py
[2024-07-23T02:19:57.123+0000] {processor.py:840} INFO - DAG(s) 'example_nested_branch_dag' retrieved from /home/airflow/.local/lib/python3.12/site-packages/airflow/example_dags/example_nested_branch_dag.py
[2024-07-23T02:19:57.152+0000] {logging_mixin.py:188} INFO - [2024-07-23T02:19:57.152+0000] {dag.py:3089} INFO - Sync 1 DAGs
[2024-07-23T02:19:57.183+0000] {logging_mixin.py:188} INFO - [2024-07-23T02:19:57.182+0000] {dag.py:3947} INFO - Setting next_dagrun for example_nested_branch_dag to 2024-07-22 00:00:00+00:00, run_after=2024-07-23 00:00:00+00:00
[2024-07-23T02:19:57.208+0000] {processor.py:183} INFO - Processing /home/airflow/.local/lib/python3.12/site-packages/airflow/example_dags/example_nested_branch_dag.py took 0.111 seconds
[2024-07-23T02:20:27.324+0000] {processor.py:161} INFO - Started process (PID=2631) to work on /home/airflow/.local/lib/python3.12/site-packages/airflow/example_dags/example_nested_branch_dag.py
[2024-07-23T02:20:27.325+0000] {processor.py:830} INFO - Processing file /home/airflow/.local/lib/python3.12/site-packages/airflow/example_dags/example_nested_branch_dag.py for tasks to queue
[2024-07-23T02:20:27.328+0000] {logging_mixin.py:188} INFO - [2024-07-23T02:20:27.327+0000] {dagbag.py:545} INFO - Filling up the DagBag from /home/airflow/.local/lib/python3.12/site-packages/airflow/example_dags/example_nested_branch_dag.py
[2024-07-23T02:20:27.342+0000] {processor.py:840} INFO - DAG(s) 'example_nested_branch_dag' retrieved from /home/airflow/.local/lib/python3.12/site-packages/airflow/example_dags/example_nested_branch_dag.py
[2024-07-23T02:20:27.377+0000] {logging_mixin.py:188} INFO - [2024-07-23T02:20:27.376+0000] {dag.py:3089} INFO - Sync 1 DAGs
[2024-07-23T02:20:27.424+0000] {logging_mixin.py:188} INFO - [2024-07-23T02:20:27.423+0000] {dag.py:3947} INFO - Setting next_dagrun for example_nested_branch_dag to 2024-07-22 00:00:00+00:00, run_after=2024-07-23 00:00:00+00:00
[2024-07-23T02:20:27.452+0000] {processor.py:183} INFO - Processing /home/airflow/.local/lib/python3.12/site-packages/airflow/example_dags/example_nested_branch_dag.py took 0.138 seconds
[2024-07-23T02:20:57.536+0000] {processor.py:161} INFO - Started process (PID=2689) to work on /home/airflow/.local/lib/python3.12/site-packages/airflow/example_dags/example_nested_branch_dag.py
[2024-07-23T02:20:57.536+0000] {processor.py:830} INFO - Processing file /home/airflow/.local/lib/python3.12/site-packages/airflow/example_dags/example_nested_branch_dag.py for tasks to queue
[2024-07-23T02:20:57.538+0000] {logging_mixin.py:188} INFO - [2024-07-23T02:20:57.538+0000] {dagbag.py:545} INFO - Filling up the DagBag from /home/airflow/.local/lib/python3.12/site-packages/airflow/example_dags/example_nested_branch_dag.py
[2024-07-23T02:20:57.548+0000] {processor.py:840} INFO - DAG(s) 'example_nested_branch_dag' retrieved from /home/airflow/.local/lib/python3.12/site-packages/airflow/example_dags/example_nested_branch_dag.py
[2024-07-23T02:20:57.570+0000] {logging_mixin.py:188} INFO - [2024-07-23T02:20:57.570+0000] {dag.py:3089} INFO - Sync 1 DAGs
[2024-07-23T02:20:57.593+0000] {logging_mixin.py:188} INFO - [2024-07-23T02:20:57.592+0000] {dag.py:3947} INFO - Setting next_dagrun for example_nested_branch_dag to 2024-07-22 00:00:00+00:00, run_after=2024-07-23 00:00:00+00:00
[2024-07-23T02:20:57.611+0000] {processor.py:183} INFO - Processing /home/airflow/.local/lib/python3.12/site-packages/airflow/example_dags/example_nested_branch_dag.py took 0.082 seconds
[2024-07-23T02:21:27.922+0000] {processor.py:161} INFO - Started process (PID=2748) to work on /home/airflow/.local/lib/python3.12/site-packages/airflow/example_dags/example_nested_branch_dag.py
[2024-07-23T02:21:27.923+0000] {processor.py:830} INFO - Processing file /home/airflow/.local/lib/python3.12/site-packages/airflow/example_dags/example_nested_branch_dag.py for tasks to queue
[2024-07-23T02:21:27.925+0000] {logging_mixin.py:188} INFO - [2024-07-23T02:21:27.925+0000] {dagbag.py:545} INFO - Filling up the DagBag from /home/airflow/.local/lib/python3.12/site-packages/airflow/example_dags/example_nested_branch_dag.py
[2024-07-23T02:21:27.938+0000] {processor.py:840} INFO - DAG(s) 'example_nested_branch_dag' retrieved from /home/airflow/.local/lib/python3.12/site-packages/airflow/example_dags/example_nested_branch_dag.py
[2024-07-23T02:21:27.962+0000] {logging_mixin.py:188} INFO - [2024-07-23T02:21:27.962+0000] {dag.py:3089} INFO - Sync 1 DAGs
[2024-07-23T02:21:27.989+0000] {logging_mixin.py:188} INFO - [2024-07-23T02:21:27.989+0000] {dag.py:3947} INFO - Setting next_dagrun for example_nested_branch_dag to 2024-07-22 00:00:00+00:00, run_after=2024-07-23 00:00:00+00:00
[2024-07-23T02:21:28.014+0000] {processor.py:183} INFO - Processing /home/airflow/.local/lib/python3.12/site-packages/airflow/example_dags/example_nested_branch_dag.py took 0.099 seconds
[2024-07-23T02:21:58.200+0000] {processor.py:161} INFO - Started process (PID=2808) to work on /home/airflow/.local/lib/python3.12/site-packages/airflow/example_dags/example_nested_branch_dag.py
[2024-07-23T02:21:58.201+0000] {processor.py:830} INFO - Processing file /home/airflow/.local/lib/python3.12/site-packages/airflow/example_dags/example_nested_branch_dag.py for tasks to queue
[2024-07-23T02:21:58.203+0000] {logging_mixin.py:188} INFO - [2024-07-23T02:21:58.203+0000] {dagbag.py:545} INFO - Filling up the DagBag from /home/airflow/.local/lib/python3.12/site-packages/airflow/example_dags/example_nested_branch_dag.py
[2024-07-23T02:21:58.217+0000] {processor.py:840} INFO - DAG(s) 'example_nested_branch_dag' retrieved from /home/airflow/.local/lib/python3.12/site-packages/airflow/example_dags/example_nested_branch_dag.py
[2024-07-23T02:21:58.247+0000] {logging_mixin.py:188} INFO - [2024-07-23T02:21:58.247+0000] {dag.py:3089} INFO - Sync 1 DAGs
[2024-07-23T02:21:58.276+0000] {logging_mixin.py:188} INFO - [2024-07-23T02:21:58.275+0000] {dag.py:3947} INFO - Setting next_dagrun for example_nested_branch_dag to 2024-07-22 00:00:00+00:00, run_after=2024-07-23 00:00:00+00:00
[2024-07-23T02:21:58.299+0000] {processor.py:183} INFO - Processing /home/airflow/.local/lib/python3.12/site-packages/airflow/example_dags/example_nested_branch_dag.py took 0.107 seconds
[2024-07-23T02:22:28.681+0000] {processor.py:161} INFO - Started process (PID=2867) to work on /home/airflow/.local/lib/python3.12/site-packages/airflow/example_dags/example_nested_branch_dag.py
[2024-07-23T02:22:28.682+0000] {processor.py:830} INFO - Processing file /home/airflow/.local/lib/python3.12/site-packages/airflow/example_dags/example_nested_branch_dag.py for tasks to queue
[2024-07-23T02:22:28.684+0000] {logging_mixin.py:188} INFO - [2024-07-23T02:22:28.684+0000] {dagbag.py:545} INFO - Filling up the DagBag from /home/airflow/.local/lib/python3.12/site-packages/airflow/example_dags/example_nested_branch_dag.py
[2024-07-23T02:22:28.696+0000] {processor.py:840} INFO - DAG(s) 'example_nested_branch_dag' retrieved from /home/airflow/.local/lib/python3.12/site-packages/airflow/example_dags/example_nested_branch_dag.py
[2024-07-23T02:22:28.722+0000] {logging_mixin.py:188} INFO - [2024-07-23T02:22:28.722+0000] {dag.py:3089} INFO - Sync 1 DAGs
[2024-07-23T02:22:28.750+0000] {logging_mixin.py:188} INFO - [2024-07-23T02:22:28.750+0000] {dag.py:3947} INFO - Setting next_dagrun for example_nested_branch_dag to 2024-07-22 00:00:00+00:00, run_after=2024-07-23 00:00:00+00:00
[2024-07-23T02:22:28.780+0000] {processor.py:183} INFO - Processing /home/airflow/.local/lib/python3.12/site-packages/airflow/example_dags/example_nested_branch_dag.py took 0.106 seconds
[2024-07-23T02:22:59.086+0000] {processor.py:161} INFO - Started process (PID=2934) to work on /home/airflow/.local/lib/python3.12/site-packages/airflow/example_dags/example_nested_branch_dag.py
[2024-07-23T02:22:59.087+0000] {processor.py:830} INFO - Processing file /home/airflow/.local/lib/python3.12/site-packages/airflow/example_dags/example_nested_branch_dag.py for tasks to queue
[2024-07-23T02:22:59.091+0000] {logging_mixin.py:188} INFO - [2024-07-23T02:22:59.090+0000] {dagbag.py:545} INFO - Filling up the DagBag from /home/airflow/.local/lib/python3.12/site-packages/airflow/example_dags/example_nested_branch_dag.py
[2024-07-23T02:22:59.115+0000] {processor.py:840} INFO - DAG(s) 'example_nested_branch_dag' retrieved from /home/airflow/.local/lib/python3.12/site-packages/airflow/example_dags/example_nested_branch_dag.py
[2024-07-23T02:22:59.171+0000] {logging_mixin.py:188} INFO - [2024-07-23T02:22:59.171+0000] {dag.py:3089} INFO - Sync 1 DAGs
[2024-07-23T02:22:59.226+0000] {logging_mixin.py:188} INFO - [2024-07-23T02:22:59.226+0000] {dag.py:3947} INFO - Setting next_dagrun for example_nested_branch_dag to 2024-07-22 00:00:00+00:00, run_after=2024-07-23 00:00:00+00:00
[2024-07-23T02:22:59.267+0000] {processor.py:183} INFO - Processing /home/airflow/.local/lib/python3.12/site-packages/airflow/example_dags/example_nested_branch_dag.py took 0.196 seconds
[2024-07-23T02:23:29.429+0000] {processor.py:161} INFO - Started process (PID=2992) to work on /home/airflow/.local/lib/python3.12/site-packages/airflow/example_dags/example_nested_branch_dag.py
[2024-07-23T02:23:29.430+0000] {processor.py:830} INFO - Processing file /home/airflow/.local/lib/python3.12/site-packages/airflow/example_dags/example_nested_branch_dag.py for tasks to queue
[2024-07-23T02:23:29.432+0000] {logging_mixin.py:188} INFO - [2024-07-23T02:23:29.431+0000] {dagbag.py:545} INFO - Filling up the DagBag from /home/airflow/.local/lib/python3.12/site-packages/airflow/example_dags/example_nested_branch_dag.py
[2024-07-23T02:23:29.446+0000] {processor.py:840} INFO - DAG(s) 'example_nested_branch_dag' retrieved from /home/airflow/.local/lib/python3.12/site-packages/airflow/example_dags/example_nested_branch_dag.py
[2024-07-23T02:23:29.482+0000] {logging_mixin.py:188} INFO - [2024-07-23T02:23:29.482+0000] {dag.py:3089} INFO - Sync 1 DAGs
[2024-07-23T02:23:29.511+0000] {logging_mixin.py:188} INFO - [2024-07-23T02:23:29.511+0000] {dag.py:3947} INFO - Setting next_dagrun for example_nested_branch_dag to 2024-07-22 00:00:00+00:00, run_after=2024-07-23 00:00:00+00:00
[2024-07-23T02:23:29.538+0000] {processor.py:183} INFO - Processing /home/airflow/.local/lib/python3.12/site-packages/airflow/example_dags/example_nested_branch_dag.py took 0.117 seconds
[2024-07-23T02:24:00.318+0000] {processor.py:161} INFO - Started process (PID=3056) to work on /home/airflow/.local/lib/python3.12/site-packages/airflow/example_dags/example_nested_branch_dag.py
[2024-07-23T02:24:00.321+0000] {processor.py:830} INFO - Processing file /home/airflow/.local/lib/python3.12/site-packages/airflow/example_dags/example_nested_branch_dag.py for tasks to queue
[2024-07-23T02:24:00.328+0000] {logging_mixin.py:188} INFO - [2024-07-23T02:24:00.326+0000] {dagbag.py:545} INFO - Filling up the DagBag from /home/airflow/.local/lib/python3.12/site-packages/airflow/example_dags/example_nested_branch_dag.py
[2024-07-23T02:24:00.384+0000] {processor.py:840} INFO - DAG(s) 'example_nested_branch_dag' retrieved from /home/airflow/.local/lib/python3.12/site-packages/airflow/example_dags/example_nested_branch_dag.py
[2024-07-23T02:24:00.466+0000] {logging_mixin.py:188} INFO - [2024-07-23T02:24:00.465+0000] {dag.py:3089} INFO - Sync 1 DAGs
[2024-07-23T02:24:00.556+0000] {logging_mixin.py:188} INFO - [2024-07-23T02:24:00.555+0000] {dag.py:3947} INFO - Setting next_dagrun for example_nested_branch_dag to 2024-07-22 00:00:00+00:00, run_after=2024-07-23 00:00:00+00:00
[2024-07-23T02:24:00.641+0000] {processor.py:183} INFO - Processing /home/airflow/.local/lib/python3.12/site-packages/airflow/example_dags/example_nested_branch_dag.py took 0.347 seconds
[2024-07-23T02:24:31.160+0000] {processor.py:161} INFO - Started process (PID=3115) to work on /home/airflow/.local/lib/python3.12/site-packages/airflow/example_dags/example_nested_branch_dag.py
[2024-07-23T02:24:31.163+0000] {processor.py:830} INFO - Processing file /home/airflow/.local/lib/python3.12/site-packages/airflow/example_dags/example_nested_branch_dag.py for tasks to queue
[2024-07-23T02:24:31.169+0000] {logging_mixin.py:188} INFO - [2024-07-23T02:24:31.168+0000] {dagbag.py:545} INFO - Filling up the DagBag from /home/airflow/.local/lib/python3.12/site-packages/airflow/example_dags/example_nested_branch_dag.py
[2024-07-23T02:24:31.210+0000] {processor.py:840} INFO - DAG(s) 'example_nested_branch_dag' retrieved from /home/airflow/.local/lib/python3.12/site-packages/airflow/example_dags/example_nested_branch_dag.py
[2024-07-23T02:24:31.297+0000] {logging_mixin.py:188} INFO - [2024-07-23T02:24:31.296+0000] {dag.py:3089} INFO - Sync 1 DAGs
[2024-07-23T02:24:31.400+0000] {logging_mixin.py:188} INFO - [2024-07-23T02:24:31.399+0000] {dag.py:3947} INFO - Setting next_dagrun for example_nested_branch_dag to 2024-07-22 00:00:00+00:00, run_after=2024-07-23 00:00:00+00:00
[2024-07-23T02:24:31.466+0000] {processor.py:183} INFO - Processing /home/airflow/.local/lib/python3.12/site-packages/airflow/example_dags/example_nested_branch_dag.py took 0.331 seconds
[2024-07-23T02:25:02.743+0000] {processor.py:161} INFO - Started process (PID=3173) to work on /home/airflow/.local/lib/python3.12/site-packages/airflow/example_dags/example_nested_branch_dag.py
[2024-07-23T02:25:02.747+0000] {processor.py:830} INFO - Processing file /home/airflow/.local/lib/python3.12/site-packages/airflow/example_dags/example_nested_branch_dag.py for tasks to queue
[2024-07-23T02:25:02.754+0000] {logging_mixin.py:188} INFO - [2024-07-23T02:25:02.753+0000] {dagbag.py:545} INFO - Filling up the DagBag from /home/airflow/.local/lib/python3.12/site-packages/airflow/example_dags/example_nested_branch_dag.py
[2024-07-23T02:25:02.795+0000] {processor.py:840} INFO - DAG(s) 'example_nested_branch_dag' retrieved from /home/airflow/.local/lib/python3.12/site-packages/airflow/example_dags/example_nested_branch_dag.py
[2024-07-23T02:25:02.884+0000] {logging_mixin.py:188} INFO - [2024-07-23T02:25:02.883+0000] {dag.py:3089} INFO - Sync 1 DAGs
[2024-07-23T02:25:02.977+0000] {logging_mixin.py:188} INFO - [2024-07-23T02:25:02.976+0000] {dag.py:3947} INFO - Setting next_dagrun for example_nested_branch_dag to 2024-07-22 00:00:00+00:00, run_after=2024-07-23 00:00:00+00:00
[2024-07-23T02:25:03.045+0000] {processor.py:183} INFO - Processing /home/airflow/.local/lib/python3.12/site-packages/airflow/example_dags/example_nested_branch_dag.py took 0.332 seconds
[2024-07-23T02:25:33.261+0000] {processor.py:161} INFO - Started process (PID=3232) to work on /home/airflow/.local/lib/python3.12/site-packages/airflow/example_dags/example_nested_branch_dag.py
[2024-07-23T02:25:33.262+0000] {processor.py:830} INFO - Processing file /home/airflow/.local/lib/python3.12/site-packages/airflow/example_dags/example_nested_branch_dag.py for tasks to queue
[2024-07-23T02:25:33.264+0000] {logging_mixin.py:188} INFO - [2024-07-23T02:25:33.264+0000] {dagbag.py:545} INFO - Filling up the DagBag from /home/airflow/.local/lib/python3.12/site-packages/airflow/example_dags/example_nested_branch_dag.py
[2024-07-23T02:25:33.275+0000] {processor.py:840} INFO - DAG(s) 'example_nested_branch_dag' retrieved from /home/airflow/.local/lib/python3.12/site-packages/airflow/example_dags/example_nested_branch_dag.py
[2024-07-23T02:25:33.301+0000] {logging_mixin.py:188} INFO - [2024-07-23T02:25:33.301+0000] {dag.py:3089} INFO - Sync 1 DAGs
[2024-07-23T02:25:33.328+0000] {logging_mixin.py:188} INFO - [2024-07-23T02:25:33.328+0000] {dag.py:3947} INFO - Setting next_dagrun for example_nested_branch_dag to 2024-07-22 00:00:00+00:00, run_after=2024-07-23 00:00:00+00:00
[2024-07-23T02:25:33.358+0000] {processor.py:183} INFO - Processing /home/airflow/.local/lib/python3.12/site-packages/airflow/example_dags/example_nested_branch_dag.py took 0.106 seconds
[2024-07-23T02:26:03.427+0000] {processor.py:161} INFO - Started process (PID=3291) to work on /home/airflow/.local/lib/python3.12/site-packages/airflow/example_dags/example_nested_branch_dag.py
[2024-07-23T02:26:03.429+0000] {processor.py:830} INFO - Processing file /home/airflow/.local/lib/python3.12/site-packages/airflow/example_dags/example_nested_branch_dag.py for tasks to queue
[2024-07-23T02:26:03.432+0000] {logging_mixin.py:188} INFO - [2024-07-23T02:26:03.432+0000] {dagbag.py:545} INFO - Filling up the DagBag from /home/airflow/.local/lib/python3.12/site-packages/airflow/example_dags/example_nested_branch_dag.py
[2024-07-23T02:26:03.455+0000] {processor.py:840} INFO - DAG(s) 'example_nested_branch_dag' retrieved from /home/airflow/.local/lib/python3.12/site-packages/airflow/example_dags/example_nested_branch_dag.py
[2024-07-23T02:26:03.491+0000] {logging_mixin.py:188} INFO - [2024-07-23T02:26:03.491+0000] {dag.py:3089} INFO - Sync 1 DAGs
[2024-07-23T02:26:03.521+0000] {logging_mixin.py:188} INFO - [2024-07-23T02:26:03.520+0000] {dag.py:3947} INFO - Setting next_dagrun for example_nested_branch_dag to 2024-07-22 00:00:00+00:00, run_after=2024-07-23 00:00:00+00:00
[2024-07-23T02:26:03.544+0000] {processor.py:183} INFO - Processing /home/airflow/.local/lib/python3.12/site-packages/airflow/example_dags/example_nested_branch_dag.py took 0.126 seconds
[2024-07-23T02:26:33.760+0000] {processor.py:161} INFO - Started process (PID=3350) to work on /home/airflow/.local/lib/python3.12/site-packages/airflow/example_dags/example_nested_branch_dag.py
[2024-07-23T02:26:33.761+0000] {processor.py:830} INFO - Processing file /home/airflow/.local/lib/python3.12/site-packages/airflow/example_dags/example_nested_branch_dag.py for tasks to queue
[2024-07-23T02:26:33.762+0000] {logging_mixin.py:188} INFO - [2024-07-23T02:26:33.762+0000] {dagbag.py:545} INFO - Filling up the DagBag from /home/airflow/.local/lib/python3.12/site-packages/airflow/example_dags/example_nested_branch_dag.py
[2024-07-23T02:26:33.774+0000] {processor.py:840} INFO - DAG(s) 'example_nested_branch_dag' retrieved from /home/airflow/.local/lib/python3.12/site-packages/airflow/example_dags/example_nested_branch_dag.py
[2024-07-23T02:26:33.800+0000] {logging_mixin.py:188} INFO - [2024-07-23T02:26:33.799+0000] {dag.py:3089} INFO - Sync 1 DAGs
[2024-07-23T02:26:33.828+0000] {logging_mixin.py:188} INFO - [2024-07-23T02:26:33.827+0000] {dag.py:3947} INFO - Setting next_dagrun for example_nested_branch_dag to 2024-07-22 00:00:00+00:00, run_after=2024-07-23 00:00:00+00:00
[2024-07-23T02:26:33.851+0000] {processor.py:183} INFO - Processing /home/airflow/.local/lib/python3.12/site-packages/airflow/example_dags/example_nested_branch_dag.py took 0.099 seconds
[2024-07-23T02:27:04.914+0000] {processor.py:161} INFO - Started process (PID=3409) to work on /home/airflow/.local/lib/python3.12/site-packages/airflow/example_dags/example_nested_branch_dag.py
[2024-07-23T02:27:04.917+0000] {processor.py:830} INFO - Processing file /home/airflow/.local/lib/python3.12/site-packages/airflow/example_dags/example_nested_branch_dag.py for tasks to queue
[2024-07-23T02:27:04.923+0000] {logging_mixin.py:188} INFO - [2024-07-23T02:27:04.922+0000] {dagbag.py:545} INFO - Filling up the DagBag from /home/airflow/.local/lib/python3.12/site-packages/airflow/example_dags/example_nested_branch_dag.py
[2024-07-23T02:27:04.962+0000] {processor.py:840} INFO - DAG(s) 'example_nested_branch_dag' retrieved from /home/airflow/.local/lib/python3.12/site-packages/airflow/example_dags/example_nested_branch_dag.py
[2024-07-23T02:27:05.046+0000] {logging_mixin.py:188} INFO - [2024-07-23T02:27:05.045+0000] {dag.py:3089} INFO - Sync 1 DAGs
[2024-07-23T02:27:05.137+0000] {logging_mixin.py:188} INFO - [2024-07-23T02:27:05.136+0000] {dag.py:3947} INFO - Setting next_dagrun for example_nested_branch_dag to 2024-07-22 00:00:00+00:00, run_after=2024-07-23 00:00:00+00:00
[2024-07-23T02:27:05.206+0000] {processor.py:183} INFO - Processing /home/airflow/.local/lib/python3.12/site-packages/airflow/example_dags/example_nested_branch_dag.py took 0.315 seconds
[2024-07-23T02:27:35.903+0000] {processor.py:161} INFO - Started process (PID=3468) to work on /home/airflow/.local/lib/python3.12/site-packages/airflow/example_dags/example_nested_branch_dag.py
[2024-07-23T02:27:35.904+0000] {processor.py:830} INFO - Processing file /home/airflow/.local/lib/python3.12/site-packages/airflow/example_dags/example_nested_branch_dag.py for tasks to queue
[2024-07-23T02:27:35.905+0000] {logging_mixin.py:188} INFO - [2024-07-23T02:27:35.905+0000] {dagbag.py:545} INFO - Filling up the DagBag from /home/airflow/.local/lib/python3.12/site-packages/airflow/example_dags/example_nested_branch_dag.py
[2024-07-23T02:27:35.918+0000] {processor.py:840} INFO - DAG(s) 'example_nested_branch_dag' retrieved from /home/airflow/.local/lib/python3.12/site-packages/airflow/example_dags/example_nested_branch_dag.py
[2024-07-23T02:27:35.941+0000] {logging_mixin.py:188} INFO - [2024-07-23T02:27:35.941+0000] {dag.py:3089} INFO - Sync 1 DAGs
[2024-07-23T02:27:35.971+0000] {logging_mixin.py:188} INFO - [2024-07-23T02:27:35.971+0000] {dag.py:3947} INFO - Setting next_dagrun for example_nested_branch_dag to 2024-07-22 00:00:00+00:00, run_after=2024-07-23 00:00:00+00:00
[2024-07-23T02:27:35.994+0000] {processor.py:183} INFO - Processing /home/airflow/.local/lib/python3.12/site-packages/airflow/example_dags/example_nested_branch_dag.py took 0.098 seconds
