[2024-07-23T01:58:23.397+0000] {processor.py:161} INFO - Started process (PID=99) to work on /home/airflow/.local/lib/python3.12/site-packages/airflow/example_dags/example_python_decorator.py
[2024-07-23T01:58:23.397+0000] {processor.py:830} INFO - Processing file /home/airflow/.local/lib/python3.12/site-packages/airflow/example_dags/example_python_decorator.py for tasks to queue
[2024-07-23T01:58:23.399+0000] {logging_mixin.py:188} INFO - [2024-07-23T01:58:23.399+0000] {dagbag.py:545} INFO - Filling up the DagBag from /home/airflow/.local/lib/python3.12/site-packages/airflow/example_dags/example_python_decorator.py
[2024-07-23T01:58:23.414+0000] {processor.py:840} INFO - DAG(s) 'example_python_decorator' retrieved from /home/airflow/.local/lib/python3.12/site-packages/airflow/example_dags/example_python_decorator.py
[2024-07-23T01:58:23.545+0000] {logging_mixin.py:188} INFO - [2024-07-23T01:58:23.545+0000] {dag.py:3089} INFO - Sync 1 DAGs
[2024-07-23T01:58:23.558+0000] {logging_mixin.py:188} INFO - [2024-07-23T01:58:23.558+0000] {dag.py:3947} INFO - Setting next_dagrun for example_python_decorator to None, run_after=None
[2024-07-23T01:58:23.583+0000] {processor.py:183} INFO - Processing /home/airflow/.local/lib/python3.12/site-packages/airflow/example_dags/example_python_decorator.py took 0.193 seconds
[2024-07-23T01:58:53.738+0000] {processor.py:161} INFO - Started process (PID=157) to work on /home/airflow/.local/lib/python3.12/site-packages/airflow/example_dags/example_python_decorator.py
[2024-07-23T01:58:53.741+0000] {processor.py:830} INFO - Processing file /home/airflow/.local/lib/python3.12/site-packages/airflow/example_dags/example_python_decorator.py for tasks to queue
[2024-07-23T01:58:53.742+0000] {logging_mixin.py:188} INFO - [2024-07-23T01:58:53.742+0000] {dagbag.py:545} INFO - Filling up the DagBag from /home/airflow/.local/lib/python3.12/site-packages/airflow/example_dags/example_python_decorator.py
[2024-07-23T01:58:53.757+0000] {processor.py:840} INFO - DAG(s) 'example_python_decorator' retrieved from /home/airflow/.local/lib/python3.12/site-packages/airflow/example_dags/example_python_decorator.py
[2024-07-23T01:58:53.790+0000] {logging_mixin.py:188} INFO - [2024-07-23T01:58:53.789+0000] {dag.py:3089} INFO - Sync 1 DAGs
[2024-07-23T01:58:53.812+0000] {logging_mixin.py:188} INFO - [2024-07-23T01:58:53.812+0000] {dag.py:3947} INFO - Setting next_dagrun for example_python_decorator to None, run_after=None
[2024-07-23T01:58:53.842+0000] {processor.py:183} INFO - Processing /home/airflow/.local/lib/python3.12/site-packages/airflow/example_dags/example_python_decorator.py took 0.110 seconds
[2024-07-23T01:59:24.157+0000] {processor.py:161} INFO - Started process (PID=215) to work on /home/airflow/.local/lib/python3.12/site-packages/airflow/example_dags/example_python_decorator.py
[2024-07-23T01:59:24.158+0000] {processor.py:830} INFO - Processing file /home/airflow/.local/lib/python3.12/site-packages/airflow/example_dags/example_python_decorator.py for tasks to queue
[2024-07-23T01:59:24.160+0000] {logging_mixin.py:188} INFO - [2024-07-23T01:59:24.159+0000] {dagbag.py:545} INFO - Filling up the DagBag from /home/airflow/.local/lib/python3.12/site-packages/airflow/example_dags/example_python_decorator.py
[2024-07-23T01:59:24.176+0000] {processor.py:840} INFO - DAG(s) 'example_python_decorator' retrieved from /home/airflow/.local/lib/python3.12/site-packages/airflow/example_dags/example_python_decorator.py
[2024-07-23T01:59:24.205+0000] {logging_mixin.py:188} INFO - [2024-07-23T01:59:24.205+0000] {dag.py:3089} INFO - Sync 1 DAGs
[2024-07-23T01:59:24.221+0000] {logging_mixin.py:188} INFO - [2024-07-23T01:59:24.220+0000] {dag.py:3947} INFO - Setting next_dagrun for example_python_decorator to None, run_after=None
[2024-07-23T01:59:24.246+0000] {processor.py:183} INFO - Processing /home/airflow/.local/lib/python3.12/site-packages/airflow/example_dags/example_python_decorator.py took 0.097 seconds
[2024-07-23T01:59:54.451+0000] {processor.py:161} INFO - Started process (PID=273) to work on /home/airflow/.local/lib/python3.12/site-packages/airflow/example_dags/example_python_decorator.py
[2024-07-23T01:59:54.452+0000] {processor.py:830} INFO - Processing file /home/airflow/.local/lib/python3.12/site-packages/airflow/example_dags/example_python_decorator.py for tasks to queue
[2024-07-23T01:59:54.454+0000] {logging_mixin.py:188} INFO - [2024-07-23T01:59:54.454+0000] {dagbag.py:545} INFO - Filling up the DagBag from /home/airflow/.local/lib/python3.12/site-packages/airflow/example_dags/example_python_decorator.py
[2024-07-23T01:59:54.469+0000] {processor.py:840} INFO - DAG(s) 'example_python_decorator' retrieved from /home/airflow/.local/lib/python3.12/site-packages/airflow/example_dags/example_python_decorator.py
[2024-07-23T01:59:54.501+0000] {logging_mixin.py:188} INFO - [2024-07-23T01:59:54.500+0000] {dag.py:3089} INFO - Sync 1 DAGs
[2024-07-23T01:59:54.521+0000] {logging_mixin.py:188} INFO - [2024-07-23T01:59:54.521+0000] {dag.py:3947} INFO - Setting next_dagrun for example_python_decorator to None, run_after=None
[2024-07-23T01:59:54.548+0000] {processor.py:183} INFO - Processing /home/airflow/.local/lib/python3.12/site-packages/airflow/example_dags/example_python_decorator.py took 0.103 seconds
[2024-07-23T02:00:24.771+0000] {processor.py:161} INFO - Started process (PID=331) to work on /home/airflow/.local/lib/python3.12/site-packages/airflow/example_dags/example_python_decorator.py
[2024-07-23T02:00:24.773+0000] {processor.py:830} INFO - Processing file /home/airflow/.local/lib/python3.12/site-packages/airflow/example_dags/example_python_decorator.py for tasks to queue
[2024-07-23T02:00:24.775+0000] {logging_mixin.py:188} INFO - [2024-07-23T02:00:24.774+0000] {dagbag.py:545} INFO - Filling up the DagBag from /home/airflow/.local/lib/python3.12/site-packages/airflow/example_dags/example_python_decorator.py
[2024-07-23T02:00:24.789+0000] {processor.py:840} INFO - DAG(s) 'example_python_decorator' retrieved from /home/airflow/.local/lib/python3.12/site-packages/airflow/example_dags/example_python_decorator.py
[2024-07-23T02:00:24.824+0000] {logging_mixin.py:188} INFO - [2024-07-23T02:00:24.824+0000] {dag.py:3089} INFO - Sync 1 DAGs
[2024-07-23T02:00:24.840+0000] {logging_mixin.py:188} INFO - [2024-07-23T02:00:24.840+0000] {dag.py:3947} INFO - Setting next_dagrun for example_python_decorator to None, run_after=None
[2024-07-23T02:00:24.861+0000] {processor.py:183} INFO - Processing /home/airflow/.local/lib/python3.12/site-packages/airflow/example_dags/example_python_decorator.py took 0.098 seconds
[2024-07-23T02:00:55.191+0000] {processor.py:161} INFO - Started process (PID=388) to work on /home/airflow/.local/lib/python3.12/site-packages/airflow/example_dags/example_python_decorator.py
[2024-07-23T02:00:55.192+0000] {processor.py:830} INFO - Processing file /home/airflow/.local/lib/python3.12/site-packages/airflow/example_dags/example_python_decorator.py for tasks to queue
[2024-07-23T02:00:55.194+0000] {logging_mixin.py:188} INFO - [2024-07-23T02:00:55.193+0000] {dagbag.py:545} INFO - Filling up the DagBag from /home/airflow/.local/lib/python3.12/site-packages/airflow/example_dags/example_python_decorator.py
[2024-07-23T02:00:55.207+0000] {processor.py:840} INFO - DAG(s) 'example_python_decorator' retrieved from /home/airflow/.local/lib/python3.12/site-packages/airflow/example_dags/example_python_decorator.py
[2024-07-23T02:00:55.234+0000] {logging_mixin.py:188} INFO - [2024-07-23T02:00:55.234+0000] {dag.py:3089} INFO - Sync 1 DAGs
[2024-07-23T02:00:55.250+0000] {logging_mixin.py:188} INFO - [2024-07-23T02:00:55.250+0000] {dag.py:3947} INFO - Setting next_dagrun for example_python_decorator to None, run_after=None
[2024-07-23T02:00:55.273+0000] {processor.py:183} INFO - Processing /home/airflow/.local/lib/python3.12/site-packages/airflow/example_dags/example_python_decorator.py took 0.088 seconds
[2024-07-23T02:01:26.262+0000] {processor.py:161} INFO - Started process (PID=445) to work on /home/airflow/.local/lib/python3.12/site-packages/airflow/example_dags/example_python_decorator.py
[2024-07-23T02:01:26.263+0000] {processor.py:830} INFO - Processing file /home/airflow/.local/lib/python3.12/site-packages/airflow/example_dags/example_python_decorator.py for tasks to queue
[2024-07-23T02:01:26.264+0000] {logging_mixin.py:188} INFO - [2024-07-23T02:01:26.264+0000] {dagbag.py:545} INFO - Filling up the DagBag from /home/airflow/.local/lib/python3.12/site-packages/airflow/example_dags/example_python_decorator.py
[2024-07-23T02:01:26.280+0000] {processor.py:840} INFO - DAG(s) 'example_python_decorator' retrieved from /home/airflow/.local/lib/python3.12/site-packages/airflow/example_dags/example_python_decorator.py
[2024-07-23T02:01:26.308+0000] {logging_mixin.py:188} INFO - [2024-07-23T02:01:26.308+0000] {dag.py:3089} INFO - Sync 1 DAGs
[2024-07-23T02:01:26.322+0000] {logging_mixin.py:188} INFO - [2024-07-23T02:01:26.321+0000] {dag.py:3947} INFO - Setting next_dagrun for example_python_decorator to None, run_after=None
[2024-07-23T02:01:26.347+0000] {processor.py:183} INFO - Processing /home/airflow/.local/lib/python3.12/site-packages/airflow/example_dags/example_python_decorator.py took 0.092 seconds
[2024-07-23T02:01:56.440+0000] {processor.py:161} INFO - Started process (PID=502) to work on /home/airflow/.local/lib/python3.12/site-packages/airflow/example_dags/example_python_decorator.py
[2024-07-23T02:01:56.441+0000] {processor.py:830} INFO - Processing file /home/airflow/.local/lib/python3.12/site-packages/airflow/example_dags/example_python_decorator.py for tasks to queue
[2024-07-23T02:01:56.443+0000] {logging_mixin.py:188} INFO - [2024-07-23T02:01:56.442+0000] {dagbag.py:545} INFO - Filling up the DagBag from /home/airflow/.local/lib/python3.12/site-packages/airflow/example_dags/example_python_decorator.py
[2024-07-23T02:01:56.457+0000] {processor.py:840} INFO - DAG(s) 'example_python_decorator' retrieved from /home/airflow/.local/lib/python3.12/site-packages/airflow/example_dags/example_python_decorator.py
[2024-07-23T02:01:56.488+0000] {logging_mixin.py:188} INFO - [2024-07-23T02:01:56.488+0000] {dag.py:3089} INFO - Sync 1 DAGs
[2024-07-23T02:01:56.502+0000] {logging_mixin.py:188} INFO - [2024-07-23T02:01:56.502+0000] {dag.py:3947} INFO - Setting next_dagrun for example_python_decorator to None, run_after=None
[2024-07-23T02:01:56.527+0000] {processor.py:183} INFO - Processing /home/airflow/.local/lib/python3.12/site-packages/airflow/example_dags/example_python_decorator.py took 0.093 seconds
[2024-07-23T02:02:26.696+0000] {processor.py:161} INFO - Started process (PID=561) to work on /home/airflow/.local/lib/python3.12/site-packages/airflow/example_dags/example_python_decorator.py
[2024-07-23T02:02:26.697+0000] {processor.py:830} INFO - Processing file /home/airflow/.local/lib/python3.12/site-packages/airflow/example_dags/example_python_decorator.py for tasks to queue
[2024-07-23T02:02:26.699+0000] {logging_mixin.py:188} INFO - [2024-07-23T02:02:26.698+0000] {dagbag.py:545} INFO - Filling up the DagBag from /home/airflow/.local/lib/python3.12/site-packages/airflow/example_dags/example_python_decorator.py
[2024-07-23T02:02:26.714+0000] {processor.py:840} INFO - DAG(s) 'example_python_decorator' retrieved from /home/airflow/.local/lib/python3.12/site-packages/airflow/example_dags/example_python_decorator.py
[2024-07-23T02:02:26.739+0000] {logging_mixin.py:188} INFO - [2024-07-23T02:02:26.739+0000] {dag.py:3089} INFO - Sync 1 DAGs
[2024-07-23T02:02:26.752+0000] {logging_mixin.py:188} INFO - [2024-07-23T02:02:26.752+0000] {dag.py:3947} INFO - Setting next_dagrun for example_python_decorator to None, run_after=None
[2024-07-23T02:02:26.775+0000] {processor.py:183} INFO - Processing /home/airflow/.local/lib/python3.12/site-packages/airflow/example_dags/example_python_decorator.py took 0.086 seconds
[2024-07-23T02:02:57.614+0000] {processor.py:161} INFO - Started process (PID=620) to work on /home/airflow/.local/lib/python3.12/site-packages/airflow/example_dags/example_python_decorator.py
[2024-07-23T02:02:57.616+0000] {processor.py:830} INFO - Processing file /home/airflow/.local/lib/python3.12/site-packages/airflow/example_dags/example_python_decorator.py for tasks to queue
[2024-07-23T02:02:57.619+0000] {logging_mixin.py:188} INFO - [2024-07-23T02:02:57.618+0000] {dagbag.py:545} INFO - Filling up the DagBag from /home/airflow/.local/lib/python3.12/site-packages/airflow/example_dags/example_python_decorator.py
[2024-07-23T02:02:57.646+0000] {processor.py:840} INFO - DAG(s) 'example_python_decorator' retrieved from /home/airflow/.local/lib/python3.12/site-packages/airflow/example_dags/example_python_decorator.py
[2024-07-23T02:02:57.696+0000] {logging_mixin.py:188} INFO - [2024-07-23T02:02:57.696+0000] {dag.py:3089} INFO - Sync 1 DAGs
[2024-07-23T02:02:57.723+0000] {logging_mixin.py:188} INFO - [2024-07-23T02:02:57.722+0000] {dag.py:3947} INFO - Setting next_dagrun for example_python_decorator to None, run_after=None
[2024-07-23T02:02:57.763+0000] {processor.py:183} INFO - Processing /home/airflow/.local/lib/python3.12/site-packages/airflow/example_dags/example_python_decorator.py took 0.161 seconds
[2024-07-23T02:03:28.602+0000] {processor.py:161} INFO - Started process (PID=680) to work on /home/airflow/.local/lib/python3.12/site-packages/airflow/example_dags/example_python_decorator.py
[2024-07-23T02:03:28.603+0000] {processor.py:830} INFO - Processing file /home/airflow/.local/lib/python3.12/site-packages/airflow/example_dags/example_python_decorator.py for tasks to queue
[2024-07-23T02:03:28.606+0000] {logging_mixin.py:188} INFO - [2024-07-23T02:03:28.605+0000] {dagbag.py:545} INFO - Filling up the DagBag from /home/airflow/.local/lib/python3.12/site-packages/airflow/example_dags/example_python_decorator.py
[2024-07-23T02:03:28.630+0000] {processor.py:840} INFO - DAG(s) 'example_python_decorator' retrieved from /home/airflow/.local/lib/python3.12/site-packages/airflow/example_dags/example_python_decorator.py
[2024-07-23T02:03:28.670+0000] {logging_mixin.py:188} INFO - [2024-07-23T02:03:28.669+0000] {dag.py:3089} INFO - Sync 1 DAGs
[2024-07-23T02:03:28.692+0000] {logging_mixin.py:188} INFO - [2024-07-23T02:03:28.692+0000] {dag.py:3947} INFO - Setting next_dagrun for example_python_decorator to None, run_after=None
[2024-07-23T02:03:28.727+0000] {processor.py:183} INFO - Processing /home/airflow/.local/lib/python3.12/site-packages/airflow/example_dags/example_python_decorator.py took 0.136 seconds
[2024-07-23T02:04:05.329+0000] {processor.py:161} INFO - Started process (PID=739) to work on /home/airflow/.local/lib/python3.12/site-packages/airflow/example_dags/example_python_decorator.py
[2024-07-23T02:04:05.334+0000] {processor.py:830} INFO - Processing file /home/airflow/.local/lib/python3.12/site-packages/airflow/example_dags/example_python_decorator.py for tasks to queue
[2024-07-23T02:04:05.347+0000] {logging_mixin.py:188} INFO - [2024-07-23T02:04:05.344+0000] {dagbag.py:545} INFO - Filling up the DagBag from /home/airflow/.local/lib/python3.12/site-packages/airflow/example_dags/example_python_decorator.py
[2024-07-23T02:04:05.447+0000] {processor.py:840} INFO - DAG(s) 'example_python_decorator' retrieved from /home/airflow/.local/lib/python3.12/site-packages/airflow/example_dags/example_python_decorator.py
[2024-07-23T02:04:05.627+0000] {logging_mixin.py:188} INFO - [2024-07-23T02:04:05.625+0000] {dag.py:3089} INFO - Sync 1 DAGs
[2024-07-23T02:04:05.713+0000] {logging_mixin.py:188} INFO - [2024-07-23T02:04:05.711+0000] {dag.py:3947} INFO - Setting next_dagrun for example_python_decorator to None, run_after=None
[2024-07-23T02:04:05.862+0000] {processor.py:183} INFO - Processing /home/airflow/.local/lib/python3.12/site-packages/airflow/example_dags/example_python_decorator.py took 0.571 seconds
[2024-07-23T02:04:37.254+0000] {processor.py:161} INFO - Started process (PID=798) to work on /home/airflow/.local/lib/python3.12/site-packages/airflow/example_dags/example_python_decorator.py
[2024-07-23T02:04:37.258+0000] {processor.py:830} INFO - Processing file /home/airflow/.local/lib/python3.12/site-packages/airflow/example_dags/example_python_decorator.py for tasks to queue
[2024-07-23T02:04:37.267+0000] {logging_mixin.py:188} INFO - [2024-07-23T02:04:37.265+0000] {dagbag.py:545} INFO - Filling up the DagBag from /home/airflow/.local/lib/python3.12/site-packages/airflow/example_dags/example_python_decorator.py
[2024-07-23T02:04:37.347+0000] {processor.py:840} INFO - DAG(s) 'example_python_decorator' retrieved from /home/airflow/.local/lib/python3.12/site-packages/airflow/example_dags/example_python_decorator.py
[2024-07-23T02:04:37.521+0000] {logging_mixin.py:188} INFO - [2024-07-23T02:04:37.519+0000] {dag.py:3089} INFO - Sync 1 DAGs
[2024-07-23T02:04:37.604+0000] {logging_mixin.py:188} INFO - [2024-07-23T02:04:37.603+0000] {dag.py:3947} INFO - Setting next_dagrun for example_python_decorator to None, run_after=None
[2024-07-23T02:04:37.720+0000] {processor.py:183} INFO - Processing /home/airflow/.local/lib/python3.12/site-packages/airflow/example_dags/example_python_decorator.py took 0.496 seconds
[2024-07-23T02:05:08.766+0000] {processor.py:161} INFO - Started process (PID=857) to work on /home/airflow/.local/lib/python3.12/site-packages/airflow/example_dags/example_python_decorator.py
[2024-07-23T02:05:08.774+0000] {processor.py:830} INFO - Processing file /home/airflow/.local/lib/python3.12/site-packages/airflow/example_dags/example_python_decorator.py for tasks to queue
[2024-07-23T02:05:08.788+0000] {logging_mixin.py:188} INFO - [2024-07-23T02:05:08.786+0000] {dagbag.py:545} INFO - Filling up the DagBag from /home/airflow/.local/lib/python3.12/site-packages/airflow/example_dags/example_python_decorator.py
[2024-07-23T02:05:08.876+0000] {processor.py:840} INFO - DAG(s) 'example_python_decorator' retrieved from /home/airflow/.local/lib/python3.12/site-packages/airflow/example_dags/example_python_decorator.py
[2024-07-23T02:05:09.038+0000] {logging_mixin.py:188} INFO - [2024-07-23T02:05:09.037+0000] {dag.py:3089} INFO - Sync 1 DAGs
[2024-07-23T02:05:09.120+0000] {logging_mixin.py:188} INFO - [2024-07-23T02:05:09.119+0000] {dag.py:3947} INFO - Setting next_dagrun for example_python_decorator to None, run_after=None
[2024-07-23T02:05:10.181+0000] {processor.py:183} INFO - Processing /home/airflow/.local/lib/python3.12/site-packages/airflow/example_dags/example_python_decorator.py took 1.455 seconds
[2024-07-23T02:05:40.945+0000] {processor.py:161} INFO - Started process (PID=916) to work on /home/airflow/.local/lib/python3.12/site-packages/airflow/example_dags/example_python_decorator.py
[2024-07-23T02:05:40.949+0000] {processor.py:830} INFO - Processing file /home/airflow/.local/lib/python3.12/site-packages/airflow/example_dags/example_python_decorator.py for tasks to queue
[2024-07-23T02:05:40.962+0000] {logging_mixin.py:188} INFO - [2024-07-23T02:05:40.959+0000] {dagbag.py:545} INFO - Filling up the DagBag from /home/airflow/.local/lib/python3.12/site-packages/airflow/example_dags/example_python_decorator.py
[2024-07-23T02:05:41.055+0000] {processor.py:840} INFO - DAG(s) 'example_python_decorator' retrieved from /home/airflow/.local/lib/python3.12/site-packages/airflow/example_dags/example_python_decorator.py
[2024-07-23T02:05:41.180+0000] {logging_mixin.py:188} INFO - [2024-07-23T02:05:41.179+0000] {dag.py:3089} INFO - Sync 1 DAGs
[2024-07-23T02:05:41.251+0000] {logging_mixin.py:188} INFO - [2024-07-23T02:05:41.250+0000] {dag.py:3947} INFO - Setting next_dagrun for example_python_decorator to None, run_after=None
[2024-07-23T02:05:41.365+0000] {processor.py:183} INFO - Processing /home/airflow/.local/lib/python3.12/site-packages/airflow/example_dags/example_python_decorator.py took 0.465 seconds
[2024-07-23T02:06:12.210+0000] {processor.py:161} INFO - Started process (PID=975) to work on /home/airflow/.local/lib/python3.12/site-packages/airflow/example_dags/example_python_decorator.py
[2024-07-23T02:06:12.212+0000] {processor.py:830} INFO - Processing file /home/airflow/.local/lib/python3.12/site-packages/airflow/example_dags/example_python_decorator.py for tasks to queue
[2024-07-23T02:06:12.214+0000] {logging_mixin.py:188} INFO - [2024-07-23T02:06:12.214+0000] {dagbag.py:545} INFO - Filling up the DagBag from /home/airflow/.local/lib/python3.12/site-packages/airflow/example_dags/example_python_decorator.py
[2024-07-23T02:06:12.231+0000] {processor.py:840} INFO - DAG(s) 'example_python_decorator' retrieved from /home/airflow/.local/lib/python3.12/site-packages/airflow/example_dags/example_python_decorator.py
[2024-07-23T02:06:12.256+0000] {logging_mixin.py:188} INFO - [2024-07-23T02:06:12.256+0000] {dag.py:3089} INFO - Sync 1 DAGs
[2024-07-23T02:06:12.270+0000] {logging_mixin.py:188} INFO - [2024-07-23T02:06:12.270+0000] {dag.py:3947} INFO - Setting next_dagrun for example_python_decorator to None, run_after=None
[2024-07-23T02:06:12.294+0000] {processor.py:183} INFO - Processing /home/airflow/.local/lib/python3.12/site-packages/airflow/example_dags/example_python_decorator.py took 0.090 seconds
[2024-07-23T02:06:42.895+0000] {processor.py:161} INFO - Started process (PID=1034) to work on /home/airflow/.local/lib/python3.12/site-packages/airflow/example_dags/example_python_decorator.py
[2024-07-23T02:06:42.896+0000] {processor.py:830} INFO - Processing file /home/airflow/.local/lib/python3.12/site-packages/airflow/example_dags/example_python_decorator.py for tasks to queue
[2024-07-23T02:06:42.897+0000] {logging_mixin.py:188} INFO - [2024-07-23T02:06:42.897+0000] {dagbag.py:545} INFO - Filling up the DagBag from /home/airflow/.local/lib/python3.12/site-packages/airflow/example_dags/example_python_decorator.py
[2024-07-23T02:06:42.912+0000] {processor.py:840} INFO - DAG(s) 'example_python_decorator' retrieved from /home/airflow/.local/lib/python3.12/site-packages/airflow/example_dags/example_python_decorator.py
[2024-07-23T02:06:42.938+0000] {logging_mixin.py:188} INFO - [2024-07-23T02:06:42.938+0000] {dag.py:3089} INFO - Sync 1 DAGs
[2024-07-23T02:06:42.954+0000] {logging_mixin.py:188} INFO - [2024-07-23T02:06:42.953+0000] {dag.py:3947} INFO - Setting next_dagrun for example_python_decorator to None, run_after=None
[2024-07-23T02:06:42.976+0000] {processor.py:183} INFO - Processing /home/airflow/.local/lib/python3.12/site-packages/airflow/example_dags/example_python_decorator.py took 0.088 seconds
[2024-07-23T02:07:13.132+0000] {processor.py:161} INFO - Started process (PID=1093) to work on /home/airflow/.local/lib/python3.12/site-packages/airflow/example_dags/example_python_decorator.py
[2024-07-23T02:07:13.134+0000] {processor.py:830} INFO - Processing file /home/airflow/.local/lib/python3.12/site-packages/airflow/example_dags/example_python_decorator.py for tasks to queue
[2024-07-23T02:07:13.136+0000] {logging_mixin.py:188} INFO - [2024-07-23T02:07:13.136+0000] {dagbag.py:545} INFO - Filling up the DagBag from /home/airflow/.local/lib/python3.12/site-packages/airflow/example_dags/example_python_decorator.py
[2024-07-23T02:07:13.150+0000] {processor.py:840} INFO - DAG(s) 'example_python_decorator' retrieved from /home/airflow/.local/lib/python3.12/site-packages/airflow/example_dags/example_python_decorator.py
[2024-07-23T02:07:13.175+0000] {logging_mixin.py:188} INFO - [2024-07-23T02:07:13.175+0000] {dag.py:3089} INFO - Sync 1 DAGs
[2024-07-23T02:07:13.189+0000] {logging_mixin.py:188} INFO - [2024-07-23T02:07:13.189+0000] {dag.py:3947} INFO - Setting next_dagrun for example_python_decorator to None, run_after=None
[2024-07-23T02:07:13.211+0000] {processor.py:183} INFO - Processing /home/airflow/.local/lib/python3.12/site-packages/airflow/example_dags/example_python_decorator.py took 0.085 seconds
[2024-07-23T02:07:43.713+0000] {processor.py:161} INFO - Started process (PID=1152) to work on /home/airflow/.local/lib/python3.12/site-packages/airflow/example_dags/example_python_decorator.py
[2024-07-23T02:07:43.715+0000] {processor.py:830} INFO - Processing file /home/airflow/.local/lib/python3.12/site-packages/airflow/example_dags/example_python_decorator.py for tasks to queue
[2024-07-23T02:07:43.721+0000] {logging_mixin.py:188} INFO - [2024-07-23T02:07:43.720+0000] {dagbag.py:545} INFO - Filling up the DagBag from /home/airflow/.local/lib/python3.12/site-packages/airflow/example_dags/example_python_decorator.py
[2024-07-23T02:07:43.783+0000] {processor.py:840} INFO - DAG(s) 'example_python_decorator' retrieved from /home/airflow/.local/lib/python3.12/site-packages/airflow/example_dags/example_python_decorator.py
[2024-07-23T02:07:43.876+0000] {logging_mixin.py:188} INFO - [2024-07-23T02:07:43.875+0000] {dag.py:3089} INFO - Sync 1 DAGs
[2024-07-23T02:07:43.928+0000] {logging_mixin.py:188} INFO - [2024-07-23T02:07:43.927+0000] {dag.py:3947} INFO - Setting next_dagrun for example_python_decorator to None, run_after=None
[2024-07-23T02:07:44.004+0000] {processor.py:183} INFO - Processing /home/airflow/.local/lib/python3.12/site-packages/airflow/example_dags/example_python_decorator.py took 0.318 seconds
[2024-07-23T02:08:14.104+0000] {processor.py:161} INFO - Started process (PID=1212) to work on /home/airflow/.local/lib/python3.12/site-packages/airflow/example_dags/example_python_decorator.py
[2024-07-23T02:08:14.105+0000] {processor.py:830} INFO - Processing file /home/airflow/.local/lib/python3.12/site-packages/airflow/example_dags/example_python_decorator.py for tasks to queue
[2024-07-23T02:08:14.107+0000] {logging_mixin.py:188} INFO - [2024-07-23T02:08:14.106+0000] {dagbag.py:545} INFO - Filling up the DagBag from /home/airflow/.local/lib/python3.12/site-packages/airflow/example_dags/example_python_decorator.py
[2024-07-23T02:08:14.120+0000] {processor.py:840} INFO - DAG(s) 'example_python_decorator' retrieved from /home/airflow/.local/lib/python3.12/site-packages/airflow/example_dags/example_python_decorator.py
[2024-07-23T02:08:14.146+0000] {logging_mixin.py:188} INFO - [2024-07-23T02:08:14.146+0000] {dag.py:3089} INFO - Sync 1 DAGs
[2024-07-23T02:08:14.162+0000] {logging_mixin.py:188} INFO - [2024-07-23T02:08:14.161+0000] {dag.py:3947} INFO - Setting next_dagrun for example_python_decorator to None, run_after=None
[2024-07-23T02:08:14.183+0000] {processor.py:183} INFO - Processing /home/airflow/.local/lib/python3.12/site-packages/airflow/example_dags/example_python_decorator.py took 0.085 seconds
[2024-07-23T02:08:44.933+0000] {processor.py:161} INFO - Started process (PID=1270) to work on /home/airflow/.local/lib/python3.12/site-packages/airflow/example_dags/example_python_decorator.py
[2024-07-23T02:08:44.934+0000] {processor.py:830} INFO - Processing file /home/airflow/.local/lib/python3.12/site-packages/airflow/example_dags/example_python_decorator.py for tasks to queue
[2024-07-23T02:08:44.936+0000] {logging_mixin.py:188} INFO - [2024-07-23T02:08:44.936+0000] {dagbag.py:545} INFO - Filling up the DagBag from /home/airflow/.local/lib/python3.12/site-packages/airflow/example_dags/example_python_decorator.py
[2024-07-23T02:08:44.954+0000] {processor.py:840} INFO - DAG(s) 'example_python_decorator' retrieved from /home/airflow/.local/lib/python3.12/site-packages/airflow/example_dags/example_python_decorator.py
[2024-07-23T02:08:44.984+0000] {logging_mixin.py:188} INFO - [2024-07-23T02:08:44.983+0000] {dag.py:3089} INFO - Sync 1 DAGs
[2024-07-23T02:08:45.000+0000] {logging_mixin.py:188} INFO - [2024-07-23T02:08:45.000+0000] {dag.py:3947} INFO - Setting next_dagrun for example_python_decorator to None, run_after=None
[2024-07-23T02:08:45.024+0000] {processor.py:183} INFO - Processing /home/airflow/.local/lib/python3.12/site-packages/airflow/example_dags/example_python_decorator.py took 0.099 seconds
[2024-07-23T02:09:15.755+0000] {processor.py:161} INFO - Started process (PID=1329) to work on /home/airflow/.local/lib/python3.12/site-packages/airflow/example_dags/example_python_decorator.py
[2024-07-23T02:09:15.757+0000] {processor.py:830} INFO - Processing file /home/airflow/.local/lib/python3.12/site-packages/airflow/example_dags/example_python_decorator.py for tasks to queue
[2024-07-23T02:09:15.759+0000] {logging_mixin.py:188} INFO - [2024-07-23T02:09:15.758+0000] {dagbag.py:545} INFO - Filling up the DagBag from /home/airflow/.local/lib/python3.12/site-packages/airflow/example_dags/example_python_decorator.py
[2024-07-23T02:09:15.783+0000] {processor.py:840} INFO - DAG(s) 'example_python_decorator' retrieved from /home/airflow/.local/lib/python3.12/site-packages/airflow/example_dags/example_python_decorator.py
[2024-07-23T02:09:15.816+0000] {logging_mixin.py:188} INFO - [2024-07-23T02:09:15.816+0000] {dag.py:3089} INFO - Sync 1 DAGs
[2024-07-23T02:09:15.833+0000] {logging_mixin.py:188} INFO - [2024-07-23T02:09:15.832+0000] {dag.py:3947} INFO - Setting next_dagrun for example_python_decorator to None, run_after=None
[2024-07-23T02:09:15.861+0000] {processor.py:183} INFO - Processing /home/airflow/.local/lib/python3.12/site-packages/airflow/example_dags/example_python_decorator.py took 0.113 seconds
[2024-07-23T02:09:45.973+0000] {processor.py:161} INFO - Started process (PID=1387) to work on /home/airflow/.local/lib/python3.12/site-packages/airflow/example_dags/example_python_decorator.py
[2024-07-23T02:09:45.974+0000] {processor.py:830} INFO - Processing file /home/airflow/.local/lib/python3.12/site-packages/airflow/example_dags/example_python_decorator.py for tasks to queue
[2024-07-23T02:09:45.976+0000] {logging_mixin.py:188} INFO - [2024-07-23T02:09:45.975+0000] {dagbag.py:545} INFO - Filling up the DagBag from /home/airflow/.local/lib/python3.12/site-packages/airflow/example_dags/example_python_decorator.py
[2024-07-23T02:09:45.999+0000] {processor.py:840} INFO - DAG(s) 'example_python_decorator' retrieved from /home/airflow/.local/lib/python3.12/site-packages/airflow/example_dags/example_python_decorator.py
[2024-07-23T02:09:46.031+0000] {logging_mixin.py:188} INFO - [2024-07-23T02:09:46.030+0000] {dag.py:3089} INFO - Sync 1 DAGs
[2024-07-23T02:09:46.048+0000] {logging_mixin.py:188} INFO - [2024-07-23T02:09:46.047+0000] {dag.py:3947} INFO - Setting next_dagrun for example_python_decorator to None, run_after=None
[2024-07-23T02:09:46.074+0000] {processor.py:183} INFO - Processing /home/airflow/.local/lib/python3.12/site-packages/airflow/example_dags/example_python_decorator.py took 0.109 seconds
[2024-07-23T02:10:16.204+0000] {processor.py:161} INFO - Started process (PID=1446) to work on /home/airflow/.local/lib/python3.12/site-packages/airflow/example_dags/example_python_decorator.py
[2024-07-23T02:10:16.206+0000] {processor.py:830} INFO - Processing file /home/airflow/.local/lib/python3.12/site-packages/airflow/example_dags/example_python_decorator.py for tasks to queue
[2024-07-23T02:10:16.208+0000] {logging_mixin.py:188} INFO - [2024-07-23T02:10:16.208+0000] {dagbag.py:545} INFO - Filling up the DagBag from /home/airflow/.local/lib/python3.12/site-packages/airflow/example_dags/example_python_decorator.py
[2024-07-23T02:10:16.229+0000] {processor.py:840} INFO - DAG(s) 'example_python_decorator' retrieved from /home/airflow/.local/lib/python3.12/site-packages/airflow/example_dags/example_python_decorator.py
[2024-07-23T02:10:16.265+0000] {logging_mixin.py:188} INFO - [2024-07-23T02:10:16.264+0000] {dag.py:3089} INFO - Sync 1 DAGs
[2024-07-23T02:10:16.286+0000] {logging_mixin.py:188} INFO - [2024-07-23T02:10:16.285+0000] {dag.py:3947} INFO - Setting next_dagrun for example_python_decorator to None, run_after=None
[2024-07-23T02:10:16.313+0000] {processor.py:183} INFO - Processing /home/airflow/.local/lib/python3.12/site-packages/airflow/example_dags/example_python_decorator.py took 0.118 seconds
[2024-07-23T02:10:46.504+0000] {processor.py:161} INFO - Started process (PID=1505) to work on /home/airflow/.local/lib/python3.12/site-packages/airflow/example_dags/example_python_decorator.py
[2024-07-23T02:10:46.505+0000] {processor.py:830} INFO - Processing file /home/airflow/.local/lib/python3.12/site-packages/airflow/example_dags/example_python_decorator.py for tasks to queue
[2024-07-23T02:10:46.508+0000] {logging_mixin.py:188} INFO - [2024-07-23T02:10:46.507+0000] {dagbag.py:545} INFO - Filling up the DagBag from /home/airflow/.local/lib/python3.12/site-packages/airflow/example_dags/example_python_decorator.py
[2024-07-23T02:10:46.532+0000] {processor.py:840} INFO - DAG(s) 'example_python_decorator' retrieved from /home/airflow/.local/lib/python3.12/site-packages/airflow/example_dags/example_python_decorator.py
[2024-07-23T02:10:46.566+0000] {logging_mixin.py:188} INFO - [2024-07-23T02:10:46.566+0000] {dag.py:3089} INFO - Sync 1 DAGs
[2024-07-23T02:10:46.586+0000] {logging_mixin.py:188} INFO - [2024-07-23T02:10:46.585+0000] {dag.py:3947} INFO - Setting next_dagrun for example_python_decorator to None, run_after=None
[2024-07-23T02:10:46.615+0000] {processor.py:183} INFO - Processing /home/airflow/.local/lib/python3.12/site-packages/airflow/example_dags/example_python_decorator.py took 0.119 seconds
[2024-07-23T02:11:16.827+0000] {processor.py:161} INFO - Started process (PID=1564) to work on /home/airflow/.local/lib/python3.12/site-packages/airflow/example_dags/example_python_decorator.py
[2024-07-23T02:11:16.828+0000] {processor.py:830} INFO - Processing file /home/airflow/.local/lib/python3.12/site-packages/airflow/example_dags/example_python_decorator.py for tasks to queue
[2024-07-23T02:11:16.830+0000] {logging_mixin.py:188} INFO - [2024-07-23T02:11:16.830+0000] {dagbag.py:545} INFO - Filling up the DagBag from /home/airflow/.local/lib/python3.12/site-packages/airflow/example_dags/example_python_decorator.py
[2024-07-23T02:11:16.843+0000] {processor.py:840} INFO - DAG(s) 'example_python_decorator' retrieved from /home/airflow/.local/lib/python3.12/site-packages/airflow/example_dags/example_python_decorator.py
[2024-07-23T02:11:16.868+0000] {logging_mixin.py:188} INFO - [2024-07-23T02:11:16.868+0000] {dag.py:3089} INFO - Sync 1 DAGs
[2024-07-23T02:11:16.881+0000] {logging_mixin.py:188} INFO - [2024-07-23T02:11:16.881+0000] {dag.py:3947} INFO - Setting next_dagrun for example_python_decorator to None, run_after=None
[2024-07-23T02:11:16.908+0000] {processor.py:183} INFO - Processing /home/airflow/.local/lib/python3.12/site-packages/airflow/example_dags/example_python_decorator.py took 0.087 seconds
[2024-07-23T02:11:46.955+0000] {processor.py:161} INFO - Started process (PID=1622) to work on /home/airflow/.local/lib/python3.12/site-packages/airflow/example_dags/example_python_decorator.py
[2024-07-23T02:11:46.956+0000] {processor.py:830} INFO - Processing file /home/airflow/.local/lib/python3.12/site-packages/airflow/example_dags/example_python_decorator.py for tasks to queue
[2024-07-23T02:11:46.958+0000] {logging_mixin.py:188} INFO - [2024-07-23T02:11:46.958+0000] {dagbag.py:545} INFO - Filling up the DagBag from /home/airflow/.local/lib/python3.12/site-packages/airflow/example_dags/example_python_decorator.py
[2024-07-23T02:11:46.974+0000] {processor.py:840} INFO - DAG(s) 'example_python_decorator' retrieved from /home/airflow/.local/lib/python3.12/site-packages/airflow/example_dags/example_python_decorator.py
[2024-07-23T02:11:47.002+0000] {logging_mixin.py:188} INFO - [2024-07-23T02:11:47.002+0000] {dag.py:3089} INFO - Sync 1 DAGs
[2024-07-23T02:11:47.019+0000] {logging_mixin.py:188} INFO - [2024-07-23T02:11:47.018+0000] {dag.py:3947} INFO - Setting next_dagrun for example_python_decorator to None, run_after=None
[2024-07-23T02:11:47.044+0000] {processor.py:183} INFO - Processing /home/airflow/.local/lib/python3.12/site-packages/airflow/example_dags/example_python_decorator.py took 0.095 seconds
[2024-07-23T02:12:17.300+0000] {processor.py:161} INFO - Started process (PID=1681) to work on /home/airflow/.local/lib/python3.12/site-packages/airflow/example_dags/example_python_decorator.py
[2024-07-23T02:12:17.301+0000] {processor.py:830} INFO - Processing file /home/airflow/.local/lib/python3.12/site-packages/airflow/example_dags/example_python_decorator.py for tasks to queue
[2024-07-23T02:12:17.303+0000] {logging_mixin.py:188} INFO - [2024-07-23T02:12:17.302+0000] {dagbag.py:545} INFO - Filling up the DagBag from /home/airflow/.local/lib/python3.12/site-packages/airflow/example_dags/example_python_decorator.py
[2024-07-23T02:12:17.323+0000] {processor.py:840} INFO - DAG(s) 'example_python_decorator' retrieved from /home/airflow/.local/lib/python3.12/site-packages/airflow/example_dags/example_python_decorator.py
[2024-07-23T02:12:17.351+0000] {logging_mixin.py:188} INFO - [2024-07-23T02:12:17.350+0000] {dag.py:3089} INFO - Sync 1 DAGs
[2024-07-23T02:12:17.366+0000] {logging_mixin.py:188} INFO - [2024-07-23T02:12:17.365+0000] {dag.py:3947} INFO - Setting next_dagrun for example_python_decorator to None, run_after=None
[2024-07-23T02:12:17.387+0000] {processor.py:183} INFO - Processing /home/airflow/.local/lib/python3.12/site-packages/airflow/example_dags/example_python_decorator.py took 0.095 seconds
[2024-07-23T02:12:47.416+0000] {processor.py:161} INFO - Started process (PID=1741) to work on /home/airflow/.local/lib/python3.12/site-packages/airflow/example_dags/example_python_decorator.py
[2024-07-23T02:12:47.417+0000] {processor.py:830} INFO - Processing file /home/airflow/.local/lib/python3.12/site-packages/airflow/example_dags/example_python_decorator.py for tasks to queue
[2024-07-23T02:12:47.419+0000] {logging_mixin.py:188} INFO - [2024-07-23T02:12:47.419+0000] {dagbag.py:545} INFO - Filling up the DagBag from /home/airflow/.local/lib/python3.12/site-packages/airflow/example_dags/example_python_decorator.py
[2024-07-23T02:12:47.434+0000] {processor.py:840} INFO - DAG(s) 'example_python_decorator' retrieved from /home/airflow/.local/lib/python3.12/site-packages/airflow/example_dags/example_python_decorator.py
[2024-07-23T02:12:47.461+0000] {logging_mixin.py:188} INFO - [2024-07-23T02:12:47.460+0000] {dag.py:3089} INFO - Sync 1 DAGs
[2024-07-23T02:12:47.474+0000] {logging_mixin.py:188} INFO - [2024-07-23T02:12:47.474+0000] {dag.py:3947} INFO - Setting next_dagrun for example_python_decorator to None, run_after=None
[2024-07-23T02:12:47.494+0000] {processor.py:183} INFO - Processing /home/airflow/.local/lib/python3.12/site-packages/airflow/example_dags/example_python_decorator.py took 0.085 seconds
[2024-07-23T02:13:18.089+0000] {processor.py:161} INFO - Started process (PID=1800) to work on /home/airflow/.local/lib/python3.12/site-packages/airflow/example_dags/example_python_decorator.py
[2024-07-23T02:13:18.091+0000] {processor.py:830} INFO - Processing file /home/airflow/.local/lib/python3.12/site-packages/airflow/example_dags/example_python_decorator.py for tasks to queue
[2024-07-23T02:13:18.094+0000] {logging_mixin.py:188} INFO - [2024-07-23T02:13:18.093+0000] {dagbag.py:545} INFO - Filling up the DagBag from /home/airflow/.local/lib/python3.12/site-packages/airflow/example_dags/example_python_decorator.py
[2024-07-23T02:13:18.113+0000] {processor.py:840} INFO - DAG(s) 'example_python_decorator' retrieved from /home/airflow/.local/lib/python3.12/site-packages/airflow/example_dags/example_python_decorator.py
[2024-07-23T02:13:18.147+0000] {logging_mixin.py:188} INFO - [2024-07-23T02:13:18.146+0000] {dag.py:3089} INFO - Sync 1 DAGs
[2024-07-23T02:13:18.165+0000] {logging_mixin.py:188} INFO - [2024-07-23T02:13:18.165+0000] {dag.py:3947} INFO - Setting next_dagrun for example_python_decorator to None, run_after=None
[2024-07-23T02:13:18.196+0000] {processor.py:183} INFO - Processing /home/airflow/.local/lib/python3.12/site-packages/airflow/example_dags/example_python_decorator.py took 0.118 seconds
[2024-07-23T02:13:48.309+0000] {processor.py:161} INFO - Started process (PID=1868) to work on /home/airflow/.local/lib/python3.12/site-packages/airflow/example_dags/example_python_decorator.py
[2024-07-23T02:13:48.311+0000] {processor.py:830} INFO - Processing file /home/airflow/.local/lib/python3.12/site-packages/airflow/example_dags/example_python_decorator.py for tasks to queue
[2024-07-23T02:13:48.313+0000] {logging_mixin.py:188} INFO - [2024-07-23T02:13:48.312+0000] {dagbag.py:545} INFO - Filling up the DagBag from /home/airflow/.local/lib/python3.12/site-packages/airflow/example_dags/example_python_decorator.py
[2024-07-23T02:13:48.333+0000] {processor.py:840} INFO - DAG(s) 'example_python_decorator' retrieved from /home/airflow/.local/lib/python3.12/site-packages/airflow/example_dags/example_python_decorator.py
[2024-07-23T02:13:48.374+0000] {logging_mixin.py:188} INFO - [2024-07-23T02:13:48.374+0000] {dag.py:3089} INFO - Sync 1 DAGs
[2024-07-23T02:13:48.396+0000] {logging_mixin.py:188} INFO - [2024-07-23T02:13:48.395+0000] {dag.py:3947} INFO - Setting next_dagrun for example_python_decorator to None, run_after=None
[2024-07-23T02:13:48.431+0000] {processor.py:183} INFO - Processing /home/airflow/.local/lib/python3.12/site-packages/airflow/example_dags/example_python_decorator.py took 0.130 seconds
[2024-07-23T02:14:19.531+0000] {processor.py:161} INFO - Started process (PID=1927) to work on /home/airflow/.local/lib/python3.12/site-packages/airflow/example_dags/example_python_decorator.py
[2024-07-23T02:14:19.532+0000] {processor.py:830} INFO - Processing file /home/airflow/.local/lib/python3.12/site-packages/airflow/example_dags/example_python_decorator.py for tasks to queue
[2024-07-23T02:14:19.534+0000] {logging_mixin.py:188} INFO - [2024-07-23T02:14:19.534+0000] {dagbag.py:545} INFO - Filling up the DagBag from /home/airflow/.local/lib/python3.12/site-packages/airflow/example_dags/example_python_decorator.py
[2024-07-23T02:14:19.553+0000] {processor.py:840} INFO - DAG(s) 'example_python_decorator' retrieved from /home/airflow/.local/lib/python3.12/site-packages/airflow/example_dags/example_python_decorator.py
[2024-07-23T02:14:19.586+0000] {logging_mixin.py:188} INFO - [2024-07-23T02:14:19.586+0000] {dag.py:3089} INFO - Sync 1 DAGs
[2024-07-23T02:14:19.604+0000] {logging_mixin.py:188} INFO - [2024-07-23T02:14:19.604+0000] {dag.py:3947} INFO - Setting next_dagrun for example_python_decorator to None, run_after=None
[2024-07-23T02:14:19.630+0000] {processor.py:183} INFO - Processing /home/airflow/.local/lib/python3.12/site-packages/airflow/example_dags/example_python_decorator.py took 0.108 seconds
[2024-07-23T02:14:50.556+0000] {processor.py:161} INFO - Started process (PID=1986) to work on /home/airflow/.local/lib/python3.12/site-packages/airflow/example_dags/example_python_decorator.py
[2024-07-23T02:14:50.558+0000] {processor.py:830} INFO - Processing file /home/airflow/.local/lib/python3.12/site-packages/airflow/example_dags/example_python_decorator.py for tasks to queue
[2024-07-23T02:14:50.560+0000] {logging_mixin.py:188} INFO - [2024-07-23T02:14:50.560+0000] {dagbag.py:545} INFO - Filling up the DagBag from /home/airflow/.local/lib/python3.12/site-packages/airflow/example_dags/example_python_decorator.py
[2024-07-23T02:14:50.579+0000] {processor.py:840} INFO - DAG(s) 'example_python_decorator' retrieved from /home/airflow/.local/lib/python3.12/site-packages/airflow/example_dags/example_python_decorator.py
[2024-07-23T02:14:50.609+0000] {logging_mixin.py:188} INFO - [2024-07-23T02:14:50.608+0000] {dag.py:3089} INFO - Sync 1 DAGs
[2024-07-23T02:14:50.626+0000] {logging_mixin.py:188} INFO - [2024-07-23T02:14:50.626+0000] {dag.py:3947} INFO - Setting next_dagrun for example_python_decorator to None, run_after=None
[2024-07-23T02:14:50.652+0000] {processor.py:183} INFO - Processing /home/airflow/.local/lib/python3.12/site-packages/airflow/example_dags/example_python_decorator.py took 0.103 seconds
[2024-07-23T02:15:24.928+0000] {processor.py:161} INFO - Started process (PID=2045) to work on /home/airflow/.local/lib/python3.12/site-packages/airflow/example_dags/example_python_decorator.py
[2024-07-23T02:15:24.932+0000] {processor.py:830} INFO - Processing file /home/airflow/.local/lib/python3.12/site-packages/airflow/example_dags/example_python_decorator.py for tasks to queue
[2024-07-23T02:15:24.938+0000] {logging_mixin.py:188} INFO - [2024-07-23T02:15:24.937+0000] {dagbag.py:545} INFO - Filling up the DagBag from /home/airflow/.local/lib/python3.12/site-packages/airflow/example_dags/example_python_decorator.py
[2024-07-23T02:15:24.995+0000] {processor.py:840} INFO - DAG(s) 'example_python_decorator' retrieved from /home/airflow/.local/lib/python3.12/site-packages/airflow/example_dags/example_python_decorator.py
[2024-07-23T02:15:25.545+0000] {logging_mixin.py:188} INFO - [2024-07-23T02:15:25.543+0000] {dag.py:3089} INFO - Sync 1 DAGs
[2024-07-23T02:15:25.604+0000] {logging_mixin.py:188} INFO - [2024-07-23T02:15:25.603+0000] {dag.py:3947} INFO - Setting next_dagrun for example_python_decorator to None, run_after=None
[2024-07-23T02:15:25.706+0000] {processor.py:183} INFO - Processing /home/airflow/.local/lib/python3.12/site-packages/airflow/example_dags/example_python_decorator.py took 0.804 seconds
[2024-07-23T02:15:56.520+0000] {processor.py:161} INFO - Started process (PID=2111) to work on /home/airflow/.local/lib/python3.12/site-packages/airflow/example_dags/example_python_decorator.py
[2024-07-23T02:15:56.524+0000] {processor.py:830} INFO - Processing file /home/airflow/.local/lib/python3.12/site-packages/airflow/example_dags/example_python_decorator.py for tasks to queue
[2024-07-23T02:15:56.530+0000] {logging_mixin.py:188} INFO - [2024-07-23T02:15:56.529+0000] {dagbag.py:545} INFO - Filling up the DagBag from /home/airflow/.local/lib/python3.12/site-packages/airflow/example_dags/example_python_decorator.py
[2024-07-23T02:15:56.578+0000] {processor.py:840} INFO - DAG(s) 'example_python_decorator' retrieved from /home/airflow/.local/lib/python3.12/site-packages/airflow/example_dags/example_python_decorator.py
[2024-07-23T02:15:56.661+0000] {logging_mixin.py:188} INFO - [2024-07-23T02:15:56.660+0000] {dag.py:3089} INFO - Sync 1 DAGs
[2024-07-23T02:15:57.106+0000] {logging_mixin.py:188} INFO - [2024-07-23T02:15:57.104+0000] {dag.py:3947} INFO - Setting next_dagrun for example_python_decorator to None, run_after=None
[2024-07-23T02:15:57.196+0000] {processor.py:183} INFO - Processing /home/airflow/.local/lib/python3.12/site-packages/airflow/example_dags/example_python_decorator.py took 0.701 seconds
[2024-07-23T02:16:27.883+0000] {processor.py:161} INFO - Started process (PID=2170) to work on /home/airflow/.local/lib/python3.12/site-packages/airflow/example_dags/example_python_decorator.py
[2024-07-23T02:16:27.887+0000] {processor.py:830} INFO - Processing file /home/airflow/.local/lib/python3.12/site-packages/airflow/example_dags/example_python_decorator.py for tasks to queue
[2024-07-23T02:16:27.896+0000] {logging_mixin.py:188} INFO - [2024-07-23T02:16:27.895+0000] {dagbag.py:545} INFO - Filling up the DagBag from /home/airflow/.local/lib/python3.12/site-packages/airflow/example_dags/example_python_decorator.py
[2024-07-23T02:16:27.975+0000] {processor.py:840} INFO - DAG(s) 'example_python_decorator' retrieved from /home/airflow/.local/lib/python3.12/site-packages/airflow/example_dags/example_python_decorator.py
[2024-07-23T02:16:28.098+0000] {logging_mixin.py:188} INFO - [2024-07-23T02:16:28.097+0000] {dag.py:3089} INFO - Sync 1 DAGs
[2024-07-23T02:16:28.177+0000] {logging_mixin.py:188} INFO - [2024-07-23T02:16:28.176+0000] {dag.py:3947} INFO - Setting next_dagrun for example_python_decorator to None, run_after=None
[2024-07-23T02:16:28.287+0000] {processor.py:183} INFO - Processing /home/airflow/.local/lib/python3.12/site-packages/airflow/example_dags/example_python_decorator.py took 0.439 seconds
[2024-07-23T02:17:02.345+0000] {processor.py:161} INFO - Started process (PID=2238) to work on /home/airflow/.local/lib/python3.12/site-packages/airflow/example_dags/example_python_decorator.py
[2024-07-23T02:17:02.365+0000] {processor.py:830} INFO - Processing file /home/airflow/.local/lib/python3.12/site-packages/airflow/example_dags/example_python_decorator.py for tasks to queue
[2024-07-23T02:17:02.382+0000] {logging_mixin.py:188} INFO - [2024-07-23T02:17:02.380+0000] {dagbag.py:545} INFO - Filling up the DagBag from /home/airflow/.local/lib/python3.12/site-packages/airflow/example_dags/example_python_decorator.py
[2024-07-23T02:17:02.493+0000] {processor.py:840} INFO - DAG(s) 'example_python_decorator' retrieved from /home/airflow/.local/lib/python3.12/site-packages/airflow/example_dags/example_python_decorator.py
[2024-07-23T02:17:02.693+0000] {logging_mixin.py:188} INFO - [2024-07-23T02:17:02.691+0000] {dag.py:3089} INFO - Sync 1 DAGs
[2024-07-23T02:17:02.837+0000] {logging_mixin.py:188} INFO - [2024-07-23T02:17:02.836+0000] {dag.py:3947} INFO - Setting next_dagrun for example_python_decorator to None, run_after=None
[2024-07-23T02:17:02.979+0000] {processor.py:183} INFO - Processing /home/airflow/.local/lib/python3.12/site-packages/airflow/example_dags/example_python_decorator.py took 0.672 seconds
[2024-07-23T02:17:33.153+0000] {processor.py:161} INFO - Started process (PID=2297) to work on /home/airflow/.local/lib/python3.12/site-packages/airflow/example_dags/example_python_decorator.py
[2024-07-23T02:17:33.157+0000] {processor.py:830} INFO - Processing file /home/airflow/.local/lib/python3.12/site-packages/airflow/example_dags/example_python_decorator.py for tasks to queue
[2024-07-23T02:17:33.166+0000] {logging_mixin.py:188} INFO - [2024-07-23T02:17:33.165+0000] {dagbag.py:545} INFO - Filling up the DagBag from /home/airflow/.local/lib/python3.12/site-packages/airflow/example_dags/example_python_decorator.py
[2024-07-23T02:17:33.226+0000] {processor.py:840} INFO - DAG(s) 'example_python_decorator' retrieved from /home/airflow/.local/lib/python3.12/site-packages/airflow/example_dags/example_python_decorator.py
[2024-07-23T02:17:33.324+0000] {logging_mixin.py:188} INFO - [2024-07-23T02:17:33.323+0000] {dag.py:3089} INFO - Sync 1 DAGs
[2024-07-23T02:17:33.380+0000] {logging_mixin.py:188} INFO - [2024-07-23T02:17:33.379+0000] {dag.py:3947} INFO - Setting next_dagrun for example_python_decorator to None, run_after=None
[2024-07-23T02:17:33.456+0000] {processor.py:183} INFO - Processing /home/airflow/.local/lib/python3.12/site-packages/airflow/example_dags/example_python_decorator.py took 0.330 seconds
[2024-07-23T02:18:03.630+0000] {processor.py:161} INFO - Started process (PID=2355) to work on /home/airflow/.local/lib/python3.12/site-packages/airflow/example_dags/example_python_decorator.py
[2024-07-23T02:18:03.634+0000] {processor.py:830} INFO - Processing file /home/airflow/.local/lib/python3.12/site-packages/airflow/example_dags/example_python_decorator.py for tasks to queue
[2024-07-23T02:18:03.643+0000] {logging_mixin.py:188} INFO - [2024-07-23T02:18:03.641+0000] {dagbag.py:545} INFO - Filling up the DagBag from /home/airflow/.local/lib/python3.12/site-packages/airflow/example_dags/example_python_decorator.py
[2024-07-23T02:18:03.711+0000] {processor.py:840} INFO - DAG(s) 'example_python_decorator' retrieved from /home/airflow/.local/lib/python3.12/site-packages/airflow/example_dags/example_python_decorator.py
[2024-07-23T02:18:03.835+0000] {logging_mixin.py:188} INFO - [2024-07-23T02:18:03.834+0000] {dag.py:3089} INFO - Sync 1 DAGs
[2024-07-23T02:18:03.905+0000] {logging_mixin.py:188} INFO - [2024-07-23T02:18:03.904+0000] {dag.py:3947} INFO - Setting next_dagrun for example_python_decorator to None, run_after=None
[2024-07-23T02:18:03.981+0000] {processor.py:183} INFO - Processing /home/airflow/.local/lib/python3.12/site-packages/airflow/example_dags/example_python_decorator.py took 0.381 seconds
[2024-07-23T02:18:34.499+0000] {processor.py:161} INFO - Started process (PID=2414) to work on /home/airflow/.local/lib/python3.12/site-packages/airflow/example_dags/example_python_decorator.py
[2024-07-23T02:18:34.503+0000] {processor.py:830} INFO - Processing file /home/airflow/.local/lib/python3.12/site-packages/airflow/example_dags/example_python_decorator.py for tasks to queue
[2024-07-23T02:18:34.511+0000] {logging_mixin.py:188} INFO - [2024-07-23T02:18:34.509+0000] {dagbag.py:545} INFO - Filling up the DagBag from /home/airflow/.local/lib/python3.12/site-packages/airflow/example_dags/example_python_decorator.py
[2024-07-23T02:18:34.583+0000] {processor.py:840} INFO - DAG(s) 'example_python_decorator' retrieved from /home/airflow/.local/lib/python3.12/site-packages/airflow/example_dags/example_python_decorator.py
[2024-07-23T02:18:34.694+0000] {logging_mixin.py:188} INFO - [2024-07-23T02:18:34.692+0000] {dag.py:3089} INFO - Sync 1 DAGs
[2024-07-23T02:18:34.769+0000] {logging_mixin.py:188} INFO - [2024-07-23T02:18:34.768+0000] {dag.py:3947} INFO - Setting next_dagrun for example_python_decorator to None, run_after=None
[2024-07-23T02:18:34.851+0000] {processor.py:183} INFO - Processing /home/airflow/.local/lib/python3.12/site-packages/airflow/example_dags/example_python_decorator.py took 0.386 seconds
[2024-07-23T02:19:06.381+0000] {processor.py:161} INFO - Started process (PID=2476) to work on /home/airflow/.local/lib/python3.12/site-packages/airflow/example_dags/example_python_decorator.py
[2024-07-23T02:19:06.384+0000] {processor.py:830} INFO - Processing file /home/airflow/.local/lib/python3.12/site-packages/airflow/example_dags/example_python_decorator.py for tasks to queue
[2024-07-23T02:19:06.392+0000] {logging_mixin.py:188} INFO - [2024-07-23T02:19:06.391+0000] {dagbag.py:545} INFO - Filling up the DagBag from /home/airflow/.local/lib/python3.12/site-packages/airflow/example_dags/example_python_decorator.py
[2024-07-23T02:19:06.466+0000] {processor.py:840} INFO - DAG(s) 'example_python_decorator' retrieved from /home/airflow/.local/lib/python3.12/site-packages/airflow/example_dags/example_python_decorator.py
[2024-07-23T02:19:06.562+0000] {logging_mixin.py:188} INFO - [2024-07-23T02:19:06.561+0000] {dag.py:3089} INFO - Sync 1 DAGs
[2024-07-23T02:19:06.613+0000] {logging_mixin.py:188} INFO - [2024-07-23T02:19:06.612+0000] {dag.py:3947} INFO - Setting next_dagrun for example_python_decorator to None, run_after=None
[2024-07-23T02:19:06.697+0000] {processor.py:183} INFO - Processing /home/airflow/.local/lib/python3.12/site-packages/airflow/example_dags/example_python_decorator.py took 0.354 seconds
[2024-07-23T02:19:37.351+0000] {processor.py:161} INFO - Started process (PID=2534) to work on /home/airflow/.local/lib/python3.12/site-packages/airflow/example_dags/example_python_decorator.py
[2024-07-23T02:19:37.353+0000] {processor.py:830} INFO - Processing file /home/airflow/.local/lib/python3.12/site-packages/airflow/example_dags/example_python_decorator.py for tasks to queue
[2024-07-23T02:19:37.359+0000] {logging_mixin.py:188} INFO - [2024-07-23T02:19:37.358+0000] {dagbag.py:545} INFO - Filling up the DagBag from /home/airflow/.local/lib/python3.12/site-packages/airflow/example_dags/example_python_decorator.py
[2024-07-23T02:19:37.424+0000] {processor.py:840} INFO - DAG(s) 'example_python_decorator' retrieved from /home/airflow/.local/lib/python3.12/site-packages/airflow/example_dags/example_python_decorator.py
[2024-07-23T02:19:37.505+0000] {logging_mixin.py:188} INFO - [2024-07-23T02:19:37.505+0000] {dag.py:3089} INFO - Sync 1 DAGs
[2024-07-23T02:19:37.543+0000] {logging_mixin.py:188} INFO - [2024-07-23T02:19:37.542+0000] {dag.py:3947} INFO - Setting next_dagrun for example_python_decorator to None, run_after=None
[2024-07-23T02:19:37.582+0000] {processor.py:183} INFO - Processing /home/airflow/.local/lib/python3.12/site-packages/airflow/example_dags/example_python_decorator.py took 0.255 seconds
[2024-07-23T02:20:07.694+0000] {processor.py:161} INFO - Started process (PID=2591) to work on /home/airflow/.local/lib/python3.12/site-packages/airflow/example_dags/example_python_decorator.py
[2024-07-23T02:20:07.696+0000] {processor.py:830} INFO - Processing file /home/airflow/.local/lib/python3.12/site-packages/airflow/example_dags/example_python_decorator.py for tasks to queue
[2024-07-23T02:20:07.700+0000] {logging_mixin.py:188} INFO - [2024-07-23T02:20:07.699+0000] {dagbag.py:545} INFO - Filling up the DagBag from /home/airflow/.local/lib/python3.12/site-packages/airflow/example_dags/example_python_decorator.py
[2024-07-23T02:20:07.737+0000] {processor.py:840} INFO - DAG(s) 'example_python_decorator' retrieved from /home/airflow/.local/lib/python3.12/site-packages/airflow/example_dags/example_python_decorator.py
[2024-07-23T02:20:07.808+0000] {logging_mixin.py:188} INFO - [2024-07-23T02:20:07.807+0000] {dag.py:3089} INFO - Sync 1 DAGs
[2024-07-23T02:20:07.850+0000] {logging_mixin.py:188} INFO - [2024-07-23T02:20:07.850+0000] {dag.py:3947} INFO - Setting next_dagrun for example_python_decorator to None, run_after=None
[2024-07-23T02:20:07.901+0000] {processor.py:183} INFO - Processing /home/airflow/.local/lib/python3.12/site-packages/airflow/example_dags/example_python_decorator.py took 0.221 seconds
[2024-07-23T02:20:38.229+0000] {processor.py:161} INFO - Started process (PID=2649) to work on /home/airflow/.local/lib/python3.12/site-packages/airflow/example_dags/example_python_decorator.py
[2024-07-23T02:20:38.231+0000] {processor.py:830} INFO - Processing file /home/airflow/.local/lib/python3.12/site-packages/airflow/example_dags/example_python_decorator.py for tasks to queue
[2024-07-23T02:20:38.234+0000] {logging_mixin.py:188} INFO - [2024-07-23T02:20:38.233+0000] {dagbag.py:545} INFO - Filling up the DagBag from /home/airflow/.local/lib/python3.12/site-packages/airflow/example_dags/example_python_decorator.py
[2024-07-23T02:20:38.252+0000] {processor.py:840} INFO - DAG(s) 'example_python_decorator' retrieved from /home/airflow/.local/lib/python3.12/site-packages/airflow/example_dags/example_python_decorator.py
[2024-07-23T02:20:38.279+0000] {logging_mixin.py:188} INFO - [2024-07-23T02:20:38.279+0000] {dag.py:3089} INFO - Sync 1 DAGs
[2024-07-23T02:20:38.296+0000] {logging_mixin.py:188} INFO - [2024-07-23T02:20:38.295+0000] {dag.py:3947} INFO - Setting next_dagrun for example_python_decorator to None, run_after=None
[2024-07-23T02:20:38.319+0000] {processor.py:183} INFO - Processing /home/airflow/.local/lib/python3.12/site-packages/airflow/example_dags/example_python_decorator.py took 0.099 seconds
[2024-07-23T02:21:08.352+0000] {processor.py:161} INFO - Started process (PID=2708) to work on /home/airflow/.local/lib/python3.12/site-packages/airflow/example_dags/example_python_decorator.py
[2024-07-23T02:21:08.353+0000] {processor.py:830} INFO - Processing file /home/airflow/.local/lib/python3.12/site-packages/airflow/example_dags/example_python_decorator.py for tasks to queue
[2024-07-23T02:21:08.354+0000] {logging_mixin.py:188} INFO - [2024-07-23T02:21:08.354+0000] {dagbag.py:545} INFO - Filling up the DagBag from /home/airflow/.local/lib/python3.12/site-packages/airflow/example_dags/example_python_decorator.py
[2024-07-23T02:21:08.369+0000] {processor.py:840} INFO - DAG(s) 'example_python_decorator' retrieved from /home/airflow/.local/lib/python3.12/site-packages/airflow/example_dags/example_python_decorator.py
[2024-07-23T02:21:08.395+0000] {logging_mixin.py:188} INFO - [2024-07-23T02:21:08.394+0000] {dag.py:3089} INFO - Sync 1 DAGs
[2024-07-23T02:21:08.408+0000] {logging_mixin.py:188} INFO - [2024-07-23T02:21:08.408+0000] {dag.py:3947} INFO - Setting next_dagrun for example_python_decorator to None, run_after=None
[2024-07-23T02:21:08.429+0000] {processor.py:183} INFO - Processing /home/airflow/.local/lib/python3.12/site-packages/airflow/example_dags/example_python_decorator.py took 0.083 seconds
[2024-07-23T02:21:38.705+0000] {processor.py:161} INFO - Started process (PID=2768) to work on /home/airflow/.local/lib/python3.12/site-packages/airflow/example_dags/example_python_decorator.py
[2024-07-23T02:21:38.707+0000] {processor.py:830} INFO - Processing file /home/airflow/.local/lib/python3.12/site-packages/airflow/example_dags/example_python_decorator.py for tasks to queue
[2024-07-23T02:21:38.709+0000] {logging_mixin.py:188} INFO - [2024-07-23T02:21:38.709+0000] {dagbag.py:545} INFO - Filling up the DagBag from /home/airflow/.local/lib/python3.12/site-packages/airflow/example_dags/example_python_decorator.py
[2024-07-23T02:21:38.725+0000] {processor.py:840} INFO - DAG(s) 'example_python_decorator' retrieved from /home/airflow/.local/lib/python3.12/site-packages/airflow/example_dags/example_python_decorator.py
[2024-07-23T02:21:38.750+0000] {logging_mixin.py:188} INFO - [2024-07-23T02:21:38.750+0000] {dag.py:3089} INFO - Sync 1 DAGs
[2024-07-23T02:21:38.765+0000] {logging_mixin.py:188} INFO - [2024-07-23T02:21:38.764+0000] {dag.py:3947} INFO - Setting next_dagrun for example_python_decorator to None, run_after=None
[2024-07-23T02:21:38.786+0000] {processor.py:183} INFO - Processing /home/airflow/.local/lib/python3.12/site-packages/airflow/example_dags/example_python_decorator.py took 0.089 seconds
[2024-07-23T02:22:08.988+0000] {processor.py:161} INFO - Started process (PID=2827) to work on /home/airflow/.local/lib/python3.12/site-packages/airflow/example_dags/example_python_decorator.py
[2024-07-23T02:22:08.988+0000] {processor.py:830} INFO - Processing file /home/airflow/.local/lib/python3.12/site-packages/airflow/example_dags/example_python_decorator.py for tasks to queue
[2024-07-23T02:22:08.991+0000] {logging_mixin.py:188} INFO - [2024-07-23T02:22:08.990+0000] {dagbag.py:545} INFO - Filling up the DagBag from /home/airflow/.local/lib/python3.12/site-packages/airflow/example_dags/example_python_decorator.py
[2024-07-23T02:22:09.005+0000] {processor.py:840} INFO - DAG(s) 'example_python_decorator' retrieved from /home/airflow/.local/lib/python3.12/site-packages/airflow/example_dags/example_python_decorator.py
[2024-07-23T02:22:09.032+0000] {logging_mixin.py:188} INFO - [2024-07-23T02:22:09.032+0000] {dag.py:3089} INFO - Sync 1 DAGs
[2024-07-23T02:22:09.047+0000] {logging_mixin.py:188} INFO - [2024-07-23T02:22:09.047+0000] {dag.py:3947} INFO - Setting next_dagrun for example_python_decorator to None, run_after=None
[2024-07-23T02:22:09.068+0000] {processor.py:183} INFO - Processing /home/airflow/.local/lib/python3.12/site-packages/airflow/example_dags/example_python_decorator.py took 0.090 seconds
[2024-07-23T02:22:39.604+0000] {processor.py:161} INFO - Started process (PID=2886) to work on /home/airflow/.local/lib/python3.12/site-packages/airflow/example_dags/example_python_decorator.py
[2024-07-23T02:22:39.607+0000] {processor.py:830} INFO - Processing file /home/airflow/.local/lib/python3.12/site-packages/airflow/example_dags/example_python_decorator.py for tasks to queue
[2024-07-23T02:22:39.609+0000] {logging_mixin.py:188} INFO - [2024-07-23T02:22:39.608+0000] {dagbag.py:545} INFO - Filling up the DagBag from /home/airflow/.local/lib/python3.12/site-packages/airflow/example_dags/example_python_decorator.py
[2024-07-23T02:22:39.629+0000] {processor.py:840} INFO - DAG(s) 'example_python_decorator' retrieved from /home/airflow/.local/lib/python3.12/site-packages/airflow/example_dags/example_python_decorator.py
[2024-07-23T02:22:39.664+0000] {logging_mixin.py:188} INFO - [2024-07-23T02:22:39.663+0000] {dag.py:3089} INFO - Sync 1 DAGs
[2024-07-23T02:22:39.685+0000] {logging_mixin.py:188} INFO - [2024-07-23T02:22:39.685+0000] {dag.py:3947} INFO - Setting next_dagrun for example_python_decorator to None, run_after=None
[2024-07-23T02:22:39.716+0000] {processor.py:183} INFO - Processing /home/airflow/.local/lib/python3.12/site-packages/airflow/example_dags/example_python_decorator.py took 0.123 seconds
[2024-07-23T02:23:10.150+0000] {processor.py:161} INFO - Started process (PID=2952) to work on /home/airflow/.local/lib/python3.12/site-packages/airflow/example_dags/example_python_decorator.py
[2024-07-23T02:23:10.152+0000] {processor.py:830} INFO - Processing file /home/airflow/.local/lib/python3.12/site-packages/airflow/example_dags/example_python_decorator.py for tasks to queue
[2024-07-23T02:23:10.155+0000] {logging_mixin.py:188} INFO - [2024-07-23T02:23:10.154+0000] {dagbag.py:545} INFO - Filling up the DagBag from /home/airflow/.local/lib/python3.12/site-packages/airflow/example_dags/example_python_decorator.py
[2024-07-23T02:23:10.173+0000] {processor.py:840} INFO - DAG(s) 'example_python_decorator' retrieved from /home/airflow/.local/lib/python3.12/site-packages/airflow/example_dags/example_python_decorator.py
[2024-07-23T02:23:10.211+0000] {logging_mixin.py:188} INFO - [2024-07-23T02:23:10.211+0000] {dag.py:3089} INFO - Sync 1 DAGs
[2024-07-23T02:23:10.233+0000] {logging_mixin.py:188} INFO - [2024-07-23T02:23:10.232+0000] {dag.py:3947} INFO - Setting next_dagrun for example_python_decorator to None, run_after=None
[2024-07-23T02:23:10.262+0000] {processor.py:183} INFO - Processing /home/airflow/.local/lib/python3.12/site-packages/airflow/example_dags/example_python_decorator.py took 0.120 seconds
[2024-07-23T02:23:40.908+0000] {processor.py:161} INFO - Started process (PID=3010) to work on /home/airflow/.local/lib/python3.12/site-packages/airflow/example_dags/example_python_decorator.py
[2024-07-23T02:23:40.911+0000] {processor.py:830} INFO - Processing file /home/airflow/.local/lib/python3.12/site-packages/airflow/example_dags/example_python_decorator.py for tasks to queue
[2024-07-23T02:23:40.918+0000] {logging_mixin.py:188} INFO - [2024-07-23T02:23:40.917+0000] {dagbag.py:545} INFO - Filling up the DagBag from /home/airflow/.local/lib/python3.12/site-packages/airflow/example_dags/example_python_decorator.py
[2024-07-23T02:23:40.977+0000] {processor.py:840} INFO - DAG(s) 'example_python_decorator' retrieved from /home/airflow/.local/lib/python3.12/site-packages/airflow/example_dags/example_python_decorator.py
[2024-07-23T02:23:41.085+0000] {logging_mixin.py:188} INFO - [2024-07-23T02:23:41.084+0000] {dag.py:3089} INFO - Sync 1 DAGs
[2024-07-23T02:23:41.144+0000] {logging_mixin.py:188} INFO - [2024-07-23T02:23:41.143+0000] {dag.py:3947} INFO - Setting next_dagrun for example_python_decorator to None, run_after=None
[2024-07-23T02:23:41.219+0000] {processor.py:183} INFO - Processing /home/airflow/.local/lib/python3.12/site-packages/airflow/example_dags/example_python_decorator.py took 0.342 seconds
[2024-07-23T02:24:11.510+0000] {processor.py:161} INFO - Started process (PID=3069) to work on /home/airflow/.local/lib/python3.12/site-packages/airflow/example_dags/example_python_decorator.py
[2024-07-23T02:24:11.517+0000] {processor.py:830} INFO - Processing file /home/airflow/.local/lib/python3.12/site-packages/airflow/example_dags/example_python_decorator.py for tasks to queue
[2024-07-23T02:24:11.526+0000] {logging_mixin.py:188} INFO - [2024-07-23T02:24:11.524+0000] {dagbag.py:545} INFO - Filling up the DagBag from /home/airflow/.local/lib/python3.12/site-packages/airflow/example_dags/example_python_decorator.py
[2024-07-23T02:24:11.604+0000] {processor.py:840} INFO - DAG(s) 'example_python_decorator' retrieved from /home/airflow/.local/lib/python3.12/site-packages/airflow/example_dags/example_python_decorator.py
[2024-07-23T02:24:11.722+0000] {logging_mixin.py:188} INFO - [2024-07-23T02:24:11.721+0000] {dag.py:3089} INFO - Sync 1 DAGs
[2024-07-23T02:24:11.774+0000] {logging_mixin.py:188} INFO - [2024-07-23T02:24:11.773+0000] {dag.py:3947} INFO - Setting next_dagrun for example_python_decorator to None, run_after=None
[2024-07-23T02:24:11.850+0000] {processor.py:183} INFO - Processing /home/airflow/.local/lib/python3.12/site-packages/airflow/example_dags/example_python_decorator.py took 0.365 seconds
[2024-07-23T02:24:42.005+0000] {processor.py:161} INFO - Started process (PID=3128) to work on /home/airflow/.local/lib/python3.12/site-packages/airflow/example_dags/example_python_decorator.py
[2024-07-23T02:24:42.008+0000] {processor.py:830} INFO - Processing file /home/airflow/.local/lib/python3.12/site-packages/airflow/example_dags/example_python_decorator.py for tasks to queue
[2024-07-23T02:24:42.014+0000] {logging_mixin.py:188} INFO - [2024-07-23T02:24:42.013+0000] {dagbag.py:545} INFO - Filling up the DagBag from /home/airflow/.local/lib/python3.12/site-packages/airflow/example_dags/example_python_decorator.py
[2024-07-23T02:24:42.064+0000] {processor.py:840} INFO - DAG(s) 'example_python_decorator' retrieved from /home/airflow/.local/lib/python3.12/site-packages/airflow/example_dags/example_python_decorator.py
[2024-07-23T02:24:42.154+0000] {logging_mixin.py:188} INFO - [2024-07-23T02:24:42.153+0000] {dag.py:3089} INFO - Sync 1 DAGs
[2024-07-23T02:24:42.202+0000] {logging_mixin.py:188} INFO - [2024-07-23T02:24:42.202+0000] {dag.py:3947} INFO - Setting next_dagrun for example_python_decorator to None, run_after=None
[2024-07-23T02:24:42.275+0000] {processor.py:183} INFO - Processing /home/airflow/.local/lib/python3.12/site-packages/airflow/example_dags/example_python_decorator.py took 0.292 seconds
[2024-07-23T02:25:12.827+0000] {processor.py:161} INFO - Started process (PID=3186) to work on /home/airflow/.local/lib/python3.12/site-packages/airflow/example_dags/example_python_decorator.py
[2024-07-23T02:25:12.828+0000] {processor.py:830} INFO - Processing file /home/airflow/.local/lib/python3.12/site-packages/airflow/example_dags/example_python_decorator.py for tasks to queue
[2024-07-23T02:25:12.830+0000] {logging_mixin.py:188} INFO - [2024-07-23T02:25:12.830+0000] {dagbag.py:545} INFO - Filling up the DagBag from /home/airflow/.local/lib/python3.12/site-packages/airflow/example_dags/example_python_decorator.py
[2024-07-23T02:25:12.844+0000] {processor.py:840} INFO - DAG(s) 'example_python_decorator' retrieved from /home/airflow/.local/lib/python3.12/site-packages/airflow/example_dags/example_python_decorator.py
[2024-07-23T02:25:12.871+0000] {logging_mixin.py:188} INFO - [2024-07-23T02:25:12.870+0000] {dag.py:3089} INFO - Sync 1 DAGs
[2024-07-23T02:25:12.884+0000] {logging_mixin.py:188} INFO - [2024-07-23T02:25:12.884+0000] {dag.py:3947} INFO - Setting next_dagrun for example_python_decorator to None, run_after=None
[2024-07-23T02:25:12.907+0000] {processor.py:183} INFO - Processing /home/airflow/.local/lib/python3.12/site-packages/airflow/example_dags/example_python_decorator.py took 0.087 seconds
[2024-07-23T02:25:43.234+0000] {processor.py:161} INFO - Started process (PID=3245) to work on /home/airflow/.local/lib/python3.12/site-packages/airflow/example_dags/example_python_decorator.py
[2024-07-23T02:25:43.235+0000] {processor.py:830} INFO - Processing file /home/airflow/.local/lib/python3.12/site-packages/airflow/example_dags/example_python_decorator.py for tasks to queue
[2024-07-23T02:25:43.238+0000] {logging_mixin.py:188} INFO - [2024-07-23T02:25:43.238+0000] {dagbag.py:545} INFO - Filling up the DagBag from /home/airflow/.local/lib/python3.12/site-packages/airflow/example_dags/example_python_decorator.py
[2024-07-23T02:25:43.263+0000] {processor.py:840} INFO - DAG(s) 'example_python_decorator' retrieved from /home/airflow/.local/lib/python3.12/site-packages/airflow/example_dags/example_python_decorator.py
[2024-07-23T02:25:43.297+0000] {logging_mixin.py:188} INFO - [2024-07-23T02:25:43.297+0000] {dag.py:3089} INFO - Sync 1 DAGs
[2024-07-23T02:25:43.319+0000] {logging_mixin.py:188} INFO - [2024-07-23T02:25:43.318+0000] {dag.py:3947} INFO - Setting next_dagrun for example_python_decorator to None, run_after=None
[2024-07-23T02:25:43.350+0000] {processor.py:183} INFO - Processing /home/airflow/.local/lib/python3.12/site-packages/airflow/example_dags/example_python_decorator.py took 0.126 seconds
[2024-07-23T02:26:13.500+0000] {processor.py:161} INFO - Started process (PID=3304) to work on /home/airflow/.local/lib/python3.12/site-packages/airflow/example_dags/example_python_decorator.py
[2024-07-23T02:26:13.502+0000] {processor.py:830} INFO - Processing file /home/airflow/.local/lib/python3.12/site-packages/airflow/example_dags/example_python_decorator.py for tasks to queue
[2024-07-23T02:26:13.505+0000] {logging_mixin.py:188} INFO - [2024-07-23T02:26:13.504+0000] {dagbag.py:545} INFO - Filling up the DagBag from /home/airflow/.local/lib/python3.12/site-packages/airflow/example_dags/example_python_decorator.py
[2024-07-23T02:26:13.525+0000] {processor.py:840} INFO - DAG(s) 'example_python_decorator' retrieved from /home/airflow/.local/lib/python3.12/site-packages/airflow/example_dags/example_python_decorator.py
[2024-07-23T02:26:13.579+0000] {logging_mixin.py:188} INFO - [2024-07-23T02:26:13.578+0000] {dag.py:3089} INFO - Sync 1 DAGs
[2024-07-23T02:26:13.610+0000] {logging_mixin.py:188} INFO - [2024-07-23T02:26:13.609+0000] {dag.py:3947} INFO - Setting next_dagrun for example_python_decorator to None, run_after=None
[2024-07-23T02:26:13.648+0000] {processor.py:183} INFO - Processing /home/airflow/.local/lib/python3.12/site-packages/airflow/example_dags/example_python_decorator.py took 0.158 seconds
[2024-07-23T02:26:44.243+0000] {processor.py:161} INFO - Started process (PID=3363) to work on /home/airflow/.local/lib/python3.12/site-packages/airflow/example_dags/example_python_decorator.py
[2024-07-23T02:26:44.246+0000] {processor.py:830} INFO - Processing file /home/airflow/.local/lib/python3.12/site-packages/airflow/example_dags/example_python_decorator.py for tasks to queue
[2024-07-23T02:26:44.254+0000] {logging_mixin.py:188} INFO - [2024-07-23T02:26:44.253+0000] {dagbag.py:545} INFO - Filling up the DagBag from /home/airflow/.local/lib/python3.12/site-packages/airflow/example_dags/example_python_decorator.py
[2024-07-23T02:26:44.311+0000] {processor.py:840} INFO - DAG(s) 'example_python_decorator' retrieved from /home/airflow/.local/lib/python3.12/site-packages/airflow/example_dags/example_python_decorator.py
[2024-07-23T02:26:44.417+0000] {logging_mixin.py:188} INFO - [2024-07-23T02:26:44.415+0000] {dag.py:3089} INFO - Sync 1 DAGs
[2024-07-23T02:26:44.465+0000] {logging_mixin.py:188} INFO - [2024-07-23T02:26:44.464+0000] {dag.py:3947} INFO - Setting next_dagrun for example_python_decorator to None, run_after=None
[2024-07-23T02:26:44.539+0000] {processor.py:183} INFO - Processing /home/airflow/.local/lib/python3.12/site-packages/airflow/example_dags/example_python_decorator.py took 0.327 seconds
[2024-07-23T02:27:15.240+0000] {processor.py:161} INFO - Started process (PID=3422) to work on /home/airflow/.local/lib/python3.12/site-packages/airflow/example_dags/example_python_decorator.py
[2024-07-23T02:27:15.243+0000] {processor.py:830} INFO - Processing file /home/airflow/.local/lib/python3.12/site-packages/airflow/example_dags/example_python_decorator.py for tasks to queue
[2024-07-23T02:27:15.250+0000] {logging_mixin.py:188} INFO - [2024-07-23T02:27:15.248+0000] {dagbag.py:545} INFO - Filling up the DagBag from /home/airflow/.local/lib/python3.12/site-packages/airflow/example_dags/example_python_decorator.py
[2024-07-23T02:27:15.299+0000] {processor.py:840} INFO - DAG(s) 'example_python_decorator' retrieved from /home/airflow/.local/lib/python3.12/site-packages/airflow/example_dags/example_python_decorator.py
[2024-07-23T02:27:15.388+0000] {logging_mixin.py:188} INFO - [2024-07-23T02:27:15.387+0000] {dag.py:3089} INFO - Sync 1 DAGs
[2024-07-23T02:27:15.435+0000] {logging_mixin.py:188} INFO - [2024-07-23T02:27:15.434+0000] {dag.py:3947} INFO - Setting next_dagrun for example_python_decorator to None, run_after=None
[2024-07-23T02:27:15.508+0000] {processor.py:183} INFO - Processing /home/airflow/.local/lib/python3.12/site-packages/airflow/example_dags/example_python_decorator.py took 0.291 seconds
[2024-07-23T02:27:45.960+0000] {processor.py:161} INFO - Started process (PID=3481) to work on /home/airflow/.local/lib/python3.12/site-packages/airflow/example_dags/example_python_decorator.py
[2024-07-23T02:27:45.964+0000] {processor.py:830} INFO - Processing file /home/airflow/.local/lib/python3.12/site-packages/airflow/example_dags/example_python_decorator.py for tasks to queue
[2024-07-23T02:27:45.966+0000] {logging_mixin.py:188} INFO - [2024-07-23T02:27:45.965+0000] {dagbag.py:545} INFO - Filling up the DagBag from /home/airflow/.local/lib/python3.12/site-packages/airflow/example_dags/example_python_decorator.py
[2024-07-23T02:27:45.986+0000] {processor.py:840} INFO - DAG(s) 'example_python_decorator' retrieved from /home/airflow/.local/lib/python3.12/site-packages/airflow/example_dags/example_python_decorator.py
[2024-07-23T02:27:46.017+0000] {logging_mixin.py:188} INFO - [2024-07-23T02:27:46.016+0000] {dag.py:3089} INFO - Sync 1 DAGs
[2024-07-23T02:27:46.034+0000] {logging_mixin.py:188} INFO - [2024-07-23T02:27:46.034+0000] {dag.py:3947} INFO - Setting next_dagrun for example_python_decorator to None, run_after=None
[2024-07-23T02:27:46.064+0000] {processor.py:183} INFO - Processing /home/airflow/.local/lib/python3.12/site-packages/airflow/example_dags/example_python_decorator.py took 0.112 seconds
