[2024-07-23T01:58:20.722+0000] {processor.py:161} INFO - Started process (PID=81) to work on /home/airflow/.local/lib/python3.12/site-packages/airflow/example_dags/example_python_operator.py
[2024-07-23T01:58:20.723+0000] {processor.py:830} INFO - Processing file /home/airflow/.local/lib/python3.12/site-packages/airflow/example_dags/example_python_operator.py for tasks to queue
[2024-07-23T01:58:20.725+0000] {logging_mixin.py:188} INFO - [2024-07-23T01:58:20.725+0000] {dagbag.py:545} INFO - Filling up the DagBag from /home/airflow/.local/lib/python3.12/site-packages/airflow/example_dags/example_python_operator.py
[2024-07-23T01:58:20.739+0000] {processor.py:840} INFO - DAG(s) 'example_python_operator' retrieved from /home/airflow/.local/lib/python3.12/site-packages/airflow/example_dags/example_python_operator.py
[2024-07-23T01:58:20.917+0000] {logging_mixin.py:188} INFO - [2024-07-23T01:58:20.917+0000] {dag.py:3089} INFO - Sync 1 DAGs
[2024-07-23T01:58:20.929+0000] {logging_mixin.py:188} INFO - [2024-07-23T01:58:20.928+0000] {dag.py:3947} INFO - Setting next_dagrun for example_python_operator to None, run_after=None
[2024-07-23T01:58:20.951+0000] {processor.py:183} INFO - Processing /home/airflow/.local/lib/python3.12/site-packages/airflow/example_dags/example_python_operator.py took 0.237 seconds
[2024-07-23T01:58:51.384+0000] {processor.py:161} INFO - Started process (PID=139) to work on /home/airflow/.local/lib/python3.12/site-packages/airflow/example_dags/example_python_operator.py
[2024-07-23T01:58:51.385+0000] {processor.py:830} INFO - Processing file /home/airflow/.local/lib/python3.12/site-packages/airflow/example_dags/example_python_operator.py for tasks to queue
[2024-07-23T01:58:51.387+0000] {logging_mixin.py:188} INFO - [2024-07-23T01:58:51.387+0000] {dagbag.py:545} INFO - Filling up the DagBag from /home/airflow/.local/lib/python3.12/site-packages/airflow/example_dags/example_python_operator.py
[2024-07-23T01:58:51.401+0000] {processor.py:840} INFO - DAG(s) 'example_python_operator' retrieved from /home/airflow/.local/lib/python3.12/site-packages/airflow/example_dags/example_python_operator.py
[2024-07-23T01:58:51.434+0000] {logging_mixin.py:188} INFO - [2024-07-23T01:58:51.434+0000] {dag.py:3089} INFO - Sync 1 DAGs
[2024-07-23T01:58:51.454+0000] {logging_mixin.py:188} INFO - [2024-07-23T01:58:51.453+0000] {dag.py:3947} INFO - Setting next_dagrun for example_python_operator to None, run_after=None
[2024-07-23T01:58:51.486+0000] {processor.py:183} INFO - Processing /home/airflow/.local/lib/python3.12/site-packages/airflow/example_dags/example_python_operator.py took 0.113 seconds
[2024-07-23T01:59:21.903+0000] {processor.py:161} INFO - Started process (PID=197) to work on /home/airflow/.local/lib/python3.12/site-packages/airflow/example_dags/example_python_operator.py
[2024-07-23T01:59:21.904+0000] {processor.py:830} INFO - Processing file /home/airflow/.local/lib/python3.12/site-packages/airflow/example_dags/example_python_operator.py for tasks to queue
[2024-07-23T01:59:21.906+0000] {logging_mixin.py:188} INFO - [2024-07-23T01:59:21.906+0000] {dagbag.py:545} INFO - Filling up the DagBag from /home/airflow/.local/lib/python3.12/site-packages/airflow/example_dags/example_python_operator.py
[2024-07-23T01:59:21.919+0000] {processor.py:840} INFO - DAG(s) 'example_python_operator' retrieved from /home/airflow/.local/lib/python3.12/site-packages/airflow/example_dags/example_python_operator.py
[2024-07-23T01:59:21.951+0000] {logging_mixin.py:188} INFO - [2024-07-23T01:59:21.950+0000] {dag.py:3089} INFO - Sync 1 DAGs
[2024-07-23T01:59:21.970+0000] {logging_mixin.py:188} INFO - [2024-07-23T01:59:21.970+0000] {dag.py:3947} INFO - Setting next_dagrun for example_python_operator to None, run_after=None
[2024-07-23T01:59:21.997+0000] {processor.py:183} INFO - Processing /home/airflow/.local/lib/python3.12/site-packages/airflow/example_dags/example_python_operator.py took 0.102 seconds
[2024-07-23T01:59:52.326+0000] {processor.py:161} INFO - Started process (PID=255) to work on /home/airflow/.local/lib/python3.12/site-packages/airflow/example_dags/example_python_operator.py
[2024-07-23T01:59:52.327+0000] {processor.py:830} INFO - Processing file /home/airflow/.local/lib/python3.12/site-packages/airflow/example_dags/example_python_operator.py for tasks to queue
[2024-07-23T01:59:52.329+0000] {logging_mixin.py:188} INFO - [2024-07-23T01:59:52.328+0000] {dagbag.py:545} INFO - Filling up the DagBag from /home/airflow/.local/lib/python3.12/site-packages/airflow/example_dags/example_python_operator.py
[2024-07-23T01:59:52.341+0000] {processor.py:840} INFO - DAG(s) 'example_python_operator' retrieved from /home/airflow/.local/lib/python3.12/site-packages/airflow/example_dags/example_python_operator.py
[2024-07-23T01:59:52.366+0000] {logging_mixin.py:188} INFO - [2024-07-23T01:59:52.366+0000] {dag.py:3089} INFO - Sync 1 DAGs
[2024-07-23T01:59:52.382+0000] {logging_mixin.py:188} INFO - [2024-07-23T01:59:52.381+0000] {dag.py:3947} INFO - Setting next_dagrun for example_python_operator to None, run_after=None
[2024-07-23T01:59:52.406+0000] {processor.py:183} INFO - Processing /home/airflow/.local/lib/python3.12/site-packages/airflow/example_dags/example_python_operator.py took 0.087 seconds
[2024-07-23T02:00:22.583+0000] {processor.py:161} INFO - Started process (PID=313) to work on /home/airflow/.local/lib/python3.12/site-packages/airflow/example_dags/example_python_operator.py
[2024-07-23T02:00:22.584+0000] {processor.py:830} INFO - Processing file /home/airflow/.local/lib/python3.12/site-packages/airflow/example_dags/example_python_operator.py for tasks to queue
[2024-07-23T02:00:22.586+0000] {logging_mixin.py:188} INFO - [2024-07-23T02:00:22.586+0000] {dagbag.py:545} INFO - Filling up the DagBag from /home/airflow/.local/lib/python3.12/site-packages/airflow/example_dags/example_python_operator.py
[2024-07-23T02:00:22.598+0000] {processor.py:840} INFO - DAG(s) 'example_python_operator' retrieved from /home/airflow/.local/lib/python3.12/site-packages/airflow/example_dags/example_python_operator.py
[2024-07-23T02:00:22.626+0000] {logging_mixin.py:188} INFO - [2024-07-23T02:00:22.625+0000] {dag.py:3089} INFO - Sync 1 DAGs
[2024-07-23T02:00:22.641+0000] {logging_mixin.py:188} INFO - [2024-07-23T02:00:22.641+0000] {dag.py:3947} INFO - Setting next_dagrun for example_python_operator to None, run_after=None
[2024-07-23T02:00:22.667+0000] {processor.py:183} INFO - Processing /home/airflow/.local/lib/python3.12/site-packages/airflow/example_dags/example_python_operator.py took 0.094 seconds
[2024-07-23T02:00:53.017+0000] {processor.py:161} INFO - Started process (PID=370) to work on /home/airflow/.local/lib/python3.12/site-packages/airflow/example_dags/example_python_operator.py
[2024-07-23T02:00:53.018+0000] {processor.py:830} INFO - Processing file /home/airflow/.local/lib/python3.12/site-packages/airflow/example_dags/example_python_operator.py for tasks to queue
[2024-07-23T02:00:53.020+0000] {logging_mixin.py:188} INFO - [2024-07-23T02:00:53.019+0000] {dagbag.py:545} INFO - Filling up the DagBag from /home/airflow/.local/lib/python3.12/site-packages/airflow/example_dags/example_python_operator.py
[2024-07-23T02:00:53.033+0000] {processor.py:840} INFO - DAG(s) 'example_python_operator' retrieved from /home/airflow/.local/lib/python3.12/site-packages/airflow/example_dags/example_python_operator.py
[2024-07-23T02:00:53.064+0000] {logging_mixin.py:188} INFO - [2024-07-23T02:00:53.064+0000] {dag.py:3089} INFO - Sync 1 DAGs
[2024-07-23T02:00:53.084+0000] {logging_mixin.py:188} INFO - [2024-07-23T02:00:53.083+0000] {dag.py:3947} INFO - Setting next_dagrun for example_python_operator to None, run_after=None
[2024-07-23T02:00:53.115+0000] {processor.py:183} INFO - Processing /home/airflow/.local/lib/python3.12/site-packages/airflow/example_dags/example_python_operator.py took 0.106 seconds
[2024-07-23T02:01:23.878+0000] {processor.py:161} INFO - Started process (PID=427) to work on /home/airflow/.local/lib/python3.12/site-packages/airflow/example_dags/example_python_operator.py
[2024-07-23T02:01:23.879+0000] {processor.py:830} INFO - Processing file /home/airflow/.local/lib/python3.12/site-packages/airflow/example_dags/example_python_operator.py for tasks to queue
[2024-07-23T02:01:23.881+0000] {logging_mixin.py:188} INFO - [2024-07-23T02:01:23.880+0000] {dagbag.py:545} INFO - Filling up the DagBag from /home/airflow/.local/lib/python3.12/site-packages/airflow/example_dags/example_python_operator.py
[2024-07-23T02:01:23.893+0000] {processor.py:840} INFO - DAG(s) 'example_python_operator' retrieved from /home/airflow/.local/lib/python3.12/site-packages/airflow/example_dags/example_python_operator.py
[2024-07-23T02:01:23.922+0000] {logging_mixin.py:188} INFO - [2024-07-23T02:01:23.922+0000] {dag.py:3089} INFO - Sync 1 DAGs
[2024-07-23T02:01:23.939+0000] {logging_mixin.py:188} INFO - [2024-07-23T02:01:23.939+0000] {dag.py:3947} INFO - Setting next_dagrun for example_python_operator to None, run_after=None
[2024-07-23T02:01:23.964+0000] {processor.py:183} INFO - Processing /home/airflow/.local/lib/python3.12/site-packages/airflow/example_dags/example_python_operator.py took 0.093 seconds
[2024-07-23T02:01:54.118+0000] {processor.py:161} INFO - Started process (PID=484) to work on /home/airflow/.local/lib/python3.12/site-packages/airflow/example_dags/example_python_operator.py
[2024-07-23T02:01:54.119+0000] {processor.py:830} INFO - Processing file /home/airflow/.local/lib/python3.12/site-packages/airflow/example_dags/example_python_operator.py for tasks to queue
[2024-07-23T02:01:54.121+0000] {logging_mixin.py:188} INFO - [2024-07-23T02:01:54.120+0000] {dagbag.py:545} INFO - Filling up the DagBag from /home/airflow/.local/lib/python3.12/site-packages/airflow/example_dags/example_python_operator.py
[2024-07-23T02:01:54.133+0000] {processor.py:840} INFO - DAG(s) 'example_python_operator' retrieved from /home/airflow/.local/lib/python3.12/site-packages/airflow/example_dags/example_python_operator.py
[2024-07-23T02:01:54.163+0000] {logging_mixin.py:188} INFO - [2024-07-23T02:01:54.162+0000] {dag.py:3089} INFO - Sync 1 DAGs
[2024-07-23T02:01:54.179+0000] {logging_mixin.py:188} INFO - [2024-07-23T02:01:54.178+0000] {dag.py:3947} INFO - Setting next_dagrun for example_python_operator to None, run_after=None
[2024-07-23T02:01:54.202+0000] {processor.py:183} INFO - Processing /home/airflow/.local/lib/python3.12/site-packages/airflow/example_dags/example_python_operator.py took 0.092 seconds
[2024-07-23T02:02:24.327+0000] {processor.py:161} INFO - Started process (PID=543) to work on /home/airflow/.local/lib/python3.12/site-packages/airflow/example_dags/example_python_operator.py
[2024-07-23T02:02:24.328+0000] {processor.py:830} INFO - Processing file /home/airflow/.local/lib/python3.12/site-packages/airflow/example_dags/example_python_operator.py for tasks to queue
[2024-07-23T02:02:24.330+0000] {logging_mixin.py:188} INFO - [2024-07-23T02:02:24.329+0000] {dagbag.py:545} INFO - Filling up the DagBag from /home/airflow/.local/lib/python3.12/site-packages/airflow/example_dags/example_python_operator.py
[2024-07-23T02:02:24.344+0000] {processor.py:840} INFO - DAG(s) 'example_python_operator' retrieved from /home/airflow/.local/lib/python3.12/site-packages/airflow/example_dags/example_python_operator.py
[2024-07-23T02:02:24.378+0000] {logging_mixin.py:188} INFO - [2024-07-23T02:02:24.377+0000] {dag.py:3089} INFO - Sync 1 DAGs
[2024-07-23T02:02:24.396+0000] {logging_mixin.py:188} INFO - [2024-07-23T02:02:24.395+0000] {dag.py:3947} INFO - Setting next_dagrun for example_python_operator to None, run_after=None
[2024-07-23T02:02:24.421+0000] {processor.py:183} INFO - Processing /home/airflow/.local/lib/python3.12/site-packages/airflow/example_dags/example_python_operator.py took 0.102 seconds
[2024-07-23T02:02:55.011+0000] {processor.py:161} INFO - Started process (PID=602) to work on /home/airflow/.local/lib/python3.12/site-packages/airflow/example_dags/example_python_operator.py
[2024-07-23T02:02:55.013+0000] {processor.py:830} INFO - Processing file /home/airflow/.local/lib/python3.12/site-packages/airflow/example_dags/example_python_operator.py for tasks to queue
[2024-07-23T02:02:55.016+0000] {logging_mixin.py:188} INFO - [2024-07-23T02:02:55.015+0000] {dagbag.py:545} INFO - Filling up the DagBag from /home/airflow/.local/lib/python3.12/site-packages/airflow/example_dags/example_python_operator.py
[2024-07-23T02:02:55.032+0000] {processor.py:840} INFO - DAG(s) 'example_python_operator' retrieved from /home/airflow/.local/lib/python3.12/site-packages/airflow/example_dags/example_python_operator.py
[2024-07-23T02:02:55.063+0000] {logging_mixin.py:188} INFO - [2024-07-23T02:02:55.062+0000] {dag.py:3089} INFO - Sync 1 DAGs
[2024-07-23T02:02:55.081+0000] {logging_mixin.py:188} INFO - [2024-07-23T02:02:55.081+0000] {dag.py:3947} INFO - Setting next_dagrun for example_python_operator to None, run_after=None
[2024-07-23T02:02:55.107+0000] {processor.py:183} INFO - Processing /home/airflow/.local/lib/python3.12/site-packages/airflow/example_dags/example_python_operator.py took 0.105 seconds
[2024-07-23T02:03:25.962+0000] {processor.py:161} INFO - Started process (PID=662) to work on /home/airflow/.local/lib/python3.12/site-packages/airflow/example_dags/example_python_operator.py
[2024-07-23T02:03:25.964+0000] {processor.py:830} INFO - Processing file /home/airflow/.local/lib/python3.12/site-packages/airflow/example_dags/example_python_operator.py for tasks to queue
[2024-07-23T02:03:25.967+0000] {logging_mixin.py:188} INFO - [2024-07-23T02:03:25.967+0000] {dagbag.py:545} INFO - Filling up the DagBag from /home/airflow/.local/lib/python3.12/site-packages/airflow/example_dags/example_python_operator.py
[2024-07-23T02:03:25.997+0000] {processor.py:840} INFO - DAG(s) 'example_python_operator' retrieved from /home/airflow/.local/lib/python3.12/site-packages/airflow/example_dags/example_python_operator.py
[2024-07-23T02:03:26.054+0000] {logging_mixin.py:188} INFO - [2024-07-23T02:03:26.054+0000] {dag.py:3089} INFO - Sync 1 DAGs
[2024-07-23T02:03:26.083+0000] {logging_mixin.py:188} INFO - [2024-07-23T02:03:26.083+0000] {dag.py:3947} INFO - Setting next_dagrun for example_python_operator to None, run_after=None
[2024-07-23T02:03:26.130+0000] {processor.py:183} INFO - Processing /home/airflow/.local/lib/python3.12/site-packages/airflow/example_dags/example_python_operator.py took 0.180 seconds
[2024-07-23T02:03:58.651+0000] {processor.py:161} INFO - Started process (PID=721) to work on /home/airflow/.local/lib/python3.12/site-packages/airflow/example_dags/example_python_operator.py
[2024-07-23T02:03:58.655+0000] {processor.py:830} INFO - Processing file /home/airflow/.local/lib/python3.12/site-packages/airflow/example_dags/example_python_operator.py for tasks to queue
[2024-07-23T02:03:58.664+0000] {logging_mixin.py:188} INFO - [2024-07-23T02:03:58.662+0000] {dagbag.py:545} INFO - Filling up the DagBag from /home/airflow/.local/lib/python3.12/site-packages/airflow/example_dags/example_python_operator.py
[2024-07-23T02:03:58.729+0000] {processor.py:840} INFO - DAG(s) 'example_python_operator' retrieved from /home/airflow/.local/lib/python3.12/site-packages/airflow/example_dags/example_python_operator.py
[2024-07-23T02:03:58.852+0000] {logging_mixin.py:188} INFO - [2024-07-23T02:03:58.850+0000] {dag.py:3089} INFO - Sync 1 DAGs
[2024-07-23T02:03:58.920+0000] {logging_mixin.py:188} INFO - [2024-07-23T02:03:58.919+0000] {dag.py:3947} INFO - Setting next_dagrun for example_python_operator to None, run_after=None
[2024-07-23T02:03:59.019+0000] {processor.py:183} INFO - Processing /home/airflow/.local/lib/python3.12/site-packages/airflow/example_dags/example_python_operator.py took 0.397 seconds
[2024-07-23T02:04:31.936+0000] {processor.py:161} INFO - Started process (PID=780) to work on /home/airflow/.local/lib/python3.12/site-packages/airflow/example_dags/example_python_operator.py
[2024-07-23T02:04:31.940+0000] {processor.py:830} INFO - Processing file /home/airflow/.local/lib/python3.12/site-packages/airflow/example_dags/example_python_operator.py for tasks to queue
[2024-07-23T02:04:31.949+0000] {logging_mixin.py:188} INFO - [2024-07-23T02:04:31.947+0000] {dagbag.py:545} INFO - Filling up the DagBag from /home/airflow/.local/lib/python3.12/site-packages/airflow/example_dags/example_python_operator.py
[2024-07-23T02:04:31.998+0000] {processor.py:840} INFO - DAG(s) 'example_python_operator' retrieved from /home/airflow/.local/lib/python3.12/site-packages/airflow/example_dags/example_python_operator.py
[2024-07-23T02:04:32.117+0000] {logging_mixin.py:188} INFO - [2024-07-23T02:04:32.115+0000] {dag.py:3089} INFO - Sync 1 DAGs
[2024-07-23T02:04:32.190+0000] {logging_mixin.py:188} INFO - [2024-07-23T02:04:32.188+0000] {dag.py:3947} INFO - Setting next_dagrun for example_python_operator to None, run_after=None
[2024-07-23T02:04:32.289+0000] {processor.py:183} INFO - Processing /home/airflow/.local/lib/python3.12/site-packages/airflow/example_dags/example_python_operator.py took 0.385 seconds
[2024-07-23T02:05:03.280+0000] {processor.py:161} INFO - Started process (PID=839) to work on /home/airflow/.local/lib/python3.12/site-packages/airflow/example_dags/example_python_operator.py
[2024-07-23T02:05:03.286+0000] {processor.py:830} INFO - Processing file /home/airflow/.local/lib/python3.12/site-packages/airflow/example_dags/example_python_operator.py for tasks to queue
[2024-07-23T02:05:03.299+0000] {logging_mixin.py:188} INFO - [2024-07-23T02:05:03.296+0000] {dagbag.py:545} INFO - Filling up the DagBag from /home/airflow/.local/lib/python3.12/site-packages/airflow/example_dags/example_python_operator.py
[2024-07-23T02:05:03.372+0000] {processor.py:840} INFO - DAG(s) 'example_python_operator' retrieved from /home/airflow/.local/lib/python3.12/site-packages/airflow/example_dags/example_python_operator.py
[2024-07-23T02:05:03.498+0000] {logging_mixin.py:188} INFO - [2024-07-23T02:05:03.497+0000] {dag.py:3089} INFO - Sync 1 DAGs
[2024-07-23T02:05:03.558+0000] {logging_mixin.py:188} INFO - [2024-07-23T02:05:03.557+0000] {dag.py:3947} INFO - Setting next_dagrun for example_python_operator to None, run_after=None
[2024-07-23T02:05:03.645+0000] {processor.py:183} INFO - Processing /home/airflow/.local/lib/python3.12/site-packages/airflow/example_dags/example_python_operator.py took 0.410 seconds
[2024-07-23T02:05:34.884+0000] {processor.py:161} INFO - Started process (PID=898) to work on /home/airflow/.local/lib/python3.12/site-packages/airflow/example_dags/example_python_operator.py
[2024-07-23T02:05:34.890+0000] {processor.py:830} INFO - Processing file /home/airflow/.local/lib/python3.12/site-packages/airflow/example_dags/example_python_operator.py for tasks to queue
[2024-07-23T02:05:34.904+0000] {logging_mixin.py:188} INFO - [2024-07-23T02:05:34.901+0000] {dagbag.py:545} INFO - Filling up the DagBag from /home/airflow/.local/lib/python3.12/site-packages/airflow/example_dags/example_python_operator.py
[2024-07-23T02:05:34.986+0000] {processor.py:840} INFO - DAG(s) 'example_python_operator' retrieved from /home/airflow/.local/lib/python3.12/site-packages/airflow/example_dags/example_python_operator.py
[2024-07-23T02:05:35.156+0000] {logging_mixin.py:188} INFO - [2024-07-23T02:05:35.154+0000] {dag.py:3089} INFO - Sync 1 DAGs
[2024-07-23T02:05:35.251+0000] {logging_mixin.py:188} INFO - [2024-07-23T02:05:35.249+0000] {dag.py:3947} INFO - Setting next_dagrun for example_python_operator to None, run_after=None
[2024-07-23T02:05:35.378+0000] {processor.py:183} INFO - Processing /home/airflow/.local/lib/python3.12/site-packages/airflow/example_dags/example_python_operator.py took 0.546 seconds
[2024-07-23T02:06:06.096+0000] {processor.py:161} INFO - Started process (PID=957) to work on /home/airflow/.local/lib/python3.12/site-packages/airflow/example_dags/example_python_operator.py
[2024-07-23T02:06:06.097+0000] {processor.py:830} INFO - Processing file /home/airflow/.local/lib/python3.12/site-packages/airflow/example_dags/example_python_operator.py for tasks to queue
[2024-07-23T02:06:06.099+0000] {logging_mixin.py:188} INFO - [2024-07-23T02:06:06.098+0000] {dagbag.py:545} INFO - Filling up the DagBag from /home/airflow/.local/lib/python3.12/site-packages/airflow/example_dags/example_python_operator.py
[2024-07-23T02:06:06.110+0000] {processor.py:840} INFO - DAG(s) 'example_python_operator' retrieved from /home/airflow/.local/lib/python3.12/site-packages/airflow/example_dags/example_python_operator.py
[2024-07-23T02:06:06.134+0000] {logging_mixin.py:188} INFO - [2024-07-23T02:06:06.134+0000] {dag.py:3089} INFO - Sync 1 DAGs
[2024-07-23T02:06:06.149+0000] {logging_mixin.py:188} INFO - [2024-07-23T02:06:06.148+0000] {dag.py:3947} INFO - Setting next_dagrun for example_python_operator to None, run_after=None
[2024-07-23T02:06:06.172+0000] {processor.py:183} INFO - Processing /home/airflow/.local/lib/python3.12/site-packages/airflow/example_dags/example_python_operator.py took 0.082 seconds
[2024-07-23T02:06:36.654+0000] {processor.py:161} INFO - Started process (PID=1016) to work on /home/airflow/.local/lib/python3.12/site-packages/airflow/example_dags/example_python_operator.py
[2024-07-23T02:06:36.656+0000] {processor.py:830} INFO - Processing file /home/airflow/.local/lib/python3.12/site-packages/airflow/example_dags/example_python_operator.py for tasks to queue
[2024-07-23T02:06:36.657+0000] {logging_mixin.py:188} INFO - [2024-07-23T02:06:36.657+0000] {dagbag.py:545} INFO - Filling up the DagBag from /home/airflow/.local/lib/python3.12/site-packages/airflow/example_dags/example_python_operator.py
[2024-07-23T02:06:36.670+0000] {processor.py:840} INFO - DAG(s) 'example_python_operator' retrieved from /home/airflow/.local/lib/python3.12/site-packages/airflow/example_dags/example_python_operator.py
[2024-07-23T02:06:36.698+0000] {logging_mixin.py:188} INFO - [2024-07-23T02:06:36.697+0000] {dag.py:3089} INFO - Sync 1 DAGs
[2024-07-23T02:06:36.711+0000] {logging_mixin.py:188} INFO - [2024-07-23T02:06:36.711+0000] {dag.py:3947} INFO - Setting next_dagrun for example_python_operator to None, run_after=None
[2024-07-23T02:06:36.734+0000] {processor.py:183} INFO - Processing /home/airflow/.local/lib/python3.12/site-packages/airflow/example_dags/example_python_operator.py took 0.086 seconds
[2024-07-23T02:07:06.902+0000] {processor.py:161} INFO - Started process (PID=1075) to work on /home/airflow/.local/lib/python3.12/site-packages/airflow/example_dags/example_python_operator.py
[2024-07-23T02:07:06.903+0000] {processor.py:830} INFO - Processing file /home/airflow/.local/lib/python3.12/site-packages/airflow/example_dags/example_python_operator.py for tasks to queue
[2024-07-23T02:07:06.905+0000] {logging_mixin.py:188} INFO - [2024-07-23T02:07:06.904+0000] {dagbag.py:545} INFO - Filling up the DagBag from /home/airflow/.local/lib/python3.12/site-packages/airflow/example_dags/example_python_operator.py
[2024-07-23T02:07:06.918+0000] {processor.py:840} INFO - DAG(s) 'example_python_operator' retrieved from /home/airflow/.local/lib/python3.12/site-packages/airflow/example_dags/example_python_operator.py
[2024-07-23T02:07:06.955+0000] {logging_mixin.py:188} INFO - [2024-07-23T02:07:06.955+0000] {dag.py:3089} INFO - Sync 1 DAGs
[2024-07-23T02:07:06.973+0000] {logging_mixin.py:188} INFO - [2024-07-23T02:07:06.973+0000] {dag.py:3947} INFO - Setting next_dagrun for example_python_operator to None, run_after=None
[2024-07-23T02:07:07.001+0000] {processor.py:183} INFO - Processing /home/airflow/.local/lib/python3.12/site-packages/airflow/example_dags/example_python_operator.py took 0.105 seconds
[2024-07-23T02:07:37.168+0000] {processor.py:161} INFO - Started process (PID=1134) to work on /home/airflow/.local/lib/python3.12/site-packages/airflow/example_dags/example_python_operator.py
[2024-07-23T02:07:37.170+0000] {processor.py:830} INFO - Processing file /home/airflow/.local/lib/python3.12/site-packages/airflow/example_dags/example_python_operator.py for tasks to queue
[2024-07-23T02:07:37.172+0000] {logging_mixin.py:188} INFO - [2024-07-23T02:07:37.171+0000] {dagbag.py:545} INFO - Filling up the DagBag from /home/airflow/.local/lib/python3.12/site-packages/airflow/example_dags/example_python_operator.py
[2024-07-23T02:07:37.186+0000] {processor.py:840} INFO - DAG(s) 'example_python_operator' retrieved from /home/airflow/.local/lib/python3.12/site-packages/airflow/example_dags/example_python_operator.py
[2024-07-23T02:07:37.217+0000] {logging_mixin.py:188} INFO - [2024-07-23T02:07:37.217+0000] {dag.py:3089} INFO - Sync 1 DAGs
[2024-07-23T02:07:37.234+0000] {logging_mixin.py:188} INFO - [2024-07-23T02:07:37.234+0000] {dag.py:3947} INFO - Setting next_dagrun for example_python_operator to None, run_after=None
[2024-07-23T02:07:37.262+0000] {processor.py:183} INFO - Processing /home/airflow/.local/lib/python3.12/site-packages/airflow/example_dags/example_python_operator.py took 0.101 seconds
[2024-07-23T02:08:07.803+0000] {processor.py:161} INFO - Started process (PID=1194) to work on /home/airflow/.local/lib/python3.12/site-packages/airflow/example_dags/example_python_operator.py
[2024-07-23T02:08:07.804+0000] {processor.py:830} INFO - Processing file /home/airflow/.local/lib/python3.12/site-packages/airflow/example_dags/example_python_operator.py for tasks to queue
[2024-07-23T02:08:07.807+0000] {logging_mixin.py:188} INFO - [2024-07-23T02:08:07.806+0000] {dagbag.py:545} INFO - Filling up the DagBag from /home/airflow/.local/lib/python3.12/site-packages/airflow/example_dags/example_python_operator.py
[2024-07-23T02:08:07.827+0000] {processor.py:840} INFO - DAG(s) 'example_python_operator' retrieved from /home/airflow/.local/lib/python3.12/site-packages/airflow/example_dags/example_python_operator.py
[2024-07-23T02:08:07.874+0000] {logging_mixin.py:188} INFO - [2024-07-23T02:08:07.873+0000] {dag.py:3089} INFO - Sync 1 DAGs
[2024-07-23T02:08:07.905+0000] {logging_mixin.py:188} INFO - [2024-07-23T02:08:07.904+0000] {dag.py:3947} INFO - Setting next_dagrun for example_python_operator to None, run_after=None
[2024-07-23T02:08:07.945+0000] {processor.py:183} INFO - Processing /home/airflow/.local/lib/python3.12/site-packages/airflow/example_dags/example_python_operator.py took 0.153 seconds
[2024-07-23T02:08:38.648+0000] {processor.py:161} INFO - Started process (PID=1252) to work on /home/airflow/.local/lib/python3.12/site-packages/airflow/example_dags/example_python_operator.py
[2024-07-23T02:08:38.650+0000] {processor.py:830} INFO - Processing file /home/airflow/.local/lib/python3.12/site-packages/airflow/example_dags/example_python_operator.py for tasks to queue
[2024-07-23T02:08:38.652+0000] {logging_mixin.py:188} INFO - [2024-07-23T02:08:38.652+0000] {dagbag.py:545} INFO - Filling up the DagBag from /home/airflow/.local/lib/python3.12/site-packages/airflow/example_dags/example_python_operator.py
[2024-07-23T02:08:38.664+0000] {processor.py:840} INFO - DAG(s) 'example_python_operator' retrieved from /home/airflow/.local/lib/python3.12/site-packages/airflow/example_dags/example_python_operator.py
[2024-07-23T02:08:38.702+0000] {logging_mixin.py:188} INFO - [2024-07-23T02:08:38.702+0000] {dag.py:3089} INFO - Sync 1 DAGs
[2024-07-23T02:08:38.725+0000] {logging_mixin.py:188} INFO - [2024-07-23T02:08:38.724+0000] {dag.py:3947} INFO - Setting next_dagrun for example_python_operator to None, run_after=None
[2024-07-23T02:08:38.754+0000] {processor.py:183} INFO - Processing /home/airflow/.local/lib/python3.12/site-packages/airflow/example_dags/example_python_operator.py took 0.114 seconds
[2024-07-23T02:09:09.386+0000] {processor.py:161} INFO - Started process (PID=1311) to work on /home/airflow/.local/lib/python3.12/site-packages/airflow/example_dags/example_python_operator.py
[2024-07-23T02:09:09.387+0000] {processor.py:830} INFO - Processing file /home/airflow/.local/lib/python3.12/site-packages/airflow/example_dags/example_python_operator.py for tasks to queue
[2024-07-23T02:09:09.389+0000] {logging_mixin.py:188} INFO - [2024-07-23T02:09:09.388+0000] {dagbag.py:545} INFO - Filling up the DagBag from /home/airflow/.local/lib/python3.12/site-packages/airflow/example_dags/example_python_operator.py
[2024-07-23T02:09:09.402+0000] {processor.py:840} INFO - DAG(s) 'example_python_operator' retrieved from /home/airflow/.local/lib/python3.12/site-packages/airflow/example_dags/example_python_operator.py
[2024-07-23T02:09:09.433+0000] {logging_mixin.py:188} INFO - [2024-07-23T02:09:09.433+0000] {dag.py:3089} INFO - Sync 1 DAGs
[2024-07-23T02:09:09.451+0000] {logging_mixin.py:188} INFO - [2024-07-23T02:09:09.451+0000] {dag.py:3947} INFO - Setting next_dagrun for example_python_operator to None, run_after=None
[2024-07-23T02:09:09.472+0000] {processor.py:183} INFO - Processing /home/airflow/.local/lib/python3.12/site-packages/airflow/example_dags/example_python_operator.py took 0.092 seconds
[2024-07-23T02:09:39.505+0000] {processor.py:161} INFO - Started process (PID=1368) to work on /home/airflow/.local/lib/python3.12/site-packages/airflow/example_dags/example_python_operator.py
[2024-07-23T02:09:39.506+0000] {processor.py:830} INFO - Processing file /home/airflow/.local/lib/python3.12/site-packages/airflow/example_dags/example_python_operator.py for tasks to queue
[2024-07-23T02:09:39.507+0000] {logging_mixin.py:188} INFO - [2024-07-23T02:09:39.507+0000] {dagbag.py:545} INFO - Filling up the DagBag from /home/airflow/.local/lib/python3.12/site-packages/airflow/example_dags/example_python_operator.py
[2024-07-23T02:09:39.518+0000] {processor.py:840} INFO - DAG(s) 'example_python_operator' retrieved from /home/airflow/.local/lib/python3.12/site-packages/airflow/example_dags/example_python_operator.py
[2024-07-23T02:09:39.542+0000] {logging_mixin.py:188} INFO - [2024-07-23T02:09:39.542+0000] {dag.py:3089} INFO - Sync 1 DAGs
[2024-07-23T02:09:39.556+0000] {logging_mixin.py:188} INFO - [2024-07-23T02:09:39.555+0000] {dag.py:3947} INFO - Setting next_dagrun for example_python_operator to None, run_after=None
[2024-07-23T02:09:39.578+0000] {processor.py:183} INFO - Processing /home/airflow/.local/lib/python3.12/site-packages/airflow/example_dags/example_python_operator.py took 0.079 seconds
[2024-07-23T02:10:09.718+0000] {processor.py:161} INFO - Started process (PID=1427) to work on /home/airflow/.local/lib/python3.12/site-packages/airflow/example_dags/example_python_operator.py
[2024-07-23T02:10:09.719+0000] {processor.py:830} INFO - Processing file /home/airflow/.local/lib/python3.12/site-packages/airflow/example_dags/example_python_operator.py for tasks to queue
[2024-07-23T02:10:09.721+0000] {logging_mixin.py:188} INFO - [2024-07-23T02:10:09.720+0000] {dagbag.py:545} INFO - Filling up the DagBag from /home/airflow/.local/lib/python3.12/site-packages/airflow/example_dags/example_python_operator.py
[2024-07-23T02:10:09.733+0000] {processor.py:840} INFO - DAG(s) 'example_python_operator' retrieved from /home/airflow/.local/lib/python3.12/site-packages/airflow/example_dags/example_python_operator.py
[2024-07-23T02:10:09.757+0000] {logging_mixin.py:188} INFO - [2024-07-23T02:10:09.757+0000] {dag.py:3089} INFO - Sync 1 DAGs
[2024-07-23T02:10:09.771+0000] {logging_mixin.py:188} INFO - [2024-07-23T02:10:09.770+0000] {dag.py:3947} INFO - Setting next_dagrun for example_python_operator to None, run_after=None
[2024-07-23T02:10:09.792+0000] {processor.py:183} INFO - Processing /home/airflow/.local/lib/python3.12/site-packages/airflow/example_dags/example_python_operator.py took 0.080 seconds
[2024-07-23T02:10:39.901+0000] {processor.py:161} INFO - Started process (PID=1486) to work on /home/airflow/.local/lib/python3.12/site-packages/airflow/example_dags/example_python_operator.py
[2024-07-23T02:10:39.902+0000] {processor.py:830} INFO - Processing file /home/airflow/.local/lib/python3.12/site-packages/airflow/example_dags/example_python_operator.py for tasks to queue
[2024-07-23T02:10:39.904+0000] {logging_mixin.py:188} INFO - [2024-07-23T02:10:39.904+0000] {dagbag.py:545} INFO - Filling up the DagBag from /home/airflow/.local/lib/python3.12/site-packages/airflow/example_dags/example_python_operator.py
[2024-07-23T02:10:39.915+0000] {processor.py:840} INFO - DAG(s) 'example_python_operator' retrieved from /home/airflow/.local/lib/python3.12/site-packages/airflow/example_dags/example_python_operator.py
[2024-07-23T02:10:39.941+0000] {logging_mixin.py:188} INFO - [2024-07-23T02:10:39.941+0000] {dag.py:3089} INFO - Sync 1 DAGs
[2024-07-23T02:10:39.957+0000] {logging_mixin.py:188} INFO - [2024-07-23T02:10:39.956+0000] {dag.py:3947} INFO - Setting next_dagrun for example_python_operator to None, run_after=None
[2024-07-23T02:10:39.983+0000] {processor.py:183} INFO - Processing /home/airflow/.local/lib/python3.12/site-packages/airflow/example_dags/example_python_operator.py took 0.088 seconds
[2024-07-23T02:11:10.411+0000] {processor.py:161} INFO - Started process (PID=1545) to work on /home/airflow/.local/lib/python3.12/site-packages/airflow/example_dags/example_python_operator.py
[2024-07-23T02:11:10.411+0000] {processor.py:830} INFO - Processing file /home/airflow/.local/lib/python3.12/site-packages/airflow/example_dags/example_python_operator.py for tasks to queue
[2024-07-23T02:11:10.413+0000] {logging_mixin.py:188} INFO - [2024-07-23T02:11:10.413+0000] {dagbag.py:545} INFO - Filling up the DagBag from /home/airflow/.local/lib/python3.12/site-packages/airflow/example_dags/example_python_operator.py
[2024-07-23T02:11:10.425+0000] {processor.py:840} INFO - DAG(s) 'example_python_operator' retrieved from /home/airflow/.local/lib/python3.12/site-packages/airflow/example_dags/example_python_operator.py
[2024-07-23T02:11:10.448+0000] {logging_mixin.py:188} INFO - [2024-07-23T02:11:10.448+0000] {dag.py:3089} INFO - Sync 1 DAGs
[2024-07-23T02:11:10.461+0000] {logging_mixin.py:188} INFO - [2024-07-23T02:11:10.461+0000] {dag.py:3947} INFO - Setting next_dagrun for example_python_operator to None, run_after=None
[2024-07-23T02:11:10.497+0000] {processor.py:183} INFO - Processing /home/airflow/.local/lib/python3.12/site-packages/airflow/example_dags/example_python_operator.py took 0.094 seconds
[2024-07-23T02:11:40.565+0000] {processor.py:161} INFO - Started process (PID=1603) to work on /home/airflow/.local/lib/python3.12/site-packages/airflow/example_dags/example_python_operator.py
[2024-07-23T02:11:40.573+0000] {processor.py:830} INFO - Processing file /home/airflow/.local/lib/python3.12/site-packages/airflow/example_dags/example_python_operator.py for tasks to queue
[2024-07-23T02:11:40.575+0000] {logging_mixin.py:188} INFO - [2024-07-23T02:11:40.575+0000] {dagbag.py:545} INFO - Filling up the DagBag from /home/airflow/.local/lib/python3.12/site-packages/airflow/example_dags/example_python_operator.py
[2024-07-23T02:11:40.588+0000] {processor.py:840} INFO - DAG(s) 'example_python_operator' retrieved from /home/airflow/.local/lib/python3.12/site-packages/airflow/example_dags/example_python_operator.py
[2024-07-23T02:11:40.616+0000] {logging_mixin.py:188} INFO - [2024-07-23T02:11:40.615+0000] {dag.py:3089} INFO - Sync 1 DAGs
[2024-07-23T02:11:40.632+0000] {logging_mixin.py:188} INFO - [2024-07-23T02:11:40.631+0000] {dag.py:3947} INFO - Setting next_dagrun for example_python_operator to None, run_after=None
[2024-07-23T02:11:40.657+0000] {processor.py:183} INFO - Processing /home/airflow/.local/lib/python3.12/site-packages/airflow/example_dags/example_python_operator.py took 0.100 seconds
[2024-07-23T02:12:10.838+0000] {processor.py:161} INFO - Started process (PID=1662) to work on /home/airflow/.local/lib/python3.12/site-packages/airflow/example_dags/example_python_operator.py
[2024-07-23T02:12:10.838+0000] {processor.py:830} INFO - Processing file /home/airflow/.local/lib/python3.12/site-packages/airflow/example_dags/example_python_operator.py for tasks to queue
[2024-07-23T02:12:10.840+0000] {logging_mixin.py:188} INFO - [2024-07-23T02:12:10.840+0000] {dagbag.py:545} INFO - Filling up the DagBag from /home/airflow/.local/lib/python3.12/site-packages/airflow/example_dags/example_python_operator.py
[2024-07-23T02:12:10.852+0000] {processor.py:840} INFO - DAG(s) 'example_python_operator' retrieved from /home/airflow/.local/lib/python3.12/site-packages/airflow/example_dags/example_python_operator.py
[2024-07-23T02:12:10.879+0000] {logging_mixin.py:188} INFO - [2024-07-23T02:12:10.879+0000] {dag.py:3089} INFO - Sync 1 DAGs
[2024-07-23T02:12:10.895+0000] {logging_mixin.py:188} INFO - [2024-07-23T02:12:10.895+0000] {dag.py:3947} INFO - Setting next_dagrun for example_python_operator to None, run_after=None
[2024-07-23T02:12:10.925+0000] {processor.py:183} INFO - Processing /home/airflow/.local/lib/python3.12/site-packages/airflow/example_dags/example_python_operator.py took 0.094 seconds
[2024-07-23T02:12:41.239+0000] {processor.py:161} INFO - Started process (PID=1722) to work on /home/airflow/.local/lib/python3.12/site-packages/airflow/example_dags/example_python_operator.py
[2024-07-23T02:12:41.240+0000] {processor.py:830} INFO - Processing file /home/airflow/.local/lib/python3.12/site-packages/airflow/example_dags/example_python_operator.py for tasks to queue
[2024-07-23T02:12:41.242+0000] {logging_mixin.py:188} INFO - [2024-07-23T02:12:41.242+0000] {dagbag.py:545} INFO - Filling up the DagBag from /home/airflow/.local/lib/python3.12/site-packages/airflow/example_dags/example_python_operator.py
[2024-07-23T02:12:41.254+0000] {processor.py:840} INFO - DAG(s) 'example_python_operator' retrieved from /home/airflow/.local/lib/python3.12/site-packages/airflow/example_dags/example_python_operator.py
[2024-07-23T02:12:41.278+0000] {logging_mixin.py:188} INFO - [2024-07-23T02:12:41.278+0000] {dag.py:3089} INFO - Sync 1 DAGs
[2024-07-23T02:12:41.291+0000] {logging_mixin.py:188} INFO - [2024-07-23T02:12:41.291+0000] {dag.py:3947} INFO - Setting next_dagrun for example_python_operator to None, run_after=None
[2024-07-23T02:12:41.314+0000] {processor.py:183} INFO - Processing /home/airflow/.local/lib/python3.12/site-packages/airflow/example_dags/example_python_operator.py took 0.081 seconds
[2024-07-23T02:13:11.503+0000] {processor.py:161} INFO - Started process (PID=1781) to work on /home/airflow/.local/lib/python3.12/site-packages/airflow/example_dags/example_python_operator.py
[2024-07-23T02:13:11.504+0000] {processor.py:830} INFO - Processing file /home/airflow/.local/lib/python3.12/site-packages/airflow/example_dags/example_python_operator.py for tasks to queue
[2024-07-23T02:13:11.506+0000] {logging_mixin.py:188} INFO - [2024-07-23T02:13:11.506+0000] {dagbag.py:545} INFO - Filling up the DagBag from /home/airflow/.local/lib/python3.12/site-packages/airflow/example_dags/example_python_operator.py
[2024-07-23T02:13:11.517+0000] {processor.py:840} INFO - DAG(s) 'example_python_operator' retrieved from /home/airflow/.local/lib/python3.12/site-packages/airflow/example_dags/example_python_operator.py
[2024-07-23T02:13:11.542+0000] {logging_mixin.py:188} INFO - [2024-07-23T02:13:11.541+0000] {dag.py:3089} INFO - Sync 1 DAGs
[2024-07-23T02:13:11.557+0000] {logging_mixin.py:188} INFO - [2024-07-23T02:13:11.557+0000] {dag.py:3947} INFO - Setting next_dagrun for example_python_operator to None, run_after=None
[2024-07-23T02:13:11.582+0000] {processor.py:183} INFO - Processing /home/airflow/.local/lib/python3.12/site-packages/airflow/example_dags/example_python_operator.py took 0.085 seconds
[2024-07-23T02:13:41.716+0000] {processor.py:161} INFO - Started process (PID=1849) to work on /home/airflow/.local/lib/python3.12/site-packages/airflow/example_dags/example_python_operator.py
[2024-07-23T02:13:41.727+0000] {processor.py:830} INFO - Processing file /home/airflow/.local/lib/python3.12/site-packages/airflow/example_dags/example_python_operator.py for tasks to queue
[2024-07-23T02:13:41.734+0000] {logging_mixin.py:188} INFO - [2024-07-23T02:13:41.733+0000] {dagbag.py:545} INFO - Filling up the DagBag from /home/airflow/.local/lib/python3.12/site-packages/airflow/example_dags/example_python_operator.py
[2024-07-23T02:13:41.815+0000] {processor.py:840} INFO - DAG(s) 'example_python_operator' retrieved from /home/airflow/.local/lib/python3.12/site-packages/airflow/example_dags/example_python_operator.py
[2024-07-23T02:13:41.885+0000] {logging_mixin.py:188} INFO - [2024-07-23T02:13:41.884+0000] {dag.py:3089} INFO - Sync 1 DAGs
[2024-07-23T02:13:41.928+0000] {logging_mixin.py:188} INFO - [2024-07-23T02:13:41.928+0000] {dag.py:3947} INFO - Setting next_dagrun for example_python_operator to None, run_after=None
[2024-07-23T02:13:41.990+0000] {processor.py:183} INFO - Processing /home/airflow/.local/lib/python3.12/site-packages/airflow/example_dags/example_python_operator.py took 0.336 seconds
[2024-07-23T02:14:12.796+0000] {processor.py:161} INFO - Started process (PID=1908) to work on /home/airflow/.local/lib/python3.12/site-packages/airflow/example_dags/example_python_operator.py
[2024-07-23T02:14:12.797+0000] {processor.py:830} INFO - Processing file /home/airflow/.local/lib/python3.12/site-packages/airflow/example_dags/example_python_operator.py for tasks to queue
[2024-07-23T02:14:12.799+0000] {logging_mixin.py:188} INFO - [2024-07-23T02:14:12.799+0000] {dagbag.py:545} INFO - Filling up the DagBag from /home/airflow/.local/lib/python3.12/site-packages/airflow/example_dags/example_python_operator.py
[2024-07-23T02:14:12.812+0000] {processor.py:840} INFO - DAG(s) 'example_python_operator' retrieved from /home/airflow/.local/lib/python3.12/site-packages/airflow/example_dags/example_python_operator.py
[2024-07-23T02:14:12.839+0000] {logging_mixin.py:188} INFO - [2024-07-23T02:14:12.838+0000] {dag.py:3089} INFO - Sync 1 DAGs
[2024-07-23T02:14:12.856+0000] {logging_mixin.py:188} INFO - [2024-07-23T02:14:12.855+0000] {dag.py:3947} INFO - Setting next_dagrun for example_python_operator to None, run_after=None
[2024-07-23T02:14:12.884+0000] {processor.py:183} INFO - Processing /home/airflow/.local/lib/python3.12/site-packages/airflow/example_dags/example_python_operator.py took 0.095 seconds
[2024-07-23T02:14:43.267+0000] {processor.py:161} INFO - Started process (PID=1967) to work on /home/airflow/.local/lib/python3.12/site-packages/airflow/example_dags/example_python_operator.py
[2024-07-23T02:14:43.270+0000] {processor.py:830} INFO - Processing file /home/airflow/.local/lib/python3.12/site-packages/airflow/example_dags/example_python_operator.py for tasks to queue
[2024-07-23T02:14:43.272+0000] {logging_mixin.py:188} INFO - [2024-07-23T02:14:43.272+0000] {dagbag.py:545} INFO - Filling up the DagBag from /home/airflow/.local/lib/python3.12/site-packages/airflow/example_dags/example_python_operator.py
[2024-07-23T02:14:43.294+0000] {processor.py:840} INFO - DAG(s) 'example_python_operator' retrieved from /home/airflow/.local/lib/python3.12/site-packages/airflow/example_dags/example_python_operator.py
[2024-07-23T02:14:43.336+0000] {logging_mixin.py:188} INFO - [2024-07-23T02:14:43.336+0000] {dag.py:3089} INFO - Sync 1 DAGs
[2024-07-23T02:14:43.580+0000] {logging_mixin.py:188} INFO - [2024-07-23T02:14:43.580+0000] {dag.py:3947} INFO - Setting next_dagrun for example_python_operator to None, run_after=None
[2024-07-23T02:14:43.606+0000] {processor.py:183} INFO - Processing /home/airflow/.local/lib/python3.12/site-packages/airflow/example_dags/example_python_operator.py took 0.350 seconds
[2024-07-23T02:15:14.304+0000] {processor.py:161} INFO - Started process (PID=2024) to work on /home/airflow/.local/lib/python3.12/site-packages/airflow/example_dags/example_python_operator.py
[2024-07-23T02:15:14.308+0000] {processor.py:830} INFO - Processing file /home/airflow/.local/lib/python3.12/site-packages/airflow/example_dags/example_python_operator.py for tasks to queue
[2024-07-23T02:15:14.317+0000] {logging_mixin.py:188} INFO - [2024-07-23T02:15:14.315+0000] {dagbag.py:545} INFO - Filling up the DagBag from /home/airflow/.local/lib/python3.12/site-packages/airflow/example_dags/example_python_operator.py
[2024-07-23T02:15:14.373+0000] {processor.py:840} INFO - DAG(s) 'example_python_operator' retrieved from /home/airflow/.local/lib/python3.12/site-packages/airflow/example_dags/example_python_operator.py
[2024-07-23T02:15:14.487+0000] {logging_mixin.py:188} INFO - [2024-07-23T02:15:14.486+0000] {dag.py:3089} INFO - Sync 1 DAGs
[2024-07-23T02:15:14.544+0000] {logging_mixin.py:188} INFO - [2024-07-23T02:15:14.544+0000] {dag.py:3947} INFO - Setting next_dagrun for example_python_operator to None, run_after=None
[2024-07-23T02:15:14.619+0000] {processor.py:183} INFO - Processing /home/airflow/.local/lib/python3.12/site-packages/airflow/example_dags/example_python_operator.py took 0.350 seconds
[2024-07-23T02:15:45.022+0000] {processor.py:161} INFO - Started process (PID=2082) to work on /home/airflow/.local/lib/python3.12/site-packages/airflow/example_dags/example_python_operator.py
[2024-07-23T02:15:45.029+0000] {processor.py:830} INFO - Processing file /home/airflow/.local/lib/python3.12/site-packages/airflow/example_dags/example_python_operator.py for tasks to queue
[2024-07-23T02:15:45.038+0000] {logging_mixin.py:188} INFO - [2024-07-23T02:15:45.036+0000] {dagbag.py:545} INFO - Filling up the DagBag from /home/airflow/.local/lib/python3.12/site-packages/airflow/example_dags/example_python_operator.py
[2024-07-23T02:15:45.114+0000] {processor.py:840} INFO - DAG(s) 'example_python_operator' retrieved from /home/airflow/.local/lib/python3.12/site-packages/airflow/example_dags/example_python_operator.py
[2024-07-23T02:15:45.242+0000] {logging_mixin.py:188} INFO - [2024-07-23T02:15:45.241+0000] {dag.py:3089} INFO - Sync 1 DAGs
[2024-07-23T02:15:45.320+0000] {logging_mixin.py:188} INFO - [2024-07-23T02:15:45.319+0000] {dag.py:3947} INFO - Setting next_dagrun for example_python_operator to None, run_after=None
[2024-07-23T02:15:45.411+0000] {processor.py:183} INFO - Processing /home/airflow/.local/lib/python3.12/site-packages/airflow/example_dags/example_python_operator.py took 0.438 seconds
[2024-07-23T02:16:17.057+0000] {processor.py:161} INFO - Started process (PID=2143) to work on /home/airflow/.local/lib/python3.12/site-packages/airflow/example_dags/example_python_operator.py
[2024-07-23T02:16:17.062+0000] {processor.py:830} INFO - Processing file /home/airflow/.local/lib/python3.12/site-packages/airflow/example_dags/example_python_operator.py for tasks to queue
[2024-07-23T02:16:17.070+0000] {logging_mixin.py:188} INFO - [2024-07-23T02:16:17.069+0000] {dagbag.py:545} INFO - Filling up the DagBag from /home/airflow/.local/lib/python3.12/site-packages/airflow/example_dags/example_python_operator.py
[2024-07-23T02:16:17.130+0000] {processor.py:840} INFO - DAG(s) 'example_python_operator' retrieved from /home/airflow/.local/lib/python3.12/site-packages/airflow/example_dags/example_python_operator.py
[2024-07-23T02:16:17.255+0000] {logging_mixin.py:188} INFO - [2024-07-23T02:16:17.254+0000] {dag.py:3089} INFO - Sync 1 DAGs
[2024-07-23T02:16:17.329+0000] {logging_mixin.py:188} INFO - [2024-07-23T02:16:17.328+0000] {dag.py:3947} INFO - Setting next_dagrun for example_python_operator to None, run_after=None
[2024-07-23T02:16:17.417+0000] {processor.py:183} INFO - Processing /home/airflow/.local/lib/python3.12/site-packages/airflow/example_dags/example_python_operator.py took 0.398 seconds
[2024-07-23T02:16:48.955+0000] {processor.py:161} INFO - Started process (PID=2211) to work on /home/airflow/.local/lib/python3.12/site-packages/airflow/example_dags/example_python_operator.py
[2024-07-23T02:16:48.958+0000] {processor.py:830} INFO - Processing file /home/airflow/.local/lib/python3.12/site-packages/airflow/example_dags/example_python_operator.py for tasks to queue
[2024-07-23T02:16:48.975+0000] {logging_mixin.py:188} INFO - [2024-07-23T02:16:48.973+0000] {dagbag.py:545} INFO - Filling up the DagBag from /home/airflow/.local/lib/python3.12/site-packages/airflow/example_dags/example_python_operator.py
[2024-07-23T02:16:49.107+0000] {processor.py:840} INFO - DAG(s) 'example_python_operator' retrieved from /home/airflow/.local/lib/python3.12/site-packages/airflow/example_dags/example_python_operator.py
[2024-07-23T02:16:49.400+0000] {logging_mixin.py:188} INFO - [2024-07-23T02:16:49.396+0000] {dag.py:3089} INFO - Sync 1 DAGs
[2024-07-23T02:16:49.537+0000] {logging_mixin.py:188} INFO - [2024-07-23T02:16:49.536+0000] {dag.py:3947} INFO - Setting next_dagrun for example_python_operator to None, run_after=None
[2024-07-23T02:16:49.667+0000] {processor.py:183} INFO - Processing /home/airflow/.local/lib/python3.12/site-packages/airflow/example_dags/example_python_operator.py took 0.758 seconds
[2024-07-23T02:17:20.224+0000] {processor.py:161} INFO - Started process (PID=2270) to work on /home/airflow/.local/lib/python3.12/site-packages/airflow/example_dags/example_python_operator.py
[2024-07-23T02:17:20.228+0000] {processor.py:830} INFO - Processing file /home/airflow/.local/lib/python3.12/site-packages/airflow/example_dags/example_python_operator.py for tasks to queue
[2024-07-23T02:17:20.237+0000] {logging_mixin.py:188} INFO - [2024-07-23T02:17:20.235+0000] {dagbag.py:545} INFO - Filling up the DagBag from /home/airflow/.local/lib/python3.12/site-packages/airflow/example_dags/example_python_operator.py
[2024-07-23T02:17:20.296+0000] {processor.py:840} INFO - DAG(s) 'example_python_operator' retrieved from /home/airflow/.local/lib/python3.12/site-packages/airflow/example_dags/example_python_operator.py
[2024-07-23T02:17:20.466+0000] {logging_mixin.py:188} INFO - [2024-07-23T02:17:20.464+0000] {dag.py:3089} INFO - Sync 1 DAGs
[2024-07-23T02:17:20.545+0000] {logging_mixin.py:188} INFO - [2024-07-23T02:17:20.544+0000] {dag.py:3947} INFO - Setting next_dagrun for example_python_operator to None, run_after=None
[2024-07-23T02:17:20.641+0000] {processor.py:183} INFO - Processing /home/airflow/.local/lib/python3.12/site-packages/airflow/example_dags/example_python_operator.py took 0.450 seconds
[2024-07-23T02:17:51.569+0000] {processor.py:161} INFO - Started process (PID=2329) to work on /home/airflow/.local/lib/python3.12/site-packages/airflow/example_dags/example_python_operator.py
[2024-07-23T02:17:51.572+0000] {processor.py:830} INFO - Processing file /home/airflow/.local/lib/python3.12/site-packages/airflow/example_dags/example_python_operator.py for tasks to queue
[2024-07-23T02:17:51.582+0000] {logging_mixin.py:188} INFO - [2024-07-23T02:17:51.580+0000] {dagbag.py:545} INFO - Filling up the DagBag from /home/airflow/.local/lib/python3.12/site-packages/airflow/example_dags/example_python_operator.py
[2024-07-23T02:17:51.645+0000] {processor.py:840} INFO - DAG(s) 'example_python_operator' retrieved from /home/airflow/.local/lib/python3.12/site-packages/airflow/example_dags/example_python_operator.py
[2024-07-23T02:17:51.789+0000] {logging_mixin.py:188} INFO - [2024-07-23T02:17:51.787+0000] {dag.py:3089} INFO - Sync 1 DAGs
[2024-07-23T02:17:51.882+0000] {logging_mixin.py:188} INFO - [2024-07-23T02:17:51.881+0000] {dag.py:3947} INFO - Setting next_dagrun for example_python_operator to None, run_after=None
[2024-07-23T02:17:51.978+0000] {processor.py:183} INFO - Processing /home/airflow/.local/lib/python3.12/site-packages/airflow/example_dags/example_python_operator.py took 0.446 seconds
[2024-07-23T02:18:22.320+0000] {processor.py:161} INFO - Started process (PID=2388) to work on /home/airflow/.local/lib/python3.12/site-packages/airflow/example_dags/example_python_operator.py
[2024-07-23T02:18:22.323+0000] {processor.py:830} INFO - Processing file /home/airflow/.local/lib/python3.12/site-packages/airflow/example_dags/example_python_operator.py for tasks to queue
[2024-07-23T02:18:22.330+0000] {logging_mixin.py:188} INFO - [2024-07-23T02:18:22.329+0000] {dagbag.py:545} INFO - Filling up the DagBag from /home/airflow/.local/lib/python3.12/site-packages/airflow/example_dags/example_python_operator.py
[2024-07-23T02:18:22.379+0000] {processor.py:840} INFO - DAG(s) 'example_python_operator' retrieved from /home/airflow/.local/lib/python3.12/site-packages/airflow/example_dags/example_python_operator.py
[2024-07-23T02:18:22.512+0000] {logging_mixin.py:188} INFO - [2024-07-23T02:18:22.511+0000] {dag.py:3089} INFO - Sync 1 DAGs
[2024-07-23T02:18:22.590+0000] {logging_mixin.py:188} INFO - [2024-07-23T02:18:22.589+0000] {dag.py:3947} INFO - Setting next_dagrun for example_python_operator to None, run_after=None
[2024-07-23T02:18:22.695+0000] {processor.py:183} INFO - Processing /home/airflow/.local/lib/python3.12/site-packages/airflow/example_dags/example_python_operator.py took 0.403 seconds
[2024-07-23T02:18:53.334+0000] {processor.py:161} INFO - Started process (PID=2449) to work on /home/airflow/.local/lib/python3.12/site-packages/airflow/example_dags/example_python_operator.py
[2024-07-23T02:18:53.337+0000] {processor.py:830} INFO - Processing file /home/airflow/.local/lib/python3.12/site-packages/airflow/example_dags/example_python_operator.py for tasks to queue
[2024-07-23T02:18:53.348+0000] {logging_mixin.py:188} INFO - [2024-07-23T02:18:53.346+0000] {dagbag.py:545} INFO - Filling up the DagBag from /home/airflow/.local/lib/python3.12/site-packages/airflow/example_dags/example_python_operator.py
[2024-07-23T02:18:53.405+0000] {processor.py:840} INFO - DAG(s) 'example_python_operator' retrieved from /home/airflow/.local/lib/python3.12/site-packages/airflow/example_dags/example_python_operator.py
[2024-07-23T02:18:53.525+0000] {logging_mixin.py:188} INFO - [2024-07-23T02:18:53.524+0000] {dag.py:3089} INFO - Sync 1 DAGs
[2024-07-23T02:18:53.587+0000] {logging_mixin.py:188} INFO - [2024-07-23T02:18:53.586+0000] {dag.py:3947} INFO - Setting next_dagrun for example_python_operator to None, run_after=None
[2024-07-23T02:18:53.689+0000] {processor.py:183} INFO - Processing /home/airflow/.local/lib/python3.12/site-packages/airflow/example_dags/example_python_operator.py took 0.395 seconds
[2024-07-23T02:19:24.450+0000] {processor.py:161} INFO - Started process (PID=2508) to work on /home/airflow/.local/lib/python3.12/site-packages/airflow/example_dags/example_python_operator.py
[2024-07-23T02:19:24.453+0000] {processor.py:830} INFO - Processing file /home/airflow/.local/lib/python3.12/site-packages/airflow/example_dags/example_python_operator.py for tasks to queue
[2024-07-23T02:19:24.460+0000] {logging_mixin.py:188} INFO - [2024-07-23T02:19:24.458+0000] {dagbag.py:545} INFO - Filling up the DagBag from /home/airflow/.local/lib/python3.12/site-packages/airflow/example_dags/example_python_operator.py
[2024-07-23T02:19:24.500+0000] {processor.py:840} INFO - DAG(s) 'example_python_operator' retrieved from /home/airflow/.local/lib/python3.12/site-packages/airflow/example_dags/example_python_operator.py
[2024-07-23T02:19:24.597+0000] {logging_mixin.py:188} INFO - [2024-07-23T02:19:24.596+0000] {dag.py:3089} INFO - Sync 1 DAGs
[2024-07-23T02:19:24.661+0000] {logging_mixin.py:188} INFO - [2024-07-23T02:19:24.660+0000] {dag.py:3947} INFO - Setting next_dagrun for example_python_operator to None, run_after=None
[2024-07-23T02:19:24.747+0000] {processor.py:183} INFO - Processing /home/airflow/.local/lib/python3.12/site-packages/airflow/example_dags/example_python_operator.py took 0.322 seconds
[2024-07-23T02:19:55.615+0000] {processor.py:161} INFO - Started process (PID=2566) to work on /home/airflow/.local/lib/python3.12/site-packages/airflow/example_dags/example_python_operator.py
[2024-07-23T02:19:55.616+0000] {processor.py:830} INFO - Processing file /home/airflow/.local/lib/python3.12/site-packages/airflow/example_dags/example_python_operator.py for tasks to queue
[2024-07-23T02:19:55.619+0000] {logging_mixin.py:188} INFO - [2024-07-23T02:19:55.619+0000] {dagbag.py:545} INFO - Filling up the DagBag from /home/airflow/.local/lib/python3.12/site-packages/airflow/example_dags/example_python_operator.py
[2024-07-23T02:19:55.639+0000] {processor.py:840} INFO - DAG(s) 'example_python_operator' retrieved from /home/airflow/.local/lib/python3.12/site-packages/airflow/example_dags/example_python_operator.py
[2024-07-23T02:19:55.685+0000] {logging_mixin.py:188} INFO - [2024-07-23T02:19:55.685+0000] {dag.py:3089} INFO - Sync 1 DAGs
[2024-07-23T02:19:55.714+0000] {logging_mixin.py:188} INFO - [2024-07-23T02:19:55.714+0000] {dag.py:3947} INFO - Setting next_dagrun for example_python_operator to None, run_after=None
[2024-07-23T02:19:55.750+0000] {processor.py:183} INFO - Processing /home/airflow/.local/lib/python3.12/site-packages/airflow/example_dags/example_python_operator.py took 0.147 seconds
[2024-07-23T02:20:25.918+0000] {processor.py:161} INFO - Started process (PID=2625) to work on /home/airflow/.local/lib/python3.12/site-packages/airflow/example_dags/example_python_operator.py
[2024-07-23T02:20:25.919+0000] {processor.py:830} INFO - Processing file /home/airflow/.local/lib/python3.12/site-packages/airflow/example_dags/example_python_operator.py for tasks to queue
[2024-07-23T02:20:25.921+0000] {logging_mixin.py:188} INFO - [2024-07-23T02:20:25.920+0000] {dagbag.py:545} INFO - Filling up the DagBag from /home/airflow/.local/lib/python3.12/site-packages/airflow/example_dags/example_python_operator.py
[2024-07-23T02:20:25.934+0000] {processor.py:840} INFO - DAG(s) 'example_python_operator' retrieved from /home/airflow/.local/lib/python3.12/site-packages/airflow/example_dags/example_python_operator.py
[2024-07-23T02:20:25.961+0000] {logging_mixin.py:188} INFO - [2024-07-23T02:20:25.961+0000] {dag.py:3089} INFO - Sync 1 DAGs
[2024-07-23T02:20:25.977+0000] {logging_mixin.py:188} INFO - [2024-07-23T02:20:25.976+0000] {dag.py:3947} INFO - Setting next_dagrun for example_python_operator to None, run_after=None
[2024-07-23T02:20:26.009+0000] {processor.py:183} INFO - Processing /home/airflow/.local/lib/python3.12/site-packages/airflow/example_dags/example_python_operator.py took 0.098 seconds
[2024-07-23T02:20:56.148+0000] {processor.py:161} INFO - Started process (PID=2683) to work on /home/airflow/.local/lib/python3.12/site-packages/airflow/example_dags/example_python_operator.py
[2024-07-23T02:20:56.149+0000] {processor.py:830} INFO - Processing file /home/airflow/.local/lib/python3.12/site-packages/airflow/example_dags/example_python_operator.py for tasks to queue
[2024-07-23T02:20:56.150+0000] {logging_mixin.py:188} INFO - [2024-07-23T02:20:56.150+0000] {dagbag.py:545} INFO - Filling up the DagBag from /home/airflow/.local/lib/python3.12/site-packages/airflow/example_dags/example_python_operator.py
[2024-07-23T02:20:56.162+0000] {processor.py:840} INFO - DAG(s) 'example_python_operator' retrieved from /home/airflow/.local/lib/python3.12/site-packages/airflow/example_dags/example_python_operator.py
[2024-07-23T02:20:56.185+0000] {logging_mixin.py:188} INFO - [2024-07-23T02:20:56.185+0000] {dag.py:3089} INFO - Sync 1 DAGs
[2024-07-23T02:20:56.199+0000] {logging_mixin.py:188} INFO - [2024-07-23T02:20:56.199+0000] {dag.py:3947} INFO - Setting next_dagrun for example_python_operator to None, run_after=None
[2024-07-23T02:20:56.222+0000] {processor.py:183} INFO - Processing /home/airflow/.local/lib/python3.12/site-packages/airflow/example_dags/example_python_operator.py took 0.080 seconds
[2024-07-23T02:21:26.497+0000] {processor.py:161} INFO - Started process (PID=2742) to work on /home/airflow/.local/lib/python3.12/site-packages/airflow/example_dags/example_python_operator.py
[2024-07-23T02:21:26.498+0000] {processor.py:830} INFO - Processing file /home/airflow/.local/lib/python3.12/site-packages/airflow/example_dags/example_python_operator.py for tasks to queue
[2024-07-23T02:21:26.500+0000] {logging_mixin.py:188} INFO - [2024-07-23T02:21:26.499+0000] {dagbag.py:545} INFO - Filling up the DagBag from /home/airflow/.local/lib/python3.12/site-packages/airflow/example_dags/example_python_operator.py
[2024-07-23T02:21:26.511+0000] {processor.py:840} INFO - DAG(s) 'example_python_operator' retrieved from /home/airflow/.local/lib/python3.12/site-packages/airflow/example_dags/example_python_operator.py
[2024-07-23T02:21:26.537+0000] {logging_mixin.py:188} INFO - [2024-07-23T02:21:26.537+0000] {dag.py:3089} INFO - Sync 1 DAGs
[2024-07-23T02:21:26.553+0000] {logging_mixin.py:188} INFO - [2024-07-23T02:21:26.552+0000] {dag.py:3947} INFO - Setting next_dagrun for example_python_operator to None, run_after=None
[2024-07-23T02:21:26.576+0000] {processor.py:183} INFO - Processing /home/airflow/.local/lib/python3.12/site-packages/airflow/example_dags/example_python_operator.py took 0.087 seconds
[2024-07-23T02:21:56.812+0000] {processor.py:161} INFO - Started process (PID=2802) to work on /home/airflow/.local/lib/python3.12/site-packages/airflow/example_dags/example_python_operator.py
[2024-07-23T02:21:56.813+0000] {processor.py:830} INFO - Processing file /home/airflow/.local/lib/python3.12/site-packages/airflow/example_dags/example_python_operator.py for tasks to queue
[2024-07-23T02:21:56.815+0000] {logging_mixin.py:188} INFO - [2024-07-23T02:21:56.814+0000] {dagbag.py:545} INFO - Filling up the DagBag from /home/airflow/.local/lib/python3.12/site-packages/airflow/example_dags/example_python_operator.py
[2024-07-23T02:21:56.827+0000] {processor.py:840} INFO - DAG(s) 'example_python_operator' retrieved from /home/airflow/.local/lib/python3.12/site-packages/airflow/example_dags/example_python_operator.py
[2024-07-23T02:21:56.856+0000] {logging_mixin.py:188} INFO - [2024-07-23T02:21:56.855+0000] {dag.py:3089} INFO - Sync 1 DAGs
[2024-07-23T02:21:56.871+0000] {logging_mixin.py:188} INFO - [2024-07-23T02:21:56.871+0000] {dag.py:3947} INFO - Setting next_dagrun for example_python_operator to None, run_after=None
[2024-07-23T02:21:56.901+0000] {processor.py:183} INFO - Processing /home/airflow/.local/lib/python3.12/site-packages/airflow/example_dags/example_python_operator.py took 0.096 seconds
[2024-07-23T02:22:27.280+0000] {processor.py:161} INFO - Started process (PID=2861) to work on /home/airflow/.local/lib/python3.12/site-packages/airflow/example_dags/example_python_operator.py
[2024-07-23T02:22:27.281+0000] {processor.py:830} INFO - Processing file /home/airflow/.local/lib/python3.12/site-packages/airflow/example_dags/example_python_operator.py for tasks to queue
[2024-07-23T02:22:27.283+0000] {logging_mixin.py:188} INFO - [2024-07-23T02:22:27.282+0000] {dagbag.py:545} INFO - Filling up the DagBag from /home/airflow/.local/lib/python3.12/site-packages/airflow/example_dags/example_python_operator.py
[2024-07-23T02:22:27.296+0000] {processor.py:840} INFO - DAG(s) 'example_python_operator' retrieved from /home/airflow/.local/lib/python3.12/site-packages/airflow/example_dags/example_python_operator.py
[2024-07-23T02:22:27.328+0000] {logging_mixin.py:188} INFO - [2024-07-23T02:22:27.328+0000] {dag.py:3089} INFO - Sync 1 DAGs
[2024-07-23T02:22:27.349+0000] {logging_mixin.py:188} INFO - [2024-07-23T02:22:27.348+0000] {dag.py:3947} INFO - Setting next_dagrun for example_python_operator to None, run_after=None
[2024-07-23T02:22:27.378+0000] {processor.py:183} INFO - Processing /home/airflow/.local/lib/python3.12/site-packages/airflow/example_dags/example_python_operator.py took 0.105 seconds
[2024-07-23T02:22:57.615+0000] {processor.py:161} INFO - Started process (PID=2924) to work on /home/airflow/.local/lib/python3.12/site-packages/airflow/example_dags/example_python_operator.py
[2024-07-23T02:22:57.616+0000] {processor.py:830} INFO - Processing file /home/airflow/.local/lib/python3.12/site-packages/airflow/example_dags/example_python_operator.py for tasks to queue
[2024-07-23T02:22:57.618+0000] {logging_mixin.py:188} INFO - [2024-07-23T02:22:57.618+0000] {dagbag.py:545} INFO - Filling up the DagBag from /home/airflow/.local/lib/python3.12/site-packages/airflow/example_dags/example_python_operator.py
[2024-07-23T02:22:57.631+0000] {processor.py:840} INFO - DAG(s) 'example_python_operator' retrieved from /home/airflow/.local/lib/python3.12/site-packages/airflow/example_dags/example_python_operator.py
[2024-07-23T02:22:57.661+0000] {logging_mixin.py:188} INFO - [2024-07-23T02:22:57.661+0000] {dag.py:3089} INFO - Sync 1 DAGs
[2024-07-23T02:22:57.684+0000] {logging_mixin.py:188} INFO - [2024-07-23T02:22:57.683+0000] {dag.py:3947} INFO - Setting next_dagrun for example_python_operator to None, run_after=None
[2024-07-23T02:22:57.720+0000] {processor.py:183} INFO - Processing /home/airflow/.local/lib/python3.12/site-packages/airflow/example_dags/example_python_operator.py took 0.111 seconds
[2024-07-23T02:23:27.779+0000] {processor.py:161} INFO - Started process (PID=2986) to work on /home/airflow/.local/lib/python3.12/site-packages/airflow/example_dags/example_python_operator.py
[2024-07-23T02:23:27.780+0000] {processor.py:830} INFO - Processing file /home/airflow/.local/lib/python3.12/site-packages/airflow/example_dags/example_python_operator.py for tasks to queue
[2024-07-23T02:23:27.782+0000] {logging_mixin.py:188} INFO - [2024-07-23T02:23:27.782+0000] {dagbag.py:545} INFO - Filling up the DagBag from /home/airflow/.local/lib/python3.12/site-packages/airflow/example_dags/example_python_operator.py
[2024-07-23T02:23:27.800+0000] {processor.py:840} INFO - DAG(s) 'example_python_operator' retrieved from /home/airflow/.local/lib/python3.12/site-packages/airflow/example_dags/example_python_operator.py
[2024-07-23T02:23:27.837+0000] {logging_mixin.py:188} INFO - [2024-07-23T02:23:27.837+0000] {dag.py:3089} INFO - Sync 1 DAGs
[2024-07-23T02:23:27.857+0000] {logging_mixin.py:188} INFO - [2024-07-23T02:23:27.856+0000] {dag.py:3947} INFO - Setting next_dagrun for example_python_operator to None, run_after=None
[2024-07-23T02:23:27.886+0000] {processor.py:183} INFO - Processing /home/airflow/.local/lib/python3.12/site-packages/airflow/example_dags/example_python_operator.py took 0.116 seconds
[2024-07-23T02:23:58.807+0000] {processor.py:161} INFO - Started process (PID=3044) to work on /home/airflow/.local/lib/python3.12/site-packages/airflow/example_dags/example_python_operator.py
[2024-07-23T02:23:58.810+0000] {processor.py:830} INFO - Processing file /home/airflow/.local/lib/python3.12/site-packages/airflow/example_dags/example_python_operator.py for tasks to queue
[2024-07-23T02:23:58.817+0000] {logging_mixin.py:188} INFO - [2024-07-23T02:23:58.815+0000] {dagbag.py:545} INFO - Filling up the DagBag from /home/airflow/.local/lib/python3.12/site-packages/airflow/example_dags/example_python_operator.py
[2024-07-23T02:23:58.866+0000] {processor.py:840} INFO - DAG(s) 'example_python_operator' retrieved from /home/airflow/.local/lib/python3.12/site-packages/airflow/example_dags/example_python_operator.py
[2024-07-23T02:23:58.972+0000] {logging_mixin.py:188} INFO - [2024-07-23T02:23:58.971+0000] {dag.py:3089} INFO - Sync 1 DAGs
[2024-07-23T02:23:59.020+0000] {logging_mixin.py:188} INFO - [2024-07-23T02:23:59.019+0000] {dag.py:3947} INFO - Setting next_dagrun for example_python_operator to None, run_after=None
[2024-07-23T02:23:59.094+0000] {processor.py:183} INFO - Processing /home/airflow/.local/lib/python3.12/site-packages/airflow/example_dags/example_python_operator.py took 0.311 seconds
[2024-07-23T02:24:29.485+0000] {processor.py:161} INFO - Started process (PID=3103) to work on /home/airflow/.local/lib/python3.12/site-packages/airflow/example_dags/example_python_operator.py
[2024-07-23T02:24:29.488+0000] {processor.py:830} INFO - Processing file /home/airflow/.local/lib/python3.12/site-packages/airflow/example_dags/example_python_operator.py for tasks to queue
[2024-07-23T02:24:29.498+0000] {logging_mixin.py:188} INFO - [2024-07-23T02:24:29.496+0000] {dagbag.py:545} INFO - Filling up the DagBag from /home/airflow/.local/lib/python3.12/site-packages/airflow/example_dags/example_python_operator.py
[2024-07-23T02:24:29.560+0000] {processor.py:840} INFO - DAG(s) 'example_python_operator' retrieved from /home/airflow/.local/lib/python3.12/site-packages/airflow/example_dags/example_python_operator.py
[2024-07-23T02:24:29.707+0000] {logging_mixin.py:188} INFO - [2024-07-23T02:24:29.706+0000] {dag.py:3089} INFO - Sync 1 DAGs
[2024-07-23T02:24:29.788+0000] {logging_mixin.py:188} INFO - [2024-07-23T02:24:29.787+0000] {dag.py:3947} INFO - Setting next_dagrun for example_python_operator to None, run_after=None
[2024-07-23T02:24:29.883+0000] {processor.py:183} INFO - Processing /home/airflow/.local/lib/python3.12/site-packages/airflow/example_dags/example_python_operator.py took 0.434 seconds
[2024-07-23T02:25:01.014+0000] {processor.py:161} INFO - Started process (PID=3167) to work on /home/airflow/.local/lib/python3.12/site-packages/airflow/example_dags/example_python_operator.py
[2024-07-23T02:25:01.017+0000] {processor.py:830} INFO - Processing file /home/airflow/.local/lib/python3.12/site-packages/airflow/example_dags/example_python_operator.py for tasks to queue
[2024-07-23T02:25:01.025+0000] {logging_mixin.py:188} INFO - [2024-07-23T02:25:01.023+0000] {dagbag.py:545} INFO - Filling up the DagBag from /home/airflow/.local/lib/python3.12/site-packages/airflow/example_dags/example_python_operator.py
[2024-07-23T02:25:01.071+0000] {processor.py:840} INFO - DAG(s) 'example_python_operator' retrieved from /home/airflow/.local/lib/python3.12/site-packages/airflow/example_dags/example_python_operator.py
[2024-07-23T02:25:01.168+0000] {logging_mixin.py:188} INFO - [2024-07-23T02:25:01.167+0000] {dag.py:3089} INFO - Sync 1 DAGs
[2024-07-23T02:25:01.239+0000] {logging_mixin.py:188} INFO - [2024-07-23T02:25:01.238+0000] {dag.py:3947} INFO - Setting next_dagrun for example_python_operator to None, run_after=None
[2024-07-23T02:25:01.321+0000] {processor.py:183} INFO - Processing /home/airflow/.local/lib/python3.12/site-packages/airflow/example_dags/example_python_operator.py took 0.337 seconds
[2024-07-23T02:25:31.639+0000] {processor.py:161} INFO - Started process (PID=3226) to work on /home/airflow/.local/lib/python3.12/site-packages/airflow/example_dags/example_python_operator.py
[2024-07-23T02:25:31.640+0000] {processor.py:830} INFO - Processing file /home/airflow/.local/lib/python3.12/site-packages/airflow/example_dags/example_python_operator.py for tasks to queue
[2024-07-23T02:25:31.643+0000] {logging_mixin.py:188} INFO - [2024-07-23T02:25:31.642+0000] {dagbag.py:545} INFO - Filling up the DagBag from /home/airflow/.local/lib/python3.12/site-packages/airflow/example_dags/example_python_operator.py
[2024-07-23T02:25:31.656+0000] {processor.py:840} INFO - DAG(s) 'example_python_operator' retrieved from /home/airflow/.local/lib/python3.12/site-packages/airflow/example_dags/example_python_operator.py
[2024-07-23T02:25:31.692+0000] {logging_mixin.py:188} INFO - [2024-07-23T02:25:31.691+0000] {dag.py:3089} INFO - Sync 1 DAGs
[2024-07-23T02:25:31.712+0000] {logging_mixin.py:188} INFO - [2024-07-23T02:25:31.712+0000] {dag.py:3947} INFO - Setting next_dagrun for example_python_operator to None, run_after=None
[2024-07-23T02:25:31.741+0000] {processor.py:183} INFO - Processing /home/airflow/.local/lib/python3.12/site-packages/airflow/example_dags/example_python_operator.py took 0.110 seconds
[2024-07-23T02:26:01.781+0000] {processor.py:161} INFO - Started process (PID=3284) to work on /home/airflow/.local/lib/python3.12/site-packages/airflow/example_dags/example_python_operator.py
[2024-07-23T02:26:01.783+0000] {processor.py:830} INFO - Processing file /home/airflow/.local/lib/python3.12/site-packages/airflow/example_dags/example_python_operator.py for tasks to queue
[2024-07-23T02:26:01.785+0000] {logging_mixin.py:188} INFO - [2024-07-23T02:26:01.784+0000] {dagbag.py:545} INFO - Filling up the DagBag from /home/airflow/.local/lib/python3.12/site-packages/airflow/example_dags/example_python_operator.py
[2024-07-23T02:26:01.797+0000] {processor.py:840} INFO - DAG(s) 'example_python_operator' retrieved from /home/airflow/.local/lib/python3.12/site-packages/airflow/example_dags/example_python_operator.py
[2024-07-23T02:26:01.823+0000] {logging_mixin.py:188} INFO - [2024-07-23T02:26:01.822+0000] {dag.py:3089} INFO - Sync 1 DAGs
[2024-07-23T02:26:01.837+0000] {logging_mixin.py:188} INFO - [2024-07-23T02:26:01.837+0000] {dag.py:3947} INFO - Setting next_dagrun for example_python_operator to None, run_after=None
[2024-07-23T02:26:01.862+0000] {processor.py:183} INFO - Processing /home/airflow/.local/lib/python3.12/site-packages/airflow/example_dags/example_python_operator.py took 0.087 seconds
[2024-07-23T02:26:32.314+0000] {processor.py:161} INFO - Started process (PID=3344) to work on /home/airflow/.local/lib/python3.12/site-packages/airflow/example_dags/example_python_operator.py
[2024-07-23T02:26:32.315+0000] {processor.py:830} INFO - Processing file /home/airflow/.local/lib/python3.12/site-packages/airflow/example_dags/example_python_operator.py for tasks to queue
[2024-07-23T02:26:32.317+0000] {logging_mixin.py:188} INFO - [2024-07-23T02:26:32.316+0000] {dagbag.py:545} INFO - Filling up the DagBag from /home/airflow/.local/lib/python3.12/site-packages/airflow/example_dags/example_python_operator.py
[2024-07-23T02:26:32.328+0000] {processor.py:840} INFO - DAG(s) 'example_python_operator' retrieved from /home/airflow/.local/lib/python3.12/site-packages/airflow/example_dags/example_python_operator.py
[2024-07-23T02:26:32.355+0000] {logging_mixin.py:188} INFO - [2024-07-23T02:26:32.355+0000] {dag.py:3089} INFO - Sync 1 DAGs
[2024-07-23T02:26:32.370+0000] {logging_mixin.py:188} INFO - [2024-07-23T02:26:32.370+0000] {dag.py:3947} INFO - Setting next_dagrun for example_python_operator to None, run_after=None
[2024-07-23T02:26:32.391+0000] {processor.py:183} INFO - Processing /home/airflow/.local/lib/python3.12/site-packages/airflow/example_dags/example_python_operator.py took 0.083 seconds
[2024-07-23T02:27:02.822+0000] {processor.py:161} INFO - Started process (PID=3403) to work on /home/airflow/.local/lib/python3.12/site-packages/airflow/example_dags/example_python_operator.py
[2024-07-23T02:27:02.824+0000] {processor.py:830} INFO - Processing file /home/airflow/.local/lib/python3.12/site-packages/airflow/example_dags/example_python_operator.py for tasks to queue
[2024-07-23T02:27:02.830+0000] {logging_mixin.py:188} INFO - [2024-07-23T02:27:02.829+0000] {dagbag.py:545} INFO - Filling up the DagBag from /home/airflow/.local/lib/python3.12/site-packages/airflow/example_dags/example_python_operator.py
[2024-07-23T02:27:02.868+0000] {processor.py:840} INFO - DAG(s) 'example_python_operator' retrieved from /home/airflow/.local/lib/python3.12/site-packages/airflow/example_dags/example_python_operator.py
[2024-07-23T02:27:02.949+0000] {logging_mixin.py:188} INFO - [2024-07-23T02:27:02.948+0000] {dag.py:3089} INFO - Sync 1 DAGs
[2024-07-23T02:27:02.999+0000] {logging_mixin.py:188} INFO - [2024-07-23T02:27:02.998+0000] {dag.py:3947} INFO - Setting next_dagrun for example_python_operator to None, run_after=None
[2024-07-23T02:27:03.069+0000] {processor.py:183} INFO - Processing /home/airflow/.local/lib/python3.12/site-packages/airflow/example_dags/example_python_operator.py took 0.269 seconds
[2024-07-23T02:27:33.650+0000] {processor.py:161} INFO - Started process (PID=3462) to work on /home/airflow/.local/lib/python3.12/site-packages/airflow/example_dags/example_python_operator.py
[2024-07-23T02:27:33.651+0000] {processor.py:830} INFO - Processing file /home/airflow/.local/lib/python3.12/site-packages/airflow/example_dags/example_python_operator.py for tasks to queue
[2024-07-23T02:27:33.653+0000] {logging_mixin.py:188} INFO - [2024-07-23T02:27:33.653+0000] {dagbag.py:545} INFO - Filling up the DagBag from /home/airflow/.local/lib/python3.12/site-packages/airflow/example_dags/example_python_operator.py
[2024-07-23T02:27:33.665+0000] {processor.py:840} INFO - DAG(s) 'example_python_operator' retrieved from /home/airflow/.local/lib/python3.12/site-packages/airflow/example_dags/example_python_operator.py
[2024-07-23T02:27:33.692+0000] {logging_mixin.py:188} INFO - [2024-07-23T02:27:33.692+0000] {dag.py:3089} INFO - Sync 1 DAGs
[2024-07-23T02:27:33.712+0000] {logging_mixin.py:188} INFO - [2024-07-23T02:27:33.712+0000] {dag.py:3947} INFO - Setting next_dagrun for example_python_operator to None, run_after=None
[2024-07-23T02:27:33.741+0000] {processor.py:183} INFO - Processing /home/airflow/.local/lib/python3.12/site-packages/airflow/example_dags/example_python_operator.py took 0.099 seconds
[2024-07-23T02:28:03.902+0000] {processor.py:161} INFO - Started process (PID=3520) to work on /home/airflow/.local/lib/python3.12/site-packages/airflow/example_dags/example_python_operator.py
[2024-07-23T02:28:03.904+0000] {processor.py:830} INFO - Processing file /home/airflow/.local/lib/python3.12/site-packages/airflow/example_dags/example_python_operator.py for tasks to queue
[2024-07-23T02:28:03.905+0000] {logging_mixin.py:188} INFO - [2024-07-23T02:28:03.905+0000] {dagbag.py:545} INFO - Filling up the DagBag from /home/airflow/.local/lib/python3.12/site-packages/airflow/example_dags/example_python_operator.py
[2024-07-23T02:28:03.917+0000] {processor.py:840} INFO - DAG(s) 'example_python_operator' retrieved from /home/airflow/.local/lib/python3.12/site-packages/airflow/example_dags/example_python_operator.py
[2024-07-23T02:28:03.950+0000] {logging_mixin.py:188} INFO - [2024-07-23T02:28:03.950+0000] {dag.py:3089} INFO - Sync 1 DAGs
[2024-07-23T02:28:03.966+0000] {logging_mixin.py:188} INFO - [2024-07-23T02:28:03.966+0000] {dag.py:3947} INFO - Setting next_dagrun for example_python_operator to None, run_after=None
[2024-07-23T02:28:03.990+0000] {processor.py:183} INFO - Processing /home/airflow/.local/lib/python3.12/site-packages/airflow/example_dags/example_python_operator.py took 0.094 seconds
