[2024-07-23T01:58:17.860+0000] {processor.py:161} INFO - Started process (PID=57) to work on /home/airflow/.local/lib/python3.12/site-packages/airflow/example_dags/example_branch_operator.py
[2024-07-23T01:58:17.861+0000] {processor.py:830} INFO - Processing file /home/airflow/.local/lib/python3.12/site-packages/airflow/example_dags/example_branch_operator.py for tasks to queue
[2024-07-23T01:58:17.863+0000] {logging_mixin.py:188} INFO - [2024-07-23T01:58:17.863+0000] {dagbag.py:545} INFO - Filling up the DagBag from /home/airflow/.local/lib/python3.12/site-packages/airflow/example_dags/example_branch_operator.py
[2024-07-23T01:58:17.904+0000] {processor.py:840} INFO - DAG(s) 'example_branch_operator' retrieved from /home/airflow/.local/lib/python3.12/site-packages/airflow/example_dags/example_branch_operator.py
[2024-07-23T01:58:18.096+0000] {logging_mixin.py:188} INFO - [2024-07-23T01:58:18.096+0000] {dag.py:3089} INFO - Sync 1 DAGs
[2024-07-23T01:58:18.135+0000] {logging_mixin.py:188} INFO - [2024-07-23T01:58:18.134+0000] {dag.py:3947} INFO - Setting next_dagrun for example_branch_operator to 2024-07-22 00:00:00+00:00, run_after=2024-07-23 00:00:00+00:00
[2024-07-23T01:58:18.165+0000] {processor.py:183} INFO - Processing /home/airflow/.local/lib/python3.12/site-packages/airflow/example_dags/example_branch_operator.py took 0.314 seconds
[2024-07-23T01:58:49.038+0000] {processor.py:161} INFO - Started process (PID=115) to work on /home/airflow/.local/lib/python3.12/site-packages/airflow/example_dags/example_branch_operator.py
[2024-07-23T01:58:49.039+0000] {processor.py:830} INFO - Processing file /home/airflow/.local/lib/python3.12/site-packages/airflow/example_dags/example_branch_operator.py for tasks to queue
[2024-07-23T01:58:49.042+0000] {logging_mixin.py:188} INFO - [2024-07-23T01:58:49.041+0000] {dagbag.py:545} INFO - Filling up the DagBag from /home/airflow/.local/lib/python3.12/site-packages/airflow/example_dags/example_branch_operator.py
[2024-07-23T01:58:49.076+0000] {processor.py:840} INFO - DAG(s) 'example_branch_operator' retrieved from /home/airflow/.local/lib/python3.12/site-packages/airflow/example_dags/example_branch_operator.py
[2024-07-23T01:58:49.132+0000] {logging_mixin.py:188} INFO - [2024-07-23T01:58:49.132+0000] {dag.py:3089} INFO - Sync 1 DAGs
[2024-07-23T01:58:49.169+0000] {logging_mixin.py:188} INFO - [2024-07-23T01:58:49.169+0000] {dag.py:3947} INFO - Setting next_dagrun for example_branch_operator to 2024-07-22 00:00:00+00:00, run_after=2024-07-23 00:00:00+00:00
[2024-07-23T01:58:49.198+0000] {processor.py:183} INFO - Processing /home/airflow/.local/lib/python3.12/site-packages/airflow/example_dags/example_branch_operator.py took 0.169 seconds
[2024-07-23T01:59:19.257+0000] {processor.py:161} INFO - Started process (PID=172) to work on /home/airflow/.local/lib/python3.12/site-packages/airflow/example_dags/example_branch_operator.py
[2024-07-23T01:59:19.260+0000] {processor.py:830} INFO - Processing file /home/airflow/.local/lib/python3.12/site-packages/airflow/example_dags/example_branch_operator.py for tasks to queue
[2024-07-23T01:59:19.263+0000] {logging_mixin.py:188} INFO - [2024-07-23T01:59:19.262+0000] {dagbag.py:545} INFO - Filling up the DagBag from /home/airflow/.local/lib/python3.12/site-packages/airflow/example_dags/example_branch_operator.py
[2024-07-23T01:59:19.287+0000] {processor.py:840} INFO - DAG(s) 'example_branch_operator' retrieved from /home/airflow/.local/lib/python3.12/site-packages/airflow/example_dags/example_branch_operator.py
[2024-07-23T01:59:19.332+0000] {logging_mixin.py:188} INFO - [2024-07-23T01:59:19.332+0000] {dag.py:3089} INFO - Sync 1 DAGs
[2024-07-23T01:59:19.365+0000] {logging_mixin.py:188} INFO - [2024-07-23T01:59:19.365+0000] {dag.py:3947} INFO - Setting next_dagrun for example_branch_operator to 2024-07-22 00:00:00+00:00, run_after=2024-07-23 00:00:00+00:00
[2024-07-23T01:59:19.392+0000] {processor.py:183} INFO - Processing /home/airflow/.local/lib/python3.12/site-packages/airflow/example_dags/example_branch_operator.py took 0.145 seconds
[2024-07-23T01:59:49.725+0000] {processor.py:161} INFO - Started process (PID=230) to work on /home/airflow/.local/lib/python3.12/site-packages/airflow/example_dags/example_branch_operator.py
[2024-07-23T01:59:49.726+0000] {processor.py:830} INFO - Processing file /home/airflow/.local/lib/python3.12/site-packages/airflow/example_dags/example_branch_operator.py for tasks to queue
[2024-07-23T01:59:49.729+0000] {logging_mixin.py:188} INFO - [2024-07-23T01:59:49.728+0000] {dagbag.py:545} INFO - Filling up the DagBag from /home/airflow/.local/lib/python3.12/site-packages/airflow/example_dags/example_branch_operator.py
[2024-07-23T01:59:49.750+0000] {processor.py:840} INFO - DAG(s) 'example_branch_operator' retrieved from /home/airflow/.local/lib/python3.12/site-packages/airflow/example_dags/example_branch_operator.py
[2024-07-23T01:59:49.789+0000] {logging_mixin.py:188} INFO - [2024-07-23T01:59:49.788+0000] {dag.py:3089} INFO - Sync 1 DAGs
[2024-07-23T01:59:49.817+0000] {logging_mixin.py:188} INFO - [2024-07-23T01:59:49.817+0000] {dag.py:3947} INFO - Setting next_dagrun for example_branch_operator to 2024-07-22 00:00:00+00:00, run_after=2024-07-23 00:00:00+00:00
[2024-07-23T01:59:49.847+0000] {processor.py:183} INFO - Processing /home/airflow/.local/lib/python3.12/site-packages/airflow/example_dags/example_branch_operator.py took 0.131 seconds
[2024-07-23T02:00:20.323+0000] {processor.py:161} INFO - Started process (PID=288) to work on /home/airflow/.local/lib/python3.12/site-packages/airflow/example_dags/example_branch_operator.py
[2024-07-23T02:00:20.324+0000] {processor.py:830} INFO - Processing file /home/airflow/.local/lib/python3.12/site-packages/airflow/example_dags/example_branch_operator.py for tasks to queue
[2024-07-23T02:00:20.327+0000] {logging_mixin.py:188} INFO - [2024-07-23T02:00:20.326+0000] {dagbag.py:545} INFO - Filling up the DagBag from /home/airflow/.local/lib/python3.12/site-packages/airflow/example_dags/example_branch_operator.py
[2024-07-23T02:00:20.353+0000] {processor.py:840} INFO - DAG(s) 'example_branch_operator' retrieved from /home/airflow/.local/lib/python3.12/site-packages/airflow/example_dags/example_branch_operator.py
[2024-07-23T02:00:20.388+0000] {logging_mixin.py:188} INFO - [2024-07-23T02:00:20.387+0000] {dag.py:3089} INFO - Sync 1 DAGs
[2024-07-23T02:00:20.415+0000] {logging_mixin.py:188} INFO - [2024-07-23T02:00:20.415+0000] {dag.py:3947} INFO - Setting next_dagrun for example_branch_operator to 2024-07-22 00:00:00+00:00, run_after=2024-07-23 00:00:00+00:00
[2024-07-23T02:00:20.441+0000] {processor.py:183} INFO - Processing /home/airflow/.local/lib/python3.12/site-packages/airflow/example_dags/example_branch_operator.py took 0.125 seconds
[2024-07-23T02:00:50.656+0000] {processor.py:161} INFO - Started process (PID=351) to work on /home/airflow/.local/lib/python3.12/site-packages/airflow/example_dags/example_branch_operator.py
[2024-07-23T02:00:50.657+0000] {processor.py:830} INFO - Processing file /home/airflow/.local/lib/python3.12/site-packages/airflow/example_dags/example_branch_operator.py for tasks to queue
[2024-07-23T02:00:50.660+0000] {logging_mixin.py:188} INFO - [2024-07-23T02:00:50.659+0000] {dagbag.py:545} INFO - Filling up the DagBag from /home/airflow/.local/lib/python3.12/site-packages/airflow/example_dags/example_branch_operator.py
[2024-07-23T02:00:50.679+0000] {processor.py:840} INFO - DAG(s) 'example_branch_operator' retrieved from /home/airflow/.local/lib/python3.12/site-packages/airflow/example_dags/example_branch_operator.py
[2024-07-23T02:00:50.716+0000] {logging_mixin.py:188} INFO - [2024-07-23T02:00:50.716+0000] {dag.py:3089} INFO - Sync 1 DAGs
[2024-07-23T02:00:50.743+0000] {logging_mixin.py:188} INFO - [2024-07-23T02:00:50.743+0000] {dag.py:3947} INFO - Setting next_dagrun for example_branch_operator to 2024-07-22 00:00:00+00:00, run_after=2024-07-23 00:00:00+00:00
[2024-07-23T02:00:50.770+0000] {processor.py:183} INFO - Processing /home/airflow/.local/lib/python3.12/site-packages/airflow/example_dags/example_branch_operator.py took 0.121 seconds
[2024-07-23T02:01:21.025+0000] {processor.py:161} INFO - Started process (PID=408) to work on /home/airflow/.local/lib/python3.12/site-packages/airflow/example_dags/example_branch_operator.py
[2024-07-23T02:01:21.026+0000] {processor.py:830} INFO - Processing file /home/airflow/.local/lib/python3.12/site-packages/airflow/example_dags/example_branch_operator.py for tasks to queue
[2024-07-23T02:01:21.029+0000] {logging_mixin.py:188} INFO - [2024-07-23T02:01:21.028+0000] {dagbag.py:545} INFO - Filling up the DagBag from /home/airflow/.local/lib/python3.12/site-packages/airflow/example_dags/example_branch_operator.py
[2024-07-23T02:01:21.046+0000] {processor.py:840} INFO - DAG(s) 'example_branch_operator' retrieved from /home/airflow/.local/lib/python3.12/site-packages/airflow/example_dags/example_branch_operator.py
[2024-07-23T02:01:21.077+0000] {logging_mixin.py:188} INFO - [2024-07-23T02:01:21.077+0000] {dag.py:3089} INFO - Sync 1 DAGs
[2024-07-23T02:01:21.100+0000] {logging_mixin.py:188} INFO - [2024-07-23T02:01:21.100+0000] {dag.py:3947} INFO - Setting next_dagrun for example_branch_operator to 2024-07-22 00:00:00+00:00, run_after=2024-07-23 00:00:00+00:00
[2024-07-23T02:01:21.125+0000] {processor.py:183} INFO - Processing /home/airflow/.local/lib/python3.12/site-packages/airflow/example_dags/example_branch_operator.py took 0.107 seconds
[2024-07-23T02:01:51.651+0000] {processor.py:161} INFO - Started process (PID=465) to work on /home/airflow/.local/lib/python3.12/site-packages/airflow/example_dags/example_branch_operator.py
[2024-07-23T02:01:51.653+0000] {processor.py:830} INFO - Processing file /home/airflow/.local/lib/python3.12/site-packages/airflow/example_dags/example_branch_operator.py for tasks to queue
[2024-07-23T02:01:51.655+0000] {logging_mixin.py:188} INFO - [2024-07-23T02:01:51.654+0000] {dagbag.py:545} INFO - Filling up the DagBag from /home/airflow/.local/lib/python3.12/site-packages/airflow/example_dags/example_branch_operator.py
[2024-07-23T02:01:51.672+0000] {processor.py:840} INFO - DAG(s) 'example_branch_operator' retrieved from /home/airflow/.local/lib/python3.12/site-packages/airflow/example_dags/example_branch_operator.py
[2024-07-23T02:01:51.705+0000] {logging_mixin.py:188} INFO - [2024-07-23T02:01:51.705+0000] {dag.py:3089} INFO - Sync 1 DAGs
[2024-07-23T02:01:51.730+0000] {logging_mixin.py:188} INFO - [2024-07-23T02:01:51.729+0000] {dag.py:3947} INFO - Setting next_dagrun for example_branch_operator to 2024-07-22 00:00:00+00:00, run_after=2024-07-23 00:00:00+00:00
[2024-07-23T02:01:51.752+0000] {processor.py:183} INFO - Processing /home/airflow/.local/lib/python3.12/site-packages/airflow/example_dags/example_branch_operator.py took 0.108 seconds
[2024-07-23T02:02:21.891+0000] {processor.py:161} INFO - Started process (PID=525) to work on /home/airflow/.local/lib/python3.12/site-packages/airflow/example_dags/example_branch_operator.py
[2024-07-23T02:02:21.892+0000] {processor.py:830} INFO - Processing file /home/airflow/.local/lib/python3.12/site-packages/airflow/example_dags/example_branch_operator.py for tasks to queue
[2024-07-23T02:02:21.894+0000] {logging_mixin.py:188} INFO - [2024-07-23T02:02:21.894+0000] {dagbag.py:545} INFO - Filling up the DagBag from /home/airflow/.local/lib/python3.12/site-packages/airflow/example_dags/example_branch_operator.py
[2024-07-23T02:02:21.914+0000] {processor.py:840} INFO - DAG(s) 'example_branch_operator' retrieved from /home/airflow/.local/lib/python3.12/site-packages/airflow/example_dags/example_branch_operator.py
[2024-07-23T02:02:21.960+0000] {logging_mixin.py:188} INFO - [2024-07-23T02:02:21.959+0000] {dag.py:3089} INFO - Sync 1 DAGs
[2024-07-23T02:02:21.995+0000] {logging_mixin.py:188} INFO - [2024-07-23T02:02:21.994+0000] {dag.py:3947} INFO - Setting next_dagrun for example_branch_operator to 2024-07-22 00:00:00+00:00, run_after=2024-07-23 00:00:00+00:00
[2024-07-23T02:02:22.024+0000] {processor.py:183} INFO - Processing /home/airflow/.local/lib/python3.12/site-packages/airflow/example_dags/example_branch_operator.py took 0.140 seconds
[2024-07-23T02:02:52.105+0000] {processor.py:161} INFO - Started process (PID=584) to work on /home/airflow/.local/lib/python3.12/site-packages/airflow/example_dags/example_branch_operator.py
[2024-07-23T02:02:52.107+0000] {processor.py:830} INFO - Processing file /home/airflow/.local/lib/python3.12/site-packages/airflow/example_dags/example_branch_operator.py for tasks to queue
[2024-07-23T02:02:52.111+0000] {logging_mixin.py:188} INFO - [2024-07-23T02:02:52.110+0000] {dagbag.py:545} INFO - Filling up the DagBag from /home/airflow/.local/lib/python3.12/site-packages/airflow/example_dags/example_branch_operator.py
[2024-07-23T02:02:52.148+0000] {processor.py:840} INFO - DAG(s) 'example_branch_operator' retrieved from /home/airflow/.local/lib/python3.12/site-packages/airflow/example_dags/example_branch_operator.py
[2024-07-23T02:02:52.215+0000] {logging_mixin.py:188} INFO - [2024-07-23T02:02:52.215+0000] {dag.py:3089} INFO - Sync 1 DAGs
[2024-07-23T02:02:52.272+0000] {logging_mixin.py:188} INFO - [2024-07-23T02:02:52.271+0000] {dag.py:3947} INFO - Setting next_dagrun for example_branch_operator to 2024-07-22 00:00:00+00:00, run_after=2024-07-23 00:00:00+00:00
[2024-07-23T02:02:52.307+0000] {processor.py:183} INFO - Processing /home/airflow/.local/lib/python3.12/site-packages/airflow/example_dags/example_branch_operator.py took 0.216 seconds
[2024-07-23T02:03:22.886+0000] {processor.py:161} INFO - Started process (PID=643) to work on /home/airflow/.local/lib/python3.12/site-packages/airflow/example_dags/example_branch_operator.py
[2024-07-23T02:03:22.887+0000] {processor.py:830} INFO - Processing file /home/airflow/.local/lib/python3.12/site-packages/airflow/example_dags/example_branch_operator.py for tasks to queue
[2024-07-23T02:03:22.891+0000] {logging_mixin.py:188} INFO - [2024-07-23T02:03:22.890+0000] {dagbag.py:545} INFO - Filling up the DagBag from /home/airflow/.local/lib/python3.12/site-packages/airflow/example_dags/example_branch_operator.py
[2024-07-23T02:03:22.917+0000] {processor.py:840} INFO - DAG(s) 'example_branch_operator' retrieved from /home/airflow/.local/lib/python3.12/site-packages/airflow/example_dags/example_branch_operator.py
[2024-07-23T02:03:22.969+0000] {logging_mixin.py:188} INFO - [2024-07-23T02:03:22.969+0000] {dag.py:3089} INFO - Sync 1 DAGs
[2024-07-23T02:03:23.007+0000] {logging_mixin.py:188} INFO - [2024-07-23T02:03:23.007+0000] {dag.py:3947} INFO - Setting next_dagrun for example_branch_operator to 2024-07-22 00:00:00+00:00, run_after=2024-07-23 00:00:00+00:00
[2024-07-23T02:03:23.062+0000] {processor.py:183} INFO - Processing /home/airflow/.local/lib/python3.12/site-packages/airflow/example_dags/example_branch_operator.py took 0.186 seconds
[2024-07-23T02:03:53.808+0000] {processor.py:161} INFO - Started process (PID=702) to work on /home/airflow/.local/lib/python3.12/site-packages/airflow/example_dags/example_branch_operator.py
[2024-07-23T02:03:53.811+0000] {processor.py:830} INFO - Processing file /home/airflow/.local/lib/python3.12/site-packages/airflow/example_dags/example_branch_operator.py for tasks to queue
[2024-07-23T02:03:53.816+0000] {logging_mixin.py:188} INFO - [2024-07-23T02:03:53.815+0000] {dagbag.py:545} INFO - Filling up the DagBag from /home/airflow/.local/lib/python3.12/site-packages/airflow/example_dags/example_branch_operator.py
[2024-07-23T02:03:53.877+0000] {processor.py:840} INFO - DAG(s) 'example_branch_operator' retrieved from /home/airflow/.local/lib/python3.12/site-packages/airflow/example_dags/example_branch_operator.py
[2024-07-23T02:03:53.988+0000] {logging_mixin.py:188} INFO - [2024-07-23T02:03:53.987+0000] {dag.py:3089} INFO - Sync 1 DAGs
[2024-07-23T02:03:54.065+0000] {logging_mixin.py:188} INFO - [2024-07-23T02:03:54.064+0000] {dag.py:3947} INFO - Setting next_dagrun for example_branch_operator to 2024-07-22 00:00:00+00:00, run_after=2024-07-23 00:00:00+00:00
[2024-07-23T02:03:54.142+0000] {processor.py:183} INFO - Processing /home/airflow/.local/lib/python3.12/site-packages/airflow/example_dags/example_branch_operator.py took 0.355 seconds
[2024-07-23T02:04:24.610+0000] {processor.py:161} INFO - Started process (PID=761) to work on /home/airflow/.local/lib/python3.12/site-packages/airflow/example_dags/example_branch_operator.py
[2024-07-23T02:04:24.616+0000] {processor.py:830} INFO - Processing file /home/airflow/.local/lib/python3.12/site-packages/airflow/example_dags/example_branch_operator.py for tasks to queue
[2024-07-23T02:04:24.630+0000] {logging_mixin.py:188} INFO - [2024-07-23T02:04:24.628+0000] {dagbag.py:545} INFO - Filling up the DagBag from /home/airflow/.local/lib/python3.12/site-packages/airflow/example_dags/example_branch_operator.py
[2024-07-23T02:04:24.738+0000] {processor.py:840} INFO - DAG(s) 'example_branch_operator' retrieved from /home/airflow/.local/lib/python3.12/site-packages/airflow/example_dags/example_branch_operator.py
[2024-07-23T02:04:24.897+0000] {logging_mixin.py:188} INFO - [2024-07-23T02:04:24.895+0000] {dag.py:3089} INFO - Sync 1 DAGs
[2024-07-23T02:04:25.007+0000] {logging_mixin.py:188} INFO - [2024-07-23T02:04:25.005+0000] {dag.py:3947} INFO - Setting next_dagrun for example_branch_operator to 2024-07-22 00:00:00+00:00, run_after=2024-07-23 00:00:00+00:00
[2024-07-23T02:04:25.113+0000] {processor.py:183} INFO - Processing /home/airflow/.local/lib/python3.12/site-packages/airflow/example_dags/example_branch_operator.py took 0.548 seconds
[2024-07-23T02:04:56.063+0000] {processor.py:161} INFO - Started process (PID=820) to work on /home/airflow/.local/lib/python3.12/site-packages/airflow/example_dags/example_branch_operator.py
[2024-07-23T02:04:56.084+0000] {processor.py:830} INFO - Processing file /home/airflow/.local/lib/python3.12/site-packages/airflow/example_dags/example_branch_operator.py for tasks to queue
[2024-07-23T02:04:56.095+0000] {logging_mixin.py:188} INFO - [2024-07-23T02:04:56.093+0000] {dagbag.py:545} INFO - Filling up the DagBag from /home/airflow/.local/lib/python3.12/site-packages/airflow/example_dags/example_branch_operator.py
[2024-07-23T02:04:56.203+0000] {processor.py:840} INFO - DAG(s) 'example_branch_operator' retrieved from /home/airflow/.local/lib/python3.12/site-packages/airflow/example_dags/example_branch_operator.py
[2024-07-23T02:04:56.371+0000] {logging_mixin.py:188} INFO - [2024-07-23T02:04:56.370+0000] {dag.py:3089} INFO - Sync 1 DAGs
[2024-07-23T02:04:56.481+0000] {logging_mixin.py:188} INFO - [2024-07-23T02:04:56.480+0000] {dag.py:3947} INFO - Setting next_dagrun for example_branch_operator to 2024-07-22 00:00:00+00:00, run_after=2024-07-23 00:00:00+00:00
[2024-07-23T02:04:56.559+0000] {processor.py:183} INFO - Processing /home/airflow/.local/lib/python3.12/site-packages/airflow/example_dags/example_branch_operator.py took 0.530 seconds
[2024-07-23T02:05:26.765+0000] {processor.py:161} INFO - Started process (PID=879) to work on /home/airflow/.local/lib/python3.12/site-packages/airflow/example_dags/example_branch_operator.py
[2024-07-23T02:05:26.769+0000] {processor.py:830} INFO - Processing file /home/airflow/.local/lib/python3.12/site-packages/airflow/example_dags/example_branch_operator.py for tasks to queue
[2024-07-23T02:05:26.779+0000] {logging_mixin.py:188} INFO - [2024-07-23T02:05:26.777+0000] {dagbag.py:545} INFO - Filling up the DagBag from /home/airflow/.local/lib/python3.12/site-packages/airflow/example_dags/example_branch_operator.py
[2024-07-23T02:05:26.868+0000] {processor.py:840} INFO - DAG(s) 'example_branch_operator' retrieved from /home/airflow/.local/lib/python3.12/site-packages/airflow/example_dags/example_branch_operator.py
[2024-07-23T02:05:27.026+0000] {logging_mixin.py:188} INFO - [2024-07-23T02:05:27.025+0000] {dag.py:3089} INFO - Sync 1 DAGs
[2024-07-23T02:05:27.150+0000] {logging_mixin.py:188} INFO - [2024-07-23T02:05:27.148+0000] {dag.py:3947} INFO - Setting next_dagrun for example_branch_operator to 2024-07-22 00:00:00+00:00, run_after=2024-07-23 00:00:00+00:00
[2024-07-23T02:05:27.258+0000] {processor.py:183} INFO - Processing /home/airflow/.local/lib/python3.12/site-packages/airflow/example_dags/example_branch_operator.py took 0.524 seconds
[2024-07-23T02:05:57.931+0000] {processor.py:161} INFO - Started process (PID=938) to work on /home/airflow/.local/lib/python3.12/site-packages/airflow/example_dags/example_branch_operator.py
[2024-07-23T02:05:57.932+0000] {processor.py:830} INFO - Processing file /home/airflow/.local/lib/python3.12/site-packages/airflow/example_dags/example_branch_operator.py for tasks to queue
[2024-07-23T02:05:57.934+0000] {logging_mixin.py:188} INFO - [2024-07-23T02:05:57.934+0000] {dagbag.py:545} INFO - Filling up the DagBag from /home/airflow/.local/lib/python3.12/site-packages/airflow/example_dags/example_branch_operator.py
[2024-07-23T02:05:57.962+0000] {processor.py:840} INFO - DAG(s) 'example_branch_operator' retrieved from /home/airflow/.local/lib/python3.12/site-packages/airflow/example_dags/example_branch_operator.py
[2024-07-23T02:05:57.999+0000] {logging_mixin.py:188} INFO - [2024-07-23T02:05:57.999+0000] {dag.py:3089} INFO - Sync 1 DAGs
[2024-07-23T02:05:58.027+0000] {logging_mixin.py:188} INFO - [2024-07-23T02:05:58.026+0000] {dag.py:3947} INFO - Setting next_dagrun for example_branch_operator to 2024-07-22 00:00:00+00:00, run_after=2024-07-23 00:00:00+00:00
[2024-07-23T02:05:58.054+0000] {processor.py:183} INFO - Processing /home/airflow/.local/lib/python3.12/site-packages/airflow/example_dags/example_branch_operator.py took 0.129 seconds
[2024-07-23T02:06:28.481+0000] {processor.py:161} INFO - Started process (PID=997) to work on /home/airflow/.local/lib/python3.12/site-packages/airflow/example_dags/example_branch_operator.py
[2024-07-23T02:06:28.482+0000] {processor.py:830} INFO - Processing file /home/airflow/.local/lib/python3.12/site-packages/airflow/example_dags/example_branch_operator.py for tasks to queue
[2024-07-23T02:06:28.484+0000] {logging_mixin.py:188} INFO - [2024-07-23T02:06:28.483+0000] {dagbag.py:545} INFO - Filling up the DagBag from /home/airflow/.local/lib/python3.12/site-packages/airflow/example_dags/example_branch_operator.py
[2024-07-23T02:06:28.502+0000] {processor.py:840} INFO - DAG(s) 'example_branch_operator' retrieved from /home/airflow/.local/lib/python3.12/site-packages/airflow/example_dags/example_branch_operator.py
[2024-07-23T02:06:28.536+0000] {logging_mixin.py:188} INFO - [2024-07-23T02:06:28.535+0000] {dag.py:3089} INFO - Sync 1 DAGs
[2024-07-23T02:06:28.561+0000] {logging_mixin.py:188} INFO - [2024-07-23T02:06:28.561+0000] {dag.py:3947} INFO - Setting next_dagrun for example_branch_operator to 2024-07-22 00:00:00+00:00, run_after=2024-07-23 00:00:00+00:00
[2024-07-23T02:06:28.590+0000] {processor.py:183} INFO - Processing /home/airflow/.local/lib/python3.12/site-packages/airflow/example_dags/example_branch_operator.py took 0.116 seconds
[2024-07-23T02:06:58.720+0000] {processor.py:161} INFO - Started process (PID=1057) to work on /home/airflow/.local/lib/python3.12/site-packages/airflow/example_dags/example_branch_operator.py
[2024-07-23T02:06:58.722+0000] {processor.py:830} INFO - Processing file /home/airflow/.local/lib/python3.12/site-packages/airflow/example_dags/example_branch_operator.py for tasks to queue
[2024-07-23T02:06:58.724+0000] {logging_mixin.py:188} INFO - [2024-07-23T02:06:58.724+0000] {dagbag.py:545} INFO - Filling up the DagBag from /home/airflow/.local/lib/python3.12/site-packages/airflow/example_dags/example_branch_operator.py
[2024-07-23T02:06:58.743+0000] {processor.py:840} INFO - DAG(s) 'example_branch_operator' retrieved from /home/airflow/.local/lib/python3.12/site-packages/airflow/example_dags/example_branch_operator.py
[2024-07-23T02:06:58.775+0000] {logging_mixin.py:188} INFO - [2024-07-23T02:06:58.774+0000] {dag.py:3089} INFO - Sync 1 DAGs
[2024-07-23T02:06:58.800+0000] {logging_mixin.py:188} INFO - [2024-07-23T02:06:58.800+0000] {dag.py:3947} INFO - Setting next_dagrun for example_branch_operator to 2024-07-22 00:00:00+00:00, run_after=2024-07-23 00:00:00+00:00
[2024-07-23T02:06:58.825+0000] {processor.py:183} INFO - Processing /home/airflow/.local/lib/python3.12/site-packages/airflow/example_dags/example_branch_operator.py took 0.113 seconds
[2024-07-23T02:07:28.935+0000] {processor.py:161} INFO - Started process (PID=1116) to work on /home/airflow/.local/lib/python3.12/site-packages/airflow/example_dags/example_branch_operator.py
[2024-07-23T02:07:28.936+0000] {processor.py:830} INFO - Processing file /home/airflow/.local/lib/python3.12/site-packages/airflow/example_dags/example_branch_operator.py for tasks to queue
[2024-07-23T02:07:28.938+0000] {logging_mixin.py:188} INFO - [2024-07-23T02:07:28.937+0000] {dagbag.py:545} INFO - Filling up the DagBag from /home/airflow/.local/lib/python3.12/site-packages/airflow/example_dags/example_branch_operator.py
[2024-07-23T02:07:28.965+0000] {processor.py:840} INFO - DAG(s) 'example_branch_operator' retrieved from /home/airflow/.local/lib/python3.12/site-packages/airflow/example_dags/example_branch_operator.py
[2024-07-23T02:07:29.013+0000] {logging_mixin.py:188} INFO - [2024-07-23T02:07:29.012+0000] {dag.py:3089} INFO - Sync 1 DAGs
[2024-07-23T02:07:29.050+0000] {logging_mixin.py:188} INFO - [2024-07-23T02:07:29.050+0000] {dag.py:3947} INFO - Setting next_dagrun for example_branch_operator to 2024-07-22 00:00:00+00:00, run_after=2024-07-23 00:00:00+00:00
[2024-07-23T02:07:29.081+0000] {processor.py:183} INFO - Processing /home/airflow/.local/lib/python3.12/site-packages/airflow/example_dags/example_branch_operator.py took 0.154 seconds
[2024-07-23T02:07:59.288+0000] {processor.py:161} INFO - Started process (PID=1175) to work on /home/airflow/.local/lib/python3.12/site-packages/airflow/example_dags/example_branch_operator.py
[2024-07-23T02:07:59.290+0000] {processor.py:830} INFO - Processing file /home/airflow/.local/lib/python3.12/site-packages/airflow/example_dags/example_branch_operator.py for tasks to queue
[2024-07-23T02:07:59.292+0000] {logging_mixin.py:188} INFO - [2024-07-23T02:07:59.292+0000] {dagbag.py:545} INFO - Filling up the DagBag from /home/airflow/.local/lib/python3.12/site-packages/airflow/example_dags/example_branch_operator.py
[2024-07-23T02:07:59.311+0000] {processor.py:840} INFO - DAG(s) 'example_branch_operator' retrieved from /home/airflow/.local/lib/python3.12/site-packages/airflow/example_dags/example_branch_operator.py
[2024-07-23T02:07:59.349+0000] {logging_mixin.py:188} INFO - [2024-07-23T02:07:59.348+0000] {dag.py:3089} INFO - Sync 1 DAGs
[2024-07-23T02:07:59.382+0000] {logging_mixin.py:188} INFO - [2024-07-23T02:07:59.381+0000] {dag.py:3947} INFO - Setting next_dagrun for example_branch_operator to 2024-07-22 00:00:00+00:00, run_after=2024-07-23 00:00:00+00:00
[2024-07-23T02:07:59.408+0000] {processor.py:183} INFO - Processing /home/airflow/.local/lib/python3.12/site-packages/airflow/example_dags/example_branch_operator.py took 0.127 seconds
[2024-07-23T02:08:29.915+0000] {processor.py:161} INFO - Started process (PID=1233) to work on /home/airflow/.local/lib/python3.12/site-packages/airflow/example_dags/example_branch_operator.py
[2024-07-23T02:08:29.916+0000] {processor.py:830} INFO - Processing file /home/airflow/.local/lib/python3.12/site-packages/airflow/example_dags/example_branch_operator.py for tasks to queue
[2024-07-23T02:08:29.918+0000] {logging_mixin.py:188} INFO - [2024-07-23T02:08:29.918+0000] {dagbag.py:545} INFO - Filling up the DagBag from /home/airflow/.local/lib/python3.12/site-packages/airflow/example_dags/example_branch_operator.py
[2024-07-23T02:08:29.938+0000] {processor.py:840} INFO - DAG(s) 'example_branch_operator' retrieved from /home/airflow/.local/lib/python3.12/site-packages/airflow/example_dags/example_branch_operator.py
[2024-07-23T02:08:29.982+0000] {logging_mixin.py:188} INFO - [2024-07-23T02:08:29.981+0000] {dag.py:3089} INFO - Sync 1 DAGs
[2024-07-23T02:08:30.010+0000] {logging_mixin.py:188} INFO - [2024-07-23T02:08:30.010+0000] {dag.py:3947} INFO - Setting next_dagrun for example_branch_operator to 2024-07-22 00:00:00+00:00, run_after=2024-07-23 00:00:00+00:00
[2024-07-23T02:08:30.034+0000] {processor.py:183} INFO - Processing /home/airflow/.local/lib/python3.12/site-packages/airflow/example_dags/example_branch_operator.py took 0.127 seconds
[2024-07-23T02:09:00.343+0000] {processor.py:161} INFO - Started process (PID=1292) to work on /home/airflow/.local/lib/python3.12/site-packages/airflow/example_dags/example_branch_operator.py
[2024-07-23T02:09:00.345+0000] {processor.py:830} INFO - Processing file /home/airflow/.local/lib/python3.12/site-packages/airflow/example_dags/example_branch_operator.py for tasks to queue
[2024-07-23T02:09:00.347+0000] {logging_mixin.py:188} INFO - [2024-07-23T02:09:00.347+0000] {dagbag.py:545} INFO - Filling up the DagBag from /home/airflow/.local/lib/python3.12/site-packages/airflow/example_dags/example_branch_operator.py
[2024-07-23T02:09:00.367+0000] {processor.py:840} INFO - DAG(s) 'example_branch_operator' retrieved from /home/airflow/.local/lib/python3.12/site-packages/airflow/example_dags/example_branch_operator.py
[2024-07-23T02:09:00.403+0000] {logging_mixin.py:188} INFO - [2024-07-23T02:09:00.403+0000] {dag.py:3089} INFO - Sync 1 DAGs
[2024-07-23T02:09:00.432+0000] {logging_mixin.py:188} INFO - [2024-07-23T02:09:00.431+0000] {dag.py:3947} INFO - Setting next_dagrun for example_branch_operator to 2024-07-22 00:00:00+00:00, run_after=2024-07-23 00:00:00+00:00
[2024-07-23T02:09:00.455+0000] {processor.py:183} INFO - Processing /home/airflow/.local/lib/python3.12/site-packages/airflow/example_dags/example_branch_operator.py took 0.120 seconds
[2024-07-23T02:09:30.579+0000] {processor.py:161} INFO - Started process (PID=1350) to work on /home/airflow/.local/lib/python3.12/site-packages/airflow/example_dags/example_branch_operator.py
[2024-07-23T02:09:30.580+0000] {processor.py:830} INFO - Processing file /home/airflow/.local/lib/python3.12/site-packages/airflow/example_dags/example_branch_operator.py for tasks to queue
[2024-07-23T02:09:30.582+0000] {logging_mixin.py:188} INFO - [2024-07-23T02:09:30.581+0000] {dagbag.py:545} INFO - Filling up the DagBag from /home/airflow/.local/lib/python3.12/site-packages/airflow/example_dags/example_branch_operator.py
[2024-07-23T02:09:30.600+0000] {processor.py:840} INFO - DAG(s) 'example_branch_operator' retrieved from /home/airflow/.local/lib/python3.12/site-packages/airflow/example_dags/example_branch_operator.py
[2024-07-23T02:09:30.633+0000] {logging_mixin.py:188} INFO - [2024-07-23T02:09:30.633+0000] {dag.py:3089} INFO - Sync 1 DAGs
[2024-07-23T02:09:30.659+0000] {logging_mixin.py:188} INFO - [2024-07-23T02:09:30.659+0000] {dag.py:3947} INFO - Setting next_dagrun for example_branch_operator to 2024-07-22 00:00:00+00:00, run_after=2024-07-23 00:00:00+00:00
[2024-07-23T02:09:30.683+0000] {processor.py:183} INFO - Processing /home/airflow/.local/lib/python3.12/site-packages/airflow/example_dags/example_branch_operator.py took 0.111 seconds
[2024-07-23T02:10:00.806+0000] {processor.py:161} INFO - Started process (PID=1409) to work on /home/airflow/.local/lib/python3.12/site-packages/airflow/example_dags/example_branch_operator.py
[2024-07-23T02:10:00.807+0000] {processor.py:830} INFO - Processing file /home/airflow/.local/lib/python3.12/site-packages/airflow/example_dags/example_branch_operator.py for tasks to queue
[2024-07-23T02:10:00.809+0000] {logging_mixin.py:188} INFO - [2024-07-23T02:10:00.809+0000] {dagbag.py:545} INFO - Filling up the DagBag from /home/airflow/.local/lib/python3.12/site-packages/airflow/example_dags/example_branch_operator.py
[2024-07-23T02:10:00.826+0000] {processor.py:840} INFO - DAG(s) 'example_branch_operator' retrieved from /home/airflow/.local/lib/python3.12/site-packages/airflow/example_dags/example_branch_operator.py
[2024-07-23T02:10:00.858+0000] {logging_mixin.py:188} INFO - [2024-07-23T02:10:00.858+0000] {dag.py:3089} INFO - Sync 1 DAGs
[2024-07-23T02:10:00.882+0000] {logging_mixin.py:188} INFO - [2024-07-23T02:10:00.882+0000] {dag.py:3947} INFO - Setting next_dagrun for example_branch_operator to 2024-07-22 00:00:00+00:00, run_after=2024-07-23 00:00:00+00:00
[2024-07-23T02:10:00.906+0000] {processor.py:183} INFO - Processing /home/airflow/.local/lib/python3.12/site-packages/airflow/example_dags/example_branch_operator.py took 0.106 seconds
[2024-07-23T02:10:30.980+0000] {processor.py:161} INFO - Started process (PID=1466) to work on /home/airflow/.local/lib/python3.12/site-packages/airflow/example_dags/example_branch_operator.py
[2024-07-23T02:10:30.981+0000] {processor.py:830} INFO - Processing file /home/airflow/.local/lib/python3.12/site-packages/airflow/example_dags/example_branch_operator.py for tasks to queue
[2024-07-23T02:10:30.984+0000] {logging_mixin.py:188} INFO - [2024-07-23T02:10:30.983+0000] {dagbag.py:545} INFO - Filling up the DagBag from /home/airflow/.local/lib/python3.12/site-packages/airflow/example_dags/example_branch_operator.py
[2024-07-23T02:10:31.006+0000] {processor.py:840} INFO - DAG(s) 'example_branch_operator' retrieved from /home/airflow/.local/lib/python3.12/site-packages/airflow/example_dags/example_branch_operator.py
[2024-07-23T02:10:31.051+0000] {logging_mixin.py:188} INFO - [2024-07-23T02:10:31.051+0000] {dag.py:3089} INFO - Sync 1 DAGs
[2024-07-23T02:10:31.086+0000] {logging_mixin.py:188} INFO - [2024-07-23T02:10:31.086+0000] {dag.py:3947} INFO - Setting next_dagrun for example_branch_operator to 2024-07-22 00:00:00+00:00, run_after=2024-07-23 00:00:00+00:00
[2024-07-23T02:10:31.117+0000] {processor.py:183} INFO - Processing /home/airflow/.local/lib/python3.12/site-packages/airflow/example_dags/example_branch_operator.py took 0.146 seconds
[2024-07-23T02:11:01.421+0000] {processor.py:161} INFO - Started process (PID=1525) to work on /home/airflow/.local/lib/python3.12/site-packages/airflow/example_dags/example_branch_operator.py
[2024-07-23T02:11:01.423+0000] {processor.py:830} INFO - Processing file /home/airflow/.local/lib/python3.12/site-packages/airflow/example_dags/example_branch_operator.py for tasks to queue
[2024-07-23T02:11:01.424+0000] {logging_mixin.py:188} INFO - [2024-07-23T02:11:01.424+0000] {dagbag.py:545} INFO - Filling up the DagBag from /home/airflow/.local/lib/python3.12/site-packages/airflow/example_dags/example_branch_operator.py
[2024-07-23T02:11:01.442+0000] {processor.py:840} INFO - DAG(s) 'example_branch_operator' retrieved from /home/airflow/.local/lib/python3.12/site-packages/airflow/example_dags/example_branch_operator.py
[2024-07-23T02:11:01.473+0000] {logging_mixin.py:188} INFO - [2024-07-23T02:11:01.473+0000] {dag.py:3089} INFO - Sync 1 DAGs
[2024-07-23T02:11:01.500+0000] {logging_mixin.py:188} INFO - [2024-07-23T02:11:01.500+0000] {dag.py:3947} INFO - Setting next_dagrun for example_branch_operator to 2024-07-22 00:00:00+00:00, run_after=2024-07-23 00:00:00+00:00
[2024-07-23T02:11:01.537+0000] {processor.py:183} INFO - Processing /home/airflow/.local/lib/python3.12/site-packages/airflow/example_dags/example_branch_operator.py took 0.123 seconds
[2024-07-23T02:11:31.600+0000] {processor.py:161} INFO - Started process (PID=1583) to work on /home/airflow/.local/lib/python3.12/site-packages/airflow/example_dags/example_branch_operator.py
[2024-07-23T02:11:31.601+0000] {processor.py:830} INFO - Processing file /home/airflow/.local/lib/python3.12/site-packages/airflow/example_dags/example_branch_operator.py for tasks to queue
[2024-07-23T02:11:31.603+0000] {logging_mixin.py:188} INFO - [2024-07-23T02:11:31.602+0000] {dagbag.py:545} INFO - Filling up the DagBag from /home/airflow/.local/lib/python3.12/site-packages/airflow/example_dags/example_branch_operator.py
[2024-07-23T02:11:31.620+0000] {processor.py:840} INFO - DAG(s) 'example_branch_operator' retrieved from /home/airflow/.local/lib/python3.12/site-packages/airflow/example_dags/example_branch_operator.py
[2024-07-23T02:11:31.653+0000] {logging_mixin.py:188} INFO - [2024-07-23T02:11:31.653+0000] {dag.py:3089} INFO - Sync 1 DAGs
[2024-07-23T02:11:31.681+0000] {logging_mixin.py:188} INFO - [2024-07-23T02:11:31.681+0000] {dag.py:3947} INFO - Setting next_dagrun for example_branch_operator to 2024-07-22 00:00:00+00:00, run_after=2024-07-23 00:00:00+00:00
[2024-07-23T02:11:31.711+0000] {processor.py:183} INFO - Processing /home/airflow/.local/lib/python3.12/site-packages/airflow/example_dags/example_branch_operator.py took 0.117 seconds
[2024-07-23T02:12:01.765+0000] {processor.py:161} INFO - Started process (PID=1642) to work on /home/airflow/.local/lib/python3.12/site-packages/airflow/example_dags/example_branch_operator.py
[2024-07-23T02:12:01.780+0000] {processor.py:830} INFO - Processing file /home/airflow/.local/lib/python3.12/site-packages/airflow/example_dags/example_branch_operator.py for tasks to queue
[2024-07-23T02:12:01.782+0000] {logging_mixin.py:188} INFO - [2024-07-23T02:12:01.782+0000] {dagbag.py:545} INFO - Filling up the DagBag from /home/airflow/.local/lib/python3.12/site-packages/airflow/example_dags/example_branch_operator.py
[2024-07-23T02:12:01.801+0000] {processor.py:840} INFO - DAG(s) 'example_branch_operator' retrieved from /home/airflow/.local/lib/python3.12/site-packages/airflow/example_dags/example_branch_operator.py
[2024-07-23T02:12:01.841+0000] {logging_mixin.py:188} INFO - [2024-07-23T02:12:01.841+0000] {dag.py:3089} INFO - Sync 1 DAGs
[2024-07-23T02:12:01.872+0000] {logging_mixin.py:188} INFO - [2024-07-23T02:12:01.872+0000] {dag.py:3947} INFO - Setting next_dagrun for example_branch_operator to 2024-07-22 00:00:00+00:00, run_after=2024-07-23 00:00:00+00:00
[2024-07-23T02:12:01.894+0000] {processor.py:183} INFO - Processing /home/airflow/.local/lib/python3.12/site-packages/airflow/example_dags/example_branch_operator.py took 0.136 seconds
[2024-07-23T02:12:32.004+0000] {processor.py:161} INFO - Started process (PID=1702) to work on /home/airflow/.local/lib/python3.12/site-packages/airflow/example_dags/example_branch_operator.py
[2024-07-23T02:12:32.005+0000] {processor.py:830} INFO - Processing file /home/airflow/.local/lib/python3.12/site-packages/airflow/example_dags/example_branch_operator.py for tasks to queue
[2024-07-23T02:12:32.006+0000] {logging_mixin.py:188} INFO - [2024-07-23T02:12:32.006+0000] {dagbag.py:545} INFO - Filling up the DagBag from /home/airflow/.local/lib/python3.12/site-packages/airflow/example_dags/example_branch_operator.py
[2024-07-23T02:12:32.023+0000] {processor.py:840} INFO - DAG(s) 'example_branch_operator' retrieved from /home/airflow/.local/lib/python3.12/site-packages/airflow/example_dags/example_branch_operator.py
[2024-07-23T02:12:32.056+0000] {logging_mixin.py:188} INFO - [2024-07-23T02:12:32.056+0000] {dag.py:3089} INFO - Sync 1 DAGs
[2024-07-23T02:12:32.080+0000] {logging_mixin.py:188} INFO - [2024-07-23T02:12:32.080+0000] {dag.py:3947} INFO - Setting next_dagrun for example_branch_operator to 2024-07-22 00:00:00+00:00, run_after=2024-07-23 00:00:00+00:00
[2024-07-23T02:12:32.104+0000] {processor.py:183} INFO - Processing /home/airflow/.local/lib/python3.12/site-packages/airflow/example_dags/example_branch_operator.py took 0.106 seconds
[2024-07-23T02:13:02.238+0000] {processor.py:161} INFO - Started process (PID=1761) to work on /home/airflow/.local/lib/python3.12/site-packages/airflow/example_dags/example_branch_operator.py
[2024-07-23T02:13:02.240+0000] {processor.py:830} INFO - Processing file /home/airflow/.local/lib/python3.12/site-packages/airflow/example_dags/example_branch_operator.py for tasks to queue
[2024-07-23T02:13:02.243+0000] {logging_mixin.py:188} INFO - [2024-07-23T02:13:02.243+0000] {dagbag.py:545} INFO - Filling up the DagBag from /home/airflow/.local/lib/python3.12/site-packages/airflow/example_dags/example_branch_operator.py
[2024-07-23T02:13:02.273+0000] {processor.py:840} INFO - DAG(s) 'example_branch_operator' retrieved from /home/airflow/.local/lib/python3.12/site-packages/airflow/example_dags/example_branch_operator.py
[2024-07-23T02:13:02.323+0000] {logging_mixin.py:188} INFO - [2024-07-23T02:13:02.322+0000] {dag.py:3089} INFO - Sync 1 DAGs
[2024-07-23T02:13:02.361+0000] {logging_mixin.py:188} INFO - [2024-07-23T02:13:02.360+0000] {dag.py:3947} INFO - Setting next_dagrun for example_branch_operator to 2024-07-22 00:00:00+00:00, run_after=2024-07-23 00:00:00+00:00
[2024-07-23T02:13:02.394+0000] {processor.py:183} INFO - Processing /home/airflow/.local/lib/python3.12/site-packages/airflow/example_dags/example_branch_operator.py took 0.165 seconds
[2024-07-23T02:13:32.792+0000] {processor.py:161} INFO - Started process (PID=1820) to work on /home/airflow/.local/lib/python3.12/site-packages/airflow/example_dags/example_branch_operator.py
[2024-07-23T02:13:32.794+0000] {processor.py:830} INFO - Processing file /home/airflow/.local/lib/python3.12/site-packages/airflow/example_dags/example_branch_operator.py for tasks to queue
[2024-07-23T02:13:32.797+0000] {logging_mixin.py:188} INFO - [2024-07-23T02:13:32.797+0000] {dagbag.py:545} INFO - Filling up the DagBag from /home/airflow/.local/lib/python3.12/site-packages/airflow/example_dags/example_branch_operator.py
[2024-07-23T02:13:32.825+0000] {processor.py:840} INFO - DAG(s) 'example_branch_operator' retrieved from /home/airflow/.local/lib/python3.12/site-packages/airflow/example_dags/example_branch_operator.py
[2024-07-23T02:13:32.859+0000] {logging_mixin.py:188} INFO - [2024-07-23T02:13:32.858+0000] {dag.py:3089} INFO - Sync 1 DAGs
[2024-07-23T02:13:32.896+0000] {logging_mixin.py:188} INFO - [2024-07-23T02:13:32.895+0000] {dag.py:3947} INFO - Setting next_dagrun for example_branch_operator to 2024-07-22 00:00:00+00:00, run_after=2024-07-23 00:00:00+00:00
[2024-07-23T02:13:33.088+0000] {processor.py:183} INFO - Processing /home/airflow/.local/lib/python3.12/site-packages/airflow/example_dags/example_branch_operator.py took 0.303 seconds
[2024-07-23T02:14:03.592+0000] {processor.py:161} INFO - Started process (PID=1888) to work on /home/airflow/.local/lib/python3.12/site-packages/airflow/example_dags/example_branch_operator.py
[2024-07-23T02:14:03.594+0000] {processor.py:830} INFO - Processing file /home/airflow/.local/lib/python3.12/site-packages/airflow/example_dags/example_branch_operator.py for tasks to queue
[2024-07-23T02:14:03.595+0000] {logging_mixin.py:188} INFO - [2024-07-23T02:14:03.595+0000] {dagbag.py:545} INFO - Filling up the DagBag from /home/airflow/.local/lib/python3.12/site-packages/airflow/example_dags/example_branch_operator.py
[2024-07-23T02:14:03.613+0000] {processor.py:840} INFO - DAG(s) 'example_branch_operator' retrieved from /home/airflow/.local/lib/python3.12/site-packages/airflow/example_dags/example_branch_operator.py
[2024-07-23T02:14:03.646+0000] {logging_mixin.py:188} INFO - [2024-07-23T02:14:03.645+0000] {dag.py:3089} INFO - Sync 1 DAGs
[2024-07-23T02:14:03.671+0000] {logging_mixin.py:188} INFO - [2024-07-23T02:14:03.670+0000] {dag.py:3947} INFO - Setting next_dagrun for example_branch_operator to 2024-07-22 00:00:00+00:00, run_after=2024-07-23 00:00:00+00:00
[2024-07-23T02:14:03.831+0000] {processor.py:183} INFO - Processing /home/airflow/.local/lib/python3.12/site-packages/airflow/example_dags/example_branch_operator.py took 0.245 seconds
[2024-07-23T02:14:34.426+0000] {processor.py:161} INFO - Started process (PID=1947) to work on /home/airflow/.local/lib/python3.12/site-packages/airflow/example_dags/example_branch_operator.py
[2024-07-23T02:14:34.428+0000] {processor.py:830} INFO - Processing file /home/airflow/.local/lib/python3.12/site-packages/airflow/example_dags/example_branch_operator.py for tasks to queue
[2024-07-23T02:14:34.433+0000] {logging_mixin.py:188} INFO - [2024-07-23T02:14:34.432+0000] {dagbag.py:545} INFO - Filling up the DagBag from /home/airflow/.local/lib/python3.12/site-packages/airflow/example_dags/example_branch_operator.py
[2024-07-23T02:14:34.475+0000] {processor.py:840} INFO - DAG(s) 'example_branch_operator' retrieved from /home/airflow/.local/lib/python3.12/site-packages/airflow/example_dags/example_branch_operator.py
[2024-07-23T02:14:34.536+0000] {logging_mixin.py:188} INFO - [2024-07-23T02:14:34.536+0000] {dag.py:3089} INFO - Sync 1 DAGs
[2024-07-23T02:14:34.578+0000] {logging_mixin.py:188} INFO - [2024-07-23T02:14:34.578+0000] {dag.py:3947} INFO - Setting next_dagrun for example_branch_operator to 2024-07-22 00:00:00+00:00, run_after=2024-07-23 00:00:00+00:00
[2024-07-23T02:14:34.836+0000] {processor.py:183} INFO - Processing /home/airflow/.local/lib/python3.12/site-packages/airflow/example_dags/example_branch_operator.py took 0.422 seconds
[2024-07-23T02:15:05.101+0000] {processor.py:161} INFO - Started process (PID=2006) to work on /home/airflow/.local/lib/python3.12/site-packages/airflow/example_dags/example_branch_operator.py
[2024-07-23T02:15:05.108+0000] {processor.py:830} INFO - Processing file /home/airflow/.local/lib/python3.12/site-packages/airflow/example_dags/example_branch_operator.py for tasks to queue
[2024-07-23T02:15:05.118+0000] {logging_mixin.py:188} INFO - [2024-07-23T02:15:05.116+0000] {dagbag.py:545} INFO - Filling up the DagBag from /home/airflow/.local/lib/python3.12/site-packages/airflow/example_dags/example_branch_operator.py
[2024-07-23T02:15:05.221+0000] {processor.py:840} INFO - DAG(s) 'example_branch_operator' retrieved from /home/airflow/.local/lib/python3.12/site-packages/airflow/example_dags/example_branch_operator.py
[2024-07-23T02:15:05.405+0000] {logging_mixin.py:188} INFO - [2024-07-23T02:15:05.404+0000] {dag.py:3089} INFO - Sync 1 DAGs
[2024-07-23T02:15:05.517+0000] {logging_mixin.py:188} INFO - [2024-07-23T02:15:05.516+0000] {dag.py:3947} INFO - Setting next_dagrun for example_branch_operator to 2024-07-22 00:00:00+00:00, run_after=2024-07-23 00:00:00+00:00
[2024-07-23T02:15:05.612+0000] {processor.py:183} INFO - Processing /home/airflow/.local/lib/python3.12/site-packages/airflow/example_dags/example_branch_operator.py took 0.546 seconds
[2024-07-23T02:15:36.031+0000] {processor.py:161} INFO - Started process (PID=2065) to work on /home/airflow/.local/lib/python3.12/site-packages/airflow/example_dags/example_branch_operator.py
[2024-07-23T02:15:36.035+0000] {processor.py:830} INFO - Processing file /home/airflow/.local/lib/python3.12/site-packages/airflow/example_dags/example_branch_operator.py for tasks to queue
[2024-07-23T02:15:36.043+0000] {logging_mixin.py:188} INFO - [2024-07-23T02:15:36.042+0000] {dagbag.py:545} INFO - Filling up the DagBag from /home/airflow/.local/lib/python3.12/site-packages/airflow/example_dags/example_branch_operator.py
[2024-07-23T02:15:36.118+0000] {processor.py:840} INFO - DAG(s) 'example_branch_operator' retrieved from /home/airflow/.local/lib/python3.12/site-packages/airflow/example_dags/example_branch_operator.py
[2024-07-23T02:15:36.307+0000] {logging_mixin.py:188} INFO - [2024-07-23T02:15:36.306+0000] {dag.py:3089} INFO - Sync 1 DAGs
[2024-07-23T02:15:36.441+0000] {logging_mixin.py:188} INFO - [2024-07-23T02:15:36.440+0000] {dag.py:3947} INFO - Setting next_dagrun for example_branch_operator to 2024-07-22 00:00:00+00:00, run_after=2024-07-23 00:00:00+00:00
[2024-07-23T02:15:36.540+0000] {processor.py:183} INFO - Processing /home/airflow/.local/lib/python3.12/site-packages/airflow/example_dags/example_branch_operator.py took 0.535 seconds
[2024-07-23T02:16:06.685+0000] {processor.py:161} INFO - Started process (PID=2125) to work on /home/airflow/.local/lib/python3.12/site-packages/airflow/example_dags/example_branch_operator.py
[2024-07-23T02:16:06.689+0000] {processor.py:830} INFO - Processing file /home/airflow/.local/lib/python3.12/site-packages/airflow/example_dags/example_branch_operator.py for tasks to queue
[2024-07-23T02:16:06.695+0000] {logging_mixin.py:188} INFO - [2024-07-23T02:16:06.694+0000] {dagbag.py:545} INFO - Filling up the DagBag from /home/airflow/.local/lib/python3.12/site-packages/airflow/example_dags/example_branch_operator.py
[2024-07-23T02:16:07.169+0000] {processor.py:840} INFO - DAG(s) 'example_branch_operator' retrieved from /home/airflow/.local/lib/python3.12/site-packages/airflow/example_dags/example_branch_operator.py
[2024-07-23T02:16:07.297+0000] {logging_mixin.py:188} INFO - [2024-07-23T02:16:07.296+0000] {dag.py:3089} INFO - Sync 1 DAGs
[2024-07-23T02:16:07.396+0000] {logging_mixin.py:188} INFO - [2024-07-23T02:16:07.395+0000] {dag.py:3947} INFO - Setting next_dagrun for example_branch_operator to 2024-07-22 00:00:00+00:00, run_after=2024-07-23 00:00:00+00:00
[2024-07-23T02:16:07.468+0000] {processor.py:183} INFO - Processing /home/airflow/.local/lib/python3.12/site-packages/airflow/example_dags/example_branch_operator.py took 0.804 seconds
[2024-07-23T02:16:37.983+0000] {processor.py:161} INFO - Started process (PID=2184) to work on /home/airflow/.local/lib/python3.12/site-packages/airflow/example_dags/example_branch_operator.py
[2024-07-23T02:16:37.987+0000] {processor.py:830} INFO - Processing file /home/airflow/.local/lib/python3.12/site-packages/airflow/example_dags/example_branch_operator.py for tasks to queue
[2024-07-23T02:16:37.996+0000] {logging_mixin.py:188} INFO - [2024-07-23T02:16:37.994+0000] {dagbag.py:545} INFO - Filling up the DagBag from /home/airflow/.local/lib/python3.12/site-packages/airflow/example_dags/example_branch_operator.py
[2024-07-23T02:16:38.096+0000] {processor.py:840} INFO - DAG(s) 'example_branch_operator' retrieved from /home/airflow/.local/lib/python3.12/site-packages/airflow/example_dags/example_branch_operator.py
[2024-07-23T02:16:38.237+0000] {logging_mixin.py:188} INFO - [2024-07-23T02:16:38.236+0000] {dag.py:3089} INFO - Sync 1 DAGs
[2024-07-23T02:16:38.338+0000] {logging_mixin.py:188} INFO - [2024-07-23T02:16:38.337+0000] {dag.py:3947} INFO - Setting next_dagrun for example_branch_operator to 2024-07-22 00:00:00+00:00, run_after=2024-07-23 00:00:00+00:00
[2024-07-23T02:16:38.422+0000] {processor.py:183} INFO - Processing /home/airflow/.local/lib/python3.12/site-packages/airflow/example_dags/example_branch_operator.py took 0.472 seconds
[2024-07-23T02:17:08.749+0000] {processor.py:161} INFO - Started process (PID=2252) to work on /home/airflow/.local/lib/python3.12/site-packages/airflow/example_dags/example_branch_operator.py
[2024-07-23T02:17:08.780+0000] {processor.py:830} INFO - Processing file /home/airflow/.local/lib/python3.12/site-packages/airflow/example_dags/example_branch_operator.py for tasks to queue
[2024-07-23T02:17:08.790+0000] {logging_mixin.py:188} INFO - [2024-07-23T02:17:08.788+0000] {dagbag.py:545} INFO - Filling up the DagBag from /home/airflow/.local/lib/python3.12/site-packages/airflow/example_dags/example_branch_operator.py
[2024-07-23T02:17:09.090+0000] {processor.py:840} INFO - DAG(s) 'example_branch_operator' retrieved from /home/airflow/.local/lib/python3.12/site-packages/airflow/example_dags/example_branch_operator.py
[2024-07-23T02:17:09.384+0000] {logging_mixin.py:188} INFO - [2024-07-23T02:17:09.383+0000] {dag.py:3089} INFO - Sync 1 DAGs
[2024-07-23T02:17:09.606+0000] {logging_mixin.py:188} INFO - [2024-07-23T02:17:09.602+0000] {dag.py:3947} INFO - Setting next_dagrun for example_branch_operator to 2024-07-22 00:00:00+00:00, run_after=2024-07-23 00:00:00+00:00
[2024-07-23T02:17:09.929+0000] {processor.py:183} INFO - Processing /home/airflow/.local/lib/python3.12/site-packages/airflow/example_dags/example_branch_operator.py took 1.266 seconds
[2024-07-23T02:17:41.037+0000] {processor.py:161} INFO - Started process (PID=2311) to work on /home/airflow/.local/lib/python3.12/site-packages/airflow/example_dags/example_branch_operator.py
[2024-07-23T02:17:41.041+0000] {processor.py:830} INFO - Processing file /home/airflow/.local/lib/python3.12/site-packages/airflow/example_dags/example_branch_operator.py for tasks to queue
[2024-07-23T02:17:41.051+0000] {logging_mixin.py:188} INFO - [2024-07-23T02:17:41.049+0000] {dagbag.py:545} INFO - Filling up the DagBag from /home/airflow/.local/lib/python3.12/site-packages/airflow/example_dags/example_branch_operator.py
[2024-07-23T02:17:41.173+0000] {processor.py:840} INFO - DAG(s) 'example_branch_operator' retrieved from /home/airflow/.local/lib/python3.12/site-packages/airflow/example_dags/example_branch_operator.py
[2024-07-23T02:17:41.381+0000] {logging_mixin.py:188} INFO - [2024-07-23T02:17:41.381+0000] {dag.py:3089} INFO - Sync 1 DAGs
[2024-07-23T02:17:41.492+0000] {logging_mixin.py:188} INFO - [2024-07-23T02:17:41.491+0000] {dag.py:3947} INFO - Setting next_dagrun for example_branch_operator to 2024-07-22 00:00:00+00:00, run_after=2024-07-23 00:00:00+00:00
[2024-07-23T02:17:41.588+0000] {processor.py:183} INFO - Processing /home/airflow/.local/lib/python3.12/site-packages/airflow/example_dags/example_branch_operator.py took 0.595 seconds
[2024-07-23T02:18:11.744+0000] {processor.py:161} INFO - Started process (PID=2371) to work on /home/airflow/.local/lib/python3.12/site-packages/airflow/example_dags/example_branch_operator.py
[2024-07-23T02:18:11.748+0000] {processor.py:830} INFO - Processing file /home/airflow/.local/lib/python3.12/site-packages/airflow/example_dags/example_branch_operator.py for tasks to queue
[2024-07-23T02:18:11.755+0000] {logging_mixin.py:188} INFO - [2024-07-23T02:18:11.753+0000] {dagbag.py:545} INFO - Filling up the DagBag from /home/airflow/.local/lib/python3.12/site-packages/airflow/example_dags/example_branch_operator.py
[2024-07-23T02:18:11.836+0000] {processor.py:840} INFO - DAG(s) 'example_branch_operator' retrieved from /home/airflow/.local/lib/python3.12/site-packages/airflow/example_dags/example_branch_operator.py
[2024-07-23T02:18:11.972+0000] {logging_mixin.py:188} INFO - [2024-07-23T02:18:11.971+0000] {dag.py:3089} INFO - Sync 1 DAGs
[2024-07-23T02:18:12.082+0000] {logging_mixin.py:188} INFO - [2024-07-23T02:18:12.081+0000] {dag.py:3947} INFO - Setting next_dagrun for example_branch_operator to 2024-07-22 00:00:00+00:00, run_after=2024-07-23 00:00:00+00:00
[2024-07-23T02:18:12.162+0000] {processor.py:183} INFO - Processing /home/airflow/.local/lib/python3.12/site-packages/airflow/example_dags/example_branch_operator.py took 0.447 seconds
[2024-07-23T02:18:42.518+0000] {processor.py:161} INFO - Started process (PID=2429) to work on /home/airflow/.local/lib/python3.12/site-packages/airflow/example_dags/example_branch_operator.py
[2024-07-23T02:18:42.521+0000] {processor.py:830} INFO - Processing file /home/airflow/.local/lib/python3.12/site-packages/airflow/example_dags/example_branch_operator.py for tasks to queue
[2024-07-23T02:18:42.530+0000] {logging_mixin.py:188} INFO - [2024-07-23T02:18:42.528+0000] {dagbag.py:545} INFO - Filling up the DagBag from /home/airflow/.local/lib/python3.12/site-packages/airflow/example_dags/example_branch_operator.py
[2024-07-23T02:18:42.636+0000] {processor.py:840} INFO - DAG(s) 'example_branch_operator' retrieved from /home/airflow/.local/lib/python3.12/site-packages/airflow/example_dags/example_branch_operator.py
[2024-07-23T02:18:42.802+0000] {logging_mixin.py:188} INFO - [2024-07-23T02:18:42.800+0000] {dag.py:3089} INFO - Sync 1 DAGs
[2024-07-23T02:18:42.929+0000] {logging_mixin.py:188} INFO - [2024-07-23T02:18:42.928+0000] {dag.py:3947} INFO - Setting next_dagrun for example_branch_operator to 2024-07-22 00:00:00+00:00, run_after=2024-07-23 00:00:00+00:00
[2024-07-23T02:18:43.012+0000] {processor.py:183} INFO - Processing /home/airflow/.local/lib/python3.12/site-packages/airflow/example_dags/example_branch_operator.py took 0.530 seconds
[2024-07-23T02:19:13.241+0000] {processor.py:161} INFO - Started process (PID=2490) to work on /home/airflow/.local/lib/python3.12/site-packages/airflow/example_dags/example_branch_operator.py
[2024-07-23T02:19:13.244+0000] {processor.py:830} INFO - Processing file /home/airflow/.local/lib/python3.12/site-packages/airflow/example_dags/example_branch_operator.py for tasks to queue
[2024-07-23T02:19:13.253+0000] {logging_mixin.py:188} INFO - [2024-07-23T02:19:13.251+0000] {dagbag.py:545} INFO - Filling up the DagBag from /home/airflow/.local/lib/python3.12/site-packages/airflow/example_dags/example_branch_operator.py
[2024-07-23T02:19:13.322+0000] {processor.py:840} INFO - DAG(s) 'example_branch_operator' retrieved from /home/airflow/.local/lib/python3.12/site-packages/airflow/example_dags/example_branch_operator.py
[2024-07-23T02:19:13.472+0000] {logging_mixin.py:188} INFO - [2024-07-23T02:19:13.471+0000] {dag.py:3089} INFO - Sync 1 DAGs
[2024-07-23T02:19:13.565+0000] {logging_mixin.py:188} INFO - [2024-07-23T02:19:13.565+0000] {dag.py:3947} INFO - Setting next_dagrun for example_branch_operator to 2024-07-22 00:00:00+00:00, run_after=2024-07-23 00:00:00+00:00
[2024-07-23T02:19:13.646+0000] {processor.py:183} INFO - Processing /home/airflow/.local/lib/python3.12/site-packages/airflow/example_dags/example_branch_operator.py took 0.428 seconds
[2024-07-23T02:19:44.395+0000] {processor.py:161} INFO - Started process (PID=2548) to work on /home/airflow/.local/lib/python3.12/site-packages/airflow/example_dags/example_branch_operator.py
[2024-07-23T02:19:44.396+0000] {processor.py:830} INFO - Processing file /home/airflow/.local/lib/python3.12/site-packages/airflow/example_dags/example_branch_operator.py for tasks to queue
[2024-07-23T02:19:44.399+0000] {logging_mixin.py:188} INFO - [2024-07-23T02:19:44.399+0000] {dagbag.py:545} INFO - Filling up the DagBag from /home/airflow/.local/lib/python3.12/site-packages/airflow/example_dags/example_branch_operator.py
[2024-07-23T02:19:44.423+0000] {processor.py:840} INFO - DAG(s) 'example_branch_operator' retrieved from /home/airflow/.local/lib/python3.12/site-packages/airflow/example_dags/example_branch_operator.py
[2024-07-23T02:19:44.466+0000] {logging_mixin.py:188} INFO - [2024-07-23T02:19:44.465+0000] {dag.py:3089} INFO - Sync 1 DAGs
[2024-07-23T02:19:44.498+0000] {logging_mixin.py:188} INFO - [2024-07-23T02:19:44.497+0000] {dag.py:3947} INFO - Setting next_dagrun for example_branch_operator to 2024-07-22 00:00:00+00:00, run_after=2024-07-23 00:00:00+00:00
[2024-07-23T02:19:44.526+0000] {processor.py:183} INFO - Processing /home/airflow/.local/lib/python3.12/site-packages/airflow/example_dags/example_branch_operator.py took 0.141 seconds
[2024-07-23T02:20:15.116+0000] {processor.py:161} INFO - Started process (PID=2607) to work on /home/airflow/.local/lib/python3.12/site-packages/airflow/example_dags/example_branch_operator.py
[2024-07-23T02:20:15.118+0000] {processor.py:830} INFO - Processing file /home/airflow/.local/lib/python3.12/site-packages/airflow/example_dags/example_branch_operator.py for tasks to queue
[2024-07-23T02:20:15.123+0000] {logging_mixin.py:188} INFO - [2024-07-23T02:20:15.123+0000] {dagbag.py:545} INFO - Filling up the DagBag from /home/airflow/.local/lib/python3.12/site-packages/airflow/example_dags/example_branch_operator.py
[2024-07-23T02:20:15.171+0000] {processor.py:840} INFO - DAG(s) 'example_branch_operator' retrieved from /home/airflow/.local/lib/python3.12/site-packages/airflow/example_dags/example_branch_operator.py
[2024-07-23T02:20:15.253+0000] {logging_mixin.py:188} INFO - [2024-07-23T02:20:15.253+0000] {dag.py:3089} INFO - Sync 1 DAGs
[2024-07-23T02:20:15.317+0000] {logging_mixin.py:188} INFO - [2024-07-23T02:20:15.316+0000] {dag.py:3947} INFO - Setting next_dagrun for example_branch_operator to 2024-07-22 00:00:00+00:00, run_after=2024-07-23 00:00:00+00:00
[2024-07-23T02:20:15.364+0000] {processor.py:183} INFO - Processing /home/airflow/.local/lib/python3.12/site-packages/airflow/example_dags/example_branch_operator.py took 0.265 seconds
[2024-07-23T02:20:45.425+0000] {processor.py:161} INFO - Started process (PID=2665) to work on /home/airflow/.local/lib/python3.12/site-packages/airflow/example_dags/example_branch_operator.py
[2024-07-23T02:20:45.441+0000] {processor.py:830} INFO - Processing file /home/airflow/.local/lib/python3.12/site-packages/airflow/example_dags/example_branch_operator.py for tasks to queue
[2024-07-23T02:20:45.444+0000] {logging_mixin.py:188} INFO - [2024-07-23T02:20:45.443+0000] {dagbag.py:545} INFO - Filling up the DagBag from /home/airflow/.local/lib/python3.12/site-packages/airflow/example_dags/example_branch_operator.py
[2024-07-23T02:20:45.469+0000] {processor.py:840} INFO - DAG(s) 'example_branch_operator' retrieved from /home/airflow/.local/lib/python3.12/site-packages/airflow/example_dags/example_branch_operator.py
[2024-07-23T02:20:45.515+0000] {logging_mixin.py:188} INFO - [2024-07-23T02:20:45.515+0000] {dag.py:3089} INFO - Sync 1 DAGs
[2024-07-23T02:20:45.545+0000] {logging_mixin.py:188} INFO - [2024-07-23T02:20:45.545+0000] {dag.py:3947} INFO - Setting next_dagrun for example_branch_operator to 2024-07-22 00:00:00+00:00, run_after=2024-07-23 00:00:00+00:00
[2024-07-23T02:20:45.570+0000] {processor.py:183} INFO - Processing /home/airflow/.local/lib/python3.12/site-packages/airflow/example_dags/example_branch_operator.py took 0.153 seconds
[2024-07-23T02:21:15.650+0000] {processor.py:161} INFO - Started process (PID=2724) to work on /home/airflow/.local/lib/python3.12/site-packages/airflow/example_dags/example_branch_operator.py
[2024-07-23T02:21:15.651+0000] {processor.py:830} INFO - Processing file /home/airflow/.local/lib/python3.12/site-packages/airflow/example_dags/example_branch_operator.py for tasks to queue
[2024-07-23T02:21:15.653+0000] {logging_mixin.py:188} INFO - [2024-07-23T02:21:15.653+0000] {dagbag.py:545} INFO - Filling up the DagBag from /home/airflow/.local/lib/python3.12/site-packages/airflow/example_dags/example_branch_operator.py
[2024-07-23T02:21:15.669+0000] {processor.py:840} INFO - DAG(s) 'example_branch_operator' retrieved from /home/airflow/.local/lib/python3.12/site-packages/airflow/example_dags/example_branch_operator.py
[2024-07-23T02:21:15.700+0000] {logging_mixin.py:188} INFO - [2024-07-23T02:21:15.700+0000] {dag.py:3089} INFO - Sync 1 DAGs
[2024-07-23T02:21:15.723+0000] {logging_mixin.py:188} INFO - [2024-07-23T02:21:15.723+0000] {dag.py:3947} INFO - Setting next_dagrun for example_branch_operator to 2024-07-22 00:00:00+00:00, run_after=2024-07-23 00:00:00+00:00
[2024-07-23T02:21:15.743+0000] {processor.py:183} INFO - Processing /home/airflow/.local/lib/python3.12/site-packages/airflow/example_dags/example_branch_operator.py took 0.098 seconds
[2024-07-23T02:21:45.856+0000] {processor.py:161} INFO - Started process (PID=2784) to work on /home/airflow/.local/lib/python3.12/site-packages/airflow/example_dags/example_branch_operator.py
[2024-07-23T02:21:45.872+0000] {processor.py:830} INFO - Processing file /home/airflow/.local/lib/python3.12/site-packages/airflow/example_dags/example_branch_operator.py for tasks to queue
[2024-07-23T02:21:45.874+0000] {logging_mixin.py:188} INFO - [2024-07-23T02:21:45.874+0000] {dagbag.py:545} INFO - Filling up the DagBag from /home/airflow/.local/lib/python3.12/site-packages/airflow/example_dags/example_branch_operator.py
[2024-07-23T02:21:45.894+0000] {processor.py:840} INFO - DAG(s) 'example_branch_operator' retrieved from /home/airflow/.local/lib/python3.12/site-packages/airflow/example_dags/example_branch_operator.py
[2024-07-23T02:21:45.934+0000] {logging_mixin.py:188} INFO - [2024-07-23T02:21:45.934+0000] {dag.py:3089} INFO - Sync 1 DAGs
[2024-07-23T02:21:45.962+0000] {logging_mixin.py:188} INFO - [2024-07-23T02:21:45.962+0000] {dag.py:3947} INFO - Setting next_dagrun for example_branch_operator to 2024-07-22 00:00:00+00:00, run_after=2024-07-23 00:00:00+00:00
[2024-07-23T02:21:45.988+0000] {processor.py:183} INFO - Processing /home/airflow/.local/lib/python3.12/site-packages/airflow/example_dags/example_branch_operator.py took 0.140 seconds
[2024-07-23T02:22:16.271+0000] {processor.py:161} INFO - Started process (PID=2843) to work on /home/airflow/.local/lib/python3.12/site-packages/airflow/example_dags/example_branch_operator.py
[2024-07-23T02:22:16.272+0000] {processor.py:830} INFO - Processing file /home/airflow/.local/lib/python3.12/site-packages/airflow/example_dags/example_branch_operator.py for tasks to queue
[2024-07-23T02:22:16.275+0000] {logging_mixin.py:188} INFO - [2024-07-23T02:22:16.274+0000] {dagbag.py:545} INFO - Filling up the DagBag from /home/airflow/.local/lib/python3.12/site-packages/airflow/example_dags/example_branch_operator.py
[2024-07-23T02:22:16.297+0000] {processor.py:840} INFO - DAG(s) 'example_branch_operator' retrieved from /home/airflow/.local/lib/python3.12/site-packages/airflow/example_dags/example_branch_operator.py
[2024-07-23T02:22:16.333+0000] {logging_mixin.py:188} INFO - [2024-07-23T02:22:16.332+0000] {dag.py:3089} INFO - Sync 1 DAGs
[2024-07-23T02:22:16.360+0000] {logging_mixin.py:188} INFO - [2024-07-23T02:22:16.360+0000] {dag.py:3947} INFO - Setting next_dagrun for example_branch_operator to 2024-07-22 00:00:00+00:00, run_after=2024-07-23 00:00:00+00:00
[2024-07-23T02:22:16.386+0000] {processor.py:183} INFO - Processing /home/airflow/.local/lib/python3.12/site-packages/airflow/example_dags/example_branch_operator.py took 0.122 seconds
[2024-07-23T02:22:46.562+0000] {processor.py:161} INFO - Started process (PID=2902) to work on /home/airflow/.local/lib/python3.12/site-packages/airflow/example_dags/example_branch_operator.py
[2024-07-23T02:22:46.563+0000] {processor.py:830} INFO - Processing file /home/airflow/.local/lib/python3.12/site-packages/airflow/example_dags/example_branch_operator.py for tasks to queue
[2024-07-23T02:22:46.565+0000] {logging_mixin.py:188} INFO - [2024-07-23T02:22:46.565+0000] {dagbag.py:545} INFO - Filling up the DagBag from /home/airflow/.local/lib/python3.12/site-packages/airflow/example_dags/example_branch_operator.py
[2024-07-23T02:22:46.583+0000] {processor.py:840} INFO - DAG(s) 'example_branch_operator' retrieved from /home/airflow/.local/lib/python3.12/site-packages/airflow/example_dags/example_branch_operator.py
[2024-07-23T02:22:46.618+0000] {logging_mixin.py:188} INFO - [2024-07-23T02:22:46.617+0000] {dag.py:3089} INFO - Sync 1 DAGs
[2024-07-23T02:22:46.645+0000] {logging_mixin.py:188} INFO - [2024-07-23T02:22:46.645+0000] {dag.py:3947} INFO - Setting next_dagrun for example_branch_operator to 2024-07-22 00:00:00+00:00, run_after=2024-07-23 00:00:00+00:00
[2024-07-23T02:22:46.669+0000] {processor.py:183} INFO - Processing /home/airflow/.local/lib/python3.12/site-packages/airflow/example_dags/example_branch_operator.py took 0.114 seconds
[2024-07-23T02:23:16.724+0000] {processor.py:161} INFO - Started process (PID=2968) to work on /home/airflow/.local/lib/python3.12/site-packages/airflow/example_dags/example_branch_operator.py
[2024-07-23T02:23:16.725+0000] {processor.py:830} INFO - Processing file /home/airflow/.local/lib/python3.12/site-packages/airflow/example_dags/example_branch_operator.py for tasks to queue
[2024-07-23T02:23:16.727+0000] {logging_mixin.py:188} INFO - [2024-07-23T02:23:16.726+0000] {dagbag.py:545} INFO - Filling up the DagBag from /home/airflow/.local/lib/python3.12/site-packages/airflow/example_dags/example_branch_operator.py
[2024-07-23T02:23:16.753+0000] {processor.py:840} INFO - DAG(s) 'example_branch_operator' retrieved from /home/airflow/.local/lib/python3.12/site-packages/airflow/example_dags/example_branch_operator.py
[2024-07-23T02:23:16.805+0000] {logging_mixin.py:188} INFO - [2024-07-23T02:23:16.805+0000] {dag.py:3089} INFO - Sync 1 DAGs
[2024-07-23T02:23:16.835+0000] {logging_mixin.py:188} INFO - [2024-07-23T02:23:16.835+0000] {dag.py:3947} INFO - Setting next_dagrun for example_branch_operator to 2024-07-22 00:00:00+00:00, run_after=2024-07-23 00:00:00+00:00
[2024-07-23T02:23:16.864+0000] {processor.py:183} INFO - Processing /home/airflow/.local/lib/python3.12/site-packages/airflow/example_dags/example_branch_operator.py took 0.147 seconds
[2024-07-23T02:23:47.388+0000] {processor.py:161} INFO - Started process (PID=3026) to work on /home/airflow/.local/lib/python3.12/site-packages/airflow/example_dags/example_branch_operator.py
[2024-07-23T02:23:47.393+0000] {processor.py:830} INFO - Processing file /home/airflow/.local/lib/python3.12/site-packages/airflow/example_dags/example_branch_operator.py for tasks to queue
[2024-07-23T02:23:47.402+0000] {logging_mixin.py:188} INFO - [2024-07-23T02:23:47.400+0000] {dagbag.py:545} INFO - Filling up the DagBag from /home/airflow/.local/lib/python3.12/site-packages/airflow/example_dags/example_branch_operator.py
[2024-07-23T02:23:47.505+0000] {processor.py:840} INFO - DAG(s) 'example_branch_operator' retrieved from /home/airflow/.local/lib/python3.12/site-packages/airflow/example_dags/example_branch_operator.py
[2024-07-23T02:23:47.649+0000] {logging_mixin.py:188} INFO - [2024-07-23T02:23:47.648+0000] {dag.py:3089} INFO - Sync 1 DAGs
[2024-07-23T02:23:47.752+0000] {logging_mixin.py:188} INFO - [2024-07-23T02:23:47.752+0000] {dag.py:3947} INFO - Setting next_dagrun for example_branch_operator to 2024-07-22 00:00:00+00:00, run_after=2024-07-23 00:00:00+00:00
[2024-07-23T02:23:47.822+0000] {processor.py:183} INFO - Processing /home/airflow/.local/lib/python3.12/site-packages/airflow/example_dags/example_branch_operator.py took 0.471 seconds
[2024-07-23T02:24:17.955+0000] {processor.py:161} INFO - Started process (PID=3084) to work on /home/airflow/.local/lib/python3.12/site-packages/airflow/example_dags/example_branch_operator.py
[2024-07-23T02:24:17.958+0000] {processor.py:830} INFO - Processing file /home/airflow/.local/lib/python3.12/site-packages/airflow/example_dags/example_branch_operator.py for tasks to queue
[2024-07-23T02:24:17.966+0000] {logging_mixin.py:188} INFO - [2024-07-23T02:24:17.965+0000] {dagbag.py:545} INFO - Filling up the DagBag from /home/airflow/.local/lib/python3.12/site-packages/airflow/example_dags/example_branch_operator.py
[2024-07-23T02:24:18.043+0000] {processor.py:840} INFO - DAG(s) 'example_branch_operator' retrieved from /home/airflow/.local/lib/python3.12/site-packages/airflow/example_dags/example_branch_operator.py
[2024-07-23T02:24:18.161+0000] {logging_mixin.py:188} INFO - [2024-07-23T02:24:18.160+0000] {dag.py:3089} INFO - Sync 1 DAGs
[2024-07-23T02:24:18.256+0000] {logging_mixin.py:188} INFO - [2024-07-23T02:24:18.255+0000] {dag.py:3947} INFO - Setting next_dagrun for example_branch_operator to 2024-07-22 00:00:00+00:00, run_after=2024-07-23 00:00:00+00:00
[2024-07-23T02:24:18.341+0000] {processor.py:183} INFO - Processing /home/airflow/.local/lib/python3.12/site-packages/airflow/example_dags/example_branch_operator.py took 0.411 seconds
[2024-07-23T02:24:48.453+0000] {processor.py:161} INFO - Started process (PID=3142) to work on /home/airflow/.local/lib/python3.12/site-packages/airflow/example_dags/example_branch_operator.py
[2024-07-23T02:24:48.456+0000] {processor.py:830} INFO - Processing file /home/airflow/.local/lib/python3.12/site-packages/airflow/example_dags/example_branch_operator.py for tasks to queue
[2024-07-23T02:24:48.463+0000] {logging_mixin.py:188} INFO - [2024-07-23T02:24:48.461+0000] {dagbag.py:545} INFO - Filling up the DagBag from /home/airflow/.local/lib/python3.12/site-packages/airflow/example_dags/example_branch_operator.py
[2024-07-23T02:24:48.537+0000] {processor.py:840} INFO - DAG(s) 'example_branch_operator' retrieved from /home/airflow/.local/lib/python3.12/site-packages/airflow/example_dags/example_branch_operator.py
[2024-07-23T02:24:48.671+0000] {logging_mixin.py:188} INFO - [2024-07-23T02:24:48.670+0000] {dag.py:3089} INFO - Sync 1 DAGs
[2024-07-23T02:24:48.768+0000] {logging_mixin.py:188} INFO - [2024-07-23T02:24:48.767+0000] {dag.py:3947} INFO - Setting next_dagrun for example_branch_operator to 2024-07-22 00:00:00+00:00, run_after=2024-07-23 00:00:00+00:00
[2024-07-23T02:24:48.847+0000] {processor.py:183} INFO - Processing /home/airflow/.local/lib/python3.12/site-packages/airflow/example_dags/example_branch_operator.py took 0.418 seconds
[2024-07-23T02:25:19.442+0000] {processor.py:161} INFO - Started process (PID=3199) to work on /home/airflow/.local/lib/python3.12/site-packages/airflow/example_dags/example_branch_operator.py
[2024-07-23T02:25:19.443+0000] {processor.py:830} INFO - Processing file /home/airflow/.local/lib/python3.12/site-packages/airflow/example_dags/example_branch_operator.py for tasks to queue
[2024-07-23T02:25:19.446+0000] {logging_mixin.py:188} INFO - [2024-07-23T02:25:19.445+0000] {dagbag.py:545} INFO - Filling up the DagBag from /home/airflow/.local/lib/python3.12/site-packages/airflow/example_dags/example_branch_operator.py
[2024-07-23T02:25:19.469+0000] {processor.py:840} INFO - DAG(s) 'example_branch_operator' retrieved from /home/airflow/.local/lib/python3.12/site-packages/airflow/example_dags/example_branch_operator.py
[2024-07-23T02:25:19.513+0000] {logging_mixin.py:188} INFO - [2024-07-23T02:25:19.512+0000] {dag.py:3089} INFO - Sync 1 DAGs
[2024-07-23T02:25:19.556+0000] {logging_mixin.py:188} INFO - [2024-07-23T02:25:19.556+0000] {dag.py:3947} INFO - Setting next_dagrun for example_branch_operator to 2024-07-22 00:00:00+00:00, run_after=2024-07-23 00:00:00+00:00
[2024-07-23T02:25:19.589+0000] {processor.py:183} INFO - Processing /home/airflow/.local/lib/python3.12/site-packages/airflow/example_dags/example_branch_operator.py took 0.155 seconds
[2024-07-23T02:25:49.987+0000] {processor.py:161} INFO - Started process (PID=3259) to work on /home/airflow/.local/lib/python3.12/site-packages/airflow/example_dags/example_branch_operator.py
[2024-07-23T02:25:49.988+0000] {processor.py:830} INFO - Processing file /home/airflow/.local/lib/python3.12/site-packages/airflow/example_dags/example_branch_operator.py for tasks to queue
[2024-07-23T02:25:49.990+0000] {logging_mixin.py:188} INFO - [2024-07-23T02:25:49.990+0000] {dagbag.py:545} INFO - Filling up the DagBag from /home/airflow/.local/lib/python3.12/site-packages/airflow/example_dags/example_branch_operator.py
[2024-07-23T02:25:50.009+0000] {processor.py:840} INFO - DAG(s) 'example_branch_operator' retrieved from /home/airflow/.local/lib/python3.12/site-packages/airflow/example_dags/example_branch_operator.py
[2024-07-23T02:25:50.044+0000] {logging_mixin.py:188} INFO - [2024-07-23T02:25:50.044+0000] {dag.py:3089} INFO - Sync 1 DAGs
[2024-07-23T02:25:50.073+0000] {logging_mixin.py:188} INFO - [2024-07-23T02:25:50.073+0000] {dag.py:3947} INFO - Setting next_dagrun for example_branch_operator to 2024-07-22 00:00:00+00:00, run_after=2024-07-23 00:00:00+00:00
[2024-07-23T02:25:50.113+0000] {processor.py:183} INFO - Processing /home/airflow/.local/lib/python3.12/site-packages/airflow/example_dags/example_branch_operator.py took 0.133 seconds
[2024-07-23T02:26:20.304+0000] {processor.py:161} INFO - Started process (PID=3317) to work on /home/airflow/.local/lib/python3.12/site-packages/airflow/example_dags/example_branch_operator.py
[2024-07-23T02:26:20.305+0000] {processor.py:830} INFO - Processing file /home/airflow/.local/lib/python3.12/site-packages/airflow/example_dags/example_branch_operator.py for tasks to queue
[2024-07-23T02:26:20.306+0000] {logging_mixin.py:188} INFO - [2024-07-23T02:26:20.306+0000] {dagbag.py:545} INFO - Filling up the DagBag from /home/airflow/.local/lib/python3.12/site-packages/airflow/example_dags/example_branch_operator.py
[2024-07-23T02:26:20.326+0000] {processor.py:840} INFO - DAG(s) 'example_branch_operator' retrieved from /home/airflow/.local/lib/python3.12/site-packages/airflow/example_dags/example_branch_operator.py
[2024-07-23T02:26:20.362+0000] {logging_mixin.py:188} INFO - [2024-07-23T02:26:20.362+0000] {dag.py:3089} INFO - Sync 1 DAGs
[2024-07-23T02:26:20.389+0000] {logging_mixin.py:188} INFO - [2024-07-23T02:26:20.389+0000] {dag.py:3947} INFO - Setting next_dagrun for example_branch_operator to 2024-07-22 00:00:00+00:00, run_after=2024-07-23 00:00:00+00:00
[2024-07-23T02:26:20.415+0000] {processor.py:183} INFO - Processing /home/airflow/.local/lib/python3.12/site-packages/airflow/example_dags/example_branch_operator.py took 0.118 seconds
[2024-07-23T02:26:50.836+0000] {processor.py:161} INFO - Started process (PID=3376) to work on /home/airflow/.local/lib/python3.12/site-packages/airflow/example_dags/example_branch_operator.py
[2024-07-23T02:26:50.840+0000] {processor.py:830} INFO - Processing file /home/airflow/.local/lib/python3.12/site-packages/airflow/example_dags/example_branch_operator.py for tasks to queue
[2024-07-23T02:26:50.847+0000] {logging_mixin.py:188} INFO - [2024-07-23T02:26:50.845+0000] {dagbag.py:545} INFO - Filling up the DagBag from /home/airflow/.local/lib/python3.12/site-packages/airflow/example_dags/example_branch_operator.py
[2024-07-23T02:26:50.918+0000] {processor.py:840} INFO - DAG(s) 'example_branch_operator' retrieved from /home/airflow/.local/lib/python3.12/site-packages/airflow/example_dags/example_branch_operator.py
[2024-07-23T02:26:51.046+0000] {logging_mixin.py:188} INFO - [2024-07-23T02:26:51.045+0000] {dag.py:3089} INFO - Sync 1 DAGs
[2024-07-23T02:26:51.135+0000] {logging_mixin.py:188} INFO - [2024-07-23T02:26:51.134+0000] {dag.py:3947} INFO - Setting next_dagrun for example_branch_operator to 2024-07-22 00:00:00+00:00, run_after=2024-07-23 00:00:00+00:00
[2024-07-23T02:26:51.208+0000] {processor.py:183} INFO - Processing /home/airflow/.local/lib/python3.12/site-packages/airflow/example_dags/example_branch_operator.py took 0.396 seconds
[2024-07-23T02:27:21.545+0000] {processor.py:161} INFO - Started process (PID=3435) to work on /home/airflow/.local/lib/python3.12/site-packages/airflow/example_dags/example_branch_operator.py
[2024-07-23T02:27:21.548+0000] {processor.py:830} INFO - Processing file /home/airflow/.local/lib/python3.12/site-packages/airflow/example_dags/example_branch_operator.py for tasks to queue
[2024-07-23T02:27:21.557+0000] {logging_mixin.py:188} INFO - [2024-07-23T02:27:21.555+0000] {dagbag.py:545} INFO - Filling up the DagBag from /home/airflow/.local/lib/python3.12/site-packages/airflow/example_dags/example_branch_operator.py
[2024-07-23T02:27:21.653+0000] {processor.py:840} INFO - DAG(s) 'example_branch_operator' retrieved from /home/airflow/.local/lib/python3.12/site-packages/airflow/example_dags/example_branch_operator.py
[2024-07-23T02:27:21.828+0000] {logging_mixin.py:188} INFO - [2024-07-23T02:27:21.827+0000] {dag.py:3089} INFO - Sync 1 DAGs
[2024-07-23T02:27:21.957+0000] {logging_mixin.py:188} INFO - [2024-07-23T02:27:21.956+0000] {dag.py:3947} INFO - Setting next_dagrun for example_branch_operator to 2024-07-22 00:00:00+00:00, run_after=2024-07-23 00:00:00+00:00
[2024-07-23T02:27:22.032+0000] {processor.py:183} INFO - Processing /home/airflow/.local/lib/python3.12/site-packages/airflow/example_dags/example_branch_operator.py took 0.511 seconds
[2024-07-23T02:27:52.564+0000] {processor.py:161} INFO - Started process (PID=3494) to work on /home/airflow/.local/lib/python3.12/site-packages/airflow/example_dags/example_branch_operator.py
[2024-07-23T02:27:52.566+0000] {processor.py:830} INFO - Processing file /home/airflow/.local/lib/python3.12/site-packages/airflow/example_dags/example_branch_operator.py for tasks to queue
[2024-07-23T02:27:52.567+0000] {logging_mixin.py:188} INFO - [2024-07-23T02:27:52.567+0000] {dagbag.py:545} INFO - Filling up the DagBag from /home/airflow/.local/lib/python3.12/site-packages/airflow/example_dags/example_branch_operator.py
[2024-07-23T02:27:52.587+0000] {processor.py:840} INFO - DAG(s) 'example_branch_operator' retrieved from /home/airflow/.local/lib/python3.12/site-packages/airflow/example_dags/example_branch_operator.py
[2024-07-23T02:27:52.625+0000] {logging_mixin.py:188} INFO - [2024-07-23T02:27:52.625+0000] {dag.py:3089} INFO - Sync 1 DAGs
[2024-07-23T02:27:52.652+0000] {logging_mixin.py:188} INFO - [2024-07-23T02:27:52.652+0000] {dag.py:3947} INFO - Setting next_dagrun for example_branch_operator to 2024-07-22 00:00:00+00:00, run_after=2024-07-23 00:00:00+00:00
[2024-07-23T02:27:52.677+0000] {processor.py:183} INFO - Processing /home/airflow/.local/lib/python3.12/site-packages/airflow/example_dags/example_branch_operator.py took 0.120 seconds
