[2024-07-23T01:58:21.261+0000] {processor.py:161} INFO - Started process (PID=83) to work on /home/airflow/.local/lib/python3.12/site-packages/airflow/example_dags/example_xcomargs.py
[2024-07-23T01:58:21.262+0000] {processor.py:830} INFO - Processing file /home/airflow/.local/lib/python3.12/site-packages/airflow/example_dags/example_xcomargs.py for tasks to queue
[2024-07-23T01:58:21.263+0000] {logging_mixin.py:188} INFO - [2024-07-23T01:58:21.263+0000] {dagbag.py:545} INFO - Filling up the DagBag from /home/airflow/.local/lib/python3.12/site-packages/airflow/example_dags/example_xcomargs.py
[2024-07-23T01:58:21.274+0000] {processor.py:840} INFO - DAG(s) 'example_xcom_args', 'example_xcom_args_with_operators' retrieved from /home/airflow/.local/lib/python3.12/site-packages/airflow/example_dags/example_xcomargs.py
[2024-07-23T01:58:21.424+0000] {logging_mixin.py:188} INFO - [2024-07-23T01:58:21.423+0000] {dag.py:3089} INFO - Sync 2 DAGs
[2024-07-23T01:58:21.437+0000] {logging_mixin.py:188} INFO - [2024-07-23T01:58:21.437+0000] {dag.py:3947} INFO - Setting next_dagrun for example_xcom_args to None, run_after=None
[2024-07-23T01:58:21.440+0000] {logging_mixin.py:188} INFO - [2024-07-23T01:58:21.440+0000] {dag.py:3947} INFO - Setting next_dagrun for example_xcom_args_with_operators to None, run_after=None
[2024-07-23T01:58:21.462+0000] {processor.py:183} INFO - Processing /home/airflow/.local/lib/python3.12/site-packages/airflow/example_dags/example_xcomargs.py took 0.207 seconds
[2024-07-23T01:58:51.522+0000] {processor.py:161} INFO - Started process (PID=141) to work on /home/airflow/.local/lib/python3.12/site-packages/airflow/example_dags/example_xcomargs.py
[2024-07-23T01:58:51.523+0000] {processor.py:830} INFO - Processing file /home/airflow/.local/lib/python3.12/site-packages/airflow/example_dags/example_xcomargs.py for tasks to queue
[2024-07-23T01:58:51.527+0000] {logging_mixin.py:188} INFO - [2024-07-23T01:58:51.526+0000] {dagbag.py:545} INFO - Filling up the DagBag from /home/airflow/.local/lib/python3.12/site-packages/airflow/example_dags/example_xcomargs.py
[2024-07-23T01:58:51.542+0000] {processor.py:840} INFO - DAG(s) 'example_xcom_args_with_operators', 'example_xcom_args' retrieved from /home/airflow/.local/lib/python3.12/site-packages/airflow/example_dags/example_xcomargs.py
[2024-07-23T01:58:51.581+0000] {logging_mixin.py:188} INFO - [2024-07-23T01:58:51.581+0000] {dag.py:3089} INFO - Sync 2 DAGs
[2024-07-23T01:58:51.602+0000] {logging_mixin.py:188} INFO - [2024-07-23T01:58:51.602+0000] {dag.py:3947} INFO - Setting next_dagrun for example_xcom_args to None, run_after=None
[2024-07-23T01:58:51.608+0000] {logging_mixin.py:188} INFO - [2024-07-23T01:58:51.607+0000] {dag.py:3947} INFO - Setting next_dagrun for example_xcom_args_with_operators to None, run_after=None
[2024-07-23T01:58:51.640+0000] {processor.py:183} INFO - Processing /home/airflow/.local/lib/python3.12/site-packages/airflow/example_dags/example_xcomargs.py took 0.127 seconds
[2024-07-23T01:59:22.033+0000] {processor.py:161} INFO - Started process (PID=199) to work on /home/airflow/.local/lib/python3.12/site-packages/airflow/example_dags/example_xcomargs.py
[2024-07-23T01:59:22.035+0000] {processor.py:830} INFO - Processing file /home/airflow/.local/lib/python3.12/site-packages/airflow/example_dags/example_xcomargs.py for tasks to queue
[2024-07-23T01:59:22.037+0000] {logging_mixin.py:188} INFO - [2024-07-23T01:59:22.037+0000] {dagbag.py:545} INFO - Filling up the DagBag from /home/airflow/.local/lib/python3.12/site-packages/airflow/example_dags/example_xcomargs.py
[2024-07-23T01:59:22.052+0000] {processor.py:840} INFO - DAG(s) 'example_xcom_args_with_operators', 'example_xcom_args' retrieved from /home/airflow/.local/lib/python3.12/site-packages/airflow/example_dags/example_xcomargs.py
[2024-07-23T01:59:22.095+0000] {logging_mixin.py:188} INFO - [2024-07-23T01:59:22.095+0000] {dag.py:3089} INFO - Sync 2 DAGs
[2024-07-23T01:59:22.113+0000] {logging_mixin.py:188} INFO - [2024-07-23T01:59:22.113+0000] {dag.py:3947} INFO - Setting next_dagrun for example_xcom_args to None, run_after=None
[2024-07-23T01:59:22.118+0000] {logging_mixin.py:188} INFO - [2024-07-23T01:59:22.118+0000] {dag.py:3947} INFO - Setting next_dagrun for example_xcom_args_with_operators to None, run_after=None
[2024-07-23T01:59:22.141+0000] {processor.py:183} INFO - Processing /home/airflow/.local/lib/python3.12/site-packages/airflow/example_dags/example_xcomargs.py took 0.116 seconds
[2024-07-23T01:59:52.438+0000] {processor.py:161} INFO - Started process (PID=257) to work on /home/airflow/.local/lib/python3.12/site-packages/airflow/example_dags/example_xcomargs.py
[2024-07-23T01:59:52.439+0000] {processor.py:830} INFO - Processing file /home/airflow/.local/lib/python3.12/site-packages/airflow/example_dags/example_xcomargs.py for tasks to queue
[2024-07-23T01:59:52.442+0000] {logging_mixin.py:188} INFO - [2024-07-23T01:59:52.441+0000] {dagbag.py:545} INFO - Filling up the DagBag from /home/airflow/.local/lib/python3.12/site-packages/airflow/example_dags/example_xcomargs.py
[2024-07-23T01:59:52.455+0000] {processor.py:840} INFO - DAG(s) 'example_xcom_args', 'example_xcom_args_with_operators' retrieved from /home/airflow/.local/lib/python3.12/site-packages/airflow/example_dags/example_xcomargs.py
[2024-07-23T01:59:52.488+0000] {logging_mixin.py:188} INFO - [2024-07-23T01:59:52.488+0000] {dag.py:3089} INFO - Sync 2 DAGs
[2024-07-23T01:59:52.509+0000] {logging_mixin.py:188} INFO - [2024-07-23T01:59:52.509+0000] {dag.py:3947} INFO - Setting next_dagrun for example_xcom_args to None, run_after=None
[2024-07-23T01:59:52.514+0000] {logging_mixin.py:188} INFO - [2024-07-23T01:59:52.514+0000] {dag.py:3947} INFO - Setting next_dagrun for example_xcom_args_with_operators to None, run_after=None
[2024-07-23T01:59:52.536+0000] {processor.py:183} INFO - Processing /home/airflow/.local/lib/python3.12/site-packages/airflow/example_dags/example_xcomargs.py took 0.108 seconds
[2024-07-23T02:00:22.702+0000] {processor.py:161} INFO - Started process (PID=315) to work on /home/airflow/.local/lib/python3.12/site-packages/airflow/example_dags/example_xcomargs.py
[2024-07-23T02:00:22.705+0000] {processor.py:830} INFO - Processing file /home/airflow/.local/lib/python3.12/site-packages/airflow/example_dags/example_xcomargs.py for tasks to queue
[2024-07-23T02:00:22.707+0000] {logging_mixin.py:188} INFO - [2024-07-23T02:00:22.706+0000] {dagbag.py:545} INFO - Filling up the DagBag from /home/airflow/.local/lib/python3.12/site-packages/airflow/example_dags/example_xcomargs.py
[2024-07-23T02:00:22.718+0000] {processor.py:840} INFO - DAG(s) 'example_xcom_args', 'example_xcom_args_with_operators' retrieved from /home/airflow/.local/lib/python3.12/site-packages/airflow/example_dags/example_xcomargs.py
[2024-07-23T02:00:22.751+0000] {logging_mixin.py:188} INFO - [2024-07-23T02:00:22.750+0000] {dag.py:3089} INFO - Sync 2 DAGs
[2024-07-23T02:00:22.768+0000] {logging_mixin.py:188} INFO - [2024-07-23T02:00:22.768+0000] {dag.py:3947} INFO - Setting next_dagrun for example_xcom_args to None, run_after=None
[2024-07-23T02:00:22.774+0000] {logging_mixin.py:188} INFO - [2024-07-23T02:00:22.773+0000] {dag.py:3947} INFO - Setting next_dagrun for example_xcom_args_with_operators to None, run_after=None
[2024-07-23T02:00:22.805+0000] {processor.py:183} INFO - Processing /home/airflow/.local/lib/python3.12/site-packages/airflow/example_dags/example_xcomargs.py took 0.111 seconds
[2024-07-23T02:00:53.147+0000] {processor.py:161} INFO - Started process (PID=372) to work on /home/airflow/.local/lib/python3.12/site-packages/airflow/example_dags/example_xcomargs.py
[2024-07-23T02:00:53.150+0000] {processor.py:830} INFO - Processing file /home/airflow/.local/lib/python3.12/site-packages/airflow/example_dags/example_xcomargs.py for tasks to queue
[2024-07-23T02:00:53.152+0000] {logging_mixin.py:188} INFO - [2024-07-23T02:00:53.152+0000] {dagbag.py:545} INFO - Filling up the DagBag from /home/airflow/.local/lib/python3.12/site-packages/airflow/example_dags/example_xcomargs.py
[2024-07-23T02:00:53.162+0000] {processor.py:840} INFO - DAG(s) 'example_xcom_args_with_operators', 'example_xcom_args' retrieved from /home/airflow/.local/lib/python3.12/site-packages/airflow/example_dags/example_xcomargs.py
[2024-07-23T02:00:53.190+0000] {logging_mixin.py:188} INFO - [2024-07-23T02:00:53.190+0000] {dag.py:3089} INFO - Sync 2 DAGs
[2024-07-23T02:00:53.206+0000] {logging_mixin.py:188} INFO - [2024-07-23T02:00:53.205+0000] {dag.py:3947} INFO - Setting next_dagrun for example_xcom_args to None, run_after=None
[2024-07-23T02:00:53.210+0000] {logging_mixin.py:188} INFO - [2024-07-23T02:00:53.209+0000] {dag.py:3947} INFO - Setting next_dagrun for example_xcom_args_with_operators to None, run_after=None
[2024-07-23T02:00:53.233+0000] {processor.py:183} INFO - Processing /home/airflow/.local/lib/python3.12/site-packages/airflow/example_dags/example_xcomargs.py took 0.093 seconds
[2024-07-23T02:01:23.996+0000] {processor.py:161} INFO - Started process (PID=429) to work on /home/airflow/.local/lib/python3.12/site-packages/airflow/example_dags/example_xcomargs.py
[2024-07-23T02:01:23.997+0000] {processor.py:830} INFO - Processing file /home/airflow/.local/lib/python3.12/site-packages/airflow/example_dags/example_xcomargs.py for tasks to queue
[2024-07-23T02:01:23.999+0000] {logging_mixin.py:188} INFO - [2024-07-23T02:01:23.999+0000] {dagbag.py:545} INFO - Filling up the DagBag from /home/airflow/.local/lib/python3.12/site-packages/airflow/example_dags/example_xcomargs.py
[2024-07-23T02:01:24.013+0000] {processor.py:840} INFO - DAG(s) 'example_xcom_args', 'example_xcom_args_with_operators' retrieved from /home/airflow/.local/lib/python3.12/site-packages/airflow/example_dags/example_xcomargs.py
[2024-07-23T02:01:24.053+0000] {logging_mixin.py:188} INFO - [2024-07-23T02:01:24.053+0000] {dag.py:3089} INFO - Sync 2 DAGs
[2024-07-23T02:01:24.079+0000] {logging_mixin.py:188} INFO - [2024-07-23T02:01:24.079+0000] {dag.py:3947} INFO - Setting next_dagrun for example_xcom_args to None, run_after=None
[2024-07-23T02:01:24.087+0000] {logging_mixin.py:188} INFO - [2024-07-23T02:01:24.086+0000] {dag.py:3947} INFO - Setting next_dagrun for example_xcom_args_with_operators to None, run_after=None
[2024-07-23T02:01:24.117+0000] {processor.py:183} INFO - Processing /home/airflow/.local/lib/python3.12/site-packages/airflow/example_dags/example_xcomargs.py took 0.129 seconds
[2024-07-23T02:01:54.339+0000] {processor.py:161} INFO - Started process (PID=486) to work on /home/airflow/.local/lib/python3.12/site-packages/airflow/example_dags/example_xcomargs.py
[2024-07-23T02:01:54.340+0000] {processor.py:830} INFO - Processing file /home/airflow/.local/lib/python3.12/site-packages/airflow/example_dags/example_xcomargs.py for tasks to queue
[2024-07-23T02:01:54.342+0000] {logging_mixin.py:188} INFO - [2024-07-23T02:01:54.342+0000] {dagbag.py:545} INFO - Filling up the DagBag from /home/airflow/.local/lib/python3.12/site-packages/airflow/example_dags/example_xcomargs.py
[2024-07-23T02:01:54.352+0000] {processor.py:840} INFO - DAG(s) 'example_xcom_args', 'example_xcom_args_with_operators' retrieved from /home/airflow/.local/lib/python3.12/site-packages/airflow/example_dags/example_xcomargs.py
[2024-07-23T02:01:54.384+0000] {logging_mixin.py:188} INFO - [2024-07-23T02:01:54.383+0000] {dag.py:3089} INFO - Sync 2 DAGs
[2024-07-23T02:01:54.401+0000] {logging_mixin.py:188} INFO - [2024-07-23T02:01:54.401+0000] {dag.py:3947} INFO - Setting next_dagrun for example_xcom_args to None, run_after=None
[2024-07-23T02:01:54.406+0000] {logging_mixin.py:188} INFO - [2024-07-23T02:01:54.405+0000] {dag.py:3947} INFO - Setting next_dagrun for example_xcom_args_with_operators to None, run_after=None
[2024-07-23T02:01:54.431+0000] {processor.py:183} INFO - Processing /home/airflow/.local/lib/python3.12/site-packages/airflow/example_dags/example_xcomargs.py took 0.099 seconds
[2024-07-23T02:02:24.536+0000] {processor.py:161} INFO - Started process (PID=545) to work on /home/airflow/.local/lib/python3.12/site-packages/airflow/example_dags/example_xcomargs.py
[2024-07-23T02:02:24.537+0000] {processor.py:830} INFO - Processing file /home/airflow/.local/lib/python3.12/site-packages/airflow/example_dags/example_xcomargs.py for tasks to queue
[2024-07-23T02:02:24.540+0000] {logging_mixin.py:188} INFO - [2024-07-23T02:02:24.539+0000] {dagbag.py:545} INFO - Filling up the DagBag from /home/airflow/.local/lib/python3.12/site-packages/airflow/example_dags/example_xcomargs.py
[2024-07-23T02:02:24.550+0000] {processor.py:840} INFO - DAG(s) 'example_xcom_args_with_operators', 'example_xcom_args' retrieved from /home/airflow/.local/lib/python3.12/site-packages/airflow/example_dags/example_xcomargs.py
[2024-07-23T02:02:24.584+0000] {logging_mixin.py:188} INFO - [2024-07-23T02:02:24.584+0000] {dag.py:3089} INFO - Sync 2 DAGs
[2024-07-23T02:02:24.608+0000] {logging_mixin.py:188} INFO - [2024-07-23T02:02:24.608+0000] {dag.py:3947} INFO - Setting next_dagrun for example_xcom_args to None, run_after=None
[2024-07-23T02:02:24.614+0000] {logging_mixin.py:188} INFO - [2024-07-23T02:02:24.614+0000] {dag.py:3947} INFO - Setting next_dagrun for example_xcom_args_with_operators to None, run_after=None
[2024-07-23T02:02:24.638+0000] {processor.py:183} INFO - Processing /home/airflow/.local/lib/python3.12/site-packages/airflow/example_dags/example_xcomargs.py took 0.110 seconds
[2024-07-23T02:02:55.148+0000] {processor.py:161} INFO - Started process (PID=604) to work on /home/airflow/.local/lib/python3.12/site-packages/airflow/example_dags/example_xcomargs.py
[2024-07-23T02:02:55.150+0000] {processor.py:830} INFO - Processing file /home/airflow/.local/lib/python3.12/site-packages/airflow/example_dags/example_xcomargs.py for tasks to queue
[2024-07-23T02:02:55.153+0000] {logging_mixin.py:188} INFO - [2024-07-23T02:02:55.153+0000] {dagbag.py:545} INFO - Filling up the DagBag from /home/airflow/.local/lib/python3.12/site-packages/airflow/example_dags/example_xcomargs.py
[2024-07-23T02:02:55.169+0000] {processor.py:840} INFO - DAG(s) 'example_xcom_args_with_operators', 'example_xcom_args' retrieved from /home/airflow/.local/lib/python3.12/site-packages/airflow/example_dags/example_xcomargs.py
[2024-07-23T02:02:55.199+0000] {logging_mixin.py:188} INFO - [2024-07-23T02:02:55.199+0000] {dag.py:3089} INFO - Sync 2 DAGs
[2024-07-23T02:02:55.217+0000] {logging_mixin.py:188} INFO - [2024-07-23T02:02:55.217+0000] {dag.py:3947} INFO - Setting next_dagrun for example_xcom_args to None, run_after=None
[2024-07-23T02:02:55.223+0000] {logging_mixin.py:188} INFO - [2024-07-23T02:02:55.222+0000] {dag.py:3947} INFO - Setting next_dagrun for example_xcom_args_with_operators to None, run_after=None
[2024-07-23T02:02:55.245+0000] {processor.py:183} INFO - Processing /home/airflow/.local/lib/python3.12/site-packages/airflow/example_dags/example_xcomargs.py took 0.108 seconds
[2024-07-23T02:03:26.185+0000] {processor.py:161} INFO - Started process (PID=664) to work on /home/airflow/.local/lib/python3.12/site-packages/airflow/example_dags/example_xcomargs.py
[2024-07-23T02:03:26.189+0000] {processor.py:830} INFO - Processing file /home/airflow/.local/lib/python3.12/site-packages/airflow/example_dags/example_xcomargs.py for tasks to queue
[2024-07-23T02:03:26.193+0000] {logging_mixin.py:188} INFO - [2024-07-23T02:03:26.192+0000] {dagbag.py:545} INFO - Filling up the DagBag from /home/airflow/.local/lib/python3.12/site-packages/airflow/example_dags/example_xcomargs.py
[2024-07-23T02:03:26.210+0000] {processor.py:840} INFO - DAG(s) 'example_xcom_args', 'example_xcom_args_with_operators' retrieved from /home/airflow/.local/lib/python3.12/site-packages/airflow/example_dags/example_xcomargs.py
[2024-07-23T02:03:26.263+0000] {logging_mixin.py:188} INFO - [2024-07-23T02:03:26.262+0000] {dag.py:3089} INFO - Sync 2 DAGs
[2024-07-23T02:03:26.293+0000] {logging_mixin.py:188} INFO - [2024-07-23T02:03:26.292+0000] {dag.py:3947} INFO - Setting next_dagrun for example_xcom_args to None, run_after=None
[2024-07-23T02:03:26.305+0000] {logging_mixin.py:188} INFO - [2024-07-23T02:03:26.304+0000] {dag.py:3947} INFO - Setting next_dagrun for example_xcom_args_with_operators to None, run_after=None
[2024-07-23T02:03:26.339+0000] {processor.py:183} INFO - Processing /home/airflow/.local/lib/python3.12/site-packages/airflow/example_dags/example_xcomargs.py took 0.168 seconds
[2024-07-23T02:03:59.171+0000] {processor.py:161} INFO - Started process (PID=723) to work on /home/airflow/.local/lib/python3.12/site-packages/airflow/example_dags/example_xcomargs.py
[2024-07-23T02:03:59.176+0000] {processor.py:830} INFO - Processing file /home/airflow/.local/lib/python3.12/site-packages/airflow/example_dags/example_xcomargs.py for tasks to queue
[2024-07-23T02:03:59.186+0000] {logging_mixin.py:188} INFO - [2024-07-23T02:03:59.185+0000] {dagbag.py:545} INFO - Filling up the DagBag from /home/airflow/.local/lib/python3.12/site-packages/airflow/example_dags/example_xcomargs.py
[2024-07-23T02:03:59.243+0000] {processor.py:840} INFO - DAG(s) 'example_xcom_args', 'example_xcom_args_with_operators' retrieved from /home/airflow/.local/lib/python3.12/site-packages/airflow/example_dags/example_xcomargs.py
[2024-07-23T02:03:59.432+0000] {logging_mixin.py:188} INFO - [2024-07-23T02:03:59.431+0000] {dag.py:3089} INFO - Sync 2 DAGs
[2024-07-23T02:03:59.539+0000] {logging_mixin.py:188} INFO - [2024-07-23T02:03:59.537+0000] {dag.py:3947} INFO - Setting next_dagrun for example_xcom_args to None, run_after=None
[2024-07-23T02:03:59.571+0000] {logging_mixin.py:188} INFO - [2024-07-23T02:03:59.570+0000] {dag.py:3947} INFO - Setting next_dagrun for example_xcom_args_with_operators to None, run_after=None
[2024-07-23T02:03:59.738+0000] {processor.py:183} INFO - Processing /home/airflow/.local/lib/python3.12/site-packages/airflow/example_dags/example_xcomargs.py took 0.602 seconds
[2024-07-23T02:04:32.447+0000] {processor.py:161} INFO - Started process (PID=782) to work on /home/airflow/.local/lib/python3.12/site-packages/airflow/example_dags/example_xcomargs.py
[2024-07-23T02:04:32.452+0000] {processor.py:830} INFO - Processing file /home/airflow/.local/lib/python3.12/site-packages/airflow/example_dags/example_xcomargs.py for tasks to queue
[2024-07-23T02:04:32.462+0000] {logging_mixin.py:188} INFO - [2024-07-23T02:04:32.460+0000] {dagbag.py:545} INFO - Filling up the DagBag from /home/airflow/.local/lib/python3.12/site-packages/airflow/example_dags/example_xcomargs.py
[2024-07-23T02:04:32.514+0000] {processor.py:840} INFO - DAG(s) 'example_xcom_args_with_operators', 'example_xcom_args' retrieved from /home/airflow/.local/lib/python3.12/site-packages/airflow/example_dags/example_xcomargs.py
[2024-07-23T02:04:32.691+0000] {logging_mixin.py:188} INFO - [2024-07-23T02:04:32.689+0000] {dag.py:3089} INFO - Sync 2 DAGs
[2024-07-23T02:04:32.799+0000] {logging_mixin.py:188} INFO - [2024-07-23T02:04:32.798+0000] {dag.py:3947} INFO - Setting next_dagrun for example_xcom_args to None, run_after=None
[2024-07-23T02:04:32.830+0000] {logging_mixin.py:188} INFO - [2024-07-23T02:04:32.828+0000] {dag.py:3947} INFO - Setting next_dagrun for example_xcom_args_with_operators to None, run_after=None
[2024-07-23T02:04:32.948+0000] {processor.py:183} INFO - Processing /home/airflow/.local/lib/python3.12/site-packages/airflow/example_dags/example_xcomargs.py took 0.544 seconds
[2024-07-23T02:05:03.756+0000] {processor.py:161} INFO - Started process (PID=841) to work on /home/airflow/.local/lib/python3.12/site-packages/airflow/example_dags/example_xcomargs.py
[2024-07-23T02:05:03.760+0000] {processor.py:830} INFO - Processing file /home/airflow/.local/lib/python3.12/site-packages/airflow/example_dags/example_xcomargs.py for tasks to queue
[2024-07-23T02:05:03.768+0000] {logging_mixin.py:188} INFO - [2024-07-23T02:05:03.766+0000] {dagbag.py:545} INFO - Filling up the DagBag from /home/airflow/.local/lib/python3.12/site-packages/airflow/example_dags/example_xcomargs.py
[2024-07-23T02:05:03.804+0000] {processor.py:840} INFO - DAG(s) 'example_xcom_args_with_operators', 'example_xcom_args' retrieved from /home/airflow/.local/lib/python3.12/site-packages/airflow/example_dags/example_xcomargs.py
[2024-07-23T02:05:03.967+0000] {logging_mixin.py:188} INFO - [2024-07-23T02:05:03.965+0000] {dag.py:3089} INFO - Sync 2 DAGs
[2024-07-23T02:05:04.066+0000] {logging_mixin.py:188} INFO - [2024-07-23T02:05:04.064+0000] {dag.py:3947} INFO - Setting next_dagrun for example_xcom_args to None, run_after=None
[2024-07-23T02:05:04.094+0000] {logging_mixin.py:188} INFO - [2024-07-23T02:05:04.092+0000] {dag.py:3947} INFO - Setting next_dagrun for example_xcom_args_with_operators to None, run_after=None
[2024-07-23T02:05:04.193+0000] {processor.py:183} INFO - Processing /home/airflow/.local/lib/python3.12/site-packages/airflow/example_dags/example_xcomargs.py took 0.463 seconds
[2024-07-23T02:05:35.905+0000] {processor.py:161} INFO - Started process (PID=900) to work on /home/airflow/.local/lib/python3.12/site-packages/airflow/example_dags/example_xcomargs.py
[2024-07-23T02:05:35.909+0000] {processor.py:830} INFO - Processing file /home/airflow/.local/lib/python3.12/site-packages/airflow/example_dags/example_xcomargs.py for tasks to queue
[2024-07-23T02:05:35.919+0000] {logging_mixin.py:188} INFO - [2024-07-23T02:05:35.916+0000] {dagbag.py:545} INFO - Filling up the DagBag from /home/airflow/.local/lib/python3.12/site-packages/airflow/example_dags/example_xcomargs.py
[2024-07-23T02:05:35.964+0000] {processor.py:840} INFO - DAG(s) 'example_xcom_args_with_operators', 'example_xcom_args' retrieved from /home/airflow/.local/lib/python3.12/site-packages/airflow/example_dags/example_xcomargs.py
[2024-07-23T02:05:36.078+0000] {logging_mixin.py:188} INFO - [2024-07-23T02:05:36.077+0000] {dag.py:3089} INFO - Sync 2 DAGs
[2024-07-23T02:05:36.138+0000] {logging_mixin.py:188} INFO - [2024-07-23T02:05:36.137+0000] {dag.py:3947} INFO - Setting next_dagrun for example_xcom_args to None, run_after=None
[2024-07-23T02:05:36.156+0000] {logging_mixin.py:188} INFO - [2024-07-23T02:05:36.155+0000] {dag.py:3947} INFO - Setting next_dagrun for example_xcom_args_with_operators to None, run_after=None
[2024-07-23T02:05:36.257+0000] {processor.py:183} INFO - Processing /home/airflow/.local/lib/python3.12/site-packages/airflow/example_dags/example_xcomargs.py took 0.379 seconds
[2024-07-23T02:06:07.208+0000] {processor.py:161} INFO - Started process (PID=959) to work on /home/airflow/.local/lib/python3.12/site-packages/airflow/example_dags/example_xcomargs.py
[2024-07-23T02:06:07.210+0000] {processor.py:830} INFO - Processing file /home/airflow/.local/lib/python3.12/site-packages/airflow/example_dags/example_xcomargs.py for tasks to queue
[2024-07-23T02:06:07.212+0000] {logging_mixin.py:188} INFO - [2024-07-23T02:06:07.212+0000] {dagbag.py:545} INFO - Filling up the DagBag from /home/airflow/.local/lib/python3.12/site-packages/airflow/example_dags/example_xcomargs.py
[2024-07-23T02:06:07.221+0000] {processor.py:840} INFO - DAG(s) 'example_xcom_args_with_operators', 'example_xcom_args' retrieved from /home/airflow/.local/lib/python3.12/site-packages/airflow/example_dags/example_xcomargs.py
[2024-07-23T02:06:07.248+0000] {logging_mixin.py:188} INFO - [2024-07-23T02:06:07.248+0000] {dag.py:3089} INFO - Sync 2 DAGs
[2024-07-23T02:06:07.263+0000] {logging_mixin.py:188} INFO - [2024-07-23T02:06:07.262+0000] {dag.py:3947} INFO - Setting next_dagrun for example_xcom_args to None, run_after=None
[2024-07-23T02:06:07.267+0000] {logging_mixin.py:188} INFO - [2024-07-23T02:06:07.267+0000] {dag.py:3947} INFO - Setting next_dagrun for example_xcom_args_with_operators to None, run_after=None
[2024-07-23T02:06:07.285+0000] {processor.py:183} INFO - Processing /home/airflow/.local/lib/python3.12/site-packages/airflow/example_dags/example_xcomargs.py took 0.084 seconds
[2024-07-23T02:06:37.772+0000] {processor.py:161} INFO - Started process (PID=1018) to work on /home/airflow/.local/lib/python3.12/site-packages/airflow/example_dags/example_xcomargs.py
[2024-07-23T02:06:37.772+0000] {processor.py:830} INFO - Processing file /home/airflow/.local/lib/python3.12/site-packages/airflow/example_dags/example_xcomargs.py for tasks to queue
[2024-07-23T02:06:37.774+0000] {logging_mixin.py:188} INFO - [2024-07-23T02:06:37.774+0000] {dagbag.py:545} INFO - Filling up the DagBag from /home/airflow/.local/lib/python3.12/site-packages/airflow/example_dags/example_xcomargs.py
[2024-07-23T02:06:37.784+0000] {processor.py:840} INFO - DAG(s) 'example_xcom_args', 'example_xcom_args_with_operators' retrieved from /home/airflow/.local/lib/python3.12/site-packages/airflow/example_dags/example_xcomargs.py
[2024-07-23T02:06:37.812+0000] {logging_mixin.py:188} INFO - [2024-07-23T02:06:37.812+0000] {dag.py:3089} INFO - Sync 2 DAGs
[2024-07-23T02:06:37.827+0000] {logging_mixin.py:188} INFO - [2024-07-23T02:06:37.827+0000] {dag.py:3947} INFO - Setting next_dagrun for example_xcom_args to None, run_after=None
[2024-07-23T02:06:37.832+0000] {logging_mixin.py:188} INFO - [2024-07-23T02:06:37.832+0000] {dag.py:3947} INFO - Setting next_dagrun for example_xcom_args_with_operators to None, run_after=None
[2024-07-23T02:06:37.854+0000] {processor.py:183} INFO - Processing /home/airflow/.local/lib/python3.12/site-packages/airflow/example_dags/example_xcomargs.py took 0.090 seconds
[2024-07-23T02:07:08.034+0000] {processor.py:161} INFO - Started process (PID=1077) to work on /home/airflow/.local/lib/python3.12/site-packages/airflow/example_dags/example_xcomargs.py
[2024-07-23T02:07:08.035+0000] {processor.py:830} INFO - Processing file /home/airflow/.local/lib/python3.12/site-packages/airflow/example_dags/example_xcomargs.py for tasks to queue
[2024-07-23T02:07:08.037+0000] {logging_mixin.py:188} INFO - [2024-07-23T02:07:08.036+0000] {dagbag.py:545} INFO - Filling up the DagBag from /home/airflow/.local/lib/python3.12/site-packages/airflow/example_dags/example_xcomargs.py
[2024-07-23T02:07:08.045+0000] {processor.py:840} INFO - DAG(s) 'example_xcom_args_with_operators', 'example_xcom_args' retrieved from /home/airflow/.local/lib/python3.12/site-packages/airflow/example_dags/example_xcomargs.py
[2024-07-23T02:07:08.074+0000] {logging_mixin.py:188} INFO - [2024-07-23T02:07:08.073+0000] {dag.py:3089} INFO - Sync 2 DAGs
[2024-07-23T02:07:08.088+0000] {logging_mixin.py:188} INFO - [2024-07-23T02:07:08.088+0000] {dag.py:3947} INFO - Setting next_dagrun for example_xcom_args to None, run_after=None
[2024-07-23T02:07:08.093+0000] {logging_mixin.py:188} INFO - [2024-07-23T02:07:08.092+0000] {dag.py:3947} INFO - Setting next_dagrun for example_xcom_args_with_operators to None, run_after=None
[2024-07-23T02:07:08.114+0000] {processor.py:183} INFO - Processing /home/airflow/.local/lib/python3.12/site-packages/airflow/example_dags/example_xcomargs.py took 0.086 seconds
[2024-07-23T02:07:38.298+0000] {processor.py:161} INFO - Started process (PID=1136) to work on /home/airflow/.local/lib/python3.12/site-packages/airflow/example_dags/example_xcomargs.py
[2024-07-23T02:07:38.298+0000] {processor.py:830} INFO - Processing file /home/airflow/.local/lib/python3.12/site-packages/airflow/example_dags/example_xcomargs.py for tasks to queue
[2024-07-23T02:07:38.301+0000] {logging_mixin.py:188} INFO - [2024-07-23T02:07:38.300+0000] {dagbag.py:545} INFO - Filling up the DagBag from /home/airflow/.local/lib/python3.12/site-packages/airflow/example_dags/example_xcomargs.py
[2024-07-23T02:07:38.312+0000] {processor.py:840} INFO - DAG(s) 'example_xcom_args', 'example_xcom_args_with_operators' retrieved from /home/airflow/.local/lib/python3.12/site-packages/airflow/example_dags/example_xcomargs.py
[2024-07-23T02:07:38.353+0000] {logging_mixin.py:188} INFO - [2024-07-23T02:07:38.352+0000] {dag.py:3089} INFO - Sync 2 DAGs
[2024-07-23T02:07:38.371+0000] {logging_mixin.py:188} INFO - [2024-07-23T02:07:38.370+0000] {dag.py:3947} INFO - Setting next_dagrun for example_xcom_args to None, run_after=None
[2024-07-23T02:07:38.376+0000] {logging_mixin.py:188} INFO - [2024-07-23T02:07:38.376+0000] {dag.py:3947} INFO - Setting next_dagrun for example_xcom_args_with_operators to None, run_after=None
[2024-07-23T02:07:38.403+0000] {processor.py:183} INFO - Processing /home/airflow/.local/lib/python3.12/site-packages/airflow/example_dags/example_xcomargs.py took 0.113 seconds
[2024-07-23T02:08:08.982+0000] {processor.py:161} INFO - Started process (PID=1196) to work on /home/airflow/.local/lib/python3.12/site-packages/airflow/example_dags/example_xcomargs.py
[2024-07-23T02:08:08.983+0000] {processor.py:830} INFO - Processing file /home/airflow/.local/lib/python3.12/site-packages/airflow/example_dags/example_xcomargs.py for tasks to queue
[2024-07-23T02:08:08.985+0000] {logging_mixin.py:188} INFO - [2024-07-23T02:08:08.985+0000] {dagbag.py:545} INFO - Filling up the DagBag from /home/airflow/.local/lib/python3.12/site-packages/airflow/example_dags/example_xcomargs.py
[2024-07-23T02:08:08.994+0000] {processor.py:840} INFO - DAG(s) 'example_xcom_args_with_operators', 'example_xcom_args' retrieved from /home/airflow/.local/lib/python3.12/site-packages/airflow/example_dags/example_xcomargs.py
[2024-07-23T02:08:09.023+0000] {logging_mixin.py:188} INFO - [2024-07-23T02:08:09.023+0000] {dag.py:3089} INFO - Sync 2 DAGs
[2024-07-23T02:08:09.042+0000] {logging_mixin.py:188} INFO - [2024-07-23T02:08:09.042+0000] {dag.py:3947} INFO - Setting next_dagrun for example_xcom_args to None, run_after=None
[2024-07-23T02:08:09.046+0000] {logging_mixin.py:188} INFO - [2024-07-23T02:08:09.046+0000] {dag.py:3947} INFO - Setting next_dagrun for example_xcom_args_with_operators to None, run_after=None
[2024-07-23T02:08:09.067+0000] {processor.py:183} INFO - Processing /home/airflow/.local/lib/python3.12/site-packages/airflow/example_dags/example_xcomargs.py took 0.092 seconds
[2024-07-23T02:08:39.774+0000] {processor.py:161} INFO - Started process (PID=1254) to work on /home/airflow/.local/lib/python3.12/site-packages/airflow/example_dags/example_xcomargs.py
[2024-07-23T02:08:39.775+0000] {processor.py:830} INFO - Processing file /home/airflow/.local/lib/python3.12/site-packages/airflow/example_dags/example_xcomargs.py for tasks to queue
[2024-07-23T02:08:39.777+0000] {logging_mixin.py:188} INFO - [2024-07-23T02:08:39.777+0000] {dagbag.py:545} INFO - Filling up the DagBag from /home/airflow/.local/lib/python3.12/site-packages/airflow/example_dags/example_xcomargs.py
[2024-07-23T02:08:39.787+0000] {processor.py:840} INFO - DAG(s) 'example_xcom_args', 'example_xcom_args_with_operators' retrieved from /home/airflow/.local/lib/python3.12/site-packages/airflow/example_dags/example_xcomargs.py
[2024-07-23T02:08:39.817+0000] {logging_mixin.py:188} INFO - [2024-07-23T02:08:39.817+0000] {dag.py:3089} INFO - Sync 2 DAGs
[2024-07-23T02:08:39.833+0000] {logging_mixin.py:188} INFO - [2024-07-23T02:08:39.832+0000] {dag.py:3947} INFO - Setting next_dagrun for example_xcom_args to None, run_after=None
[2024-07-23T02:08:39.838+0000] {logging_mixin.py:188} INFO - [2024-07-23T02:08:39.838+0000] {dag.py:3947} INFO - Setting next_dagrun for example_xcom_args_with_operators to None, run_after=None
[2024-07-23T02:08:39.869+0000] {processor.py:183} INFO - Processing /home/airflow/.local/lib/python3.12/site-packages/airflow/example_dags/example_xcomargs.py took 0.102 seconds
[2024-07-23T02:09:10.607+0000] {processor.py:161} INFO - Started process (PID=1313) to work on /home/airflow/.local/lib/python3.12/site-packages/airflow/example_dags/example_xcomargs.py
[2024-07-23T02:09:10.609+0000] {processor.py:830} INFO - Processing file /home/airflow/.local/lib/python3.12/site-packages/airflow/example_dags/example_xcomargs.py for tasks to queue
[2024-07-23T02:09:10.612+0000] {logging_mixin.py:188} INFO - [2024-07-23T02:09:10.611+0000] {dagbag.py:545} INFO - Filling up the DagBag from /home/airflow/.local/lib/python3.12/site-packages/airflow/example_dags/example_xcomargs.py
[2024-07-23T02:09:10.627+0000] {processor.py:840} INFO - DAG(s) 'example_xcom_args', 'example_xcom_args_with_operators' retrieved from /home/airflow/.local/lib/python3.12/site-packages/airflow/example_dags/example_xcomargs.py
[2024-07-23T02:09:10.660+0000] {logging_mixin.py:188} INFO - [2024-07-23T02:09:10.659+0000] {dag.py:3089} INFO - Sync 2 DAGs
[2024-07-23T02:09:10.684+0000] {logging_mixin.py:188} INFO - [2024-07-23T02:09:10.684+0000] {dag.py:3947} INFO - Setting next_dagrun for example_xcom_args to None, run_after=None
[2024-07-23T02:09:10.691+0000] {logging_mixin.py:188} INFO - [2024-07-23T02:09:10.691+0000] {dag.py:3947} INFO - Setting next_dagrun for example_xcom_args_with_operators to None, run_after=None
[2024-07-23T02:09:10.714+0000] {processor.py:183} INFO - Processing /home/airflow/.local/lib/python3.12/site-packages/airflow/example_dags/example_xcomargs.py took 0.114 seconds
[2024-07-23T02:09:41.041+0000] {processor.py:161} INFO - Started process (PID=1371) to work on /home/airflow/.local/lib/python3.12/site-packages/airflow/example_dags/example_xcomargs.py
[2024-07-23T02:09:41.041+0000] {processor.py:830} INFO - Processing file /home/airflow/.local/lib/python3.12/site-packages/airflow/example_dags/example_xcomargs.py for tasks to queue
[2024-07-23T02:09:41.043+0000] {logging_mixin.py:188} INFO - [2024-07-23T02:09:41.043+0000] {dagbag.py:545} INFO - Filling up the DagBag from /home/airflow/.local/lib/python3.12/site-packages/airflow/example_dags/example_xcomargs.py
[2024-07-23T02:09:41.052+0000] {processor.py:840} INFO - DAG(s) 'example_xcom_args_with_operators', 'example_xcom_args' retrieved from /home/airflow/.local/lib/python3.12/site-packages/airflow/example_dags/example_xcomargs.py
[2024-07-23T02:09:41.078+0000] {logging_mixin.py:188} INFO - [2024-07-23T02:09:41.077+0000] {dag.py:3089} INFO - Sync 2 DAGs
[2024-07-23T02:09:41.094+0000] {logging_mixin.py:188} INFO - [2024-07-23T02:09:41.094+0000] {dag.py:3947} INFO - Setting next_dagrun for example_xcom_args to None, run_after=None
[2024-07-23T02:09:41.099+0000] {logging_mixin.py:188} INFO - [2024-07-23T02:09:41.099+0000] {dag.py:3947} INFO - Setting next_dagrun for example_xcom_args_with_operators to None, run_after=None
[2024-07-23T02:09:41.120+0000] {processor.py:183} INFO - Processing /home/airflow/.local/lib/python3.12/site-packages/airflow/example_dags/example_xcomargs.py took 0.086 seconds
[2024-07-23T02:10:11.844+0000] {processor.py:161} INFO - Started process (PID=1430) to work on /home/airflow/.local/lib/python3.12/site-packages/airflow/example_dags/example_xcomargs.py
[2024-07-23T02:10:11.845+0000] {processor.py:830} INFO - Processing file /home/airflow/.local/lib/python3.12/site-packages/airflow/example_dags/example_xcomargs.py for tasks to queue
[2024-07-23T02:10:11.847+0000] {logging_mixin.py:188} INFO - [2024-07-23T02:10:11.846+0000] {dagbag.py:545} INFO - Filling up the DagBag from /home/airflow/.local/lib/python3.12/site-packages/airflow/example_dags/example_xcomargs.py
[2024-07-23T02:10:11.856+0000] {processor.py:840} INFO - DAG(s) 'example_xcom_args', 'example_xcom_args_with_operators' retrieved from /home/airflow/.local/lib/python3.12/site-packages/airflow/example_dags/example_xcomargs.py
[2024-07-23T02:10:11.886+0000] {logging_mixin.py:188} INFO - [2024-07-23T02:10:11.886+0000] {dag.py:3089} INFO - Sync 2 DAGs
[2024-07-23T02:10:11.906+0000] {logging_mixin.py:188} INFO - [2024-07-23T02:10:11.906+0000] {dag.py:3947} INFO - Setting next_dagrun for example_xcom_args to None, run_after=None
[2024-07-23T02:10:11.911+0000] {logging_mixin.py:188} INFO - [2024-07-23T02:10:11.911+0000] {dag.py:3947} INFO - Setting next_dagrun for example_xcom_args_with_operators to None, run_after=None
[2024-07-23T02:10:11.936+0000] {processor.py:183} INFO - Processing /home/airflow/.local/lib/python3.12/site-packages/airflow/example_dags/example_xcomargs.py took 0.100 seconds
[2024-07-23T02:10:42.028+0000] {processor.py:161} INFO - Started process (PID=1488) to work on /home/airflow/.local/lib/python3.12/site-packages/airflow/example_dags/example_xcomargs.py
[2024-07-23T02:10:42.029+0000] {processor.py:830} INFO - Processing file /home/airflow/.local/lib/python3.12/site-packages/airflow/example_dags/example_xcomargs.py for tasks to queue
[2024-07-23T02:10:42.031+0000] {logging_mixin.py:188} INFO - [2024-07-23T02:10:42.030+0000] {dagbag.py:545} INFO - Filling up the DagBag from /home/airflow/.local/lib/python3.12/site-packages/airflow/example_dags/example_xcomargs.py
[2024-07-23T02:10:42.041+0000] {processor.py:840} INFO - DAG(s) 'example_xcom_args', 'example_xcom_args_with_operators' retrieved from /home/airflow/.local/lib/python3.12/site-packages/airflow/example_dags/example_xcomargs.py
[2024-07-23T02:10:42.071+0000] {logging_mixin.py:188} INFO - [2024-07-23T02:10:42.071+0000] {dag.py:3089} INFO - Sync 2 DAGs
[2024-07-23T02:10:42.087+0000] {logging_mixin.py:188} INFO - [2024-07-23T02:10:42.087+0000] {dag.py:3947} INFO - Setting next_dagrun for example_xcom_args to None, run_after=None
[2024-07-23T02:10:42.092+0000] {logging_mixin.py:188} INFO - [2024-07-23T02:10:42.092+0000] {dag.py:3947} INFO - Setting next_dagrun for example_xcom_args_with_operators to None, run_after=None
[2024-07-23T02:10:42.119+0000] {processor.py:183} INFO - Processing /home/airflow/.local/lib/python3.12/site-packages/airflow/example_dags/example_xcomargs.py took 0.098 seconds
[2024-07-23T02:11:12.537+0000] {processor.py:161} INFO - Started process (PID=1547) to work on /home/airflow/.local/lib/python3.12/site-packages/airflow/example_dags/example_xcomargs.py
[2024-07-23T02:11:12.539+0000] {processor.py:830} INFO - Processing file /home/airflow/.local/lib/python3.12/site-packages/airflow/example_dags/example_xcomargs.py for tasks to queue
[2024-07-23T02:11:12.541+0000] {logging_mixin.py:188} INFO - [2024-07-23T02:11:12.541+0000] {dagbag.py:545} INFO - Filling up the DagBag from /home/airflow/.local/lib/python3.12/site-packages/airflow/example_dags/example_xcomargs.py
[2024-07-23T02:11:12.551+0000] {processor.py:840} INFO - DAG(s) 'example_xcom_args_with_operators', 'example_xcom_args' retrieved from /home/airflow/.local/lib/python3.12/site-packages/airflow/example_dags/example_xcomargs.py
[2024-07-23T02:11:12.587+0000] {logging_mixin.py:188} INFO - [2024-07-23T02:11:12.586+0000] {dag.py:3089} INFO - Sync 2 DAGs
[2024-07-23T02:11:12.611+0000] {logging_mixin.py:188} INFO - [2024-07-23T02:11:12.611+0000] {dag.py:3947} INFO - Setting next_dagrun for example_xcom_args to None, run_after=None
[2024-07-23T02:11:12.616+0000] {logging_mixin.py:188} INFO - [2024-07-23T02:11:12.616+0000] {dag.py:3947} INFO - Setting next_dagrun for example_xcom_args_with_operators to None, run_after=None
[2024-07-23T02:11:12.638+0000] {processor.py:183} INFO - Processing /home/airflow/.local/lib/python3.12/site-packages/airflow/example_dags/example_xcomargs.py took 0.109 seconds
[2024-07-23T02:11:42.701+0000] {processor.py:161} INFO - Started process (PID=1605) to work on /home/airflow/.local/lib/python3.12/site-packages/airflow/example_dags/example_xcomargs.py
[2024-07-23T02:11:42.702+0000] {processor.py:830} INFO - Processing file /home/airflow/.local/lib/python3.12/site-packages/airflow/example_dags/example_xcomargs.py for tasks to queue
[2024-07-23T02:11:42.704+0000] {logging_mixin.py:188} INFO - [2024-07-23T02:11:42.703+0000] {dagbag.py:545} INFO - Filling up the DagBag from /home/airflow/.local/lib/python3.12/site-packages/airflow/example_dags/example_xcomargs.py
[2024-07-23T02:11:42.712+0000] {processor.py:840} INFO - DAG(s) 'example_xcom_args_with_operators', 'example_xcom_args' retrieved from /home/airflow/.local/lib/python3.12/site-packages/airflow/example_dags/example_xcomargs.py
[2024-07-23T02:11:42.739+0000] {logging_mixin.py:188} INFO - [2024-07-23T02:11:42.738+0000] {dag.py:3089} INFO - Sync 2 DAGs
[2024-07-23T02:11:42.752+0000] {logging_mixin.py:188} INFO - [2024-07-23T02:11:42.752+0000] {dag.py:3947} INFO - Setting next_dagrun for example_xcom_args to None, run_after=None
[2024-07-23T02:11:42.756+0000] {logging_mixin.py:188} INFO - [2024-07-23T02:11:42.756+0000] {dag.py:3947} INFO - Setting next_dagrun for example_xcom_args_with_operators to None, run_after=None
[2024-07-23T02:11:42.782+0000] {processor.py:183} INFO - Processing /home/airflow/.local/lib/python3.12/site-packages/airflow/example_dags/example_xcomargs.py took 0.088 seconds
[2024-07-23T02:12:12.966+0000] {processor.py:161} INFO - Started process (PID=1664) to work on /home/airflow/.local/lib/python3.12/site-packages/airflow/example_dags/example_xcomargs.py
[2024-07-23T02:12:12.967+0000] {processor.py:830} INFO - Processing file /home/airflow/.local/lib/python3.12/site-packages/airflow/example_dags/example_xcomargs.py for tasks to queue
[2024-07-23T02:12:12.969+0000] {logging_mixin.py:188} INFO - [2024-07-23T02:12:12.969+0000] {dagbag.py:545} INFO - Filling up the DagBag from /home/airflow/.local/lib/python3.12/site-packages/airflow/example_dags/example_xcomargs.py
[2024-07-23T02:12:12.977+0000] {processor.py:840} INFO - DAG(s) 'example_xcom_args_with_operators', 'example_xcom_args' retrieved from /home/airflow/.local/lib/python3.12/site-packages/airflow/example_dags/example_xcomargs.py
[2024-07-23T02:12:13.004+0000] {logging_mixin.py:188} INFO - [2024-07-23T02:12:13.003+0000] {dag.py:3089} INFO - Sync 2 DAGs
[2024-07-23T02:12:13.017+0000] {logging_mixin.py:188} INFO - [2024-07-23T02:12:13.017+0000] {dag.py:3947} INFO - Setting next_dagrun for example_xcom_args to None, run_after=None
[2024-07-23T02:12:13.021+0000] {logging_mixin.py:188} INFO - [2024-07-23T02:12:13.021+0000] {dag.py:3947} INFO - Setting next_dagrun for example_xcom_args_with_operators to None, run_after=None
[2024-07-23T02:12:13.042+0000] {processor.py:183} INFO - Processing /home/airflow/.local/lib/python3.12/site-packages/airflow/example_dags/example_xcomargs.py took 0.082 seconds
[2024-07-23T02:12:43.351+0000] {processor.py:161} INFO - Started process (PID=1724) to work on /home/airflow/.local/lib/python3.12/site-packages/airflow/example_dags/example_xcomargs.py
[2024-07-23T02:12:43.352+0000] {processor.py:830} INFO - Processing file /home/airflow/.local/lib/python3.12/site-packages/airflow/example_dags/example_xcomargs.py for tasks to queue
[2024-07-23T02:12:43.354+0000] {logging_mixin.py:188} INFO - [2024-07-23T02:12:43.354+0000] {dagbag.py:545} INFO - Filling up the DagBag from /home/airflow/.local/lib/python3.12/site-packages/airflow/example_dags/example_xcomargs.py
[2024-07-23T02:12:43.363+0000] {processor.py:840} INFO - DAG(s) 'example_xcom_args', 'example_xcom_args_with_operators' retrieved from /home/airflow/.local/lib/python3.12/site-packages/airflow/example_dags/example_xcomargs.py
[2024-07-23T02:12:43.390+0000] {logging_mixin.py:188} INFO - [2024-07-23T02:12:43.389+0000] {dag.py:3089} INFO - Sync 2 DAGs
[2024-07-23T02:12:43.403+0000] {logging_mixin.py:188} INFO - [2024-07-23T02:12:43.403+0000] {dag.py:3947} INFO - Setting next_dagrun for example_xcom_args to None, run_after=None
[2024-07-23T02:12:43.408+0000] {logging_mixin.py:188} INFO - [2024-07-23T02:12:43.407+0000] {dag.py:3947} INFO - Setting next_dagrun for example_xcom_args_with_operators to None, run_after=None
[2024-07-23T02:12:43.430+0000] {processor.py:183} INFO - Processing /home/airflow/.local/lib/python3.12/site-packages/airflow/example_dags/example_xcomargs.py took 0.084 seconds
[2024-07-23T02:13:13.625+0000] {processor.py:161} INFO - Started process (PID=1783) to work on /home/airflow/.local/lib/python3.12/site-packages/airflow/example_dags/example_xcomargs.py
[2024-07-23T02:13:13.627+0000] {processor.py:830} INFO - Processing file /home/airflow/.local/lib/python3.12/site-packages/airflow/example_dags/example_xcomargs.py for tasks to queue
[2024-07-23T02:13:13.629+0000] {logging_mixin.py:188} INFO - [2024-07-23T02:13:13.629+0000] {dagbag.py:545} INFO - Filling up the DagBag from /home/airflow/.local/lib/python3.12/site-packages/airflow/example_dags/example_xcomargs.py
[2024-07-23T02:13:13.641+0000] {processor.py:840} INFO - DAG(s) 'example_xcom_args_with_operators', 'example_xcom_args' retrieved from /home/airflow/.local/lib/python3.12/site-packages/airflow/example_dags/example_xcomargs.py
[2024-07-23T02:13:13.673+0000] {logging_mixin.py:188} INFO - [2024-07-23T02:13:13.673+0000] {dag.py:3089} INFO - Sync 2 DAGs
[2024-07-23T02:13:13.689+0000] {logging_mixin.py:188} INFO - [2024-07-23T02:13:13.689+0000] {dag.py:3947} INFO - Setting next_dagrun for example_xcom_args to None, run_after=None
[2024-07-23T02:13:13.696+0000] {logging_mixin.py:188} INFO - [2024-07-23T02:13:13.696+0000] {dag.py:3947} INFO - Setting next_dagrun for example_xcom_args_with_operators to None, run_after=None
[2024-07-23T02:13:13.723+0000] {processor.py:183} INFO - Processing /home/airflow/.local/lib/python3.12/site-packages/airflow/example_dags/example_xcomargs.py took 0.106 seconds
[2024-07-23T02:13:44.076+0000] {processor.py:161} INFO - Started process (PID=1851) to work on /home/airflow/.local/lib/python3.12/site-packages/airflow/example_dags/example_xcomargs.py
[2024-07-23T02:13:44.089+0000] {processor.py:830} INFO - Processing file /home/airflow/.local/lib/python3.12/site-packages/airflow/example_dags/example_xcomargs.py for tasks to queue
[2024-07-23T02:13:44.097+0000] {logging_mixin.py:188} INFO - [2024-07-23T02:13:44.093+0000] {dagbag.py:545} INFO - Filling up the DagBag from /home/airflow/.local/lib/python3.12/site-packages/airflow/example_dags/example_xcomargs.py
[2024-07-23T02:13:44.143+0000] {processor.py:840} INFO - DAG(s) 'example_xcom_args', 'example_xcom_args_with_operators' retrieved from /home/airflow/.local/lib/python3.12/site-packages/airflow/example_dags/example_xcomargs.py
[2024-07-23T02:13:44.253+0000] {logging_mixin.py:188} INFO - [2024-07-23T02:13:44.252+0000] {dag.py:3089} INFO - Sync 2 DAGs
[2024-07-23T02:13:44.299+0000] {logging_mixin.py:188} INFO - [2024-07-23T02:13:44.299+0000] {dag.py:3947} INFO - Setting next_dagrun for example_xcom_args to None, run_after=None
[2024-07-23T02:13:44.311+0000] {logging_mixin.py:188} INFO - [2024-07-23T02:13:44.311+0000] {dag.py:3947} INFO - Setting next_dagrun for example_xcom_args_with_operators to None, run_after=None
[2024-07-23T02:13:44.363+0000] {processor.py:183} INFO - Processing /home/airflow/.local/lib/python3.12/site-packages/airflow/example_dags/example_xcomargs.py took 0.310 seconds
[2024-07-23T02:14:14.932+0000] {processor.py:161} INFO - Started process (PID=1910) to work on /home/airflow/.local/lib/python3.12/site-packages/airflow/example_dags/example_xcomargs.py
[2024-07-23T02:14:14.934+0000] {processor.py:830} INFO - Processing file /home/airflow/.local/lib/python3.12/site-packages/airflow/example_dags/example_xcomargs.py for tasks to queue
[2024-07-23T02:14:14.936+0000] {logging_mixin.py:188} INFO - [2024-07-23T02:14:14.936+0000] {dagbag.py:545} INFO - Filling up the DagBag from /home/airflow/.local/lib/python3.12/site-packages/airflow/example_dags/example_xcomargs.py
[2024-07-23T02:14:14.945+0000] {processor.py:840} INFO - DAG(s) 'example_xcom_args', 'example_xcom_args_with_operators' retrieved from /home/airflow/.local/lib/python3.12/site-packages/airflow/example_dags/example_xcomargs.py
[2024-07-23T02:14:14.976+0000] {logging_mixin.py:188} INFO - [2024-07-23T02:14:14.976+0000] {dag.py:3089} INFO - Sync 2 DAGs
[2024-07-23T02:14:14.995+0000] {logging_mixin.py:188} INFO - [2024-07-23T02:14:14.994+0000] {dag.py:3947} INFO - Setting next_dagrun for example_xcom_args to None, run_after=None
[2024-07-23T02:14:15.001+0000] {logging_mixin.py:188} INFO - [2024-07-23T02:14:15.000+0000] {dag.py:3947} INFO - Setting next_dagrun for example_xcom_args_with_operators to None, run_after=None
[2024-07-23T02:14:15.030+0000] {processor.py:183} INFO - Processing /home/airflow/.local/lib/python3.12/site-packages/airflow/example_dags/example_xcomargs.py took 0.107 seconds
[2024-07-23T02:14:45.655+0000] {processor.py:161} INFO - Started process (PID=1969) to work on /home/airflow/.local/lib/python3.12/site-packages/airflow/example_dags/example_xcomargs.py
[2024-07-23T02:14:45.657+0000] {processor.py:830} INFO - Processing file /home/airflow/.local/lib/python3.12/site-packages/airflow/example_dags/example_xcomargs.py for tasks to queue
[2024-07-23T02:14:45.659+0000] {logging_mixin.py:188} INFO - [2024-07-23T02:14:45.658+0000] {dagbag.py:545} INFO - Filling up the DagBag from /home/airflow/.local/lib/python3.12/site-packages/airflow/example_dags/example_xcomargs.py
[2024-07-23T02:14:45.670+0000] {processor.py:840} INFO - DAG(s) 'example_xcom_args_with_operators', 'example_xcom_args' retrieved from /home/airflow/.local/lib/python3.12/site-packages/airflow/example_dags/example_xcomargs.py
[2024-07-23T02:14:45.704+0000] {logging_mixin.py:188} INFO - [2024-07-23T02:14:45.704+0000] {dag.py:3089} INFO - Sync 2 DAGs
[2024-07-23T02:14:45.900+0000] {logging_mixin.py:188} INFO - [2024-07-23T02:14:45.900+0000] {dag.py:3947} INFO - Setting next_dagrun for example_xcom_args to None, run_after=None
[2024-07-23T02:14:45.905+0000] {logging_mixin.py:188} INFO - [2024-07-23T02:14:45.904+0000] {dag.py:3947} INFO - Setting next_dagrun for example_xcom_args_with_operators to None, run_after=None
[2024-07-23T02:14:45.926+0000] {processor.py:183} INFO - Processing /home/airflow/.local/lib/python3.12/site-packages/airflow/example_dags/example_xcomargs.py took 0.278 seconds
[2024-07-23T02:15:16.036+0000] {processor.py:161} INFO - Started process (PID=2028) to work on /home/airflow/.local/lib/python3.12/site-packages/airflow/example_dags/example_xcomargs.py
[2024-07-23T02:15:16.039+0000] {processor.py:830} INFO - Processing file /home/airflow/.local/lib/python3.12/site-packages/airflow/example_dags/example_xcomargs.py for tasks to queue
[2024-07-23T02:15:16.047+0000] {logging_mixin.py:188} INFO - [2024-07-23T02:15:16.045+0000] {dagbag.py:545} INFO - Filling up the DagBag from /home/airflow/.local/lib/python3.12/site-packages/airflow/example_dags/example_xcomargs.py
[2024-07-23T02:15:16.080+0000] {processor.py:840} INFO - DAG(s) 'example_xcom_args_with_operators', 'example_xcom_args' retrieved from /home/airflow/.local/lib/python3.12/site-packages/airflow/example_dags/example_xcomargs.py
[2024-07-23T02:15:16.191+0000] {logging_mixin.py:188} INFO - [2024-07-23T02:15:16.190+0000] {dag.py:3089} INFO - Sync 2 DAGs
[2024-07-23T02:15:16.250+0000] {logging_mixin.py:188} INFO - [2024-07-23T02:15:16.249+0000] {dag.py:3947} INFO - Setting next_dagrun for example_xcom_args to None, run_after=None
[2024-07-23T02:15:16.266+0000] {logging_mixin.py:188} INFO - [2024-07-23T02:15:16.265+0000] {dag.py:3947} INFO - Setting next_dagrun for example_xcom_args_with_operators to None, run_after=None
[2024-07-23T02:15:16.335+0000] {processor.py:183} INFO - Processing /home/airflow/.local/lib/python3.12/site-packages/airflow/example_dags/example_xcomargs.py took 0.323 seconds
[2024-07-23T02:15:46.625+0000] {processor.py:161} INFO - Started process (PID=2085) to work on /home/airflow/.local/lib/python3.12/site-packages/airflow/example_dags/example_xcomargs.py
[2024-07-23T02:15:46.629+0000] {processor.py:830} INFO - Processing file /home/airflow/.local/lib/python3.12/site-packages/airflow/example_dags/example_xcomargs.py for tasks to queue
[2024-07-23T02:15:46.635+0000] {logging_mixin.py:188} INFO - [2024-07-23T02:15:46.634+0000] {dagbag.py:545} INFO - Filling up the DagBag from /home/airflow/.local/lib/python3.12/site-packages/airflow/example_dags/example_xcomargs.py
[2024-07-23T02:15:46.670+0000] {processor.py:840} INFO - DAG(s) 'example_xcom_args_with_operators', 'example_xcom_args' retrieved from /home/airflow/.local/lib/python3.12/site-packages/airflow/example_dags/example_xcomargs.py
[2024-07-23T02:15:46.770+0000] {logging_mixin.py:188} INFO - [2024-07-23T02:15:46.769+0000] {dag.py:3089} INFO - Sync 2 DAGs
[2024-07-23T02:15:46.840+0000] {logging_mixin.py:188} INFO - [2024-07-23T02:15:46.838+0000] {dag.py:3947} INFO - Setting next_dagrun for example_xcom_args to None, run_after=None
[2024-07-23T02:15:46.860+0000] {logging_mixin.py:188} INFO - [2024-07-23T02:15:46.859+0000] {dag.py:3947} INFO - Setting next_dagrun for example_xcom_args_with_operators to None, run_after=None
[2024-07-23T02:15:46.942+0000] {processor.py:183} INFO - Processing /home/airflow/.local/lib/python3.12/site-packages/airflow/example_dags/example_xcomargs.py took 0.343 seconds
[2024-07-23T02:16:17.543+0000] {processor.py:161} INFO - Started process (PID=2145) to work on /home/airflow/.local/lib/python3.12/site-packages/airflow/example_dags/example_xcomargs.py
[2024-07-23T02:16:17.547+0000] {processor.py:830} INFO - Processing file /home/airflow/.local/lib/python3.12/site-packages/airflow/example_dags/example_xcomargs.py for tasks to queue
[2024-07-23T02:16:17.556+0000] {logging_mixin.py:188} INFO - [2024-07-23T02:16:17.554+0000] {dagbag.py:545} INFO - Filling up the DagBag from /home/airflow/.local/lib/python3.12/site-packages/airflow/example_dags/example_xcomargs.py
[2024-07-23T02:16:17.601+0000] {processor.py:840} INFO - DAG(s) 'example_xcom_args', 'example_xcom_args_with_operators' retrieved from /home/airflow/.local/lib/python3.12/site-packages/airflow/example_dags/example_xcomargs.py
[2024-07-23T02:16:17.730+0000] {logging_mixin.py:188} INFO - [2024-07-23T02:16:17.729+0000] {dag.py:3089} INFO - Sync 2 DAGs
[2024-07-23T02:16:17.806+0000] {logging_mixin.py:188} INFO - [2024-07-23T02:16:17.805+0000] {dag.py:3947} INFO - Setting next_dagrun for example_xcom_args to None, run_after=None
[2024-07-23T02:16:17.828+0000] {logging_mixin.py:188} INFO - [2024-07-23T02:16:17.827+0000] {dag.py:3947} INFO - Setting next_dagrun for example_xcom_args_with_operators to None, run_after=None
[2024-07-23T02:16:17.903+0000] {processor.py:183} INFO - Processing /home/airflow/.local/lib/python3.12/site-packages/airflow/example_dags/example_xcomargs.py took 0.392 seconds
[2024-07-23T02:16:49.902+0000] {processor.py:161} INFO - Started process (PID=2213) to work on /home/airflow/.local/lib/python3.12/site-packages/airflow/example_dags/example_xcomargs.py
[2024-07-23T02:16:49.906+0000] {processor.py:830} INFO - Processing file /home/airflow/.local/lib/python3.12/site-packages/airflow/example_dags/example_xcomargs.py for tasks to queue
[2024-07-23T02:16:49.916+0000] {logging_mixin.py:188} INFO - [2024-07-23T02:16:49.914+0000] {dagbag.py:545} INFO - Filling up the DagBag from /home/airflow/.local/lib/python3.12/site-packages/airflow/example_dags/example_xcomargs.py
[2024-07-23T02:16:49.975+0000] {processor.py:840} INFO - DAG(s) 'example_xcom_args_with_operators', 'example_xcom_args' retrieved from /home/airflow/.local/lib/python3.12/site-packages/airflow/example_dags/example_xcomargs.py
[2024-07-23T02:16:50.172+0000] {logging_mixin.py:188} INFO - [2024-07-23T02:16:50.166+0000] {dag.py:3089} INFO - Sync 2 DAGs
[2024-07-23T02:16:50.285+0000] {logging_mixin.py:188} INFO - [2024-07-23T02:16:50.284+0000] {dag.py:3947} INFO - Setting next_dagrun for example_xcom_args to None, run_after=None
[2024-07-23T02:16:50.308+0000] {logging_mixin.py:188} INFO - [2024-07-23T02:16:50.307+0000] {dag.py:3947} INFO - Setting next_dagrun for example_xcom_args_with_operators to None, run_after=None
[2024-07-23T02:16:50.427+0000] {processor.py:183} INFO - Processing /home/airflow/.local/lib/python3.12/site-packages/airflow/example_dags/example_xcomargs.py took 0.562 seconds
[2024-07-23T02:17:20.856+0000] {processor.py:161} INFO - Started process (PID=2272) to work on /home/airflow/.local/lib/python3.12/site-packages/airflow/example_dags/example_xcomargs.py
[2024-07-23T02:17:20.860+0000] {processor.py:830} INFO - Processing file /home/airflow/.local/lib/python3.12/site-packages/airflow/example_dags/example_xcomargs.py for tasks to queue
[2024-07-23T02:17:20.870+0000] {logging_mixin.py:188} INFO - [2024-07-23T02:17:20.868+0000] {dagbag.py:545} INFO - Filling up the DagBag from /home/airflow/.local/lib/python3.12/site-packages/airflow/example_dags/example_xcomargs.py
[2024-07-23T02:17:20.918+0000] {processor.py:840} INFO - DAG(s) 'example_xcom_args_with_operators', 'example_xcom_args' retrieved from /home/airflow/.local/lib/python3.12/site-packages/airflow/example_dags/example_xcomargs.py
[2024-07-23T02:17:21.033+0000] {logging_mixin.py:188} INFO - [2024-07-23T02:17:21.032+0000] {dag.py:3089} INFO - Sync 2 DAGs
[2024-07-23T02:17:21.107+0000] {logging_mixin.py:188} INFO - [2024-07-23T02:17:21.106+0000] {dag.py:3947} INFO - Setting next_dagrun for example_xcom_args to None, run_after=None
[2024-07-23T02:17:21.128+0000] {logging_mixin.py:188} INFO - [2024-07-23T02:17:21.127+0000] {dag.py:3947} INFO - Setting next_dagrun for example_xcom_args_with_operators to None, run_after=None
[2024-07-23T02:17:21.214+0000] {processor.py:183} INFO - Processing /home/airflow/.local/lib/python3.12/site-packages/airflow/example_dags/example_xcomargs.py took 0.389 seconds
[2024-07-23T02:17:52.468+0000] {processor.py:161} INFO - Started process (PID=2331) to work on /home/airflow/.local/lib/python3.12/site-packages/airflow/example_dags/example_xcomargs.py
[2024-07-23T02:17:52.472+0000] {processor.py:830} INFO - Processing file /home/airflow/.local/lib/python3.12/site-packages/airflow/example_dags/example_xcomargs.py for tasks to queue
[2024-07-23T02:17:52.480+0000] {logging_mixin.py:188} INFO - [2024-07-23T02:17:52.478+0000] {dagbag.py:545} INFO - Filling up the DagBag from /home/airflow/.local/lib/python3.12/site-packages/airflow/example_dags/example_xcomargs.py
[2024-07-23T02:17:52.530+0000] {processor.py:840} INFO - DAG(s) 'example_xcom_args', 'example_xcom_args_with_operators' retrieved from /home/airflow/.local/lib/python3.12/site-packages/airflow/example_dags/example_xcomargs.py
[2024-07-23T02:17:52.659+0000] {logging_mixin.py:188} INFO - [2024-07-23T02:17:52.658+0000] {dag.py:3089} INFO - Sync 2 DAGs
[2024-07-23T02:17:52.725+0000] {logging_mixin.py:188} INFO - [2024-07-23T02:17:52.724+0000] {dag.py:3947} INFO - Setting next_dagrun for example_xcom_args to None, run_after=None
[2024-07-23T02:17:52.744+0000] {logging_mixin.py:188} INFO - [2024-07-23T02:17:52.743+0000] {dag.py:3947} INFO - Setting next_dagrun for example_xcom_args_with_operators to None, run_after=None
[2024-07-23T02:17:52.831+0000] {processor.py:183} INFO - Processing /home/airflow/.local/lib/python3.12/site-packages/airflow/example_dags/example_xcomargs.py took 0.393 seconds
[2024-07-23T02:18:23.409+0000] {processor.py:161} INFO - Started process (PID=2390) to work on /home/airflow/.local/lib/python3.12/site-packages/airflow/example_dags/example_xcomargs.py
[2024-07-23T02:18:23.416+0000] {processor.py:830} INFO - Processing file /home/airflow/.local/lib/python3.12/site-packages/airflow/example_dags/example_xcomargs.py for tasks to queue
[2024-07-23T02:18:23.425+0000] {logging_mixin.py:188} INFO - [2024-07-23T02:18:23.423+0000] {dagbag.py:545} INFO - Filling up the DagBag from /home/airflow/.local/lib/python3.12/site-packages/airflow/example_dags/example_xcomargs.py
[2024-07-23T02:18:23.476+0000] {processor.py:840} INFO - DAG(s) 'example_xcom_args_with_operators', 'example_xcom_args' retrieved from /home/airflow/.local/lib/python3.12/site-packages/airflow/example_dags/example_xcomargs.py
[2024-07-23T02:18:23.613+0000] {logging_mixin.py:188} INFO - [2024-07-23T02:18:23.612+0000] {dag.py:3089} INFO - Sync 2 DAGs
[2024-07-23T02:18:23.712+0000] {logging_mixin.py:188} INFO - [2024-07-23T02:18:23.711+0000] {dag.py:3947} INFO - Setting next_dagrun for example_xcom_args to None, run_after=None
[2024-07-23T02:18:23.733+0000] {logging_mixin.py:188} INFO - [2024-07-23T02:18:23.732+0000] {dag.py:3947} INFO - Setting next_dagrun for example_xcom_args_with_operators to None, run_after=None
[2024-07-23T02:18:23.835+0000] {processor.py:183} INFO - Processing /home/airflow/.local/lib/python3.12/site-packages/airflow/example_dags/example_xcomargs.py took 0.470 seconds
[2024-07-23T02:18:54.202+0000] {processor.py:161} INFO - Started process (PID=2451) to work on /home/airflow/.local/lib/python3.12/site-packages/airflow/example_dags/example_xcomargs.py
[2024-07-23T02:18:54.206+0000] {processor.py:830} INFO - Processing file /home/airflow/.local/lib/python3.12/site-packages/airflow/example_dags/example_xcomargs.py for tasks to queue
[2024-07-23T02:18:54.214+0000] {logging_mixin.py:188} INFO - [2024-07-23T02:18:54.213+0000] {dagbag.py:545} INFO - Filling up the DagBag from /home/airflow/.local/lib/python3.12/site-packages/airflow/example_dags/example_xcomargs.py
[2024-07-23T02:18:54.255+0000] {processor.py:840} INFO - DAG(s) 'example_xcom_args_with_operators', 'example_xcom_args' retrieved from /home/airflow/.local/lib/python3.12/site-packages/airflow/example_dags/example_xcomargs.py
[2024-07-23T02:18:54.351+0000] {logging_mixin.py:188} INFO - [2024-07-23T02:18:54.350+0000] {dag.py:3089} INFO - Sync 2 DAGs
[2024-07-23T02:18:54.417+0000] {logging_mixin.py:188} INFO - [2024-07-23T02:18:54.416+0000] {dag.py:3947} INFO - Setting next_dagrun for example_xcom_args to None, run_after=None
[2024-07-23T02:18:54.439+0000] {logging_mixin.py:188} INFO - [2024-07-23T02:18:54.438+0000] {dag.py:3947} INFO - Setting next_dagrun for example_xcom_args_with_operators to None, run_after=None
[2024-07-23T02:18:54.589+0000] {processor.py:183} INFO - Processing /home/airflow/.local/lib/python3.12/site-packages/airflow/example_dags/example_xcomargs.py took 0.411 seconds
[2024-07-23T02:19:25.165+0000] {processor.py:161} INFO - Started process (PID=2510) to work on /home/airflow/.local/lib/python3.12/site-packages/airflow/example_dags/example_xcomargs.py
[2024-07-23T02:19:25.169+0000] {processor.py:830} INFO - Processing file /home/airflow/.local/lib/python3.12/site-packages/airflow/example_dags/example_xcomargs.py for tasks to queue
[2024-07-23T02:19:25.176+0000] {logging_mixin.py:188} INFO - [2024-07-23T02:19:25.174+0000] {dagbag.py:545} INFO - Filling up the DagBag from /home/airflow/.local/lib/python3.12/site-packages/airflow/example_dags/example_xcomargs.py
[2024-07-23T02:19:25.212+0000] {processor.py:840} INFO - DAG(s) 'example_xcom_args', 'example_xcom_args_with_operators' retrieved from /home/airflow/.local/lib/python3.12/site-packages/airflow/example_dags/example_xcomargs.py
[2024-07-23T02:19:25.319+0000] {logging_mixin.py:188} INFO - [2024-07-23T02:19:25.317+0000] {dag.py:3089} INFO - Sync 2 DAGs
[2024-07-23T02:19:25.374+0000] {logging_mixin.py:188} INFO - [2024-07-23T02:19:25.373+0000] {dag.py:3947} INFO - Setting next_dagrun for example_xcom_args to None, run_after=None
[2024-07-23T02:19:25.389+0000] {logging_mixin.py:188} INFO - [2024-07-23T02:19:25.388+0000] {dag.py:3947} INFO - Setting next_dagrun for example_xcom_args_with_operators to None, run_after=None
[2024-07-23T02:19:25.460+0000] {processor.py:183} INFO - Processing /home/airflow/.local/lib/python3.12/site-packages/airflow/example_dags/example_xcomargs.py took 0.320 seconds
[2024-07-23T02:19:56.637+0000] {processor.py:161} INFO - Started process (PID=2568) to work on /home/airflow/.local/lib/python3.12/site-packages/airflow/example_dags/example_xcomargs.py
[2024-07-23T02:19:56.638+0000] {processor.py:830} INFO - Processing file /home/airflow/.local/lib/python3.12/site-packages/airflow/example_dags/example_xcomargs.py for tasks to queue
[2024-07-23T02:19:56.640+0000] {logging_mixin.py:188} INFO - [2024-07-23T02:19:56.640+0000] {dagbag.py:545} INFO - Filling up the DagBag from /home/airflow/.local/lib/python3.12/site-packages/airflow/example_dags/example_xcomargs.py
[2024-07-23T02:19:56.653+0000] {processor.py:840} INFO - DAG(s) 'example_xcom_args_with_operators', 'example_xcom_args' retrieved from /home/airflow/.local/lib/python3.12/site-packages/airflow/example_dags/example_xcomargs.py
[2024-07-23T02:19:56.700+0000] {logging_mixin.py:188} INFO - [2024-07-23T02:19:56.699+0000] {dag.py:3089} INFO - Sync 2 DAGs
[2024-07-23T02:19:56.729+0000] {logging_mixin.py:188} INFO - [2024-07-23T02:19:56.728+0000] {dag.py:3947} INFO - Setting next_dagrun for example_xcom_args to None, run_after=None
[2024-07-23T02:19:56.737+0000] {logging_mixin.py:188} INFO - [2024-07-23T02:19:56.736+0000] {dag.py:3947} INFO - Setting next_dagrun for example_xcom_args_with_operators to None, run_after=None
[2024-07-23T02:19:56.769+0000] {processor.py:183} INFO - Processing /home/airflow/.local/lib/python3.12/site-packages/airflow/example_dags/example_xcomargs.py took 0.141 seconds
[2024-07-23T02:20:27.024+0000] {processor.py:161} INFO - Started process (PID=2627) to work on /home/airflow/.local/lib/python3.12/site-packages/airflow/example_dags/example_xcomargs.py
[2024-07-23T02:20:27.026+0000] {processor.py:830} INFO - Processing file /home/airflow/.local/lib/python3.12/site-packages/airflow/example_dags/example_xcomargs.py for tasks to queue
[2024-07-23T02:20:27.029+0000] {logging_mixin.py:188} INFO - [2024-07-23T02:20:27.028+0000] {dagbag.py:545} INFO - Filling up the DagBag from /home/airflow/.local/lib/python3.12/site-packages/airflow/example_dags/example_xcomargs.py
[2024-07-23T02:20:27.039+0000] {processor.py:840} INFO - DAG(s) 'example_xcom_args_with_operators', 'example_xcom_args' retrieved from /home/airflow/.local/lib/python3.12/site-packages/airflow/example_dags/example_xcomargs.py
[2024-07-23T02:20:27.072+0000] {logging_mixin.py:188} INFO - [2024-07-23T02:20:27.072+0000] {dag.py:3089} INFO - Sync 2 DAGs
[2024-07-23T02:20:27.091+0000] {logging_mixin.py:188} INFO - [2024-07-23T02:20:27.091+0000] {dag.py:3947} INFO - Setting next_dagrun for example_xcom_args to None, run_after=None
[2024-07-23T02:20:27.098+0000] {logging_mixin.py:188} INFO - [2024-07-23T02:20:27.098+0000] {dag.py:3947} INFO - Setting next_dagrun for example_xcom_args_with_operators to None, run_after=None
[2024-07-23T02:20:27.124+0000] {processor.py:183} INFO - Processing /home/airflow/.local/lib/python3.12/site-packages/airflow/example_dags/example_xcomargs.py took 0.107 seconds
[2024-07-23T02:20:57.183+0000] {processor.py:161} INFO - Started process (PID=2685) to work on /home/airflow/.local/lib/python3.12/site-packages/airflow/example_dags/example_xcomargs.py
[2024-07-23T02:20:57.184+0000] {processor.py:830} INFO - Processing file /home/airflow/.local/lib/python3.12/site-packages/airflow/example_dags/example_xcomargs.py for tasks to queue
[2024-07-23T02:20:57.186+0000] {logging_mixin.py:188} INFO - [2024-07-23T02:20:57.186+0000] {dagbag.py:545} INFO - Filling up the DagBag from /home/airflow/.local/lib/python3.12/site-packages/airflow/example_dags/example_xcomargs.py
[2024-07-23T02:20:57.197+0000] {processor.py:840} INFO - DAG(s) 'example_xcom_args', 'example_xcom_args_with_operators' retrieved from /home/airflow/.local/lib/python3.12/site-packages/airflow/example_dags/example_xcomargs.py
[2024-07-23T02:20:57.236+0000] {logging_mixin.py:188} INFO - [2024-07-23T02:20:57.235+0000] {dag.py:3089} INFO - Sync 2 DAGs
[2024-07-23T02:20:57.261+0000] {logging_mixin.py:188} INFO - [2024-07-23T02:20:57.261+0000] {dag.py:3947} INFO - Setting next_dagrun for example_xcom_args to None, run_after=None
[2024-07-23T02:20:57.266+0000] {logging_mixin.py:188} INFO - [2024-07-23T02:20:57.266+0000] {dag.py:3947} INFO - Setting next_dagrun for example_xcom_args_with_operators to None, run_after=None
[2024-07-23T02:20:57.292+0000] {processor.py:183} INFO - Processing /home/airflow/.local/lib/python3.12/site-packages/airflow/example_dags/example_xcomargs.py took 0.119 seconds
[2024-07-23T02:21:27.633+0000] {processor.py:161} INFO - Started process (PID=2744) to work on /home/airflow/.local/lib/python3.12/site-packages/airflow/example_dags/example_xcomargs.py
[2024-07-23T02:21:27.634+0000] {processor.py:830} INFO - Processing file /home/airflow/.local/lib/python3.12/site-packages/airflow/example_dags/example_xcomargs.py for tasks to queue
[2024-07-23T02:21:27.637+0000] {logging_mixin.py:188} INFO - [2024-07-23T02:21:27.636+0000] {dagbag.py:545} INFO - Filling up the DagBag from /home/airflow/.local/lib/python3.12/site-packages/airflow/example_dags/example_xcomargs.py
[2024-07-23T02:21:27.652+0000] {processor.py:840} INFO - DAG(s) 'example_xcom_args', 'example_xcom_args_with_operators' retrieved from /home/airflow/.local/lib/python3.12/site-packages/airflow/example_dags/example_xcomargs.py
[2024-07-23T02:21:27.693+0000] {logging_mixin.py:188} INFO - [2024-07-23T02:21:27.692+0000] {dag.py:3089} INFO - Sync 2 DAGs
[2024-07-23T02:21:27.717+0000] {logging_mixin.py:188} INFO - [2024-07-23T02:21:27.717+0000] {dag.py:3947} INFO - Setting next_dagrun for example_xcom_args to None, run_after=None
[2024-07-23T02:21:27.726+0000] {logging_mixin.py:188} INFO - [2024-07-23T02:21:27.726+0000] {dag.py:3947} INFO - Setting next_dagrun for example_xcom_args_with_operators to None, run_after=None
[2024-07-23T02:21:27.760+0000] {processor.py:183} INFO - Processing /home/airflow/.local/lib/python3.12/site-packages/airflow/example_dags/example_xcomargs.py took 0.136 seconds
[2024-07-23T02:21:57.889+0000] {processor.py:161} INFO - Started process (PID=2804) to work on /home/airflow/.local/lib/python3.12/site-packages/airflow/example_dags/example_xcomargs.py
[2024-07-23T02:21:57.890+0000] {processor.py:830} INFO - Processing file /home/airflow/.local/lib/python3.12/site-packages/airflow/example_dags/example_xcomargs.py for tasks to queue
[2024-07-23T02:21:57.892+0000] {logging_mixin.py:188} INFO - [2024-07-23T02:21:57.891+0000] {dagbag.py:545} INFO - Filling up the DagBag from /home/airflow/.local/lib/python3.12/site-packages/airflow/example_dags/example_xcomargs.py
[2024-07-23T02:21:57.903+0000] {processor.py:840} INFO - DAG(s) 'example_xcom_args', 'example_xcom_args_with_operators' retrieved from /home/airflow/.local/lib/python3.12/site-packages/airflow/example_dags/example_xcomargs.py
[2024-07-23T02:21:57.944+0000] {logging_mixin.py:188} INFO - [2024-07-23T02:21:57.944+0000] {dag.py:3089} INFO - Sync 2 DAGs
[2024-07-23T02:21:57.967+0000] {logging_mixin.py:188} INFO - [2024-07-23T02:21:57.967+0000] {dag.py:3947} INFO - Setting next_dagrun for example_xcom_args to None, run_after=None
[2024-07-23T02:21:57.974+0000] {logging_mixin.py:188} INFO - [2024-07-23T02:21:57.974+0000] {dag.py:3947} INFO - Setting next_dagrun for example_xcom_args_with_operators to None, run_after=None
[2024-07-23T02:21:58.002+0000] {processor.py:183} INFO - Processing /home/airflow/.local/lib/python3.12/site-packages/airflow/example_dags/example_xcomargs.py took 0.121 seconds
[2024-07-23T02:22:28.424+0000] {processor.py:161} INFO - Started process (PID=2863) to work on /home/airflow/.local/lib/python3.12/site-packages/airflow/example_dags/example_xcomargs.py
[2024-07-23T02:22:28.425+0000] {processor.py:830} INFO - Processing file /home/airflow/.local/lib/python3.12/site-packages/airflow/example_dags/example_xcomargs.py for tasks to queue
[2024-07-23T02:22:28.428+0000] {logging_mixin.py:188} INFO - [2024-07-23T02:22:28.427+0000] {dagbag.py:545} INFO - Filling up the DagBag from /home/airflow/.local/lib/python3.12/site-packages/airflow/example_dags/example_xcomargs.py
[2024-07-23T02:22:28.440+0000] {processor.py:840} INFO - DAG(s) 'example_xcom_args', 'example_xcom_args_with_operators' retrieved from /home/airflow/.local/lib/python3.12/site-packages/airflow/example_dags/example_xcomargs.py
[2024-07-23T02:22:28.473+0000] {logging_mixin.py:188} INFO - [2024-07-23T02:22:28.473+0000] {dag.py:3089} INFO - Sync 2 DAGs
[2024-07-23T02:22:28.490+0000] {logging_mixin.py:188} INFO - [2024-07-23T02:22:28.489+0000] {dag.py:3947} INFO - Setting next_dagrun for example_xcom_args to None, run_after=None
[2024-07-23T02:22:28.496+0000] {logging_mixin.py:188} INFO - [2024-07-23T02:22:28.495+0000] {dag.py:3947} INFO - Setting next_dagrun for example_xcom_args_with_operators to None, run_after=None
[2024-07-23T02:22:28.516+0000] {processor.py:183} INFO - Processing /home/airflow/.local/lib/python3.12/site-packages/airflow/example_dags/example_xcomargs.py took 0.100 seconds
[2024-07-23T02:22:58.656+0000] {processor.py:161} INFO - Started process (PID=2930) to work on /home/airflow/.local/lib/python3.12/site-packages/airflow/example_dags/example_xcomargs.py
[2024-07-23T02:22:58.657+0000] {processor.py:830} INFO - Processing file /home/airflow/.local/lib/python3.12/site-packages/airflow/example_dags/example_xcomargs.py for tasks to queue
[2024-07-23T02:22:58.660+0000] {logging_mixin.py:188} INFO - [2024-07-23T02:22:58.660+0000] {dagbag.py:545} INFO - Filling up the DagBag from /home/airflow/.local/lib/python3.12/site-packages/airflow/example_dags/example_xcomargs.py
[2024-07-23T02:22:58.677+0000] {processor.py:840} INFO - DAG(s) 'example_xcom_args', 'example_xcom_args_with_operators' retrieved from /home/airflow/.local/lib/python3.12/site-packages/airflow/example_dags/example_xcomargs.py
[2024-07-23T02:22:58.723+0000] {logging_mixin.py:188} INFO - [2024-07-23T02:22:58.722+0000] {dag.py:3089} INFO - Sync 2 DAGs
[2024-07-23T02:22:58.757+0000] {logging_mixin.py:188} INFO - [2024-07-23T02:22:58.756+0000] {dag.py:3947} INFO - Setting next_dagrun for example_xcom_args to None, run_after=None
[2024-07-23T02:22:58.766+0000] {logging_mixin.py:188} INFO - [2024-07-23T02:22:58.766+0000] {dag.py:3947} INFO - Setting next_dagrun for example_xcom_args_with_operators to None, run_after=None
[2024-07-23T02:22:58.801+0000] {processor.py:183} INFO - Processing /home/airflow/.local/lib/python3.12/site-packages/airflow/example_dags/example_xcomargs.py took 0.158 seconds
[2024-07-23T02:23:28.931+0000] {processor.py:161} INFO - Started process (PID=2988) to work on /home/airflow/.local/lib/python3.12/site-packages/airflow/example_dags/example_xcomargs.py
[2024-07-23T02:23:28.932+0000] {processor.py:830} INFO - Processing file /home/airflow/.local/lib/python3.12/site-packages/airflow/example_dags/example_xcomargs.py for tasks to queue
[2024-07-23T02:23:28.934+0000] {logging_mixin.py:188} INFO - [2024-07-23T02:23:28.934+0000] {dagbag.py:545} INFO - Filling up the DagBag from /home/airflow/.local/lib/python3.12/site-packages/airflow/example_dags/example_xcomargs.py
[2024-07-23T02:23:28.944+0000] {processor.py:840} INFO - DAG(s) 'example_xcom_args', 'example_xcom_args_with_operators' retrieved from /home/airflow/.local/lib/python3.12/site-packages/airflow/example_dags/example_xcomargs.py
[2024-07-23T02:23:28.974+0000] {logging_mixin.py:188} INFO - [2024-07-23T02:23:28.974+0000] {dag.py:3089} INFO - Sync 2 DAGs
[2024-07-23T02:23:28.993+0000] {logging_mixin.py:188} INFO - [2024-07-23T02:23:28.992+0000] {dag.py:3947} INFO - Setting next_dagrun for example_xcom_args to None, run_after=None
[2024-07-23T02:23:28.998+0000] {logging_mixin.py:188} INFO - [2024-07-23T02:23:28.998+0000] {dag.py:3947} INFO - Setting next_dagrun for example_xcom_args_with_operators to None, run_after=None
[2024-07-23T02:23:29.024+0000] {processor.py:183} INFO - Processing /home/airflow/.local/lib/python3.12/site-packages/airflow/example_dags/example_xcomargs.py took 0.100 seconds
[2024-07-23T02:23:59.489+0000] {processor.py:161} INFO - Started process (PID=3046) to work on /home/airflow/.local/lib/python3.12/site-packages/airflow/example_dags/example_xcomargs.py
[2024-07-23T02:23:59.493+0000] {processor.py:830} INFO - Processing file /home/airflow/.local/lib/python3.12/site-packages/airflow/example_dags/example_xcomargs.py for tasks to queue
[2024-07-23T02:23:59.499+0000] {logging_mixin.py:188} INFO - [2024-07-23T02:23:59.498+0000] {dagbag.py:545} INFO - Filling up the DagBag from /home/airflow/.local/lib/python3.12/site-packages/airflow/example_dags/example_xcomargs.py
[2024-07-23T02:23:59.530+0000] {processor.py:840} INFO - DAG(s) 'example_xcom_args', 'example_xcom_args_with_operators' retrieved from /home/airflow/.local/lib/python3.12/site-packages/airflow/example_dags/example_xcomargs.py
[2024-07-23T02:23:59.620+0000] {logging_mixin.py:188} INFO - [2024-07-23T02:23:59.619+0000] {dag.py:3089} INFO - Sync 2 DAGs
[2024-07-23T02:23:59.676+0000] {logging_mixin.py:188} INFO - [2024-07-23T02:23:59.675+0000] {dag.py:3947} INFO - Setting next_dagrun for example_xcom_args to None, run_after=None
[2024-07-23T02:23:59.694+0000] {logging_mixin.py:188} INFO - [2024-07-23T02:23:59.693+0000] {dag.py:3947} INFO - Setting next_dagrun for example_xcom_args_with_operators to None, run_after=None
[2024-07-23T02:23:59.794+0000] {processor.py:183} INFO - Processing /home/airflow/.local/lib/python3.12/site-packages/airflow/example_dags/example_xcomargs.py took 0.327 seconds
[2024-07-23T02:24:30.394+0000] {processor.py:161} INFO - Started process (PID=3111) to work on /home/airflow/.local/lib/python3.12/site-packages/airflow/example_dags/example_xcomargs.py
[2024-07-23T02:24:30.397+0000] {processor.py:830} INFO - Processing file /home/airflow/.local/lib/python3.12/site-packages/airflow/example_dags/example_xcomargs.py for tasks to queue
[2024-07-23T02:24:30.404+0000] {logging_mixin.py:188} INFO - [2024-07-23T02:24:30.403+0000] {dagbag.py:545} INFO - Filling up the DagBag from /home/airflow/.local/lib/python3.12/site-packages/airflow/example_dags/example_xcomargs.py
[2024-07-23T02:24:30.435+0000] {processor.py:840} INFO - DAG(s) 'example_xcom_args', 'example_xcom_args_with_operators' retrieved from /home/airflow/.local/lib/python3.12/site-packages/airflow/example_dags/example_xcomargs.py
[2024-07-23T02:24:30.531+0000] {logging_mixin.py:188} INFO - [2024-07-23T02:24:30.530+0000] {dag.py:3089} INFO - Sync 2 DAGs
[2024-07-23T02:24:30.605+0000] {logging_mixin.py:188} INFO - [2024-07-23T02:24:30.604+0000] {dag.py:3947} INFO - Setting next_dagrun for example_xcom_args to None, run_after=None
[2024-07-23T02:24:30.620+0000] {logging_mixin.py:188} INFO - [2024-07-23T02:24:30.619+0000] {dag.py:3947} INFO - Setting next_dagrun for example_xcom_args_with_operators to None, run_after=None
[2024-07-23T02:24:30.679+0000] {processor.py:183} INFO - Processing /home/airflow/.local/lib/python3.12/site-packages/airflow/example_dags/example_xcomargs.py took 0.311 seconds
[2024-07-23T02:25:01.813+0000] {processor.py:161} INFO - Started process (PID=3169) to work on /home/airflow/.local/lib/python3.12/site-packages/airflow/example_dags/example_xcomargs.py
[2024-07-23T02:25:01.817+0000] {processor.py:830} INFO - Processing file /home/airflow/.local/lib/python3.12/site-packages/airflow/example_dags/example_xcomargs.py for tasks to queue
[2024-07-23T02:25:01.830+0000] {logging_mixin.py:188} INFO - [2024-07-23T02:25:01.829+0000] {dagbag.py:545} INFO - Filling up the DagBag from /home/airflow/.local/lib/python3.12/site-packages/airflow/example_dags/example_xcomargs.py
[2024-07-23T02:25:01.875+0000] {processor.py:840} INFO - DAG(s) 'example_xcom_args', 'example_xcom_args_with_operators' retrieved from /home/airflow/.local/lib/python3.12/site-packages/airflow/example_dags/example_xcomargs.py
[2024-07-23T02:25:01.996+0000] {logging_mixin.py:188} INFO - [2024-07-23T02:25:01.995+0000] {dag.py:3089} INFO - Sync 2 DAGs
[2024-07-23T02:25:02.071+0000] {logging_mixin.py:188} INFO - [2024-07-23T02:25:02.070+0000] {dag.py:3947} INFO - Setting next_dagrun for example_xcom_args to None, run_after=None
[2024-07-23T02:25:02.093+0000] {logging_mixin.py:188} INFO - [2024-07-23T02:25:02.092+0000] {dag.py:3947} INFO - Setting next_dagrun for example_xcom_args_with_operators to None, run_after=None
[2024-07-23T02:25:02.172+0000] {processor.py:183} INFO - Processing /home/airflow/.local/lib/python3.12/site-packages/airflow/example_dags/example_xcomargs.py took 0.392 seconds
[2024-07-23T02:25:32.796+0000] {processor.py:161} INFO - Started process (PID=3228) to work on /home/airflow/.local/lib/python3.12/site-packages/airflow/example_dags/example_xcomargs.py
[2024-07-23T02:25:32.798+0000] {processor.py:830} INFO - Processing file /home/airflow/.local/lib/python3.12/site-packages/airflow/example_dags/example_xcomargs.py for tasks to queue
[2024-07-23T02:25:32.801+0000] {logging_mixin.py:188} INFO - [2024-07-23T02:25:32.800+0000] {dagbag.py:545} INFO - Filling up the DagBag from /home/airflow/.local/lib/python3.12/site-packages/airflow/example_dags/example_xcomargs.py
[2024-07-23T02:25:32.816+0000] {processor.py:840} INFO - DAG(s) 'example_xcom_args_with_operators', 'example_xcom_args' retrieved from /home/airflow/.local/lib/python3.12/site-packages/airflow/example_dags/example_xcomargs.py
[2024-07-23T02:25:32.857+0000] {logging_mixin.py:188} INFO - [2024-07-23T02:25:32.857+0000] {dag.py:3089} INFO - Sync 2 DAGs
[2024-07-23T02:25:32.885+0000] {logging_mixin.py:188} INFO - [2024-07-23T02:25:32.885+0000] {dag.py:3947} INFO - Setting next_dagrun for example_xcom_args to None, run_after=None
[2024-07-23T02:25:32.894+0000] {logging_mixin.py:188} INFO - [2024-07-23T02:25:32.893+0000] {dag.py:3947} INFO - Setting next_dagrun for example_xcom_args_with_operators to None, run_after=None
[2024-07-23T02:25:32.926+0000] {processor.py:183} INFO - Processing /home/airflow/.local/lib/python3.12/site-packages/airflow/example_dags/example_xcomargs.py took 0.143 seconds
[2024-07-23T02:26:03.024+0000] {processor.py:161} INFO - Started process (PID=3287) to work on /home/airflow/.local/lib/python3.12/site-packages/airflow/example_dags/example_xcomargs.py
[2024-07-23T02:26:03.025+0000] {processor.py:830} INFO - Processing file /home/airflow/.local/lib/python3.12/site-packages/airflow/example_dags/example_xcomargs.py for tasks to queue
[2024-07-23T02:26:03.027+0000] {logging_mixin.py:188} INFO - [2024-07-23T02:26:03.027+0000] {dagbag.py:545} INFO - Filling up the DagBag from /home/airflow/.local/lib/python3.12/site-packages/airflow/example_dags/example_xcomargs.py
[2024-07-23T02:26:03.037+0000] {processor.py:840} INFO - DAG(s) 'example_xcom_args_with_operators', 'example_xcom_args' retrieved from /home/airflow/.local/lib/python3.12/site-packages/airflow/example_dags/example_xcomargs.py
[2024-07-23T02:26:03.065+0000] {logging_mixin.py:188} INFO - [2024-07-23T02:26:03.065+0000] {dag.py:3089} INFO - Sync 2 DAGs
[2024-07-23T02:26:03.081+0000] {logging_mixin.py:188} INFO - [2024-07-23T02:26:03.081+0000] {dag.py:3947} INFO - Setting next_dagrun for example_xcom_args to None, run_after=None
[2024-07-23T02:26:03.086+0000] {logging_mixin.py:188} INFO - [2024-07-23T02:26:03.085+0000] {dag.py:3947} INFO - Setting next_dagrun for example_xcom_args_with_operators to None, run_after=None
[2024-07-23T02:26:03.107+0000] {processor.py:183} INFO - Processing /home/airflow/.local/lib/python3.12/site-packages/airflow/example_dags/example_xcomargs.py took 0.090 seconds
[2024-07-23T02:26:33.427+0000] {processor.py:161} INFO - Started process (PID=3346) to work on /home/airflow/.local/lib/python3.12/site-packages/airflow/example_dags/example_xcomargs.py
[2024-07-23T02:26:33.428+0000] {processor.py:830} INFO - Processing file /home/airflow/.local/lib/python3.12/site-packages/airflow/example_dags/example_xcomargs.py for tasks to queue
[2024-07-23T02:26:33.430+0000] {logging_mixin.py:188} INFO - [2024-07-23T02:26:33.429+0000] {dagbag.py:545} INFO - Filling up the DagBag from /home/airflow/.local/lib/python3.12/site-packages/airflow/example_dags/example_xcomargs.py
[2024-07-23T02:26:33.438+0000] {processor.py:840} INFO - DAG(s) 'example_xcom_args', 'example_xcom_args_with_operators' retrieved from /home/airflow/.local/lib/python3.12/site-packages/airflow/example_dags/example_xcomargs.py
[2024-07-23T02:26:33.468+0000] {logging_mixin.py:188} INFO - [2024-07-23T02:26:33.467+0000] {dag.py:3089} INFO - Sync 2 DAGs
[2024-07-23T02:26:33.488+0000] {logging_mixin.py:188} INFO - [2024-07-23T02:26:33.487+0000] {dag.py:3947} INFO - Setting next_dagrun for example_xcom_args to None, run_after=None
[2024-07-23T02:26:33.493+0000] {logging_mixin.py:188} INFO - [2024-07-23T02:26:33.493+0000] {dag.py:3947} INFO - Setting next_dagrun for example_xcom_args_with_operators to None, run_after=None
[2024-07-23T02:26:33.515+0000] {processor.py:183} INFO - Processing /home/airflow/.local/lib/python3.12/site-packages/airflow/example_dags/example_xcomargs.py took 0.094 seconds
[2024-07-23T02:27:04.180+0000] {processor.py:161} INFO - Started process (PID=3405) to work on /home/airflow/.local/lib/python3.12/site-packages/airflow/example_dags/example_xcomargs.py
[2024-07-23T02:27:04.183+0000] {processor.py:830} INFO - Processing file /home/airflow/.local/lib/python3.12/site-packages/airflow/example_dags/example_xcomargs.py for tasks to queue
[2024-07-23T02:27:04.189+0000] {logging_mixin.py:188} INFO - [2024-07-23T02:27:04.188+0000] {dagbag.py:545} INFO - Filling up the DagBag from /home/airflow/.local/lib/python3.12/site-packages/airflow/example_dags/example_xcomargs.py
[2024-07-23T02:27:04.221+0000] {processor.py:840} INFO - DAG(s) 'example_xcom_args_with_operators', 'example_xcom_args' retrieved from /home/airflow/.local/lib/python3.12/site-packages/airflow/example_dags/example_xcomargs.py
[2024-07-23T02:27:04.310+0000] {logging_mixin.py:188} INFO - [2024-07-23T02:27:04.309+0000] {dag.py:3089} INFO - Sync 2 DAGs
[2024-07-23T02:27:04.360+0000] {logging_mixin.py:188} INFO - [2024-07-23T02:27:04.360+0000] {dag.py:3947} INFO - Setting next_dagrun for example_xcom_args to None, run_after=None
[2024-07-23T02:27:04.376+0000] {logging_mixin.py:188} INFO - [2024-07-23T02:27:04.375+0000] {dag.py:3947} INFO - Setting next_dagrun for example_xcom_args_with_operators to None, run_after=None
[2024-07-23T02:27:04.443+0000] {processor.py:183} INFO - Processing /home/airflow/.local/lib/python3.12/site-packages/airflow/example_dags/example_xcomargs.py took 0.287 seconds
[2024-07-23T02:27:34.780+0000] {processor.py:161} INFO - Started process (PID=3464) to work on /home/airflow/.local/lib/python3.12/site-packages/airflow/example_dags/example_xcomargs.py
[2024-07-23T02:27:34.782+0000] {processor.py:830} INFO - Processing file /home/airflow/.local/lib/python3.12/site-packages/airflow/example_dags/example_xcomargs.py for tasks to queue
[2024-07-23T02:27:34.784+0000] {logging_mixin.py:188} INFO - [2024-07-23T02:27:34.783+0000] {dagbag.py:545} INFO - Filling up the DagBag from /home/airflow/.local/lib/python3.12/site-packages/airflow/example_dags/example_xcomargs.py
[2024-07-23T02:27:34.792+0000] {processor.py:840} INFO - DAG(s) 'example_xcom_args_with_operators', 'example_xcom_args' retrieved from /home/airflow/.local/lib/python3.12/site-packages/airflow/example_dags/example_xcomargs.py
[2024-07-23T02:27:34.819+0000] {logging_mixin.py:188} INFO - [2024-07-23T02:27:34.819+0000] {dag.py:3089} INFO - Sync 2 DAGs
[2024-07-23T02:27:34.833+0000] {logging_mixin.py:188} INFO - [2024-07-23T02:27:34.832+0000] {dag.py:3947} INFO - Setting next_dagrun for example_xcom_args to None, run_after=None
[2024-07-23T02:27:34.837+0000] {logging_mixin.py:188} INFO - [2024-07-23T02:27:34.837+0000] {dag.py:3947} INFO - Setting next_dagrun for example_xcom_args_with_operators to None, run_after=None
[2024-07-23T02:27:34.860+0000] {processor.py:183} INFO - Processing /home/airflow/.local/lib/python3.12/site-packages/airflow/example_dags/example_xcomargs.py took 0.086 seconds
[2024-07-23T02:28:05.042+0000] {processor.py:161} INFO - Started process (PID=3522) to work on /home/airflow/.local/lib/python3.12/site-packages/airflow/example_dags/example_xcomargs.py
[2024-07-23T02:28:05.044+0000] {processor.py:830} INFO - Processing file /home/airflow/.local/lib/python3.12/site-packages/airflow/example_dags/example_xcomargs.py for tasks to queue
[2024-07-23T02:28:05.048+0000] {logging_mixin.py:188} INFO - [2024-07-23T02:28:05.047+0000] {dagbag.py:545} INFO - Filling up the DagBag from /home/airflow/.local/lib/python3.12/site-packages/airflow/example_dags/example_xcomargs.py
[2024-07-23T02:28:05.067+0000] {processor.py:840} INFO - DAG(s) 'example_xcom_args_with_operators', 'example_xcom_args' retrieved from /home/airflow/.local/lib/python3.12/site-packages/airflow/example_dags/example_xcomargs.py
[2024-07-23T02:28:05.115+0000] {logging_mixin.py:188} INFO - [2024-07-23T02:28:05.114+0000] {dag.py:3089} INFO - Sync 2 DAGs
[2024-07-23T02:28:05.144+0000] {logging_mixin.py:188} INFO - [2024-07-23T02:28:05.143+0000] {dag.py:3947} INFO - Setting next_dagrun for example_xcom_args to None, run_after=None
[2024-07-23T02:28:05.153+0000] {logging_mixin.py:188} INFO - [2024-07-23T02:28:05.153+0000] {dag.py:3947} INFO - Setting next_dagrun for example_xcom_args_with_operators to None, run_after=None
[2024-07-23T02:28:05.192+0000] {processor.py:183} INFO - Processing /home/airflow/.local/lib/python3.12/site-packages/airflow/example_dags/example_xcomargs.py took 0.163 seconds
