[2024-07-23T01:58:18.742+0000] {processor.py:161} INFO - Started process (PID=62) to work on /home/airflow/.local/lib/python3.12/site-packages/airflow/example_dags/example_sensors.py
[2024-07-23T01:58:18.743+0000] {processor.py:830} INFO - Processing file /home/airflow/.local/lib/python3.12/site-packages/airflow/example_dags/example_sensors.py for tasks to queue
[2024-07-23T01:58:18.745+0000] {logging_mixin.py:188} INFO - [2024-07-23T01:58:18.745+0000] {dagbag.py:545} INFO - Filling up the DagBag from /home/airflow/.local/lib/python3.12/site-packages/airflow/example_dags/example_sensors.py
[2024-07-23T01:58:18.759+0000] {processor.py:840} INFO - DAG(s) 'example_sensors' retrieved from /home/airflow/.local/lib/python3.12/site-packages/airflow/example_dags/example_sensors.py
[2024-07-23T01:58:18.956+0000] {logging_mixin.py:188} INFO - [2024-07-23T01:58:18.956+0000] {dag.py:3089} INFO - Sync 1 DAGs
[2024-07-23T01:58:18.973+0000] {logging_mixin.py:188} INFO - [2024-07-23T01:58:18.973+0000] {dag.py:3947} INFO - Setting next_dagrun for example_sensors to None, run_after=None
[2024-07-23T01:58:19.001+0000] {processor.py:183} INFO - Processing /home/airflow/.local/lib/python3.12/site-packages/airflow/example_dags/example_sensors.py took 0.266 seconds
[2024-07-23T01:58:49.581+0000] {processor.py:161} INFO - Started process (PID=120) to work on /home/airflow/.local/lib/python3.12/site-packages/airflow/example_dags/example_sensors.py
[2024-07-23T01:58:49.582+0000] {processor.py:830} INFO - Processing file /home/airflow/.local/lib/python3.12/site-packages/airflow/example_dags/example_sensors.py for tasks to queue
[2024-07-23T01:58:49.584+0000] {logging_mixin.py:188} INFO - [2024-07-23T01:58:49.584+0000] {dagbag.py:545} INFO - Filling up the DagBag from /home/airflow/.local/lib/python3.12/site-packages/airflow/example_dags/example_sensors.py
[2024-07-23T01:58:49.594+0000] {processor.py:840} INFO - DAG(s) 'example_sensors' retrieved from /home/airflow/.local/lib/python3.12/site-packages/airflow/example_dags/example_sensors.py
[2024-07-23T01:58:49.636+0000] {logging_mixin.py:188} INFO - [2024-07-23T01:58:49.635+0000] {dag.py:3089} INFO - Sync 1 DAGs
[2024-07-23T01:58:49.656+0000] {logging_mixin.py:188} INFO - [2024-07-23T01:58:49.656+0000] {dag.py:3947} INFO - Setting next_dagrun for example_sensors to None, run_after=None
[2024-07-23T01:58:49.683+0000] {processor.py:183} INFO - Processing /home/airflow/.local/lib/python3.12/site-packages/airflow/example_dags/example_sensors.py took 0.109 seconds
[2024-07-23T01:59:20.012+0000] {processor.py:161} INFO - Started process (PID=178) to work on /home/airflow/.local/lib/python3.12/site-packages/airflow/example_dags/example_sensors.py
[2024-07-23T01:59:20.013+0000] {processor.py:830} INFO - Processing file /home/airflow/.local/lib/python3.12/site-packages/airflow/example_dags/example_sensors.py for tasks to queue
[2024-07-23T01:59:20.015+0000] {logging_mixin.py:188} INFO - [2024-07-23T01:59:20.015+0000] {dagbag.py:545} INFO - Filling up the DagBag from /home/airflow/.local/lib/python3.12/site-packages/airflow/example_dags/example_sensors.py
[2024-07-23T01:59:20.032+0000] {processor.py:840} INFO - DAG(s) 'example_sensors' retrieved from /home/airflow/.local/lib/python3.12/site-packages/airflow/example_dags/example_sensors.py
[2024-07-23T01:59:20.075+0000] {logging_mixin.py:188} INFO - [2024-07-23T01:59:20.074+0000] {dag.py:3089} INFO - Sync 1 DAGs
[2024-07-23T01:59:20.106+0000] {logging_mixin.py:188} INFO - [2024-07-23T01:59:20.106+0000] {dag.py:3947} INFO - Setting next_dagrun for example_sensors to None, run_after=None
[2024-07-23T01:59:20.145+0000] {processor.py:183} INFO - Processing /home/airflow/.local/lib/python3.12/site-packages/airflow/example_dags/example_sensors.py took 0.144 seconds
[2024-07-23T01:59:50.271+0000] {processor.py:161} INFO - Started process (PID=242) to work on /home/airflow/.local/lib/python3.12/site-packages/airflow/example_dags/example_sensors.py
[2024-07-23T01:59:50.272+0000] {processor.py:830} INFO - Processing file /home/airflow/.local/lib/python3.12/site-packages/airflow/example_dags/example_sensors.py for tasks to queue
[2024-07-23T01:59:50.275+0000] {logging_mixin.py:188} INFO - [2024-07-23T01:59:50.274+0000] {dagbag.py:545} INFO - Filling up the DagBag from /home/airflow/.local/lib/python3.12/site-packages/airflow/example_dags/example_sensors.py
[2024-07-23T01:59:50.290+0000] {processor.py:840} INFO - DAG(s) 'example_sensors' retrieved from /home/airflow/.local/lib/python3.12/site-packages/airflow/example_dags/example_sensors.py
[2024-07-23T01:59:50.341+0000] {logging_mixin.py:188} INFO - [2024-07-23T01:59:50.341+0000] {dag.py:3089} INFO - Sync 1 DAGs
[2024-07-23T01:59:50.361+0000] {logging_mixin.py:188} INFO - [2024-07-23T01:59:50.361+0000] {dag.py:3947} INFO - Setting next_dagrun for example_sensors to None, run_after=None
[2024-07-23T01:59:50.391+0000] {processor.py:183} INFO - Processing /home/airflow/.local/lib/python3.12/site-packages/airflow/example_dags/example_sensors.py took 0.129 seconds
[2024-07-23T02:00:20.682+0000] {processor.py:161} INFO - Started process (PID=300) to work on /home/airflow/.local/lib/python3.12/site-packages/airflow/example_dags/example_sensors.py
[2024-07-23T02:00:20.683+0000] {processor.py:830} INFO - Processing file /home/airflow/.local/lib/python3.12/site-packages/airflow/example_dags/example_sensors.py for tasks to queue
[2024-07-23T02:00:20.684+0000] {logging_mixin.py:188} INFO - [2024-07-23T02:00:20.684+0000] {dagbag.py:545} INFO - Filling up the DagBag from /home/airflow/.local/lib/python3.12/site-packages/airflow/example_dags/example_sensors.py
[2024-07-23T02:00:20.694+0000] {processor.py:840} INFO - DAG(s) 'example_sensors' retrieved from /home/airflow/.local/lib/python3.12/site-packages/airflow/example_dags/example_sensors.py
[2024-07-23T02:00:20.722+0000] {logging_mixin.py:188} INFO - [2024-07-23T02:00:20.721+0000] {dag.py:3089} INFO - Sync 1 DAGs
[2024-07-23T02:00:20.736+0000] {logging_mixin.py:188} INFO - [2024-07-23T02:00:20.735+0000] {dag.py:3947} INFO - Setting next_dagrun for example_sensors to None, run_after=None
[2024-07-23T02:00:20.758+0000] {processor.py:183} INFO - Processing /home/airflow/.local/lib/python3.12/site-packages/airflow/example_dags/example_sensors.py took 0.082 seconds
[2024-07-23T02:00:51.125+0000] {processor.py:161} INFO - Started process (PID=357) to work on /home/airflow/.local/lib/python3.12/site-packages/airflow/example_dags/example_sensors.py
[2024-07-23T02:00:51.126+0000] {processor.py:830} INFO - Processing file /home/airflow/.local/lib/python3.12/site-packages/airflow/example_dags/example_sensors.py for tasks to queue
[2024-07-23T02:00:51.128+0000] {logging_mixin.py:188} INFO - [2024-07-23T02:00:51.128+0000] {dagbag.py:545} INFO - Filling up the DagBag from /home/airflow/.local/lib/python3.12/site-packages/airflow/example_dags/example_sensors.py
[2024-07-23T02:00:51.137+0000] {processor.py:840} INFO - DAG(s) 'example_sensors' retrieved from /home/airflow/.local/lib/python3.12/site-packages/airflow/example_dags/example_sensors.py
[2024-07-23T02:00:51.171+0000] {logging_mixin.py:188} INFO - [2024-07-23T02:00:51.170+0000] {dag.py:3089} INFO - Sync 1 DAGs
[2024-07-23T02:00:51.184+0000] {logging_mixin.py:188} INFO - [2024-07-23T02:00:51.184+0000] {dag.py:3947} INFO - Setting next_dagrun for example_sensors to None, run_after=None
[2024-07-23T02:00:51.204+0000] {processor.py:183} INFO - Processing /home/airflow/.local/lib/python3.12/site-packages/airflow/example_dags/example_sensors.py took 0.085 seconds
[2024-07-23T02:01:21.473+0000] {processor.py:161} INFO - Started process (PID=414) to work on /home/airflow/.local/lib/python3.12/site-packages/airflow/example_dags/example_sensors.py
[2024-07-23T02:01:21.474+0000] {processor.py:830} INFO - Processing file /home/airflow/.local/lib/python3.12/site-packages/airflow/example_dags/example_sensors.py for tasks to queue
[2024-07-23T02:01:21.476+0000] {logging_mixin.py:188} INFO - [2024-07-23T02:01:21.475+0000] {dagbag.py:545} INFO - Filling up the DagBag from /home/airflow/.local/lib/python3.12/site-packages/airflow/example_dags/example_sensors.py
[2024-07-23T02:01:21.485+0000] {processor.py:840} INFO - DAG(s) 'example_sensors' retrieved from /home/airflow/.local/lib/python3.12/site-packages/airflow/example_dags/example_sensors.py
[2024-07-23T02:01:21.515+0000] {logging_mixin.py:188} INFO - [2024-07-23T02:01:21.515+0000] {dag.py:3089} INFO - Sync 1 DAGs
[2024-07-23T02:01:21.529+0000] {logging_mixin.py:188} INFO - [2024-07-23T02:01:21.529+0000] {dag.py:3947} INFO - Setting next_dagrun for example_sensors to None, run_after=None
[2024-07-23T02:01:21.550+0000] {processor.py:183} INFO - Processing /home/airflow/.local/lib/python3.12/site-packages/airflow/example_dags/example_sensors.py took 0.083 seconds
[2024-07-23T02:01:52.007+0000] {processor.py:161} INFO - Started process (PID=470) to work on /home/airflow/.local/lib/python3.12/site-packages/airflow/example_dags/example_sensors.py
[2024-07-23T02:01:52.010+0000] {processor.py:830} INFO - Processing file /home/airflow/.local/lib/python3.12/site-packages/airflow/example_dags/example_sensors.py for tasks to queue
[2024-07-23T02:01:52.012+0000] {logging_mixin.py:188} INFO - [2024-07-23T02:01:52.012+0000] {dagbag.py:545} INFO - Filling up the DagBag from /home/airflow/.local/lib/python3.12/site-packages/airflow/example_dags/example_sensors.py
[2024-07-23T02:01:52.021+0000] {processor.py:840} INFO - DAG(s) 'example_sensors' retrieved from /home/airflow/.local/lib/python3.12/site-packages/airflow/example_dags/example_sensors.py
[2024-07-23T02:01:52.049+0000] {logging_mixin.py:188} INFO - [2024-07-23T02:01:52.049+0000] {dag.py:3089} INFO - Sync 1 DAGs
[2024-07-23T02:01:52.061+0000] {logging_mixin.py:188} INFO - [2024-07-23T02:01:52.061+0000] {dag.py:3947} INFO - Setting next_dagrun for example_sensors to None, run_after=None
[2024-07-23T02:01:52.082+0000] {processor.py:183} INFO - Processing /home/airflow/.local/lib/python3.12/site-packages/airflow/example_dags/example_sensors.py took 0.081 seconds
[2024-07-23T02:02:22.263+0000] {processor.py:161} INFO - Started process (PID=529) to work on /home/airflow/.local/lib/python3.12/site-packages/airflow/example_dags/example_sensors.py
[2024-07-23T02:02:22.264+0000] {processor.py:830} INFO - Processing file /home/airflow/.local/lib/python3.12/site-packages/airflow/example_dags/example_sensors.py for tasks to queue
[2024-07-23T02:02:22.266+0000] {logging_mixin.py:188} INFO - [2024-07-23T02:02:22.266+0000] {dagbag.py:545} INFO - Filling up the DagBag from /home/airflow/.local/lib/python3.12/site-packages/airflow/example_dags/example_sensors.py
[2024-07-23T02:02:22.277+0000] {processor.py:840} INFO - DAG(s) 'example_sensors' retrieved from /home/airflow/.local/lib/python3.12/site-packages/airflow/example_dags/example_sensors.py
[2024-07-23T02:02:22.311+0000] {logging_mixin.py:188} INFO - [2024-07-23T02:02:22.310+0000] {dag.py:3089} INFO - Sync 1 DAGs
[2024-07-23T02:02:22.328+0000] {logging_mixin.py:188} INFO - [2024-07-23T02:02:22.327+0000] {dag.py:3947} INFO - Setting next_dagrun for example_sensors to None, run_after=None
[2024-07-23T02:02:22.352+0000] {processor.py:183} INFO - Processing /home/airflow/.local/lib/python3.12/site-packages/airflow/example_dags/example_sensors.py took 0.096 seconds
[2024-07-23T02:02:52.534+0000] {processor.py:161} INFO - Started process (PID=588) to work on /home/airflow/.local/lib/python3.12/site-packages/airflow/example_dags/example_sensors.py
[2024-07-23T02:02:52.536+0000] {processor.py:830} INFO - Processing file /home/airflow/.local/lib/python3.12/site-packages/airflow/example_dags/example_sensors.py for tasks to queue
[2024-07-23T02:02:52.540+0000] {logging_mixin.py:188} INFO - [2024-07-23T02:02:52.539+0000] {dagbag.py:545} INFO - Filling up the DagBag from /home/airflow/.local/lib/python3.12/site-packages/airflow/example_dags/example_sensors.py
[2024-07-23T02:02:52.557+0000] {processor.py:840} INFO - DAG(s) 'example_sensors' retrieved from /home/airflow/.local/lib/python3.12/site-packages/airflow/example_dags/example_sensors.py
[2024-07-23T02:02:52.613+0000] {logging_mixin.py:188} INFO - [2024-07-23T02:02:52.613+0000] {dag.py:3089} INFO - Sync 1 DAGs
[2024-07-23T02:02:52.638+0000] {logging_mixin.py:188} INFO - [2024-07-23T02:02:52.638+0000] {dag.py:3947} INFO - Setting next_dagrun for example_sensors to None, run_after=None
[2024-07-23T02:02:52.678+0000] {processor.py:183} INFO - Processing /home/airflow/.local/lib/python3.12/site-packages/airflow/example_dags/example_sensors.py took 0.155 seconds
[2024-07-23T02:03:23.520+0000] {processor.py:161} INFO - Started process (PID=648) to work on /home/airflow/.local/lib/python3.12/site-packages/airflow/example_dags/example_sensors.py
[2024-07-23T02:03:23.521+0000] {processor.py:830} INFO - Processing file /home/airflow/.local/lib/python3.12/site-packages/airflow/example_dags/example_sensors.py for tasks to queue
[2024-07-23T02:03:23.524+0000] {logging_mixin.py:188} INFO - [2024-07-23T02:03:23.524+0000] {dagbag.py:545} INFO - Filling up the DagBag from /home/airflow/.local/lib/python3.12/site-packages/airflow/example_dags/example_sensors.py
[2024-07-23T02:03:23.539+0000] {processor.py:840} INFO - DAG(s) 'example_sensors' retrieved from /home/airflow/.local/lib/python3.12/site-packages/airflow/example_dags/example_sensors.py
[2024-07-23T02:03:23.588+0000] {logging_mixin.py:188} INFO - [2024-07-23T02:03:23.587+0000] {dag.py:3089} INFO - Sync 1 DAGs
[2024-07-23T02:03:23.609+0000] {logging_mixin.py:188} INFO - [2024-07-23T02:03:23.608+0000] {dag.py:3947} INFO - Setting next_dagrun for example_sensors to None, run_after=None
[2024-07-23T02:03:23.641+0000] {processor.py:183} INFO - Processing /home/airflow/.local/lib/python3.12/site-packages/airflow/example_dags/example_sensors.py took 0.131 seconds
[2024-07-23T02:03:54.869+0000] {processor.py:161} INFO - Started process (PID=707) to work on /home/airflow/.local/lib/python3.12/site-packages/airflow/example_dags/example_sensors.py
[2024-07-23T02:03:54.871+0000] {processor.py:830} INFO - Processing file /home/airflow/.local/lib/python3.12/site-packages/airflow/example_dags/example_sensors.py for tasks to queue
[2024-07-23T02:03:54.876+0000] {logging_mixin.py:188} INFO - [2024-07-23T02:03:54.875+0000] {dagbag.py:545} INFO - Filling up the DagBag from /home/airflow/.local/lib/python3.12/site-packages/airflow/example_dags/example_sensors.py
[2024-07-23T02:03:54.899+0000] {processor.py:840} INFO - DAG(s) 'example_sensors' retrieved from /home/airflow/.local/lib/python3.12/site-packages/airflow/example_dags/example_sensors.py
[2024-07-23T02:03:54.969+0000] {logging_mixin.py:188} INFO - [2024-07-23T02:03:54.969+0000] {dag.py:3089} INFO - Sync 1 DAGs
[2024-07-23T02:03:55.012+0000] {logging_mixin.py:188} INFO - [2024-07-23T02:03:55.011+0000] {dag.py:3947} INFO - Setting next_dagrun for example_sensors to None, run_after=None
[2024-07-23T02:03:55.080+0000] {processor.py:183} INFO - Processing /home/airflow/.local/lib/python3.12/site-packages/airflow/example_dags/example_sensors.py took 0.227 seconds
[2024-07-23T02:04:26.569+0000] {processor.py:161} INFO - Started process (PID=766) to work on /home/airflow/.local/lib/python3.12/site-packages/airflow/example_dags/example_sensors.py
[2024-07-23T02:04:26.573+0000] {processor.py:830} INFO - Processing file /home/airflow/.local/lib/python3.12/site-packages/airflow/example_dags/example_sensors.py for tasks to queue
[2024-07-23T02:04:26.585+0000] {logging_mixin.py:188} INFO - [2024-07-23T02:04:26.583+0000] {dagbag.py:545} INFO - Filling up the DagBag from /home/airflow/.local/lib/python3.12/site-packages/airflow/example_dags/example_sensors.py
[2024-07-23T02:04:26.715+0000] {processor.py:840} INFO - DAG(s) 'example_sensors' retrieved from /home/airflow/.local/lib/python3.12/site-packages/airflow/example_dags/example_sensors.py
[2024-07-23T02:04:26.927+0000] {logging_mixin.py:188} INFO - [2024-07-23T02:04:26.925+0000] {dag.py:3089} INFO - Sync 1 DAGs
[2024-07-23T02:04:27.010+0000] {logging_mixin.py:188} INFO - [2024-07-23T02:04:27.009+0000] {dag.py:3947} INFO - Setting next_dagrun for example_sensors to None, run_after=None
[2024-07-23T02:04:27.121+0000] {processor.py:183} INFO - Processing /home/airflow/.local/lib/python3.12/site-packages/airflow/example_dags/example_sensors.py took 0.595 seconds
[2024-07-23T02:04:58.046+0000] {processor.py:161} INFO - Started process (PID=825) to work on /home/airflow/.local/lib/python3.12/site-packages/airflow/example_dags/example_sensors.py
[2024-07-23T02:04:58.050+0000] {processor.py:830} INFO - Processing file /home/airflow/.local/lib/python3.12/site-packages/airflow/example_dags/example_sensors.py for tasks to queue
[2024-07-23T02:04:58.057+0000] {logging_mixin.py:188} INFO - [2024-07-23T02:04:58.056+0000] {dagbag.py:545} INFO - Filling up the DagBag from /home/airflow/.local/lib/python3.12/site-packages/airflow/example_dags/example_sensors.py
[2024-07-23T02:04:58.094+0000] {processor.py:840} INFO - DAG(s) 'example_sensors' retrieved from /home/airflow/.local/lib/python3.12/site-packages/airflow/example_dags/example_sensors.py
[2024-07-23T02:04:58.227+0000] {logging_mixin.py:188} INFO - [2024-07-23T02:04:58.226+0000] {dag.py:3089} INFO - Sync 1 DAGs
[2024-07-23T02:04:58.282+0000] {logging_mixin.py:188} INFO - [2024-07-23T02:04:58.281+0000] {dag.py:3947} INFO - Setting next_dagrun for example_sensors to None, run_after=None
[2024-07-23T02:04:58.358+0000] {processor.py:183} INFO - Processing /home/airflow/.local/lib/python3.12/site-packages/airflow/example_dags/example_sensors.py took 0.337 seconds
[2024-07-23T02:05:28.973+0000] {processor.py:161} INFO - Started process (PID=884) to work on /home/airflow/.local/lib/python3.12/site-packages/airflow/example_dags/example_sensors.py
[2024-07-23T02:05:28.979+0000] {processor.py:830} INFO - Processing file /home/airflow/.local/lib/python3.12/site-packages/airflow/example_dags/example_sensors.py for tasks to queue
[2024-07-23T02:05:28.992+0000] {logging_mixin.py:188} INFO - [2024-07-23T02:05:28.989+0000] {dagbag.py:545} INFO - Filling up the DagBag from /home/airflow/.local/lib/python3.12/site-packages/airflow/example_dags/example_sensors.py
[2024-07-23T02:05:29.047+0000] {processor.py:840} INFO - DAG(s) 'example_sensors' retrieved from /home/airflow/.local/lib/python3.12/site-packages/airflow/example_dags/example_sensors.py
[2024-07-23T02:05:29.230+0000] {logging_mixin.py:188} INFO - [2024-07-23T02:05:29.228+0000] {dag.py:3089} INFO - Sync 1 DAGs
[2024-07-23T02:05:29.317+0000] {logging_mixin.py:188} INFO - [2024-07-23T02:05:29.315+0000] {dag.py:3947} INFO - Setting next_dagrun for example_sensors to None, run_after=None
[2024-07-23T02:05:29.444+0000] {processor.py:183} INFO - Processing /home/airflow/.local/lib/python3.12/site-packages/airflow/example_dags/example_sensors.py took 0.510 seconds
[2024-07-23T02:06:00.280+0000] {processor.py:161} INFO - Started process (PID=943) to work on /home/airflow/.local/lib/python3.12/site-packages/airflow/example_dags/example_sensors.py
[2024-07-23T02:06:00.281+0000] {processor.py:830} INFO - Processing file /home/airflow/.local/lib/python3.12/site-packages/airflow/example_dags/example_sensors.py for tasks to queue
[2024-07-23T02:06:00.283+0000] {logging_mixin.py:188} INFO - [2024-07-23T02:06:00.283+0000] {dagbag.py:545} INFO - Filling up the DagBag from /home/airflow/.local/lib/python3.12/site-packages/airflow/example_dags/example_sensors.py
[2024-07-23T02:06:00.293+0000] {processor.py:840} INFO - DAG(s) 'example_sensors' retrieved from /home/airflow/.local/lib/python3.12/site-packages/airflow/example_dags/example_sensors.py
[2024-07-23T02:06:00.338+0000] {logging_mixin.py:188} INFO - [2024-07-23T02:06:00.337+0000] {dag.py:3089} INFO - Sync 1 DAGs
[2024-07-23T02:06:00.361+0000] {logging_mixin.py:188} INFO - [2024-07-23T02:06:00.361+0000] {dag.py:3947} INFO - Setting next_dagrun for example_sensors to None, run_after=None
[2024-07-23T02:06:00.393+0000] {processor.py:183} INFO - Processing /home/airflow/.local/lib/python3.12/site-packages/airflow/example_dags/example_sensors.py took 0.120 seconds
[2024-07-23T02:06:30.791+0000] {processor.py:161} INFO - Started process (PID=1002) to work on /home/airflow/.local/lib/python3.12/site-packages/airflow/example_dags/example_sensors.py
[2024-07-23T02:06:30.792+0000] {processor.py:830} INFO - Processing file /home/airflow/.local/lib/python3.12/site-packages/airflow/example_dags/example_sensors.py for tasks to queue
[2024-07-23T02:06:30.795+0000] {logging_mixin.py:188} INFO - [2024-07-23T02:06:30.795+0000] {dagbag.py:545} INFO - Filling up the DagBag from /home/airflow/.local/lib/python3.12/site-packages/airflow/example_dags/example_sensors.py
[2024-07-23T02:06:30.812+0000] {processor.py:840} INFO - DAG(s) 'example_sensors' retrieved from /home/airflow/.local/lib/python3.12/site-packages/airflow/example_dags/example_sensors.py
[2024-07-23T02:06:30.855+0000] {logging_mixin.py:188} INFO - [2024-07-23T02:06:30.855+0000] {dag.py:3089} INFO - Sync 1 DAGs
[2024-07-23T02:06:30.875+0000] {logging_mixin.py:188} INFO - [2024-07-23T02:06:30.874+0000] {dag.py:3947} INFO - Setting next_dagrun for example_sensors to None, run_after=None
[2024-07-23T02:06:30.905+0000] {processor.py:183} INFO - Processing /home/airflow/.local/lib/python3.12/site-packages/airflow/example_dags/example_sensors.py took 0.120 seconds
[2024-07-23T02:07:01.011+0000] {processor.py:161} INFO - Started process (PID=1061) to work on /home/airflow/.local/lib/python3.12/site-packages/airflow/example_dags/example_sensors.py
[2024-07-23T02:07:01.012+0000] {processor.py:830} INFO - Processing file /home/airflow/.local/lib/python3.12/site-packages/airflow/example_dags/example_sensors.py for tasks to queue
[2024-07-23T02:07:01.014+0000] {logging_mixin.py:188} INFO - [2024-07-23T02:07:01.014+0000] {dagbag.py:545} INFO - Filling up the DagBag from /home/airflow/.local/lib/python3.12/site-packages/airflow/example_dags/example_sensors.py
[2024-07-23T02:07:01.023+0000] {processor.py:840} INFO - DAG(s) 'example_sensors' retrieved from /home/airflow/.local/lib/python3.12/site-packages/airflow/example_dags/example_sensors.py
[2024-07-23T02:07:01.054+0000] {logging_mixin.py:188} INFO - [2024-07-23T02:07:01.054+0000] {dag.py:3089} INFO - Sync 1 DAGs
[2024-07-23T02:07:01.069+0000] {logging_mixin.py:188} INFO - [2024-07-23T02:07:01.068+0000] {dag.py:3947} INFO - Setting next_dagrun for example_sensors to None, run_after=None
[2024-07-23T02:07:01.091+0000] {processor.py:183} INFO - Processing /home/airflow/.local/lib/python3.12/site-packages/airflow/example_dags/example_sensors.py took 0.086 seconds
[2024-07-23T02:07:31.262+0000] {processor.py:161} INFO - Started process (PID=1120) to work on /home/airflow/.local/lib/python3.12/site-packages/airflow/example_dags/example_sensors.py
[2024-07-23T02:07:31.263+0000] {processor.py:830} INFO - Processing file /home/airflow/.local/lib/python3.12/site-packages/airflow/example_dags/example_sensors.py for tasks to queue
[2024-07-23T02:07:31.265+0000] {logging_mixin.py:188} INFO - [2024-07-23T02:07:31.264+0000] {dagbag.py:545} INFO - Filling up the DagBag from /home/airflow/.local/lib/python3.12/site-packages/airflow/example_dags/example_sensors.py
[2024-07-23T02:07:31.276+0000] {processor.py:840} INFO - DAG(s) 'example_sensors' retrieved from /home/airflow/.local/lib/python3.12/site-packages/airflow/example_dags/example_sensors.py
[2024-07-23T02:07:31.311+0000] {logging_mixin.py:188} INFO - [2024-07-23T02:07:31.311+0000] {dag.py:3089} INFO - Sync 1 DAGs
[2024-07-23T02:07:31.328+0000] {logging_mixin.py:188} INFO - [2024-07-23T02:07:31.328+0000] {dag.py:3947} INFO - Setting next_dagrun for example_sensors to None, run_after=None
[2024-07-23T02:07:31.353+0000] {processor.py:183} INFO - Processing /home/airflow/.local/lib/python3.12/site-packages/airflow/example_dags/example_sensors.py took 0.099 seconds
[2024-07-23T02:08:01.682+0000] {processor.py:161} INFO - Started process (PID=1180) to work on /home/airflow/.local/lib/python3.12/site-packages/airflow/example_dags/example_sensors.py
[2024-07-23T02:08:01.683+0000] {processor.py:830} INFO - Processing file /home/airflow/.local/lib/python3.12/site-packages/airflow/example_dags/example_sensors.py for tasks to queue
[2024-07-23T02:08:01.686+0000] {logging_mixin.py:188} INFO - [2024-07-23T02:08:01.685+0000] {dagbag.py:545} INFO - Filling up the DagBag from /home/airflow/.local/lib/python3.12/site-packages/airflow/example_dags/example_sensors.py
[2024-07-23T02:08:01.698+0000] {processor.py:840} INFO - DAG(s) 'example_sensors' retrieved from /home/airflow/.local/lib/python3.12/site-packages/airflow/example_dags/example_sensors.py
[2024-07-23T02:08:01.734+0000] {logging_mixin.py:188} INFO - [2024-07-23T02:08:01.734+0000] {dag.py:3089} INFO - Sync 1 DAGs
[2024-07-23T02:08:01.752+0000] {logging_mixin.py:188} INFO - [2024-07-23T02:08:01.751+0000] {dag.py:3947} INFO - Setting next_dagrun for example_sensors to None, run_after=None
[2024-07-23T02:08:01.780+0000] {processor.py:183} INFO - Processing /home/airflow/.local/lib/python3.12/site-packages/airflow/example_dags/example_sensors.py took 0.106 seconds
[2024-07-23T02:08:32.183+0000] {processor.py:161} INFO - Started process (PID=1238) to work on /home/airflow/.local/lib/python3.12/site-packages/airflow/example_dags/example_sensors.py
[2024-07-23T02:08:32.185+0000] {processor.py:830} INFO - Processing file /home/airflow/.local/lib/python3.12/site-packages/airflow/example_dags/example_sensors.py for tasks to queue
[2024-07-23T02:08:32.187+0000] {logging_mixin.py:188} INFO - [2024-07-23T02:08:32.186+0000] {dagbag.py:545} INFO - Filling up the DagBag from /home/airflow/.local/lib/python3.12/site-packages/airflow/example_dags/example_sensors.py
[2024-07-23T02:08:32.196+0000] {processor.py:840} INFO - DAG(s) 'example_sensors' retrieved from /home/airflow/.local/lib/python3.12/site-packages/airflow/example_dags/example_sensors.py
[2024-07-23T02:08:32.225+0000] {logging_mixin.py:188} INFO - [2024-07-23T02:08:32.224+0000] {dag.py:3089} INFO - Sync 1 DAGs
[2024-07-23T02:08:32.239+0000] {logging_mixin.py:188} INFO - [2024-07-23T02:08:32.239+0000] {dag.py:3947} INFO - Setting next_dagrun for example_sensors to None, run_after=None
[2024-07-23T02:08:32.260+0000] {processor.py:183} INFO - Processing /home/airflow/.local/lib/python3.12/site-packages/airflow/example_dags/example_sensors.py took 0.085 seconds
[2024-07-23T02:09:02.631+0000] {processor.py:161} INFO - Started process (PID=1297) to work on /home/airflow/.local/lib/python3.12/site-packages/airflow/example_dags/example_sensors.py
[2024-07-23T02:09:02.632+0000] {processor.py:830} INFO - Processing file /home/airflow/.local/lib/python3.12/site-packages/airflow/example_dags/example_sensors.py for tasks to queue
[2024-07-23T02:09:02.635+0000] {logging_mixin.py:188} INFO - [2024-07-23T02:09:02.635+0000] {dagbag.py:545} INFO - Filling up the DagBag from /home/airflow/.local/lib/python3.12/site-packages/airflow/example_dags/example_sensors.py
[2024-07-23T02:09:02.645+0000] {processor.py:840} INFO - DAG(s) 'example_sensors' retrieved from /home/airflow/.local/lib/python3.12/site-packages/airflow/example_dags/example_sensors.py
[2024-07-23T02:09:02.678+0000] {logging_mixin.py:188} INFO - [2024-07-23T02:09:02.678+0000] {dag.py:3089} INFO - Sync 1 DAGs
[2024-07-23T02:09:02.693+0000] {logging_mixin.py:188} INFO - [2024-07-23T02:09:02.693+0000] {dag.py:3947} INFO - Setting next_dagrun for example_sensors to None, run_after=None
[2024-07-23T02:09:02.717+0000] {processor.py:183} INFO - Processing /home/airflow/.local/lib/python3.12/site-packages/airflow/example_dags/example_sensors.py took 0.093 seconds
[2024-07-23T02:09:32.855+0000] {processor.py:161} INFO - Started process (PID=1355) to work on /home/airflow/.local/lib/python3.12/site-packages/airflow/example_dags/example_sensors.py
[2024-07-23T02:09:32.857+0000] {processor.py:830} INFO - Processing file /home/airflow/.local/lib/python3.12/site-packages/airflow/example_dags/example_sensors.py for tasks to queue
[2024-07-23T02:09:32.858+0000] {logging_mixin.py:188} INFO - [2024-07-23T02:09:32.858+0000] {dagbag.py:545} INFO - Filling up the DagBag from /home/airflow/.local/lib/python3.12/site-packages/airflow/example_dags/example_sensors.py
[2024-07-23T02:09:32.868+0000] {processor.py:840} INFO - DAG(s) 'example_sensors' retrieved from /home/airflow/.local/lib/python3.12/site-packages/airflow/example_dags/example_sensors.py
[2024-07-23T02:09:32.898+0000] {logging_mixin.py:188} INFO - [2024-07-23T02:09:32.898+0000] {dag.py:3089} INFO - Sync 1 DAGs
[2024-07-23T02:09:32.912+0000] {logging_mixin.py:188} INFO - [2024-07-23T02:09:32.912+0000] {dag.py:3947} INFO - Setting next_dagrun for example_sensors to None, run_after=None
[2024-07-23T02:09:32.934+0000] {processor.py:183} INFO - Processing /home/airflow/.local/lib/python3.12/site-packages/airflow/example_dags/example_sensors.py took 0.085 seconds
[2024-07-23T02:10:03.074+0000] {processor.py:161} INFO - Started process (PID=1414) to work on /home/airflow/.local/lib/python3.12/site-packages/airflow/example_dags/example_sensors.py
[2024-07-23T02:10:03.075+0000] {processor.py:830} INFO - Processing file /home/airflow/.local/lib/python3.12/site-packages/airflow/example_dags/example_sensors.py for tasks to queue
[2024-07-23T02:10:03.076+0000] {logging_mixin.py:188} INFO - [2024-07-23T02:10:03.076+0000] {dagbag.py:545} INFO - Filling up the DagBag from /home/airflow/.local/lib/python3.12/site-packages/airflow/example_dags/example_sensors.py
[2024-07-23T02:10:03.085+0000] {processor.py:840} INFO - DAG(s) 'example_sensors' retrieved from /home/airflow/.local/lib/python3.12/site-packages/airflow/example_dags/example_sensors.py
[2024-07-23T02:10:03.114+0000] {logging_mixin.py:188} INFO - [2024-07-23T02:10:03.114+0000] {dag.py:3089} INFO - Sync 1 DAGs
[2024-07-23T02:10:03.128+0000] {logging_mixin.py:188} INFO - [2024-07-23T02:10:03.127+0000] {dag.py:3947} INFO - Setting next_dagrun for example_sensors to None, run_after=None
[2024-07-23T02:10:03.148+0000] {processor.py:183} INFO - Processing /home/airflow/.local/lib/python3.12/site-packages/airflow/example_dags/example_sensors.py took 0.081 seconds
[2024-07-23T02:10:33.360+0000] {processor.py:161} INFO - Started process (PID=1473) to work on /home/airflow/.local/lib/python3.12/site-packages/airflow/example_dags/example_sensors.py
[2024-07-23T02:10:33.362+0000] {processor.py:830} INFO - Processing file /home/airflow/.local/lib/python3.12/site-packages/airflow/example_dags/example_sensors.py for tasks to queue
[2024-07-23T02:10:33.364+0000] {logging_mixin.py:188} INFO - [2024-07-23T02:10:33.364+0000] {dagbag.py:545} INFO - Filling up the DagBag from /home/airflow/.local/lib/python3.12/site-packages/airflow/example_dags/example_sensors.py
[2024-07-23T02:10:33.374+0000] {processor.py:840} INFO - DAG(s) 'example_sensors' retrieved from /home/airflow/.local/lib/python3.12/site-packages/airflow/example_dags/example_sensors.py
[2024-07-23T02:10:33.409+0000] {logging_mixin.py:188} INFO - [2024-07-23T02:10:33.408+0000] {dag.py:3089} INFO - Sync 1 DAGs
[2024-07-23T02:10:33.423+0000] {logging_mixin.py:188} INFO - [2024-07-23T02:10:33.423+0000] {dag.py:3947} INFO - Setting next_dagrun for example_sensors to None, run_after=None
[2024-07-23T02:10:33.450+0000] {processor.py:183} INFO - Processing /home/airflow/.local/lib/python3.12/site-packages/airflow/example_dags/example_sensors.py took 0.098 seconds
[2024-07-23T02:11:03.728+0000] {processor.py:161} INFO - Started process (PID=1532) to work on /home/airflow/.local/lib/python3.12/site-packages/airflow/example_dags/example_sensors.py
[2024-07-23T02:11:03.729+0000] {processor.py:830} INFO - Processing file /home/airflow/.local/lib/python3.12/site-packages/airflow/example_dags/example_sensors.py for tasks to queue
[2024-07-23T02:11:03.731+0000] {logging_mixin.py:188} INFO - [2024-07-23T02:11:03.730+0000] {dagbag.py:545} INFO - Filling up the DagBag from /home/airflow/.local/lib/python3.12/site-packages/airflow/example_dags/example_sensors.py
[2024-07-23T02:11:03.740+0000] {processor.py:840} INFO - DAG(s) 'example_sensors' retrieved from /home/airflow/.local/lib/python3.12/site-packages/airflow/example_dags/example_sensors.py
[2024-07-23T02:11:03.781+0000] {logging_mixin.py:188} INFO - [2024-07-23T02:11:03.780+0000] {dag.py:3089} INFO - Sync 1 DAGs
[2024-07-23T02:11:03.796+0000] {logging_mixin.py:188} INFO - [2024-07-23T02:11:03.796+0000] {dag.py:3947} INFO - Setting next_dagrun for example_sensors to None, run_after=None
[2024-07-23T02:11:03.824+0000] {processor.py:183} INFO - Processing /home/airflow/.local/lib/python3.12/site-packages/airflow/example_dags/example_sensors.py took 0.103 seconds
[2024-07-23T02:11:33.914+0000] {processor.py:161} INFO - Started process (PID=1588) to work on /home/airflow/.local/lib/python3.12/site-packages/airflow/example_dags/example_sensors.py
[2024-07-23T02:11:33.915+0000] {processor.py:830} INFO - Processing file /home/airflow/.local/lib/python3.12/site-packages/airflow/example_dags/example_sensors.py for tasks to queue
[2024-07-23T02:11:33.917+0000] {logging_mixin.py:188} INFO - [2024-07-23T02:11:33.917+0000] {dagbag.py:545} INFO - Filling up the DagBag from /home/airflow/.local/lib/python3.12/site-packages/airflow/example_dags/example_sensors.py
[2024-07-23T02:11:33.926+0000] {processor.py:840} INFO - DAG(s) 'example_sensors' retrieved from /home/airflow/.local/lib/python3.12/site-packages/airflow/example_dags/example_sensors.py
[2024-07-23T02:11:33.955+0000] {logging_mixin.py:188} INFO - [2024-07-23T02:11:33.955+0000] {dag.py:3089} INFO - Sync 1 DAGs
[2024-07-23T02:11:33.968+0000] {logging_mixin.py:188} INFO - [2024-07-23T02:11:33.968+0000] {dag.py:3947} INFO - Setting next_dagrun for example_sensors to None, run_after=None
[2024-07-23T02:11:33.990+0000] {processor.py:183} INFO - Processing /home/airflow/.local/lib/python3.12/site-packages/airflow/example_dags/example_sensors.py took 0.083 seconds
[2024-07-23T02:12:04.065+0000] {processor.py:161} INFO - Started process (PID=1647) to work on /home/airflow/.local/lib/python3.12/site-packages/airflow/example_dags/example_sensors.py
[2024-07-23T02:12:04.066+0000] {processor.py:830} INFO - Processing file /home/airflow/.local/lib/python3.12/site-packages/airflow/example_dags/example_sensors.py for tasks to queue
[2024-07-23T02:12:04.068+0000] {logging_mixin.py:188} INFO - [2024-07-23T02:12:04.068+0000] {dagbag.py:545} INFO - Filling up the DagBag from /home/airflow/.local/lib/python3.12/site-packages/airflow/example_dags/example_sensors.py
[2024-07-23T02:12:04.077+0000] {processor.py:840} INFO - DAG(s) 'example_sensors' retrieved from /home/airflow/.local/lib/python3.12/site-packages/airflow/example_dags/example_sensors.py
[2024-07-23T02:12:04.115+0000] {logging_mixin.py:188} INFO - [2024-07-23T02:12:04.114+0000] {dag.py:3089} INFO - Sync 1 DAGs
[2024-07-23T02:12:04.134+0000] {logging_mixin.py:188} INFO - [2024-07-23T02:12:04.133+0000] {dag.py:3947} INFO - Setting next_dagrun for example_sensors to None, run_after=None
[2024-07-23T02:12:04.160+0000] {processor.py:183} INFO - Processing /home/airflow/.local/lib/python3.12/site-packages/airflow/example_dags/example_sensors.py took 0.102 seconds
[2024-07-23T02:12:34.207+0000] {processor.py:161} INFO - Started process (PID=1707) to work on /home/airflow/.local/lib/python3.12/site-packages/airflow/example_dags/example_sensors.py
[2024-07-23T02:12:34.209+0000] {processor.py:830} INFO - Processing file /home/airflow/.local/lib/python3.12/site-packages/airflow/example_dags/example_sensors.py for tasks to queue
[2024-07-23T02:12:34.211+0000] {logging_mixin.py:188} INFO - [2024-07-23T02:12:34.210+0000] {dagbag.py:545} INFO - Filling up the DagBag from /home/airflow/.local/lib/python3.12/site-packages/airflow/example_dags/example_sensors.py
[2024-07-23T02:12:34.221+0000] {processor.py:840} INFO - DAG(s) 'example_sensors' retrieved from /home/airflow/.local/lib/python3.12/site-packages/airflow/example_dags/example_sensors.py
[2024-07-23T02:12:34.255+0000] {logging_mixin.py:188} INFO - [2024-07-23T02:12:34.254+0000] {dag.py:3089} INFO - Sync 1 DAGs
[2024-07-23T02:12:34.272+0000] {logging_mixin.py:188} INFO - [2024-07-23T02:12:34.272+0000] {dag.py:3947} INFO - Setting next_dagrun for example_sensors to None, run_after=None
[2024-07-23T02:12:34.296+0000] {processor.py:183} INFO - Processing /home/airflow/.local/lib/python3.12/site-packages/airflow/example_dags/example_sensors.py took 0.096 seconds
[2024-07-23T02:13:04.641+0000] {processor.py:161} INFO - Started process (PID=1766) to work on /home/airflow/.local/lib/python3.12/site-packages/airflow/example_dags/example_sensors.py
[2024-07-23T02:13:04.642+0000] {processor.py:830} INFO - Processing file /home/airflow/.local/lib/python3.12/site-packages/airflow/example_dags/example_sensors.py for tasks to queue
[2024-07-23T02:13:04.644+0000] {logging_mixin.py:188} INFO - [2024-07-23T02:13:04.644+0000] {dagbag.py:545} INFO - Filling up the DagBag from /home/airflow/.local/lib/python3.12/site-packages/airflow/example_dags/example_sensors.py
[2024-07-23T02:13:04.657+0000] {processor.py:840} INFO - DAG(s) 'example_sensors' retrieved from /home/airflow/.local/lib/python3.12/site-packages/airflow/example_dags/example_sensors.py
[2024-07-23T02:13:04.701+0000] {logging_mixin.py:188} INFO - [2024-07-23T02:13:04.701+0000] {dag.py:3089} INFO - Sync 1 DAGs
[2024-07-23T02:13:04.721+0000] {logging_mixin.py:188} INFO - [2024-07-23T02:13:04.720+0000] {dag.py:3947} INFO - Setting next_dagrun for example_sensors to None, run_after=None
[2024-07-23T02:13:04.747+0000] {processor.py:183} INFO - Processing /home/airflow/.local/lib/python3.12/site-packages/airflow/example_dags/example_sensors.py took 0.113 seconds
[2024-07-23T02:13:35.272+0000] {processor.py:161} INFO - Started process (PID=1825) to work on /home/airflow/.local/lib/python3.12/site-packages/airflow/example_dags/example_sensors.py
[2024-07-23T02:13:35.274+0000] {processor.py:830} INFO - Processing file /home/airflow/.local/lib/python3.12/site-packages/airflow/example_dags/example_sensors.py for tasks to queue
[2024-07-23T02:13:35.276+0000] {logging_mixin.py:188} INFO - [2024-07-23T02:13:35.275+0000] {dagbag.py:545} INFO - Filling up the DagBag from /home/airflow/.local/lib/python3.12/site-packages/airflow/example_dags/example_sensors.py
[2024-07-23T02:13:35.290+0000] {processor.py:840} INFO - DAG(s) 'example_sensors' retrieved from /home/airflow/.local/lib/python3.12/site-packages/airflow/example_dags/example_sensors.py
[2024-07-23T02:13:35.323+0000] {logging_mixin.py:188} INFO - [2024-07-23T02:13:35.323+0000] {dag.py:3089} INFO - Sync 1 DAGs
[2024-07-23T02:13:35.342+0000] {logging_mixin.py:188} INFO - [2024-07-23T02:13:35.341+0000] {dag.py:3947} INFO - Setting next_dagrun for example_sensors to None, run_after=None
[2024-07-23T02:13:35.374+0000] {processor.py:183} INFO - Processing /home/airflow/.local/lib/python3.12/site-packages/airflow/example_dags/example_sensors.py took 0.111 seconds
[2024-07-23T02:14:05.965+0000] {processor.py:161} INFO - Started process (PID=1893) to work on /home/airflow/.local/lib/python3.12/site-packages/airflow/example_dags/example_sensors.py
[2024-07-23T02:14:05.967+0000] {processor.py:830} INFO - Processing file /home/airflow/.local/lib/python3.12/site-packages/airflow/example_dags/example_sensors.py for tasks to queue
[2024-07-23T02:14:05.969+0000] {logging_mixin.py:188} INFO - [2024-07-23T02:14:05.969+0000] {dagbag.py:545} INFO - Filling up the DagBag from /home/airflow/.local/lib/python3.12/site-packages/airflow/example_dags/example_sensors.py
[2024-07-23T02:14:05.978+0000] {processor.py:840} INFO - DAG(s) 'example_sensors' retrieved from /home/airflow/.local/lib/python3.12/site-packages/airflow/example_dags/example_sensors.py
[2024-07-23T02:14:06.005+0000] {logging_mixin.py:188} INFO - [2024-07-23T02:14:06.005+0000] {dag.py:3089} INFO - Sync 1 DAGs
[2024-07-23T02:14:06.019+0000] {logging_mixin.py:188} INFO - [2024-07-23T02:14:06.019+0000] {dag.py:3947} INFO - Setting next_dagrun for example_sensors to None, run_after=None
[2024-07-23T02:14:06.197+0000] {processor.py:183} INFO - Processing /home/airflow/.local/lib/python3.12/site-packages/airflow/example_dags/example_sensors.py took 0.238 seconds
[2024-07-23T02:14:36.235+0000] {processor.py:161} INFO - Started process (PID=1952) to work on /home/airflow/.local/lib/python3.12/site-packages/airflow/example_dags/example_sensors.py
[2024-07-23T02:14:36.237+0000] {processor.py:830} INFO - Processing file /home/airflow/.local/lib/python3.12/site-packages/airflow/example_dags/example_sensors.py for tasks to queue
[2024-07-23T02:14:36.241+0000] {logging_mixin.py:188} INFO - [2024-07-23T02:14:36.240+0000] {dagbag.py:545} INFO - Filling up the DagBag from /home/airflow/.local/lib/python3.12/site-packages/airflow/example_dags/example_sensors.py
[2024-07-23T02:14:36.262+0000] {processor.py:840} INFO - DAG(s) 'example_sensors' retrieved from /home/airflow/.local/lib/python3.12/site-packages/airflow/example_dags/example_sensors.py
[2024-07-23T02:14:36.322+0000] {logging_mixin.py:188} INFO - [2024-07-23T02:14:36.321+0000] {dag.py:3089} INFO - Sync 1 DAGs
[2024-07-23T02:14:36.354+0000] {logging_mixin.py:188} INFO - [2024-07-23T02:14:36.354+0000] {dag.py:3947} INFO - Setting next_dagrun for example_sensors to None, run_after=None
[2024-07-23T02:14:36.582+0000] {processor.py:183} INFO - Processing /home/airflow/.local/lib/python3.12/site-packages/airflow/example_dags/example_sensors.py took 0.357 seconds
[2024-07-23T02:15:07.637+0000] {processor.py:161} INFO - Started process (PID=2011) to work on /home/airflow/.local/lib/python3.12/site-packages/airflow/example_dags/example_sensors.py
[2024-07-23T02:15:07.640+0000] {processor.py:830} INFO - Processing file /home/airflow/.local/lib/python3.12/site-packages/airflow/example_dags/example_sensors.py for tasks to queue
[2024-07-23T02:15:07.648+0000] {logging_mixin.py:188} INFO - [2024-07-23T02:15:07.646+0000] {dagbag.py:545} INFO - Filling up the DagBag from /home/airflow/.local/lib/python3.12/site-packages/airflow/example_dags/example_sensors.py
[2024-07-23T02:15:07.686+0000] {processor.py:840} INFO - DAG(s) 'example_sensors' retrieved from /home/airflow/.local/lib/python3.12/site-packages/airflow/example_dags/example_sensors.py
[2024-07-23T02:15:07.809+0000] {logging_mixin.py:188} INFO - [2024-07-23T02:15:07.808+0000] {dag.py:3089} INFO - Sync 1 DAGs
[2024-07-23T02:15:07.866+0000] {logging_mixin.py:188} INFO - [2024-07-23T02:15:07.865+0000] {dag.py:3947} INFO - Setting next_dagrun for example_sensors to None, run_after=None
[2024-07-23T02:15:07.939+0000] {processor.py:183} INFO - Processing /home/airflow/.local/lib/python3.12/site-packages/airflow/example_dags/example_sensors.py took 0.329 seconds
[2024-07-23T02:15:38.153+0000] {processor.py:161} INFO - Started process (PID=2070) to work on /home/airflow/.local/lib/python3.12/site-packages/airflow/example_dags/example_sensors.py
[2024-07-23T02:15:38.158+0000] {processor.py:830} INFO - Processing file /home/airflow/.local/lib/python3.12/site-packages/airflow/example_dags/example_sensors.py for tasks to queue
[2024-07-23T02:15:38.165+0000] {logging_mixin.py:188} INFO - [2024-07-23T02:15:38.164+0000] {dagbag.py:545} INFO - Filling up the DagBag from /home/airflow/.local/lib/python3.12/site-packages/airflow/example_dags/example_sensors.py
[2024-07-23T02:15:38.213+0000] {processor.py:840} INFO - DAG(s) 'example_sensors' retrieved from /home/airflow/.local/lib/python3.12/site-packages/airflow/example_dags/example_sensors.py
[2024-07-23T02:15:38.409+0000] {logging_mixin.py:188} INFO - [2024-07-23T02:15:38.408+0000] {dag.py:3089} INFO - Sync 1 DAGs
[2024-07-23T02:15:38.491+0000] {logging_mixin.py:188} INFO - [2024-07-23T02:15:38.490+0000] {dag.py:3947} INFO - Setting next_dagrun for example_sensors to None, run_after=None
[2024-07-23T02:15:38.588+0000] {processor.py:183} INFO - Processing /home/airflow/.local/lib/python3.12/site-packages/airflow/example_dags/example_sensors.py took 0.467 seconds
[2024-07-23T02:16:09.331+0000] {processor.py:161} INFO - Started process (PID=2130) to work on /home/airflow/.local/lib/python3.12/site-packages/airflow/example_dags/example_sensors.py
[2024-07-23T02:16:09.334+0000] {processor.py:830} INFO - Processing file /home/airflow/.local/lib/python3.12/site-packages/airflow/example_dags/example_sensors.py for tasks to queue
[2024-07-23T02:16:09.342+0000] {logging_mixin.py:188} INFO - [2024-07-23T02:16:09.340+0000] {dagbag.py:545} INFO - Filling up the DagBag from /home/airflow/.local/lib/python3.12/site-packages/airflow/example_dags/example_sensors.py
[2024-07-23T02:16:09.857+0000] {processor.py:840} INFO - DAG(s) 'example_sensors' retrieved from /home/airflow/.local/lib/python3.12/site-packages/airflow/example_dags/example_sensors.py
[2024-07-23T02:16:09.995+0000] {logging_mixin.py:188} INFO - [2024-07-23T02:16:09.994+0000] {dag.py:3089} INFO - Sync 1 DAGs
[2024-07-23T02:16:10.058+0000] {logging_mixin.py:188} INFO - [2024-07-23T02:16:10.057+0000] {dag.py:3947} INFO - Setting next_dagrun for example_sensors to None, run_after=None
[2024-07-23T02:16:10.133+0000] {processor.py:183} INFO - Processing /home/airflow/.local/lib/python3.12/site-packages/airflow/example_dags/example_sensors.py took 0.830 seconds
[2024-07-23T02:16:40.966+0000] {processor.py:161} INFO - Started process (PID=2189) to work on /home/airflow/.local/lib/python3.12/site-packages/airflow/example_dags/example_sensors.py
[2024-07-23T02:16:40.969+0000] {processor.py:830} INFO - Processing file /home/airflow/.local/lib/python3.12/site-packages/airflow/example_dags/example_sensors.py for tasks to queue
[2024-07-23T02:16:40.978+0000] {logging_mixin.py:188} INFO - [2024-07-23T02:16:40.977+0000] {dagbag.py:545} INFO - Filling up the DagBag from /home/airflow/.local/lib/python3.12/site-packages/airflow/example_dags/example_sensors.py
[2024-07-23T02:16:41.017+0000] {processor.py:840} INFO - DAG(s) 'example_sensors' retrieved from /home/airflow/.local/lib/python3.12/site-packages/airflow/example_dags/example_sensors.py
[2024-07-23T02:16:41.131+0000] {logging_mixin.py:188} INFO - [2024-07-23T02:16:41.130+0000] {dag.py:3089} INFO - Sync 1 DAGs
[2024-07-23T02:16:41.198+0000] {logging_mixin.py:188} INFO - [2024-07-23T02:16:41.196+0000] {dag.py:3947} INFO - Setting next_dagrun for example_sensors to None, run_after=None
[2024-07-23T02:16:41.291+0000] {processor.py:183} INFO - Processing /home/airflow/.local/lib/python3.12/site-packages/airflow/example_dags/example_sensors.py took 0.353 seconds
[2024-07-23T02:17:11.987+0000] {processor.py:161} INFO - Started process (PID=2257) to work on /home/airflow/.local/lib/python3.12/site-packages/airflow/example_dags/example_sensors.py
[2024-07-23T02:17:11.992+0000] {processor.py:830} INFO - Processing file /home/airflow/.local/lib/python3.12/site-packages/airflow/example_dags/example_sensors.py for tasks to queue
[2024-07-23T02:17:12.008+0000] {logging_mixin.py:188} INFO - [2024-07-23T02:17:12.006+0000] {dagbag.py:545} INFO - Filling up the DagBag from /home/airflow/.local/lib/python3.12/site-packages/airflow/example_dags/example_sensors.py
[2024-07-23T02:17:12.123+0000] {processor.py:840} INFO - DAG(s) 'example_sensors' retrieved from /home/airflow/.local/lib/python3.12/site-packages/airflow/example_dags/example_sensors.py
[2024-07-23T02:17:12.401+0000] {logging_mixin.py:188} INFO - [2024-07-23T02:17:12.399+0000] {dag.py:3089} INFO - Sync 1 DAGs
[2024-07-23T02:17:12.511+0000] {logging_mixin.py:188} INFO - [2024-07-23T02:17:12.510+0000] {dag.py:3947} INFO - Setting next_dagrun for example_sensors to None, run_after=None
[2024-07-23T02:17:12.627+0000] {processor.py:183} INFO - Processing /home/airflow/.local/lib/python3.12/site-packages/airflow/example_dags/example_sensors.py took 0.704 seconds
[2024-07-23T02:17:42.770+0000] {processor.py:161} INFO - Started process (PID=2315) to work on /home/airflow/.local/lib/python3.12/site-packages/airflow/example_dags/example_sensors.py
[2024-07-23T02:17:42.774+0000] {processor.py:830} INFO - Processing file /home/airflow/.local/lib/python3.12/site-packages/airflow/example_dags/example_sensors.py for tasks to queue
[2024-07-23T02:17:42.782+0000] {logging_mixin.py:188} INFO - [2024-07-23T02:17:42.780+0000] {dagbag.py:545} INFO - Filling up the DagBag from /home/airflow/.local/lib/python3.12/site-packages/airflow/example_dags/example_sensors.py
[2024-07-23T02:17:42.828+0000] {processor.py:840} INFO - DAG(s) 'example_sensors' retrieved from /home/airflow/.local/lib/python3.12/site-packages/airflow/example_dags/example_sensors.py
[2024-07-23T02:17:42.977+0000] {logging_mixin.py:188} INFO - [2024-07-23T02:17:42.976+0000] {dag.py:3089} INFO - Sync 1 DAGs
[2024-07-23T02:17:43.054+0000] {logging_mixin.py:188} INFO - [2024-07-23T02:17:43.053+0000] {dag.py:3947} INFO - Setting next_dagrun for example_sensors to None, run_after=None
[2024-07-23T02:17:43.144+0000] {processor.py:183} INFO - Processing /home/airflow/.local/lib/python3.12/site-packages/airflow/example_dags/example_sensors.py took 0.401 seconds
[2024-07-23T02:18:13.727+0000] {processor.py:161} INFO - Started process (PID=2374) to work on /home/airflow/.local/lib/python3.12/site-packages/airflow/example_dags/example_sensors.py
[2024-07-23T02:18:13.746+0000] {processor.py:830} INFO - Processing file /home/airflow/.local/lib/python3.12/site-packages/airflow/example_dags/example_sensors.py for tasks to queue
[2024-07-23T02:18:13.755+0000] {logging_mixin.py:188} INFO - [2024-07-23T02:18:13.753+0000] {dagbag.py:545} INFO - Filling up the DagBag from /home/airflow/.local/lib/python3.12/site-packages/airflow/example_dags/example_sensors.py
[2024-07-23T02:18:13.798+0000] {processor.py:840} INFO - DAG(s) 'example_sensors' retrieved from /home/airflow/.local/lib/python3.12/site-packages/airflow/example_dags/example_sensors.py
[2024-07-23T02:18:13.932+0000] {logging_mixin.py:188} INFO - [2024-07-23T02:18:13.931+0000] {dag.py:3089} INFO - Sync 1 DAGs
[2024-07-23T02:18:14.007+0000] {logging_mixin.py:188} INFO - [2024-07-23T02:18:14.005+0000] {dag.py:3947} INFO - Setting next_dagrun for example_sensors to None, run_after=None
[2024-07-23T02:18:14.111+0000] {processor.py:183} INFO - Processing /home/airflow/.local/lib/python3.12/site-packages/airflow/example_dags/example_sensors.py took 0.415 seconds
[2024-07-23T02:18:44.574+0000] {processor.py:161} INFO - Started process (PID=2433) to work on /home/airflow/.local/lib/python3.12/site-packages/airflow/example_dags/example_sensors.py
[2024-07-23T02:18:44.577+0000] {processor.py:830} INFO - Processing file /home/airflow/.local/lib/python3.12/site-packages/airflow/example_dags/example_sensors.py for tasks to queue
[2024-07-23T02:18:44.584+0000] {logging_mixin.py:188} INFO - [2024-07-23T02:18:44.583+0000] {dagbag.py:545} INFO - Filling up the DagBag from /home/airflow/.local/lib/python3.12/site-packages/airflow/example_dags/example_sensors.py
[2024-07-23T02:18:44.624+0000] {processor.py:840} INFO - DAG(s) 'example_sensors' retrieved from /home/airflow/.local/lib/python3.12/site-packages/airflow/example_dags/example_sensors.py
[2024-07-23T02:18:44.730+0000] {logging_mixin.py:188} INFO - [2024-07-23T02:18:44.729+0000] {dag.py:3089} INFO - Sync 1 DAGs
[2024-07-23T02:18:44.785+0000] {logging_mixin.py:188} INFO - [2024-07-23T02:18:44.785+0000] {dag.py:3947} INFO - Setting next_dagrun for example_sensors to None, run_after=None
[2024-07-23T02:18:44.864+0000] {processor.py:183} INFO - Processing /home/airflow/.local/lib/python3.12/site-packages/airflow/example_dags/example_sensors.py took 0.314 seconds
[2024-07-23T02:19:15.108+0000] {processor.py:161} INFO - Started process (PID=2494) to work on /home/airflow/.local/lib/python3.12/site-packages/airflow/example_dags/example_sensors.py
[2024-07-23T02:19:15.111+0000] {processor.py:830} INFO - Processing file /home/airflow/.local/lib/python3.12/site-packages/airflow/example_dags/example_sensors.py for tasks to queue
[2024-07-23T02:19:15.117+0000] {logging_mixin.py:188} INFO - [2024-07-23T02:19:15.116+0000] {dagbag.py:545} INFO - Filling up the DagBag from /home/airflow/.local/lib/python3.12/site-packages/airflow/example_dags/example_sensors.py
[2024-07-23T02:19:15.152+0000] {processor.py:840} INFO - DAG(s) 'example_sensors' retrieved from /home/airflow/.local/lib/python3.12/site-packages/airflow/example_dags/example_sensors.py
[2024-07-23T02:19:15.248+0000] {logging_mixin.py:188} INFO - [2024-07-23T02:19:15.247+0000] {dag.py:3089} INFO - Sync 1 DAGs
[2024-07-23T02:19:15.304+0000] {logging_mixin.py:188} INFO - [2024-07-23T02:19:15.303+0000] {dag.py:3947} INFO - Setting next_dagrun for example_sensors to None, run_after=None
[2024-07-23T02:19:15.378+0000] {processor.py:183} INFO - Processing /home/airflow/.local/lib/python3.12/site-packages/airflow/example_dags/example_sensors.py took 0.293 seconds
[2024-07-23T02:19:45.676+0000] {processor.py:161} INFO - Started process (PID=2552) to work on /home/airflow/.local/lib/python3.12/site-packages/airflow/example_dags/example_sensors.py
[2024-07-23T02:19:45.677+0000] {processor.py:830} INFO - Processing file /home/airflow/.local/lib/python3.12/site-packages/airflow/example_dags/example_sensors.py for tasks to queue
[2024-07-23T02:19:45.679+0000] {logging_mixin.py:188} INFO - [2024-07-23T02:19:45.678+0000] {dagbag.py:545} INFO - Filling up the DagBag from /home/airflow/.local/lib/python3.12/site-packages/airflow/example_dags/example_sensors.py
[2024-07-23T02:19:45.689+0000] {processor.py:840} INFO - DAG(s) 'example_sensors' retrieved from /home/airflow/.local/lib/python3.12/site-packages/airflow/example_dags/example_sensors.py
[2024-07-23T02:19:45.720+0000] {logging_mixin.py:188} INFO - [2024-07-23T02:19:45.720+0000] {dag.py:3089} INFO - Sync 1 DAGs
[2024-07-23T02:19:45.736+0000] {logging_mixin.py:188} INFO - [2024-07-23T02:19:45.736+0000] {dag.py:3947} INFO - Setting next_dagrun for example_sensors to None, run_after=None
[2024-07-23T02:19:45.760+0000] {processor.py:183} INFO - Processing /home/airflow/.local/lib/python3.12/site-packages/airflow/example_dags/example_sensors.py took 0.091 seconds
[2024-07-23T02:20:16.665+0000] {processor.py:161} INFO - Started process (PID=2611) to work on /home/airflow/.local/lib/python3.12/site-packages/airflow/example_dags/example_sensors.py
[2024-07-23T02:20:16.666+0000] {processor.py:830} INFO - Processing file /home/airflow/.local/lib/python3.12/site-packages/airflow/example_dags/example_sensors.py for tasks to queue
[2024-07-23T02:20:16.669+0000] {logging_mixin.py:188} INFO - [2024-07-23T02:20:16.668+0000] {dagbag.py:545} INFO - Filling up the DagBag from /home/airflow/.local/lib/python3.12/site-packages/airflow/example_dags/example_sensors.py
[2024-07-23T02:20:16.680+0000] {processor.py:840} INFO - DAG(s) 'example_sensors' retrieved from /home/airflow/.local/lib/python3.12/site-packages/airflow/example_dags/example_sensors.py
[2024-07-23T02:20:16.714+0000] {logging_mixin.py:188} INFO - [2024-07-23T02:20:16.714+0000] {dag.py:3089} INFO - Sync 1 DAGs
[2024-07-23T02:20:16.731+0000] {logging_mixin.py:188} INFO - [2024-07-23T02:20:16.730+0000] {dag.py:3947} INFO - Setting next_dagrun for example_sensors to None, run_after=None
[2024-07-23T02:20:16.754+0000] {processor.py:183} INFO - Processing /home/airflow/.local/lib/python3.12/site-packages/airflow/example_dags/example_sensors.py took 0.097 seconds
[2024-07-23T02:20:46.806+0000] {processor.py:161} INFO - Started process (PID=2669) to work on /home/airflow/.local/lib/python3.12/site-packages/airflow/example_dags/example_sensors.py
[2024-07-23T02:20:46.807+0000] {processor.py:830} INFO - Processing file /home/airflow/.local/lib/python3.12/site-packages/airflow/example_dags/example_sensors.py for tasks to queue
[2024-07-23T02:20:46.811+0000] {logging_mixin.py:188} INFO - [2024-07-23T02:20:46.810+0000] {dagbag.py:545} INFO - Filling up the DagBag from /home/airflow/.local/lib/python3.12/site-packages/airflow/example_dags/example_sensors.py
[2024-07-23T02:20:46.830+0000] {processor.py:840} INFO - DAG(s) 'example_sensors' retrieved from /home/airflow/.local/lib/python3.12/site-packages/airflow/example_dags/example_sensors.py
[2024-07-23T02:20:46.883+0000] {logging_mixin.py:188} INFO - [2024-07-23T02:20:46.883+0000] {dag.py:3089} INFO - Sync 1 DAGs
[2024-07-23T02:20:46.906+0000] {logging_mixin.py:188} INFO - [2024-07-23T02:20:46.905+0000] {dag.py:3947} INFO - Setting next_dagrun for example_sensors to None, run_after=None
[2024-07-23T02:20:46.941+0000] {processor.py:183} INFO - Processing /home/airflow/.local/lib/python3.12/site-packages/airflow/example_dags/example_sensors.py took 0.148 seconds
[2024-07-23T02:21:17.882+0000] {processor.py:161} INFO - Started process (PID=2728) to work on /home/airflow/.local/lib/python3.12/site-packages/airflow/example_dags/example_sensors.py
[2024-07-23T02:21:17.883+0000] {processor.py:830} INFO - Processing file /home/airflow/.local/lib/python3.12/site-packages/airflow/example_dags/example_sensors.py for tasks to queue
[2024-07-23T02:21:17.884+0000] {logging_mixin.py:188} INFO - [2024-07-23T02:21:17.884+0000] {dagbag.py:545} INFO - Filling up the DagBag from /home/airflow/.local/lib/python3.12/site-packages/airflow/example_dags/example_sensors.py
[2024-07-23T02:21:17.893+0000] {processor.py:840} INFO - DAG(s) 'example_sensors' retrieved from /home/airflow/.local/lib/python3.12/site-packages/airflow/example_dags/example_sensors.py
[2024-07-23T02:21:17.921+0000] {logging_mixin.py:188} INFO - [2024-07-23T02:21:17.920+0000] {dag.py:3089} INFO - Sync 1 DAGs
[2024-07-23T02:21:17.933+0000] {logging_mixin.py:188} INFO - [2024-07-23T02:21:17.933+0000] {dag.py:3947} INFO - Setting next_dagrun for example_sensors to None, run_after=None
[2024-07-23T02:21:17.953+0000] {processor.py:183} INFO - Processing /home/airflow/.local/lib/python3.12/site-packages/airflow/example_dags/example_sensors.py took 0.077 seconds
[2024-07-23T02:21:48.143+0000] {processor.py:161} INFO - Started process (PID=2788) to work on /home/airflow/.local/lib/python3.12/site-packages/airflow/example_dags/example_sensors.py
[2024-07-23T02:21:48.144+0000] {processor.py:830} INFO - Processing file /home/airflow/.local/lib/python3.12/site-packages/airflow/example_dags/example_sensors.py for tasks to queue
[2024-07-23T02:21:48.146+0000] {logging_mixin.py:188} INFO - [2024-07-23T02:21:48.146+0000] {dagbag.py:545} INFO - Filling up the DagBag from /home/airflow/.local/lib/python3.12/site-packages/airflow/example_dags/example_sensors.py
[2024-07-23T02:21:48.154+0000] {processor.py:840} INFO - DAG(s) 'example_sensors' retrieved from /home/airflow/.local/lib/python3.12/site-packages/airflow/example_dags/example_sensors.py
[2024-07-23T02:21:48.182+0000] {logging_mixin.py:188} INFO - [2024-07-23T02:21:48.182+0000] {dag.py:3089} INFO - Sync 1 DAGs
[2024-07-23T02:21:48.194+0000] {logging_mixin.py:188} INFO - [2024-07-23T02:21:48.194+0000] {dag.py:3947} INFO - Setting next_dagrun for example_sensors to None, run_after=None
[2024-07-23T02:21:48.214+0000] {processor.py:183} INFO - Processing /home/airflow/.local/lib/python3.12/site-packages/airflow/example_dags/example_sensors.py took 0.076 seconds
[2024-07-23T02:22:18.516+0000] {processor.py:161} INFO - Started process (PID=2847) to work on /home/airflow/.local/lib/python3.12/site-packages/airflow/example_dags/example_sensors.py
[2024-07-23T02:22:18.518+0000] {processor.py:830} INFO - Processing file /home/airflow/.local/lib/python3.12/site-packages/airflow/example_dags/example_sensors.py for tasks to queue
[2024-07-23T02:22:18.520+0000] {logging_mixin.py:188} INFO - [2024-07-23T02:22:18.519+0000] {dagbag.py:545} INFO - Filling up the DagBag from /home/airflow/.local/lib/python3.12/site-packages/airflow/example_dags/example_sensors.py
[2024-07-23T02:22:18.528+0000] {processor.py:840} INFO - DAG(s) 'example_sensors' retrieved from /home/airflow/.local/lib/python3.12/site-packages/airflow/example_dags/example_sensors.py
[2024-07-23T02:22:18.554+0000] {logging_mixin.py:188} INFO - [2024-07-23T02:22:18.554+0000] {dag.py:3089} INFO - Sync 1 DAGs
[2024-07-23T02:22:18.566+0000] {logging_mixin.py:188} INFO - [2024-07-23T02:22:18.566+0000] {dag.py:3947} INFO - Setting next_dagrun for example_sensors to None, run_after=None
[2024-07-23T02:22:18.590+0000] {processor.py:183} INFO - Processing /home/airflow/.local/lib/python3.12/site-packages/airflow/example_dags/example_sensors.py took 0.080 seconds
[2024-07-23T02:22:48.704+0000] {processor.py:161} INFO - Started process (PID=2906) to work on /home/airflow/.local/lib/python3.12/site-packages/airflow/example_dags/example_sensors.py
[2024-07-23T02:22:48.705+0000] {processor.py:830} INFO - Processing file /home/airflow/.local/lib/python3.12/site-packages/airflow/example_dags/example_sensors.py for tasks to queue
[2024-07-23T02:22:48.707+0000] {logging_mixin.py:188} INFO - [2024-07-23T02:22:48.707+0000] {dagbag.py:545} INFO - Filling up the DagBag from /home/airflow/.local/lib/python3.12/site-packages/airflow/example_dags/example_sensors.py
[2024-07-23T02:22:48.716+0000] {processor.py:840} INFO - DAG(s) 'example_sensors' retrieved from /home/airflow/.local/lib/python3.12/site-packages/airflow/example_dags/example_sensors.py
[2024-07-23T02:22:48.745+0000] {logging_mixin.py:188} INFO - [2024-07-23T02:22:48.745+0000] {dag.py:3089} INFO - Sync 1 DAGs
[2024-07-23T02:22:48.759+0000] {logging_mixin.py:188} INFO - [2024-07-23T02:22:48.758+0000] {dag.py:3947} INFO - Setting next_dagrun for example_sensors to None, run_after=None
[2024-07-23T02:22:48.783+0000] {processor.py:183} INFO - Processing /home/airflow/.local/lib/python3.12/site-packages/airflow/example_dags/example_sensors.py took 0.085 seconds
[2024-07-23T02:23:18.950+0000] {processor.py:161} INFO - Started process (PID=2972) to work on /home/airflow/.local/lib/python3.12/site-packages/airflow/example_dags/example_sensors.py
[2024-07-23T02:23:18.951+0000] {processor.py:830} INFO - Processing file /home/airflow/.local/lib/python3.12/site-packages/airflow/example_dags/example_sensors.py for tasks to queue
[2024-07-23T02:23:18.953+0000] {logging_mixin.py:188} INFO - [2024-07-23T02:23:18.952+0000] {dagbag.py:545} INFO - Filling up the DagBag from /home/airflow/.local/lib/python3.12/site-packages/airflow/example_dags/example_sensors.py
[2024-07-23T02:23:18.964+0000] {processor.py:840} INFO - DAG(s) 'example_sensors' retrieved from /home/airflow/.local/lib/python3.12/site-packages/airflow/example_dags/example_sensors.py
[2024-07-23T02:23:18.996+0000] {logging_mixin.py:188} INFO - [2024-07-23T02:23:18.996+0000] {dag.py:3089} INFO - Sync 1 DAGs
[2024-07-23T02:23:19.011+0000] {logging_mixin.py:188} INFO - [2024-07-23T02:23:19.011+0000] {dag.py:3947} INFO - Setting next_dagrun for example_sensors to None, run_after=None
[2024-07-23T02:23:19.034+0000] {processor.py:183} INFO - Processing /home/airflow/.local/lib/python3.12/site-packages/airflow/example_dags/example_sensors.py took 0.091 seconds
[2024-07-23T02:23:49.344+0000] {processor.py:161} INFO - Started process (PID=3030) to work on /home/airflow/.local/lib/python3.12/site-packages/airflow/example_dags/example_sensors.py
[2024-07-23T02:23:49.348+0000] {processor.py:830} INFO - Processing file /home/airflow/.local/lib/python3.12/site-packages/airflow/example_dags/example_sensors.py for tasks to queue
[2024-07-23T02:23:49.355+0000] {logging_mixin.py:188} INFO - [2024-07-23T02:23:49.354+0000] {dagbag.py:545} INFO - Filling up the DagBag from /home/airflow/.local/lib/python3.12/site-packages/airflow/example_dags/example_sensors.py
[2024-07-23T02:23:49.391+0000] {processor.py:840} INFO - DAG(s) 'example_sensors' retrieved from /home/airflow/.local/lib/python3.12/site-packages/airflow/example_dags/example_sensors.py
[2024-07-23T02:23:49.496+0000] {logging_mixin.py:188} INFO - [2024-07-23T02:23:49.495+0000] {dag.py:3089} INFO - Sync 1 DAGs
[2024-07-23T02:23:49.550+0000] {logging_mixin.py:188} INFO - [2024-07-23T02:23:49.549+0000] {dag.py:3947} INFO - Setting next_dagrun for example_sensors to None, run_after=None
[2024-07-23T02:23:49.615+0000] {processor.py:183} INFO - Processing /home/airflow/.local/lib/python3.12/site-packages/airflow/example_dags/example_sensors.py took 0.296 seconds
[2024-07-23T02:24:20.144+0000] {processor.py:161} INFO - Started process (PID=3089) to work on /home/airflow/.local/lib/python3.12/site-packages/airflow/example_dags/example_sensors.py
[2024-07-23T02:24:20.147+0000] {processor.py:830} INFO - Processing file /home/airflow/.local/lib/python3.12/site-packages/airflow/example_dags/example_sensors.py for tasks to queue
[2024-07-23T02:24:20.154+0000] {logging_mixin.py:188} INFO - [2024-07-23T02:24:20.153+0000] {dagbag.py:545} INFO - Filling up the DagBag from /home/airflow/.local/lib/python3.12/site-packages/airflow/example_dags/example_sensors.py
[2024-07-23T02:24:20.198+0000] {processor.py:840} INFO - DAG(s) 'example_sensors' retrieved from /home/airflow/.local/lib/python3.12/site-packages/airflow/example_dags/example_sensors.py
[2024-07-23T02:24:20.302+0000] {logging_mixin.py:188} INFO - [2024-07-23T02:24:20.301+0000] {dag.py:3089} INFO - Sync 1 DAGs
[2024-07-23T02:24:20.363+0000] {logging_mixin.py:188} INFO - [2024-07-23T02:24:20.362+0000] {dag.py:3947} INFO - Setting next_dagrun for example_sensors to None, run_after=None
[2024-07-23T02:24:20.429+0000] {processor.py:183} INFO - Processing /home/airflow/.local/lib/python3.12/site-packages/airflow/example_dags/example_sensors.py took 0.310 seconds
[2024-07-23T02:24:50.756+0000] {processor.py:161} INFO - Started process (PID=3148) to work on /home/airflow/.local/lib/python3.12/site-packages/airflow/example_dags/example_sensors.py
[2024-07-23T02:24:50.760+0000] {processor.py:830} INFO - Processing file /home/airflow/.local/lib/python3.12/site-packages/airflow/example_dags/example_sensors.py for tasks to queue
[2024-07-23T02:24:50.766+0000] {logging_mixin.py:188} INFO - [2024-07-23T02:24:50.765+0000] {dagbag.py:545} INFO - Filling up the DagBag from /home/airflow/.local/lib/python3.12/site-packages/airflow/example_dags/example_sensors.py
[2024-07-23T02:24:50.808+0000] {processor.py:840} INFO - DAG(s) 'example_sensors' retrieved from /home/airflow/.local/lib/python3.12/site-packages/airflow/example_dags/example_sensors.py
[2024-07-23T02:24:50.947+0000] {logging_mixin.py:188} INFO - [2024-07-23T02:24:50.946+0000] {dag.py:3089} INFO - Sync 1 DAGs
[2024-07-23T02:24:51.006+0000] {logging_mixin.py:188} INFO - [2024-07-23T02:24:51.005+0000] {dag.py:3947} INFO - Setting next_dagrun for example_sensors to None, run_after=None
[2024-07-23T02:24:51.087+0000] {processor.py:183} INFO - Processing /home/airflow/.local/lib/python3.12/site-packages/airflow/example_dags/example_sensors.py took 0.361 seconds
[2024-07-23T02:25:21.138+0000] {processor.py:161} INFO - Started process (PID=3204) to work on /home/airflow/.local/lib/python3.12/site-packages/airflow/example_dags/example_sensors.py
[2024-07-23T02:25:21.139+0000] {processor.py:830} INFO - Processing file /home/airflow/.local/lib/python3.12/site-packages/airflow/example_dags/example_sensors.py for tasks to queue
[2024-07-23T02:25:21.142+0000] {logging_mixin.py:188} INFO - [2024-07-23T02:25:21.142+0000] {dagbag.py:545} INFO - Filling up the DagBag from /home/airflow/.local/lib/python3.12/site-packages/airflow/example_dags/example_sensors.py
[2024-07-23T02:25:21.156+0000] {processor.py:840} INFO - DAG(s) 'example_sensors' retrieved from /home/airflow/.local/lib/python3.12/site-packages/airflow/example_dags/example_sensors.py
[2024-07-23T02:25:21.197+0000] {logging_mixin.py:188} INFO - [2024-07-23T02:25:21.196+0000] {dag.py:3089} INFO - Sync 1 DAGs
[2024-07-23T02:25:21.214+0000] {logging_mixin.py:188} INFO - [2024-07-23T02:25:21.214+0000] {dag.py:3947} INFO - Setting next_dagrun for example_sensors to None, run_after=None
[2024-07-23T02:25:21.242+0000] {processor.py:183} INFO - Processing /home/airflow/.local/lib/python3.12/site-packages/airflow/example_dags/example_sensors.py took 0.110 seconds
[2024-07-23T02:25:51.413+0000] {processor.py:161} INFO - Started process (PID=3263) to work on /home/airflow/.local/lib/python3.12/site-packages/airflow/example_dags/example_sensors.py
[2024-07-23T02:25:51.415+0000] {processor.py:830} INFO - Processing file /home/airflow/.local/lib/python3.12/site-packages/airflow/example_dags/example_sensors.py for tasks to queue
[2024-07-23T02:25:51.417+0000] {logging_mixin.py:188} INFO - [2024-07-23T02:25:51.417+0000] {dagbag.py:545} INFO - Filling up the DagBag from /home/airflow/.local/lib/python3.12/site-packages/airflow/example_dags/example_sensors.py
[2024-07-23T02:25:51.428+0000] {processor.py:840} INFO - DAG(s) 'example_sensors' retrieved from /home/airflow/.local/lib/python3.12/site-packages/airflow/example_dags/example_sensors.py
[2024-07-23T02:25:51.460+0000] {logging_mixin.py:188} INFO - [2024-07-23T02:25:51.459+0000] {dag.py:3089} INFO - Sync 1 DAGs
[2024-07-23T02:25:51.475+0000] {logging_mixin.py:188} INFO - [2024-07-23T02:25:51.475+0000] {dag.py:3947} INFO - Setting next_dagrun for example_sensors to None, run_after=None
[2024-07-23T02:25:51.499+0000] {processor.py:183} INFO - Processing /home/airflow/.local/lib/python3.12/site-packages/airflow/example_dags/example_sensors.py took 0.094 seconds
[2024-07-23T02:26:21.574+0000] {processor.py:161} INFO - Started process (PID=3322) to work on /home/airflow/.local/lib/python3.12/site-packages/airflow/example_dags/example_sensors.py
[2024-07-23T02:26:21.575+0000] {processor.py:830} INFO - Processing file /home/airflow/.local/lib/python3.12/site-packages/airflow/example_dags/example_sensors.py for tasks to queue
[2024-07-23T02:26:21.578+0000] {logging_mixin.py:188} INFO - [2024-07-23T02:26:21.577+0000] {dagbag.py:545} INFO - Filling up the DagBag from /home/airflow/.local/lib/python3.12/site-packages/airflow/example_dags/example_sensors.py
[2024-07-23T02:26:21.590+0000] {processor.py:840} INFO - DAG(s) 'example_sensors' retrieved from /home/airflow/.local/lib/python3.12/site-packages/airflow/example_dags/example_sensors.py
[2024-07-23T02:26:21.627+0000] {logging_mixin.py:188} INFO - [2024-07-23T02:26:21.627+0000] {dag.py:3089} INFO - Sync 1 DAGs
[2024-07-23T02:26:21.647+0000] {logging_mixin.py:188} INFO - [2024-07-23T02:26:21.647+0000] {dag.py:3947} INFO - Setting next_dagrun for example_sensors to None, run_after=None
[2024-07-23T02:26:21.674+0000] {processor.py:183} INFO - Processing /home/airflow/.local/lib/python3.12/site-packages/airflow/example_dags/example_sensors.py took 0.108 seconds
[2024-07-23T02:26:52.475+0000] {processor.py:161} INFO - Started process (PID=3381) to work on /home/airflow/.local/lib/python3.12/site-packages/airflow/example_dags/example_sensors.py
[2024-07-23T02:26:52.478+0000] {processor.py:830} INFO - Processing file /home/airflow/.local/lib/python3.12/site-packages/airflow/example_dags/example_sensors.py for tasks to queue
[2024-07-23T02:26:52.485+0000] {logging_mixin.py:188} INFO - [2024-07-23T02:26:52.483+0000] {dagbag.py:545} INFO - Filling up the DagBag from /home/airflow/.local/lib/python3.12/site-packages/airflow/example_dags/example_sensors.py
[2024-07-23T02:26:52.519+0000] {processor.py:840} INFO - DAG(s) 'example_sensors' retrieved from /home/airflow/.local/lib/python3.12/site-packages/airflow/example_dags/example_sensors.py
[2024-07-23T02:26:52.643+0000] {logging_mixin.py:188} INFO - [2024-07-23T02:26:52.642+0000] {dag.py:3089} INFO - Sync 1 DAGs
[2024-07-23T02:26:52.728+0000] {logging_mixin.py:188} INFO - [2024-07-23T02:26:52.726+0000] {dag.py:3947} INFO - Setting next_dagrun for example_sensors to None, run_after=None
[2024-07-23T02:26:52.836+0000] {processor.py:183} INFO - Processing /home/airflow/.local/lib/python3.12/site-packages/airflow/example_dags/example_sensors.py took 0.385 seconds
[2024-07-23T02:27:23.850+0000] {processor.py:161} INFO - Started process (PID=3440) to work on /home/airflow/.local/lib/python3.12/site-packages/airflow/example_dags/example_sensors.py
[2024-07-23T02:27:23.853+0000] {processor.py:830} INFO - Processing file /home/airflow/.local/lib/python3.12/site-packages/airflow/example_dags/example_sensors.py for tasks to queue
[2024-07-23T02:27:23.859+0000] {logging_mixin.py:188} INFO - [2024-07-23T02:27:23.857+0000] {dagbag.py:545} INFO - Filling up the DagBag from /home/airflow/.local/lib/python3.12/site-packages/airflow/example_dags/example_sensors.py
[2024-07-23T02:27:23.895+0000] {processor.py:840} INFO - DAG(s) 'example_sensors' retrieved from /home/airflow/.local/lib/python3.12/site-packages/airflow/example_dags/example_sensors.py
[2024-07-23T02:27:23.999+0000] {logging_mixin.py:188} INFO - [2024-07-23T02:27:23.998+0000] {dag.py:3089} INFO - Sync 1 DAGs
[2024-07-23T02:27:24.058+0000] {logging_mixin.py:188} INFO - [2024-07-23T02:27:24.058+0000] {dag.py:3947} INFO - Setting next_dagrun for example_sensors to None, run_after=None
[2024-07-23T02:27:24.136+0000] {processor.py:183} INFO - Processing /home/airflow/.local/lib/python3.12/site-packages/airflow/example_dags/example_sensors.py took 0.311 seconds
[2024-07-23T02:27:54.955+0000] {processor.py:161} INFO - Started process (PID=3500) to work on /home/airflow/.local/lib/python3.12/site-packages/airflow/example_dags/example_sensors.py
[2024-07-23T02:27:54.957+0000] {processor.py:830} INFO - Processing file /home/airflow/.local/lib/python3.12/site-packages/airflow/example_dags/example_sensors.py for tasks to queue
[2024-07-23T02:27:54.959+0000] {logging_mixin.py:188} INFO - [2024-07-23T02:27:54.959+0000] {dagbag.py:545} INFO - Filling up the DagBag from /home/airflow/.local/lib/python3.12/site-packages/airflow/example_dags/example_sensors.py
[2024-07-23T02:27:54.969+0000] {processor.py:840} INFO - DAG(s) 'example_sensors' retrieved from /home/airflow/.local/lib/python3.12/site-packages/airflow/example_dags/example_sensors.py
[2024-07-23T02:27:54.997+0000] {logging_mixin.py:188} INFO - [2024-07-23T02:27:54.997+0000] {dag.py:3089} INFO - Sync 1 DAGs
[2024-07-23T02:27:55.010+0000] {logging_mixin.py:188} INFO - [2024-07-23T02:27:55.010+0000] {dag.py:3947} INFO - Setting next_dagrun for example_sensors to None, run_after=None
[2024-07-23T02:27:55.032+0000] {processor.py:183} INFO - Processing /home/airflow/.local/lib/python3.12/site-packages/airflow/example_dags/example_sensors.py took 0.083 seconds
