[2024-07-23T01:58:22.963+0000] {processor.py:161} INFO - Started process (PID=95) to work on /home/airflow/.local/lib/python3.12/site-packages/airflow/example_dags/example_skip_dag.py
[2024-07-23T01:58:22.964+0000] {processor.py:830} INFO - Processing file /home/airflow/.local/lib/python3.12/site-packages/airflow/example_dags/example_skip_dag.py for tasks to queue
[2024-07-23T01:58:22.966+0000] {logging_mixin.py:188} INFO - [2024-07-23T01:58:22.966+0000] {dagbag.py:545} INFO - Filling up the DagBag from /home/airflow/.local/lib/python3.12/site-packages/airflow/example_dags/example_skip_dag.py
[2024-07-23T01:58:22.974+0000] {processor.py:840} INFO - DAG(s) 'example_skip_dag' retrieved from /home/airflow/.local/lib/python3.12/site-packages/airflow/example_dags/example_skip_dag.py
[2024-07-23T01:58:23.121+0000] {logging_mixin.py:188} INFO - [2024-07-23T01:58:23.121+0000] {dag.py:3089} INFO - Sync 1 DAGs
[2024-07-23T01:58:23.150+0000] {logging_mixin.py:188} INFO - [2024-07-23T01:58:23.150+0000] {dag.py:3947} INFO - Setting next_dagrun for example_skip_dag to 2024-07-22 00:00:00+00:00, run_after=2024-07-23 00:00:00+00:00
[2024-07-23T01:58:23.176+0000] {processor.py:183} INFO - Processing /home/airflow/.local/lib/python3.12/site-packages/airflow/example_dags/example_skip_dag.py took 0.221 seconds
[2024-07-23T01:58:53.494+0000] {processor.py:161} INFO - Started process (PID=153) to work on /home/airflow/.local/lib/python3.12/site-packages/airflow/example_dags/example_skip_dag.py
[2024-07-23T01:58:53.496+0000] {processor.py:830} INFO - Processing file /home/airflow/.local/lib/python3.12/site-packages/airflow/example_dags/example_skip_dag.py for tasks to queue
[2024-07-23T01:58:53.498+0000] {logging_mixin.py:188} INFO - [2024-07-23T01:58:53.497+0000] {dagbag.py:545} INFO - Filling up the DagBag from /home/airflow/.local/lib/python3.12/site-packages/airflow/example_dags/example_skip_dag.py
[2024-07-23T01:58:53.507+0000] {processor.py:840} INFO - DAG(s) 'example_skip_dag' retrieved from /home/airflow/.local/lib/python3.12/site-packages/airflow/example_dags/example_skip_dag.py
[2024-07-23T01:58:53.538+0000] {logging_mixin.py:188} INFO - [2024-07-23T01:58:53.537+0000] {dag.py:3089} INFO - Sync 1 DAGs
[2024-07-23T01:58:53.568+0000] {logging_mixin.py:188} INFO - [2024-07-23T01:58:53.568+0000] {dag.py:3947} INFO - Setting next_dagrun for example_skip_dag to 2024-07-22 00:00:00+00:00, run_after=2024-07-23 00:00:00+00:00
[2024-07-23T01:58:53.595+0000] {processor.py:183} INFO - Processing /home/airflow/.local/lib/python3.12/site-packages/airflow/example_dags/example_skip_dag.py took 0.108 seconds
[2024-07-23T01:59:23.906+0000] {processor.py:161} INFO - Started process (PID=211) to work on /home/airflow/.local/lib/python3.12/site-packages/airflow/example_dags/example_skip_dag.py
[2024-07-23T01:59:23.909+0000] {processor.py:830} INFO - Processing file /home/airflow/.local/lib/python3.12/site-packages/airflow/example_dags/example_skip_dag.py for tasks to queue
[2024-07-23T01:59:23.911+0000] {logging_mixin.py:188} INFO - [2024-07-23T01:59:23.911+0000] {dagbag.py:545} INFO - Filling up the DagBag from /home/airflow/.local/lib/python3.12/site-packages/airflow/example_dags/example_skip_dag.py
[2024-07-23T01:59:23.923+0000] {processor.py:840} INFO - DAG(s) 'example_skip_dag' retrieved from /home/airflow/.local/lib/python3.12/site-packages/airflow/example_dags/example_skip_dag.py
[2024-07-23T01:59:23.950+0000] {logging_mixin.py:188} INFO - [2024-07-23T01:59:23.950+0000] {dag.py:3089} INFO - Sync 1 DAGs
[2024-07-23T01:59:23.977+0000] {logging_mixin.py:188} INFO - [2024-07-23T01:59:23.977+0000] {dag.py:3947} INFO - Setting next_dagrun for example_skip_dag to 2024-07-22 00:00:00+00:00, run_after=2024-07-23 00:00:00+00:00
[2024-07-23T01:59:24.003+0000] {processor.py:183} INFO - Processing /home/airflow/.local/lib/python3.12/site-packages/airflow/example_dags/example_skip_dag.py took 0.105 seconds
[2024-07-23T01:59:54.239+0000] {processor.py:161} INFO - Started process (PID=269) to work on /home/airflow/.local/lib/python3.12/site-packages/airflow/example_dags/example_skip_dag.py
[2024-07-23T01:59:54.240+0000] {processor.py:830} INFO - Processing file /home/airflow/.local/lib/python3.12/site-packages/airflow/example_dags/example_skip_dag.py for tasks to queue
[2024-07-23T01:59:54.242+0000] {logging_mixin.py:188} INFO - [2024-07-23T01:59:54.241+0000] {dagbag.py:545} INFO - Filling up the DagBag from /home/airflow/.local/lib/python3.12/site-packages/airflow/example_dags/example_skip_dag.py
[2024-07-23T01:59:54.248+0000] {processor.py:840} INFO - DAG(s) 'example_skip_dag' retrieved from /home/airflow/.local/lib/python3.12/site-packages/airflow/example_dags/example_skip_dag.py
[2024-07-23T01:59:54.274+0000] {logging_mixin.py:188} INFO - [2024-07-23T01:59:54.274+0000] {dag.py:3089} INFO - Sync 1 DAGs
[2024-07-23T01:59:54.298+0000] {logging_mixin.py:188} INFO - [2024-07-23T01:59:54.298+0000] {dag.py:3947} INFO - Setting next_dagrun for example_skip_dag to 2024-07-22 00:00:00+00:00, run_after=2024-07-23 00:00:00+00:00
[2024-07-23T01:59:54.319+0000] {processor.py:183} INFO - Processing /home/airflow/.local/lib/python3.12/site-packages/airflow/example_dags/example_skip_dag.py took 0.087 seconds
[2024-07-23T02:00:24.535+0000] {processor.py:161} INFO - Started process (PID=327) to work on /home/airflow/.local/lib/python3.12/site-packages/airflow/example_dags/example_skip_dag.py
[2024-07-23T02:00:24.536+0000] {processor.py:830} INFO - Processing file /home/airflow/.local/lib/python3.12/site-packages/airflow/example_dags/example_skip_dag.py for tasks to queue
[2024-07-23T02:00:24.538+0000] {logging_mixin.py:188} INFO - [2024-07-23T02:00:24.537+0000] {dagbag.py:545} INFO - Filling up the DagBag from /home/airflow/.local/lib/python3.12/site-packages/airflow/example_dags/example_skip_dag.py
[2024-07-23T02:00:24.546+0000] {processor.py:840} INFO - DAG(s) 'example_skip_dag' retrieved from /home/airflow/.local/lib/python3.12/site-packages/airflow/example_dags/example_skip_dag.py
[2024-07-23T02:00:24.572+0000] {logging_mixin.py:188} INFO - [2024-07-23T02:00:24.572+0000] {dag.py:3089} INFO - Sync 1 DAGs
[2024-07-23T02:00:24.598+0000] {logging_mixin.py:188} INFO - [2024-07-23T02:00:24.598+0000] {dag.py:3947} INFO - Setting next_dagrun for example_skip_dag to 2024-07-22 00:00:00+00:00, run_after=2024-07-23 00:00:00+00:00
[2024-07-23T02:00:24.636+0000] {processor.py:183} INFO - Processing /home/airflow/.local/lib/python3.12/site-packages/airflow/example_dags/example_skip_dag.py took 0.108 seconds
[2024-07-23T02:00:54.981+0000] {processor.py:161} INFO - Started process (PID=384) to work on /home/airflow/.local/lib/python3.12/site-packages/airflow/example_dags/example_skip_dag.py
[2024-07-23T02:00:54.982+0000] {processor.py:830} INFO - Processing file /home/airflow/.local/lib/python3.12/site-packages/airflow/example_dags/example_skip_dag.py for tasks to queue
[2024-07-23T02:00:54.984+0000] {logging_mixin.py:188} INFO - [2024-07-23T02:00:54.983+0000] {dagbag.py:545} INFO - Filling up the DagBag from /home/airflow/.local/lib/python3.12/site-packages/airflow/example_dags/example_skip_dag.py
[2024-07-23T02:00:54.991+0000] {processor.py:840} INFO - DAG(s) 'example_skip_dag' retrieved from /home/airflow/.local/lib/python3.12/site-packages/airflow/example_dags/example_skip_dag.py
[2024-07-23T02:00:55.020+0000] {logging_mixin.py:188} INFO - [2024-07-23T02:00:55.020+0000] {dag.py:3089} INFO - Sync 1 DAGs
[2024-07-23T02:00:55.047+0000] {logging_mixin.py:188} INFO - [2024-07-23T02:00:55.046+0000] {dag.py:3947} INFO - Setting next_dagrun for example_skip_dag to 2024-07-22 00:00:00+00:00, run_after=2024-07-23 00:00:00+00:00
[2024-07-23T02:00:55.069+0000] {processor.py:183} INFO - Processing /home/airflow/.local/lib/python3.12/site-packages/airflow/example_dags/example_skip_dag.py took 0.096 seconds
[2024-07-23T02:01:25.997+0000] {processor.py:161} INFO - Started process (PID=441) to work on /home/airflow/.local/lib/python3.12/site-packages/airflow/example_dags/example_skip_dag.py
[2024-07-23T02:01:25.999+0000] {processor.py:830} INFO - Processing file /home/airflow/.local/lib/python3.12/site-packages/airflow/example_dags/example_skip_dag.py for tasks to queue
[2024-07-23T02:01:26.001+0000] {logging_mixin.py:188} INFO - [2024-07-23T02:01:26.000+0000] {dagbag.py:545} INFO - Filling up the DagBag from /home/airflow/.local/lib/python3.12/site-packages/airflow/example_dags/example_skip_dag.py
[2024-07-23T02:01:26.012+0000] {processor.py:840} INFO - DAG(s) 'example_skip_dag' retrieved from /home/airflow/.local/lib/python3.12/site-packages/airflow/example_dags/example_skip_dag.py
[2024-07-23T02:01:26.046+0000] {logging_mixin.py:188} INFO - [2024-07-23T02:01:26.046+0000] {dag.py:3089} INFO - Sync 1 DAGs
[2024-07-23T02:01:26.080+0000] {logging_mixin.py:188} INFO - [2024-07-23T02:01:26.079+0000] {dag.py:3947} INFO - Setting next_dagrun for example_skip_dag to 2024-07-22 00:00:00+00:00, run_after=2024-07-23 00:00:00+00:00
[2024-07-23T02:01:26.104+0000] {processor.py:183} INFO - Processing /home/airflow/.local/lib/python3.12/site-packages/airflow/example_dags/example_skip_dag.py took 0.115 seconds
[2024-07-23T02:01:56.207+0000] {processor.py:161} INFO - Started process (PID=498) to work on /home/airflow/.local/lib/python3.12/site-packages/airflow/example_dags/example_skip_dag.py
[2024-07-23T02:01:56.207+0000] {processor.py:830} INFO - Processing file /home/airflow/.local/lib/python3.12/site-packages/airflow/example_dags/example_skip_dag.py for tasks to queue
[2024-07-23T02:01:56.210+0000] {logging_mixin.py:188} INFO - [2024-07-23T02:01:56.209+0000] {dagbag.py:545} INFO - Filling up the DagBag from /home/airflow/.local/lib/python3.12/site-packages/airflow/example_dags/example_skip_dag.py
[2024-07-23T02:01:56.217+0000] {processor.py:840} INFO - DAG(s) 'example_skip_dag' retrieved from /home/airflow/.local/lib/python3.12/site-packages/airflow/example_dags/example_skip_dag.py
[2024-07-23T02:01:56.245+0000] {logging_mixin.py:188} INFO - [2024-07-23T02:01:56.245+0000] {dag.py:3089} INFO - Sync 1 DAGs
[2024-07-23T02:01:56.279+0000] {logging_mixin.py:188} INFO - [2024-07-23T02:01:56.279+0000] {dag.py:3947} INFO - Setting next_dagrun for example_skip_dag to 2024-07-22 00:00:00+00:00, run_after=2024-07-23 00:00:00+00:00
[2024-07-23T02:01:56.309+0000] {processor.py:183} INFO - Processing /home/airflow/.local/lib/python3.12/site-packages/airflow/example_dags/example_skip_dag.py took 0.109 seconds
[2024-07-23T02:02:26.494+0000] {processor.py:161} INFO - Started process (PID=557) to work on /home/airflow/.local/lib/python3.12/site-packages/airflow/example_dags/example_skip_dag.py
[2024-07-23T02:02:26.496+0000] {processor.py:830} INFO - Processing file /home/airflow/.local/lib/python3.12/site-packages/airflow/example_dags/example_skip_dag.py for tasks to queue
[2024-07-23T02:02:26.497+0000] {logging_mixin.py:188} INFO - [2024-07-23T02:02:26.497+0000] {dagbag.py:545} INFO - Filling up the DagBag from /home/airflow/.local/lib/python3.12/site-packages/airflow/example_dags/example_skip_dag.py
[2024-07-23T02:02:26.504+0000] {processor.py:840} INFO - DAG(s) 'example_skip_dag' retrieved from /home/airflow/.local/lib/python3.12/site-packages/airflow/example_dags/example_skip_dag.py
[2024-07-23T02:02:26.531+0000] {logging_mixin.py:188} INFO - [2024-07-23T02:02:26.530+0000] {dag.py:3089} INFO - Sync 1 DAGs
[2024-07-23T02:02:26.554+0000] {logging_mixin.py:188} INFO - [2024-07-23T02:02:26.554+0000] {dag.py:3947} INFO - Setting next_dagrun for example_skip_dag to 2024-07-22 00:00:00+00:00, run_after=2024-07-23 00:00:00+00:00
[2024-07-23T02:02:26.576+0000] {processor.py:183} INFO - Processing /home/airflow/.local/lib/python3.12/site-packages/airflow/example_dags/example_skip_dag.py took 0.089 seconds
[2024-07-23T02:02:57.270+0000] {processor.py:161} INFO - Started process (PID=616) to work on /home/airflow/.local/lib/python3.12/site-packages/airflow/example_dags/example_skip_dag.py
[2024-07-23T02:02:57.271+0000] {processor.py:830} INFO - Processing file /home/airflow/.local/lib/python3.12/site-packages/airflow/example_dags/example_skip_dag.py for tasks to queue
[2024-07-23T02:02:57.274+0000] {logging_mixin.py:188} INFO - [2024-07-23T02:02:57.273+0000] {dagbag.py:545} INFO - Filling up the DagBag from /home/airflow/.local/lib/python3.12/site-packages/airflow/example_dags/example_skip_dag.py
[2024-07-23T02:02:57.283+0000] {processor.py:840} INFO - DAG(s) 'example_skip_dag' retrieved from /home/airflow/.local/lib/python3.12/site-packages/airflow/example_dags/example_skip_dag.py
[2024-07-23T02:02:57.315+0000] {logging_mixin.py:188} INFO - [2024-07-23T02:02:57.315+0000] {dag.py:3089} INFO - Sync 1 DAGs
[2024-07-23T02:02:57.357+0000] {logging_mixin.py:188} INFO - [2024-07-23T02:02:57.357+0000] {dag.py:3947} INFO - Setting next_dagrun for example_skip_dag to 2024-07-22 00:00:00+00:00, run_after=2024-07-23 00:00:00+00:00
[2024-07-23T02:02:57.394+0000] {processor.py:183} INFO - Processing /home/airflow/.local/lib/python3.12/site-packages/airflow/example_dags/example_skip_dag.py took 0.134 seconds
[2024-07-23T02:03:28.253+0000] {processor.py:161} INFO - Started process (PID=676) to work on /home/airflow/.local/lib/python3.12/site-packages/airflow/example_dags/example_skip_dag.py
[2024-07-23T02:03:28.254+0000] {processor.py:830} INFO - Processing file /home/airflow/.local/lib/python3.12/site-packages/airflow/example_dags/example_skip_dag.py for tasks to queue
[2024-07-23T02:03:28.258+0000] {logging_mixin.py:188} INFO - [2024-07-23T02:03:28.258+0000] {dagbag.py:545} INFO - Filling up the DagBag from /home/airflow/.local/lib/python3.12/site-packages/airflow/example_dags/example_skip_dag.py
[2024-07-23T02:03:28.270+0000] {processor.py:840} INFO - DAG(s) 'example_skip_dag' retrieved from /home/airflow/.local/lib/python3.12/site-packages/airflow/example_dags/example_skip_dag.py
[2024-07-23T02:03:28.308+0000] {logging_mixin.py:188} INFO - [2024-07-23T02:03:28.308+0000] {dag.py:3089} INFO - Sync 1 DAGs
[2024-07-23T02:03:28.351+0000] {logging_mixin.py:188} INFO - [2024-07-23T02:03:28.351+0000] {dag.py:3947} INFO - Setting next_dagrun for example_skip_dag to 2024-07-22 00:00:00+00:00, run_after=2024-07-23 00:00:00+00:00
[2024-07-23T02:03:28.391+0000] {processor.py:183} INFO - Processing /home/airflow/.local/lib/python3.12/site-packages/airflow/example_dags/example_skip_dag.py took 0.149 seconds
[2024-07-23T02:04:04.067+0000] {processor.py:161} INFO - Started process (PID=735) to work on /home/airflow/.local/lib/python3.12/site-packages/airflow/example_dags/example_skip_dag.py
[2024-07-23T02:04:04.072+0000] {processor.py:830} INFO - Processing file /home/airflow/.local/lib/python3.12/site-packages/airflow/example_dags/example_skip_dag.py for tasks to queue
[2024-07-23T02:04:04.085+0000] {logging_mixin.py:188} INFO - [2024-07-23T02:04:04.081+0000] {dagbag.py:545} INFO - Filling up the DagBag from /home/airflow/.local/lib/python3.12/site-packages/airflow/example_dags/example_skip_dag.py
[2024-07-23T02:04:04.133+0000] {processor.py:840} INFO - DAG(s) 'example_skip_dag' retrieved from /home/airflow/.local/lib/python3.12/site-packages/airflow/example_dags/example_skip_dag.py
[2024-07-23T02:04:04.290+0000] {logging_mixin.py:188} INFO - [2024-07-23T02:04:04.288+0000] {dag.py:3089} INFO - Sync 1 DAGs
[2024-07-23T02:04:04.480+0000] {logging_mixin.py:188} INFO - [2024-07-23T02:04:04.478+0000] {dag.py:3947} INFO - Setting next_dagrun for example_skip_dag to 2024-07-22 00:00:00+00:00, run_after=2024-07-23 00:00:00+00:00
[2024-07-23T02:04:04.605+0000] {processor.py:183} INFO - Processing /home/airflow/.local/lib/python3.12/site-packages/airflow/example_dags/example_skip_dag.py took 0.576 seconds
[2024-07-23T02:04:36.140+0000] {processor.py:161} INFO - Started process (PID=794) to work on /home/airflow/.local/lib/python3.12/site-packages/airflow/example_dags/example_skip_dag.py
[2024-07-23T02:04:36.146+0000] {processor.py:830} INFO - Processing file /home/airflow/.local/lib/python3.12/site-packages/airflow/example_dags/example_skip_dag.py for tasks to queue
[2024-07-23T02:04:36.157+0000] {logging_mixin.py:188} INFO - [2024-07-23T02:04:36.155+0000] {dagbag.py:545} INFO - Filling up the DagBag from /home/airflow/.local/lib/python3.12/site-packages/airflow/example_dags/example_skip_dag.py
[2024-07-23T02:04:36.199+0000] {processor.py:840} INFO - DAG(s) 'example_skip_dag' retrieved from /home/airflow/.local/lib/python3.12/site-packages/airflow/example_dags/example_skip_dag.py
[2024-07-23T02:04:36.301+0000] {logging_mixin.py:188} INFO - [2024-07-23T02:04:36.300+0000] {dag.py:3089} INFO - Sync 1 DAGs
[2024-07-23T02:04:36.417+0000] {logging_mixin.py:188} INFO - [2024-07-23T02:04:36.416+0000] {dag.py:3947} INFO - Setting next_dagrun for example_skip_dag to 2024-07-22 00:00:00+00:00, run_after=2024-07-23 00:00:00+00:00
[2024-07-23T02:04:36.571+0000] {processor.py:183} INFO - Processing /home/airflow/.local/lib/python3.12/site-packages/airflow/example_dags/example_skip_dag.py took 0.473 seconds
[2024-07-23T02:05:07.528+0000] {processor.py:161} INFO - Started process (PID=853) to work on /home/airflow/.local/lib/python3.12/site-packages/airflow/example_dags/example_skip_dag.py
[2024-07-23T02:05:07.535+0000] {processor.py:830} INFO - Processing file /home/airflow/.local/lib/python3.12/site-packages/airflow/example_dags/example_skip_dag.py for tasks to queue
[2024-07-23T02:05:07.547+0000] {logging_mixin.py:188} INFO - [2024-07-23T02:05:07.544+0000] {dagbag.py:545} INFO - Filling up the DagBag from /home/airflow/.local/lib/python3.12/site-packages/airflow/example_dags/example_skip_dag.py
[2024-07-23T02:05:07.594+0000] {processor.py:840} INFO - DAG(s) 'example_skip_dag' retrieved from /home/airflow/.local/lib/python3.12/site-packages/airflow/example_dags/example_skip_dag.py
[2024-07-23T02:05:07.781+0000] {logging_mixin.py:188} INFO - [2024-07-23T02:05:07.779+0000] {dag.py:3089} INFO - Sync 1 DAGs
[2024-07-23T02:05:07.945+0000] {logging_mixin.py:188} INFO - [2024-07-23T02:05:07.943+0000] {dag.py:3947} INFO - Setting next_dagrun for example_skip_dag to 2024-07-22 00:00:00+00:00, run_after=2024-07-23 00:00:00+00:00
[2024-07-23T02:05:08.056+0000] {processor.py:183} INFO - Processing /home/airflow/.local/lib/python3.12/site-packages/airflow/example_dags/example_skip_dag.py took 0.570 seconds
[2024-07-23T02:05:39.806+0000] {processor.py:161} INFO - Started process (PID=912) to work on /home/airflow/.local/lib/python3.12/site-packages/airflow/example_dags/example_skip_dag.py
[2024-07-23T02:05:39.811+0000] {processor.py:830} INFO - Processing file /home/airflow/.local/lib/python3.12/site-packages/airflow/example_dags/example_skip_dag.py for tasks to queue
[2024-07-23T02:05:39.822+0000] {logging_mixin.py:188} INFO - [2024-07-23T02:05:39.820+0000] {dagbag.py:545} INFO - Filling up the DagBag from /home/airflow/.local/lib/python3.12/site-packages/airflow/example_dags/example_skip_dag.py
[2024-07-23T02:05:39.862+0000] {processor.py:840} INFO - DAG(s) 'example_skip_dag' retrieved from /home/airflow/.local/lib/python3.12/site-packages/airflow/example_dags/example_skip_dag.py
[2024-07-23T02:05:39.999+0000] {logging_mixin.py:188} INFO - [2024-07-23T02:05:39.997+0000] {dag.py:3089} INFO - Sync 1 DAGs
[2024-07-23T02:05:40.131+0000] {logging_mixin.py:188} INFO - [2024-07-23T02:05:40.130+0000] {dag.py:3947} INFO - Setting next_dagrun for example_skip_dag to 2024-07-22 00:00:00+00:00, run_after=2024-07-23 00:00:00+00:00
[2024-07-23T02:05:40.217+0000] {processor.py:183} INFO - Processing /home/airflow/.local/lib/python3.12/site-packages/airflow/example_dags/example_skip_dag.py took 0.440 seconds
[2024-07-23T02:06:10.976+0000] {processor.py:161} INFO - Started process (PID=971) to work on /home/airflow/.local/lib/python3.12/site-packages/airflow/example_dags/example_skip_dag.py
[2024-07-23T02:06:10.977+0000] {processor.py:830} INFO - Processing file /home/airflow/.local/lib/python3.12/site-packages/airflow/example_dags/example_skip_dag.py for tasks to queue
[2024-07-23T02:06:10.979+0000] {logging_mixin.py:188} INFO - [2024-07-23T02:06:10.979+0000] {dagbag.py:545} INFO - Filling up the DagBag from /home/airflow/.local/lib/python3.12/site-packages/airflow/example_dags/example_skip_dag.py
[2024-07-23T02:06:10.987+0000] {processor.py:840} INFO - DAG(s) 'example_skip_dag' retrieved from /home/airflow/.local/lib/python3.12/site-packages/airflow/example_dags/example_skip_dag.py
[2024-07-23T02:06:11.016+0000] {logging_mixin.py:188} INFO - [2024-07-23T02:06:11.015+0000] {dag.py:3089} INFO - Sync 1 DAGs
[2024-07-23T02:06:11.043+0000] {logging_mixin.py:188} INFO - [2024-07-23T02:06:11.043+0000] {dag.py:3947} INFO - Setting next_dagrun for example_skip_dag to 2024-07-22 00:00:00+00:00, run_after=2024-07-23 00:00:00+00:00
[2024-07-23T02:06:11.071+0000] {processor.py:183} INFO - Processing /home/airflow/.local/lib/python3.12/site-packages/airflow/example_dags/example_skip_dag.py took 0.103 seconds
[2024-07-23T02:06:41.647+0000] {processor.py:161} INFO - Started process (PID=1030) to work on /home/airflow/.local/lib/python3.12/site-packages/airflow/example_dags/example_skip_dag.py
[2024-07-23T02:06:41.649+0000] {processor.py:830} INFO - Processing file /home/airflow/.local/lib/python3.12/site-packages/airflow/example_dags/example_skip_dag.py for tasks to queue
[2024-07-23T02:06:41.651+0000] {logging_mixin.py:188} INFO - [2024-07-23T02:06:41.651+0000] {dagbag.py:545} INFO - Filling up the DagBag from /home/airflow/.local/lib/python3.12/site-packages/airflow/example_dags/example_skip_dag.py
[2024-07-23T02:06:41.658+0000] {processor.py:840} INFO - DAG(s) 'example_skip_dag' retrieved from /home/airflow/.local/lib/python3.12/site-packages/airflow/example_dags/example_skip_dag.py
[2024-07-23T02:06:41.686+0000] {logging_mixin.py:188} INFO - [2024-07-23T02:06:41.686+0000] {dag.py:3089} INFO - Sync 1 DAGs
[2024-07-23T02:06:41.715+0000] {logging_mixin.py:188} INFO - [2024-07-23T02:06:41.715+0000] {dag.py:3947} INFO - Setting next_dagrun for example_skip_dag to 2024-07-22 00:00:00+00:00, run_after=2024-07-23 00:00:00+00:00
[2024-07-23T02:06:41.743+0000] {processor.py:183} INFO - Processing /home/airflow/.local/lib/python3.12/site-packages/airflow/example_dags/example_skip_dag.py took 0.104 seconds
[2024-07-23T02:07:11.897+0000] {processor.py:161} INFO - Started process (PID=1089) to work on /home/airflow/.local/lib/python3.12/site-packages/airflow/example_dags/example_skip_dag.py
[2024-07-23T02:07:11.897+0000] {processor.py:830} INFO - Processing file /home/airflow/.local/lib/python3.12/site-packages/airflow/example_dags/example_skip_dag.py for tasks to queue
[2024-07-23T02:07:11.900+0000] {logging_mixin.py:188} INFO - [2024-07-23T02:07:11.899+0000] {dagbag.py:545} INFO - Filling up the DagBag from /home/airflow/.local/lib/python3.12/site-packages/airflow/example_dags/example_skip_dag.py
[2024-07-23T02:07:11.908+0000] {processor.py:840} INFO - DAG(s) 'example_skip_dag' retrieved from /home/airflow/.local/lib/python3.12/site-packages/airflow/example_dags/example_skip_dag.py
[2024-07-23T02:07:11.934+0000] {logging_mixin.py:188} INFO - [2024-07-23T02:07:11.934+0000] {dag.py:3089} INFO - Sync 1 DAGs
[2024-07-23T02:07:11.964+0000] {logging_mixin.py:188} INFO - [2024-07-23T02:07:11.964+0000] {dag.py:3947} INFO - Setting next_dagrun for example_skip_dag to 2024-07-22 00:00:00+00:00, run_after=2024-07-23 00:00:00+00:00
[2024-07-23T02:07:11.995+0000] {processor.py:183} INFO - Processing /home/airflow/.local/lib/python3.12/site-packages/airflow/example_dags/example_skip_dag.py took 0.106 seconds
[2024-07-23T02:07:43.034+0000] {processor.py:161} INFO - Started process (PID=1148) to work on /home/airflow/.local/lib/python3.12/site-packages/airflow/example_dags/example_skip_dag.py
[2024-07-23T02:07:43.038+0000] {processor.py:830} INFO - Processing file /home/airflow/.local/lib/python3.12/site-packages/airflow/example_dags/example_skip_dag.py for tasks to queue
[2024-07-23T02:07:43.044+0000] {logging_mixin.py:188} INFO - [2024-07-23T02:07:43.043+0000] {dagbag.py:545} INFO - Filling up the DagBag from /home/airflow/.local/lib/python3.12/site-packages/airflow/example_dags/example_skip_dag.py
[2024-07-23T02:07:43.067+0000] {processor.py:840} INFO - DAG(s) 'example_skip_dag' retrieved from /home/airflow/.local/lib/python3.12/site-packages/airflow/example_dags/example_skip_dag.py
[2024-07-23T02:07:43.148+0000] {logging_mixin.py:188} INFO - [2024-07-23T02:07:43.147+0000] {dag.py:3089} INFO - Sync 1 DAGs
[2024-07-23T02:07:43.232+0000] {logging_mixin.py:188} INFO - [2024-07-23T02:07:43.231+0000] {dag.py:3947} INFO - Setting next_dagrun for example_skip_dag to 2024-07-22 00:00:00+00:00, run_after=2024-07-23 00:00:00+00:00
[2024-07-23T02:07:43.304+0000] {processor.py:183} INFO - Processing /home/airflow/.local/lib/python3.12/site-packages/airflow/example_dags/example_skip_dag.py took 0.291 seconds
[2024-07-23T02:08:13.789+0000] {processor.py:161} INFO - Started process (PID=1208) to work on /home/airflow/.local/lib/python3.12/site-packages/airflow/example_dags/example_skip_dag.py
[2024-07-23T02:08:13.789+0000] {processor.py:830} INFO - Processing file /home/airflow/.local/lib/python3.12/site-packages/airflow/example_dags/example_skip_dag.py for tasks to queue
[2024-07-23T02:08:13.791+0000] {logging_mixin.py:188} INFO - [2024-07-23T02:08:13.791+0000] {dagbag.py:545} INFO - Filling up the DagBag from /home/airflow/.local/lib/python3.12/site-packages/airflow/example_dags/example_skip_dag.py
[2024-07-23T02:08:13.799+0000] {processor.py:840} INFO - DAG(s) 'example_skip_dag' retrieved from /home/airflow/.local/lib/python3.12/site-packages/airflow/example_dags/example_skip_dag.py
[2024-07-23T02:08:13.824+0000] {logging_mixin.py:188} INFO - [2024-07-23T02:08:13.823+0000] {dag.py:3089} INFO - Sync 1 DAGs
[2024-07-23T02:08:13.848+0000] {logging_mixin.py:188} INFO - [2024-07-23T02:08:13.847+0000] {dag.py:3947} INFO - Setting next_dagrun for example_skip_dag to 2024-07-22 00:00:00+00:00, run_after=2024-07-23 00:00:00+00:00
[2024-07-23T02:08:13.871+0000] {processor.py:183} INFO - Processing /home/airflow/.local/lib/python3.12/site-packages/airflow/example_dags/example_skip_dag.py took 0.089 seconds
[2024-07-23T02:08:44.701+0000] {processor.py:161} INFO - Started process (PID=1266) to work on /home/airflow/.local/lib/python3.12/site-packages/airflow/example_dags/example_skip_dag.py
[2024-07-23T02:08:44.703+0000] {processor.py:830} INFO - Processing file /home/airflow/.local/lib/python3.12/site-packages/airflow/example_dags/example_skip_dag.py for tasks to queue
[2024-07-23T02:08:44.705+0000] {logging_mixin.py:188} INFO - [2024-07-23T02:08:44.705+0000] {dagbag.py:545} INFO - Filling up the DagBag from /home/airflow/.local/lib/python3.12/site-packages/airflow/example_dags/example_skip_dag.py
[2024-07-23T02:08:44.713+0000] {processor.py:840} INFO - DAG(s) 'example_skip_dag' retrieved from /home/airflow/.local/lib/python3.12/site-packages/airflow/example_dags/example_skip_dag.py
[2024-07-23T02:08:44.741+0000] {logging_mixin.py:188} INFO - [2024-07-23T02:08:44.741+0000] {dag.py:3089} INFO - Sync 1 DAGs
[2024-07-23T02:08:44.767+0000] {logging_mixin.py:188} INFO - [2024-07-23T02:08:44.767+0000] {dag.py:3947} INFO - Setting next_dagrun for example_skip_dag to 2024-07-22 00:00:00+00:00, run_after=2024-07-23 00:00:00+00:00
[2024-07-23T02:08:44.791+0000] {processor.py:183} INFO - Processing /home/airflow/.local/lib/python3.12/site-packages/airflow/example_dags/example_skip_dag.py took 0.097 seconds
[2024-07-23T02:09:15.509+0000] {processor.py:161} INFO - Started process (PID=1325) to work on /home/airflow/.local/lib/python3.12/site-packages/airflow/example_dags/example_skip_dag.py
[2024-07-23T02:09:15.510+0000] {processor.py:830} INFO - Processing file /home/airflow/.local/lib/python3.12/site-packages/airflow/example_dags/example_skip_dag.py for tasks to queue
[2024-07-23T02:09:15.513+0000] {logging_mixin.py:188} INFO - [2024-07-23T02:09:15.512+0000] {dagbag.py:545} INFO - Filling up the DagBag from /home/airflow/.local/lib/python3.12/site-packages/airflow/example_dags/example_skip_dag.py
[2024-07-23T02:09:15.520+0000] {processor.py:840} INFO - DAG(s) 'example_skip_dag' retrieved from /home/airflow/.local/lib/python3.12/site-packages/airflow/example_dags/example_skip_dag.py
[2024-07-23T02:09:15.547+0000] {logging_mixin.py:188} INFO - [2024-07-23T02:09:15.546+0000] {dag.py:3089} INFO - Sync 1 DAGs
[2024-07-23T02:09:15.578+0000] {logging_mixin.py:188} INFO - [2024-07-23T02:09:15.577+0000] {dag.py:3947} INFO - Setting next_dagrun for example_skip_dag to 2024-07-22 00:00:00+00:00, run_after=2024-07-23 00:00:00+00:00
[2024-07-23T02:09:15.610+0000] {processor.py:183} INFO - Processing /home/airflow/.local/lib/python3.12/site-packages/airflow/example_dags/example_skip_dag.py took 0.108 seconds
[2024-07-23T02:09:45.771+0000] {processor.py:161} INFO - Started process (PID=1383) to work on /home/airflow/.local/lib/python3.12/site-packages/airflow/example_dags/example_skip_dag.py
[2024-07-23T02:09:45.772+0000] {processor.py:830} INFO - Processing file /home/airflow/.local/lib/python3.12/site-packages/airflow/example_dags/example_skip_dag.py for tasks to queue
[2024-07-23T02:09:45.774+0000] {logging_mixin.py:188} INFO - [2024-07-23T02:09:45.774+0000] {dagbag.py:545} INFO - Filling up the DagBag from /home/airflow/.local/lib/python3.12/site-packages/airflow/example_dags/example_skip_dag.py
[2024-07-23T02:09:45.782+0000] {processor.py:840} INFO - DAG(s) 'example_skip_dag' retrieved from /home/airflow/.local/lib/python3.12/site-packages/airflow/example_dags/example_skip_dag.py
[2024-07-23T02:09:45.805+0000] {logging_mixin.py:188} INFO - [2024-07-23T02:09:45.805+0000] {dag.py:3089} INFO - Sync 1 DAGs
[2024-07-23T02:09:45.829+0000] {logging_mixin.py:188} INFO - [2024-07-23T02:09:45.829+0000] {dag.py:3947} INFO - Setting next_dagrun for example_skip_dag to 2024-07-22 00:00:00+00:00, run_after=2024-07-23 00:00:00+00:00
[2024-07-23T02:09:45.851+0000] {processor.py:183} INFO - Processing /home/airflow/.local/lib/python3.12/site-packages/airflow/example_dags/example_skip_dag.py took 0.087 seconds
[2024-07-23T02:10:15.984+0000] {processor.py:161} INFO - Started process (PID=1442) to work on /home/airflow/.local/lib/python3.12/site-packages/airflow/example_dags/example_skip_dag.py
[2024-07-23T02:10:15.984+0000] {processor.py:830} INFO - Processing file /home/airflow/.local/lib/python3.12/site-packages/airflow/example_dags/example_skip_dag.py for tasks to queue
[2024-07-23T02:10:15.986+0000] {logging_mixin.py:188} INFO - [2024-07-23T02:10:15.986+0000] {dagbag.py:545} INFO - Filling up the DagBag from /home/airflow/.local/lib/python3.12/site-packages/airflow/example_dags/example_skip_dag.py
[2024-07-23T02:10:15.993+0000] {processor.py:840} INFO - DAG(s) 'example_skip_dag' retrieved from /home/airflow/.local/lib/python3.12/site-packages/airflow/example_dags/example_skip_dag.py
[2024-07-23T02:10:16.021+0000] {logging_mixin.py:188} INFO - [2024-07-23T02:10:16.021+0000] {dag.py:3089} INFO - Sync 1 DAGs
[2024-07-23T02:10:16.053+0000] {logging_mixin.py:188} INFO - [2024-07-23T02:10:16.053+0000] {dag.py:3947} INFO - Setting next_dagrun for example_skip_dag to 2024-07-22 00:00:00+00:00, run_after=2024-07-23 00:00:00+00:00
[2024-07-23T02:10:16.078+0000] {processor.py:183} INFO - Processing /home/airflow/.local/lib/python3.12/site-packages/airflow/example_dags/example_skip_dag.py took 0.101 seconds
[2024-07-23T02:10:46.245+0000] {processor.py:161} INFO - Started process (PID=1501) to work on /home/airflow/.local/lib/python3.12/site-packages/airflow/example_dags/example_skip_dag.py
[2024-07-23T02:10:46.247+0000] {processor.py:830} INFO - Processing file /home/airflow/.local/lib/python3.12/site-packages/airflow/example_dags/example_skip_dag.py for tasks to queue
[2024-07-23T02:10:46.249+0000] {logging_mixin.py:188} INFO - [2024-07-23T02:10:46.249+0000] {dagbag.py:545} INFO - Filling up the DagBag from /home/airflow/.local/lib/python3.12/site-packages/airflow/example_dags/example_skip_dag.py
[2024-07-23T02:10:46.257+0000] {processor.py:840} INFO - DAG(s) 'example_skip_dag' retrieved from /home/airflow/.local/lib/python3.12/site-packages/airflow/example_dags/example_skip_dag.py
[2024-07-23T02:10:46.285+0000] {logging_mixin.py:188} INFO - [2024-07-23T02:10:46.285+0000] {dag.py:3089} INFO - Sync 1 DAGs
[2024-07-23T02:10:46.313+0000] {logging_mixin.py:188} INFO - [2024-07-23T02:10:46.312+0000] {dag.py:3947} INFO - Setting next_dagrun for example_skip_dag to 2024-07-22 00:00:00+00:00, run_after=2024-07-23 00:00:00+00:00
[2024-07-23T02:10:46.336+0000] {processor.py:183} INFO - Processing /home/airflow/.local/lib/python3.12/site-packages/airflow/example_dags/example_skip_dag.py took 0.097 seconds
[2024-07-23T02:11:16.534+0000] {processor.py:161} INFO - Started process (PID=1560) to work on /home/airflow/.local/lib/python3.12/site-packages/airflow/example_dags/example_skip_dag.py
[2024-07-23T02:11:16.535+0000] {processor.py:830} INFO - Processing file /home/airflow/.local/lib/python3.12/site-packages/airflow/example_dags/example_skip_dag.py for tasks to queue
[2024-07-23T02:11:16.537+0000] {logging_mixin.py:188} INFO - [2024-07-23T02:11:16.537+0000] {dagbag.py:545} INFO - Filling up the DagBag from /home/airflow/.local/lib/python3.12/site-packages/airflow/example_dags/example_skip_dag.py
[2024-07-23T02:11:16.544+0000] {processor.py:840} INFO - DAG(s) 'example_skip_dag' retrieved from /home/airflow/.local/lib/python3.12/site-packages/airflow/example_dags/example_skip_dag.py
[2024-07-23T02:11:16.568+0000] {logging_mixin.py:188} INFO - [2024-07-23T02:11:16.568+0000] {dag.py:3089} INFO - Sync 1 DAGs
[2024-07-23T02:11:16.591+0000] {logging_mixin.py:188} INFO - [2024-07-23T02:11:16.591+0000] {dag.py:3947} INFO - Setting next_dagrun for example_skip_dag to 2024-07-22 00:00:00+00:00, run_after=2024-07-23 00:00:00+00:00
[2024-07-23T02:11:16.616+0000] {processor.py:183} INFO - Processing /home/airflow/.local/lib/python3.12/site-packages/airflow/example_dags/example_skip_dag.py took 0.088 seconds
[2024-07-23T02:11:46.739+0000] {processor.py:161} INFO - Started process (PID=1618) to work on /home/airflow/.local/lib/python3.12/site-packages/airflow/example_dags/example_skip_dag.py
[2024-07-23T02:11:46.740+0000] {processor.py:830} INFO - Processing file /home/airflow/.local/lib/python3.12/site-packages/airflow/example_dags/example_skip_dag.py for tasks to queue
[2024-07-23T02:11:46.742+0000] {logging_mixin.py:188} INFO - [2024-07-23T02:11:46.741+0000] {dagbag.py:545} INFO - Filling up the DagBag from /home/airflow/.local/lib/python3.12/site-packages/airflow/example_dags/example_skip_dag.py
[2024-07-23T02:11:46.749+0000] {processor.py:840} INFO - DAG(s) 'example_skip_dag' retrieved from /home/airflow/.local/lib/python3.12/site-packages/airflow/example_dags/example_skip_dag.py
[2024-07-23T02:11:46.775+0000] {logging_mixin.py:188} INFO - [2024-07-23T02:11:46.775+0000] {dag.py:3089} INFO - Sync 1 DAGs
[2024-07-23T02:11:46.801+0000] {logging_mixin.py:188} INFO - [2024-07-23T02:11:46.801+0000] {dag.py:3947} INFO - Setting next_dagrun for example_skip_dag to 2024-07-22 00:00:00+00:00, run_after=2024-07-23 00:00:00+00:00
[2024-07-23T02:11:46.827+0000] {processor.py:183} INFO - Processing /home/airflow/.local/lib/python3.12/site-packages/airflow/example_dags/example_skip_dag.py took 0.095 seconds
[2024-07-23T02:12:17.089+0000] {processor.py:161} INFO - Started process (PID=1677) to work on /home/airflow/.local/lib/python3.12/site-packages/airflow/example_dags/example_skip_dag.py
[2024-07-23T02:12:17.091+0000] {processor.py:830} INFO - Processing file /home/airflow/.local/lib/python3.12/site-packages/airflow/example_dags/example_skip_dag.py for tasks to queue
[2024-07-23T02:12:17.093+0000] {logging_mixin.py:188} INFO - [2024-07-23T02:12:17.093+0000] {dagbag.py:545} INFO - Filling up the DagBag from /home/airflow/.local/lib/python3.12/site-packages/airflow/example_dags/example_skip_dag.py
[2024-07-23T02:12:17.100+0000] {processor.py:840} INFO - DAG(s) 'example_skip_dag' retrieved from /home/airflow/.local/lib/python3.12/site-packages/airflow/example_dags/example_skip_dag.py
[2024-07-23T02:12:17.125+0000] {logging_mixin.py:188} INFO - [2024-07-23T02:12:17.125+0000] {dag.py:3089} INFO - Sync 1 DAGs
[2024-07-23T02:12:17.150+0000] {logging_mixin.py:188} INFO - [2024-07-23T02:12:17.149+0000] {dag.py:3947} INFO - Setting next_dagrun for example_skip_dag to 2024-07-22 00:00:00+00:00, run_after=2024-07-23 00:00:00+00:00
[2024-07-23T02:12:17.171+0000] {processor.py:183} INFO - Processing /home/airflow/.local/lib/python3.12/site-packages/airflow/example_dags/example_skip_dag.py took 0.089 seconds
[2024-07-23T02:12:47.222+0000] {processor.py:161} INFO - Started process (PID=1737) to work on /home/airflow/.local/lib/python3.12/site-packages/airflow/example_dags/example_skip_dag.py
[2024-07-23T02:12:47.223+0000] {processor.py:830} INFO - Processing file /home/airflow/.local/lib/python3.12/site-packages/airflow/example_dags/example_skip_dag.py for tasks to queue
[2024-07-23T02:12:47.225+0000] {logging_mixin.py:188} INFO - [2024-07-23T02:12:47.225+0000] {dagbag.py:545} INFO - Filling up the DagBag from /home/airflow/.local/lib/python3.12/site-packages/airflow/example_dags/example_skip_dag.py
[2024-07-23T02:12:47.232+0000] {processor.py:840} INFO - DAG(s) 'example_skip_dag' retrieved from /home/airflow/.local/lib/python3.12/site-packages/airflow/example_dags/example_skip_dag.py
[2024-07-23T02:12:47.256+0000] {logging_mixin.py:188} INFO - [2024-07-23T02:12:47.255+0000] {dag.py:3089} INFO - Sync 1 DAGs
[2024-07-23T02:12:47.278+0000] {logging_mixin.py:188} INFO - [2024-07-23T02:12:47.278+0000] {dag.py:3947} INFO - Setting next_dagrun for example_skip_dag to 2024-07-22 00:00:00+00:00, run_after=2024-07-23 00:00:00+00:00
[2024-07-23T02:12:47.298+0000] {processor.py:183} INFO - Processing /home/airflow/.local/lib/python3.12/site-packages/airflow/example_dags/example_skip_dag.py took 0.083 seconds
[2024-07-23T02:13:17.545+0000] {processor.py:161} INFO - Started process (PID=1796) to work on /home/airflow/.local/lib/python3.12/site-packages/airflow/example_dags/example_skip_dag.py
[2024-07-23T02:13:17.546+0000] {processor.py:830} INFO - Processing file /home/airflow/.local/lib/python3.12/site-packages/airflow/example_dags/example_skip_dag.py for tasks to queue
[2024-07-23T02:13:17.548+0000] {logging_mixin.py:188} INFO - [2024-07-23T02:13:17.548+0000] {dagbag.py:545} INFO - Filling up the DagBag from /home/airflow/.local/lib/python3.12/site-packages/airflow/example_dags/example_skip_dag.py
[2024-07-23T02:13:17.555+0000] {processor.py:840} INFO - DAG(s) 'example_skip_dag' retrieved from /home/airflow/.local/lib/python3.12/site-packages/airflow/example_dags/example_skip_dag.py
[2024-07-23T02:13:17.580+0000] {logging_mixin.py:188} INFO - [2024-07-23T02:13:17.579+0000] {dag.py:3089} INFO - Sync 1 DAGs
[2024-07-23T02:13:17.606+0000] {logging_mixin.py:188} INFO - [2024-07-23T02:13:17.606+0000] {dag.py:3947} INFO - Setting next_dagrun for example_skip_dag to 2024-07-22 00:00:00+00:00, run_after=2024-07-23 00:00:00+00:00
[2024-07-23T02:13:17.631+0000] {processor.py:183} INFO - Processing /home/airflow/.local/lib/python3.12/site-packages/airflow/example_dags/example_skip_dag.py took 0.092 seconds
[2024-07-23T02:13:47.913+0000] {processor.py:161} INFO - Started process (PID=1863) to work on /home/airflow/.local/lib/python3.12/site-packages/airflow/example_dags/example_skip_dag.py
[2024-07-23T02:13:47.915+0000] {processor.py:830} INFO - Processing file /home/airflow/.local/lib/python3.12/site-packages/airflow/example_dags/example_skip_dag.py for tasks to queue
[2024-07-23T02:13:47.918+0000] {logging_mixin.py:188} INFO - [2024-07-23T02:13:47.917+0000] {dagbag.py:545} INFO - Filling up the DagBag from /home/airflow/.local/lib/python3.12/site-packages/airflow/example_dags/example_skip_dag.py
[2024-07-23T02:13:47.928+0000] {processor.py:840} INFO - DAG(s) 'example_skip_dag' retrieved from /home/airflow/.local/lib/python3.12/site-packages/airflow/example_dags/example_skip_dag.py
[2024-07-23T02:13:47.960+0000] {logging_mixin.py:188} INFO - [2024-07-23T02:13:47.959+0000] {dag.py:3089} INFO - Sync 1 DAGs
[2024-07-23T02:13:47.996+0000] {logging_mixin.py:188} INFO - [2024-07-23T02:13:47.995+0000] {dag.py:3947} INFO - Setting next_dagrun for example_skip_dag to 2024-07-22 00:00:00+00:00, run_after=2024-07-23 00:00:00+00:00
[2024-07-23T02:13:48.030+0000] {processor.py:183} INFO - Processing /home/airflow/.local/lib/python3.12/site-packages/airflow/example_dags/example_skip_dag.py took 0.126 seconds
[2024-07-23T02:14:18.962+0000] {processor.py:161} INFO - Started process (PID=1923) to work on /home/airflow/.local/lib/python3.12/site-packages/airflow/example_dags/example_skip_dag.py
[2024-07-23T02:14:18.963+0000] {processor.py:830} INFO - Processing file /home/airflow/.local/lib/python3.12/site-packages/airflow/example_dags/example_skip_dag.py for tasks to queue
[2024-07-23T02:14:18.966+0000] {logging_mixin.py:188} INFO - [2024-07-23T02:14:18.965+0000] {dagbag.py:545} INFO - Filling up the DagBag from /home/airflow/.local/lib/python3.12/site-packages/airflow/example_dags/example_skip_dag.py
[2024-07-23T02:14:18.973+0000] {processor.py:840} INFO - DAG(s) 'example_skip_dag' retrieved from /home/airflow/.local/lib/python3.12/site-packages/airflow/example_dags/example_skip_dag.py
[2024-07-23T02:14:19.008+0000] {logging_mixin.py:188} INFO - [2024-07-23T02:14:19.008+0000] {dag.py:3089} INFO - Sync 1 DAGs
[2024-07-23T02:14:19.045+0000] {logging_mixin.py:188} INFO - [2024-07-23T02:14:19.045+0000] {dag.py:3947} INFO - Setting next_dagrun for example_skip_dag to 2024-07-22 00:00:00+00:00, run_after=2024-07-23 00:00:00+00:00
[2024-07-23T02:14:19.075+0000] {processor.py:183} INFO - Processing /home/airflow/.local/lib/python3.12/site-packages/airflow/example_dags/example_skip_dag.py took 0.120 seconds
[2024-07-23T02:14:49.322+0000] {processor.py:161} INFO - Started process (PID=1981) to work on /home/airflow/.local/lib/python3.12/site-packages/airflow/example_dags/example_skip_dag.py
[2024-07-23T02:14:49.323+0000] {processor.py:830} INFO - Processing file /home/airflow/.local/lib/python3.12/site-packages/airflow/example_dags/example_skip_dag.py for tasks to queue
[2024-07-23T02:14:49.325+0000] {logging_mixin.py:188} INFO - [2024-07-23T02:14:49.325+0000] {dagbag.py:545} INFO - Filling up the DagBag from /home/airflow/.local/lib/python3.12/site-packages/airflow/example_dags/example_skip_dag.py
[2024-07-23T02:14:49.332+0000] {processor.py:840} INFO - DAG(s) 'example_skip_dag' retrieved from /home/airflow/.local/lib/python3.12/site-packages/airflow/example_dags/example_skip_dag.py
[2024-07-23T02:14:49.356+0000] {logging_mixin.py:188} INFO - [2024-07-23T02:14:49.356+0000] {dag.py:3089} INFO - Sync 1 DAGs
[2024-07-23T02:14:49.379+0000] {logging_mixin.py:188} INFO - [2024-07-23T02:14:49.379+0000] {dag.py:3947} INFO - Setting next_dagrun for example_skip_dag to 2024-07-22 00:00:00+00:00, run_after=2024-07-23 00:00:00+00:00
[2024-07-23T02:14:49.401+0000] {processor.py:183} INFO - Processing /home/airflow/.local/lib/python3.12/site-packages/airflow/example_dags/example_skip_dag.py took 0.086 seconds
[2024-07-23T02:15:22.136+0000] {processor.py:161} INFO - Started process (PID=2040) to work on /home/airflow/.local/lib/python3.12/site-packages/airflow/example_dags/example_skip_dag.py
[2024-07-23T02:15:22.142+0000] {processor.py:830} INFO - Processing file /home/airflow/.local/lib/python3.12/site-packages/airflow/example_dags/example_skip_dag.py for tasks to queue
[2024-07-23T02:15:22.150+0000] {logging_mixin.py:188} INFO - [2024-07-23T02:15:22.148+0000] {dagbag.py:545} INFO - Filling up the DagBag from /home/airflow/.local/lib/python3.12/site-packages/airflow/example_dags/example_skip_dag.py
[2024-07-23T02:15:22.183+0000] {processor.py:840} INFO - DAG(s) 'example_skip_dag' retrieved from /home/airflow/.local/lib/python3.12/site-packages/airflow/example_dags/example_skip_dag.py
[2024-07-23T02:15:22.280+0000] {logging_mixin.py:188} INFO - [2024-07-23T02:15:22.279+0000] {dag.py:3089} INFO - Sync 1 DAGs
[2024-07-23T02:15:22.872+0000] {logging_mixin.py:188} INFO - [2024-07-23T02:15:22.871+0000] {dag.py:3947} INFO - Setting next_dagrun for example_skip_dag to 2024-07-22 00:00:00+00:00, run_after=2024-07-23 00:00:00+00:00
[2024-07-23T02:15:22.967+0000] {processor.py:183} INFO - Processing /home/airflow/.local/lib/python3.12/site-packages/airflow/example_dags/example_skip_dag.py took 0.874 seconds
[2024-07-23T02:15:53.247+0000] {processor.py:161} INFO - Started process (PID=2099) to work on /home/airflow/.local/lib/python3.12/site-packages/airflow/example_dags/example_skip_dag.py
[2024-07-23T02:15:53.251+0000] {processor.py:830} INFO - Processing file /home/airflow/.local/lib/python3.12/site-packages/airflow/example_dags/example_skip_dag.py for tasks to queue
[2024-07-23T02:15:53.258+0000] {logging_mixin.py:188} INFO - [2024-07-23T02:15:53.256+0000] {dagbag.py:545} INFO - Filling up the DagBag from /home/airflow/.local/lib/python3.12/site-packages/airflow/example_dags/example_skip_dag.py
[2024-07-23T02:15:53.282+0000] {processor.py:840} INFO - DAG(s) 'example_skip_dag' retrieved from /home/airflow/.local/lib/python3.12/site-packages/airflow/example_dags/example_skip_dag.py
[2024-07-23T02:15:53.359+0000] {logging_mixin.py:188} INFO - [2024-07-23T02:15:53.358+0000] {dag.py:3089} INFO - Sync 1 DAGs
[2024-07-23T02:15:53.442+0000] {logging_mixin.py:188} INFO - [2024-07-23T02:15:53.441+0000] {dag.py:3947} INFO - Setting next_dagrun for example_skip_dag to 2024-07-22 00:00:00+00:00, run_after=2024-07-23 00:00:00+00:00
[2024-07-23T02:15:53.903+0000] {processor.py:183} INFO - Processing /home/airflow/.local/lib/python3.12/site-packages/airflow/example_dags/example_skip_dag.py took 0.678 seconds
[2024-07-23T02:16:24.156+0000] {processor.py:161} INFO - Started process (PID=2159) to work on /home/airflow/.local/lib/python3.12/site-packages/airflow/example_dags/example_skip_dag.py
[2024-07-23T02:16:24.160+0000] {processor.py:830} INFO - Processing file /home/airflow/.local/lib/python3.12/site-packages/airflow/example_dags/example_skip_dag.py for tasks to queue
[2024-07-23T02:16:24.170+0000] {logging_mixin.py:188} INFO - [2024-07-23T02:16:24.168+0000] {dagbag.py:545} INFO - Filling up the DagBag from /home/airflow/.local/lib/python3.12/site-packages/airflow/example_dags/example_skip_dag.py
[2024-07-23T02:16:24.209+0000] {processor.py:840} INFO - DAG(s) 'example_skip_dag' retrieved from /home/airflow/.local/lib/python3.12/site-packages/airflow/example_dags/example_skip_dag.py
[2024-07-23T02:16:24.412+0000] {logging_mixin.py:188} INFO - [2024-07-23T02:16:24.410+0000] {dag.py:3089} INFO - Sync 1 DAGs
[2024-07-23T02:16:24.551+0000] {logging_mixin.py:188} INFO - [2024-07-23T02:16:24.550+0000] {dag.py:3947} INFO - Setting next_dagrun for example_skip_dag to 2024-07-22 00:00:00+00:00, run_after=2024-07-23 00:00:00+00:00
[2024-07-23T02:16:24.653+0000] {processor.py:183} INFO - Processing /home/airflow/.local/lib/python3.12/site-packages/airflow/example_dags/example_skip_dag.py took 0.532 seconds
[2024-07-23T02:16:59.103+0000] {processor.py:161} INFO - Started process (PID=2233) to work on /home/airflow/.local/lib/python3.12/site-packages/airflow/example_dags/example_skip_dag.py
[2024-07-23T02:16:59.109+0000] {processor.py:830} INFO - Processing file /home/airflow/.local/lib/python3.12/site-packages/airflow/example_dags/example_skip_dag.py for tasks to queue
[2024-07-23T02:16:59.123+0000] {logging_mixin.py:188} INFO - [2024-07-23T02:16:59.121+0000] {dagbag.py:545} INFO - Filling up the DagBag from /home/airflow/.local/lib/python3.12/site-packages/airflow/example_dags/example_skip_dag.py
[2024-07-23T02:16:59.210+0000] {processor.py:840} INFO - DAG(s) 'example_skip_dag' retrieved from /home/airflow/.local/lib/python3.12/site-packages/airflow/example_dags/example_skip_dag.py
[2024-07-23T02:16:59.440+0000] {logging_mixin.py:188} INFO - [2024-07-23T02:16:59.439+0000] {dag.py:3089} INFO - Sync 1 DAGs
[2024-07-23T02:16:59.628+0000] {logging_mixin.py:188} INFO - [2024-07-23T02:16:59.627+0000] {dag.py:3947} INFO - Setting next_dagrun for example_skip_dag to 2024-07-22 00:00:00+00:00, run_after=2024-07-23 00:00:00+00:00
[2024-07-23T02:16:59.774+0000] {processor.py:183} INFO - Processing /home/airflow/.local/lib/python3.12/site-packages/airflow/example_dags/example_skip_dag.py took 0.743 seconds
[2024-07-23T02:17:30.230+0000] {processor.py:161} INFO - Started process (PID=2292) to work on /home/airflow/.local/lib/python3.12/site-packages/airflow/example_dags/example_skip_dag.py
[2024-07-23T02:17:30.233+0000] {processor.py:830} INFO - Processing file /home/airflow/.local/lib/python3.12/site-packages/airflow/example_dags/example_skip_dag.py for tasks to queue
[2024-07-23T02:17:30.239+0000] {logging_mixin.py:188} INFO - [2024-07-23T02:17:30.238+0000] {dagbag.py:545} INFO - Filling up the DagBag from /home/airflow/.local/lib/python3.12/site-packages/airflow/example_dags/example_skip_dag.py
[2024-07-23T02:17:30.265+0000] {processor.py:840} INFO - DAG(s) 'example_skip_dag' retrieved from /home/airflow/.local/lib/python3.12/site-packages/airflow/example_dags/example_skip_dag.py
[2024-07-23T02:17:30.347+0000] {logging_mixin.py:188} INFO - [2024-07-23T02:17:30.346+0000] {dag.py:3089} INFO - Sync 1 DAGs
[2024-07-23T02:17:30.467+0000] {logging_mixin.py:188} INFO - [2024-07-23T02:17:30.466+0000] {dag.py:3947} INFO - Setting next_dagrun for example_skip_dag to 2024-07-22 00:00:00+00:00, run_after=2024-07-23 00:00:00+00:00
[2024-07-23T02:17:30.547+0000] {processor.py:183} INFO - Processing /home/airflow/.local/lib/python3.12/site-packages/airflow/example_dags/example_skip_dag.py took 0.342 seconds
[2024-07-23T02:18:01.789+0000] {processor.py:161} INFO - Started process (PID=2351) to work on /home/airflow/.local/lib/python3.12/site-packages/airflow/example_dags/example_skip_dag.py
[2024-07-23T02:18:01.793+0000] {processor.py:830} INFO - Processing file /home/airflow/.local/lib/python3.12/site-packages/airflow/example_dags/example_skip_dag.py for tasks to queue
[2024-07-23T02:18:01.801+0000] {logging_mixin.py:188} INFO - [2024-07-23T02:18:01.799+0000] {dagbag.py:545} INFO - Filling up the DagBag from /home/airflow/.local/lib/python3.12/site-packages/airflow/example_dags/example_skip_dag.py
[2024-07-23T02:18:01.829+0000] {processor.py:840} INFO - DAG(s) 'example_skip_dag' retrieved from /home/airflow/.local/lib/python3.12/site-packages/airflow/example_dags/example_skip_dag.py
[2024-07-23T02:18:01.932+0000] {logging_mixin.py:188} INFO - [2024-07-23T02:18:01.931+0000] {dag.py:3089} INFO - Sync 1 DAGs
[2024-07-23T02:18:02.102+0000] {logging_mixin.py:188} INFO - [2024-07-23T02:18:02.101+0000] {dag.py:3947} INFO - Setting next_dagrun for example_skip_dag to 2024-07-22 00:00:00+00:00, run_after=2024-07-23 00:00:00+00:00
[2024-07-23T02:18:02.207+0000] {processor.py:183} INFO - Processing /home/airflow/.local/lib/python3.12/site-packages/airflow/example_dags/example_skip_dag.py took 0.444 seconds
[2024-07-23T02:18:33.443+0000] {processor.py:161} INFO - Started process (PID=2410) to work on /home/airflow/.local/lib/python3.12/site-packages/airflow/example_dags/example_skip_dag.py
[2024-07-23T02:18:33.446+0000] {processor.py:830} INFO - Processing file /home/airflow/.local/lib/python3.12/site-packages/airflow/example_dags/example_skip_dag.py for tasks to queue
[2024-07-23T02:18:33.452+0000] {logging_mixin.py:188} INFO - [2024-07-23T02:18:33.451+0000] {dagbag.py:545} INFO - Filling up the DagBag from /home/airflow/.local/lib/python3.12/site-packages/airflow/example_dags/example_skip_dag.py
[2024-07-23T02:18:33.478+0000] {processor.py:840} INFO - DAG(s) 'example_skip_dag' retrieved from /home/airflow/.local/lib/python3.12/site-packages/airflow/example_dags/example_skip_dag.py
[2024-07-23T02:18:33.678+0000] {logging_mixin.py:188} INFO - [2024-07-23T02:18:33.677+0000] {dag.py:3089} INFO - Sync 1 DAGs
[2024-07-23T02:18:33.823+0000] {logging_mixin.py:188} INFO - [2024-07-23T02:18:33.822+0000] {dag.py:3947} INFO - Setting next_dagrun for example_skip_dag to 2024-07-22 00:00:00+00:00, run_after=2024-07-23 00:00:00+00:00
[2024-07-23T02:18:33.926+0000] {processor.py:183} INFO - Processing /home/airflow/.local/lib/python3.12/site-packages/airflow/example_dags/example_skip_dag.py took 0.513 seconds
[2024-07-23T02:19:04.413+0000] {processor.py:161} INFO - Started process (PID=2470) to work on /home/airflow/.local/lib/python3.12/site-packages/airflow/example_dags/example_skip_dag.py
[2024-07-23T02:19:04.417+0000] {processor.py:830} INFO - Processing file /home/airflow/.local/lib/python3.12/site-packages/airflow/example_dags/example_skip_dag.py for tasks to queue
[2024-07-23T02:19:04.425+0000] {logging_mixin.py:188} INFO - [2024-07-23T02:19:04.423+0000] {dagbag.py:545} INFO - Filling up the DagBag from /home/airflow/.local/lib/python3.12/site-packages/airflow/example_dags/example_skip_dag.py
[2024-07-23T02:19:04.458+0000] {processor.py:840} INFO - DAG(s) 'example_skip_dag' retrieved from /home/airflow/.local/lib/python3.12/site-packages/airflow/example_dags/example_skip_dag.py
[2024-07-23T02:19:04.542+0000] {logging_mixin.py:188} INFO - [2024-07-23T02:19:04.541+0000] {dag.py:3089} INFO - Sync 1 DAGs
[2024-07-23T02:19:04.633+0000] {logging_mixin.py:188} INFO - [2024-07-23T02:19:04.632+0000] {dag.py:3947} INFO - Setting next_dagrun for example_skip_dag to 2024-07-22 00:00:00+00:00, run_after=2024-07-23 00:00:00+00:00
[2024-07-23T02:19:04.732+0000] {processor.py:183} INFO - Processing /home/airflow/.local/lib/python3.12/site-packages/airflow/example_dags/example_skip_dag.py took 0.352 seconds
[2024-07-23T02:19:34.904+0000] {processor.py:161} INFO - Started process (PID=2527) to work on /home/airflow/.local/lib/python3.12/site-packages/airflow/example_dags/example_skip_dag.py
[2024-07-23T02:19:34.907+0000] {processor.py:830} INFO - Processing file /home/airflow/.local/lib/python3.12/site-packages/airflow/example_dags/example_skip_dag.py for tasks to queue
[2024-07-23T02:19:34.913+0000] {logging_mixin.py:188} INFO - [2024-07-23T02:19:34.912+0000] {dagbag.py:545} INFO - Filling up the DagBag from /home/airflow/.local/lib/python3.12/site-packages/airflow/example_dags/example_skip_dag.py
[2024-07-23T02:19:34.936+0000] {processor.py:840} INFO - DAG(s) 'example_skip_dag' retrieved from /home/airflow/.local/lib/python3.12/site-packages/airflow/example_dags/example_skip_dag.py
[2024-07-23T02:19:35.026+0000] {logging_mixin.py:188} INFO - [2024-07-23T02:19:35.025+0000] {dag.py:3089} INFO - Sync 1 DAGs
[2024-07-23T02:19:35.109+0000] {logging_mixin.py:188} INFO - [2024-07-23T02:19:35.108+0000] {dag.py:3947} INFO - Setting next_dagrun for example_skip_dag to 2024-07-22 00:00:00+00:00, run_after=2024-07-23 00:00:00+00:00
[2024-07-23T02:19:35.175+0000] {processor.py:183} INFO - Processing /home/airflow/.local/lib/python3.12/site-packages/airflow/example_dags/example_skip_dag.py took 0.296 seconds
[2024-07-23T02:20:05.584+0000] {processor.py:161} INFO - Started process (PID=2586) to work on /home/airflow/.local/lib/python3.12/site-packages/airflow/example_dags/example_skip_dag.py
[2024-07-23T02:20:05.585+0000] {processor.py:830} INFO - Processing file /home/airflow/.local/lib/python3.12/site-packages/airflow/example_dags/example_skip_dag.py for tasks to queue
[2024-07-23T02:20:05.588+0000] {logging_mixin.py:188} INFO - [2024-07-23T02:20:05.588+0000] {dagbag.py:545} INFO - Filling up the DagBag from /home/airflow/.local/lib/python3.12/site-packages/airflow/example_dags/example_skip_dag.py
[2024-07-23T02:20:05.600+0000] {processor.py:840} INFO - DAG(s) 'example_skip_dag' retrieved from /home/airflow/.local/lib/python3.12/site-packages/airflow/example_dags/example_skip_dag.py
[2024-07-23T02:20:05.657+0000] {logging_mixin.py:188} INFO - [2024-07-23T02:20:05.657+0000] {dag.py:3089} INFO - Sync 1 DAGs
[2024-07-23T02:20:05.699+0000] {logging_mixin.py:188} INFO - [2024-07-23T02:20:05.699+0000] {dag.py:3947} INFO - Setting next_dagrun for example_skip_dag to 2024-07-22 00:00:00+00:00, run_after=2024-07-23 00:00:00+00:00
[2024-07-23T02:20:05.734+0000] {processor.py:183} INFO - Processing /home/airflow/.local/lib/python3.12/site-packages/airflow/example_dags/example_skip_dag.py took 0.160 seconds
[2024-07-23T02:20:35.896+0000] {processor.py:161} INFO - Started process (PID=2644) to work on /home/airflow/.local/lib/python3.12/site-packages/airflow/example_dags/example_skip_dag.py
[2024-07-23T02:20:35.897+0000] {processor.py:830} INFO - Processing file /home/airflow/.local/lib/python3.12/site-packages/airflow/example_dags/example_skip_dag.py for tasks to queue
[2024-07-23T02:20:35.899+0000] {logging_mixin.py:188} INFO - [2024-07-23T02:20:35.899+0000] {dagbag.py:545} INFO - Filling up the DagBag from /home/airflow/.local/lib/python3.12/site-packages/airflow/example_dags/example_skip_dag.py
[2024-07-23T02:20:35.907+0000] {processor.py:840} INFO - DAG(s) 'example_skip_dag' retrieved from /home/airflow/.local/lib/python3.12/site-packages/airflow/example_dags/example_skip_dag.py
[2024-07-23T02:20:35.935+0000] {logging_mixin.py:188} INFO - [2024-07-23T02:20:35.935+0000] {dag.py:3089} INFO - Sync 1 DAGs
[2024-07-23T02:20:35.966+0000] {logging_mixin.py:188} INFO - [2024-07-23T02:20:35.966+0000] {dag.py:3947} INFO - Setting next_dagrun for example_skip_dag to 2024-07-22 00:00:00+00:00, run_after=2024-07-23 00:00:00+00:00
[2024-07-23T02:20:35.987+0000] {processor.py:183} INFO - Processing /home/airflow/.local/lib/python3.12/site-packages/airflow/example_dags/example_skip_dag.py took 0.098 seconds
[2024-07-23T02:21:06.079+0000] {processor.py:161} INFO - Started process (PID=2703) to work on /home/airflow/.local/lib/python3.12/site-packages/airflow/example_dags/example_skip_dag.py
[2024-07-23T02:21:06.079+0000] {processor.py:830} INFO - Processing file /home/airflow/.local/lib/python3.12/site-packages/airflow/example_dags/example_skip_dag.py for tasks to queue
[2024-07-23T02:21:06.081+0000] {logging_mixin.py:188} INFO - [2024-07-23T02:21:06.081+0000] {dagbag.py:545} INFO - Filling up the DagBag from /home/airflow/.local/lib/python3.12/site-packages/airflow/example_dags/example_skip_dag.py
[2024-07-23T02:21:06.088+0000] {processor.py:840} INFO - DAG(s) 'example_skip_dag' retrieved from /home/airflow/.local/lib/python3.12/site-packages/airflow/example_dags/example_skip_dag.py
[2024-07-23T02:21:06.112+0000] {logging_mixin.py:188} INFO - [2024-07-23T02:21:06.112+0000] {dag.py:3089} INFO - Sync 1 DAGs
[2024-07-23T02:21:06.136+0000] {logging_mixin.py:188} INFO - [2024-07-23T02:21:06.136+0000] {dag.py:3947} INFO - Setting next_dagrun for example_skip_dag to 2024-07-22 00:00:00+00:00, run_after=2024-07-23 00:00:00+00:00
[2024-07-23T02:21:06.155+0000] {processor.py:183} INFO - Processing /home/airflow/.local/lib/python3.12/site-packages/airflow/example_dags/example_skip_dag.py took 0.083 seconds
[2024-07-23T02:21:36.420+0000] {processor.py:161} INFO - Started process (PID=2763) to work on /home/airflow/.local/lib/python3.12/site-packages/airflow/example_dags/example_skip_dag.py
[2024-07-23T02:21:36.421+0000] {processor.py:830} INFO - Processing file /home/airflow/.local/lib/python3.12/site-packages/airflow/example_dags/example_skip_dag.py for tasks to queue
[2024-07-23T02:21:36.423+0000] {logging_mixin.py:188} INFO - [2024-07-23T02:21:36.423+0000] {dagbag.py:545} INFO - Filling up the DagBag from /home/airflow/.local/lib/python3.12/site-packages/airflow/example_dags/example_skip_dag.py
[2024-07-23T02:21:36.429+0000] {processor.py:840} INFO - DAG(s) 'example_skip_dag' retrieved from /home/airflow/.local/lib/python3.12/site-packages/airflow/example_dags/example_skip_dag.py
[2024-07-23T02:21:36.458+0000] {logging_mixin.py:188} INFO - [2024-07-23T02:21:36.458+0000] {dag.py:3089} INFO - Sync 1 DAGs
[2024-07-23T02:21:36.493+0000] {logging_mixin.py:188} INFO - [2024-07-23T02:21:36.493+0000] {dag.py:3947} INFO - Setting next_dagrun for example_skip_dag to 2024-07-22 00:00:00+00:00, run_after=2024-07-23 00:00:00+00:00
[2024-07-23T02:21:36.512+0000] {processor.py:183} INFO - Processing /home/airflow/.local/lib/python3.12/site-packages/airflow/example_dags/example_skip_dag.py took 0.098 seconds
[2024-07-23T02:22:06.683+0000] {processor.py:161} INFO - Started process (PID=2822) to work on /home/airflow/.local/lib/python3.12/site-packages/airflow/example_dags/example_skip_dag.py
[2024-07-23T02:22:06.684+0000] {processor.py:830} INFO - Processing file /home/airflow/.local/lib/python3.12/site-packages/airflow/example_dags/example_skip_dag.py for tasks to queue
[2024-07-23T02:22:06.686+0000] {logging_mixin.py:188} INFO - [2024-07-23T02:22:06.685+0000] {dagbag.py:545} INFO - Filling up the DagBag from /home/airflow/.local/lib/python3.12/site-packages/airflow/example_dags/example_skip_dag.py
[2024-07-23T02:22:06.693+0000] {processor.py:840} INFO - DAG(s) 'example_skip_dag' retrieved from /home/airflow/.local/lib/python3.12/site-packages/airflow/example_dags/example_skip_dag.py
[2024-07-23T02:22:06.719+0000] {logging_mixin.py:188} INFO - [2024-07-23T02:22:06.719+0000] {dag.py:3089} INFO - Sync 1 DAGs
[2024-07-23T02:22:06.749+0000] {logging_mixin.py:188} INFO - [2024-07-23T02:22:06.749+0000] {dag.py:3947} INFO - Setting next_dagrun for example_skip_dag to 2024-07-22 00:00:00+00:00, run_after=2024-07-23 00:00:00+00:00
[2024-07-23T02:22:06.772+0000] {processor.py:183} INFO - Processing /home/airflow/.local/lib/python3.12/site-packages/airflow/example_dags/example_skip_dag.py took 0.095 seconds
[2024-07-23T02:22:37.280+0000] {processor.py:161} INFO - Started process (PID=2881) to work on /home/airflow/.local/lib/python3.12/site-packages/airflow/example_dags/example_skip_dag.py
[2024-07-23T02:22:37.281+0000] {processor.py:830} INFO - Processing file /home/airflow/.local/lib/python3.12/site-packages/airflow/example_dags/example_skip_dag.py for tasks to queue
[2024-07-23T02:22:37.284+0000] {logging_mixin.py:188} INFO - [2024-07-23T02:22:37.283+0000] {dagbag.py:545} INFO - Filling up the DagBag from /home/airflow/.local/lib/python3.12/site-packages/airflow/example_dags/example_skip_dag.py
[2024-07-23T02:22:37.292+0000] {processor.py:840} INFO - DAG(s) 'example_skip_dag' retrieved from /home/airflow/.local/lib/python3.12/site-packages/airflow/example_dags/example_skip_dag.py
[2024-07-23T02:22:37.320+0000] {logging_mixin.py:188} INFO - [2024-07-23T02:22:37.320+0000] {dag.py:3089} INFO - Sync 1 DAGs
[2024-07-23T02:22:37.351+0000] {logging_mixin.py:188} INFO - [2024-07-23T02:22:37.350+0000] {dag.py:3947} INFO - Setting next_dagrun for example_skip_dag to 2024-07-22 00:00:00+00:00, run_after=2024-07-23 00:00:00+00:00
[2024-07-23T02:22:37.382+0000] {processor.py:183} INFO - Processing /home/airflow/.local/lib/python3.12/site-packages/airflow/example_dags/example_skip_dag.py took 0.111 seconds
[2024-07-23T02:23:07.789+0000] {processor.py:161} INFO - Started process (PID=2947) to work on /home/airflow/.local/lib/python3.12/site-packages/airflow/example_dags/example_skip_dag.py
[2024-07-23T02:23:07.790+0000] {processor.py:830} INFO - Processing file /home/airflow/.local/lib/python3.12/site-packages/airflow/example_dags/example_skip_dag.py for tasks to queue
[2024-07-23T02:23:07.792+0000] {logging_mixin.py:188} INFO - [2024-07-23T02:23:07.792+0000] {dagbag.py:545} INFO - Filling up the DagBag from /home/airflow/.local/lib/python3.12/site-packages/airflow/example_dags/example_skip_dag.py
[2024-07-23T02:23:07.805+0000] {processor.py:840} INFO - DAG(s) 'example_skip_dag' retrieved from /home/airflow/.local/lib/python3.12/site-packages/airflow/example_dags/example_skip_dag.py
[2024-07-23T02:23:07.839+0000] {logging_mixin.py:188} INFO - [2024-07-23T02:23:07.839+0000] {dag.py:3089} INFO - Sync 1 DAGs
[2024-07-23T02:23:07.884+0000] {logging_mixin.py:188} INFO - [2024-07-23T02:23:07.884+0000] {dag.py:3947} INFO - Setting next_dagrun for example_skip_dag to 2024-07-22 00:00:00+00:00, run_after=2024-07-23 00:00:00+00:00
[2024-07-23T02:23:07.907+0000] {processor.py:183} INFO - Processing /home/airflow/.local/lib/python3.12/site-packages/airflow/example_dags/example_skip_dag.py took 0.129 seconds
[2024-07-23T02:23:38.219+0000] {processor.py:161} INFO - Started process (PID=3005) to work on /home/airflow/.local/lib/python3.12/site-packages/airflow/example_dags/example_skip_dag.py
[2024-07-23T02:23:38.220+0000] {processor.py:830} INFO - Processing file /home/airflow/.local/lib/python3.12/site-packages/airflow/example_dags/example_skip_dag.py for tasks to queue
[2024-07-23T02:23:38.224+0000] {logging_mixin.py:188} INFO - [2024-07-23T02:23:38.223+0000] {dagbag.py:545} INFO - Filling up the DagBag from /home/airflow/.local/lib/python3.12/site-packages/airflow/example_dags/example_skip_dag.py
[2024-07-23T02:23:38.241+0000] {processor.py:840} INFO - DAG(s) 'example_skip_dag' retrieved from /home/airflow/.local/lib/python3.12/site-packages/airflow/example_dags/example_skip_dag.py
[2024-07-23T02:23:38.297+0000] {logging_mixin.py:188} INFO - [2024-07-23T02:23:38.296+0000] {dag.py:3089} INFO - Sync 1 DAGs
[2024-07-23T02:23:38.358+0000] {logging_mixin.py:188} INFO - [2024-07-23T02:23:38.357+0000] {dag.py:3947} INFO - Setting next_dagrun for example_skip_dag to 2024-07-22 00:00:00+00:00, run_after=2024-07-23 00:00:00+00:00
[2024-07-23T02:23:38.405+0000] {processor.py:183} INFO - Processing /home/airflow/.local/lib/python3.12/site-packages/airflow/example_dags/example_skip_dag.py took 0.201 seconds
[2024-07-23T02:24:09.321+0000] {processor.py:161} INFO - Started process (PID=3064) to work on /home/airflow/.local/lib/python3.12/site-packages/airflow/example_dags/example_skip_dag.py
[2024-07-23T02:24:09.324+0000] {processor.py:830} INFO - Processing file /home/airflow/.local/lib/python3.12/site-packages/airflow/example_dags/example_skip_dag.py for tasks to queue
[2024-07-23T02:24:09.331+0000] {logging_mixin.py:188} INFO - [2024-07-23T02:24:09.329+0000] {dagbag.py:545} INFO - Filling up the DagBag from /home/airflow/.local/lib/python3.12/site-packages/airflow/example_dags/example_skip_dag.py
[2024-07-23T02:24:09.356+0000] {processor.py:840} INFO - DAG(s) 'example_skip_dag' retrieved from /home/airflow/.local/lib/python3.12/site-packages/airflow/example_dags/example_skip_dag.py
[2024-07-23T02:24:09.438+0000] {logging_mixin.py:188} INFO - [2024-07-23T02:24:09.437+0000] {dag.py:3089} INFO - Sync 1 DAGs
[2024-07-23T02:24:09.527+0000] {logging_mixin.py:188} INFO - [2024-07-23T02:24:09.526+0000] {dag.py:3947} INFO - Setting next_dagrun for example_skip_dag to 2024-07-22 00:00:00+00:00, run_after=2024-07-23 00:00:00+00:00
[2024-07-23T02:24:09.606+0000] {processor.py:183} INFO - Processing /home/airflow/.local/lib/python3.12/site-packages/airflow/example_dags/example_skip_dag.py took 0.310 seconds
[2024-07-23T02:24:40.017+0000] {processor.py:161} INFO - Started process (PID=3123) to work on /home/airflow/.local/lib/python3.12/site-packages/airflow/example_dags/example_skip_dag.py
[2024-07-23T02:24:40.020+0000] {processor.py:830} INFO - Processing file /home/airflow/.local/lib/python3.12/site-packages/airflow/example_dags/example_skip_dag.py for tasks to queue
[2024-07-23T02:24:40.026+0000] {logging_mixin.py:188} INFO - [2024-07-23T02:24:40.025+0000] {dagbag.py:545} INFO - Filling up the DagBag from /home/airflow/.local/lib/python3.12/site-packages/airflow/example_dags/example_skip_dag.py
[2024-07-23T02:24:40.049+0000] {processor.py:840} INFO - DAG(s) 'example_skip_dag' retrieved from /home/airflow/.local/lib/python3.12/site-packages/airflow/example_dags/example_skip_dag.py
[2024-07-23T02:24:40.130+0000] {logging_mixin.py:188} INFO - [2024-07-23T02:24:40.129+0000] {dag.py:3089} INFO - Sync 1 DAGs
[2024-07-23T02:24:40.216+0000] {logging_mixin.py:188} INFO - [2024-07-23T02:24:40.216+0000] {dag.py:3947} INFO - Setting next_dagrun for example_skip_dag to 2024-07-22 00:00:00+00:00, run_after=2024-07-23 00:00:00+00:00
[2024-07-23T02:24:40.287+0000] {processor.py:183} INFO - Processing /home/airflow/.local/lib/python3.12/site-packages/airflow/example_dags/example_skip_dag.py took 0.293 seconds
[2024-07-23T02:25:10.416+0000] {processor.py:161} INFO - Started process (PID=3181) to work on /home/airflow/.local/lib/python3.12/site-packages/airflow/example_dags/example_skip_dag.py
[2024-07-23T02:25:10.417+0000] {processor.py:830} INFO - Processing file /home/airflow/.local/lib/python3.12/site-packages/airflow/example_dags/example_skip_dag.py for tasks to queue
[2024-07-23T02:25:10.420+0000] {logging_mixin.py:188} INFO - [2024-07-23T02:25:10.420+0000] {dagbag.py:545} INFO - Filling up the DagBag from /home/airflow/.local/lib/python3.12/site-packages/airflow/example_dags/example_skip_dag.py
[2024-07-23T02:25:10.431+0000] {processor.py:840} INFO - DAG(s) 'example_skip_dag' retrieved from /home/airflow/.local/lib/python3.12/site-packages/airflow/example_dags/example_skip_dag.py
[2024-07-23T02:25:10.467+0000] {logging_mixin.py:188} INFO - [2024-07-23T02:25:10.466+0000] {dag.py:3089} INFO - Sync 1 DAGs
[2024-07-23T02:25:10.504+0000] {logging_mixin.py:188} INFO - [2024-07-23T02:25:10.504+0000] {dag.py:3947} INFO - Setting next_dagrun for example_skip_dag to 2024-07-22 00:00:00+00:00, run_after=2024-07-23 00:00:00+00:00
[2024-07-23T02:25:10.534+0000] {processor.py:183} INFO - Processing /home/airflow/.local/lib/python3.12/site-packages/airflow/example_dags/example_skip_dag.py took 0.129 seconds
[2024-07-23T02:25:40.915+0000] {processor.py:161} INFO - Started process (PID=3241) to work on /home/airflow/.local/lib/python3.12/site-packages/airflow/example_dags/example_skip_dag.py
[2024-07-23T02:25:40.916+0000] {processor.py:830} INFO - Processing file /home/airflow/.local/lib/python3.12/site-packages/airflow/example_dags/example_skip_dag.py for tasks to queue
[2024-07-23T02:25:40.920+0000] {logging_mixin.py:188} INFO - [2024-07-23T02:25:40.919+0000] {dagbag.py:545} INFO - Filling up the DagBag from /home/airflow/.local/lib/python3.12/site-packages/airflow/example_dags/example_skip_dag.py
[2024-07-23T02:25:40.932+0000] {processor.py:840} INFO - DAG(s) 'example_skip_dag' retrieved from /home/airflow/.local/lib/python3.12/site-packages/airflow/example_dags/example_skip_dag.py
[2024-07-23T02:25:40.971+0000] {logging_mixin.py:188} INFO - [2024-07-23T02:25:40.971+0000] {dag.py:3089} INFO - Sync 1 DAGs
[2024-07-23T02:25:41.011+0000] {logging_mixin.py:188} INFO - [2024-07-23T02:25:41.011+0000] {dag.py:3947} INFO - Setting next_dagrun for example_skip_dag to 2024-07-22 00:00:00+00:00, run_after=2024-07-23 00:00:00+00:00
[2024-07-23T02:25:41.050+0000] {processor.py:183} INFO - Processing /home/airflow/.local/lib/python3.12/site-packages/airflow/example_dags/example_skip_dag.py took 0.148 seconds
[2024-07-23T02:26:11.207+0000] {processor.py:161} INFO - Started process (PID=3300) to work on /home/airflow/.local/lib/python3.12/site-packages/airflow/example_dags/example_skip_dag.py
[2024-07-23T02:26:11.209+0000] {processor.py:830} INFO - Processing file /home/airflow/.local/lib/python3.12/site-packages/airflow/example_dags/example_skip_dag.py for tasks to queue
[2024-07-23T02:26:11.211+0000] {logging_mixin.py:188} INFO - [2024-07-23T02:26:11.210+0000] {dagbag.py:545} INFO - Filling up the DagBag from /home/airflow/.local/lib/python3.12/site-packages/airflow/example_dags/example_skip_dag.py
[2024-07-23T02:26:11.220+0000] {processor.py:840} INFO - DAG(s) 'example_skip_dag' retrieved from /home/airflow/.local/lib/python3.12/site-packages/airflow/example_dags/example_skip_dag.py
[2024-07-23T02:26:11.248+0000] {logging_mixin.py:188} INFO - [2024-07-23T02:26:11.247+0000] {dag.py:3089} INFO - Sync 1 DAGs
[2024-07-23T02:26:11.276+0000] {logging_mixin.py:188} INFO - [2024-07-23T02:26:11.275+0000] {dag.py:3947} INFO - Setting next_dagrun for example_skip_dag to 2024-07-22 00:00:00+00:00, run_after=2024-07-23 00:00:00+00:00
[2024-07-23T02:26:11.297+0000] {processor.py:183} INFO - Processing /home/airflow/.local/lib/python3.12/site-packages/airflow/example_dags/example_skip_dag.py took 0.098 seconds
[2024-07-23T02:26:42.526+0000] {processor.py:161} INFO - Started process (PID=3359) to work on /home/airflow/.local/lib/python3.12/site-packages/airflow/example_dags/example_skip_dag.py
[2024-07-23T02:26:42.528+0000] {processor.py:830} INFO - Processing file /home/airflow/.local/lib/python3.12/site-packages/airflow/example_dags/example_skip_dag.py for tasks to queue
[2024-07-23T02:26:42.535+0000] {logging_mixin.py:188} INFO - [2024-07-23T02:26:42.533+0000] {dagbag.py:545} INFO - Filling up the DagBag from /home/airflow/.local/lib/python3.12/site-packages/airflow/example_dags/example_skip_dag.py
[2024-07-23T02:26:42.560+0000] {processor.py:840} INFO - DAG(s) 'example_skip_dag' retrieved from /home/airflow/.local/lib/python3.12/site-packages/airflow/example_dags/example_skip_dag.py
[2024-07-23T02:26:42.642+0000] {logging_mixin.py:188} INFO - [2024-07-23T02:26:42.641+0000] {dag.py:3089} INFO - Sync 1 DAGs
[2024-07-23T02:26:42.736+0000] {logging_mixin.py:188} INFO - [2024-07-23T02:26:42.735+0000] {dag.py:3947} INFO - Setting next_dagrun for example_skip_dag to 2024-07-22 00:00:00+00:00, run_after=2024-07-23 00:00:00+00:00
[2024-07-23T02:26:42.809+0000] {processor.py:183} INFO - Processing /home/airflow/.local/lib/python3.12/site-packages/airflow/example_dags/example_skip_dag.py took 0.310 seconds
[2024-07-23T02:27:13.523+0000] {processor.py:161} INFO - Started process (PID=3418) to work on /home/airflow/.local/lib/python3.12/site-packages/airflow/example_dags/example_skip_dag.py
[2024-07-23T02:27:13.526+0000] {processor.py:830} INFO - Processing file /home/airflow/.local/lib/python3.12/site-packages/airflow/example_dags/example_skip_dag.py for tasks to queue
[2024-07-23T02:27:13.533+0000] {logging_mixin.py:188} INFO - [2024-07-23T02:27:13.532+0000] {dagbag.py:545} INFO - Filling up the DagBag from /home/airflow/.local/lib/python3.12/site-packages/airflow/example_dags/example_skip_dag.py
[2024-07-23T02:27:13.558+0000] {processor.py:840} INFO - DAG(s) 'example_skip_dag' retrieved from /home/airflow/.local/lib/python3.12/site-packages/airflow/example_dags/example_skip_dag.py
[2024-07-23T02:27:13.637+0000] {logging_mixin.py:188} INFO - [2024-07-23T02:27:13.635+0000] {dag.py:3089} INFO - Sync 1 DAGs
[2024-07-23T02:27:13.732+0000] {logging_mixin.py:188} INFO - [2024-07-23T02:27:13.731+0000] {dag.py:3947} INFO - Setting next_dagrun for example_skip_dag to 2024-07-22 00:00:00+00:00, run_after=2024-07-23 00:00:00+00:00
[2024-07-23T02:27:13.823+0000] {processor.py:183} INFO - Processing /home/airflow/.local/lib/python3.12/site-packages/airflow/example_dags/example_skip_dag.py took 0.325 seconds
[2024-07-23T02:27:44.729+0000] {processor.py:161} INFO - Started process (PID=3477) to work on /home/airflow/.local/lib/python3.12/site-packages/airflow/example_dags/example_skip_dag.py
[2024-07-23T02:27:44.730+0000] {processor.py:830} INFO - Processing file /home/airflow/.local/lib/python3.12/site-packages/airflow/example_dags/example_skip_dag.py for tasks to queue
[2024-07-23T02:27:44.732+0000] {logging_mixin.py:188} INFO - [2024-07-23T02:27:44.732+0000] {dagbag.py:545} INFO - Filling up the DagBag from /home/airflow/.local/lib/python3.12/site-packages/airflow/example_dags/example_skip_dag.py
[2024-07-23T02:27:44.738+0000] {processor.py:840} INFO - DAG(s) 'example_skip_dag' retrieved from /home/airflow/.local/lib/python3.12/site-packages/airflow/example_dags/example_skip_dag.py
[2024-07-23T02:27:44.764+0000] {logging_mixin.py:188} INFO - [2024-07-23T02:27:44.763+0000] {dag.py:3089} INFO - Sync 1 DAGs
[2024-07-23T02:27:44.793+0000] {logging_mixin.py:188} INFO - [2024-07-23T02:27:44.793+0000] {dag.py:3947} INFO - Setting next_dagrun for example_skip_dag to 2024-07-22 00:00:00+00:00, run_after=2024-07-23 00:00:00+00:00
[2024-07-23T02:27:44.820+0000] {processor.py:183} INFO - Processing /home/airflow/.local/lib/python3.12/site-packages/airflow/example_dags/example_skip_dag.py took 0.098 seconds
