[2024-07-23T01:58:23.260+0000] {processor.py:161} INFO - Started process (PID=98) to work on /home/airflow/.local/lib/python3.12/site-packages/airflow/example_dags/example_branch_labels.py
[2024-07-23T01:58:23.261+0000] {processor.py:830} INFO - Processing file /home/airflow/.local/lib/python3.12/site-packages/airflow/example_dags/example_branch_labels.py for tasks to queue
[2024-07-23T01:58:23.263+0000] {logging_mixin.py:188} INFO - [2024-07-23T01:58:23.263+0000] {dagbag.py:545} INFO - Filling up the DagBag from /home/airflow/.local/lib/python3.12/site-packages/airflow/example_dags/example_branch_labels.py
[2024-07-23T01:58:23.272+0000] {processor.py:840} INFO - DAG(s) 'example_branch_labels' retrieved from /home/airflow/.local/lib/python3.12/site-packages/airflow/example_dags/example_branch_labels.py
[2024-07-23T01:58:23.401+0000] {logging_mixin.py:188} INFO - [2024-07-23T01:58:23.400+0000] {dag.py:3089} INFO - Sync 1 DAGs
[2024-07-23T01:58:23.425+0000] {logging_mixin.py:188} INFO - [2024-07-23T01:58:23.425+0000] {dag.py:3947} INFO - Setting next_dagrun for example_branch_labels to 2024-07-22 00:00:00+00:00, run_after=2024-07-23 00:00:00+00:00
[2024-07-23T01:58:23.448+0000] {processor.py:183} INFO - Processing /home/airflow/.local/lib/python3.12/site-packages/airflow/example_dags/example_branch_labels.py took 0.196 seconds
[2024-07-23T01:58:53.712+0000] {processor.py:161} INFO - Started process (PID=156) to work on /home/airflow/.local/lib/python3.12/site-packages/airflow/example_dags/example_branch_labels.py
[2024-07-23T01:58:53.713+0000] {processor.py:830} INFO - Processing file /home/airflow/.local/lib/python3.12/site-packages/airflow/example_dags/example_branch_labels.py for tasks to queue
[2024-07-23T01:58:53.715+0000] {logging_mixin.py:188} INFO - [2024-07-23T01:58:53.715+0000] {dagbag.py:545} INFO - Filling up the DagBag from /home/airflow/.local/lib/python3.12/site-packages/airflow/example_dags/example_branch_labels.py
[2024-07-23T01:58:53.723+0000] {processor.py:840} INFO - DAG(s) 'example_branch_labels' retrieved from /home/airflow/.local/lib/python3.12/site-packages/airflow/example_dags/example_branch_labels.py
[2024-07-23T01:58:53.753+0000] {logging_mixin.py:188} INFO - [2024-07-23T01:58:53.753+0000] {dag.py:3089} INFO - Sync 1 DAGs
[2024-07-23T01:58:53.791+0000] {logging_mixin.py:188} INFO - [2024-07-23T01:58:53.791+0000] {dag.py:3947} INFO - Setting next_dagrun for example_branch_labels to 2024-07-22 00:00:00+00:00, run_after=2024-07-23 00:00:00+00:00
[2024-07-23T01:58:53.817+0000] {processor.py:183} INFO - Processing /home/airflow/.local/lib/python3.12/site-packages/airflow/example_dags/example_branch_labels.py took 0.113 seconds
[2024-07-23T01:59:24.080+0000] {processor.py:161} INFO - Started process (PID=214) to work on /home/airflow/.local/lib/python3.12/site-packages/airflow/example_dags/example_branch_labels.py
[2024-07-23T01:59:24.082+0000] {processor.py:830} INFO - Processing file /home/airflow/.local/lib/python3.12/site-packages/airflow/example_dags/example_branch_labels.py for tasks to queue
[2024-07-23T01:59:24.085+0000] {logging_mixin.py:188} INFO - [2024-07-23T01:59:24.084+0000] {dagbag.py:545} INFO - Filling up the DagBag from /home/airflow/.local/lib/python3.12/site-packages/airflow/example_dags/example_branch_labels.py
[2024-07-23T01:59:24.094+0000] {processor.py:840} INFO - DAG(s) 'example_branch_labels' retrieved from /home/airflow/.local/lib/python3.12/site-packages/airflow/example_dags/example_branch_labels.py
[2024-07-23T01:59:24.126+0000] {logging_mixin.py:188} INFO - [2024-07-23T01:59:24.125+0000] {dag.py:3089} INFO - Sync 1 DAGs
[2024-07-23T01:59:24.157+0000] {logging_mixin.py:188} INFO - [2024-07-23T01:59:24.157+0000] {dag.py:3947} INFO - Setting next_dagrun for example_branch_labels to 2024-07-22 00:00:00+00:00, run_after=2024-07-23 00:00:00+00:00
[2024-07-23T01:59:24.181+0000] {processor.py:183} INFO - Processing /home/airflow/.local/lib/python3.12/site-packages/airflow/example_dags/example_branch_labels.py took 0.111 seconds
[2024-07-23T01:59:54.415+0000] {processor.py:161} INFO - Started process (PID=272) to work on /home/airflow/.local/lib/python3.12/site-packages/airflow/example_dags/example_branch_labels.py
[2024-07-23T01:59:54.416+0000] {processor.py:830} INFO - Processing file /home/airflow/.local/lib/python3.12/site-packages/airflow/example_dags/example_branch_labels.py for tasks to queue
[2024-07-23T01:59:54.418+0000] {logging_mixin.py:188} INFO - [2024-07-23T01:59:54.418+0000] {dagbag.py:545} INFO - Filling up the DagBag from /home/airflow/.local/lib/python3.12/site-packages/airflow/example_dags/example_branch_labels.py
[2024-07-23T01:59:54.427+0000] {processor.py:840} INFO - DAG(s) 'example_branch_labels' retrieved from /home/airflow/.local/lib/python3.12/site-packages/airflow/example_dags/example_branch_labels.py
[2024-07-23T01:59:54.455+0000] {logging_mixin.py:188} INFO - [2024-07-23T01:59:54.455+0000] {dag.py:3089} INFO - Sync 1 DAGs
[2024-07-23T01:59:54.490+0000] {logging_mixin.py:188} INFO - [2024-07-23T01:59:54.489+0000] {dag.py:3947} INFO - Setting next_dagrun for example_branch_labels to 2024-07-22 00:00:00+00:00, run_after=2024-07-23 00:00:00+00:00
[2024-07-23T01:59:54.518+0000] {processor.py:183} INFO - Processing /home/airflow/.local/lib/python3.12/site-packages/airflow/example_dags/example_branch_labels.py took 0.108 seconds
[2024-07-23T02:00:24.745+0000] {processor.py:161} INFO - Started process (PID=330) to work on /home/airflow/.local/lib/python3.12/site-packages/airflow/example_dags/example_branch_labels.py
[2024-07-23T02:00:24.746+0000] {processor.py:830} INFO - Processing file /home/airflow/.local/lib/python3.12/site-packages/airflow/example_dags/example_branch_labels.py for tasks to queue
[2024-07-23T02:00:24.748+0000] {logging_mixin.py:188} INFO - [2024-07-23T02:00:24.748+0000] {dagbag.py:545} INFO - Filling up the DagBag from /home/airflow/.local/lib/python3.12/site-packages/airflow/example_dags/example_branch_labels.py
[2024-07-23T02:00:24.757+0000] {processor.py:840} INFO - DAG(s) 'example_branch_labels' retrieved from /home/airflow/.local/lib/python3.12/site-packages/airflow/example_dags/example_branch_labels.py
[2024-07-23T02:00:24.784+0000] {logging_mixin.py:188} INFO - [2024-07-23T02:00:24.783+0000] {dag.py:3089} INFO - Sync 1 DAGs
[2024-07-23T02:00:24.814+0000] {logging_mixin.py:188} INFO - [2024-07-23T02:00:24.813+0000] {dag.py:3947} INFO - Setting next_dagrun for example_branch_labels to 2024-07-22 00:00:00+00:00, run_after=2024-07-23 00:00:00+00:00
[2024-07-23T02:00:24.838+0000] {processor.py:183} INFO - Processing /home/airflow/.local/lib/python3.12/site-packages/airflow/example_dags/example_branch_labels.py took 0.099 seconds
[2024-07-23T02:00:55.151+0000] {processor.py:161} INFO - Started process (PID=387) to work on /home/airflow/.local/lib/python3.12/site-packages/airflow/example_dags/example_branch_labels.py
[2024-07-23T02:00:55.152+0000] {processor.py:830} INFO - Processing file /home/airflow/.local/lib/python3.12/site-packages/airflow/example_dags/example_branch_labels.py for tasks to queue
[2024-07-23T02:00:55.154+0000] {logging_mixin.py:188} INFO - [2024-07-23T02:00:55.154+0000] {dagbag.py:545} INFO - Filling up the DagBag from /home/airflow/.local/lib/python3.12/site-packages/airflow/example_dags/example_branch_labels.py
[2024-07-23T02:00:55.163+0000] {processor.py:840} INFO - DAG(s) 'example_branch_labels' retrieved from /home/airflow/.local/lib/python3.12/site-packages/airflow/example_dags/example_branch_labels.py
[2024-07-23T02:00:55.186+0000] {logging_mixin.py:188} INFO - [2024-07-23T02:00:55.186+0000] {dag.py:3089} INFO - Sync 1 DAGs
[2024-07-23T02:00:55.209+0000] {logging_mixin.py:188} INFO - [2024-07-23T02:00:55.209+0000] {dag.py:3947} INFO - Setting next_dagrun for example_branch_labels to 2024-07-22 00:00:00+00:00, run_after=2024-07-23 00:00:00+00:00
[2024-07-23T02:00:55.233+0000] {processor.py:183} INFO - Processing /home/airflow/.local/lib/python3.12/site-packages/airflow/example_dags/example_branch_labels.py took 0.089 seconds
[2024-07-23T02:01:26.185+0000] {processor.py:161} INFO - Started process (PID=444) to work on /home/airflow/.local/lib/python3.12/site-packages/airflow/example_dags/example_branch_labels.py
[2024-07-23T02:01:26.186+0000] {processor.py:830} INFO - Processing file /home/airflow/.local/lib/python3.12/site-packages/airflow/example_dags/example_branch_labels.py for tasks to queue
[2024-07-23T02:01:26.188+0000] {logging_mixin.py:188} INFO - [2024-07-23T02:01:26.188+0000] {dagbag.py:545} INFO - Filling up the DagBag from /home/airflow/.local/lib/python3.12/site-packages/airflow/example_dags/example_branch_labels.py
[2024-07-23T02:01:26.201+0000] {processor.py:840} INFO - DAG(s) 'example_branch_labels' retrieved from /home/airflow/.local/lib/python3.12/site-packages/airflow/example_dags/example_branch_labels.py
[2024-07-23T02:01:26.232+0000] {logging_mixin.py:188} INFO - [2024-07-23T02:01:26.231+0000] {dag.py:3089} INFO - Sync 1 DAGs
[2024-07-23T02:01:26.263+0000] {logging_mixin.py:188} INFO - [2024-07-23T02:01:26.263+0000] {dag.py:3947} INFO - Setting next_dagrun for example_branch_labels to 2024-07-22 00:00:00+00:00, run_after=2024-07-23 00:00:00+00:00
[2024-07-23T02:01:26.288+0000] {processor.py:183} INFO - Processing /home/airflow/.local/lib/python3.12/site-packages/airflow/example_dags/example_branch_labels.py took 0.111 seconds
[2024-07-23T02:01:56.403+0000] {processor.py:161} INFO - Started process (PID=501) to work on /home/airflow/.local/lib/python3.12/site-packages/airflow/example_dags/example_branch_labels.py
[2024-07-23T02:01:56.404+0000] {processor.py:830} INFO - Processing file /home/airflow/.local/lib/python3.12/site-packages/airflow/example_dags/example_branch_labels.py for tasks to queue
[2024-07-23T02:01:56.407+0000] {logging_mixin.py:188} INFO - [2024-07-23T02:01:56.406+0000] {dagbag.py:545} INFO - Filling up the DagBag from /home/airflow/.local/lib/python3.12/site-packages/airflow/example_dags/example_branch_labels.py
[2024-07-23T02:01:56.416+0000] {processor.py:840} INFO - DAG(s) 'example_branch_labels' retrieved from /home/airflow/.local/lib/python3.12/site-packages/airflow/example_dags/example_branch_labels.py
[2024-07-23T02:01:56.440+0000] {logging_mixin.py:188} INFO - [2024-07-23T02:01:56.440+0000] {dag.py:3089} INFO - Sync 1 DAGs
[2024-07-23T02:01:56.471+0000] {logging_mixin.py:188} INFO - [2024-07-23T02:01:56.471+0000] {dag.py:3947} INFO - Setting next_dagrun for example_branch_labels to 2024-07-22 00:00:00+00:00, run_after=2024-07-23 00:00:00+00:00
[2024-07-23T02:01:56.494+0000] {processor.py:183} INFO - Processing /home/airflow/.local/lib/python3.12/site-packages/airflow/example_dags/example_branch_labels.py took 0.098 seconds
[2024-07-23T02:02:26.630+0000] {processor.py:161} INFO - Started process (PID=560) to work on /home/airflow/.local/lib/python3.12/site-packages/airflow/example_dags/example_branch_labels.py
[2024-07-23T02:02:26.631+0000] {processor.py:830} INFO - Processing file /home/airflow/.local/lib/python3.12/site-packages/airflow/example_dags/example_branch_labels.py for tasks to queue
[2024-07-23T02:02:26.632+0000] {logging_mixin.py:188} INFO - [2024-07-23T02:02:26.632+0000] {dagbag.py:545} INFO - Filling up the DagBag from /home/airflow/.local/lib/python3.12/site-packages/airflow/example_dags/example_branch_labels.py
[2024-07-23T02:02:26.640+0000] {processor.py:840} INFO - DAG(s) 'example_branch_labels' retrieved from /home/airflow/.local/lib/python3.12/site-packages/airflow/example_dags/example_branch_labels.py
[2024-07-23T02:02:26.663+0000] {logging_mixin.py:188} INFO - [2024-07-23T02:02:26.663+0000] {dag.py:3089} INFO - Sync 1 DAGs
[2024-07-23T02:02:26.687+0000] {logging_mixin.py:188} INFO - [2024-07-23T02:02:26.687+0000] {dag.py:3947} INFO - Setting next_dagrun for example_branch_labels to 2024-07-22 00:00:00+00:00, run_after=2024-07-23 00:00:00+00:00
[2024-07-23T02:02:26.708+0000] {processor.py:183} INFO - Processing /home/airflow/.local/lib/python3.12/site-packages/airflow/example_dags/example_branch_labels.py took 0.085 seconds
[2024-07-23T02:02:57.503+0000] {processor.py:161} INFO - Started process (PID=619) to work on /home/airflow/.local/lib/python3.12/site-packages/airflow/example_dags/example_branch_labels.py
[2024-07-23T02:02:57.506+0000] {processor.py:830} INFO - Processing file /home/airflow/.local/lib/python3.12/site-packages/airflow/example_dags/example_branch_labels.py for tasks to queue
[2024-07-23T02:02:57.509+0000] {logging_mixin.py:188} INFO - [2024-07-23T02:02:57.508+0000] {dagbag.py:545} INFO - Filling up the DagBag from /home/airflow/.local/lib/python3.12/site-packages/airflow/example_dags/example_branch_labels.py
[2024-07-23T02:02:57.523+0000] {processor.py:840} INFO - DAG(s) 'example_branch_labels' retrieved from /home/airflow/.local/lib/python3.12/site-packages/airflow/example_dags/example_branch_labels.py
[2024-07-23T02:02:57.566+0000] {logging_mixin.py:188} INFO - [2024-07-23T02:02:57.565+0000] {dag.py:3089} INFO - Sync 1 DAGs
[2024-07-23T02:02:57.618+0000] {logging_mixin.py:188} INFO - [2024-07-23T02:02:57.617+0000] {dag.py:3947} INFO - Setting next_dagrun for example_branch_labels to 2024-07-22 00:00:00+00:00, run_after=2024-07-23 00:00:00+00:00
[2024-07-23T02:02:57.653+0000] {processor.py:183} INFO - Processing /home/airflow/.local/lib/python3.12/site-packages/airflow/example_dags/example_branch_labels.py took 0.164 seconds
[2024-07-23T02:03:28.534+0000] {processor.py:161} INFO - Started process (PID=679) to work on /home/airflow/.local/lib/python3.12/site-packages/airflow/example_dags/example_branch_labels.py
[2024-07-23T02:03:28.535+0000] {processor.py:830} INFO - Processing file /home/airflow/.local/lib/python3.12/site-packages/airflow/example_dags/example_branch_labels.py for tasks to queue
[2024-07-23T02:03:28.538+0000] {logging_mixin.py:188} INFO - [2024-07-23T02:03:28.538+0000] {dagbag.py:545} INFO - Filling up the DagBag from /home/airflow/.local/lib/python3.12/site-packages/airflow/example_dags/example_branch_labels.py
[2024-07-23T02:03:28.553+0000] {processor.py:840} INFO - DAG(s) 'example_branch_labels' retrieved from /home/airflow/.local/lib/python3.12/site-packages/airflow/example_dags/example_branch_labels.py
[2024-07-23T02:03:28.591+0000] {logging_mixin.py:188} INFO - [2024-07-23T02:03:28.591+0000] {dag.py:3089} INFO - Sync 1 DAGs
[2024-07-23T02:03:28.633+0000] {logging_mixin.py:188} INFO - [2024-07-23T02:03:28.633+0000] {dag.py:3947} INFO - Setting next_dagrun for example_branch_labels to 2024-07-22 00:00:00+00:00, run_after=2024-07-23 00:00:00+00:00
[2024-07-23T02:03:28.668+0000] {processor.py:183} INFO - Processing /home/airflow/.local/lib/python3.12/site-packages/airflow/example_dags/example_branch_labels.py took 0.144 seconds
[2024-07-23T02:04:04.961+0000] {processor.py:161} INFO - Started process (PID=738) to work on /home/airflow/.local/lib/python3.12/site-packages/airflow/example_dags/example_branch_labels.py
[2024-07-23T02:04:04.966+0000] {processor.py:830} INFO - Processing file /home/airflow/.local/lib/python3.12/site-packages/airflow/example_dags/example_branch_labels.py for tasks to queue
[2024-07-23T02:04:04.978+0000] {logging_mixin.py:188} INFO - [2024-07-23T02:04:04.976+0000] {dagbag.py:545} INFO - Filling up the DagBag from /home/airflow/.local/lib/python3.12/site-packages/airflow/example_dags/example_branch_labels.py
[2024-07-23T02:04:05.033+0000] {processor.py:840} INFO - DAG(s) 'example_branch_labels' retrieved from /home/airflow/.local/lib/python3.12/site-packages/airflow/example_dags/example_branch_labels.py
[2024-07-23T02:04:05.169+0000] {logging_mixin.py:188} INFO - [2024-07-23T02:04:05.167+0000] {dag.py:3089} INFO - Sync 1 DAGs
[2024-07-23T02:04:05.338+0000] {logging_mixin.py:188} INFO - [2024-07-23T02:04:05.335+0000] {dag.py:3947} INFO - Setting next_dagrun for example_branch_labels to 2024-07-22 00:00:00+00:00, run_after=2024-07-23 00:00:00+00:00
[2024-07-23T02:04:05.489+0000] {processor.py:183} INFO - Processing /home/airflow/.local/lib/python3.12/site-packages/airflow/example_dags/example_branch_labels.py took 0.568 seconds
[2024-07-23T02:04:37.104+0000] {processor.py:161} INFO - Started process (PID=797) to work on /home/airflow/.local/lib/python3.12/site-packages/airflow/example_dags/example_branch_labels.py
[2024-07-23T02:04:37.108+0000] {processor.py:830} INFO - Processing file /home/airflow/.local/lib/python3.12/site-packages/airflow/example_dags/example_branch_labels.py for tasks to queue
[2024-07-23T02:04:37.118+0000] {logging_mixin.py:188} INFO - [2024-07-23T02:04:37.116+0000] {dagbag.py:545} INFO - Filling up the DagBag from /home/airflow/.local/lib/python3.12/site-packages/airflow/example_dags/example_branch_labels.py
[2024-07-23T02:04:37.157+0000] {processor.py:840} INFO - DAG(s) 'example_branch_labels' retrieved from /home/airflow/.local/lib/python3.12/site-packages/airflow/example_dags/example_branch_labels.py
[2024-07-23T02:04:37.270+0000] {logging_mixin.py:188} INFO - [2024-07-23T02:04:37.269+0000] {dag.py:3089} INFO - Sync 1 DAGs
[2024-07-23T02:04:37.408+0000] {logging_mixin.py:188} INFO - [2024-07-23T02:04:37.406+0000] {dag.py:3947} INFO - Setting next_dagrun for example_branch_labels to 2024-07-22 00:00:00+00:00, run_after=2024-07-23 00:00:00+00:00
[2024-07-23T02:04:37.544+0000] {processor.py:183} INFO - Processing /home/airflow/.local/lib/python3.12/site-packages/airflow/example_dags/example_branch_labels.py took 0.472 seconds
[2024-07-23T02:05:08.384+0000] {processor.py:161} INFO - Started process (PID=856) to work on /home/airflow/.local/lib/python3.12/site-packages/airflow/example_dags/example_branch_labels.py
[2024-07-23T02:05:08.389+0000] {processor.py:830} INFO - Processing file /home/airflow/.local/lib/python3.12/site-packages/airflow/example_dags/example_branch_labels.py for tasks to queue
[2024-07-23T02:05:08.402+0000] {logging_mixin.py:188} INFO - [2024-07-23T02:05:08.399+0000] {dagbag.py:545} INFO - Filling up the DagBag from /home/airflow/.local/lib/python3.12/site-packages/airflow/example_dags/example_branch_labels.py
[2024-07-23T02:05:08.459+0000] {processor.py:840} INFO - DAG(s) 'example_branch_labels' retrieved from /home/airflow/.local/lib/python3.12/site-packages/airflow/example_dags/example_branch_labels.py
[2024-07-23T02:05:08.592+0000] {logging_mixin.py:188} INFO - [2024-07-23T02:05:08.591+0000] {dag.py:3089} INFO - Sync 1 DAGs
[2024-07-23T02:05:08.751+0000] {logging_mixin.py:188} INFO - [2024-07-23T02:05:08.749+0000] {dag.py:3947} INFO - Setting next_dagrun for example_branch_labels to 2024-07-22 00:00:00+00:00, run_after=2024-07-23 00:00:00+00:00
[2024-07-23T02:05:08.874+0000] {processor.py:183} INFO - Processing /home/airflow/.local/lib/python3.12/site-packages/airflow/example_dags/example_branch_labels.py took 0.534 seconds
[2024-07-23T02:05:40.454+0000] {processor.py:161} INFO - Started process (PID=915) to work on /home/airflow/.local/lib/python3.12/site-packages/airflow/example_dags/example_branch_labels.py
[2024-07-23T02:05:40.458+0000] {processor.py:830} INFO - Processing file /home/airflow/.local/lib/python3.12/site-packages/airflow/example_dags/example_branch_labels.py for tasks to queue
[2024-07-23T02:05:40.468+0000] {logging_mixin.py:188} INFO - [2024-07-23T02:05:40.466+0000] {dagbag.py:545} INFO - Filling up the DagBag from /home/airflow/.local/lib/python3.12/site-packages/airflow/example_dags/example_branch_labels.py
[2024-07-23T02:05:40.516+0000] {processor.py:840} INFO - DAG(s) 'example_branch_labels' retrieved from /home/airflow/.local/lib/python3.12/site-packages/airflow/example_dags/example_branch_labels.py
[2024-07-23T02:05:40.662+0000] {logging_mixin.py:188} INFO - [2024-07-23T02:05:40.660+0000] {dag.py:3089} INFO - Sync 1 DAGs
[2024-07-23T02:05:40.886+0000] {logging_mixin.py:188} INFO - [2024-07-23T02:05:40.884+0000] {dag.py:3947} INFO - Setting next_dagrun for example_branch_labels to 2024-07-22 00:00:00+00:00, run_after=2024-07-23 00:00:00+00:00
[2024-07-23T02:05:41.019+0000] {processor.py:183} INFO - Processing /home/airflow/.local/lib/python3.12/site-packages/airflow/example_dags/example_branch_labels.py took 0.598 seconds
[2024-07-23T02:06:11.116+0000] {processor.py:161} INFO - Started process (PID=974) to work on /home/airflow/.local/lib/python3.12/site-packages/airflow/example_dags/example_branch_labels.py
[2024-07-23T02:06:11.117+0000] {processor.py:830} INFO - Processing file /home/airflow/.local/lib/python3.12/site-packages/airflow/example_dags/example_branch_labels.py for tasks to queue
[2024-07-23T02:06:11.119+0000] {logging_mixin.py:188} INFO - [2024-07-23T02:06:11.119+0000] {dagbag.py:545} INFO - Filling up the DagBag from /home/airflow/.local/lib/python3.12/site-packages/airflow/example_dags/example_branch_labels.py
[2024-07-23T02:06:11.128+0000] {processor.py:840} INFO - DAG(s) 'example_branch_labels' retrieved from /home/airflow/.local/lib/python3.12/site-packages/airflow/example_dags/example_branch_labels.py
[2024-07-23T02:06:11.156+0000] {logging_mixin.py:188} INFO - [2024-07-23T02:06:11.155+0000] {dag.py:3089} INFO - Sync 1 DAGs
[2024-07-23T02:06:11.184+0000] {logging_mixin.py:188} INFO - [2024-07-23T02:06:11.184+0000] {dag.py:3947} INFO - Setting next_dagrun for example_branch_labels to 2024-07-22 00:00:00+00:00, run_after=2024-07-23 00:00:00+00:00
[2024-07-23T02:06:11.209+0000] {processor.py:183} INFO - Processing /home/airflow/.local/lib/python3.12/site-packages/airflow/example_dags/example_branch_labels.py took 0.101 seconds
[2024-07-23T02:06:41.792+0000] {processor.py:161} INFO - Started process (PID=1033) to work on /home/airflow/.local/lib/python3.12/site-packages/airflow/example_dags/example_branch_labels.py
[2024-07-23T02:06:41.794+0000] {processor.py:830} INFO - Processing file /home/airflow/.local/lib/python3.12/site-packages/airflow/example_dags/example_branch_labels.py for tasks to queue
[2024-07-23T02:06:41.797+0000] {logging_mixin.py:188} INFO - [2024-07-23T02:06:41.796+0000] {dagbag.py:545} INFO - Filling up the DagBag from /home/airflow/.local/lib/python3.12/site-packages/airflow/example_dags/example_branch_labels.py
[2024-07-23T02:06:41.807+0000] {processor.py:840} INFO - DAG(s) 'example_branch_labels' retrieved from /home/airflow/.local/lib/python3.12/site-packages/airflow/example_dags/example_branch_labels.py
[2024-07-23T02:06:41.835+0000] {logging_mixin.py:188} INFO - [2024-07-23T02:06:41.835+0000] {dag.py:3089} INFO - Sync 1 DAGs
[2024-07-23T02:06:41.869+0000] {logging_mixin.py:188} INFO - [2024-07-23T02:06:41.869+0000] {dag.py:3947} INFO - Setting next_dagrun for example_branch_labels to 2024-07-22 00:00:00+00:00, run_after=2024-07-23 00:00:00+00:00
[2024-07-23T02:06:41.894+0000] {processor.py:183} INFO - Processing /home/airflow/.local/lib/python3.12/site-packages/airflow/example_dags/example_branch_labels.py took 0.111 seconds
[2024-07-23T02:07:12.126+0000] {processor.py:161} INFO - Started process (PID=1092) to work on /home/airflow/.local/lib/python3.12/site-packages/airflow/example_dags/example_branch_labels.py
[2024-07-23T02:07:12.127+0000] {processor.py:830} INFO - Processing file /home/airflow/.local/lib/python3.12/site-packages/airflow/example_dags/example_branch_labels.py for tasks to queue
[2024-07-23T02:07:12.129+0000] {logging_mixin.py:188} INFO - [2024-07-23T02:07:12.129+0000] {dagbag.py:545} INFO - Filling up the DagBag from /home/airflow/.local/lib/python3.12/site-packages/airflow/example_dags/example_branch_labels.py
[2024-07-23T02:07:12.139+0000] {processor.py:840} INFO - DAG(s) 'example_branch_labels' retrieved from /home/airflow/.local/lib/python3.12/site-packages/airflow/example_dags/example_branch_labels.py
[2024-07-23T02:07:12.173+0000] {logging_mixin.py:188} INFO - [2024-07-23T02:07:12.173+0000] {dag.py:3089} INFO - Sync 1 DAGs
[2024-07-23T02:07:12.209+0000] {logging_mixin.py:188} INFO - [2024-07-23T02:07:12.209+0000] {dag.py:3947} INFO - Setting next_dagrun for example_branch_labels to 2024-07-22 00:00:00+00:00, run_after=2024-07-23 00:00:00+00:00
[2024-07-23T02:07:12.232+0000] {processor.py:183} INFO - Processing /home/airflow/.local/lib/python3.12/site-packages/airflow/example_dags/example_branch_labels.py took 0.115 seconds
[2024-07-23T02:07:43.435+0000] {processor.py:161} INFO - Started process (PID=1151) to work on /home/airflow/.local/lib/python3.12/site-packages/airflow/example_dags/example_branch_labels.py
[2024-07-23T02:07:43.439+0000] {processor.py:830} INFO - Processing file /home/airflow/.local/lib/python3.12/site-packages/airflow/example_dags/example_branch_labels.py for tasks to queue
[2024-07-23T02:07:43.445+0000] {logging_mixin.py:188} INFO - [2024-07-23T02:07:43.444+0000] {dagbag.py:545} INFO - Filling up the DagBag from /home/airflow/.local/lib/python3.12/site-packages/airflow/example_dags/example_branch_labels.py
[2024-07-23T02:07:43.481+0000] {processor.py:840} INFO - DAG(s) 'example_branch_labels' retrieved from /home/airflow/.local/lib/python3.12/site-packages/airflow/example_dags/example_branch_labels.py
[2024-07-23T02:07:43.563+0000] {logging_mixin.py:188} INFO - [2024-07-23T02:07:43.562+0000] {dag.py:3089} INFO - Sync 1 DAGs
[2024-07-23T02:07:43.661+0000] {logging_mixin.py:188} INFO - [2024-07-23T02:07:43.660+0000] {dag.py:3947} INFO - Setting next_dagrun for example_branch_labels to 2024-07-22 00:00:00+00:00, run_after=2024-07-23 00:00:00+00:00
[2024-07-23T02:07:43.730+0000] {processor.py:183} INFO - Processing /home/airflow/.local/lib/python3.12/site-packages/airflow/example_dags/example_branch_labels.py took 0.320 seconds
[2024-07-23T02:08:13.994+0000] {processor.py:161} INFO - Started process (PID=1211) to work on /home/airflow/.local/lib/python3.12/site-packages/airflow/example_dags/example_branch_labels.py
[2024-07-23T02:08:13.995+0000] {processor.py:830} INFO - Processing file /home/airflow/.local/lib/python3.12/site-packages/airflow/example_dags/example_branch_labels.py for tasks to queue
[2024-07-23T02:08:13.997+0000] {logging_mixin.py:188} INFO - [2024-07-23T02:08:13.997+0000] {dagbag.py:545} INFO - Filling up the DagBag from /home/airflow/.local/lib/python3.12/site-packages/airflow/example_dags/example_branch_labels.py
[2024-07-23T02:08:14.006+0000] {processor.py:840} INFO - DAG(s) 'example_branch_labels' retrieved from /home/airflow/.local/lib/python3.12/site-packages/airflow/example_dags/example_branch_labels.py
[2024-07-23T02:08:14.033+0000] {logging_mixin.py:188} INFO - [2024-07-23T02:08:14.032+0000] {dag.py:3089} INFO - Sync 1 DAGs
[2024-07-23T02:08:14.058+0000] {logging_mixin.py:188} INFO - [2024-07-23T02:08:14.058+0000] {dag.py:3947} INFO - Setting next_dagrun for example_branch_labels to 2024-07-22 00:00:00+00:00, run_after=2024-07-23 00:00:00+00:00
[2024-07-23T02:08:14.079+0000] {processor.py:183} INFO - Processing /home/airflow/.local/lib/python3.12/site-packages/airflow/example_dags/example_branch_labels.py took 0.090 seconds
[2024-07-23T02:08:44.835+0000] {processor.py:161} INFO - Started process (PID=1269) to work on /home/airflow/.local/lib/python3.12/site-packages/airflow/example_dags/example_branch_labels.py
[2024-07-23T02:08:44.838+0000] {processor.py:830} INFO - Processing file /home/airflow/.local/lib/python3.12/site-packages/airflow/example_dags/example_branch_labels.py for tasks to queue
[2024-07-23T02:08:44.841+0000] {logging_mixin.py:188} INFO - [2024-07-23T02:08:44.840+0000] {dagbag.py:545} INFO - Filling up the DagBag from /home/airflow/.local/lib/python3.12/site-packages/airflow/example_dags/example_branch_labels.py
[2024-07-23T02:08:44.855+0000] {processor.py:840} INFO - DAG(s) 'example_branch_labels' retrieved from /home/airflow/.local/lib/python3.12/site-packages/airflow/example_dags/example_branch_labels.py
[2024-07-23T02:08:44.886+0000] {logging_mixin.py:188} INFO - [2024-07-23T02:08:44.885+0000] {dag.py:3089} INFO - Sync 1 DAGs
[2024-07-23T02:08:44.915+0000] {logging_mixin.py:188} INFO - [2024-07-23T02:08:44.915+0000] {dag.py:3947} INFO - Setting next_dagrun for example_branch_labels to 2024-07-22 00:00:00+00:00, run_after=2024-07-23 00:00:00+00:00
[2024-07-23T02:08:44.941+0000] {processor.py:183} INFO - Processing /home/airflow/.local/lib/python3.12/site-packages/airflow/example_dags/example_branch_labels.py took 0.113 seconds
[2024-07-23T02:09:15.665+0000] {processor.py:161} INFO - Started process (PID=1328) to work on /home/airflow/.local/lib/python3.12/site-packages/airflow/example_dags/example_branch_labels.py
[2024-07-23T02:09:15.666+0000] {processor.py:830} INFO - Processing file /home/airflow/.local/lib/python3.12/site-packages/airflow/example_dags/example_branch_labels.py for tasks to queue
[2024-07-23T02:09:15.668+0000] {logging_mixin.py:188} INFO - [2024-07-23T02:09:15.668+0000] {dagbag.py:545} INFO - Filling up the DagBag from /home/airflow/.local/lib/python3.12/site-packages/airflow/example_dags/example_branch_labels.py
[2024-07-23T02:09:15.679+0000] {processor.py:840} INFO - DAG(s) 'example_branch_labels' retrieved from /home/airflow/.local/lib/python3.12/site-packages/airflow/example_dags/example_branch_labels.py
[2024-07-23T02:09:15.706+0000] {logging_mixin.py:188} INFO - [2024-07-23T02:09:15.705+0000] {dag.py:3089} INFO - Sync 1 DAGs
[2024-07-23T02:09:15.735+0000] {logging_mixin.py:188} INFO - [2024-07-23T02:09:15.735+0000] {dag.py:3947} INFO - Setting next_dagrun for example_branch_labels to 2024-07-22 00:00:00+00:00, run_after=2024-07-23 00:00:00+00:00
[2024-07-23T02:09:15.761+0000] {processor.py:183} INFO - Processing /home/airflow/.local/lib/python3.12/site-packages/airflow/example_dags/example_branch_labels.py took 0.104 seconds
[2024-07-23T02:09:45.963+0000] {processor.py:161} INFO - Started process (PID=1386) to work on /home/airflow/.local/lib/python3.12/site-packages/airflow/example_dags/example_branch_labels.py
[2024-07-23T02:09:45.964+0000] {processor.py:830} INFO - Processing file /home/airflow/.local/lib/python3.12/site-packages/airflow/example_dags/example_branch_labels.py for tasks to queue
[2024-07-23T02:09:45.966+0000] {logging_mixin.py:188} INFO - [2024-07-23T02:09:45.965+0000] {dagbag.py:545} INFO - Filling up the DagBag from /home/airflow/.local/lib/python3.12/site-packages/airflow/example_dags/example_branch_labels.py
[2024-07-23T02:09:45.975+0000] {processor.py:840} INFO - DAG(s) 'example_branch_labels' retrieved from /home/airflow/.local/lib/python3.12/site-packages/airflow/example_dags/example_branch_labels.py
[2024-07-23T02:09:46.011+0000] {logging_mixin.py:188} INFO - [2024-07-23T02:09:46.010+0000] {dag.py:3089} INFO - Sync 1 DAGs
[2024-07-23T02:09:46.043+0000] {logging_mixin.py:188} INFO - [2024-07-23T02:09:46.043+0000] {dag.py:3947} INFO - Setting next_dagrun for example_branch_labels to 2024-07-22 00:00:00+00:00, run_after=2024-07-23 00:00:00+00:00
[2024-07-23T02:09:46.066+0000] {processor.py:183} INFO - Processing /home/airflow/.local/lib/python3.12/site-packages/airflow/example_dags/example_branch_labels.py took 0.109 seconds
[2024-07-23T02:10:16.193+0000] {processor.py:161} INFO - Started process (PID=1445) to work on /home/airflow/.local/lib/python3.12/site-packages/airflow/example_dags/example_branch_labels.py
[2024-07-23T02:10:16.194+0000] {processor.py:830} INFO - Processing file /home/airflow/.local/lib/python3.12/site-packages/airflow/example_dags/example_branch_labels.py for tasks to queue
[2024-07-23T02:10:16.196+0000] {logging_mixin.py:188} INFO - [2024-07-23T02:10:16.195+0000] {dagbag.py:545} INFO - Filling up the DagBag from /home/airflow/.local/lib/python3.12/site-packages/airflow/example_dags/example_branch_labels.py
[2024-07-23T02:10:16.204+0000] {processor.py:840} INFO - DAG(s) 'example_branch_labels' retrieved from /home/airflow/.local/lib/python3.12/site-packages/airflow/example_dags/example_branch_labels.py
[2024-07-23T02:10:16.228+0000] {logging_mixin.py:188} INFO - [2024-07-23T02:10:16.228+0000] {dag.py:3089} INFO - Sync 1 DAGs
[2024-07-23T02:10:16.266+0000] {logging_mixin.py:188} INFO - [2024-07-23T02:10:16.265+0000] {dag.py:3947} INFO - Setting next_dagrun for example_branch_labels to 2024-07-22 00:00:00+00:00, run_after=2024-07-23 00:00:00+00:00
[2024-07-23T02:10:16.296+0000] {processor.py:183} INFO - Processing /home/airflow/.local/lib/python3.12/site-packages/airflow/example_dags/example_branch_labels.py took 0.109 seconds
[2024-07-23T02:10:46.396+0000] {processor.py:161} INFO - Started process (PID=1504) to work on /home/airflow/.local/lib/python3.12/site-packages/airflow/example_dags/example_branch_labels.py
[2024-07-23T02:10:46.398+0000] {processor.py:830} INFO - Processing file /home/airflow/.local/lib/python3.12/site-packages/airflow/example_dags/example_branch_labels.py for tasks to queue
[2024-07-23T02:10:46.400+0000] {logging_mixin.py:188} INFO - [2024-07-23T02:10:46.399+0000] {dagbag.py:545} INFO - Filling up the DagBag from /home/airflow/.local/lib/python3.12/site-packages/airflow/example_dags/example_branch_labels.py
[2024-07-23T02:10:46.410+0000] {processor.py:840} INFO - DAG(s) 'example_branch_labels' retrieved from /home/airflow/.local/lib/python3.12/site-packages/airflow/example_dags/example_branch_labels.py
[2024-07-23T02:10:46.437+0000] {logging_mixin.py:188} INFO - [2024-07-23T02:10:46.436+0000] {dag.py:3089} INFO - Sync 1 DAGs
[2024-07-23T02:10:46.466+0000] {logging_mixin.py:188} INFO - [2024-07-23T02:10:46.465+0000] {dag.py:3947} INFO - Setting next_dagrun for example_branch_labels to 2024-07-22 00:00:00+00:00, run_after=2024-07-23 00:00:00+00:00
[2024-07-23T02:10:46.498+0000] {processor.py:183} INFO - Processing /home/airflow/.local/lib/python3.12/site-packages/airflow/example_dags/example_branch_labels.py took 0.110 seconds
[2024-07-23T02:11:16.726+0000] {processor.py:161} INFO - Started process (PID=1563) to work on /home/airflow/.local/lib/python3.12/site-packages/airflow/example_dags/example_branch_labels.py
[2024-07-23T02:11:16.727+0000] {processor.py:830} INFO - Processing file /home/airflow/.local/lib/python3.12/site-packages/airflow/example_dags/example_branch_labels.py for tasks to queue
[2024-07-23T02:11:16.728+0000] {logging_mixin.py:188} INFO - [2024-07-23T02:11:16.728+0000] {dagbag.py:545} INFO - Filling up the DagBag from /home/airflow/.local/lib/python3.12/site-packages/airflow/example_dags/example_branch_labels.py
[2024-07-23T02:11:16.736+0000] {processor.py:840} INFO - DAG(s) 'example_branch_labels' retrieved from /home/airflow/.local/lib/python3.12/site-packages/airflow/example_dags/example_branch_labels.py
[2024-07-23T02:11:16.759+0000] {logging_mixin.py:188} INFO - [2024-07-23T02:11:16.758+0000] {dag.py:3089} INFO - Sync 1 DAGs
[2024-07-23T02:11:16.782+0000] {logging_mixin.py:188} INFO - [2024-07-23T02:11:16.782+0000] {dag.py:3947} INFO - Setting next_dagrun for example_branch_labels to 2024-07-22 00:00:00+00:00, run_after=2024-07-23 00:00:00+00:00
[2024-07-23T02:11:16.802+0000] {processor.py:183} INFO - Processing /home/airflow/.local/lib/python3.12/site-packages/airflow/example_dags/example_branch_labels.py took 0.082 seconds
[2024-07-23T02:11:46.948+0000] {processor.py:161} INFO - Started process (PID=1621) to work on /home/airflow/.local/lib/python3.12/site-packages/airflow/example_dags/example_branch_labels.py
[2024-07-23T02:11:46.948+0000] {processor.py:830} INFO - Processing file /home/airflow/.local/lib/python3.12/site-packages/airflow/example_dags/example_branch_labels.py for tasks to queue
[2024-07-23T02:11:46.950+0000] {logging_mixin.py:188} INFO - [2024-07-23T02:11:46.950+0000] {dagbag.py:545} INFO - Filling up the DagBag from /home/airflow/.local/lib/python3.12/site-packages/airflow/example_dags/example_branch_labels.py
[2024-07-23T02:11:46.959+0000] {processor.py:840} INFO - DAG(s) 'example_branch_labels' retrieved from /home/airflow/.local/lib/python3.12/site-packages/airflow/example_dags/example_branch_labels.py
[2024-07-23T02:11:46.984+0000] {logging_mixin.py:188} INFO - [2024-07-23T02:11:46.984+0000] {dag.py:3089} INFO - Sync 1 DAGs
[2024-07-23T02:11:47.013+0000] {logging_mixin.py:188} INFO - [2024-07-23T02:11:47.013+0000] {dag.py:3947} INFO - Setting next_dagrun for example_branch_labels to 2024-07-22 00:00:00+00:00, run_after=2024-07-23 00:00:00+00:00
[2024-07-23T02:11:47.036+0000] {processor.py:183} INFO - Processing /home/airflow/.local/lib/python3.12/site-packages/airflow/example_dags/example_branch_labels.py took 0.095 seconds
[2024-07-23T02:12:17.217+0000] {processor.py:161} INFO - Started process (PID=1680) to work on /home/airflow/.local/lib/python3.12/site-packages/airflow/example_dags/example_branch_labels.py
[2024-07-23T02:12:17.219+0000] {processor.py:830} INFO - Processing file /home/airflow/.local/lib/python3.12/site-packages/airflow/example_dags/example_branch_labels.py for tasks to queue
[2024-07-23T02:12:17.222+0000] {logging_mixin.py:188} INFO - [2024-07-23T02:12:17.222+0000] {dagbag.py:545} INFO - Filling up the DagBag from /home/airflow/.local/lib/python3.12/site-packages/airflow/example_dags/example_branch_labels.py
[2024-07-23T02:12:17.232+0000] {processor.py:840} INFO - DAG(s) 'example_branch_labels' retrieved from /home/airflow/.local/lib/python3.12/site-packages/airflow/example_dags/example_branch_labels.py
[2024-07-23T02:12:17.255+0000] {logging_mixin.py:188} INFO - [2024-07-23T02:12:17.255+0000] {dag.py:3089} INFO - Sync 1 DAGs
[2024-07-23T02:12:17.282+0000] {logging_mixin.py:188} INFO - [2024-07-23T02:12:17.282+0000] {dag.py:3947} INFO - Setting next_dagrun for example_branch_labels to 2024-07-22 00:00:00+00:00, run_after=2024-07-23 00:00:00+00:00
[2024-07-23T02:12:17.304+0000] {processor.py:183} INFO - Processing /home/airflow/.local/lib/python3.12/site-packages/airflow/example_dags/example_branch_labels.py took 0.095 seconds
[2024-07-23T02:12:47.335+0000] {processor.py:161} INFO - Started process (PID=1740) to work on /home/airflow/.local/lib/python3.12/site-packages/airflow/example_dags/example_branch_labels.py
[2024-07-23T02:12:47.336+0000] {processor.py:830} INFO - Processing file /home/airflow/.local/lib/python3.12/site-packages/airflow/example_dags/example_branch_labels.py for tasks to queue
[2024-07-23T02:12:47.338+0000] {logging_mixin.py:188} INFO - [2024-07-23T02:12:47.338+0000] {dagbag.py:545} INFO - Filling up the DagBag from /home/airflow/.local/lib/python3.12/site-packages/airflow/example_dags/example_branch_labels.py
[2024-07-23T02:12:47.347+0000] {processor.py:840} INFO - DAG(s) 'example_branch_labels' retrieved from /home/airflow/.local/lib/python3.12/site-packages/airflow/example_dags/example_branch_labels.py
[2024-07-23T02:12:47.370+0000] {logging_mixin.py:188} INFO - [2024-07-23T02:12:47.370+0000] {dag.py:3089} INFO - Sync 1 DAGs
[2024-07-23T02:12:47.395+0000] {logging_mixin.py:188} INFO - [2024-07-23T02:12:47.395+0000] {dag.py:3947} INFO - Setting next_dagrun for example_branch_labels to 2024-07-22 00:00:00+00:00, run_after=2024-07-23 00:00:00+00:00
[2024-07-23T02:12:47.415+0000] {processor.py:183} INFO - Processing /home/airflow/.local/lib/python3.12/site-packages/airflow/example_dags/example_branch_labels.py took 0.086 seconds
[2024-07-23T02:13:17.947+0000] {processor.py:161} INFO - Started process (PID=1799) to work on /home/airflow/.local/lib/python3.12/site-packages/airflow/example_dags/example_branch_labels.py
[2024-07-23T02:13:17.948+0000] {processor.py:830} INFO - Processing file /home/airflow/.local/lib/python3.12/site-packages/airflow/example_dags/example_branch_labels.py for tasks to queue
[2024-07-23T02:13:17.950+0000] {logging_mixin.py:188} INFO - [2024-07-23T02:13:17.950+0000] {dagbag.py:545} INFO - Filling up the DagBag from /home/airflow/.local/lib/python3.12/site-packages/airflow/example_dags/example_branch_labels.py
[2024-07-23T02:13:17.963+0000] {processor.py:840} INFO - DAG(s) 'example_branch_labels' retrieved from /home/airflow/.local/lib/python3.12/site-packages/airflow/example_dags/example_branch_labels.py
[2024-07-23T02:13:18.004+0000] {logging_mixin.py:188} INFO - [2024-07-23T02:13:18.003+0000] {dag.py:3089} INFO - Sync 1 DAGs
[2024-07-23T02:13:18.045+0000] {logging_mixin.py:188} INFO - [2024-07-23T02:13:18.045+0000] {dag.py:3947} INFO - Setting next_dagrun for example_branch_labels to 2024-07-22 00:00:00+00:00, run_after=2024-07-23 00:00:00+00:00
[2024-07-23T02:13:18.074+0000] {processor.py:183} INFO - Processing /home/airflow/.local/lib/python3.12/site-packages/airflow/example_dags/example_branch_labels.py took 0.138 seconds
[2024-07-23T02:13:48.175+0000] {processor.py:161} INFO - Started process (PID=1867) to work on /home/airflow/.local/lib/python3.12/site-packages/airflow/example_dags/example_branch_labels.py
[2024-07-23T02:13:48.176+0000] {processor.py:830} INFO - Processing file /home/airflow/.local/lib/python3.12/site-packages/airflow/example_dags/example_branch_labels.py for tasks to queue
[2024-07-23T02:13:48.178+0000] {logging_mixin.py:188} INFO - [2024-07-23T02:13:48.178+0000] {dagbag.py:545} INFO - Filling up the DagBag from /home/airflow/.local/lib/python3.12/site-packages/airflow/example_dags/example_branch_labels.py
[2024-07-23T02:13:48.188+0000] {processor.py:840} INFO - DAG(s) 'example_branch_labels' retrieved from /home/airflow/.local/lib/python3.12/site-packages/airflow/example_dags/example_branch_labels.py
[2024-07-23T02:13:48.216+0000] {logging_mixin.py:188} INFO - [2024-07-23T02:13:48.216+0000] {dag.py:3089} INFO - Sync 1 DAGs
[2024-07-23T02:13:48.248+0000] {logging_mixin.py:188} INFO - [2024-07-23T02:13:48.247+0000] {dag.py:3947} INFO - Setting next_dagrun for example_branch_labels to 2024-07-22 00:00:00+00:00, run_after=2024-07-23 00:00:00+00:00
[2024-07-23T02:13:48.275+0000] {processor.py:183} INFO - Processing /home/airflow/.local/lib/python3.12/site-packages/airflow/example_dags/example_branch_labels.py took 0.108 seconds
[2024-07-23T02:14:19.385+0000] {processor.py:161} INFO - Started process (PID=1926) to work on /home/airflow/.local/lib/python3.12/site-packages/airflow/example_dags/example_branch_labels.py
[2024-07-23T02:14:19.387+0000] {processor.py:830} INFO - Processing file /home/airflow/.local/lib/python3.12/site-packages/airflow/example_dags/example_branch_labels.py for tasks to queue
[2024-07-23T02:14:19.390+0000] {logging_mixin.py:188} INFO - [2024-07-23T02:14:19.389+0000] {dagbag.py:545} INFO - Filling up the DagBag from /home/airflow/.local/lib/python3.12/site-packages/airflow/example_dags/example_branch_labels.py
[2024-07-23T02:14:19.405+0000] {processor.py:840} INFO - DAG(s) 'example_branch_labels' retrieved from /home/airflow/.local/lib/python3.12/site-packages/airflow/example_dags/example_branch_labels.py
[2024-07-23T02:14:19.436+0000] {logging_mixin.py:188} INFO - [2024-07-23T02:14:19.436+0000] {dag.py:3089} INFO - Sync 1 DAGs
[2024-07-23T02:14:19.472+0000] {logging_mixin.py:188} INFO - [2024-07-23T02:14:19.471+0000] {dag.py:3947} INFO - Setting next_dagrun for example_branch_labels to 2024-07-22 00:00:00+00:00, run_after=2024-07-23 00:00:00+00:00
[2024-07-23T02:14:19.500+0000] {processor.py:183} INFO - Processing /home/airflow/.local/lib/python3.12/site-packages/airflow/example_dags/example_branch_labels.py took 0.125 seconds
[2024-07-23T02:14:50.442+0000] {processor.py:161} INFO - Started process (PID=1985) to work on /home/airflow/.local/lib/python3.12/site-packages/airflow/example_dags/example_branch_labels.py
[2024-07-23T02:14:50.443+0000] {processor.py:830} INFO - Processing file /home/airflow/.local/lib/python3.12/site-packages/airflow/example_dags/example_branch_labels.py for tasks to queue
[2024-07-23T02:14:50.445+0000] {logging_mixin.py:188} INFO - [2024-07-23T02:14:50.444+0000] {dagbag.py:545} INFO - Filling up the DagBag from /home/airflow/.local/lib/python3.12/site-packages/airflow/example_dags/example_branch_labels.py
[2024-07-23T02:14:50.453+0000] {processor.py:840} INFO - DAG(s) 'example_branch_labels' retrieved from /home/airflow/.local/lib/python3.12/site-packages/airflow/example_dags/example_branch_labels.py
[2024-07-23T02:14:50.476+0000] {logging_mixin.py:188} INFO - [2024-07-23T02:14:50.476+0000] {dag.py:3089} INFO - Sync 1 DAGs
[2024-07-23T02:14:50.503+0000] {logging_mixin.py:188} INFO - [2024-07-23T02:14:50.503+0000] {dag.py:3947} INFO - Setting next_dagrun for example_branch_labels to 2024-07-22 00:00:00+00:00, run_after=2024-07-23 00:00:00+00:00
[2024-07-23T02:14:50.530+0000] {processor.py:183} INFO - Processing /home/airflow/.local/lib/python3.12/site-packages/airflow/example_dags/example_branch_labels.py took 0.094 seconds
[2024-07-23T02:15:23.892+0000] {processor.py:161} INFO - Started process (PID=2044) to work on /home/airflow/.local/lib/python3.12/site-packages/airflow/example_dags/example_branch_labels.py
[2024-07-23T02:15:23.896+0000] {processor.py:830} INFO - Processing file /home/airflow/.local/lib/python3.12/site-packages/airflow/example_dags/example_branch_labels.py for tasks to queue
[2024-07-23T02:15:23.903+0000] {logging_mixin.py:188} INFO - [2024-07-23T02:15:23.901+0000] {dagbag.py:545} INFO - Filling up the DagBag from /home/airflow/.local/lib/python3.12/site-packages/airflow/example_dags/example_branch_labels.py
[2024-07-23T02:15:23.936+0000] {processor.py:840} INFO - DAG(s) 'example_branch_labels' retrieved from /home/airflow/.local/lib/python3.12/site-packages/airflow/example_dags/example_branch_labels.py
[2024-07-23T02:15:24.037+0000] {logging_mixin.py:188} INFO - [2024-07-23T02:15:24.036+0000] {dag.py:3089} INFO - Sync 1 DAGs
[2024-07-23T02:15:24.601+0000] {logging_mixin.py:188} INFO - [2024-07-23T02:15:24.600+0000] {dag.py:3947} INFO - Setting next_dagrun for example_branch_labels to 2024-07-22 00:00:00+00:00, run_after=2024-07-23 00:00:00+00:00
[2024-07-23T02:15:24.677+0000] {processor.py:183} INFO - Processing /home/airflow/.local/lib/python3.12/site-packages/airflow/example_dags/example_branch_labels.py took 0.810 seconds
[2024-07-23T02:15:54.840+0000] {processor.py:161} INFO - Started process (PID=2102) to work on /home/airflow/.local/lib/python3.12/site-packages/airflow/example_dags/example_branch_labels.py
[2024-07-23T02:15:54.843+0000] {processor.py:830} INFO - Processing file /home/airflow/.local/lib/python3.12/site-packages/airflow/example_dags/example_branch_labels.py for tasks to queue
[2024-07-23T02:15:54.849+0000] {logging_mixin.py:188} INFO - [2024-07-23T02:15:54.848+0000] {dagbag.py:545} INFO - Filling up the DagBag from /home/airflow/.local/lib/python3.12/site-packages/airflow/example_dags/example_branch_labels.py
[2024-07-23T02:15:54.885+0000] {processor.py:840} INFO - DAG(s) 'example_branch_labels' retrieved from /home/airflow/.local/lib/python3.12/site-packages/airflow/example_dags/example_branch_labels.py
[2024-07-23T02:15:54.960+0000] {logging_mixin.py:188} INFO - [2024-07-23T02:15:54.959+0000] {dag.py:3089} INFO - Sync 1 DAGs
[2024-07-23T02:15:55.054+0000] {logging_mixin.py:188} INFO - [2024-07-23T02:15:55.053+0000] {dag.py:3947} INFO - Setting next_dagrun for example_branch_labels to 2024-07-22 00:00:00+00:00, run_after=2024-07-23 00:00:00+00:00
[2024-07-23T02:15:55.609+0000] {processor.py:183} INFO - Processing /home/airflow/.local/lib/python3.12/site-packages/airflow/example_dags/example_branch_labels.py took 0.791 seconds
[2024-07-23T02:16:26.389+0000] {processor.py:161} INFO - Started process (PID=2162) to work on /home/airflow/.local/lib/python3.12/site-packages/airflow/example_dags/example_branch_labels.py
[2024-07-23T02:16:26.394+0000] {processor.py:830} INFO - Processing file /home/airflow/.local/lib/python3.12/site-packages/airflow/example_dags/example_branch_labels.py for tasks to queue
[2024-07-23T02:16:26.409+0000] {logging_mixin.py:188} INFO - [2024-07-23T02:16:26.405+0000] {dagbag.py:545} INFO - Filling up the DagBag from /home/airflow/.local/lib/python3.12/site-packages/airflow/example_dags/example_branch_labels.py
[2024-07-23T02:16:26.484+0000] {processor.py:840} INFO - DAG(s) 'example_branch_labels' retrieved from /home/airflow/.local/lib/python3.12/site-packages/airflow/example_dags/example_branch_labels.py
[2024-07-23T02:16:26.641+0000] {logging_mixin.py:188} INFO - [2024-07-23T02:16:26.640+0000] {dag.py:3089} INFO - Sync 1 DAGs
[2024-07-23T02:16:26.769+0000] {logging_mixin.py:188} INFO - [2024-07-23T02:16:26.768+0000] {dag.py:3947} INFO - Setting next_dagrun for example_branch_labels to 2024-07-22 00:00:00+00:00, run_after=2024-07-23 00:00:00+00:00
[2024-07-23T02:16:26.863+0000] {processor.py:183} INFO - Processing /home/airflow/.local/lib/python3.12/site-packages/airflow/example_dags/example_branch_labels.py took 0.520 seconds
[2024-07-23T02:17:01.526+0000] {processor.py:161} INFO - Started process (PID=2237) to work on /home/airflow/.local/lib/python3.12/site-packages/airflow/example_dags/example_branch_labels.py
[2024-07-23T02:17:01.542+0000] {processor.py:830} INFO - Processing file /home/airflow/.local/lib/python3.12/site-packages/airflow/example_dags/example_branch_labels.py for tasks to queue
[2024-07-23T02:17:01.593+0000] {logging_mixin.py:188} INFO - [2024-07-23T02:17:01.577+0000] {dagbag.py:545} INFO - Filling up the DagBag from /home/airflow/.local/lib/python3.12/site-packages/airflow/example_dags/example_branch_labels.py
[2024-07-23T02:17:01.700+0000] {processor.py:840} INFO - DAG(s) 'example_branch_labels' retrieved from /home/airflow/.local/lib/python3.12/site-packages/airflow/example_dags/example_branch_labels.py
[2024-07-23T02:17:01.868+0000] {logging_mixin.py:188} INFO - [2024-07-23T02:17:01.867+0000] {dag.py:3089} INFO - Sync 1 DAGs
[2024-07-23T02:17:02.044+0000] {logging_mixin.py:188} INFO - [2024-07-23T02:17:02.043+0000] {dag.py:3947} INFO - Setting next_dagrun for example_branch_labels to 2024-07-22 00:00:00+00:00, run_after=2024-07-23 00:00:00+00:00
[2024-07-23T02:17:02.153+0000] {processor.py:183} INFO - Processing /home/airflow/.local/lib/python3.12/site-packages/airflow/example_dags/example_branch_labels.py took 0.720 seconds
[2024-07-23T02:17:32.735+0000] {processor.py:161} INFO - Started process (PID=2296) to work on /home/airflow/.local/lib/python3.12/site-packages/airflow/example_dags/example_branch_labels.py
[2024-07-23T02:17:32.739+0000] {processor.py:830} INFO - Processing file /home/airflow/.local/lib/python3.12/site-packages/airflow/example_dags/example_branch_labels.py for tasks to queue
[2024-07-23T02:17:32.746+0000] {logging_mixin.py:188} INFO - [2024-07-23T02:17:32.745+0000] {dagbag.py:545} INFO - Filling up the DagBag from /home/airflow/.local/lib/python3.12/site-packages/airflow/example_dags/example_branch_labels.py
[2024-07-23T02:17:32.788+0000] {processor.py:840} INFO - DAG(s) 'example_branch_labels' retrieved from /home/airflow/.local/lib/python3.12/site-packages/airflow/example_dags/example_branch_labels.py
[2024-07-23T02:17:32.878+0000] {logging_mixin.py:188} INFO - [2024-07-23T02:17:32.877+0000] {dag.py:3089} INFO - Sync 1 DAGs
[2024-07-23T02:17:32.988+0000] {logging_mixin.py:188} INFO - [2024-07-23T02:17:32.987+0000] {dag.py:3947} INFO - Setting next_dagrun for example_branch_labels to 2024-07-22 00:00:00+00:00, run_after=2024-07-23 00:00:00+00:00
[2024-07-23T02:17:33.059+0000] {processor.py:183} INFO - Processing /home/airflow/.local/lib/python3.12/site-packages/airflow/example_dags/example_branch_labels.py took 0.350 seconds
[2024-07-23T02:18:03.151+0000] {processor.py:161} INFO - Started process (PID=2354) to work on /home/airflow/.local/lib/python3.12/site-packages/airflow/example_dags/example_branch_labels.py
[2024-07-23T02:18:03.155+0000] {processor.py:830} INFO - Processing file /home/airflow/.local/lib/python3.12/site-packages/airflow/example_dags/example_branch_labels.py for tasks to queue
[2024-07-23T02:18:03.162+0000] {logging_mixin.py:188} INFO - [2024-07-23T02:18:03.161+0000] {dagbag.py:545} INFO - Filling up the DagBag from /home/airflow/.local/lib/python3.12/site-packages/airflow/example_dags/example_branch_labels.py
[2024-07-23T02:18:03.200+0000] {processor.py:840} INFO - DAG(s) 'example_branch_labels' retrieved from /home/airflow/.local/lib/python3.12/site-packages/airflow/example_dags/example_branch_labels.py
[2024-07-23T02:18:03.300+0000] {logging_mixin.py:188} INFO - [2024-07-23T02:18:03.299+0000] {dag.py:3089} INFO - Sync 1 DAGs
[2024-07-23T02:18:03.409+0000] {logging_mixin.py:188} INFO - [2024-07-23T02:18:03.408+0000] {dag.py:3947} INFO - Setting next_dagrun for example_branch_labels to 2024-07-22 00:00:00+00:00, run_after=2024-07-23 00:00:00+00:00
[2024-07-23T02:18:03.506+0000] {processor.py:183} INFO - Processing /home/airflow/.local/lib/python3.12/site-packages/airflow/example_dags/example_branch_labels.py took 0.381 seconds
[2024-07-23T02:18:34.209+0000] {processor.py:161} INFO - Started process (PID=2413) to work on /home/airflow/.local/lib/python3.12/site-packages/airflow/example_dags/example_branch_labels.py
[2024-07-23T02:18:34.213+0000] {processor.py:830} INFO - Processing file /home/airflow/.local/lib/python3.12/site-packages/airflow/example_dags/example_branch_labels.py for tasks to queue
[2024-07-23T02:18:34.219+0000] {logging_mixin.py:188} INFO - [2024-07-23T02:18:34.218+0000] {dagbag.py:545} INFO - Filling up the DagBag from /home/airflow/.local/lib/python3.12/site-packages/airflow/example_dags/example_branch_labels.py
[2024-07-23T02:18:34.257+0000] {processor.py:840} INFO - DAG(s) 'example_branch_labels' retrieved from /home/airflow/.local/lib/python3.12/site-packages/airflow/example_dags/example_branch_labels.py
[2024-07-23T02:18:34.346+0000] {logging_mixin.py:188} INFO - [2024-07-23T02:18:34.346+0000] {dag.py:3089} INFO - Sync 1 DAGs
[2024-07-23T02:18:34.491+0000] {logging_mixin.py:188} INFO - [2024-07-23T02:18:34.490+0000] {dag.py:3947} INFO - Setting next_dagrun for example_branch_labels to 2024-07-22 00:00:00+00:00, run_after=2024-07-23 00:00:00+00:00
[2024-07-23T02:18:34.582+0000] {processor.py:183} INFO - Processing /home/airflow/.local/lib/python3.12/site-packages/airflow/example_dags/example_branch_labels.py took 0.407 seconds
[2024-07-23T02:19:06.277+0000] {processor.py:161} INFO - Started process (PID=2475) to work on /home/airflow/.local/lib/python3.12/site-packages/airflow/example_dags/example_branch_labels.py
[2024-07-23T02:19:06.281+0000] {processor.py:830} INFO - Processing file /home/airflow/.local/lib/python3.12/site-packages/airflow/example_dags/example_branch_labels.py for tasks to queue
[2024-07-23T02:19:06.289+0000] {logging_mixin.py:188} INFO - [2024-07-23T02:19:06.287+0000] {dagbag.py:545} INFO - Filling up the DagBag from /home/airflow/.local/lib/python3.12/site-packages/airflow/example_dags/example_branch_labels.py
[2024-07-23T02:19:06.334+0000] {processor.py:840} INFO - DAG(s) 'example_branch_labels' retrieved from /home/airflow/.local/lib/python3.12/site-packages/airflow/example_dags/example_branch_labels.py
[2024-07-23T02:19:06.449+0000] {logging_mixin.py:188} INFO - [2024-07-23T02:19:06.448+0000] {dag.py:3089} INFO - Sync 1 DAGs
[2024-07-23T02:19:06.577+0000] {logging_mixin.py:188} INFO - [2024-07-23T02:19:06.576+0000] {dag.py:3947} INFO - Setting next_dagrun for example_branch_labels to 2024-07-22 00:00:00+00:00, run_after=2024-07-23 00:00:00+00:00
[2024-07-23T02:19:06.652+0000] {processor.py:183} INFO - Processing /home/airflow/.local/lib/python3.12/site-packages/airflow/example_dags/example_branch_labels.py took 0.414 seconds
[2024-07-23T02:19:36.964+0000] {processor.py:161} INFO - Started process (PID=2533) to work on /home/airflow/.local/lib/python3.12/site-packages/airflow/example_dags/example_branch_labels.py
[2024-07-23T02:19:36.967+0000] {processor.py:830} INFO - Processing file /home/airflow/.local/lib/python3.12/site-packages/airflow/example_dags/example_branch_labels.py for tasks to queue
[2024-07-23T02:19:36.973+0000] {logging_mixin.py:188} INFO - [2024-07-23T02:19:36.972+0000] {dagbag.py:545} INFO - Filling up the DagBag from /home/airflow/.local/lib/python3.12/site-packages/airflow/example_dags/example_branch_labels.py
[2024-07-23T02:19:37.004+0000] {processor.py:840} INFO - DAG(s) 'example_branch_labels' retrieved from /home/airflow/.local/lib/python3.12/site-packages/airflow/example_dags/example_branch_labels.py
[2024-07-23T02:19:37.103+0000] {logging_mixin.py:188} INFO - [2024-07-23T02:19:37.102+0000] {dag.py:3089} INFO - Sync 1 DAGs
[2024-07-23T02:19:37.199+0000] {logging_mixin.py:188} INFO - [2024-07-23T02:19:37.198+0000] {dag.py:3947} INFO - Setting next_dagrun for example_branch_labels to 2024-07-22 00:00:00+00:00, run_after=2024-07-23 00:00:00+00:00
[2024-07-23T02:19:37.266+0000] {processor.py:183} INFO - Processing /home/airflow/.local/lib/python3.12/site-packages/airflow/example_dags/example_branch_labels.py took 0.326 seconds
[2024-07-23T02:20:07.371+0000] {processor.py:161} INFO - Started process (PID=2590) to work on /home/airflow/.local/lib/python3.12/site-packages/airflow/example_dags/example_branch_labels.py
[2024-07-23T02:20:07.375+0000] {processor.py:830} INFO - Processing file /home/airflow/.local/lib/python3.12/site-packages/airflow/example_dags/example_branch_labels.py for tasks to queue
[2024-07-23T02:20:07.381+0000] {logging_mixin.py:188} INFO - [2024-07-23T02:20:07.380+0000] {dagbag.py:545} INFO - Filling up the DagBag from /home/airflow/.local/lib/python3.12/site-packages/airflow/example_dags/example_branch_labels.py
[2024-07-23T02:20:07.420+0000] {processor.py:840} INFO - DAG(s) 'example_branch_labels' retrieved from /home/airflow/.local/lib/python3.12/site-packages/airflow/example_dags/example_branch_labels.py
[2024-07-23T02:20:07.497+0000] {logging_mixin.py:188} INFO - [2024-07-23T02:20:07.496+0000] {dag.py:3089} INFO - Sync 1 DAGs
[2024-07-23T02:20:07.568+0000] {logging_mixin.py:188} INFO - [2024-07-23T02:20:07.567+0000] {dag.py:3947} INFO - Setting next_dagrun for example_branch_labels to 2024-07-22 00:00:00+00:00, run_after=2024-07-23 00:00:00+00:00
[2024-07-23T02:20:07.632+0000] {processor.py:183} INFO - Processing /home/airflow/.local/lib/python3.12/site-packages/airflow/example_dags/example_branch_labels.py took 0.284 seconds
[2024-07-23T02:20:38.131+0000] {processor.py:161} INFO - Started process (PID=2648) to work on /home/airflow/.local/lib/python3.12/site-packages/airflow/example_dags/example_branch_labels.py
[2024-07-23T02:20:38.131+0000] {processor.py:830} INFO - Processing file /home/airflow/.local/lib/python3.12/site-packages/airflow/example_dags/example_branch_labels.py for tasks to queue
[2024-07-23T02:20:38.134+0000] {logging_mixin.py:188} INFO - [2024-07-23T02:20:38.133+0000] {dagbag.py:545} INFO - Filling up the DagBag from /home/airflow/.local/lib/python3.12/site-packages/airflow/example_dags/example_branch_labels.py
[2024-07-23T02:20:38.142+0000] {processor.py:840} INFO - DAG(s) 'example_branch_labels' retrieved from /home/airflow/.local/lib/python3.12/site-packages/airflow/example_dags/example_branch_labels.py
[2024-07-23T02:20:38.176+0000] {logging_mixin.py:188} INFO - [2024-07-23T02:20:38.176+0000] {dag.py:3089} INFO - Sync 1 DAGs
[2024-07-23T02:20:38.213+0000] {logging_mixin.py:188} INFO - [2024-07-23T02:20:38.212+0000] {dag.py:3947} INFO - Setting next_dagrun for example_branch_labels to 2024-07-22 00:00:00+00:00, run_after=2024-07-23 00:00:00+00:00
[2024-07-23T02:20:38.243+0000] {processor.py:183} INFO - Processing /home/airflow/.local/lib/python3.12/site-packages/airflow/example_dags/example_branch_labels.py took 0.123 seconds
[2024-07-23T02:21:08.344+0000] {processor.py:161} INFO - Started process (PID=2707) to work on /home/airflow/.local/lib/python3.12/site-packages/airflow/example_dags/example_branch_labels.py
[2024-07-23T02:21:08.345+0000] {processor.py:830} INFO - Processing file /home/airflow/.local/lib/python3.12/site-packages/airflow/example_dags/example_branch_labels.py for tasks to queue
[2024-07-23T02:21:08.347+0000] {logging_mixin.py:188} INFO - [2024-07-23T02:21:08.346+0000] {dagbag.py:545} INFO - Filling up the DagBag from /home/airflow/.local/lib/python3.12/site-packages/airflow/example_dags/example_branch_labels.py
[2024-07-23T02:21:08.354+0000] {processor.py:840} INFO - DAG(s) 'example_branch_labels' retrieved from /home/airflow/.local/lib/python3.12/site-packages/airflow/example_dags/example_branch_labels.py
[2024-07-23T02:21:08.380+0000] {logging_mixin.py:188} INFO - [2024-07-23T02:21:08.379+0000] {dag.py:3089} INFO - Sync 1 DAGs
[2024-07-23T02:21:08.404+0000] {logging_mixin.py:188} INFO - [2024-07-23T02:21:08.403+0000] {dag.py:3947} INFO - Setting next_dagrun for example_branch_labels to 2024-07-22 00:00:00+00:00, run_after=2024-07-23 00:00:00+00:00
[2024-07-23T02:21:08.424+0000] {processor.py:183} INFO - Processing /home/airflow/.local/lib/python3.12/site-packages/airflow/example_dags/example_branch_labels.py took 0.086 seconds
[2024-07-23T02:21:38.611+0000] {processor.py:161} INFO - Started process (PID=2767) to work on /home/airflow/.local/lib/python3.12/site-packages/airflow/example_dags/example_branch_labels.py
[2024-07-23T02:21:38.612+0000] {processor.py:830} INFO - Processing file /home/airflow/.local/lib/python3.12/site-packages/airflow/example_dags/example_branch_labels.py for tasks to queue
[2024-07-23T02:21:38.615+0000] {logging_mixin.py:188} INFO - [2024-07-23T02:21:38.614+0000] {dagbag.py:545} INFO - Filling up the DagBag from /home/airflow/.local/lib/python3.12/site-packages/airflow/example_dags/example_branch_labels.py
[2024-07-23T02:21:38.623+0000] {processor.py:840} INFO - DAG(s) 'example_branch_labels' retrieved from /home/airflow/.local/lib/python3.12/site-packages/airflow/example_dags/example_branch_labels.py
[2024-07-23T02:21:38.646+0000] {logging_mixin.py:188} INFO - [2024-07-23T02:21:38.646+0000] {dag.py:3089} INFO - Sync 1 DAGs
[2024-07-23T02:21:38.677+0000] {logging_mixin.py:188} INFO - [2024-07-23T02:21:38.676+0000] {dag.py:3947} INFO - Setting next_dagrun for example_branch_labels to 2024-07-22 00:00:00+00:00, run_after=2024-07-23 00:00:00+00:00
[2024-07-23T02:21:38.702+0000] {processor.py:183} INFO - Processing /home/airflow/.local/lib/python3.12/site-packages/airflow/example_dags/example_branch_labels.py took 0.098 seconds
[2024-07-23T02:22:08.880+0000] {processor.py:161} INFO - Started process (PID=2826) to work on /home/airflow/.local/lib/python3.12/site-packages/airflow/example_dags/example_branch_labels.py
[2024-07-23T02:22:08.881+0000] {processor.py:830} INFO - Processing file /home/airflow/.local/lib/python3.12/site-packages/airflow/example_dags/example_branch_labels.py for tasks to queue
[2024-07-23T02:22:08.882+0000] {logging_mixin.py:188} INFO - [2024-07-23T02:22:08.882+0000] {dagbag.py:545} INFO - Filling up the DagBag from /home/airflow/.local/lib/python3.12/site-packages/airflow/example_dags/example_branch_labels.py
[2024-07-23T02:22:08.892+0000] {processor.py:840} INFO - DAG(s) 'example_branch_labels' retrieved from /home/airflow/.local/lib/python3.12/site-packages/airflow/example_dags/example_branch_labels.py
[2024-07-23T02:22:08.916+0000] {logging_mixin.py:188} INFO - [2024-07-23T02:22:08.916+0000] {dag.py:3089} INFO - Sync 1 DAGs
[2024-07-23T02:22:08.947+0000] {logging_mixin.py:188} INFO - [2024-07-23T02:22:08.947+0000] {dag.py:3947} INFO - Setting next_dagrun for example_branch_labels to 2024-07-22 00:00:00+00:00, run_after=2024-07-23 00:00:00+00:00
[2024-07-23T02:22:08.969+0000] {processor.py:183} INFO - Processing /home/airflow/.local/lib/python3.12/site-packages/airflow/example_dags/example_branch_labels.py took 0.095 seconds
[2024-07-23T02:22:39.496+0000] {processor.py:161} INFO - Started process (PID=2885) to work on /home/airflow/.local/lib/python3.12/site-packages/airflow/example_dags/example_branch_labels.py
[2024-07-23T02:22:39.497+0000] {processor.py:830} INFO - Processing file /home/airflow/.local/lib/python3.12/site-packages/airflow/example_dags/example_branch_labels.py for tasks to queue
[2024-07-23T02:22:39.500+0000] {logging_mixin.py:188} INFO - [2024-07-23T02:22:39.499+0000] {dagbag.py:545} INFO - Filling up the DagBag from /home/airflow/.local/lib/python3.12/site-packages/airflow/example_dags/example_branch_labels.py
[2024-07-23T02:22:39.513+0000] {processor.py:840} INFO - DAG(s) 'example_branch_labels' retrieved from /home/airflow/.local/lib/python3.12/site-packages/airflow/example_dags/example_branch_labels.py
[2024-07-23T02:22:39.542+0000] {logging_mixin.py:188} INFO - [2024-07-23T02:22:39.542+0000] {dag.py:3089} INFO - Sync 1 DAGs
[2024-07-23T02:22:39.569+0000] {logging_mixin.py:188} INFO - [2024-07-23T02:22:39.569+0000] {dag.py:3947} INFO - Setting next_dagrun for example_branch_labels to 2024-07-22 00:00:00+00:00, run_after=2024-07-23 00:00:00+00:00
[2024-07-23T02:22:39.593+0000] {processor.py:183} INFO - Processing /home/airflow/.local/lib/python3.12/site-packages/airflow/example_dags/example_branch_labels.py took 0.108 seconds
[2024-07-23T02:23:10.040+0000] {processor.py:161} INFO - Started process (PID=2951) to work on /home/airflow/.local/lib/python3.12/site-packages/airflow/example_dags/example_branch_labels.py
[2024-07-23T02:23:10.041+0000] {processor.py:830} INFO - Processing file /home/airflow/.local/lib/python3.12/site-packages/airflow/example_dags/example_branch_labels.py for tasks to queue
[2024-07-23T02:23:10.043+0000] {logging_mixin.py:188} INFO - [2024-07-23T02:23:10.043+0000] {dagbag.py:545} INFO - Filling up the DagBag from /home/airflow/.local/lib/python3.12/site-packages/airflow/example_dags/example_branch_labels.py
[2024-07-23T02:23:10.054+0000] {processor.py:840} INFO - DAG(s) 'example_branch_labels' retrieved from /home/airflow/.local/lib/python3.12/site-packages/airflow/example_dags/example_branch_labels.py
[2024-07-23T02:23:10.083+0000] {logging_mixin.py:188} INFO - [2024-07-23T02:23:10.083+0000] {dag.py:3089} INFO - Sync 1 DAGs
[2024-07-23T02:23:10.124+0000] {logging_mixin.py:188} INFO - [2024-07-23T02:23:10.124+0000] {dag.py:3947} INFO - Setting next_dagrun for example_branch_labels to 2024-07-22 00:00:00+00:00, run_after=2024-07-23 00:00:00+00:00
[2024-07-23T02:23:10.155+0000] {processor.py:183} INFO - Processing /home/airflow/.local/lib/python3.12/site-packages/airflow/example_dags/example_branch_labels.py took 0.123 seconds
[2024-07-23T02:23:40.643+0000] {processor.py:161} INFO - Started process (PID=3009) to work on /home/airflow/.local/lib/python3.12/site-packages/airflow/example_dags/example_branch_labels.py
[2024-07-23T02:23:40.644+0000] {processor.py:830} INFO - Processing file /home/airflow/.local/lib/python3.12/site-packages/airflow/example_dags/example_branch_labels.py for tasks to queue
[2024-07-23T02:23:40.648+0000] {logging_mixin.py:188} INFO - [2024-07-23T02:23:40.647+0000] {dagbag.py:545} INFO - Filling up the DagBag from /home/airflow/.local/lib/python3.12/site-packages/airflow/example_dags/example_branch_labels.py
[2024-07-23T02:23:40.670+0000] {processor.py:840} INFO - DAG(s) 'example_branch_labels' retrieved from /home/airflow/.local/lib/python3.12/site-packages/airflow/example_dags/example_branch_labels.py
[2024-07-23T02:23:40.724+0000] {logging_mixin.py:188} INFO - [2024-07-23T02:23:40.724+0000] {dag.py:3089} INFO - Sync 1 DAGs
[2024-07-23T02:23:40.812+0000] {logging_mixin.py:188} INFO - [2024-07-23T02:23:40.811+0000] {dag.py:3947} INFO - Setting next_dagrun for example_branch_labels to 2024-07-22 00:00:00+00:00, run_after=2024-07-23 00:00:00+00:00
[2024-07-23T02:23:40.892+0000] {processor.py:183} INFO - Processing /home/airflow/.local/lib/python3.12/site-packages/airflow/example_dags/example_branch_labels.py took 0.264 seconds
[2024-07-23T02:24:11.093+0000] {processor.py:161} INFO - Started process (PID=3068) to work on /home/airflow/.local/lib/python3.12/site-packages/airflow/example_dags/example_branch_labels.py
[2024-07-23T02:24:11.096+0000] {processor.py:830} INFO - Processing file /home/airflow/.local/lib/python3.12/site-packages/airflow/example_dags/example_branch_labels.py for tasks to queue
[2024-07-23T02:24:11.102+0000] {logging_mixin.py:188} INFO - [2024-07-23T02:24:11.101+0000] {dagbag.py:545} INFO - Filling up the DagBag from /home/airflow/.local/lib/python3.12/site-packages/airflow/example_dags/example_branch_labels.py
[2024-07-23T02:24:11.138+0000] {processor.py:840} INFO - DAG(s) 'example_branch_labels' retrieved from /home/airflow/.local/lib/python3.12/site-packages/airflow/example_dags/example_branch_labels.py
[2024-07-23T02:24:11.244+0000] {logging_mixin.py:188} INFO - [2024-07-23T02:24:11.242+0000] {dag.py:3089} INFO - Sync 1 DAGs
[2024-07-23T02:24:11.383+0000] {logging_mixin.py:188} INFO - [2024-07-23T02:24:11.382+0000] {dag.py:3947} INFO - Setting next_dagrun for example_branch_labels to 2024-07-22 00:00:00+00:00, run_after=2024-07-23 00:00:00+00:00
[2024-07-23T02:24:11.472+0000] {processor.py:183} INFO - Processing /home/airflow/.local/lib/python3.12/site-packages/airflow/example_dags/example_branch_labels.py took 0.402 seconds
[2024-07-23T02:24:41.582+0000] {processor.py:161} INFO - Started process (PID=3127) to work on /home/airflow/.local/lib/python3.12/site-packages/airflow/example_dags/example_branch_labels.py
[2024-07-23T02:24:41.585+0000] {processor.py:830} INFO - Processing file /home/airflow/.local/lib/python3.12/site-packages/airflow/example_dags/example_branch_labels.py for tasks to queue
[2024-07-23T02:24:41.591+0000] {logging_mixin.py:188} INFO - [2024-07-23T02:24:41.590+0000] {dagbag.py:545} INFO - Filling up the DagBag from /home/airflow/.local/lib/python3.12/site-packages/airflow/example_dags/example_branch_labels.py
[2024-07-23T02:24:41.623+0000] {processor.py:840} INFO - DAG(s) 'example_branch_labels' retrieved from /home/airflow/.local/lib/python3.12/site-packages/airflow/example_dags/example_branch_labels.py
[2024-07-23T02:24:41.735+0000] {logging_mixin.py:188} INFO - [2024-07-23T02:24:41.734+0000] {dag.py:3089} INFO - Sync 1 DAGs
[2024-07-23T02:24:41.847+0000] {logging_mixin.py:188} INFO - [2024-07-23T02:24:41.846+0000] {dag.py:3947} INFO - Setting next_dagrun for example_branch_labels to 2024-07-22 00:00:00+00:00, run_after=2024-07-23 00:00:00+00:00
[2024-07-23T02:24:41.923+0000] {processor.py:183} INFO - Processing /home/airflow/.local/lib/python3.12/site-packages/airflow/example_dags/example_branch_labels.py took 0.365 seconds
[2024-07-23T02:25:12.730+0000] {processor.py:161} INFO - Started process (PID=3185) to work on /home/airflow/.local/lib/python3.12/site-packages/airflow/example_dags/example_branch_labels.py
[2024-07-23T02:25:12.731+0000] {processor.py:830} INFO - Processing file /home/airflow/.local/lib/python3.12/site-packages/airflow/example_dags/example_branch_labels.py for tasks to queue
[2024-07-23T02:25:12.732+0000] {logging_mixin.py:188} INFO - [2024-07-23T02:25:12.732+0000] {dagbag.py:545} INFO - Filling up the DagBag from /home/airflow/.local/lib/python3.12/site-packages/airflow/example_dags/example_branch_labels.py
[2024-07-23T02:25:12.742+0000] {processor.py:840} INFO - DAG(s) 'example_branch_labels' retrieved from /home/airflow/.local/lib/python3.12/site-packages/airflow/example_dags/example_branch_labels.py
[2024-07-23T02:25:12.768+0000] {logging_mixin.py:188} INFO - [2024-07-23T02:25:12.767+0000] {dag.py:3089} INFO - Sync 1 DAGs
[2024-07-23T02:25:12.795+0000] {logging_mixin.py:188} INFO - [2024-07-23T02:25:12.795+0000] {dag.py:3947} INFO - Setting next_dagrun for example_branch_labels to 2024-07-22 00:00:00+00:00, run_after=2024-07-23 00:00:00+00:00
[2024-07-23T02:25:12.817+0000] {processor.py:183} INFO - Processing /home/airflow/.local/lib/python3.12/site-packages/airflow/example_dags/example_branch_labels.py took 0.095 seconds
[2024-07-23T02:25:43.112+0000] {processor.py:161} INFO - Started process (PID=3244) to work on /home/airflow/.local/lib/python3.12/site-packages/airflow/example_dags/example_branch_labels.py
[2024-07-23T02:25:43.113+0000] {processor.py:830} INFO - Processing file /home/airflow/.local/lib/python3.12/site-packages/airflow/example_dags/example_branch_labels.py for tasks to queue
[2024-07-23T02:25:43.115+0000] {logging_mixin.py:188} INFO - [2024-07-23T02:25:43.115+0000] {dagbag.py:545} INFO - Filling up the DagBag from /home/airflow/.local/lib/python3.12/site-packages/airflow/example_dags/example_branch_labels.py
[2024-07-23T02:25:43.129+0000] {processor.py:840} INFO - DAG(s) 'example_branch_labels' retrieved from /home/airflow/.local/lib/python3.12/site-packages/airflow/example_dags/example_branch_labels.py
[2024-07-23T02:25:43.163+0000] {logging_mixin.py:188} INFO - [2024-07-23T02:25:43.162+0000] {dag.py:3089} INFO - Sync 1 DAGs
[2024-07-23T02:25:43.203+0000] {logging_mixin.py:188} INFO - [2024-07-23T02:25:43.202+0000] {dag.py:3947} INFO - Setting next_dagrun for example_branch_labels to 2024-07-22 00:00:00+00:00, run_after=2024-07-23 00:00:00+00:00
[2024-07-23T02:25:43.237+0000] {processor.py:183} INFO - Processing /home/airflow/.local/lib/python3.12/site-packages/airflow/example_dags/example_branch_labels.py took 0.135 seconds
[2024-07-23T02:26:13.349+0000] {processor.py:161} INFO - Started process (PID=3303) to work on /home/airflow/.local/lib/python3.12/site-packages/airflow/example_dags/example_branch_labels.py
[2024-07-23T02:26:13.350+0000] {processor.py:830} INFO - Processing file /home/airflow/.local/lib/python3.12/site-packages/airflow/example_dags/example_branch_labels.py for tasks to queue
[2024-07-23T02:26:13.352+0000] {logging_mixin.py:188} INFO - [2024-07-23T02:26:13.352+0000] {dagbag.py:545} INFO - Filling up the DagBag from /home/airflow/.local/lib/python3.12/site-packages/airflow/example_dags/example_branch_labels.py
[2024-07-23T02:26:13.362+0000] {processor.py:840} INFO - DAG(s) 'example_branch_labels' retrieved from /home/airflow/.local/lib/python3.12/site-packages/airflow/example_dags/example_branch_labels.py
[2024-07-23T02:26:13.393+0000] {logging_mixin.py:188} INFO - [2024-07-23T02:26:13.392+0000] {dag.py:3089} INFO - Sync 1 DAGs
[2024-07-23T02:26:13.443+0000] {logging_mixin.py:188} INFO - [2024-07-23T02:26:13.443+0000] {dag.py:3947} INFO - Setting next_dagrun for example_branch_labels to 2024-07-22 00:00:00+00:00, run_after=2024-07-23 00:00:00+00:00
[2024-07-23T02:26:13.466+0000] {processor.py:183} INFO - Processing /home/airflow/.local/lib/python3.12/site-packages/airflow/example_dags/example_branch_labels.py took 0.123 seconds
[2024-07-23T02:26:43.927+0000] {processor.py:161} INFO - Started process (PID=3362) to work on /home/airflow/.local/lib/python3.12/site-packages/airflow/example_dags/example_branch_labels.py
[2024-07-23T02:26:43.930+0000] {processor.py:830} INFO - Processing file /home/airflow/.local/lib/python3.12/site-packages/airflow/example_dags/example_branch_labels.py for tasks to queue
[2024-07-23T02:26:43.936+0000] {logging_mixin.py:188} INFO - [2024-07-23T02:26:43.935+0000] {dagbag.py:545} INFO - Filling up the DagBag from /home/airflow/.local/lib/python3.12/site-packages/airflow/example_dags/example_branch_labels.py
[2024-07-23T02:26:43.969+0000] {processor.py:840} INFO - DAG(s) 'example_branch_labels' retrieved from /home/airflow/.local/lib/python3.12/site-packages/airflow/example_dags/example_branch_labels.py
[2024-07-23T02:26:44.053+0000] {logging_mixin.py:188} INFO - [2024-07-23T02:26:44.052+0000] {dag.py:3089} INFO - Sync 1 DAGs
[2024-07-23T02:26:44.143+0000] {logging_mixin.py:188} INFO - [2024-07-23T02:26:44.142+0000] {dag.py:3947} INFO - Setting next_dagrun for example_branch_labels to 2024-07-22 00:00:00+00:00, run_after=2024-07-23 00:00:00+00:00
[2024-07-23T02:26:44.222+0000] {processor.py:183} INFO - Processing /home/airflow/.local/lib/python3.12/site-packages/airflow/example_dags/example_branch_labels.py took 0.320 seconds
[2024-07-23T02:27:14.952+0000] {processor.py:161} INFO - Started process (PID=3421) to work on /home/airflow/.local/lib/python3.12/site-packages/airflow/example_dags/example_branch_labels.py
[2024-07-23T02:27:14.955+0000] {processor.py:830} INFO - Processing file /home/airflow/.local/lib/python3.12/site-packages/airflow/example_dags/example_branch_labels.py for tasks to queue
[2024-07-23T02:27:14.961+0000] {logging_mixin.py:188} INFO - [2024-07-23T02:27:14.960+0000] {dagbag.py:545} INFO - Filling up the DagBag from /home/airflow/.local/lib/python3.12/site-packages/airflow/example_dags/example_branch_labels.py
[2024-07-23T02:27:14.993+0000] {processor.py:840} INFO - DAG(s) 'example_branch_labels' retrieved from /home/airflow/.local/lib/python3.12/site-packages/airflow/example_dags/example_branch_labels.py
[2024-07-23T02:27:15.078+0000] {logging_mixin.py:188} INFO - [2024-07-23T02:27:15.077+0000] {dag.py:3089} INFO - Sync 1 DAGs
[2024-07-23T02:27:15.165+0000] {logging_mixin.py:188} INFO - [2024-07-23T02:27:15.164+0000] {dag.py:3947} INFO - Setting next_dagrun for example_branch_labels to 2024-07-22 00:00:00+00:00, run_after=2024-07-23 00:00:00+00:00
[2024-07-23T02:27:15.232+0000] {processor.py:183} INFO - Processing /home/airflow/.local/lib/python3.12/site-packages/airflow/example_dags/example_branch_labels.py took 0.304 seconds
[2024-07-23T02:27:45.845+0000] {processor.py:161} INFO - Started process (PID=3480) to work on /home/airflow/.local/lib/python3.12/site-packages/airflow/example_dags/example_branch_labels.py
[2024-07-23T02:27:45.846+0000] {processor.py:830} INFO - Processing file /home/airflow/.local/lib/python3.12/site-packages/airflow/example_dags/example_branch_labels.py for tasks to queue
[2024-07-23T02:27:45.849+0000] {logging_mixin.py:188} INFO - [2024-07-23T02:27:45.848+0000] {dagbag.py:545} INFO - Filling up the DagBag from /home/airflow/.local/lib/python3.12/site-packages/airflow/example_dags/example_branch_labels.py
[2024-07-23T02:27:45.858+0000] {processor.py:840} INFO - DAG(s) 'example_branch_labels' retrieved from /home/airflow/.local/lib/python3.12/site-packages/airflow/example_dags/example_branch_labels.py
[2024-07-23T02:27:45.891+0000] {logging_mixin.py:188} INFO - [2024-07-23T02:27:45.891+0000] {dag.py:3089} INFO - Sync 1 DAGs
[2024-07-23T02:27:45.927+0000] {logging_mixin.py:188} INFO - [2024-07-23T02:27:45.927+0000] {dag.py:3947} INFO - Setting next_dagrun for example_branch_labels to 2024-07-22 00:00:00+00:00, run_after=2024-07-23 00:00:00+00:00
[2024-07-23T02:27:45.954+0000] {processor.py:183} INFO - Processing /home/airflow/.local/lib/python3.12/site-packages/airflow/example_dags/example_branch_labels.py took 0.117 seconds
