[2024-07-23T01:58:22.446+0000] {processor.py:161} INFO - Started process (PID=92) to work on /home/airflow/.local/lib/python3.12/site-packages/airflow/example_dags/example_complex.py
[2024-07-23T01:58:22.447+0000] {processor.py:830} INFO - Processing file /home/airflow/.local/lib/python3.12/site-packages/airflow/example_dags/example_complex.py for tasks to queue
[2024-07-23T01:58:22.449+0000] {logging_mixin.py:188} INFO - [2024-07-23T01:58:22.448+0000] {dagbag.py:545} INFO - Filling up the DagBag from /home/airflow/.local/lib/python3.12/site-packages/airflow/example_dags/example_complex.py
[2024-07-23T01:58:22.461+0000] {processor.py:840} INFO - DAG(s) 'example_complex' retrieved from /home/airflow/.local/lib/python3.12/site-packages/airflow/example_dags/example_complex.py
[2024-07-23T01:58:22.613+0000] {logging_mixin.py:188} INFO - [2024-07-23T01:58:22.613+0000] {dag.py:3089} INFO - Sync 1 DAGs
[2024-07-23T01:58:22.631+0000] {logging_mixin.py:188} INFO - [2024-07-23T01:58:22.631+0000] {dag.py:3947} INFO - Setting next_dagrun for example_complex to None, run_after=None
[2024-07-23T01:58:22.667+0000] {processor.py:183} INFO - Processing /home/airflow/.local/lib/python3.12/site-packages/airflow/example_dags/example_complex.py took 0.227 seconds
[2024-07-23T01:58:53.294+0000] {processor.py:161} INFO - Started process (PID=150) to work on /home/airflow/.local/lib/python3.12/site-packages/airflow/example_dags/example_complex.py
[2024-07-23T01:58:53.296+0000] {processor.py:830} INFO - Processing file /home/airflow/.local/lib/python3.12/site-packages/airflow/example_dags/example_complex.py for tasks to queue
[2024-07-23T01:58:53.297+0000] {logging_mixin.py:188} INFO - [2024-07-23T01:58:53.297+0000] {dagbag.py:545} INFO - Filling up the DagBag from /home/airflow/.local/lib/python3.12/site-packages/airflow/example_dags/example_complex.py
[2024-07-23T01:58:53.309+0000] {processor.py:840} INFO - DAG(s) 'example_complex' retrieved from /home/airflow/.local/lib/python3.12/site-packages/airflow/example_dags/example_complex.py
[2024-07-23T01:58:53.365+0000] {logging_mixin.py:188} INFO - [2024-07-23T01:58:53.364+0000] {dag.py:3089} INFO - Sync 1 DAGs
[2024-07-23T01:58:53.378+0000] {logging_mixin.py:188} INFO - [2024-07-23T01:58:53.378+0000] {dag.py:3947} INFO - Setting next_dagrun for example_complex to None, run_after=None
[2024-07-23T01:58:53.401+0000] {processor.py:183} INFO - Processing /home/airflow/.local/lib/python3.12/site-packages/airflow/example_dags/example_complex.py took 0.114 seconds
[2024-07-23T01:59:23.652+0000] {processor.py:161} INFO - Started process (PID=208) to work on /home/airflow/.local/lib/python3.12/site-packages/airflow/example_dags/example_complex.py
[2024-07-23T01:59:23.653+0000] {processor.py:830} INFO - Processing file /home/airflow/.local/lib/python3.12/site-packages/airflow/example_dags/example_complex.py for tasks to queue
[2024-07-23T01:59:23.655+0000] {logging_mixin.py:188} INFO - [2024-07-23T01:59:23.655+0000] {dagbag.py:545} INFO - Filling up the DagBag from /home/airflow/.local/lib/python3.12/site-packages/airflow/example_dags/example_complex.py
[2024-07-23T01:59:23.667+0000] {processor.py:840} INFO - DAG(s) 'example_complex' retrieved from /home/airflow/.local/lib/python3.12/site-packages/airflow/example_dags/example_complex.py
[2024-07-23T01:59:23.714+0000] {logging_mixin.py:188} INFO - [2024-07-23T01:59:23.714+0000] {dag.py:3089} INFO - Sync 1 DAGs
[2024-07-23T01:59:23.729+0000] {logging_mixin.py:188} INFO - [2024-07-23T01:59:23.729+0000] {dag.py:3947} INFO - Setting next_dagrun for example_complex to None, run_after=None
[2024-07-23T01:59:23.754+0000] {processor.py:183} INFO - Processing /home/airflow/.local/lib/python3.12/site-packages/airflow/example_dags/example_complex.py took 0.108 seconds
[2024-07-23T01:59:54.057+0000] {processor.py:161} INFO - Started process (PID=266) to work on /home/airflow/.local/lib/python3.12/site-packages/airflow/example_dags/example_complex.py
[2024-07-23T01:59:54.061+0000] {processor.py:830} INFO - Processing file /home/airflow/.local/lib/python3.12/site-packages/airflow/example_dags/example_complex.py for tasks to queue
[2024-07-23T01:59:54.063+0000] {logging_mixin.py:188} INFO - [2024-07-23T01:59:54.063+0000] {dagbag.py:545} INFO - Filling up the DagBag from /home/airflow/.local/lib/python3.12/site-packages/airflow/example_dags/example_complex.py
[2024-07-23T01:59:54.078+0000] {processor.py:840} INFO - DAG(s) 'example_complex' retrieved from /home/airflow/.local/lib/python3.12/site-packages/airflow/example_dags/example_complex.py
[2024-07-23T01:59:54.117+0000] {logging_mixin.py:188} INFO - [2024-07-23T01:59:54.117+0000] {dag.py:3089} INFO - Sync 1 DAGs
[2024-07-23T01:59:54.131+0000] {logging_mixin.py:188} INFO - [2024-07-23T01:59:54.131+0000] {dag.py:3947} INFO - Setting next_dagrun for example_complex to None, run_after=None
[2024-07-23T01:59:54.154+0000] {processor.py:183} INFO - Processing /home/airflow/.local/lib/python3.12/site-packages/airflow/example_dags/example_complex.py took 0.104 seconds
[2024-07-23T02:00:24.344+0000] {processor.py:161} INFO - Started process (PID=324) to work on /home/airflow/.local/lib/python3.12/site-packages/airflow/example_dags/example_complex.py
[2024-07-23T02:00:24.345+0000] {processor.py:830} INFO - Processing file /home/airflow/.local/lib/python3.12/site-packages/airflow/example_dags/example_complex.py for tasks to queue
[2024-07-23T02:00:24.348+0000] {logging_mixin.py:188} INFO - [2024-07-23T02:00:24.348+0000] {dagbag.py:545} INFO - Filling up the DagBag from /home/airflow/.local/lib/python3.12/site-packages/airflow/example_dags/example_complex.py
[2024-07-23T02:00:24.360+0000] {processor.py:840} INFO - DAG(s) 'example_complex' retrieved from /home/airflow/.local/lib/python3.12/site-packages/airflow/example_dags/example_complex.py
[2024-07-23T02:00:24.419+0000] {logging_mixin.py:188} INFO - [2024-07-23T02:00:24.418+0000] {dag.py:3089} INFO - Sync 1 DAGs
[2024-07-23T02:00:24.442+0000] {logging_mixin.py:188} INFO - [2024-07-23T02:00:24.441+0000] {dag.py:3947} INFO - Setting next_dagrun for example_complex to None, run_after=None
[2024-07-23T02:00:24.471+0000] {processor.py:183} INFO - Processing /home/airflow/.local/lib/python3.12/site-packages/airflow/example_dags/example_complex.py took 0.134 seconds
[2024-07-23T02:00:54.786+0000] {processor.py:161} INFO - Started process (PID=381) to work on /home/airflow/.local/lib/python3.12/site-packages/airflow/example_dags/example_complex.py
[2024-07-23T02:00:54.788+0000] {processor.py:830} INFO - Processing file /home/airflow/.local/lib/python3.12/site-packages/airflow/example_dags/example_complex.py for tasks to queue
[2024-07-23T02:00:54.790+0000] {logging_mixin.py:188} INFO - [2024-07-23T02:00:54.790+0000] {dagbag.py:545} INFO - Filling up the DagBag from /home/airflow/.local/lib/python3.12/site-packages/airflow/example_dags/example_complex.py
[2024-07-23T02:00:54.803+0000] {processor.py:840} INFO - DAG(s) 'example_complex' retrieved from /home/airflow/.local/lib/python3.12/site-packages/airflow/example_dags/example_complex.py
[2024-07-23T02:00:54.840+0000] {logging_mixin.py:188} INFO - [2024-07-23T02:00:54.840+0000] {dag.py:3089} INFO - Sync 1 DAGs
[2024-07-23T02:00:54.856+0000] {logging_mixin.py:188} INFO - [2024-07-23T02:00:54.856+0000] {dag.py:3947} INFO - Setting next_dagrun for example_complex to None, run_after=None
[2024-07-23T02:00:54.881+0000] {processor.py:183} INFO - Processing /home/airflow/.local/lib/python3.12/site-packages/airflow/example_dags/example_complex.py took 0.103 seconds
[2024-07-23T02:01:25.753+0000] {processor.py:161} INFO - Started process (PID=438) to work on /home/airflow/.local/lib/python3.12/site-packages/airflow/example_dags/example_complex.py
[2024-07-23T02:01:25.754+0000] {processor.py:830} INFO - Processing file /home/airflow/.local/lib/python3.12/site-packages/airflow/example_dags/example_complex.py for tasks to queue
[2024-07-23T02:01:25.756+0000] {logging_mixin.py:188} INFO - [2024-07-23T02:01:25.756+0000] {dagbag.py:545} INFO - Filling up the DagBag from /home/airflow/.local/lib/python3.12/site-packages/airflow/example_dags/example_complex.py
[2024-07-23T02:01:25.769+0000] {processor.py:840} INFO - DAG(s) 'example_complex' retrieved from /home/airflow/.local/lib/python3.12/site-packages/airflow/example_dags/example_complex.py
[2024-07-23T02:01:25.809+0000] {logging_mixin.py:188} INFO - [2024-07-23T02:01:25.808+0000] {dag.py:3089} INFO - Sync 1 DAGs
[2024-07-23T02:01:25.828+0000] {logging_mixin.py:188} INFO - [2024-07-23T02:01:25.827+0000] {dag.py:3947} INFO - Setting next_dagrun for example_complex to None, run_after=None
[2024-07-23T02:01:25.860+0000] {processor.py:183} INFO - Processing /home/airflow/.local/lib/python3.12/site-packages/airflow/example_dags/example_complex.py took 0.114 seconds
[2024-07-23T02:01:56.029+0000] {processor.py:161} INFO - Started process (PID=495) to work on /home/airflow/.local/lib/python3.12/site-packages/airflow/example_dags/example_complex.py
[2024-07-23T02:01:56.030+0000] {processor.py:830} INFO - Processing file /home/airflow/.local/lib/python3.12/site-packages/airflow/example_dags/example_complex.py for tasks to queue
[2024-07-23T02:01:56.032+0000] {logging_mixin.py:188} INFO - [2024-07-23T02:01:56.031+0000] {dagbag.py:545} INFO - Filling up the DagBag from /home/airflow/.local/lib/python3.12/site-packages/airflow/example_dags/example_complex.py
[2024-07-23T02:01:56.045+0000] {processor.py:840} INFO - DAG(s) 'example_complex' retrieved from /home/airflow/.local/lib/python3.12/site-packages/airflow/example_dags/example_complex.py
[2024-07-23T02:01:56.082+0000] {logging_mixin.py:188} INFO - [2024-07-23T02:01:56.082+0000] {dag.py:3089} INFO - Sync 1 DAGs
[2024-07-23T02:01:56.098+0000] {logging_mixin.py:188} INFO - [2024-07-23T02:01:56.098+0000] {dag.py:3947} INFO - Setting next_dagrun for example_complex to None, run_after=None
[2024-07-23T02:01:56.120+0000] {processor.py:183} INFO - Processing /home/airflow/.local/lib/python3.12/site-packages/airflow/example_dags/example_complex.py took 0.098 seconds
[2024-07-23T02:02:26.279+0000] {processor.py:161} INFO - Started process (PID=554) to work on /home/airflow/.local/lib/python3.12/site-packages/airflow/example_dags/example_complex.py
[2024-07-23T02:02:26.280+0000] {processor.py:830} INFO - Processing file /home/airflow/.local/lib/python3.12/site-packages/airflow/example_dags/example_complex.py for tasks to queue
[2024-07-23T02:02:26.283+0000] {logging_mixin.py:188} INFO - [2024-07-23T02:02:26.282+0000] {dagbag.py:545} INFO - Filling up the DagBag from /home/airflow/.local/lib/python3.12/site-packages/airflow/example_dags/example_complex.py
[2024-07-23T02:02:26.295+0000] {processor.py:840} INFO - DAG(s) 'example_complex' retrieved from /home/airflow/.local/lib/python3.12/site-packages/airflow/example_dags/example_complex.py
[2024-07-23T02:02:26.344+0000] {logging_mixin.py:188} INFO - [2024-07-23T02:02:26.344+0000] {dag.py:3089} INFO - Sync 1 DAGs
[2024-07-23T02:02:26.363+0000] {logging_mixin.py:188} INFO - [2024-07-23T02:02:26.362+0000] {dag.py:3947} INFO - Setting next_dagrun for example_complex to None, run_after=None
[2024-07-23T02:02:26.388+0000] {processor.py:183} INFO - Processing /home/airflow/.local/lib/python3.12/site-packages/airflow/example_dags/example_complex.py took 0.117 seconds
[2024-07-23T02:02:57.002+0000] {processor.py:161} INFO - Started process (PID=613) to work on /home/airflow/.local/lib/python3.12/site-packages/airflow/example_dags/example_complex.py
[2024-07-23T02:02:57.004+0000] {processor.py:830} INFO - Processing file /home/airflow/.local/lib/python3.12/site-packages/airflow/example_dags/example_complex.py for tasks to queue
[2024-07-23T02:02:57.007+0000] {logging_mixin.py:188} INFO - [2024-07-23T02:02:57.006+0000] {dagbag.py:545} INFO - Filling up the DagBag from /home/airflow/.local/lib/python3.12/site-packages/airflow/example_dags/example_complex.py
[2024-07-23T02:02:57.024+0000] {processor.py:840} INFO - DAG(s) 'example_complex' retrieved from /home/airflow/.local/lib/python3.12/site-packages/airflow/example_dags/example_complex.py
[2024-07-23T02:02:57.078+0000] {logging_mixin.py:188} INFO - [2024-07-23T02:02:57.077+0000] {dag.py:3089} INFO - Sync 1 DAGs
[2024-07-23T02:02:57.098+0000] {logging_mixin.py:188} INFO - [2024-07-23T02:02:57.097+0000] {dag.py:3947} INFO - Setting next_dagrun for example_complex to None, run_after=None
[2024-07-23T02:02:57.125+0000] {processor.py:183} INFO - Processing /home/airflow/.local/lib/python3.12/site-packages/airflow/example_dags/example_complex.py took 0.135 seconds
[2024-07-23T02:03:27.986+0000] {processor.py:161} INFO - Started process (PID=673) to work on /home/airflow/.local/lib/python3.12/site-packages/airflow/example_dags/example_complex.py
[2024-07-23T02:03:27.987+0000] {processor.py:830} INFO - Processing file /home/airflow/.local/lib/python3.12/site-packages/airflow/example_dags/example_complex.py for tasks to queue
[2024-07-23T02:03:27.990+0000] {logging_mixin.py:188} INFO - [2024-07-23T02:03:27.990+0000] {dagbag.py:545} INFO - Filling up the DagBag from /home/airflow/.local/lib/python3.12/site-packages/airflow/example_dags/example_complex.py
[2024-07-23T02:03:28.014+0000] {processor.py:840} INFO - DAG(s) 'example_complex' retrieved from /home/airflow/.local/lib/python3.12/site-packages/airflow/example_dags/example_complex.py
[2024-07-23T02:03:28.076+0000] {logging_mixin.py:188} INFO - [2024-07-23T02:03:28.075+0000] {dag.py:3089} INFO - Sync 1 DAGs
[2024-07-23T02:03:28.097+0000] {logging_mixin.py:188} INFO - [2024-07-23T02:03:28.097+0000] {dag.py:3947} INFO - Setting next_dagrun for example_complex to None, run_after=None
[2024-07-23T02:03:28.129+0000] {processor.py:183} INFO - Processing /home/airflow/.local/lib/python3.12/site-packages/airflow/example_dags/example_complex.py took 0.155 seconds
[2024-07-23T02:04:02.882+0000] {processor.py:161} INFO - Started process (PID=732) to work on /home/airflow/.local/lib/python3.12/site-packages/airflow/example_dags/example_complex.py
[2024-07-23T02:04:02.888+0000] {processor.py:830} INFO - Processing file /home/airflow/.local/lib/python3.12/site-packages/airflow/example_dags/example_complex.py for tasks to queue
[2024-07-23T02:04:02.901+0000] {logging_mixin.py:188} INFO - [2024-07-23T02:04:02.899+0000] {dagbag.py:545} INFO - Filling up the DagBag from /home/airflow/.local/lib/python3.12/site-packages/airflow/example_dags/example_complex.py
[2024-07-23T02:04:02.990+0000] {processor.py:840} INFO - DAG(s) 'example_complex' retrieved from /home/airflow/.local/lib/python3.12/site-packages/airflow/example_dags/example_complex.py
[2024-07-23T02:04:03.218+0000] {logging_mixin.py:188} INFO - [2024-07-23T02:04:03.215+0000] {dag.py:3089} INFO - Sync 1 DAGs
[2024-07-23T02:04:03.306+0000] {logging_mixin.py:188} INFO - [2024-07-23T02:04:03.305+0000] {dag.py:3947} INFO - Setting next_dagrun for example_complex to None, run_after=None
[2024-07-23T02:04:03.425+0000] {processor.py:183} INFO - Processing /home/airflow/.local/lib/python3.12/site-packages/airflow/example_dags/example_complex.py took 0.586 seconds
[2024-07-23T02:04:35.151+0000] {processor.py:161} INFO - Started process (PID=791) to work on /home/airflow/.local/lib/python3.12/site-packages/airflow/example_dags/example_complex.py
[2024-07-23T02:04:35.154+0000] {processor.py:830} INFO - Processing file /home/airflow/.local/lib/python3.12/site-packages/airflow/example_dags/example_complex.py for tasks to queue
[2024-07-23T02:04:35.163+0000] {logging_mixin.py:188} INFO - [2024-07-23T02:04:35.162+0000] {dagbag.py:545} INFO - Filling up the DagBag from /home/airflow/.local/lib/python3.12/site-packages/airflow/example_dags/example_complex.py
[2024-07-23T02:04:35.218+0000] {processor.py:840} INFO - DAG(s) 'example_complex' retrieved from /home/airflow/.local/lib/python3.12/site-packages/airflow/example_dags/example_complex.py
[2024-07-23T02:04:35.468+0000] {logging_mixin.py:188} INFO - [2024-07-23T02:04:35.466+0000] {dag.py:3089} INFO - Sync 1 DAGs
[2024-07-23T02:04:35.569+0000] {logging_mixin.py:188} INFO - [2024-07-23T02:04:35.567+0000] {dag.py:3947} INFO - Setting next_dagrun for example_complex to None, run_after=None
[2024-07-23T02:04:35.724+0000] {processor.py:183} INFO - Processing /home/airflow/.local/lib/python3.12/site-packages/airflow/example_dags/example_complex.py took 0.611 seconds
[2024-07-23T02:05:06.410+0000] {processor.py:161} INFO - Started process (PID=850) to work on /home/airflow/.local/lib/python3.12/site-packages/airflow/example_dags/example_complex.py
[2024-07-23T02:05:06.414+0000] {processor.py:830} INFO - Processing file /home/airflow/.local/lib/python3.12/site-packages/airflow/example_dags/example_complex.py for tasks to queue
[2024-07-23T02:05:06.424+0000] {logging_mixin.py:188} INFO - [2024-07-23T02:05:06.422+0000] {dagbag.py:545} INFO - Filling up the DagBag from /home/airflow/.local/lib/python3.12/site-packages/airflow/example_dags/example_complex.py
[2024-07-23T02:05:06.475+0000] {processor.py:840} INFO - DAG(s) 'example_complex' retrieved from /home/airflow/.local/lib/python3.12/site-packages/airflow/example_dags/example_complex.py
[2024-07-23T02:05:06.628+0000] {logging_mixin.py:188} INFO - [2024-07-23T02:05:06.626+0000] {dag.py:3089} INFO - Sync 1 DAGs
[2024-07-23T02:05:06.697+0000] {logging_mixin.py:188} INFO - [2024-07-23T02:05:06.696+0000] {dag.py:3947} INFO - Setting next_dagrun for example_complex to None, run_after=None
[2024-07-23T02:05:06.817+0000] {processor.py:183} INFO - Processing /home/airflow/.local/lib/python3.12/site-packages/airflow/example_dags/example_complex.py took 0.440 seconds
[2024-07-23T02:05:38.721+0000] {processor.py:161} INFO - Started process (PID=909) to work on /home/airflow/.local/lib/python3.12/site-packages/airflow/example_dags/example_complex.py
[2024-07-23T02:05:38.725+0000] {processor.py:830} INFO - Processing file /home/airflow/.local/lib/python3.12/site-packages/airflow/example_dags/example_complex.py for tasks to queue
[2024-07-23T02:05:38.734+0000] {logging_mixin.py:188} INFO - [2024-07-23T02:05:38.732+0000] {dagbag.py:545} INFO - Filling up the DagBag from /home/airflow/.local/lib/python3.12/site-packages/airflow/example_dags/example_complex.py
[2024-07-23T02:05:38.787+0000] {processor.py:840} INFO - DAG(s) 'example_complex' retrieved from /home/airflow/.local/lib/python3.12/site-packages/airflow/example_dags/example_complex.py
[2024-07-23T02:05:39.038+0000] {logging_mixin.py:188} INFO - [2024-07-23T02:05:39.036+0000] {dag.py:3089} INFO - Sync 1 DAGs
[2024-07-23T02:05:39.143+0000] {logging_mixin.py:188} INFO - [2024-07-23T02:05:39.141+0000] {dag.py:3947} INFO - Setting next_dagrun for example_complex to None, run_after=None
[2024-07-23T02:05:39.268+0000] {processor.py:183} INFO - Processing /home/airflow/.local/lib/python3.12/site-packages/airflow/example_dags/example_complex.py took 0.583 seconds
[2024-07-23T02:06:09.733+0000] {processor.py:161} INFO - Started process (PID=968) to work on /home/airflow/.local/lib/python3.12/site-packages/airflow/example_dags/example_complex.py
[2024-07-23T02:06:09.733+0000] {processor.py:830} INFO - Processing file /home/airflow/.local/lib/python3.12/site-packages/airflow/example_dags/example_complex.py for tasks to queue
[2024-07-23T02:06:09.735+0000] {logging_mixin.py:188} INFO - [2024-07-23T02:06:09.735+0000] {dagbag.py:545} INFO - Filling up the DagBag from /home/airflow/.local/lib/python3.12/site-packages/airflow/example_dags/example_complex.py
[2024-07-23T02:06:09.747+0000] {processor.py:840} INFO - DAG(s) 'example_complex' retrieved from /home/airflow/.local/lib/python3.12/site-packages/airflow/example_dags/example_complex.py
[2024-07-23T02:06:09.785+0000] {logging_mixin.py:188} INFO - [2024-07-23T02:06:09.784+0000] {dag.py:3089} INFO - Sync 1 DAGs
[2024-07-23T02:06:09.800+0000] {logging_mixin.py:188} INFO - [2024-07-23T02:06:09.800+0000] {dag.py:3947} INFO - Setting next_dagrun for example_complex to None, run_after=None
[2024-07-23T02:06:09.827+0000] {processor.py:183} INFO - Processing /home/airflow/.local/lib/python3.12/site-packages/airflow/example_dags/example_complex.py took 0.101 seconds
[2024-07-23T02:06:40.378+0000] {processor.py:161} INFO - Started process (PID=1027) to work on /home/airflow/.local/lib/python3.12/site-packages/airflow/example_dags/example_complex.py
[2024-07-23T02:06:40.379+0000] {processor.py:830} INFO - Processing file /home/airflow/.local/lib/python3.12/site-packages/airflow/example_dags/example_complex.py for tasks to queue
[2024-07-23T02:06:40.381+0000] {logging_mixin.py:188} INFO - [2024-07-23T02:06:40.380+0000] {dagbag.py:545} INFO - Filling up the DagBag from /home/airflow/.local/lib/python3.12/site-packages/airflow/example_dags/example_complex.py
[2024-07-23T02:06:40.399+0000] {processor.py:840} INFO - DAG(s) 'example_complex' retrieved from /home/airflow/.local/lib/python3.12/site-packages/airflow/example_dags/example_complex.py
[2024-07-23T02:06:40.444+0000] {logging_mixin.py:188} INFO - [2024-07-23T02:06:40.444+0000] {dag.py:3089} INFO - Sync 1 DAGs
[2024-07-23T02:06:40.459+0000] {logging_mixin.py:188} INFO - [2024-07-23T02:06:40.459+0000] {dag.py:3947} INFO - Setting next_dagrun for example_complex to None, run_after=None
[2024-07-23T02:06:40.483+0000] {processor.py:183} INFO - Processing /home/airflow/.local/lib/python3.12/site-packages/airflow/example_dags/example_complex.py took 0.113 seconds
[2024-07-23T02:07:10.635+0000] {processor.py:161} INFO - Started process (PID=1086) to work on /home/airflow/.local/lib/python3.12/site-packages/airflow/example_dags/example_complex.py
[2024-07-23T02:07:10.636+0000] {processor.py:830} INFO - Processing file /home/airflow/.local/lib/python3.12/site-packages/airflow/example_dags/example_complex.py for tasks to queue
[2024-07-23T02:07:10.638+0000] {logging_mixin.py:188} INFO - [2024-07-23T02:07:10.637+0000] {dagbag.py:545} INFO - Filling up the DagBag from /home/airflow/.local/lib/python3.12/site-packages/airflow/example_dags/example_complex.py
[2024-07-23T02:07:10.650+0000] {processor.py:840} INFO - DAG(s) 'example_complex' retrieved from /home/airflow/.local/lib/python3.12/site-packages/airflow/example_dags/example_complex.py
[2024-07-23T02:07:10.692+0000] {logging_mixin.py:188} INFO - [2024-07-23T02:07:10.692+0000] {dag.py:3089} INFO - Sync 1 DAGs
[2024-07-23T02:07:10.709+0000] {logging_mixin.py:188} INFO - [2024-07-23T02:07:10.709+0000] {dag.py:3947} INFO - Setting next_dagrun for example_complex to None, run_after=None
[2024-07-23T02:07:10.733+0000] {processor.py:183} INFO - Processing /home/airflow/.local/lib/python3.12/site-packages/airflow/example_dags/example_complex.py took 0.105 seconds
[2024-07-23T02:07:41.167+0000] {processor.py:161} INFO - Started process (PID=1145) to work on /home/airflow/.local/lib/python3.12/site-packages/airflow/example_dags/example_complex.py
[2024-07-23T02:07:41.169+0000] {processor.py:830} INFO - Processing file /home/airflow/.local/lib/python3.12/site-packages/airflow/example_dags/example_complex.py for tasks to queue
[2024-07-23T02:07:41.175+0000] {logging_mixin.py:188} INFO - [2024-07-23T02:07:41.174+0000] {dagbag.py:545} INFO - Filling up the DagBag from /home/airflow/.local/lib/python3.12/site-packages/airflow/example_dags/example_complex.py
[2024-07-23T02:07:41.218+0000] {processor.py:840} INFO - DAG(s) 'example_complex' retrieved from /home/airflow/.local/lib/python3.12/site-packages/airflow/example_dags/example_complex.py
[2024-07-23T02:07:41.402+0000] {logging_mixin.py:188} INFO - [2024-07-23T02:07:41.401+0000] {dag.py:3089} INFO - Sync 1 DAGs
[2024-07-23T02:07:41.470+0000] {logging_mixin.py:188} INFO - [2024-07-23T02:07:41.469+0000] {dag.py:3947} INFO - Setting next_dagrun for example_complex to None, run_after=None
[2024-07-23T02:07:41.545+0000] {processor.py:183} INFO - Processing /home/airflow/.local/lib/python3.12/site-packages/airflow/example_dags/example_complex.py took 0.402 seconds
[2024-07-23T02:08:11.654+0000] {processor.py:161} INFO - Started process (PID=1205) to work on /home/airflow/.local/lib/python3.12/site-packages/airflow/example_dags/example_complex.py
[2024-07-23T02:08:11.655+0000] {processor.py:830} INFO - Processing file /home/airflow/.local/lib/python3.12/site-packages/airflow/example_dags/example_complex.py for tasks to queue
[2024-07-23T02:08:11.657+0000] {logging_mixin.py:188} INFO - [2024-07-23T02:08:11.657+0000] {dagbag.py:545} INFO - Filling up the DagBag from /home/airflow/.local/lib/python3.12/site-packages/airflow/example_dags/example_complex.py
[2024-07-23T02:08:11.673+0000] {processor.py:840} INFO - DAG(s) 'example_complex' retrieved from /home/airflow/.local/lib/python3.12/site-packages/airflow/example_dags/example_complex.py
[2024-07-23T02:08:11.710+0000] {logging_mixin.py:188} INFO - [2024-07-23T02:08:11.709+0000] {dag.py:3089} INFO - Sync 1 DAGs
[2024-07-23T02:08:11.724+0000] {logging_mixin.py:188} INFO - [2024-07-23T02:08:11.723+0000] {dag.py:3947} INFO - Setting next_dagrun for example_complex to None, run_after=None
[2024-07-23T02:08:11.745+0000] {processor.py:183} INFO - Processing /home/airflow/.local/lib/python3.12/site-packages/airflow/example_dags/example_complex.py took 0.096 seconds
[2024-07-23T02:08:42.464+0000] {processor.py:161} INFO - Started process (PID=1263) to work on /home/airflow/.local/lib/python3.12/site-packages/airflow/example_dags/example_complex.py
[2024-07-23T02:08:42.465+0000] {processor.py:830} INFO - Processing file /home/airflow/.local/lib/python3.12/site-packages/airflow/example_dags/example_complex.py for tasks to queue
[2024-07-23T02:08:42.468+0000] {logging_mixin.py:188} INFO - [2024-07-23T02:08:42.467+0000] {dagbag.py:545} INFO - Filling up the DagBag from /home/airflow/.local/lib/python3.12/site-packages/airflow/example_dags/example_complex.py
[2024-07-23T02:08:42.481+0000] {processor.py:840} INFO - DAG(s) 'example_complex' retrieved from /home/airflow/.local/lib/python3.12/site-packages/airflow/example_dags/example_complex.py
[2024-07-23T02:08:42.528+0000] {logging_mixin.py:188} INFO - [2024-07-23T02:08:42.528+0000] {dag.py:3089} INFO - Sync 1 DAGs
[2024-07-23T02:08:42.542+0000] {logging_mixin.py:188} INFO - [2024-07-23T02:08:42.542+0000] {dag.py:3947} INFO - Setting next_dagrun for example_complex to None, run_after=None
[2024-07-23T02:08:42.564+0000] {processor.py:183} INFO - Processing /home/airflow/.local/lib/python3.12/site-packages/airflow/example_dags/example_complex.py took 0.107 seconds
[2024-07-23T02:09:13.238+0000] {processor.py:161} INFO - Started process (PID=1322) to work on /home/airflow/.local/lib/python3.12/site-packages/airflow/example_dags/example_complex.py
[2024-07-23T02:09:13.239+0000] {processor.py:830} INFO - Processing file /home/airflow/.local/lib/python3.12/site-packages/airflow/example_dags/example_complex.py for tasks to queue
[2024-07-23T02:09:13.241+0000] {logging_mixin.py:188} INFO - [2024-07-23T02:09:13.241+0000] {dagbag.py:545} INFO - Filling up the DagBag from /home/airflow/.local/lib/python3.12/site-packages/airflow/example_dags/example_complex.py
[2024-07-23T02:09:13.258+0000] {processor.py:840} INFO - DAG(s) 'example_complex' retrieved from /home/airflow/.local/lib/python3.12/site-packages/airflow/example_dags/example_complex.py
[2024-07-23T02:09:13.302+0000] {logging_mixin.py:188} INFO - [2024-07-23T02:09:13.302+0000] {dag.py:3089} INFO - Sync 1 DAGs
[2024-07-23T02:09:13.318+0000] {logging_mixin.py:188} INFO - [2024-07-23T02:09:13.318+0000] {dag.py:3947} INFO - Setting next_dagrun for example_complex to None, run_after=None
[2024-07-23T02:09:13.345+0000] {processor.py:183} INFO - Processing /home/airflow/.local/lib/python3.12/site-packages/airflow/example_dags/example_complex.py took 0.114 seconds
[2024-07-23T02:09:43.565+0000] {processor.py:161} INFO - Started process (PID=1380) to work on /home/airflow/.local/lib/python3.12/site-packages/airflow/example_dags/example_complex.py
[2024-07-23T02:09:43.566+0000] {processor.py:830} INFO - Processing file /home/airflow/.local/lib/python3.12/site-packages/airflow/example_dags/example_complex.py for tasks to queue
[2024-07-23T02:09:43.568+0000] {logging_mixin.py:188} INFO - [2024-07-23T02:09:43.567+0000] {dagbag.py:545} INFO - Filling up the DagBag from /home/airflow/.local/lib/python3.12/site-packages/airflow/example_dags/example_complex.py
[2024-07-23T02:09:43.579+0000] {processor.py:840} INFO - DAG(s) 'example_complex' retrieved from /home/airflow/.local/lib/python3.12/site-packages/airflow/example_dags/example_complex.py
[2024-07-23T02:09:43.614+0000] {logging_mixin.py:188} INFO - [2024-07-23T02:09:43.614+0000] {dag.py:3089} INFO - Sync 1 DAGs
[2024-07-23T02:09:43.628+0000] {logging_mixin.py:188} INFO - [2024-07-23T02:09:43.627+0000] {dag.py:3947} INFO - Setting next_dagrun for example_complex to None, run_after=None
[2024-07-23T02:09:43.648+0000] {processor.py:183} INFO - Processing /home/airflow/.local/lib/python3.12/site-packages/airflow/example_dags/example_complex.py took 0.090 seconds
[2024-07-23T02:10:13.766+0000] {processor.py:161} INFO - Started process (PID=1439) to work on /home/airflow/.local/lib/python3.12/site-packages/airflow/example_dags/example_complex.py
[2024-07-23T02:10:13.767+0000] {processor.py:830} INFO - Processing file /home/airflow/.local/lib/python3.12/site-packages/airflow/example_dags/example_complex.py for tasks to queue
[2024-07-23T02:10:13.769+0000] {logging_mixin.py:188} INFO - [2024-07-23T02:10:13.769+0000] {dagbag.py:545} INFO - Filling up the DagBag from /home/airflow/.local/lib/python3.12/site-packages/airflow/example_dags/example_complex.py
[2024-07-23T02:10:13.781+0000] {processor.py:840} INFO - DAG(s) 'example_complex' retrieved from /home/airflow/.local/lib/python3.12/site-packages/airflow/example_dags/example_complex.py
[2024-07-23T02:10:13.818+0000] {logging_mixin.py:188} INFO - [2024-07-23T02:10:13.818+0000] {dag.py:3089} INFO - Sync 1 DAGs
[2024-07-23T02:10:13.832+0000] {logging_mixin.py:188} INFO - [2024-07-23T02:10:13.832+0000] {dag.py:3947} INFO - Setting next_dagrun for example_complex to None, run_after=None
[2024-07-23T02:10:13.853+0000] {processor.py:183} INFO - Processing /home/airflow/.local/lib/python3.12/site-packages/airflow/example_dags/example_complex.py took 0.094 seconds
[2024-07-23T02:10:44.033+0000] {processor.py:161} INFO - Started process (PID=1498) to work on /home/airflow/.local/lib/python3.12/site-packages/airflow/example_dags/example_complex.py
[2024-07-23T02:10:44.034+0000] {processor.py:830} INFO - Processing file /home/airflow/.local/lib/python3.12/site-packages/airflow/example_dags/example_complex.py for tasks to queue
[2024-07-23T02:10:44.037+0000] {logging_mixin.py:188} INFO - [2024-07-23T02:10:44.037+0000] {dagbag.py:545} INFO - Filling up the DagBag from /home/airflow/.local/lib/python3.12/site-packages/airflow/example_dags/example_complex.py
[2024-07-23T02:10:44.056+0000] {processor.py:840} INFO - DAG(s) 'example_complex' retrieved from /home/airflow/.local/lib/python3.12/site-packages/airflow/example_dags/example_complex.py
[2024-07-23T02:10:44.101+0000] {logging_mixin.py:188} INFO - [2024-07-23T02:10:44.101+0000] {dag.py:3089} INFO - Sync 1 DAGs
[2024-07-23T02:10:44.118+0000] {logging_mixin.py:188} INFO - [2024-07-23T02:10:44.118+0000] {dag.py:3947} INFO - Setting next_dagrun for example_complex to None, run_after=None
[2024-07-23T02:10:44.145+0000] {processor.py:183} INFO - Processing /home/airflow/.local/lib/python3.12/site-packages/airflow/example_dags/example_complex.py took 0.121 seconds
[2024-07-23T02:11:14.342+0000] {processor.py:161} INFO - Started process (PID=1557) to work on /home/airflow/.local/lib/python3.12/site-packages/airflow/example_dags/example_complex.py
[2024-07-23T02:11:14.343+0000] {processor.py:830} INFO - Processing file /home/airflow/.local/lib/python3.12/site-packages/airflow/example_dags/example_complex.py for tasks to queue
[2024-07-23T02:11:14.345+0000] {logging_mixin.py:188} INFO - [2024-07-23T02:11:14.345+0000] {dagbag.py:545} INFO - Filling up the DagBag from /home/airflow/.local/lib/python3.12/site-packages/airflow/example_dags/example_complex.py
[2024-07-23T02:11:14.358+0000] {processor.py:840} INFO - DAG(s) 'example_complex' retrieved from /home/airflow/.local/lib/python3.12/site-packages/airflow/example_dags/example_complex.py
[2024-07-23T02:11:14.395+0000] {logging_mixin.py:188} INFO - [2024-07-23T02:11:14.394+0000] {dag.py:3089} INFO - Sync 1 DAGs
[2024-07-23T02:11:14.407+0000] {logging_mixin.py:188} INFO - [2024-07-23T02:11:14.407+0000] {dag.py:3947} INFO - Setting next_dagrun for example_complex to None, run_after=None
[2024-07-23T02:11:14.425+0000] {processor.py:183} INFO - Processing /home/airflow/.local/lib/python3.12/site-packages/airflow/example_dags/example_complex.py took 0.090 seconds
[2024-07-23T02:11:45.495+0000] {processor.py:161} INFO - Started process (PID=1615) to work on /home/airflow/.local/lib/python3.12/site-packages/airflow/example_dags/example_complex.py
[2024-07-23T02:11:45.496+0000] {processor.py:830} INFO - Processing file /home/airflow/.local/lib/python3.12/site-packages/airflow/example_dags/example_complex.py for tasks to queue
[2024-07-23T02:11:45.498+0000] {logging_mixin.py:188} INFO - [2024-07-23T02:11:45.497+0000] {dagbag.py:545} INFO - Filling up the DagBag from /home/airflow/.local/lib/python3.12/site-packages/airflow/example_dags/example_complex.py
[2024-07-23T02:11:45.510+0000] {processor.py:840} INFO - DAG(s) 'example_complex' retrieved from /home/airflow/.local/lib/python3.12/site-packages/airflow/example_dags/example_complex.py
[2024-07-23T02:11:45.547+0000] {logging_mixin.py:188} INFO - [2024-07-23T02:11:45.547+0000] {dag.py:3089} INFO - Sync 1 DAGs
[2024-07-23T02:11:45.563+0000] {logging_mixin.py:188} INFO - [2024-07-23T02:11:45.563+0000] {dag.py:3947} INFO - Setting next_dagrun for example_complex to None, run_after=None
[2024-07-23T02:11:45.586+0000] {processor.py:183} INFO - Processing /home/airflow/.local/lib/python3.12/site-packages/airflow/example_dags/example_complex.py took 0.097 seconds
[2024-07-23T02:12:15.705+0000] {processor.py:161} INFO - Started process (PID=1674) to work on /home/airflow/.local/lib/python3.12/site-packages/airflow/example_dags/example_complex.py
[2024-07-23T02:12:15.706+0000] {processor.py:830} INFO - Processing file /home/airflow/.local/lib/python3.12/site-packages/airflow/example_dags/example_complex.py for tasks to queue
[2024-07-23T02:12:15.707+0000] {logging_mixin.py:188} INFO - [2024-07-23T02:12:15.707+0000] {dagbag.py:545} INFO - Filling up the DagBag from /home/airflow/.local/lib/python3.12/site-packages/airflow/example_dags/example_complex.py
[2024-07-23T02:12:15.719+0000] {processor.py:840} INFO - DAG(s) 'example_complex' retrieved from /home/airflow/.local/lib/python3.12/site-packages/airflow/example_dags/example_complex.py
[2024-07-23T02:12:15.758+0000] {logging_mixin.py:188} INFO - [2024-07-23T02:12:15.757+0000] {dag.py:3089} INFO - Sync 1 DAGs
[2024-07-23T02:12:15.773+0000] {logging_mixin.py:188} INFO - [2024-07-23T02:12:15.773+0000] {dag.py:3947} INFO - Setting next_dagrun for example_complex to None, run_after=None
[2024-07-23T02:12:15.798+0000] {processor.py:183} INFO - Processing /home/airflow/.local/lib/python3.12/site-packages/airflow/example_dags/example_complex.py took 0.099 seconds
[2024-07-23T02:12:45.879+0000] {processor.py:161} INFO - Started process (PID=1733) to work on /home/airflow/.local/lib/python3.12/site-packages/airflow/example_dags/example_complex.py
[2024-07-23T02:12:45.881+0000] {processor.py:830} INFO - Processing file /home/airflow/.local/lib/python3.12/site-packages/airflow/example_dags/example_complex.py for tasks to queue
[2024-07-23T02:12:45.883+0000] {logging_mixin.py:188} INFO - [2024-07-23T02:12:45.883+0000] {dagbag.py:545} INFO - Filling up the DagBag from /home/airflow/.local/lib/python3.12/site-packages/airflow/example_dags/example_complex.py
[2024-07-23T02:12:45.895+0000] {processor.py:840} INFO - DAG(s) 'example_complex' retrieved from /home/airflow/.local/lib/python3.12/site-packages/airflow/example_dags/example_complex.py
[2024-07-23T02:12:45.937+0000] {logging_mixin.py:188} INFO - [2024-07-23T02:12:45.936+0000] {dag.py:3089} INFO - Sync 1 DAGs
[2024-07-23T02:12:45.949+0000] {logging_mixin.py:188} INFO - [2024-07-23T02:12:45.949+0000] {dag.py:3947} INFO - Setting next_dagrun for example_complex to None, run_after=None
[2024-07-23T02:12:45.968+0000] {processor.py:183} INFO - Processing /home/airflow/.local/lib/python3.12/site-packages/airflow/example_dags/example_complex.py took 0.096 seconds
[2024-07-23T02:13:16.286+0000] {processor.py:161} INFO - Started process (PID=1792) to work on /home/airflow/.local/lib/python3.12/site-packages/airflow/example_dags/example_complex.py
[2024-07-23T02:13:16.286+0000] {processor.py:830} INFO - Processing file /home/airflow/.local/lib/python3.12/site-packages/airflow/example_dags/example_complex.py for tasks to queue
[2024-07-23T02:13:16.289+0000] {logging_mixin.py:188} INFO - [2024-07-23T02:13:16.288+0000] {dagbag.py:545} INFO - Filling up the DagBag from /home/airflow/.local/lib/python3.12/site-packages/airflow/example_dags/example_complex.py
[2024-07-23T02:13:16.302+0000] {processor.py:840} INFO - DAG(s) 'example_complex' retrieved from /home/airflow/.local/lib/python3.12/site-packages/airflow/example_dags/example_complex.py
[2024-07-23T02:13:16.355+0000] {logging_mixin.py:188} INFO - [2024-07-23T02:13:16.355+0000] {dag.py:3089} INFO - Sync 1 DAGs
[2024-07-23T02:13:16.369+0000] {logging_mixin.py:188} INFO - [2024-07-23T02:13:16.368+0000] {dag.py:3947} INFO - Setting next_dagrun for example_complex to None, run_after=None
[2024-07-23T02:13:16.392+0000] {processor.py:183} INFO - Processing /home/airflow/.local/lib/python3.12/site-packages/airflow/example_dags/example_complex.py took 0.113 seconds
[2024-07-23T02:13:46.534+0000] {processor.py:161} INFO - Started process (PID=1860) to work on /home/airflow/.local/lib/python3.12/site-packages/airflow/example_dags/example_complex.py
[2024-07-23T02:13:46.535+0000] {processor.py:830} INFO - Processing file /home/airflow/.local/lib/python3.12/site-packages/airflow/example_dags/example_complex.py for tasks to queue
[2024-07-23T02:13:46.538+0000] {logging_mixin.py:188} INFO - [2024-07-23T02:13:46.537+0000] {dagbag.py:545} INFO - Filling up the DagBag from /home/airflow/.local/lib/python3.12/site-packages/airflow/example_dags/example_complex.py
[2024-07-23T02:13:46.557+0000] {processor.py:840} INFO - DAG(s) 'example_complex' retrieved from /home/airflow/.local/lib/python3.12/site-packages/airflow/example_dags/example_complex.py
[2024-07-23T02:13:46.621+0000] {logging_mixin.py:188} INFO - [2024-07-23T02:13:46.621+0000] {dag.py:3089} INFO - Sync 1 DAGs
[2024-07-23T02:13:46.647+0000] {logging_mixin.py:188} INFO - [2024-07-23T02:13:46.646+0000] {dag.py:3947} INFO - Setting next_dagrun for example_complex to None, run_after=None
[2024-07-23T02:13:46.680+0000] {processor.py:183} INFO - Processing /home/airflow/.local/lib/python3.12/site-packages/airflow/example_dags/example_complex.py took 0.155 seconds
[2024-07-23T02:14:17.607+0000] {processor.py:161} INFO - Started process (PID=1919) to work on /home/airflow/.local/lib/python3.12/site-packages/airflow/example_dags/example_complex.py
[2024-07-23T02:14:17.608+0000] {processor.py:830} INFO - Processing file /home/airflow/.local/lib/python3.12/site-packages/airflow/example_dags/example_complex.py for tasks to queue
[2024-07-23T02:14:17.611+0000] {logging_mixin.py:188} INFO - [2024-07-23T02:14:17.611+0000] {dagbag.py:545} INFO - Filling up the DagBag from /home/airflow/.local/lib/python3.12/site-packages/airflow/example_dags/example_complex.py
[2024-07-23T02:14:17.624+0000] {processor.py:840} INFO - DAG(s) 'example_complex' retrieved from /home/airflow/.local/lib/python3.12/site-packages/airflow/example_dags/example_complex.py
[2024-07-23T02:14:17.675+0000] {logging_mixin.py:188} INFO - [2024-07-23T02:14:17.675+0000] {dag.py:3089} INFO - Sync 1 DAGs
[2024-07-23T02:14:17.695+0000] {logging_mixin.py:188} INFO - [2024-07-23T02:14:17.695+0000] {dag.py:3947} INFO - Setting next_dagrun for example_complex to None, run_after=None
[2024-07-23T02:14:17.726+0000] {processor.py:183} INFO - Processing /home/airflow/.local/lib/python3.12/site-packages/airflow/example_dags/example_complex.py took 0.129 seconds
[2024-07-23T02:14:47.976+0000] {processor.py:161} INFO - Started process (PID=1978) to work on /home/airflow/.local/lib/python3.12/site-packages/airflow/example_dags/example_complex.py
[2024-07-23T02:14:47.977+0000] {processor.py:830} INFO - Processing file /home/airflow/.local/lib/python3.12/site-packages/airflow/example_dags/example_complex.py for tasks to queue
[2024-07-23T02:14:47.979+0000] {logging_mixin.py:188} INFO - [2024-07-23T02:14:47.979+0000] {dagbag.py:545} INFO - Filling up the DagBag from /home/airflow/.local/lib/python3.12/site-packages/airflow/example_dags/example_complex.py
[2024-07-23T02:14:47.992+0000] {processor.py:840} INFO - DAG(s) 'example_complex' retrieved from /home/airflow/.local/lib/python3.12/site-packages/airflow/example_dags/example_complex.py
[2024-07-23T02:14:48.034+0000] {logging_mixin.py:188} INFO - [2024-07-23T02:14:48.033+0000] {dag.py:3089} INFO - Sync 1 DAGs
[2024-07-23T02:14:48.052+0000] {logging_mixin.py:188} INFO - [2024-07-23T02:14:48.052+0000] {dag.py:3947} INFO - Setting next_dagrun for example_complex to None, run_after=None
[2024-07-23T02:14:48.080+0000] {processor.py:183} INFO - Processing /home/airflow/.local/lib/python3.12/site-packages/airflow/example_dags/example_complex.py took 0.110 seconds
[2024-07-23T02:15:21.033+0000] {processor.py:161} INFO - Started process (PID=2037) to work on /home/airflow/.local/lib/python3.12/site-packages/airflow/example_dags/example_complex.py
[2024-07-23T02:15:21.036+0000] {processor.py:830} INFO - Processing file /home/airflow/.local/lib/python3.12/site-packages/airflow/example_dags/example_complex.py for tasks to queue
[2024-07-23T02:15:21.043+0000] {logging_mixin.py:188} INFO - [2024-07-23T02:15:21.042+0000] {dagbag.py:545} INFO - Filling up the DagBag from /home/airflow/.local/lib/python3.12/site-packages/airflow/example_dags/example_complex.py
[2024-07-23T02:15:21.094+0000] {processor.py:840} INFO - DAG(s) 'example_complex' retrieved from /home/airflow/.local/lib/python3.12/site-packages/airflow/example_dags/example_complex.py
[2024-07-23T02:15:21.244+0000] {logging_mixin.py:188} INFO - [2024-07-23T02:15:21.243+0000] {dag.py:3089} INFO - Sync 1 DAGs
[2024-07-23T02:15:21.700+0000] {logging_mixin.py:188} INFO - [2024-07-23T02:15:21.699+0000] {dag.py:3947} INFO - Setting next_dagrun for example_complex to None, run_after=None
[2024-07-23T02:15:21.770+0000] {processor.py:183} INFO - Processing /home/airflow/.local/lib/python3.12/site-packages/airflow/example_dags/example_complex.py took 0.763 seconds
[2024-07-23T02:15:51.921+0000] {processor.py:161} INFO - Started process (PID=2096) to work on /home/airflow/.local/lib/python3.12/site-packages/airflow/example_dags/example_complex.py
[2024-07-23T02:15:51.925+0000] {processor.py:830} INFO - Processing file /home/airflow/.local/lib/python3.12/site-packages/airflow/example_dags/example_complex.py for tasks to queue
[2024-07-23T02:15:51.932+0000] {logging_mixin.py:188} INFO - [2024-07-23T02:15:51.931+0000] {dagbag.py:545} INFO - Filling up the DagBag from /home/airflow/.local/lib/python3.12/site-packages/airflow/example_dags/example_complex.py
[2024-07-23T02:15:51.984+0000] {processor.py:840} INFO - DAG(s) 'example_complex' retrieved from /home/airflow/.local/lib/python3.12/site-packages/airflow/example_dags/example_complex.py
[2024-07-23T02:15:52.135+0000] {logging_mixin.py:188} INFO - [2024-07-23T02:15:52.134+0000] {dag.py:3089} INFO - Sync 1 DAGs
[2024-07-23T02:15:52.193+0000] {logging_mixin.py:188} INFO - [2024-07-23T02:15:52.191+0000] {dag.py:3947} INFO - Setting next_dagrun for example_complex to None, run_after=None
[2024-07-23T02:15:52.269+0000] {processor.py:183} INFO - Processing /home/airflow/.local/lib/python3.12/site-packages/airflow/example_dags/example_complex.py took 0.377 seconds
[2024-07-23T02:16:22.917+0000] {processor.py:161} INFO - Started process (PID=2155) to work on /home/airflow/.local/lib/python3.12/site-packages/airflow/example_dags/example_complex.py
[2024-07-23T02:16:22.921+0000] {processor.py:830} INFO - Processing file /home/airflow/.local/lib/python3.12/site-packages/airflow/example_dags/example_complex.py for tasks to queue
[2024-07-23T02:16:22.932+0000] {logging_mixin.py:188} INFO - [2024-07-23T02:16:22.929+0000] {dagbag.py:545} INFO - Filling up the DagBag from /home/airflow/.local/lib/python3.12/site-packages/airflow/example_dags/example_complex.py
[2024-07-23T02:16:23.004+0000] {processor.py:840} INFO - DAG(s) 'example_complex' retrieved from /home/airflow/.local/lib/python3.12/site-packages/airflow/example_dags/example_complex.py
[2024-07-23T02:16:23.185+0000] {logging_mixin.py:188} INFO - [2024-07-23T02:16:23.183+0000] {dag.py:3089} INFO - Sync 1 DAGs
[2024-07-23T02:16:23.252+0000] {logging_mixin.py:188} INFO - [2024-07-23T02:16:23.251+0000] {dag.py:3947} INFO - Setting next_dagrun for example_complex to None, run_after=None
[2024-07-23T02:16:23.332+0000] {processor.py:183} INFO - Processing /home/airflow/.local/lib/python3.12/site-packages/airflow/example_dags/example_complex.py took 0.448 seconds
[2024-07-23T02:16:55.084+0000] {processor.py:161} INFO - Started process (PID=2223) to work on /home/airflow/.local/lib/python3.12/site-packages/airflow/example_dags/example_complex.py
[2024-07-23T02:16:55.088+0000] {processor.py:830} INFO - Processing file /home/airflow/.local/lib/python3.12/site-packages/airflow/example_dags/example_complex.py for tasks to queue
[2024-07-23T02:16:55.098+0000] {logging_mixin.py:188} INFO - [2024-07-23T02:16:55.096+0000] {dagbag.py:545} INFO - Filling up the DagBag from /home/airflow/.local/lib/python3.12/site-packages/airflow/example_dags/example_complex.py
[2024-07-23T02:16:55.203+0000] {processor.py:840} INFO - DAG(s) 'example_complex' retrieved from /home/airflow/.local/lib/python3.12/site-packages/airflow/example_dags/example_complex.py
[2024-07-23T02:16:55.550+0000] {logging_mixin.py:188} INFO - [2024-07-23T02:16:55.549+0000] {dag.py:3089} INFO - Sync 1 DAGs
[2024-07-23T02:16:55.724+0000] {logging_mixin.py:188} INFO - [2024-07-23T02:16:55.723+0000] {dag.py:3947} INFO - Setting next_dagrun for example_complex to None, run_after=None
[2024-07-23T02:16:55.909+0000] {processor.py:183} INFO - Processing /home/airflow/.local/lib/python3.12/site-packages/airflow/example_dags/example_complex.py took 0.873 seconds
[2024-07-23T02:17:26.319+0000] {processor.py:161} INFO - Started process (PID=2280) to work on /home/airflow/.local/lib/python3.12/site-packages/airflow/example_dags/example_complex.py
[2024-07-23T02:17:26.324+0000] {processor.py:830} INFO - Processing file /home/airflow/.local/lib/python3.12/site-packages/airflow/example_dags/example_complex.py for tasks to queue
[2024-07-23T02:17:26.330+0000] {logging_mixin.py:188} INFO - [2024-07-23T02:17:26.329+0000] {dagbag.py:545} INFO - Filling up the DagBag from /home/airflow/.local/lib/python3.12/site-packages/airflow/example_dags/example_complex.py
[2024-07-23T02:17:26.377+0000] {processor.py:840} INFO - DAG(s) 'example_complex' retrieved from /home/airflow/.local/lib/python3.12/site-packages/airflow/example_dags/example_complex.py
[2024-07-23T02:17:26.508+0000] {logging_mixin.py:188} INFO - [2024-07-23T02:17:26.508+0000] {dag.py:3089} INFO - Sync 1 DAGs
[2024-07-23T02:17:26.566+0000] {logging_mixin.py:188} INFO - [2024-07-23T02:17:26.565+0000] {dag.py:3947} INFO - Setting next_dagrun for example_complex to None, run_after=None
[2024-07-23T02:17:26.638+0000] {processor.py:183} INFO - Processing /home/airflow/.local/lib/python3.12/site-packages/airflow/example_dags/example_complex.py took 0.344 seconds
[2024-07-23T02:17:56.963+0000] {processor.py:161} INFO - Started process (PID=2339) to work on /home/airflow/.local/lib/python3.12/site-packages/airflow/example_dags/example_complex.py
[2024-07-23T02:17:56.966+0000] {processor.py:830} INFO - Processing file /home/airflow/.local/lib/python3.12/site-packages/airflow/example_dags/example_complex.py for tasks to queue
[2024-07-23T02:17:56.973+0000] {logging_mixin.py:188} INFO - [2024-07-23T02:17:56.971+0000] {dagbag.py:545} INFO - Filling up the DagBag from /home/airflow/.local/lib/python3.12/site-packages/airflow/example_dags/example_complex.py
[2024-07-23T02:17:57.016+0000] {processor.py:840} INFO - DAG(s) 'example_complex' retrieved from /home/airflow/.local/lib/python3.12/site-packages/airflow/example_dags/example_complex.py
[2024-07-23T02:17:57.165+0000] {logging_mixin.py:188} INFO - [2024-07-23T02:17:57.164+0000] {dag.py:3089} INFO - Sync 1 DAGs
[2024-07-23T02:17:57.239+0000] {logging_mixin.py:188} INFO - [2024-07-23T02:17:57.238+0000] {dag.py:3947} INFO - Setting next_dagrun for example_complex to None, run_after=None
[2024-07-23T02:17:57.325+0000] {processor.py:183} INFO - Processing /home/airflow/.local/lib/python3.12/site-packages/airflow/example_dags/example_complex.py took 0.386 seconds
[2024-07-23T02:18:27.969+0000] {processor.py:161} INFO - Started process (PID=2398) to work on /home/airflow/.local/lib/python3.12/site-packages/airflow/example_dags/example_complex.py
[2024-07-23T02:18:27.978+0000] {processor.py:830} INFO - Processing file /home/airflow/.local/lib/python3.12/site-packages/airflow/example_dags/example_complex.py for tasks to queue
[2024-07-23T02:18:28.000+0000] {logging_mixin.py:188} INFO - [2024-07-23T02:18:27.998+0000] {dagbag.py:545} INFO - Filling up the DagBag from /home/airflow/.local/lib/python3.12/site-packages/airflow/example_dags/example_complex.py
[2024-07-23T02:18:28.077+0000] {processor.py:840} INFO - DAG(s) 'example_complex' retrieved from /home/airflow/.local/lib/python3.12/site-packages/airflow/example_dags/example_complex.py
[2024-07-23T02:18:28.310+0000] {logging_mixin.py:188} INFO - [2024-07-23T02:18:28.309+0000] {dag.py:3089} INFO - Sync 1 DAGs
[2024-07-23T02:18:28.380+0000] {logging_mixin.py:188} INFO - [2024-07-23T02:18:28.379+0000] {dag.py:3947} INFO - Setting next_dagrun for example_complex to None, run_after=None
[2024-07-23T02:18:28.473+0000] {processor.py:183} INFO - Processing /home/airflow/.local/lib/python3.12/site-packages/airflow/example_dags/example_complex.py took 0.575 seconds
[2024-07-23T02:18:59.395+0000] {processor.py:161} INFO - Started process (PID=2464) to work on /home/airflow/.local/lib/python3.12/site-packages/airflow/example_dags/example_complex.py
[2024-07-23T02:18:59.399+0000] {processor.py:830} INFO - Processing file /home/airflow/.local/lib/python3.12/site-packages/airflow/example_dags/example_complex.py for tasks to queue
[2024-07-23T02:18:59.407+0000] {logging_mixin.py:188} INFO - [2024-07-23T02:18:59.405+0000] {dagbag.py:545} INFO - Filling up the DagBag from /home/airflow/.local/lib/python3.12/site-packages/airflow/example_dags/example_complex.py
[2024-07-23T02:18:59.458+0000] {processor.py:840} INFO - DAG(s) 'example_complex' retrieved from /home/airflow/.local/lib/python3.12/site-packages/airflow/example_dags/example_complex.py
[2024-07-23T02:18:59.633+0000] {logging_mixin.py:188} INFO - [2024-07-23T02:18:59.632+0000] {dag.py:3089} INFO - Sync 1 DAGs
[2024-07-23T02:18:59.710+0000] {logging_mixin.py:188} INFO - [2024-07-23T02:18:59.710+0000] {dag.py:3947} INFO - Setting next_dagrun for example_complex to None, run_after=None
[2024-07-23T02:18:59.783+0000] {processor.py:183} INFO - Processing /home/airflow/.local/lib/python3.12/site-packages/airflow/example_dags/example_complex.py took 0.413 seconds
[2024-07-23T02:19:29.941+0000] {processor.py:161} INFO - Started process (PID=2523) to work on /home/airflow/.local/lib/python3.12/site-packages/airflow/example_dags/example_complex.py
[2024-07-23T02:19:29.944+0000] {processor.py:830} INFO - Processing file /home/airflow/.local/lib/python3.12/site-packages/airflow/example_dags/example_complex.py for tasks to queue
[2024-07-23T02:19:29.950+0000] {logging_mixin.py:188} INFO - [2024-07-23T02:19:29.949+0000] {dagbag.py:545} INFO - Filling up the DagBag from /home/airflow/.local/lib/python3.12/site-packages/airflow/example_dags/example_complex.py
[2024-07-23T02:19:29.990+0000] {processor.py:840} INFO - DAG(s) 'example_complex' retrieved from /home/airflow/.local/lib/python3.12/site-packages/airflow/example_dags/example_complex.py
[2024-07-23T02:19:30.119+0000] {logging_mixin.py:188} INFO - [2024-07-23T02:19:30.118+0000] {dag.py:3089} INFO - Sync 1 DAGs
[2024-07-23T02:19:30.166+0000] {logging_mixin.py:188} INFO - [2024-07-23T02:19:30.165+0000] {dag.py:3947} INFO - Setting next_dagrun for example_complex to None, run_after=None
[2024-07-23T02:19:30.243+0000] {processor.py:183} INFO - Processing /home/airflow/.local/lib/python3.12/site-packages/airflow/example_dags/example_complex.py took 0.325 seconds
[2024-07-23T02:20:01.160+0000] {processor.py:161} INFO - Started process (PID=2582) to work on /home/airflow/.local/lib/python3.12/site-packages/airflow/example_dags/example_complex.py
[2024-07-23T02:20:01.161+0000] {processor.py:830} INFO - Processing file /home/airflow/.local/lib/python3.12/site-packages/airflow/example_dags/example_complex.py for tasks to queue
[2024-07-23T02:20:01.164+0000] {logging_mixin.py:188} INFO - [2024-07-23T02:20:01.163+0000] {dagbag.py:545} INFO - Filling up the DagBag from /home/airflow/.local/lib/python3.12/site-packages/airflow/example_dags/example_complex.py
[2024-07-23T02:20:01.178+0000] {processor.py:840} INFO - DAG(s) 'example_complex' retrieved from /home/airflow/.local/lib/python3.12/site-packages/airflow/example_dags/example_complex.py
[2024-07-23T02:20:01.228+0000] {logging_mixin.py:188} INFO - [2024-07-23T02:20:01.227+0000] {dag.py:3089} INFO - Sync 1 DAGs
[2024-07-23T02:20:01.249+0000] {logging_mixin.py:188} INFO - [2024-07-23T02:20:01.249+0000] {dag.py:3947} INFO - Setting next_dagrun for example_complex to None, run_after=None
[2024-07-23T02:20:01.287+0000] {processor.py:183} INFO - Processing /home/airflow/.local/lib/python3.12/site-packages/airflow/example_dags/example_complex.py took 0.136 seconds
[2024-07-23T02:20:31.648+0000] {processor.py:161} INFO - Started process (PID=2640) to work on /home/airflow/.local/lib/python3.12/site-packages/airflow/example_dags/example_complex.py
[2024-07-23T02:20:31.650+0000] {processor.py:830} INFO - Processing file /home/airflow/.local/lib/python3.12/site-packages/airflow/example_dags/example_complex.py for tasks to queue
[2024-07-23T02:20:31.652+0000] {logging_mixin.py:188} INFO - [2024-07-23T02:20:31.652+0000] {dagbag.py:545} INFO - Filling up the DagBag from /home/airflow/.local/lib/python3.12/site-packages/airflow/example_dags/example_complex.py
[2024-07-23T02:20:31.663+0000] {processor.py:840} INFO - DAG(s) 'example_complex' retrieved from /home/airflow/.local/lib/python3.12/site-packages/airflow/example_dags/example_complex.py
[2024-07-23T02:20:31.699+0000] {logging_mixin.py:188} INFO - [2024-07-23T02:20:31.699+0000] {dag.py:3089} INFO - Sync 1 DAGs
[2024-07-23T02:20:31.712+0000] {logging_mixin.py:188} INFO - [2024-07-23T02:20:31.712+0000] {dag.py:3947} INFO - Setting next_dagrun for example_complex to None, run_after=None
[2024-07-23T02:20:31.735+0000] {processor.py:183} INFO - Processing /home/airflow/.local/lib/python3.12/site-packages/airflow/example_dags/example_complex.py took 0.093 seconds
[2024-07-23T02:21:01.772+0000] {processor.py:161} INFO - Started process (PID=2699) to work on /home/airflow/.local/lib/python3.12/site-packages/airflow/example_dags/example_complex.py
[2024-07-23T02:21:01.773+0000] {processor.py:830} INFO - Processing file /home/airflow/.local/lib/python3.12/site-packages/airflow/example_dags/example_complex.py for tasks to queue
[2024-07-23T02:21:01.775+0000] {logging_mixin.py:188} INFO - [2024-07-23T02:21:01.775+0000] {dagbag.py:545} INFO - Filling up the DagBag from /home/airflow/.local/lib/python3.12/site-packages/airflow/example_dags/example_complex.py
[2024-07-23T02:21:01.786+0000] {processor.py:840} INFO - DAG(s) 'example_complex' retrieved from /home/airflow/.local/lib/python3.12/site-packages/airflow/example_dags/example_complex.py
[2024-07-23T02:21:01.822+0000] {logging_mixin.py:188} INFO - [2024-07-23T02:21:01.822+0000] {dag.py:3089} INFO - Sync 1 DAGs
[2024-07-23T02:21:01.836+0000] {logging_mixin.py:188} INFO - [2024-07-23T02:21:01.836+0000] {dag.py:3947} INFO - Setting next_dagrun for example_complex to None, run_after=None
[2024-07-23T02:21:01.857+0000] {processor.py:183} INFO - Processing /home/airflow/.local/lib/python3.12/site-packages/airflow/example_dags/example_complex.py took 0.093 seconds
[2024-07-23T02:21:32.212+0000] {processor.py:161} INFO - Started process (PID=2759) to work on /home/airflow/.local/lib/python3.12/site-packages/airflow/example_dags/example_complex.py
[2024-07-23T02:21:32.214+0000] {processor.py:830} INFO - Processing file /home/airflow/.local/lib/python3.12/site-packages/airflow/example_dags/example_complex.py for tasks to queue
[2024-07-23T02:21:32.217+0000] {logging_mixin.py:188} INFO - [2024-07-23T02:21:32.216+0000] {dagbag.py:545} INFO - Filling up the DagBag from /home/airflow/.local/lib/python3.12/site-packages/airflow/example_dags/example_complex.py
[2024-07-23T02:21:32.236+0000] {processor.py:840} INFO - DAG(s) 'example_complex' retrieved from /home/airflow/.local/lib/python3.12/site-packages/airflow/example_dags/example_complex.py
[2024-07-23T02:21:32.276+0000] {logging_mixin.py:188} INFO - [2024-07-23T02:21:32.276+0000] {dag.py:3089} INFO - Sync 1 DAGs
[2024-07-23T02:21:32.293+0000] {logging_mixin.py:188} INFO - [2024-07-23T02:21:32.292+0000] {dag.py:3947} INFO - Setting next_dagrun for example_complex to None, run_after=None
[2024-07-23T02:21:32.318+0000] {processor.py:183} INFO - Processing /home/airflow/.local/lib/python3.12/site-packages/airflow/example_dags/example_complex.py took 0.118 seconds
[2024-07-23T02:22:02.436+0000] {processor.py:161} INFO - Started process (PID=2818) to work on /home/airflow/.local/lib/python3.12/site-packages/airflow/example_dags/example_complex.py
[2024-07-23T02:22:02.436+0000] {processor.py:830} INFO - Processing file /home/airflow/.local/lib/python3.12/site-packages/airflow/example_dags/example_complex.py for tasks to queue
[2024-07-23T02:22:02.438+0000] {logging_mixin.py:188} INFO - [2024-07-23T02:22:02.438+0000] {dagbag.py:545} INFO - Filling up the DagBag from /home/airflow/.local/lib/python3.12/site-packages/airflow/example_dags/example_complex.py
[2024-07-23T02:22:02.451+0000] {processor.py:840} INFO - DAG(s) 'example_complex' retrieved from /home/airflow/.local/lib/python3.12/site-packages/airflow/example_dags/example_complex.py
[2024-07-23T02:22:02.491+0000] {logging_mixin.py:188} INFO - [2024-07-23T02:22:02.491+0000] {dag.py:3089} INFO - Sync 1 DAGs
[2024-07-23T02:22:02.506+0000] {logging_mixin.py:188} INFO - [2024-07-23T02:22:02.506+0000] {dag.py:3947} INFO - Setting next_dagrun for example_complex to None, run_after=None
[2024-07-23T02:22:02.533+0000] {processor.py:183} INFO - Processing /home/airflow/.local/lib/python3.12/site-packages/airflow/example_dags/example_complex.py took 0.105 seconds
[2024-07-23T02:22:32.983+0000] {processor.py:161} INFO - Started process (PID=2877) to work on /home/airflow/.local/lib/python3.12/site-packages/airflow/example_dags/example_complex.py
[2024-07-23T02:22:32.985+0000] {processor.py:830} INFO - Processing file /home/airflow/.local/lib/python3.12/site-packages/airflow/example_dags/example_complex.py for tasks to queue
[2024-07-23T02:22:32.987+0000] {logging_mixin.py:188} INFO - [2024-07-23T02:22:32.986+0000] {dagbag.py:545} INFO - Filling up the DagBag from /home/airflow/.local/lib/python3.12/site-packages/airflow/example_dags/example_complex.py
[2024-07-23T02:22:32.999+0000] {processor.py:840} INFO - DAG(s) 'example_complex' retrieved from /home/airflow/.local/lib/python3.12/site-packages/airflow/example_dags/example_complex.py
[2024-07-23T02:22:33.037+0000] {logging_mixin.py:188} INFO - [2024-07-23T02:22:33.037+0000] {dag.py:3089} INFO - Sync 1 DAGs
[2024-07-23T02:22:33.052+0000] {logging_mixin.py:188} INFO - [2024-07-23T02:22:33.052+0000] {dag.py:3947} INFO - Setting next_dagrun for example_complex to None, run_after=None
[2024-07-23T02:22:33.072+0000] {processor.py:183} INFO - Processing /home/airflow/.local/lib/python3.12/site-packages/airflow/example_dags/example_complex.py took 0.096 seconds
[2024-07-23T02:23:03.455+0000] {processor.py:161} INFO - Started process (PID=2943) to work on /home/airflow/.local/lib/python3.12/site-packages/airflow/example_dags/example_complex.py
[2024-07-23T02:23:03.458+0000] {processor.py:830} INFO - Processing file /home/airflow/.local/lib/python3.12/site-packages/airflow/example_dags/example_complex.py for tasks to queue
[2024-07-23T02:23:03.460+0000] {logging_mixin.py:188} INFO - [2024-07-23T02:23:03.460+0000] {dagbag.py:545} INFO - Filling up the DagBag from /home/airflow/.local/lib/python3.12/site-packages/airflow/example_dags/example_complex.py
[2024-07-23T02:23:03.476+0000] {processor.py:840} INFO - DAG(s) 'example_complex' retrieved from /home/airflow/.local/lib/python3.12/site-packages/airflow/example_dags/example_complex.py
[2024-07-23T02:23:03.524+0000] {logging_mixin.py:188} INFO - [2024-07-23T02:23:03.523+0000] {dag.py:3089} INFO - Sync 1 DAGs
[2024-07-23T02:23:03.542+0000] {logging_mixin.py:188} INFO - [2024-07-23T02:23:03.541+0000] {dag.py:3947} INFO - Setting next_dagrun for example_complex to None, run_after=None
[2024-07-23T02:23:03.574+0000] {processor.py:183} INFO - Processing /home/airflow/.local/lib/python3.12/site-packages/airflow/example_dags/example_complex.py took 0.128 seconds
[2024-07-23T02:23:33.624+0000] {processor.py:161} INFO - Started process (PID=3001) to work on /home/airflow/.local/lib/python3.12/site-packages/airflow/example_dags/example_complex.py
[2024-07-23T02:23:33.625+0000] {processor.py:830} INFO - Processing file /home/airflow/.local/lib/python3.12/site-packages/airflow/example_dags/example_complex.py for tasks to queue
[2024-07-23T02:23:33.627+0000] {logging_mixin.py:188} INFO - [2024-07-23T02:23:33.627+0000] {dagbag.py:545} INFO - Filling up the DagBag from /home/airflow/.local/lib/python3.12/site-packages/airflow/example_dags/example_complex.py
[2024-07-23T02:23:33.640+0000] {processor.py:840} INFO - DAG(s) 'example_complex' retrieved from /home/airflow/.local/lib/python3.12/site-packages/airflow/example_dags/example_complex.py
[2024-07-23T02:23:33.681+0000] {logging_mixin.py:188} INFO - [2024-07-23T02:23:33.680+0000] {dag.py:3089} INFO - Sync 1 DAGs
[2024-07-23T02:23:33.698+0000] {logging_mixin.py:188} INFO - [2024-07-23T02:23:33.697+0000] {dag.py:3947} INFO - Setting next_dagrun for example_complex to None, run_after=None
[2024-07-23T02:23:33.723+0000] {processor.py:183} INFO - Processing /home/airflow/.local/lib/python3.12/site-packages/airflow/example_dags/example_complex.py took 0.107 seconds
[2024-07-23T02:24:04.202+0000] {processor.py:161} INFO - Started process (PID=3060) to work on /home/airflow/.local/lib/python3.12/site-packages/airflow/example_dags/example_complex.py
[2024-07-23T02:24:04.205+0000] {processor.py:830} INFO - Processing file /home/airflow/.local/lib/python3.12/site-packages/airflow/example_dags/example_complex.py for tasks to queue
[2024-07-23T02:24:04.211+0000] {logging_mixin.py:188} INFO - [2024-07-23T02:24:04.210+0000] {dagbag.py:545} INFO - Filling up the DagBag from /home/airflow/.local/lib/python3.12/site-packages/airflow/example_dags/example_complex.py
[2024-07-23T02:24:04.262+0000] {processor.py:840} INFO - DAG(s) 'example_complex' retrieved from /home/airflow/.local/lib/python3.12/site-packages/airflow/example_dags/example_complex.py
[2024-07-23T02:24:04.425+0000] {logging_mixin.py:188} INFO - [2024-07-23T02:24:04.424+0000] {dag.py:3089} INFO - Sync 1 DAGs
[2024-07-23T02:24:04.481+0000] {logging_mixin.py:188} INFO - [2024-07-23T02:24:04.480+0000] {dag.py:3947} INFO - Setting next_dagrun for example_complex to None, run_after=None
[2024-07-23T02:24:04.559+0000] {processor.py:183} INFO - Processing /home/airflow/.local/lib/python3.12/site-packages/airflow/example_dags/example_complex.py took 0.381 seconds
[2024-07-23T02:24:34.968+0000] {processor.py:161} INFO - Started process (PID=3119) to work on /home/airflow/.local/lib/python3.12/site-packages/airflow/example_dags/example_complex.py
[2024-07-23T02:24:34.970+0000] {processor.py:830} INFO - Processing file /home/airflow/.local/lib/python3.12/site-packages/airflow/example_dags/example_complex.py for tasks to queue
[2024-07-23T02:24:34.976+0000] {logging_mixin.py:188} INFO - [2024-07-23T02:24:34.975+0000] {dagbag.py:545} INFO - Filling up the DagBag from /home/airflow/.local/lib/python3.12/site-packages/airflow/example_dags/example_complex.py
[2024-07-23T02:24:35.016+0000] {processor.py:840} INFO - DAG(s) 'example_complex' retrieved from /home/airflow/.local/lib/python3.12/site-packages/airflow/example_dags/example_complex.py
[2024-07-23T02:24:35.147+0000] {logging_mixin.py:188} INFO - [2024-07-23T02:24:35.146+0000] {dag.py:3089} INFO - Sync 1 DAGs
[2024-07-23T02:24:35.199+0000] {logging_mixin.py:188} INFO - [2024-07-23T02:24:35.198+0000] {dag.py:3947} INFO - Setting next_dagrun for example_complex to None, run_after=None
[2024-07-23T02:24:35.266+0000] {processor.py:183} INFO - Processing /home/airflow/.local/lib/python3.12/site-packages/airflow/example_dags/example_complex.py took 0.321 seconds
[2024-07-23T02:25:05.691+0000] {processor.py:161} INFO - Started process (PID=3177) to work on /home/airflow/.local/lib/python3.12/site-packages/airflow/example_dags/example_complex.py
[2024-07-23T02:25:05.696+0000] {processor.py:830} INFO - Processing file /home/airflow/.local/lib/python3.12/site-packages/airflow/example_dags/example_complex.py for tasks to queue
[2024-07-23T02:25:05.703+0000] {logging_mixin.py:188} INFO - [2024-07-23T02:25:05.702+0000] {dagbag.py:545} INFO - Filling up the DagBag from /home/airflow/.local/lib/python3.12/site-packages/airflow/example_dags/example_complex.py
[2024-07-23T02:25:05.762+0000] {processor.py:840} INFO - DAG(s) 'example_complex' retrieved from /home/airflow/.local/lib/python3.12/site-packages/airflow/example_dags/example_complex.py
[2024-07-23T02:25:05.928+0000] {logging_mixin.py:188} INFO - [2024-07-23T02:25:05.927+0000] {dag.py:3089} INFO - Sync 1 DAGs
[2024-07-23T02:25:05.982+0000] {logging_mixin.py:188} INFO - [2024-07-23T02:25:05.981+0000] {dag.py:3947} INFO - Setting next_dagrun for example_complex to None, run_after=None
[2024-07-23T02:25:06.061+0000] {processor.py:183} INFO - Processing /home/airflow/.local/lib/python3.12/site-packages/airflow/example_dags/example_complex.py took 0.393 seconds
[2024-07-23T02:25:36.431+0000] {processor.py:161} INFO - Started process (PID=3236) to work on /home/airflow/.local/lib/python3.12/site-packages/airflow/example_dags/example_complex.py
[2024-07-23T02:25:36.432+0000] {processor.py:830} INFO - Processing file /home/airflow/.local/lib/python3.12/site-packages/airflow/example_dags/example_complex.py for tasks to queue
[2024-07-23T02:25:36.435+0000] {logging_mixin.py:188} INFO - [2024-07-23T02:25:36.434+0000] {dagbag.py:545} INFO - Filling up the DagBag from /home/airflow/.local/lib/python3.12/site-packages/airflow/example_dags/example_complex.py
[2024-07-23T02:25:36.453+0000] {processor.py:840} INFO - DAG(s) 'example_complex' retrieved from /home/airflow/.local/lib/python3.12/site-packages/airflow/example_dags/example_complex.py
[2024-07-23T02:25:36.500+0000] {logging_mixin.py:188} INFO - [2024-07-23T02:25:36.500+0000] {dag.py:3089} INFO - Sync 1 DAGs
[2024-07-23T02:25:36.520+0000] {logging_mixin.py:188} INFO - [2024-07-23T02:25:36.520+0000] {dag.py:3947} INFO - Setting next_dagrun for example_complex to None, run_after=None
[2024-07-23T02:25:36.551+0000] {processor.py:183} INFO - Processing /home/airflow/.local/lib/python3.12/site-packages/airflow/example_dags/example_complex.py took 0.134 seconds
[2024-07-23T02:26:06.620+0000] {processor.py:161} INFO - Started process (PID=3295) to work on /home/airflow/.local/lib/python3.12/site-packages/airflow/example_dags/example_complex.py
[2024-07-23T02:26:06.621+0000] {processor.py:830} INFO - Processing file /home/airflow/.local/lib/python3.12/site-packages/airflow/example_dags/example_complex.py for tasks to queue
[2024-07-23T02:26:06.624+0000] {logging_mixin.py:188} INFO - [2024-07-23T02:26:06.623+0000] {dagbag.py:545} INFO - Filling up the DagBag from /home/airflow/.local/lib/python3.12/site-packages/airflow/example_dags/example_complex.py
[2024-07-23T02:26:06.640+0000] {processor.py:840} INFO - DAG(s) 'example_complex' retrieved from /home/airflow/.local/lib/python3.12/site-packages/airflow/example_dags/example_complex.py
[2024-07-23T02:26:06.693+0000] {logging_mixin.py:188} INFO - [2024-07-23T02:26:06.692+0000] {dag.py:3089} INFO - Sync 1 DAGs
[2024-07-23T02:26:06.713+0000] {logging_mixin.py:188} INFO - [2024-07-23T02:26:06.712+0000] {dag.py:3947} INFO - Setting next_dagrun for example_complex to None, run_after=None
[2024-07-23T02:26:06.746+0000] {processor.py:183} INFO - Processing /home/airflow/.local/lib/python3.12/site-packages/airflow/example_dags/example_complex.py took 0.134 seconds
[2024-07-23T02:26:37.310+0000] {processor.py:161} INFO - Started process (PID=3354) to work on /home/airflow/.local/lib/python3.12/site-packages/airflow/example_dags/example_complex.py
[2024-07-23T02:26:37.314+0000] {processor.py:830} INFO - Processing file /home/airflow/.local/lib/python3.12/site-packages/airflow/example_dags/example_complex.py for tasks to queue
[2024-07-23T02:26:37.323+0000] {logging_mixin.py:188} INFO - [2024-07-23T02:26:37.321+0000] {dagbag.py:545} INFO - Filling up the DagBag from /home/airflow/.local/lib/python3.12/site-packages/airflow/example_dags/example_complex.py
[2024-07-23T02:26:37.375+0000] {processor.py:840} INFO - DAG(s) 'example_complex' retrieved from /home/airflow/.local/lib/python3.12/site-packages/airflow/example_dags/example_complex.py
[2024-07-23T02:26:37.510+0000] {logging_mixin.py:188} INFO - [2024-07-23T02:26:37.509+0000] {dag.py:3089} INFO - Sync 1 DAGs
[2024-07-23T02:26:37.559+0000] {logging_mixin.py:188} INFO - [2024-07-23T02:26:37.559+0000] {dag.py:3947} INFO - Setting next_dagrun for example_complex to None, run_after=None
[2024-07-23T02:26:37.625+0000] {processor.py:183} INFO - Processing /home/airflow/.local/lib/python3.12/site-packages/airflow/example_dags/example_complex.py took 0.348 seconds
[2024-07-23T02:27:08.171+0000] {processor.py:161} INFO - Started process (PID=3413) to work on /home/airflow/.local/lib/python3.12/site-packages/airflow/example_dags/example_complex.py
[2024-07-23T02:27:08.175+0000] {processor.py:830} INFO - Processing file /home/airflow/.local/lib/python3.12/site-packages/airflow/example_dags/example_complex.py for tasks to queue
[2024-07-23T02:27:08.184+0000] {logging_mixin.py:188} INFO - [2024-07-23T02:27:08.182+0000] {dagbag.py:545} INFO - Filling up the DagBag from /home/airflow/.local/lib/python3.12/site-packages/airflow/example_dags/example_complex.py
[2024-07-23T02:27:08.244+0000] {processor.py:840} INFO - DAG(s) 'example_complex' retrieved from /home/airflow/.local/lib/python3.12/site-packages/airflow/example_dags/example_complex.py
[2024-07-23T02:27:08.409+0000] {logging_mixin.py:188} INFO - [2024-07-23T02:27:08.408+0000] {dag.py:3089} INFO - Sync 1 DAGs
[2024-07-23T02:27:08.459+0000] {logging_mixin.py:188} INFO - [2024-07-23T02:27:08.458+0000] {dag.py:3947} INFO - Setting next_dagrun for example_complex to None, run_after=None
[2024-07-23T02:27:08.529+0000] {processor.py:183} INFO - Processing /home/airflow/.local/lib/python3.12/site-packages/airflow/example_dags/example_complex.py took 0.392 seconds
[2024-07-23T02:27:39.151+0000] {processor.py:161} INFO - Started process (PID=3472) to work on /home/airflow/.local/lib/python3.12/site-packages/airflow/example_dags/example_complex.py
[2024-07-23T02:27:39.152+0000] {processor.py:830} INFO - Processing file /home/airflow/.local/lib/python3.12/site-packages/airflow/example_dags/example_complex.py for tasks to queue
[2024-07-23T02:27:39.155+0000] {logging_mixin.py:188} INFO - [2024-07-23T02:27:39.154+0000] {dagbag.py:545} INFO - Filling up the DagBag from /home/airflow/.local/lib/python3.12/site-packages/airflow/example_dags/example_complex.py
[2024-07-23T02:27:39.169+0000] {processor.py:840} INFO - DAG(s) 'example_complex' retrieved from /home/airflow/.local/lib/python3.12/site-packages/airflow/example_dags/example_complex.py
[2024-07-23T02:27:39.208+0000] {logging_mixin.py:188} INFO - [2024-07-23T02:27:39.208+0000] {dag.py:3089} INFO - Sync 1 DAGs
[2024-07-23T02:27:39.225+0000] {logging_mixin.py:188} INFO - [2024-07-23T02:27:39.224+0000] {dag.py:3947} INFO - Setting next_dagrun for example_complex to None, run_after=None
[2024-07-23T02:27:39.247+0000] {processor.py:183} INFO - Processing /home/airflow/.local/lib/python3.12/site-packages/airflow/example_dags/example_complex.py took 0.104 seconds
