[2024-07-23T01:58:21.490+0000] {processor.py:161} INFO - Started process (PID=85) to work on /home/airflow/.local/lib/python3.12/site-packages/airflow/example_dags/example_branch_python_dop_operator_3.py
[2024-07-23T01:58:21.491+0000] {processor.py:830} INFO - Processing file /home/airflow/.local/lib/python3.12/site-packages/airflow/example_dags/example_branch_python_dop_operator_3.py for tasks to queue
[2024-07-23T01:58:21.493+0000] {logging_mixin.py:188} INFO - [2024-07-23T01:58:21.492+0000] {dagbag.py:545} INFO - Filling up the DagBag from /home/airflow/.local/lib/python3.12/site-packages/airflow/example_dags/example_branch_python_dop_operator_3.py
[2024-07-23T01:58:21.502+0000] {processor.py:840} INFO - DAG(s) 'example_branch_dop_operator_v3' retrieved from /home/airflow/.local/lib/python3.12/site-packages/airflow/example_dags/example_branch_python_dop_operator_3.py
[2024-07-23T01:58:21.672+0000] {logging_mixin.py:188} INFO - [2024-07-23T01:58:21.671+0000] {dag.py:3089} INFO - Sync 1 DAGs
[2024-07-23T01:58:21.698+0000] {logging_mixin.py:188} INFO - [2024-07-23T01:58:21.698+0000] {dag.py:3947} INFO - Setting next_dagrun for example_branch_dop_operator_v3 to 2024-07-23 01:57:00+00:00, run_after=2024-07-23 01:58:00+00:00
[2024-07-23T01:58:21.721+0000] {processor.py:183} INFO - Processing /home/airflow/.local/lib/python3.12/site-packages/airflow/example_dags/example_branch_python_dop_operator_3.py took 0.237 seconds
[2024-07-23T01:58:51.850+0000] {processor.py:161} INFO - Started process (PID=144) to work on /home/airflow/.local/lib/python3.12/site-packages/airflow/example_dags/example_branch_python_dop_operator_3.py
[2024-07-23T01:58:51.852+0000] {processor.py:830} INFO - Processing file /home/airflow/.local/lib/python3.12/site-packages/airflow/example_dags/example_branch_python_dop_operator_3.py for tasks to queue
[2024-07-23T01:58:51.854+0000] {logging_mixin.py:188} INFO - [2024-07-23T01:58:51.854+0000] {dagbag.py:545} INFO - Filling up the DagBag from /home/airflow/.local/lib/python3.12/site-packages/airflow/example_dags/example_branch_python_dop_operator_3.py
[2024-07-23T01:58:51.863+0000] {processor.py:840} INFO - DAG(s) 'example_branch_dop_operator_v3' retrieved from /home/airflow/.local/lib/python3.12/site-packages/airflow/example_dags/example_branch_python_dop_operator_3.py
[2024-07-23T01:58:51.883+0000] {logging_mixin.py:188} INFO - [2024-07-23T01:58:51.883+0000] {dag.py:3089} INFO - Sync 1 DAGs
[2024-07-23T01:58:51.907+0000] {logging_mixin.py:188} INFO - [2024-07-23T01:58:51.906+0000] {dag.py:3947} INFO - Setting next_dagrun for example_branch_dop_operator_v3 to 2024-07-23 01:57:00+00:00, run_after=2024-07-23 01:58:00+00:00
[2024-07-23T01:58:51.928+0000] {processor.py:183} INFO - Processing /home/airflow/.local/lib/python3.12/site-packages/airflow/example_dags/example_branch_python_dop_operator_3.py took 0.083 seconds
[2024-07-23T01:59:22.174+0000] {processor.py:161} INFO - Started process (PID=201) to work on /home/airflow/.local/lib/python3.12/site-packages/airflow/example_dags/example_branch_python_dop_operator_3.py
[2024-07-23T01:59:22.175+0000] {processor.py:830} INFO - Processing file /home/airflow/.local/lib/python3.12/site-packages/airflow/example_dags/example_branch_python_dop_operator_3.py for tasks to queue
[2024-07-23T01:59:22.178+0000] {logging_mixin.py:188} INFO - [2024-07-23T01:59:22.177+0000] {dagbag.py:545} INFO - Filling up the DagBag from /home/airflow/.local/lib/python3.12/site-packages/airflow/example_dags/example_branch_python_dop_operator_3.py
[2024-07-23T01:59:22.191+0000] {processor.py:840} INFO - DAG(s) 'example_branch_dop_operator_v3' retrieved from /home/airflow/.local/lib/python3.12/site-packages/airflow/example_dags/example_branch_python_dop_operator_3.py
[2024-07-23T01:59:22.224+0000] {logging_mixin.py:188} INFO - [2024-07-23T01:59:22.223+0000] {dag.py:3089} INFO - Sync 1 DAGs
[2024-07-23T01:59:22.259+0000] {logging_mixin.py:188} INFO - [2024-07-23T01:59:22.259+0000] {dag.py:3947} INFO - Setting next_dagrun for example_branch_dop_operator_v3 to 2024-07-23 01:58:00+00:00, run_after=2024-07-23 01:59:00+00:00
[2024-07-23T01:59:22.287+0000] {processor.py:183} INFO - Processing /home/airflow/.local/lib/python3.12/site-packages/airflow/example_dags/example_branch_python_dop_operator_3.py took 0.121 seconds
[2024-07-23T01:59:52.564+0000] {processor.py:161} INFO - Started process (PID=259) to work on /home/airflow/.local/lib/python3.12/site-packages/airflow/example_dags/example_branch_python_dop_operator_3.py
[2024-07-23T01:59:52.566+0000] {processor.py:830} INFO - Processing file /home/airflow/.local/lib/python3.12/site-packages/airflow/example_dags/example_branch_python_dop_operator_3.py for tasks to queue
[2024-07-23T01:59:52.567+0000] {logging_mixin.py:188} INFO - [2024-07-23T01:59:52.567+0000] {dagbag.py:545} INFO - Filling up the DagBag from /home/airflow/.local/lib/python3.12/site-packages/airflow/example_dags/example_branch_python_dop_operator_3.py
[2024-07-23T01:59:52.577+0000] {processor.py:840} INFO - DAG(s) 'example_branch_dop_operator_v3' retrieved from /home/airflow/.local/lib/python3.12/site-packages/airflow/example_dags/example_branch_python_dop_operator_3.py
[2024-07-23T01:59:52.602+0000] {logging_mixin.py:188} INFO - [2024-07-23T01:59:52.602+0000] {dag.py:3089} INFO - Sync 1 DAGs
[2024-07-23T01:59:52.635+0000] {logging_mixin.py:188} INFO - [2024-07-23T01:59:52.634+0000] {dag.py:3947} INFO - Setting next_dagrun for example_branch_dop_operator_v3 to 2024-07-23 01:58:00+00:00, run_after=2024-07-23 01:59:00+00:00
[2024-07-23T01:59:52.665+0000] {processor.py:183} INFO - Processing /home/airflow/.local/lib/python3.12/site-packages/airflow/example_dags/example_branch_python_dop_operator_3.py took 0.108 seconds
[2024-07-23T02:00:22.843+0000] {processor.py:161} INFO - Started process (PID=317) to work on /home/airflow/.local/lib/python3.12/site-packages/airflow/example_dags/example_branch_python_dop_operator_3.py
[2024-07-23T02:00:22.844+0000] {processor.py:830} INFO - Processing file /home/airflow/.local/lib/python3.12/site-packages/airflow/example_dags/example_branch_python_dop_operator_3.py for tasks to queue
[2024-07-23T02:00:22.846+0000] {logging_mixin.py:188} INFO - [2024-07-23T02:00:22.846+0000] {dagbag.py:545} INFO - Filling up the DagBag from /home/airflow/.local/lib/python3.12/site-packages/airflow/example_dags/example_branch_python_dop_operator_3.py
[2024-07-23T02:00:22.857+0000] {processor.py:840} INFO - DAG(s) 'example_branch_dop_operator_v3' retrieved from /home/airflow/.local/lib/python3.12/site-packages/airflow/example_dags/example_branch_python_dop_operator_3.py
[2024-07-23T02:00:22.879+0000] {logging_mixin.py:188} INFO - [2024-07-23T02:00:22.879+0000] {dag.py:3089} INFO - Sync 1 DAGs
[2024-07-23T02:00:22.916+0000] {logging_mixin.py:188} INFO - [2024-07-23T02:00:22.915+0000] {dag.py:3947} INFO - Setting next_dagrun for example_branch_dop_operator_v3 to 2024-07-23 01:59:00+00:00, run_after=2024-07-23 02:00:00+00:00
[2024-07-23T02:00:22.937+0000] {processor.py:183} INFO - Processing /home/airflow/.local/lib/python3.12/site-packages/airflow/example_dags/example_branch_python_dop_operator_3.py took 0.102 seconds
[2024-07-23T02:00:53.259+0000] {processor.py:161} INFO - Started process (PID=374) to work on /home/airflow/.local/lib/python3.12/site-packages/airflow/example_dags/example_branch_python_dop_operator_3.py
[2024-07-23T02:00:53.260+0000] {processor.py:830} INFO - Processing file /home/airflow/.local/lib/python3.12/site-packages/airflow/example_dags/example_branch_python_dop_operator_3.py for tasks to queue
[2024-07-23T02:00:53.262+0000] {logging_mixin.py:188} INFO - [2024-07-23T02:00:53.262+0000] {dagbag.py:545} INFO - Filling up the DagBag from /home/airflow/.local/lib/python3.12/site-packages/airflow/example_dags/example_branch_python_dop_operator_3.py
[2024-07-23T02:00:53.272+0000] {processor.py:840} INFO - DAG(s) 'example_branch_dop_operator_v3' retrieved from /home/airflow/.local/lib/python3.12/site-packages/airflow/example_dags/example_branch_python_dop_operator_3.py
[2024-07-23T02:00:53.299+0000] {logging_mixin.py:188} INFO - [2024-07-23T02:00:53.298+0000] {dag.py:3089} INFO - Sync 1 DAGs
[2024-07-23T02:00:53.333+0000] {logging_mixin.py:188} INFO - [2024-07-23T02:00:53.332+0000] {dag.py:3947} INFO - Setting next_dagrun for example_branch_dop_operator_v3 to 2024-07-23 01:59:00+00:00, run_after=2024-07-23 02:00:00+00:00
[2024-07-23T02:00:53.358+0000] {processor.py:183} INFO - Processing /home/airflow/.local/lib/python3.12/site-packages/airflow/example_dags/example_branch_python_dop_operator_3.py took 0.106 seconds
[2024-07-23T02:01:24.157+0000] {processor.py:161} INFO - Started process (PID=431) to work on /home/airflow/.local/lib/python3.12/site-packages/airflow/example_dags/example_branch_python_dop_operator_3.py
[2024-07-23T02:01:24.158+0000] {processor.py:830} INFO - Processing file /home/airflow/.local/lib/python3.12/site-packages/airflow/example_dags/example_branch_python_dop_operator_3.py for tasks to queue
[2024-07-23T02:01:24.161+0000] {logging_mixin.py:188} INFO - [2024-07-23T02:01:24.160+0000] {dagbag.py:545} INFO - Filling up the DagBag from /home/airflow/.local/lib/python3.12/site-packages/airflow/example_dags/example_branch_python_dop_operator_3.py
[2024-07-23T02:01:24.175+0000] {processor.py:840} INFO - DAG(s) 'example_branch_dop_operator_v3' retrieved from /home/airflow/.local/lib/python3.12/site-packages/airflow/example_dags/example_branch_python_dop_operator_3.py
[2024-07-23T02:01:24.211+0000] {logging_mixin.py:188} INFO - [2024-07-23T02:01:24.211+0000] {dag.py:3089} INFO - Sync 1 DAGs
[2024-07-23T02:01:24.269+0000] {logging_mixin.py:188} INFO - [2024-07-23T02:01:24.269+0000] {dag.py:3947} INFO - Setting next_dagrun for example_branch_dop_operator_v3 to 2024-07-23 02:00:00+00:00, run_after=2024-07-23 02:01:00+00:00
[2024-07-23T02:01:24.324+0000] {processor.py:183} INFO - Processing /home/airflow/.local/lib/python3.12/site-packages/airflow/example_dags/example_branch_python_dop_operator_3.py took 0.177 seconds
[2024-07-23T02:01:54.464+0000] {processor.py:161} INFO - Started process (PID=488) to work on /home/airflow/.local/lib/python3.12/site-packages/airflow/example_dags/example_branch_python_dop_operator_3.py
[2024-07-23T02:01:54.465+0000] {processor.py:830} INFO - Processing file /home/airflow/.local/lib/python3.12/site-packages/airflow/example_dags/example_branch_python_dop_operator_3.py for tasks to queue
[2024-07-23T02:01:54.467+0000] {logging_mixin.py:188} INFO - [2024-07-23T02:01:54.467+0000] {dagbag.py:545} INFO - Filling up the DagBag from /home/airflow/.local/lib/python3.12/site-packages/airflow/example_dags/example_branch_python_dop_operator_3.py
[2024-07-23T02:01:54.478+0000] {processor.py:840} INFO - DAG(s) 'example_branch_dop_operator_v3' retrieved from /home/airflow/.local/lib/python3.12/site-packages/airflow/example_dags/example_branch_python_dop_operator_3.py
[2024-07-23T02:01:54.506+0000] {logging_mixin.py:188} INFO - [2024-07-23T02:01:54.506+0000] {dag.py:3089} INFO - Sync 1 DAGs
[2024-07-23T02:01:54.538+0000] {logging_mixin.py:188} INFO - [2024-07-23T02:01:54.537+0000] {dag.py:3947} INFO - Setting next_dagrun for example_branch_dop_operator_v3 to 2024-07-23 02:00:00+00:00, run_after=2024-07-23 02:01:00+00:00
[2024-07-23T02:01:54.565+0000] {processor.py:183} INFO - Processing /home/airflow/.local/lib/python3.12/site-packages/airflow/example_dags/example_branch_python_dop_operator_3.py took 0.108 seconds
[2024-07-23T02:02:24.670+0000] {processor.py:161} INFO - Started process (PID=547) to work on /home/airflow/.local/lib/python3.12/site-packages/airflow/example_dags/example_branch_python_dop_operator_3.py
[2024-07-23T02:02:24.672+0000] {processor.py:830} INFO - Processing file /home/airflow/.local/lib/python3.12/site-packages/airflow/example_dags/example_branch_python_dop_operator_3.py for tasks to queue
[2024-07-23T02:02:24.674+0000] {logging_mixin.py:188} INFO - [2024-07-23T02:02:24.674+0000] {dagbag.py:545} INFO - Filling up the DagBag from /home/airflow/.local/lib/python3.12/site-packages/airflow/example_dags/example_branch_python_dop_operator_3.py
[2024-07-23T02:02:24.684+0000] {processor.py:840} INFO - DAG(s) 'example_branch_dop_operator_v3' retrieved from /home/airflow/.local/lib/python3.12/site-packages/airflow/example_dags/example_branch_python_dop_operator_3.py
[2024-07-23T02:02:24.713+0000] {logging_mixin.py:188} INFO - [2024-07-23T02:02:24.712+0000] {dag.py:3089} INFO - Sync 1 DAGs
[2024-07-23T02:02:24.755+0000] {logging_mixin.py:188} INFO - [2024-07-23T02:02:24.754+0000] {dag.py:3947} INFO - Setting next_dagrun for example_branch_dop_operator_v3 to 2024-07-23 02:01:00+00:00, run_after=2024-07-23 02:02:00+00:00
[2024-07-23T02:02:24.793+0000] {processor.py:183} INFO - Processing /home/airflow/.local/lib/python3.12/site-packages/airflow/example_dags/example_branch_python_dop_operator_3.py took 0.129 seconds
[2024-07-23T02:02:55.286+0000] {processor.py:161} INFO - Started process (PID=606) to work on /home/airflow/.local/lib/python3.12/site-packages/airflow/example_dags/example_branch_python_dop_operator_3.py
[2024-07-23T02:02:55.288+0000] {processor.py:830} INFO - Processing file /home/airflow/.local/lib/python3.12/site-packages/airflow/example_dags/example_branch_python_dop_operator_3.py for tasks to queue
[2024-07-23T02:02:55.291+0000] {logging_mixin.py:188} INFO - [2024-07-23T02:02:55.291+0000] {dagbag.py:545} INFO - Filling up the DagBag from /home/airflow/.local/lib/python3.12/site-packages/airflow/example_dags/example_branch_python_dop_operator_3.py
[2024-07-23T02:02:55.305+0000] {processor.py:840} INFO - DAG(s) 'example_branch_dop_operator_v3' retrieved from /home/airflow/.local/lib/python3.12/site-packages/airflow/example_dags/example_branch_python_dop_operator_3.py
[2024-07-23T02:02:55.337+0000] {logging_mixin.py:188} INFO - [2024-07-23T02:02:55.337+0000] {dag.py:3089} INFO - Sync 1 DAGs
[2024-07-23T02:02:55.380+0000] {logging_mixin.py:188} INFO - [2024-07-23T02:02:55.380+0000] {dag.py:3947} INFO - Setting next_dagrun for example_branch_dop_operator_v3 to 2024-07-23 02:01:00+00:00, run_after=2024-07-23 02:02:00+00:00
[2024-07-23T02:02:55.416+0000] {processor.py:183} INFO - Processing /home/airflow/.local/lib/python3.12/site-packages/airflow/example_dags/example_branch_python_dop_operator_3.py took 0.140 seconds
[2024-07-23T02:03:26.377+0000] {processor.py:161} INFO - Started process (PID=666) to work on /home/airflow/.local/lib/python3.12/site-packages/airflow/example_dags/example_branch_python_dop_operator_3.py
[2024-07-23T02:03:26.379+0000] {processor.py:830} INFO - Processing file /home/airflow/.local/lib/python3.12/site-packages/airflow/example_dags/example_branch_python_dop_operator_3.py for tasks to queue
[2024-07-23T02:03:26.382+0000] {logging_mixin.py:188} INFO - [2024-07-23T02:03:26.382+0000] {dagbag.py:545} INFO - Filling up the DagBag from /home/airflow/.local/lib/python3.12/site-packages/airflow/example_dags/example_branch_python_dop_operator_3.py
[2024-07-23T02:03:26.397+0000] {processor.py:840} INFO - DAG(s) 'example_branch_dop_operator_v3' retrieved from /home/airflow/.local/lib/python3.12/site-packages/airflow/example_dags/example_branch_python_dop_operator_3.py
[2024-07-23T02:03:26.430+0000] {logging_mixin.py:188} INFO - [2024-07-23T02:03:26.429+0000] {dag.py:3089} INFO - Sync 1 DAGs
[2024-07-23T02:03:26.472+0000] {logging_mixin.py:188} INFO - [2024-07-23T02:03:26.472+0000] {dag.py:3947} INFO - Setting next_dagrun for example_branch_dop_operator_v3 to 2024-07-23 02:02:00+00:00, run_after=2024-07-23 02:03:00+00:00
[2024-07-23T02:03:26.500+0000] {processor.py:183} INFO - Processing /home/airflow/.local/lib/python3.12/site-packages/airflow/example_dags/example_branch_python_dop_operator_3.py took 0.133 seconds
[2024-07-23T02:03:59.961+0000] {processor.py:161} INFO - Started process (PID=725) to work on /home/airflow/.local/lib/python3.12/site-packages/airflow/example_dags/example_branch_python_dop_operator_3.py
[2024-07-23T02:03:59.967+0000] {processor.py:830} INFO - Processing file /home/airflow/.local/lib/python3.12/site-packages/airflow/example_dags/example_branch_python_dop_operator_3.py for tasks to queue
[2024-07-23T02:03:59.982+0000] {logging_mixin.py:188} INFO - [2024-07-23T02:03:59.978+0000] {dagbag.py:545} INFO - Filling up the DagBag from /home/airflow/.local/lib/python3.12/site-packages/airflow/example_dags/example_branch_python_dop_operator_3.py
[2024-07-23T02:04:00.055+0000] {processor.py:840} INFO - DAG(s) 'example_branch_dop_operator_v3' retrieved from /home/airflow/.local/lib/python3.12/site-packages/airflow/example_dags/example_branch_python_dop_operator_3.py
[2024-07-23T02:04:00.212+0000] {logging_mixin.py:188} INFO - [2024-07-23T02:04:00.210+0000] {dag.py:3089} INFO - Sync 1 DAGs
[2024-07-23T02:04:00.430+0000] {logging_mixin.py:188} INFO - [2024-07-23T02:04:00.428+0000] {dag.py:3947} INFO - Setting next_dagrun for example_branch_dop_operator_v3 to 2024-07-23 02:03:00+00:00, run_after=2024-07-23 02:04:00+00:00
[2024-07-23T02:04:00.573+0000] {processor.py:183} INFO - Processing /home/airflow/.local/lib/python3.12/site-packages/airflow/example_dags/example_branch_python_dop_operator_3.py took 0.665 seconds
[2024-07-23T02:04:33.079+0000] {processor.py:161} INFO - Started process (PID=784) to work on /home/airflow/.local/lib/python3.12/site-packages/airflow/example_dags/example_branch_python_dop_operator_3.py
[2024-07-23T02:04:33.084+0000] {processor.py:830} INFO - Processing file /home/airflow/.local/lib/python3.12/site-packages/airflow/example_dags/example_branch_python_dop_operator_3.py for tasks to queue
[2024-07-23T02:04:33.093+0000] {logging_mixin.py:188} INFO - [2024-07-23T02:04:33.091+0000] {dagbag.py:545} INFO - Filling up the DagBag from /home/airflow/.local/lib/python3.12/site-packages/airflow/example_dags/example_branch_python_dop_operator_3.py
[2024-07-23T02:04:33.144+0000] {processor.py:840} INFO - DAG(s) 'example_branch_dop_operator_v3' retrieved from /home/airflow/.local/lib/python3.12/site-packages/airflow/example_dags/example_branch_python_dop_operator_3.py
[2024-07-23T02:04:33.258+0000] {logging_mixin.py:188} INFO - [2024-07-23T02:04:33.257+0000] {dag.py:3089} INFO - Sync 1 DAGs
[2024-07-23T02:04:33.418+0000] {logging_mixin.py:188} INFO - [2024-07-23T02:04:33.416+0000] {dag.py:3947} INFO - Setting next_dagrun for example_branch_dop_operator_v3 to 2024-07-23 02:03:00+00:00, run_after=2024-07-23 02:04:00+00:00
[2024-07-23T02:04:33.539+0000] {processor.py:183} INFO - Processing /home/airflow/.local/lib/python3.12/site-packages/airflow/example_dags/example_branch_python_dop_operator_3.py took 0.495 seconds
[2024-07-23T02:05:04.336+0000] {processor.py:161} INFO - Started process (PID=843) to work on /home/airflow/.local/lib/python3.12/site-packages/airflow/example_dags/example_branch_python_dop_operator_3.py
[2024-07-23T02:05:04.340+0000] {processor.py:830} INFO - Processing file /home/airflow/.local/lib/python3.12/site-packages/airflow/example_dags/example_branch_python_dop_operator_3.py for tasks to queue
[2024-07-23T02:05:04.351+0000] {logging_mixin.py:188} INFO - [2024-07-23T02:05:04.349+0000] {dagbag.py:545} INFO - Filling up the DagBag from /home/airflow/.local/lib/python3.12/site-packages/airflow/example_dags/example_branch_python_dop_operator_3.py
[2024-07-23T02:05:04.397+0000] {processor.py:840} INFO - DAG(s) 'example_branch_dop_operator_v3' retrieved from /home/airflow/.local/lib/python3.12/site-packages/airflow/example_dags/example_branch_python_dop_operator_3.py
[2024-07-23T02:05:04.501+0000] {logging_mixin.py:188} INFO - [2024-07-23T02:05:04.499+0000] {dag.py:3089} INFO - Sync 1 DAGs
[2024-07-23T02:05:04.718+0000] {logging_mixin.py:188} INFO - [2024-07-23T02:05:04.716+0000] {dag.py:3947} INFO - Setting next_dagrun for example_branch_dop_operator_v3 to 2024-07-23 02:04:00+00:00, run_after=2024-07-23 02:05:00+00:00
[2024-07-23T02:05:04.855+0000] {processor.py:183} INFO - Processing /home/airflow/.local/lib/python3.12/site-packages/airflow/example_dags/example_branch_python_dop_operator_3.py took 0.559 seconds
[2024-07-23T02:05:36.446+0000] {processor.py:161} INFO - Started process (PID=902) to work on /home/airflow/.local/lib/python3.12/site-packages/airflow/example_dags/example_branch_python_dop_operator_3.py
[2024-07-23T02:05:36.452+0000] {processor.py:830} INFO - Processing file /home/airflow/.local/lib/python3.12/site-packages/airflow/example_dags/example_branch_python_dop_operator_3.py for tasks to queue
[2024-07-23T02:05:36.463+0000] {logging_mixin.py:188} INFO - [2024-07-23T02:05:36.461+0000] {dagbag.py:545} INFO - Filling up the DagBag from /home/airflow/.local/lib/python3.12/site-packages/airflow/example_dags/example_branch_python_dop_operator_3.py
[2024-07-23T02:05:36.519+0000] {processor.py:840} INFO - DAG(s) 'example_branch_dop_operator_v3' retrieved from /home/airflow/.local/lib/python3.12/site-packages/airflow/example_dags/example_branch_python_dop_operator_3.py
[2024-07-23T02:05:36.656+0000] {logging_mixin.py:188} INFO - [2024-07-23T02:05:36.654+0000] {dag.py:3089} INFO - Sync 1 DAGs
[2024-07-23T02:05:36.796+0000] {logging_mixin.py:188} INFO - [2024-07-23T02:05:36.795+0000] {dag.py:3947} INFO - Setting next_dagrun for example_branch_dop_operator_v3 to 2024-07-23 02:04:00+00:00, run_after=2024-07-23 02:05:00+00:00
[2024-07-23T02:05:36.893+0000] {processor.py:183} INFO - Processing /home/airflow/.local/lib/python3.12/site-packages/airflow/example_dags/example_branch_python_dop_operator_3.py took 0.490 seconds
[2024-07-23T02:06:07.313+0000] {processor.py:161} INFO - Started process (PID=961) to work on /home/airflow/.local/lib/python3.12/site-packages/airflow/example_dags/example_branch_python_dop_operator_3.py
[2024-07-23T02:06:07.314+0000] {processor.py:830} INFO - Processing file /home/airflow/.local/lib/python3.12/site-packages/airflow/example_dags/example_branch_python_dop_operator_3.py for tasks to queue
[2024-07-23T02:06:07.316+0000] {logging_mixin.py:188} INFO - [2024-07-23T02:06:07.316+0000] {dagbag.py:545} INFO - Filling up the DagBag from /home/airflow/.local/lib/python3.12/site-packages/airflow/example_dags/example_branch_python_dop_operator_3.py
[2024-07-23T02:06:07.330+0000] {processor.py:840} INFO - DAG(s) 'example_branch_dop_operator_v3' retrieved from /home/airflow/.local/lib/python3.12/site-packages/airflow/example_dags/example_branch_python_dop_operator_3.py
[2024-07-23T02:06:07.358+0000] {logging_mixin.py:188} INFO - [2024-07-23T02:06:07.358+0000] {dag.py:3089} INFO - Sync 1 DAGs
[2024-07-23T02:06:07.393+0000] {logging_mixin.py:188} INFO - [2024-07-23T02:06:07.392+0000] {dag.py:3947} INFO - Setting next_dagrun for example_branch_dop_operator_v3 to 2024-07-23 02:05:00+00:00, run_after=2024-07-23 02:06:00+00:00
[2024-07-23T02:06:07.417+0000] {processor.py:183} INFO - Processing /home/airflow/.local/lib/python3.12/site-packages/airflow/example_dags/example_branch_python_dop_operator_3.py took 0.111 seconds
[2024-07-23T02:06:37.881+0000] {processor.py:161} INFO - Started process (PID=1020) to work on /home/airflow/.local/lib/python3.12/site-packages/airflow/example_dags/example_branch_python_dop_operator_3.py
[2024-07-23T02:06:37.887+0000] {processor.py:830} INFO - Processing file /home/airflow/.local/lib/python3.12/site-packages/airflow/example_dags/example_branch_python_dop_operator_3.py for tasks to queue
[2024-07-23T02:06:37.888+0000] {logging_mixin.py:188} INFO - [2024-07-23T02:06:37.888+0000] {dagbag.py:545} INFO - Filling up the DagBag from /home/airflow/.local/lib/python3.12/site-packages/airflow/example_dags/example_branch_python_dop_operator_3.py
[2024-07-23T02:06:37.899+0000] {processor.py:840} INFO - DAG(s) 'example_branch_dop_operator_v3' retrieved from /home/airflow/.local/lib/python3.12/site-packages/airflow/example_dags/example_branch_python_dop_operator_3.py
[2024-07-23T02:06:37.922+0000] {logging_mixin.py:188} INFO - [2024-07-23T02:06:37.922+0000] {dag.py:3089} INFO - Sync 1 DAGs
[2024-07-23T02:06:37.949+0000] {logging_mixin.py:188} INFO - [2024-07-23T02:06:37.949+0000] {dag.py:3947} INFO - Setting next_dagrun for example_branch_dop_operator_v3 to 2024-07-23 02:05:00+00:00, run_after=2024-07-23 02:06:00+00:00
[2024-07-23T02:06:37.970+0000] {processor.py:183} INFO - Processing /home/airflow/.local/lib/python3.12/site-packages/airflow/example_dags/example_branch_python_dop_operator_3.py took 0.097 seconds
[2024-07-23T02:07:08.144+0000] {processor.py:161} INFO - Started process (PID=1079) to work on /home/airflow/.local/lib/python3.12/site-packages/airflow/example_dags/example_branch_python_dop_operator_3.py
[2024-07-23T02:07:08.145+0000] {processor.py:830} INFO - Processing file /home/airflow/.local/lib/python3.12/site-packages/airflow/example_dags/example_branch_python_dop_operator_3.py for tasks to queue
[2024-07-23T02:07:08.147+0000] {logging_mixin.py:188} INFO - [2024-07-23T02:07:08.147+0000] {dagbag.py:545} INFO - Filling up the DagBag from /home/airflow/.local/lib/python3.12/site-packages/airflow/example_dags/example_branch_python_dop_operator_3.py
[2024-07-23T02:07:08.157+0000] {processor.py:840} INFO - DAG(s) 'example_branch_dop_operator_v3' retrieved from /home/airflow/.local/lib/python3.12/site-packages/airflow/example_dags/example_branch_python_dop_operator_3.py
[2024-07-23T02:07:08.178+0000] {logging_mixin.py:188} INFO - [2024-07-23T02:07:08.178+0000] {dag.py:3089} INFO - Sync 1 DAGs
[2024-07-23T02:07:08.202+0000] {logging_mixin.py:188} INFO - [2024-07-23T02:07:08.202+0000] {dag.py:3947} INFO - Setting next_dagrun for example_branch_dop_operator_v3 to 2024-07-23 02:06:00+00:00, run_after=2024-07-23 02:07:00+00:00
[2024-07-23T02:07:08.223+0000] {processor.py:183} INFO - Processing /home/airflow/.local/lib/python3.12/site-packages/airflow/example_dags/example_branch_python_dop_operator_3.py took 0.086 seconds
[2024-07-23T02:07:38.424+0000] {processor.py:161} INFO - Started process (PID=1138) to work on /home/airflow/.local/lib/python3.12/site-packages/airflow/example_dags/example_branch_python_dop_operator_3.py
[2024-07-23T02:07:38.425+0000] {processor.py:830} INFO - Processing file /home/airflow/.local/lib/python3.12/site-packages/airflow/example_dags/example_branch_python_dop_operator_3.py for tasks to queue
[2024-07-23T02:07:38.428+0000] {logging_mixin.py:188} INFO - [2024-07-23T02:07:38.427+0000] {dagbag.py:545} INFO - Filling up the DagBag from /home/airflow/.local/lib/python3.12/site-packages/airflow/example_dags/example_branch_python_dop_operator_3.py
[2024-07-23T02:07:38.439+0000] {processor.py:840} INFO - DAG(s) 'example_branch_dop_operator_v3' retrieved from /home/airflow/.local/lib/python3.12/site-packages/airflow/example_dags/example_branch_python_dop_operator_3.py
[2024-07-23T02:07:38.469+0000] {logging_mixin.py:188} INFO - [2024-07-23T02:07:38.469+0000] {dag.py:3089} INFO - Sync 1 DAGs
[2024-07-23T02:07:38.509+0000] {logging_mixin.py:188} INFO - [2024-07-23T02:07:38.509+0000] {dag.py:3947} INFO - Setting next_dagrun for example_branch_dop_operator_v3 to 2024-07-23 02:06:00+00:00, run_after=2024-07-23 02:07:00+00:00
[2024-07-23T02:07:38.539+0000] {processor.py:183} INFO - Processing /home/airflow/.local/lib/python3.12/site-packages/airflow/example_dags/example_branch_python_dop_operator_3.py took 0.123 seconds
[2024-07-23T02:08:09.095+0000] {processor.py:161} INFO - Started process (PID=1198) to work on /home/airflow/.local/lib/python3.12/site-packages/airflow/example_dags/example_branch_python_dop_operator_3.py
[2024-07-23T02:08:09.096+0000] {processor.py:830} INFO - Processing file /home/airflow/.local/lib/python3.12/site-packages/airflow/example_dags/example_branch_python_dop_operator_3.py for tasks to queue
[2024-07-23T02:08:09.098+0000] {logging_mixin.py:188} INFO - [2024-07-23T02:08:09.097+0000] {dagbag.py:545} INFO - Filling up the DagBag from /home/airflow/.local/lib/python3.12/site-packages/airflow/example_dags/example_branch_python_dop_operator_3.py
[2024-07-23T02:08:09.109+0000] {processor.py:840} INFO - DAG(s) 'example_branch_dop_operator_v3' retrieved from /home/airflow/.local/lib/python3.12/site-packages/airflow/example_dags/example_branch_python_dop_operator_3.py
[2024-07-23T02:08:09.130+0000] {logging_mixin.py:188} INFO - [2024-07-23T02:08:09.130+0000] {dag.py:3089} INFO - Sync 1 DAGs
[2024-07-23T02:08:09.158+0000] {logging_mixin.py:188} INFO - [2024-07-23T02:08:09.157+0000] {dag.py:3947} INFO - Setting next_dagrun for example_branch_dop_operator_v3 to 2024-07-23 02:07:00+00:00, run_after=2024-07-23 02:08:00+00:00
[2024-07-23T02:08:09.177+0000] {processor.py:183} INFO - Processing /home/airflow/.local/lib/python3.12/site-packages/airflow/example_dags/example_branch_python_dop_operator_3.py took 0.090 seconds
[2024-07-23T02:08:39.900+0000] {processor.py:161} INFO - Started process (PID=1256) to work on /home/airflow/.local/lib/python3.12/site-packages/airflow/example_dags/example_branch_python_dop_operator_3.py
[2024-07-23T02:08:39.901+0000] {processor.py:830} INFO - Processing file /home/airflow/.local/lib/python3.12/site-packages/airflow/example_dags/example_branch_python_dop_operator_3.py for tasks to queue
[2024-07-23T02:08:39.904+0000] {logging_mixin.py:188} INFO - [2024-07-23T02:08:39.903+0000] {dagbag.py:545} INFO - Filling up the DagBag from /home/airflow/.local/lib/python3.12/site-packages/airflow/example_dags/example_branch_python_dop_operator_3.py
[2024-07-23T02:08:39.914+0000] {processor.py:840} INFO - DAG(s) 'example_branch_dop_operator_v3' retrieved from /home/airflow/.local/lib/python3.12/site-packages/airflow/example_dags/example_branch_python_dop_operator_3.py
[2024-07-23T02:08:39.940+0000] {logging_mixin.py:188} INFO - [2024-07-23T02:08:39.940+0000] {dag.py:3089} INFO - Sync 1 DAGs
[2024-07-23T02:08:39.972+0000] {logging_mixin.py:188} INFO - [2024-07-23T02:08:39.972+0000] {dag.py:3947} INFO - Setting next_dagrun for example_branch_dop_operator_v3 to 2024-07-23 02:07:00+00:00, run_after=2024-07-23 02:08:00+00:00
[2024-07-23T02:08:40.007+0000] {processor.py:183} INFO - Processing /home/airflow/.local/lib/python3.12/site-packages/airflow/example_dags/example_branch_python_dop_operator_3.py took 0.115 seconds
[2024-07-23T02:09:10.735+0000] {processor.py:161} INFO - Started process (PID=1315) to work on /home/airflow/.local/lib/python3.12/site-packages/airflow/example_dags/example_branch_python_dop_operator_3.py
[2024-07-23T02:09:10.736+0000] {processor.py:830} INFO - Processing file /home/airflow/.local/lib/python3.12/site-packages/airflow/example_dags/example_branch_python_dop_operator_3.py for tasks to queue
[2024-07-23T02:09:10.738+0000] {logging_mixin.py:188} INFO - [2024-07-23T02:09:10.738+0000] {dagbag.py:545} INFO - Filling up the DagBag from /home/airflow/.local/lib/python3.12/site-packages/airflow/example_dags/example_branch_python_dop_operator_3.py
[2024-07-23T02:09:10.748+0000] {processor.py:840} INFO - DAG(s) 'example_branch_dop_operator_v3' retrieved from /home/airflow/.local/lib/python3.12/site-packages/airflow/example_dags/example_branch_python_dop_operator_3.py
[2024-07-23T02:09:10.772+0000] {logging_mixin.py:188} INFO - [2024-07-23T02:09:10.772+0000] {dag.py:3089} INFO - Sync 1 DAGs
[2024-07-23T02:09:10.801+0000] {logging_mixin.py:188} INFO - [2024-07-23T02:09:10.801+0000] {dag.py:3947} INFO - Setting next_dagrun for example_branch_dop_operator_v3 to 2024-07-23 02:08:00+00:00, run_after=2024-07-23 02:09:00+00:00
[2024-07-23T02:09:10.825+0000] {processor.py:183} INFO - Processing /home/airflow/.local/lib/python3.12/site-packages/airflow/example_dags/example_branch_python_dop_operator_3.py took 0.096 seconds
[2024-07-23T02:09:41.145+0000] {processor.py:161} INFO - Started process (PID=1373) to work on /home/airflow/.local/lib/python3.12/site-packages/airflow/example_dags/example_branch_python_dop_operator_3.py
[2024-07-23T02:09:41.146+0000] {processor.py:830} INFO - Processing file /home/airflow/.local/lib/python3.12/site-packages/airflow/example_dags/example_branch_python_dop_operator_3.py for tasks to queue
[2024-07-23T02:09:41.148+0000] {logging_mixin.py:188} INFO - [2024-07-23T02:09:41.148+0000] {dagbag.py:545} INFO - Filling up the DagBag from /home/airflow/.local/lib/python3.12/site-packages/airflow/example_dags/example_branch_python_dop_operator_3.py
[2024-07-23T02:09:41.156+0000] {processor.py:840} INFO - DAG(s) 'example_branch_dop_operator_v3' retrieved from /home/airflow/.local/lib/python3.12/site-packages/airflow/example_dags/example_branch_python_dop_operator_3.py
[2024-07-23T02:09:41.177+0000] {logging_mixin.py:188} INFO - [2024-07-23T02:09:41.176+0000] {dag.py:3089} INFO - Sync 1 DAGs
[2024-07-23T02:09:41.202+0000] {logging_mixin.py:188} INFO - [2024-07-23T02:09:41.201+0000] {dag.py:3947} INFO - Setting next_dagrun for example_branch_dop_operator_v3 to 2024-07-23 02:08:00+00:00, run_after=2024-07-23 02:09:00+00:00
[2024-07-23T02:09:41.225+0000] {processor.py:183} INFO - Processing /home/airflow/.local/lib/python3.12/site-packages/airflow/example_dags/example_branch_python_dop_operator_3.py took 0.086 seconds
[2024-07-23T02:10:12.098+0000] {processor.py:161} INFO - Started process (PID=1432) to work on /home/airflow/.local/lib/python3.12/site-packages/airflow/example_dags/example_branch_python_dop_operator_3.py
[2024-07-23T02:10:12.100+0000] {processor.py:830} INFO - Processing file /home/airflow/.local/lib/python3.12/site-packages/airflow/example_dags/example_branch_python_dop_operator_3.py for tasks to queue
[2024-07-23T02:10:12.103+0000] {logging_mixin.py:188} INFO - [2024-07-23T02:10:12.102+0000] {dagbag.py:545} INFO - Filling up the DagBag from /home/airflow/.local/lib/python3.12/site-packages/airflow/example_dags/example_branch_python_dop_operator_3.py
[2024-07-23T02:10:12.120+0000] {processor.py:840} INFO - DAG(s) 'example_branch_dop_operator_v3' retrieved from /home/airflow/.local/lib/python3.12/site-packages/airflow/example_dags/example_branch_python_dop_operator_3.py
[2024-07-23T02:10:12.160+0000] {logging_mixin.py:188} INFO - [2024-07-23T02:10:12.159+0000] {dag.py:3089} INFO - Sync 1 DAGs
[2024-07-23T02:10:12.200+0000] {logging_mixin.py:188} INFO - [2024-07-23T02:10:12.199+0000] {dag.py:3947} INFO - Setting next_dagrun for example_branch_dop_operator_v3 to 2024-07-23 02:09:00+00:00, run_after=2024-07-23 02:10:00+00:00
[2024-07-23T02:10:12.229+0000] {processor.py:183} INFO - Processing /home/airflow/.local/lib/python3.12/site-packages/airflow/example_dags/example_branch_python_dop_operator_3.py took 0.142 seconds
[2024-07-23T02:10:43.161+0000] {processor.py:161} INFO - Started process (PID=1491) to work on /home/airflow/.local/lib/python3.12/site-packages/airflow/example_dags/example_branch_python_dop_operator_3.py
[2024-07-23T02:10:43.162+0000] {processor.py:830} INFO - Processing file /home/airflow/.local/lib/python3.12/site-packages/airflow/example_dags/example_branch_python_dop_operator_3.py for tasks to queue
[2024-07-23T02:10:43.164+0000] {logging_mixin.py:188} INFO - [2024-07-23T02:10:43.164+0000] {dagbag.py:545} INFO - Filling up the DagBag from /home/airflow/.local/lib/python3.12/site-packages/airflow/example_dags/example_branch_python_dop_operator_3.py
[2024-07-23T02:10:43.174+0000] {processor.py:840} INFO - DAG(s) 'example_branch_dop_operator_v3' retrieved from /home/airflow/.local/lib/python3.12/site-packages/airflow/example_dags/example_branch_python_dop_operator_3.py
[2024-07-23T02:10:43.200+0000] {logging_mixin.py:188} INFO - [2024-07-23T02:10:43.199+0000] {dag.py:3089} INFO - Sync 1 DAGs
[2024-07-23T02:10:43.233+0000] {logging_mixin.py:188} INFO - [2024-07-23T02:10:43.232+0000] {dag.py:3947} INFO - Setting next_dagrun for example_branch_dop_operator_v3 to 2024-07-23 02:09:00+00:00, run_after=2024-07-23 02:10:00+00:00
[2024-07-23T02:10:43.257+0000] {processor.py:183} INFO - Processing /home/airflow/.local/lib/python3.12/site-packages/airflow/example_dags/example_branch_python_dop_operator_3.py took 0.103 seconds
[2024-07-23T02:11:13.667+0000] {processor.py:161} INFO - Started process (PID=1549) to work on /home/airflow/.local/lib/python3.12/site-packages/airflow/example_dags/example_branch_python_dop_operator_3.py
[2024-07-23T02:11:13.668+0000] {processor.py:830} INFO - Processing file /home/airflow/.local/lib/python3.12/site-packages/airflow/example_dags/example_branch_python_dop_operator_3.py for tasks to queue
[2024-07-23T02:11:13.670+0000] {logging_mixin.py:188} INFO - [2024-07-23T02:11:13.669+0000] {dagbag.py:545} INFO - Filling up the DagBag from /home/airflow/.local/lib/python3.12/site-packages/airflow/example_dags/example_branch_python_dop_operator_3.py
[2024-07-23T02:11:13.679+0000] {processor.py:840} INFO - DAG(s) 'example_branch_dop_operator_v3' retrieved from /home/airflow/.local/lib/python3.12/site-packages/airflow/example_dags/example_branch_python_dop_operator_3.py
[2024-07-23T02:11:13.701+0000] {logging_mixin.py:188} INFO - [2024-07-23T02:11:13.701+0000] {dag.py:3089} INFO - Sync 1 DAGs
[2024-07-23T02:11:13.726+0000] {logging_mixin.py:188} INFO - [2024-07-23T02:11:13.726+0000] {dag.py:3947} INFO - Setting next_dagrun for example_branch_dop_operator_v3 to 2024-07-23 02:10:00+00:00, run_after=2024-07-23 02:11:00+00:00
[2024-07-23T02:11:13.750+0000] {processor.py:183} INFO - Processing /home/airflow/.local/lib/python3.12/site-packages/airflow/example_dags/example_branch_python_dop_operator_3.py took 0.090 seconds
[2024-07-23T02:11:43.812+0000] {processor.py:161} INFO - Started process (PID=1607) to work on /home/airflow/.local/lib/python3.12/site-packages/airflow/example_dags/example_branch_python_dop_operator_3.py
[2024-07-23T02:11:43.814+0000] {processor.py:830} INFO - Processing file /home/airflow/.local/lib/python3.12/site-packages/airflow/example_dags/example_branch_python_dop_operator_3.py for tasks to queue
[2024-07-23T02:11:43.816+0000] {logging_mixin.py:188} INFO - [2024-07-23T02:11:43.816+0000] {dagbag.py:545} INFO - Filling up the DagBag from /home/airflow/.local/lib/python3.12/site-packages/airflow/example_dags/example_branch_python_dop_operator_3.py
[2024-07-23T02:11:43.830+0000] {processor.py:840} INFO - DAG(s) 'example_branch_dop_operator_v3' retrieved from /home/airflow/.local/lib/python3.12/site-packages/airflow/example_dags/example_branch_python_dop_operator_3.py
[2024-07-23T02:11:43.860+0000] {logging_mixin.py:188} INFO - [2024-07-23T02:11:43.859+0000] {dag.py:3089} INFO - Sync 1 DAGs
[2024-07-23T02:11:43.894+0000] {logging_mixin.py:188} INFO - [2024-07-23T02:11:43.893+0000] {dag.py:3947} INFO - Setting next_dagrun for example_branch_dop_operator_v3 to 2024-07-23 02:10:00+00:00, run_after=2024-07-23 02:11:00+00:00
[2024-07-23T02:11:43.921+0000] {processor.py:183} INFO - Processing /home/airflow/.local/lib/python3.12/site-packages/airflow/example_dags/example_branch_python_dop_operator_3.py took 0.116 seconds
[2024-07-23T02:12:14.070+0000] {processor.py:161} INFO - Started process (PID=1666) to work on /home/airflow/.local/lib/python3.12/site-packages/airflow/example_dags/example_branch_python_dop_operator_3.py
[2024-07-23T02:12:14.071+0000] {processor.py:830} INFO - Processing file /home/airflow/.local/lib/python3.12/site-packages/airflow/example_dags/example_branch_python_dop_operator_3.py for tasks to queue
[2024-07-23T02:12:14.073+0000] {logging_mixin.py:188} INFO - [2024-07-23T02:12:14.073+0000] {dagbag.py:545} INFO - Filling up the DagBag from /home/airflow/.local/lib/python3.12/site-packages/airflow/example_dags/example_branch_python_dop_operator_3.py
[2024-07-23T02:12:14.082+0000] {processor.py:840} INFO - DAG(s) 'example_branch_dop_operator_v3' retrieved from /home/airflow/.local/lib/python3.12/site-packages/airflow/example_dags/example_branch_python_dop_operator_3.py
[2024-07-23T02:12:14.108+0000] {logging_mixin.py:188} INFO - [2024-07-23T02:12:14.107+0000] {dag.py:3089} INFO - Sync 1 DAGs
[2024-07-23T02:12:14.145+0000] {logging_mixin.py:188} INFO - [2024-07-23T02:12:14.145+0000] {dag.py:3947} INFO - Setting next_dagrun for example_branch_dop_operator_v3 to 2024-07-23 02:11:00+00:00, run_after=2024-07-23 02:12:00+00:00
[2024-07-23T02:12:14.174+0000] {processor.py:183} INFO - Processing /home/airflow/.local/lib/python3.12/site-packages/airflow/example_dags/example_branch_python_dop_operator_3.py took 0.110 seconds
[2024-07-23T02:12:44.439+0000] {processor.py:161} INFO - Started process (PID=1726) to work on /home/airflow/.local/lib/python3.12/site-packages/airflow/example_dags/example_branch_python_dop_operator_3.py
[2024-07-23T02:12:44.441+0000] {processor.py:830} INFO - Processing file /home/airflow/.local/lib/python3.12/site-packages/airflow/example_dags/example_branch_python_dop_operator_3.py for tasks to queue
[2024-07-23T02:12:44.443+0000] {logging_mixin.py:188} INFO - [2024-07-23T02:12:44.443+0000] {dagbag.py:545} INFO - Filling up the DagBag from /home/airflow/.local/lib/python3.12/site-packages/airflow/example_dags/example_branch_python_dop_operator_3.py
[2024-07-23T02:12:44.452+0000] {processor.py:840} INFO - DAG(s) 'example_branch_dop_operator_v3' retrieved from /home/airflow/.local/lib/python3.12/site-packages/airflow/example_dags/example_branch_python_dop_operator_3.py
[2024-07-23T02:12:44.475+0000] {logging_mixin.py:188} INFO - [2024-07-23T02:12:44.475+0000] {dag.py:3089} INFO - Sync 1 DAGs
[2024-07-23T02:12:44.502+0000] {logging_mixin.py:188} INFO - [2024-07-23T02:12:44.501+0000] {dag.py:3947} INFO - Setting next_dagrun for example_branch_dop_operator_v3 to 2024-07-23 02:11:00+00:00, run_after=2024-07-23 02:12:00+00:00
[2024-07-23T02:12:44.524+0000] {processor.py:183} INFO - Processing /home/airflow/.local/lib/python3.12/site-packages/airflow/example_dags/example_branch_python_dop_operator_3.py took 0.091 seconds
[2024-07-23T02:13:14.755+0000] {processor.py:161} INFO - Started process (PID=1785) to work on /home/airflow/.local/lib/python3.12/site-packages/airflow/example_dags/example_branch_python_dop_operator_3.py
[2024-07-23T02:13:14.756+0000] {processor.py:830} INFO - Processing file /home/airflow/.local/lib/python3.12/site-packages/airflow/example_dags/example_branch_python_dop_operator_3.py for tasks to queue
[2024-07-23T02:13:14.759+0000] {logging_mixin.py:188} INFO - [2024-07-23T02:13:14.758+0000] {dagbag.py:545} INFO - Filling up the DagBag from /home/airflow/.local/lib/python3.12/site-packages/airflow/example_dags/example_branch_python_dop_operator_3.py
[2024-07-23T02:13:14.771+0000] {processor.py:840} INFO - DAG(s) 'example_branch_dop_operator_v3' retrieved from /home/airflow/.local/lib/python3.12/site-packages/airflow/example_dags/example_branch_python_dop_operator_3.py
[2024-07-23T02:13:14.805+0000] {logging_mixin.py:188} INFO - [2024-07-23T02:13:14.804+0000] {dag.py:3089} INFO - Sync 1 DAGs
[2024-07-23T02:13:14.848+0000] {logging_mixin.py:188} INFO - [2024-07-23T02:13:14.848+0000] {dag.py:3947} INFO - Setting next_dagrun for example_branch_dop_operator_v3 to 2024-07-23 02:12:00+00:00, run_after=2024-07-23 02:13:00+00:00
[2024-07-23T02:13:14.879+0000] {processor.py:183} INFO - Processing /home/airflow/.local/lib/python3.12/site-packages/airflow/example_dags/example_branch_python_dop_operator_3.py took 0.133 seconds
[2024-07-23T02:13:45.430+0000] {processor.py:161} INFO - Started process (PID=1853) to work on /home/airflow/.local/lib/python3.12/site-packages/airflow/example_dags/example_branch_python_dop_operator_3.py
[2024-07-23T02:13:45.434+0000] {processor.py:830} INFO - Processing file /home/airflow/.local/lib/python3.12/site-packages/airflow/example_dags/example_branch_python_dop_operator_3.py for tasks to queue
[2024-07-23T02:13:45.438+0000] {logging_mixin.py:188} INFO - [2024-07-23T02:13:45.437+0000] {dagbag.py:545} INFO - Filling up the DagBag from /home/airflow/.local/lib/python3.12/site-packages/airflow/example_dags/example_branch_python_dop_operator_3.py
[2024-07-23T02:13:45.463+0000] {processor.py:840} INFO - DAG(s) 'example_branch_dop_operator_v3' retrieved from /home/airflow/.local/lib/python3.12/site-packages/airflow/example_dags/example_branch_python_dop_operator_3.py
[2024-07-23T02:13:45.518+0000] {logging_mixin.py:188} INFO - [2024-07-23T02:13:45.518+0000] {dag.py:3089} INFO - Sync 1 DAGs
[2024-07-23T02:13:45.606+0000] {logging_mixin.py:188} INFO - [2024-07-23T02:13:45.605+0000] {dag.py:3947} INFO - Setting next_dagrun for example_branch_dop_operator_v3 to 2024-07-23 02:12:00+00:00, run_after=2024-07-23 02:13:00+00:00
[2024-07-23T02:13:45.701+0000] {processor.py:183} INFO - Processing /home/airflow/.local/lib/python3.12/site-packages/airflow/example_dags/example_branch_python_dop_operator_3.py took 0.289 seconds
[2024-07-23T02:14:16.033+0000] {processor.py:161} INFO - Started process (PID=1912) to work on /home/airflow/.local/lib/python3.12/site-packages/airflow/example_dags/example_branch_python_dop_operator_3.py
[2024-07-23T02:14:16.049+0000] {processor.py:830} INFO - Processing file /home/airflow/.local/lib/python3.12/site-packages/airflow/example_dags/example_branch_python_dop_operator_3.py for tasks to queue
[2024-07-23T02:14:16.051+0000] {logging_mixin.py:188} INFO - [2024-07-23T02:14:16.051+0000] {dagbag.py:545} INFO - Filling up the DagBag from /home/airflow/.local/lib/python3.12/site-packages/airflow/example_dags/example_branch_python_dop_operator_3.py
[2024-07-23T02:14:16.061+0000] {processor.py:840} INFO - DAG(s) 'example_branch_dop_operator_v3' retrieved from /home/airflow/.local/lib/python3.12/site-packages/airflow/example_dags/example_branch_python_dop_operator_3.py
[2024-07-23T02:14:16.084+0000] {logging_mixin.py:188} INFO - [2024-07-23T02:14:16.084+0000] {dag.py:3089} INFO - Sync 1 DAGs
[2024-07-23T02:14:16.123+0000] {logging_mixin.py:188} INFO - [2024-07-23T02:14:16.123+0000] {dag.py:3947} INFO - Setting next_dagrun for example_branch_dop_operator_v3 to 2024-07-23 02:13:00+00:00, run_after=2024-07-23 02:14:00+00:00
[2024-07-23T02:14:16.152+0000] {processor.py:183} INFO - Processing /home/airflow/.local/lib/python3.12/site-packages/airflow/example_dags/example_branch_python_dop_operator_3.py took 0.127 seconds
[2024-07-23T02:14:46.881+0000] {processor.py:161} INFO - Started process (PID=1971) to work on /home/airflow/.local/lib/python3.12/site-packages/airflow/example_dags/example_branch_python_dop_operator_3.py
[2024-07-23T02:14:46.883+0000] {processor.py:830} INFO - Processing file /home/airflow/.local/lib/python3.12/site-packages/airflow/example_dags/example_branch_python_dop_operator_3.py for tasks to queue
[2024-07-23T02:14:46.885+0000] {logging_mixin.py:188} INFO - [2024-07-23T02:14:46.884+0000] {dagbag.py:545} INFO - Filling up the DagBag from /home/airflow/.local/lib/python3.12/site-packages/airflow/example_dags/example_branch_python_dop_operator_3.py
[2024-07-23T02:14:46.895+0000] {processor.py:840} INFO - DAG(s) 'example_branch_dop_operator_v3' retrieved from /home/airflow/.local/lib/python3.12/site-packages/airflow/example_dags/example_branch_python_dop_operator_3.py
[2024-07-23T02:14:46.921+0000] {logging_mixin.py:188} INFO - [2024-07-23T02:14:46.921+0000] {dag.py:3089} INFO - Sync 1 DAGs
[2024-07-23T02:14:47.137+0000] {logging_mixin.py:188} INFO - [2024-07-23T02:14:47.137+0000] {dag.py:3947} INFO - Setting next_dagrun for example_branch_dop_operator_v3 to 2024-07-23 02:13:00+00:00, run_after=2024-07-23 02:14:00+00:00
[2024-07-23T02:14:47.162+0000] {processor.py:183} INFO - Processing /home/airflow/.local/lib/python3.12/site-packages/airflow/example_dags/example_branch_python_dop_operator_3.py took 0.288 seconds
[2024-07-23T02:15:17.817+0000] {processor.py:161} INFO - Started process (PID=2030) to work on /home/airflow/.local/lib/python3.12/site-packages/airflow/example_dags/example_branch_python_dop_operator_3.py
[2024-07-23T02:15:17.820+0000] {processor.py:830} INFO - Processing file /home/airflow/.local/lib/python3.12/site-packages/airflow/example_dags/example_branch_python_dop_operator_3.py for tasks to queue
[2024-07-23T02:15:17.831+0000] {logging_mixin.py:188} INFO - [2024-07-23T02:15:17.828+0000] {dagbag.py:545} INFO - Filling up the DagBag from /home/airflow/.local/lib/python3.12/site-packages/airflow/example_dags/example_branch_python_dop_operator_3.py
[2024-07-23T02:15:17.870+0000] {processor.py:840} INFO - DAG(s) 'example_branch_dop_operator_v3' retrieved from /home/airflow/.local/lib/python3.12/site-packages/airflow/example_dags/example_branch_python_dop_operator_3.py
[2024-07-23T02:15:17.962+0000] {logging_mixin.py:188} INFO - [2024-07-23T02:15:17.962+0000] {dag.py:3089} INFO - Sync 1 DAGs
[2024-07-23T02:15:18.078+0000] {logging_mixin.py:188} INFO - [2024-07-23T02:15:18.077+0000] {dag.py:3947} INFO - Setting next_dagrun for example_branch_dop_operator_v3 to 2024-07-23 02:14:00+00:00, run_after=2024-07-23 02:15:00+00:00
[2024-07-23T02:15:18.572+0000] {processor.py:183} INFO - Processing /home/airflow/.local/lib/python3.12/site-packages/airflow/example_dags/example_branch_python_dop_operator_3.py took 0.781 seconds
[2024-07-23T02:15:49.104+0000] {processor.py:161} INFO - Started process (PID=2089) to work on /home/airflow/.local/lib/python3.12/site-packages/airflow/example_dags/example_branch_python_dop_operator_3.py
[2024-07-23T02:15:49.112+0000] {processor.py:830} INFO - Processing file /home/airflow/.local/lib/python3.12/site-packages/airflow/example_dags/example_branch_python_dop_operator_3.py for tasks to queue
[2024-07-23T02:15:49.126+0000] {logging_mixin.py:188} INFO - [2024-07-23T02:15:49.124+0000] {dagbag.py:545} INFO - Filling up the DagBag from /home/airflow/.local/lib/python3.12/site-packages/airflow/example_dags/example_branch_python_dop_operator_3.py
[2024-07-23T02:15:49.166+0000] {processor.py:840} INFO - DAG(s) 'example_branch_dop_operator_v3' retrieved from /home/airflow/.local/lib/python3.12/site-packages/airflow/example_dags/example_branch_python_dop_operator_3.py
[2024-07-23T02:15:49.268+0000] {logging_mixin.py:188} INFO - [2024-07-23T02:15:49.266+0000] {dag.py:3089} INFO - Sync 1 DAGs
[2024-07-23T02:15:49.426+0000] {logging_mixin.py:188} INFO - [2024-07-23T02:15:49.425+0000] {dag.py:3947} INFO - Setting next_dagrun for example_branch_dop_operator_v3 to 2024-07-23 02:14:00+00:00, run_after=2024-07-23 02:15:00+00:00
[2024-07-23T02:15:49.518+0000] {processor.py:183} INFO - Processing /home/airflow/.local/lib/python3.12/site-packages/airflow/example_dags/example_branch_python_dop_operator_3.py took 0.448 seconds
[2024-07-23T02:16:20.050+0000] {processor.py:161} INFO - Started process (PID=2147) to work on /home/airflow/.local/lib/python3.12/site-packages/airflow/example_dags/example_branch_python_dop_operator_3.py
[2024-07-23T02:16:20.055+0000] {processor.py:830} INFO - Processing file /home/airflow/.local/lib/python3.12/site-packages/airflow/example_dags/example_branch_python_dop_operator_3.py for tasks to queue
[2024-07-23T02:16:20.066+0000] {logging_mixin.py:188} INFO - [2024-07-23T02:16:20.065+0000] {dagbag.py:545} INFO - Filling up the DagBag from /home/airflow/.local/lib/python3.12/site-packages/airflow/example_dags/example_branch_python_dop_operator_3.py
[2024-07-23T02:16:20.109+0000] {processor.py:840} INFO - DAG(s) 'example_branch_dop_operator_v3' retrieved from /home/airflow/.local/lib/python3.12/site-packages/airflow/example_dags/example_branch_python_dop_operator_3.py
[2024-07-23T02:16:20.223+0000] {logging_mixin.py:188} INFO - [2024-07-23T02:16:20.221+0000] {dag.py:3089} INFO - Sync 1 DAGs
[2024-07-23T02:16:20.399+0000] {logging_mixin.py:188} INFO - [2024-07-23T02:16:20.398+0000] {dag.py:3947} INFO - Setting next_dagrun for example_branch_dop_operator_v3 to 2024-07-23 02:15:00+00:00, run_after=2024-07-23 02:16:00+00:00
[2024-07-23T02:16:20.494+0000] {processor.py:183} INFO - Processing /home/airflow/.local/lib/python3.12/site-packages/airflow/example_dags/example_branch_python_dop_operator_3.py took 0.479 seconds
[2024-07-23T02:16:51.554+0000] {processor.py:161} INFO - Started process (PID=2215) to work on /home/airflow/.local/lib/python3.12/site-packages/airflow/example_dags/example_branch_python_dop_operator_3.py
[2024-07-23T02:16:51.575+0000] {processor.py:830} INFO - Processing file /home/airflow/.local/lib/python3.12/site-packages/airflow/example_dags/example_branch_python_dop_operator_3.py for tasks to queue
[2024-07-23T02:16:51.585+0000] {logging_mixin.py:188} INFO - [2024-07-23T02:16:51.584+0000] {dagbag.py:545} INFO - Filling up the DagBag from /home/airflow/.local/lib/python3.12/site-packages/airflow/example_dags/example_branch_python_dop_operator_3.py
[2024-07-23T02:16:51.734+0000] {processor.py:840} INFO - DAG(s) 'example_branch_dop_operator_v3' retrieved from /home/airflow/.local/lib/python3.12/site-packages/airflow/example_dags/example_branch_python_dop_operator_3.py
[2024-07-23T02:16:51.896+0000] {logging_mixin.py:188} INFO - [2024-07-23T02:16:51.895+0000] {dag.py:3089} INFO - Sync 1 DAGs
[2024-07-23T02:16:52.290+0000] {logging_mixin.py:188} INFO - [2024-07-23T02:16:52.287+0000] {dag.py:3947} INFO - Setting next_dagrun for example_branch_dop_operator_v3 to 2024-07-23 02:15:00+00:00, run_after=2024-07-23 02:16:00+00:00
[2024-07-23T02:16:52.465+0000] {processor.py:183} INFO - Processing /home/airflow/.local/lib/python3.12/site-packages/airflow/example_dags/example_branch_python_dop_operator_3.py took 0.945 seconds
[2024-07-23T02:17:22.590+0000] {processor.py:161} INFO - Started process (PID=2274) to work on /home/airflow/.local/lib/python3.12/site-packages/airflow/example_dags/example_branch_python_dop_operator_3.py
[2024-07-23T02:17:22.593+0000] {processor.py:830} INFO - Processing file /home/airflow/.local/lib/python3.12/site-packages/airflow/example_dags/example_branch_python_dop_operator_3.py for tasks to queue
[2024-07-23T02:17:22.599+0000] {logging_mixin.py:188} INFO - [2024-07-23T02:17:22.598+0000] {dagbag.py:545} INFO - Filling up the DagBag from /home/airflow/.local/lib/python3.12/site-packages/airflow/example_dags/example_branch_python_dop_operator_3.py
[2024-07-23T02:17:22.636+0000] {processor.py:840} INFO - DAG(s) 'example_branch_dop_operator_v3' retrieved from /home/airflow/.local/lib/python3.12/site-packages/airflow/example_dags/example_branch_python_dop_operator_3.py
[2024-07-23T02:17:22.718+0000] {logging_mixin.py:188} INFO - [2024-07-23T02:17:22.717+0000] {dag.py:3089} INFO - Sync 1 DAGs
[2024-07-23T02:17:22.829+0000] {logging_mixin.py:188} INFO - [2024-07-23T02:17:22.828+0000] {dag.py:3947} INFO - Setting next_dagrun for example_branch_dop_operator_v3 to 2024-07-23 02:16:00+00:00, run_after=2024-07-23 02:17:00+00:00
[2024-07-23T02:17:22.908+0000] {processor.py:183} INFO - Processing /home/airflow/.local/lib/python3.12/site-packages/airflow/example_dags/example_branch_python_dop_operator_3.py took 0.344 seconds
[2024-07-23T02:17:53.333+0000] {processor.py:161} INFO - Started process (PID=2333) to work on /home/airflow/.local/lib/python3.12/site-packages/airflow/example_dags/example_branch_python_dop_operator_3.py
[2024-07-23T02:17:53.337+0000] {processor.py:830} INFO - Processing file /home/airflow/.local/lib/python3.12/site-packages/airflow/example_dags/example_branch_python_dop_operator_3.py for tasks to queue
[2024-07-23T02:17:53.346+0000] {logging_mixin.py:188} INFO - [2024-07-23T02:17:53.344+0000] {dagbag.py:545} INFO - Filling up the DagBag from /home/airflow/.local/lib/python3.12/site-packages/airflow/example_dags/example_branch_python_dop_operator_3.py
[2024-07-23T02:17:53.399+0000] {processor.py:840} INFO - DAG(s) 'example_branch_dop_operator_v3' retrieved from /home/airflow/.local/lib/python3.12/site-packages/airflow/example_dags/example_branch_python_dop_operator_3.py
[2024-07-23T02:17:53.500+0000] {logging_mixin.py:188} INFO - [2024-07-23T02:17:53.499+0000] {dag.py:3089} INFO - Sync 1 DAGs
[2024-07-23T02:17:53.660+0000] {logging_mixin.py:188} INFO - [2024-07-23T02:17:53.659+0000] {dag.py:3947} INFO - Setting next_dagrun for example_branch_dop_operator_v3 to 2024-07-23 02:16:00+00:00, run_after=2024-07-23 02:17:00+00:00
[2024-07-23T02:17:53.759+0000] {processor.py:183} INFO - Processing /home/airflow/.local/lib/python3.12/site-packages/airflow/example_dags/example_branch_python_dop_operator_3.py took 0.458 seconds
[2024-07-23T02:18:23.964+0000] {processor.py:161} INFO - Started process (PID=2392) to work on /home/airflow/.local/lib/python3.12/site-packages/airflow/example_dags/example_branch_python_dop_operator_3.py
[2024-07-23T02:18:23.968+0000] {processor.py:830} INFO - Processing file /home/airflow/.local/lib/python3.12/site-packages/airflow/example_dags/example_branch_python_dop_operator_3.py for tasks to queue
[2024-07-23T02:18:23.977+0000] {logging_mixin.py:188} INFO - [2024-07-23T02:18:23.975+0000] {dagbag.py:545} INFO - Filling up the DagBag from /home/airflow/.local/lib/python3.12/site-packages/airflow/example_dags/example_branch_python_dop_operator_3.py
[2024-07-23T02:18:24.028+0000] {processor.py:840} INFO - DAG(s) 'example_branch_dop_operator_v3' retrieved from /home/airflow/.local/lib/python3.12/site-packages/airflow/example_dags/example_branch_python_dop_operator_3.py
[2024-07-23T02:18:24.121+0000] {logging_mixin.py:188} INFO - [2024-07-23T02:18:24.120+0000] {dag.py:3089} INFO - Sync 1 DAGs
[2024-07-23T02:18:24.245+0000] {logging_mixin.py:188} INFO - [2024-07-23T02:18:24.244+0000] {dag.py:3947} INFO - Setting next_dagrun for example_branch_dop_operator_v3 to 2024-07-23 02:17:00+00:00, run_after=2024-07-23 02:18:00+00:00
[2024-07-23T02:18:24.336+0000] {processor.py:183} INFO - Processing /home/airflow/.local/lib/python3.12/site-packages/airflow/example_dags/example_branch_python_dop_operator_3.py took 0.408 seconds
[2024-07-23T02:18:54.727+0000] {processor.py:161} INFO - Started process (PID=2453) to work on /home/airflow/.local/lib/python3.12/site-packages/airflow/example_dags/example_branch_python_dop_operator_3.py
[2024-07-23T02:18:54.730+0000] {processor.py:830} INFO - Processing file /home/airflow/.local/lib/python3.12/site-packages/airflow/example_dags/example_branch_python_dop_operator_3.py for tasks to queue
[2024-07-23T02:18:54.738+0000] {logging_mixin.py:188} INFO - [2024-07-23T02:18:54.736+0000] {dagbag.py:545} INFO - Filling up the DagBag from /home/airflow/.local/lib/python3.12/site-packages/airflow/example_dags/example_branch_python_dop_operator_3.py
[2024-07-23T02:18:54.777+0000] {processor.py:840} INFO - DAG(s) 'example_branch_dop_operator_v3' retrieved from /home/airflow/.local/lib/python3.12/site-packages/airflow/example_dags/example_branch_python_dop_operator_3.py
[2024-07-23T02:18:54.862+0000] {logging_mixin.py:188} INFO - [2024-07-23T02:18:54.861+0000] {dag.py:3089} INFO - Sync 1 DAGs
[2024-07-23T02:18:54.972+0000] {logging_mixin.py:188} INFO - [2024-07-23T02:18:54.972+0000] {dag.py:3947} INFO - Setting next_dagrun for example_branch_dop_operator_v3 to 2024-07-23 02:17:00+00:00, run_after=2024-07-23 02:18:00+00:00
[2024-07-23T02:18:55.045+0000] {processor.py:183} INFO - Processing /home/airflow/.local/lib/python3.12/site-packages/airflow/example_dags/example_branch_python_dop_operator_3.py took 0.348 seconds
[2024-07-23T02:19:25.571+0000] {processor.py:161} INFO - Started process (PID=2512) to work on /home/airflow/.local/lib/python3.12/site-packages/airflow/example_dags/example_branch_python_dop_operator_3.py
[2024-07-23T02:19:25.574+0000] {processor.py:830} INFO - Processing file /home/airflow/.local/lib/python3.12/site-packages/airflow/example_dags/example_branch_python_dop_operator_3.py for tasks to queue
[2024-07-23T02:19:25.581+0000] {logging_mixin.py:188} INFO - [2024-07-23T02:19:25.580+0000] {dagbag.py:545} INFO - Filling up the DagBag from /home/airflow/.local/lib/python3.12/site-packages/airflow/example_dags/example_branch_python_dop_operator_3.py
[2024-07-23T02:19:25.618+0000] {processor.py:840} INFO - DAG(s) 'example_branch_dop_operator_v3' retrieved from /home/airflow/.local/lib/python3.12/site-packages/airflow/example_dags/example_branch_python_dop_operator_3.py
[2024-07-23T02:19:25.707+0000] {logging_mixin.py:188} INFO - [2024-07-23T02:19:25.706+0000] {dag.py:3089} INFO - Sync 1 DAGs
[2024-07-23T02:19:25.813+0000] {logging_mixin.py:188} INFO - [2024-07-23T02:19:25.812+0000] {dag.py:3947} INFO - Setting next_dagrun for example_branch_dop_operator_v3 to 2024-07-23 02:18:00+00:00, run_after=2024-07-23 02:19:00+00:00
[2024-07-23T02:19:25.883+0000] {processor.py:183} INFO - Processing /home/airflow/.local/lib/python3.12/site-packages/airflow/example_dags/example_branch_python_dop_operator_3.py took 0.340 seconds
[2024-07-23T02:19:56.807+0000] {processor.py:161} INFO - Started process (PID=2570) to work on /home/airflow/.local/lib/python3.12/site-packages/airflow/example_dags/example_branch_python_dop_operator_3.py
[2024-07-23T02:19:56.808+0000] {processor.py:830} INFO - Processing file /home/airflow/.local/lib/python3.12/site-packages/airflow/example_dags/example_branch_python_dop_operator_3.py for tasks to queue
[2024-07-23T02:19:56.810+0000] {logging_mixin.py:188} INFO - [2024-07-23T02:19:56.810+0000] {dagbag.py:545} INFO - Filling up the DagBag from /home/airflow/.local/lib/python3.12/site-packages/airflow/example_dags/example_branch_python_dop_operator_3.py
[2024-07-23T02:19:56.822+0000] {processor.py:840} INFO - DAG(s) 'example_branch_dop_operator_v3' retrieved from /home/airflow/.local/lib/python3.12/site-packages/airflow/example_dags/example_branch_python_dop_operator_3.py
[2024-07-23T02:19:56.852+0000] {logging_mixin.py:188} INFO - [2024-07-23T02:19:56.851+0000] {dag.py:3089} INFO - Sync 1 DAGs
[2024-07-23T02:19:56.898+0000] {logging_mixin.py:188} INFO - [2024-07-23T02:19:56.898+0000] {dag.py:3947} INFO - Setting next_dagrun for example_branch_dop_operator_v3 to 2024-07-23 02:18:00+00:00, run_after=2024-07-23 02:19:00+00:00
[2024-07-23T02:19:56.925+0000] {processor.py:183} INFO - Processing /home/airflow/.local/lib/python3.12/site-packages/airflow/example_dags/example_branch_python_dop_operator_3.py took 0.126 seconds
[2024-07-23T02:20:27.159+0000] {processor.py:161} INFO - Started process (PID=2629) to work on /home/airflow/.local/lib/python3.12/site-packages/airflow/example_dags/example_branch_python_dop_operator_3.py
[2024-07-23T02:20:27.160+0000] {processor.py:830} INFO - Processing file /home/airflow/.local/lib/python3.12/site-packages/airflow/example_dags/example_branch_python_dop_operator_3.py for tasks to queue
[2024-07-23T02:20:27.163+0000] {logging_mixin.py:188} INFO - [2024-07-23T02:20:27.162+0000] {dagbag.py:545} INFO - Filling up the DagBag from /home/airflow/.local/lib/python3.12/site-packages/airflow/example_dags/example_branch_python_dop_operator_3.py
[2024-07-23T02:20:27.180+0000] {processor.py:840} INFO - DAG(s) 'example_branch_dop_operator_v3' retrieved from /home/airflow/.local/lib/python3.12/site-packages/airflow/example_dags/example_branch_python_dop_operator_3.py
[2024-07-23T02:20:27.214+0000] {logging_mixin.py:188} INFO - [2024-07-23T02:20:27.213+0000] {dag.py:3089} INFO - Sync 1 DAGs
[2024-07-23T02:20:27.254+0000] {logging_mixin.py:188} INFO - [2024-07-23T02:20:27.254+0000] {dag.py:3947} INFO - Setting next_dagrun for example_branch_dop_operator_v3 to 2024-07-23 02:19:00+00:00, run_after=2024-07-23 02:20:00+00:00
[2024-07-23T02:20:27.285+0000] {processor.py:183} INFO - Processing /home/airflow/.local/lib/python3.12/site-packages/airflow/example_dags/example_branch_python_dop_operator_3.py took 0.134 seconds
[2024-07-23T02:20:57.333+0000] {processor.py:161} INFO - Started process (PID=2687) to work on /home/airflow/.local/lib/python3.12/site-packages/airflow/example_dags/example_branch_python_dop_operator_3.py
[2024-07-23T02:20:57.334+0000] {processor.py:830} INFO - Processing file /home/airflow/.local/lib/python3.12/site-packages/airflow/example_dags/example_branch_python_dop_operator_3.py for tasks to queue
[2024-07-23T02:20:57.337+0000] {logging_mixin.py:188} INFO - [2024-07-23T02:20:57.336+0000] {dagbag.py:545} INFO - Filling up the DagBag from /home/airflow/.local/lib/python3.12/site-packages/airflow/example_dags/example_branch_python_dop_operator_3.py
[2024-07-23T02:20:57.350+0000] {processor.py:840} INFO - DAG(s) 'example_branch_dop_operator_v3' retrieved from /home/airflow/.local/lib/python3.12/site-packages/airflow/example_dags/example_branch_python_dop_operator_3.py
[2024-07-23T02:20:57.379+0000] {logging_mixin.py:188} INFO - [2024-07-23T02:20:57.378+0000] {dag.py:3089} INFO - Sync 1 DAGs
[2024-07-23T02:20:57.417+0000] {logging_mixin.py:188} INFO - [2024-07-23T02:20:57.417+0000] {dag.py:3947} INFO - Setting next_dagrun for example_branch_dop_operator_v3 to 2024-07-23 02:19:00+00:00, run_after=2024-07-23 02:20:00+00:00
[2024-07-23T02:20:57.440+0000] {processor.py:183} INFO - Processing /home/airflow/.local/lib/python3.12/site-packages/airflow/example_dags/example_branch_python_dop_operator_3.py took 0.117 seconds
[2024-07-23T02:21:27.796+0000] {processor.py:161} INFO - Started process (PID=2746) to work on /home/airflow/.local/lib/python3.12/site-packages/airflow/example_dags/example_branch_python_dop_operator_3.py
[2024-07-23T02:21:27.797+0000] {processor.py:830} INFO - Processing file /home/airflow/.local/lib/python3.12/site-packages/airflow/example_dags/example_branch_python_dop_operator_3.py for tasks to queue
[2024-07-23T02:21:27.800+0000] {logging_mixin.py:188} INFO - [2024-07-23T02:21:27.799+0000] {dagbag.py:545} INFO - Filling up the DagBag from /home/airflow/.local/lib/python3.12/site-packages/airflow/example_dags/example_branch_python_dop_operator_3.py
[2024-07-23T02:21:27.810+0000] {processor.py:840} INFO - DAG(s) 'example_branch_dop_operator_v3' retrieved from /home/airflow/.local/lib/python3.12/site-packages/airflow/example_dags/example_branch_python_dop_operator_3.py
[2024-07-23T02:21:27.836+0000] {logging_mixin.py:188} INFO - [2024-07-23T02:21:27.836+0000] {dag.py:3089} INFO - Sync 1 DAGs
[2024-07-23T02:21:27.868+0000] {logging_mixin.py:188} INFO - [2024-07-23T02:21:27.868+0000] {dag.py:3947} INFO - Setting next_dagrun for example_branch_dop_operator_v3 to 2024-07-23 02:20:00+00:00, run_after=2024-07-23 02:21:00+00:00
[2024-07-23T02:21:27.893+0000] {processor.py:183} INFO - Processing /home/airflow/.local/lib/python3.12/site-packages/airflow/example_dags/example_branch_python_dop_operator_3.py took 0.107 seconds
[2024-07-23T02:21:58.042+0000] {processor.py:161} INFO - Started process (PID=2806) to work on /home/airflow/.local/lib/python3.12/site-packages/airflow/example_dags/example_branch_python_dop_operator_3.py
[2024-07-23T02:21:58.043+0000] {processor.py:830} INFO - Processing file /home/airflow/.local/lib/python3.12/site-packages/airflow/example_dags/example_branch_python_dop_operator_3.py for tasks to queue
[2024-07-23T02:21:58.045+0000] {logging_mixin.py:188} INFO - [2024-07-23T02:21:58.045+0000] {dagbag.py:545} INFO - Filling up the DagBag from /home/airflow/.local/lib/python3.12/site-packages/airflow/example_dags/example_branch_python_dop_operator_3.py
[2024-07-23T02:21:58.057+0000] {processor.py:840} INFO - DAG(s) 'example_branch_dop_operator_v3' retrieved from /home/airflow/.local/lib/python3.12/site-packages/airflow/example_dags/example_branch_python_dop_operator_3.py
[2024-07-23T02:21:58.089+0000] {logging_mixin.py:188} INFO - [2024-07-23T02:21:58.088+0000] {dag.py:3089} INFO - Sync 1 DAGs
[2024-07-23T02:21:58.135+0000] {logging_mixin.py:188} INFO - [2024-07-23T02:21:58.135+0000] {dag.py:3947} INFO - Setting next_dagrun for example_branch_dop_operator_v3 to 2024-07-23 02:20:00+00:00, run_after=2024-07-23 02:21:00+00:00
[2024-07-23T02:21:58.161+0000] {processor.py:183} INFO - Processing /home/airflow/.local/lib/python3.12/site-packages/airflow/example_dags/example_branch_python_dop_operator_3.py took 0.127 seconds
[2024-07-23T02:22:28.549+0000] {processor.py:161} INFO - Started process (PID=2865) to work on /home/airflow/.local/lib/python3.12/site-packages/airflow/example_dags/example_branch_python_dop_operator_3.py
[2024-07-23T02:22:28.550+0000] {processor.py:830} INFO - Processing file /home/airflow/.local/lib/python3.12/site-packages/airflow/example_dags/example_branch_python_dop_operator_3.py for tasks to queue
[2024-07-23T02:22:28.552+0000] {logging_mixin.py:188} INFO - [2024-07-23T02:22:28.552+0000] {dagbag.py:545} INFO - Filling up the DagBag from /home/airflow/.local/lib/python3.12/site-packages/airflow/example_dags/example_branch_python_dop_operator_3.py
[2024-07-23T02:22:28.562+0000] {processor.py:840} INFO - DAG(s) 'example_branch_dop_operator_v3' retrieved from /home/airflow/.local/lib/python3.12/site-packages/airflow/example_dags/example_branch_python_dop_operator_3.py
[2024-07-23T02:22:28.589+0000] {logging_mixin.py:188} INFO - [2024-07-23T02:22:28.589+0000] {dag.py:3089} INFO - Sync 1 DAGs
[2024-07-23T02:22:28.622+0000] {logging_mixin.py:188} INFO - [2024-07-23T02:22:28.621+0000] {dag.py:3947} INFO - Setting next_dagrun for example_branch_dop_operator_v3 to 2024-07-23 02:21:00+00:00, run_after=2024-07-23 02:22:00+00:00
[2024-07-23T02:22:28.648+0000] {processor.py:183} INFO - Processing /home/airflow/.local/lib/python3.12/site-packages/airflow/example_dags/example_branch_python_dop_operator_3.py took 0.107 seconds
[2024-07-23T02:22:58.853+0000] {processor.py:161} INFO - Started process (PID=2932) to work on /home/airflow/.local/lib/python3.12/site-packages/airflow/example_dags/example_branch_python_dop_operator_3.py
[2024-07-23T02:22:58.855+0000] {processor.py:830} INFO - Processing file /home/airflow/.local/lib/python3.12/site-packages/airflow/example_dags/example_branch_python_dop_operator_3.py for tasks to queue
[2024-07-23T02:22:58.859+0000] {logging_mixin.py:188} INFO - [2024-07-23T02:22:58.858+0000] {dagbag.py:545} INFO - Filling up the DagBag from /home/airflow/.local/lib/python3.12/site-packages/airflow/example_dags/example_branch_python_dop_operator_3.py
[2024-07-23T02:22:58.879+0000] {processor.py:840} INFO - DAG(s) 'example_branch_dop_operator_v3' retrieved from /home/airflow/.local/lib/python3.12/site-packages/airflow/example_dags/example_branch_python_dop_operator_3.py
[2024-07-23T02:22:58.924+0000] {logging_mixin.py:188} INFO - [2024-07-23T02:22:58.923+0000] {dag.py:3089} INFO - Sync 1 DAGs
[2024-07-23T02:22:58.984+0000] {logging_mixin.py:188} INFO - [2024-07-23T02:22:58.983+0000] {dag.py:3947} INFO - Setting next_dagrun for example_branch_dop_operator_v3 to 2024-07-23 02:21:00+00:00, run_after=2024-07-23 02:22:00+00:00
[2024-07-23T02:22:59.030+0000] {processor.py:183} INFO - Processing /home/airflow/.local/lib/python3.12/site-packages/airflow/example_dags/example_branch_python_dop_operator_3.py took 0.191 seconds
[2024-07-23T02:23:29.157+0000] {processor.py:161} INFO - Started process (PID=2990) to work on /home/airflow/.local/lib/python3.12/site-packages/airflow/example_dags/example_branch_python_dop_operator_3.py
[2024-07-23T02:23:29.158+0000] {processor.py:830} INFO - Processing file /home/airflow/.local/lib/python3.12/site-packages/airflow/example_dags/example_branch_python_dop_operator_3.py for tasks to queue
[2024-07-23T02:23:29.160+0000] {logging_mixin.py:188} INFO - [2024-07-23T02:23:29.159+0000] {dagbag.py:545} INFO - Filling up the DagBag from /home/airflow/.local/lib/python3.12/site-packages/airflow/example_dags/example_branch_python_dop_operator_3.py
[2024-07-23T02:23:29.173+0000] {processor.py:840} INFO - DAG(s) 'example_branch_dop_operator_v3' retrieved from /home/airflow/.local/lib/python3.12/site-packages/airflow/example_dags/example_branch_python_dop_operator_3.py
[2024-07-23T02:23:29.198+0000] {logging_mixin.py:188} INFO - [2024-07-23T02:23:29.197+0000] {dag.py:3089} INFO - Sync 1 DAGs
[2024-07-23T02:23:29.238+0000] {logging_mixin.py:188} INFO - [2024-07-23T02:23:29.237+0000] {dag.py:3947} INFO - Setting next_dagrun for example_branch_dop_operator_v3 to 2024-07-23 02:22:00+00:00, run_after=2024-07-23 02:23:00+00:00
[2024-07-23T02:23:29.267+0000] {processor.py:183} INFO - Processing /home/airflow/.local/lib/python3.12/site-packages/airflow/example_dags/example_branch_python_dop_operator_3.py took 0.118 seconds
[2024-07-23T02:23:59.928+0000] {processor.py:161} INFO - Started process (PID=3054) to work on /home/airflow/.local/lib/python3.12/site-packages/airflow/example_dags/example_branch_python_dop_operator_3.py
[2024-07-23T02:23:59.932+0000] {processor.py:830} INFO - Processing file /home/airflow/.local/lib/python3.12/site-packages/airflow/example_dags/example_branch_python_dop_operator_3.py for tasks to queue
[2024-07-23T02:23:59.939+0000] {logging_mixin.py:188} INFO - [2024-07-23T02:23:59.937+0000] {dagbag.py:545} INFO - Filling up the DagBag from /home/airflow/.local/lib/python3.12/site-packages/airflow/example_dags/example_branch_python_dop_operator_3.py
[2024-07-23T02:23:59.974+0000] {processor.py:840} INFO - DAG(s) 'example_branch_dop_operator_v3' retrieved from /home/airflow/.local/lib/python3.12/site-packages/airflow/example_dags/example_branch_python_dop_operator_3.py
[2024-07-23T02:24:00.047+0000] {logging_mixin.py:188} INFO - [2024-07-23T02:24:00.046+0000] {dag.py:3089} INFO - Sync 1 DAGs
[2024-07-23T02:24:00.151+0000] {logging_mixin.py:188} INFO - [2024-07-23T02:24:00.150+0000] {dag.py:3947} INFO - Setting next_dagrun for example_branch_dop_operator_v3 to 2024-07-23 02:23:00+00:00, run_after=2024-07-23 02:24:00+00:00
[2024-07-23T02:24:00.220+0000] {processor.py:183} INFO - Processing /home/airflow/.local/lib/python3.12/site-packages/airflow/example_dags/example_branch_python_dop_operator_3.py took 0.325 seconds
[2024-07-23T02:24:30.771+0000] {processor.py:161} INFO - Started process (PID=3113) to work on /home/airflow/.local/lib/python3.12/site-packages/airflow/example_dags/example_branch_python_dop_operator_3.py
[2024-07-23T02:24:30.774+0000] {processor.py:830} INFO - Processing file /home/airflow/.local/lib/python3.12/site-packages/airflow/example_dags/example_branch_python_dop_operator_3.py for tasks to queue
[2024-07-23T02:24:30.780+0000] {logging_mixin.py:188} INFO - [2024-07-23T02:24:30.779+0000] {dagbag.py:545} INFO - Filling up the DagBag from /home/airflow/.local/lib/python3.12/site-packages/airflow/example_dags/example_branch_python_dop_operator_3.py
[2024-07-23T02:24:30.817+0000] {processor.py:840} INFO - DAG(s) 'example_branch_dop_operator_v3' retrieved from /home/airflow/.local/lib/python3.12/site-packages/airflow/example_dags/example_branch_python_dop_operator_3.py
[2024-07-23T02:24:30.891+0000] {logging_mixin.py:188} INFO - [2024-07-23T02:24:30.890+0000] {dag.py:3089} INFO - Sync 1 DAGs
[2024-07-23T02:24:30.989+0000] {logging_mixin.py:188} INFO - [2024-07-23T02:24:30.988+0000] {dag.py:3947} INFO - Setting next_dagrun for example_branch_dop_operator_v3 to 2024-07-23 02:23:00+00:00, run_after=2024-07-23 02:24:00+00:00
[2024-07-23T02:24:31.052+0000] {processor.py:183} INFO - Processing /home/airflow/.local/lib/python3.12/site-packages/airflow/example_dags/example_branch_python_dop_operator_3.py took 0.306 seconds
[2024-07-23T02:25:02.238+0000] {processor.py:161} INFO - Started process (PID=3171) to work on /home/airflow/.local/lib/python3.12/site-packages/airflow/example_dags/example_branch_python_dop_operator_3.py
[2024-07-23T02:25:02.242+0000] {processor.py:830} INFO - Processing file /home/airflow/.local/lib/python3.12/site-packages/airflow/example_dags/example_branch_python_dop_operator_3.py for tasks to queue
[2024-07-23T02:25:02.251+0000] {logging_mixin.py:188} INFO - [2024-07-23T02:25:02.249+0000] {dagbag.py:545} INFO - Filling up the DagBag from /home/airflow/.local/lib/python3.12/site-packages/airflow/example_dags/example_branch_python_dop_operator_3.py
[2024-07-23T02:25:02.301+0000] {processor.py:840} INFO - DAG(s) 'example_branch_dop_operator_v3' retrieved from /home/airflow/.local/lib/python3.12/site-packages/airflow/example_dags/example_branch_python_dop_operator_3.py
[2024-07-23T02:25:02.393+0000] {logging_mixin.py:188} INFO - [2024-07-23T02:25:02.392+0000] {dag.py:3089} INFO - Sync 1 DAGs
[2024-07-23T02:25:02.536+0000] {logging_mixin.py:188} INFO - [2024-07-23T02:25:02.535+0000] {dag.py:3947} INFO - Setting next_dagrun for example_branch_dop_operator_v3 to 2024-07-23 02:24:00+00:00, run_after=2024-07-23 02:25:00+00:00
[2024-07-23T02:25:02.626+0000] {processor.py:183} INFO - Processing /home/airflow/.local/lib/python3.12/site-packages/airflow/example_dags/example_branch_python_dop_operator_3.py took 0.418 seconds
[2024-07-23T02:25:32.955+0000] {processor.py:161} INFO - Started process (PID=3230) to work on /home/airflow/.local/lib/python3.12/site-packages/airflow/example_dags/example_branch_python_dop_operator_3.py
[2024-07-23T02:25:32.957+0000] {processor.py:830} INFO - Processing file /home/airflow/.local/lib/python3.12/site-packages/airflow/example_dags/example_branch_python_dop_operator_3.py for tasks to queue
[2024-07-23T02:25:32.960+0000] {logging_mixin.py:188} INFO - [2024-07-23T02:25:32.959+0000] {dagbag.py:545} INFO - Filling up the DagBag from /home/airflow/.local/lib/python3.12/site-packages/airflow/example_dags/example_branch_python_dop_operator_3.py
[2024-07-23T02:25:32.972+0000] {processor.py:840} INFO - DAG(s) 'example_branch_dop_operator_v3' retrieved from /home/airflow/.local/lib/python3.12/site-packages/airflow/example_dags/example_branch_python_dop_operator_3.py
[2024-07-23T02:25:32.998+0000] {logging_mixin.py:188} INFO - [2024-07-23T02:25:32.997+0000] {dag.py:3089} INFO - Sync 1 DAGs
[2024-07-23T02:25:33.036+0000] {logging_mixin.py:188} INFO - [2024-07-23T02:25:33.035+0000] {dag.py:3947} INFO - Setting next_dagrun for example_branch_dop_operator_v3 to 2024-07-23 02:24:00+00:00, run_after=2024-07-23 02:25:00+00:00
[2024-07-23T02:25:33.066+0000] {processor.py:183} INFO - Processing /home/airflow/.local/lib/python3.12/site-packages/airflow/example_dags/example_branch_python_dop_operator_3.py took 0.119 seconds
[2024-07-23T02:26:03.135+0000] {processor.py:161} INFO - Started process (PID=3289) to work on /home/airflow/.local/lib/python3.12/site-packages/airflow/example_dags/example_branch_python_dop_operator_3.py
[2024-07-23T02:26:03.136+0000] {processor.py:830} INFO - Processing file /home/airflow/.local/lib/python3.12/site-packages/airflow/example_dags/example_branch_python_dop_operator_3.py for tasks to queue
[2024-07-23T02:26:03.139+0000] {logging_mixin.py:188} INFO - [2024-07-23T02:26:03.138+0000] {dagbag.py:545} INFO - Filling up the DagBag from /home/airflow/.local/lib/python3.12/site-packages/airflow/example_dags/example_branch_python_dop_operator_3.py
[2024-07-23T02:26:03.150+0000] {processor.py:840} INFO - DAG(s) 'example_branch_dop_operator_v3' retrieved from /home/airflow/.local/lib/python3.12/site-packages/airflow/example_dags/example_branch_python_dop_operator_3.py
[2024-07-23T02:26:03.174+0000] {logging_mixin.py:188} INFO - [2024-07-23T02:26:03.174+0000] {dag.py:3089} INFO - Sync 1 DAGs
[2024-07-23T02:26:03.205+0000] {logging_mixin.py:188} INFO - [2024-07-23T02:26:03.204+0000] {dag.py:3947} INFO - Setting next_dagrun for example_branch_dop_operator_v3 to 2024-07-23 02:25:00+00:00, run_after=2024-07-23 02:26:00+00:00
[2024-07-23T02:26:03.231+0000] {processor.py:183} INFO - Processing /home/airflow/.local/lib/python3.12/site-packages/airflow/example_dags/example_branch_python_dop_operator_3.py took 0.104 seconds
[2024-07-23T02:26:33.540+0000] {processor.py:161} INFO - Started process (PID=3348) to work on /home/airflow/.local/lib/python3.12/site-packages/airflow/example_dags/example_branch_python_dop_operator_3.py
[2024-07-23T02:26:33.541+0000] {processor.py:830} INFO - Processing file /home/airflow/.local/lib/python3.12/site-packages/airflow/example_dags/example_branch_python_dop_operator_3.py for tasks to queue
[2024-07-23T02:26:33.542+0000] {logging_mixin.py:188} INFO - [2024-07-23T02:26:33.542+0000] {dagbag.py:545} INFO - Filling up the DagBag from /home/airflow/.local/lib/python3.12/site-packages/airflow/example_dags/example_branch_python_dop_operator_3.py
[2024-07-23T02:26:33.552+0000] {processor.py:840} INFO - DAG(s) 'example_branch_dop_operator_v3' retrieved from /home/airflow/.local/lib/python3.12/site-packages/airflow/example_dags/example_branch_python_dop_operator_3.py
[2024-07-23T02:26:33.574+0000] {logging_mixin.py:188} INFO - [2024-07-23T02:26:33.574+0000] {dag.py:3089} INFO - Sync 1 DAGs
[2024-07-23T02:26:33.600+0000] {logging_mixin.py:188} INFO - [2024-07-23T02:26:33.599+0000] {dag.py:3947} INFO - Setting next_dagrun for example_branch_dop_operator_v3 to 2024-07-23 02:25:00+00:00, run_after=2024-07-23 02:26:00+00:00
[2024-07-23T02:26:33.621+0000] {processor.py:183} INFO - Processing /home/airflow/.local/lib/python3.12/site-packages/airflow/example_dags/example_branch_python_dop_operator_3.py took 0.088 seconds
[2024-07-23T02:27:04.527+0000] {processor.py:161} INFO - Started process (PID=3407) to work on /home/airflow/.local/lib/python3.12/site-packages/airflow/example_dags/example_branch_python_dop_operator_3.py
[2024-07-23T02:27:04.531+0000] {processor.py:830} INFO - Processing file /home/airflow/.local/lib/python3.12/site-packages/airflow/example_dags/example_branch_python_dop_operator_3.py for tasks to queue
[2024-07-23T02:27:04.537+0000] {logging_mixin.py:188} INFO - [2024-07-23T02:27:04.536+0000] {dagbag.py:545} INFO - Filling up the DagBag from /home/airflow/.local/lib/python3.12/site-packages/airflow/example_dags/example_branch_python_dop_operator_3.py
[2024-07-23T02:27:04.573+0000] {processor.py:840} INFO - DAG(s) 'example_branch_dop_operator_v3' retrieved from /home/airflow/.local/lib/python3.12/site-packages/airflow/example_dags/example_branch_python_dop_operator_3.py
[2024-07-23T02:27:04.645+0000] {logging_mixin.py:188} INFO - [2024-07-23T02:27:04.644+0000] {dag.py:3089} INFO - Sync 1 DAGs
[2024-07-23T02:27:04.742+0000] {logging_mixin.py:188} INFO - [2024-07-23T02:27:04.741+0000] {dag.py:3947} INFO - Setting next_dagrun for example_branch_dop_operator_v3 to 2024-07-23 02:26:00+00:00, run_after=2024-07-23 02:27:00+00:00
[2024-07-23T02:27:04.808+0000] {processor.py:183} INFO - Processing /home/airflow/.local/lib/python3.12/site-packages/airflow/example_dags/example_branch_python_dop_operator_3.py took 0.305 seconds
[2024-07-23T02:27:34.886+0000] {processor.py:161} INFO - Started process (PID=3466) to work on /home/airflow/.local/lib/python3.12/site-packages/airflow/example_dags/example_branch_python_dop_operator_3.py
[2024-07-23T02:27:34.887+0000] {processor.py:830} INFO - Processing file /home/airflow/.local/lib/python3.12/site-packages/airflow/example_dags/example_branch_python_dop_operator_3.py for tasks to queue
[2024-07-23T02:27:34.889+0000] {logging_mixin.py:188} INFO - [2024-07-23T02:27:34.889+0000] {dagbag.py:545} INFO - Filling up the DagBag from /home/airflow/.local/lib/python3.12/site-packages/airflow/example_dags/example_branch_python_dop_operator_3.py
[2024-07-23T02:27:34.899+0000] {processor.py:840} INFO - DAG(s) 'example_branch_dop_operator_v3' retrieved from /home/airflow/.local/lib/python3.12/site-packages/airflow/example_dags/example_branch_python_dop_operator_3.py
[2024-07-23T02:27:34.924+0000] {logging_mixin.py:188} INFO - [2024-07-23T02:27:34.924+0000] {dag.py:3089} INFO - Sync 1 DAGs
[2024-07-23T02:27:34.954+0000] {logging_mixin.py:188} INFO - [2024-07-23T02:27:34.953+0000] {dag.py:3947} INFO - Setting next_dagrun for example_branch_dop_operator_v3 to 2024-07-23 02:26:00+00:00, run_after=2024-07-23 02:27:00+00:00
[2024-07-23T02:27:34.974+0000] {processor.py:183} INFO - Processing /home/airflow/.local/lib/python3.12/site-packages/airflow/example_dags/example_branch_python_dop_operator_3.py took 0.095 seconds
