[2024-07-23T01:58:23.679+0000] {processor.py:161} INFO - Started process (PID=102) to work on /home/airflow/.local/lib/python3.12/site-packages/airflow/example_dags/example_params_trigger_ui.py
[2024-07-23T01:58:23.680+0000] {processor.py:830} INFO - Processing file /home/airflow/.local/lib/python3.12/site-packages/airflow/example_dags/example_params_trigger_ui.py for tasks to queue
[2024-07-23T01:58:23.682+0000] {logging_mixin.py:188} INFO - [2024-07-23T01:58:23.681+0000] {dagbag.py:545} INFO - Filling up the DagBag from /home/airflow/.local/lib/python3.12/site-packages/airflow/example_dags/example_params_trigger_ui.py
[2024-07-23T01:58:23.693+0000] {processor.py:840} INFO - DAG(s) 'example_params_trigger_ui' retrieved from /home/airflow/.local/lib/python3.12/site-packages/airflow/example_dags/example_params_trigger_ui.py
[2024-07-23T01:58:23.839+0000] {logging_mixin.py:188} INFO - [2024-07-23T01:58:23.839+0000] {dag.py:3089} INFO - Sync 1 DAGs
[2024-07-23T01:58:23.852+0000] {logging_mixin.py:188} INFO - [2024-07-23T01:58:23.851+0000] {dag.py:3947} INFO - Setting next_dagrun for example_params_trigger_ui to None, run_after=None
[2024-07-23T01:58:23.876+0000] {processor.py:183} INFO - Processing /home/airflow/.local/lib/python3.12/site-packages/airflow/example_dags/example_params_trigger_ui.py took 0.206 seconds
[2024-07-23T01:58:53.982+0000] {processor.py:161} INFO - Started process (PID=160) to work on /home/airflow/.local/lib/python3.12/site-packages/airflow/example_dags/example_params_trigger_ui.py
[2024-07-23T01:58:53.984+0000] {processor.py:830} INFO - Processing file /home/airflow/.local/lib/python3.12/site-packages/airflow/example_dags/example_params_trigger_ui.py for tasks to queue
[2024-07-23T01:58:53.987+0000] {logging_mixin.py:188} INFO - [2024-07-23T01:58:53.986+0000] {dagbag.py:545} INFO - Filling up the DagBag from /home/airflow/.local/lib/python3.12/site-packages/airflow/example_dags/example_params_trigger_ui.py
[2024-07-23T01:58:54.001+0000] {processor.py:840} INFO - DAG(s) 'example_params_trigger_ui' retrieved from /home/airflow/.local/lib/python3.12/site-packages/airflow/example_dags/example_params_trigger_ui.py
[2024-07-23T01:58:54.074+0000] {logging_mixin.py:188} INFO - [2024-07-23T01:58:54.073+0000] {dag.py:3089} INFO - Sync 1 DAGs
[2024-07-23T01:58:54.092+0000] {logging_mixin.py:188} INFO - [2024-07-23T01:58:54.091+0000] {dag.py:3947} INFO - Setting next_dagrun for example_params_trigger_ui to None, run_after=None
[2024-07-23T01:58:54.123+0000] {processor.py:183} INFO - Processing /home/airflow/.local/lib/python3.12/site-packages/airflow/example_dags/example_params_trigger_ui.py took 0.148 seconds
[2024-07-23T01:59:24.324+0000] {processor.py:161} INFO - Started process (PID=218) to work on /home/airflow/.local/lib/python3.12/site-packages/airflow/example_dags/example_params_trigger_ui.py
[2024-07-23T01:59:24.326+0000] {processor.py:830} INFO - Processing file /home/airflow/.local/lib/python3.12/site-packages/airflow/example_dags/example_params_trigger_ui.py for tasks to queue
[2024-07-23T01:59:24.328+0000] {logging_mixin.py:188} INFO - [2024-07-23T01:59:24.327+0000] {dagbag.py:545} INFO - Filling up the DagBag from /home/airflow/.local/lib/python3.12/site-packages/airflow/example_dags/example_params_trigger_ui.py
[2024-07-23T01:59:24.338+0000] {processor.py:840} INFO - DAG(s) 'example_params_trigger_ui' retrieved from /home/airflow/.local/lib/python3.12/site-packages/airflow/example_dags/example_params_trigger_ui.py
[2024-07-23T01:59:24.396+0000] {logging_mixin.py:188} INFO - [2024-07-23T01:59:24.396+0000] {dag.py:3089} INFO - Sync 1 DAGs
[2024-07-23T01:59:24.413+0000] {logging_mixin.py:188} INFO - [2024-07-23T01:59:24.413+0000] {dag.py:3947} INFO - Setting next_dagrun for example_params_trigger_ui to None, run_after=None
[2024-07-23T01:59:24.436+0000] {processor.py:183} INFO - Processing /home/airflow/.local/lib/python3.12/site-packages/airflow/example_dags/example_params_trigger_ui.py took 0.118 seconds
[2024-07-23T01:59:54.656+0000] {processor.py:161} INFO - Started process (PID=276) to work on /home/airflow/.local/lib/python3.12/site-packages/airflow/example_dags/example_params_trigger_ui.py
[2024-07-23T01:59:54.659+0000] {processor.py:830} INFO - Processing file /home/airflow/.local/lib/python3.12/site-packages/airflow/example_dags/example_params_trigger_ui.py for tasks to queue
[2024-07-23T01:59:54.661+0000] {logging_mixin.py:188} INFO - [2024-07-23T01:59:54.661+0000] {dagbag.py:545} INFO - Filling up the DagBag from /home/airflow/.local/lib/python3.12/site-packages/airflow/example_dags/example_params_trigger_ui.py
[2024-07-23T01:59:54.672+0000] {processor.py:840} INFO - DAG(s) 'example_params_trigger_ui' retrieved from /home/airflow/.local/lib/python3.12/site-packages/airflow/example_dags/example_params_trigger_ui.py
[2024-07-23T01:59:54.728+0000] {logging_mixin.py:188} INFO - [2024-07-23T01:59:54.727+0000] {dag.py:3089} INFO - Sync 1 DAGs
[2024-07-23T01:59:54.741+0000] {logging_mixin.py:188} INFO - [2024-07-23T01:59:54.741+0000] {dag.py:3947} INFO - Setting next_dagrun for example_params_trigger_ui to None, run_after=None
[2024-07-23T01:59:54.761+0000] {processor.py:183} INFO - Processing /home/airflow/.local/lib/python3.12/site-packages/airflow/example_dags/example_params_trigger_ui.py took 0.112 seconds
[2024-07-23T02:00:24.978+0000] {processor.py:161} INFO - Started process (PID=334) to work on /home/airflow/.local/lib/python3.12/site-packages/airflow/example_dags/example_params_trigger_ui.py
[2024-07-23T02:00:24.979+0000] {processor.py:830} INFO - Processing file /home/airflow/.local/lib/python3.12/site-packages/airflow/example_dags/example_params_trigger_ui.py for tasks to queue
[2024-07-23T02:00:24.981+0000] {logging_mixin.py:188} INFO - [2024-07-23T02:00:24.981+0000] {dagbag.py:545} INFO - Filling up the DagBag from /home/airflow/.local/lib/python3.12/site-packages/airflow/example_dags/example_params_trigger_ui.py
[2024-07-23T02:00:24.997+0000] {processor.py:840} INFO - DAG(s) 'example_params_trigger_ui' retrieved from /home/airflow/.local/lib/python3.12/site-packages/airflow/example_dags/example_params_trigger_ui.py
[2024-07-23T02:00:25.056+0000] {logging_mixin.py:188} INFO - [2024-07-23T02:00:25.056+0000] {dag.py:3089} INFO - Sync 1 DAGs
[2024-07-23T02:00:25.073+0000] {logging_mixin.py:188} INFO - [2024-07-23T02:00:25.073+0000] {dag.py:3947} INFO - Setting next_dagrun for example_params_trigger_ui to None, run_after=None
[2024-07-23T02:00:25.101+0000] {processor.py:183} INFO - Processing /home/airflow/.local/lib/python3.12/site-packages/airflow/example_dags/example_params_trigger_ui.py took 0.130 seconds
[2024-07-23T02:00:55.393+0000] {processor.py:161} INFO - Started process (PID=391) to work on /home/airflow/.local/lib/python3.12/site-packages/airflow/example_dags/example_params_trigger_ui.py
[2024-07-23T02:00:55.394+0000] {processor.py:830} INFO - Processing file /home/airflow/.local/lib/python3.12/site-packages/airflow/example_dags/example_params_trigger_ui.py for tasks to queue
[2024-07-23T02:00:55.397+0000] {logging_mixin.py:188} INFO - [2024-07-23T02:00:55.396+0000] {dagbag.py:545} INFO - Filling up the DagBag from /home/airflow/.local/lib/python3.12/site-packages/airflow/example_dags/example_params_trigger_ui.py
[2024-07-23T02:00:55.409+0000] {processor.py:840} INFO - DAG(s) 'example_params_trigger_ui' retrieved from /home/airflow/.local/lib/python3.12/site-packages/airflow/example_dags/example_params_trigger_ui.py
[2024-07-23T02:00:55.469+0000] {logging_mixin.py:188} INFO - [2024-07-23T02:00:55.469+0000] {dag.py:3089} INFO - Sync 1 DAGs
[2024-07-23T02:00:55.499+0000] {logging_mixin.py:188} INFO - [2024-07-23T02:00:55.499+0000] {dag.py:3947} INFO - Setting next_dagrun for example_params_trigger_ui to None, run_after=None
[2024-07-23T02:00:55.532+0000] {processor.py:183} INFO - Processing /home/airflow/.local/lib/python3.12/site-packages/airflow/example_dags/example_params_trigger_ui.py took 0.147 seconds
[2024-07-23T02:01:26.424+0000] {processor.py:161} INFO - Started process (PID=448) to work on /home/airflow/.local/lib/python3.12/site-packages/airflow/example_dags/example_params_trigger_ui.py
[2024-07-23T02:01:26.426+0000] {processor.py:830} INFO - Processing file /home/airflow/.local/lib/python3.12/site-packages/airflow/example_dags/example_params_trigger_ui.py for tasks to queue
[2024-07-23T02:01:26.428+0000] {logging_mixin.py:188} INFO - [2024-07-23T02:01:26.428+0000] {dagbag.py:545} INFO - Filling up the DagBag from /home/airflow/.local/lib/python3.12/site-packages/airflow/example_dags/example_params_trigger_ui.py
[2024-07-23T02:01:26.439+0000] {processor.py:840} INFO - DAG(s) 'example_params_trigger_ui' retrieved from /home/airflow/.local/lib/python3.12/site-packages/airflow/example_dags/example_params_trigger_ui.py
[2024-07-23T02:01:26.516+0000] {logging_mixin.py:188} INFO - [2024-07-23T02:01:26.516+0000] {dag.py:3089} INFO - Sync 1 DAGs
[2024-07-23T02:01:26.535+0000] {logging_mixin.py:188} INFO - [2024-07-23T02:01:26.535+0000] {dag.py:3947} INFO - Setting next_dagrun for example_params_trigger_ui to None, run_after=None
[2024-07-23T02:01:26.567+0000] {processor.py:183} INFO - Processing /home/airflow/.local/lib/python3.12/site-packages/airflow/example_dags/example_params_trigger_ui.py took 0.150 seconds
[2024-07-23T02:01:56.626+0000] {processor.py:161} INFO - Started process (PID=505) to work on /home/airflow/.local/lib/python3.12/site-packages/airflow/example_dags/example_params_trigger_ui.py
[2024-07-23T02:01:56.627+0000] {processor.py:830} INFO - Processing file /home/airflow/.local/lib/python3.12/site-packages/airflow/example_dags/example_params_trigger_ui.py for tasks to queue
[2024-07-23T02:01:56.630+0000] {logging_mixin.py:188} INFO - [2024-07-23T02:01:56.629+0000] {dagbag.py:545} INFO - Filling up the DagBag from /home/airflow/.local/lib/python3.12/site-packages/airflow/example_dags/example_params_trigger_ui.py
[2024-07-23T02:01:56.641+0000] {processor.py:840} INFO - DAG(s) 'example_params_trigger_ui' retrieved from /home/airflow/.local/lib/python3.12/site-packages/airflow/example_dags/example_params_trigger_ui.py
[2024-07-23T02:01:56.707+0000] {logging_mixin.py:188} INFO - [2024-07-23T02:01:56.707+0000] {dag.py:3089} INFO - Sync 1 DAGs
[2024-07-23T02:01:56.725+0000] {logging_mixin.py:188} INFO - [2024-07-23T02:01:56.725+0000] {dag.py:3947} INFO - Setting next_dagrun for example_params_trigger_ui to None, run_after=None
[2024-07-23T02:01:56.755+0000] {processor.py:183} INFO - Processing /home/airflow/.local/lib/python3.12/site-packages/airflow/example_dags/example_params_trigger_ui.py took 0.137 seconds
[2024-07-23T02:02:26.831+0000] {processor.py:161} INFO - Started process (PID=564) to work on /home/airflow/.local/lib/python3.12/site-packages/airflow/example_dags/example_params_trigger_ui.py
[2024-07-23T02:02:26.833+0000] {processor.py:830} INFO - Processing file /home/airflow/.local/lib/python3.12/site-packages/airflow/example_dags/example_params_trigger_ui.py for tasks to queue
[2024-07-23T02:02:26.835+0000] {logging_mixin.py:188} INFO - [2024-07-23T02:02:26.834+0000] {dagbag.py:545} INFO - Filling up the DagBag from /home/airflow/.local/lib/python3.12/site-packages/airflow/example_dags/example_params_trigger_ui.py
[2024-07-23T02:02:26.845+0000] {processor.py:840} INFO - DAG(s) 'example_params_trigger_ui' retrieved from /home/airflow/.local/lib/python3.12/site-packages/airflow/example_dags/example_params_trigger_ui.py
[2024-07-23T02:02:26.895+0000] {logging_mixin.py:188} INFO - [2024-07-23T02:02:26.895+0000] {dag.py:3089} INFO - Sync 1 DAGs
[2024-07-23T02:02:26.909+0000] {logging_mixin.py:188} INFO - [2024-07-23T02:02:26.908+0000] {dag.py:3947} INFO - Setting next_dagrun for example_params_trigger_ui to None, run_after=None
[2024-07-23T02:02:26.930+0000] {processor.py:183} INFO - Processing /home/airflow/.local/lib/python3.12/site-packages/airflow/example_dags/example_params_trigger_ui.py took 0.105 seconds
[2024-07-23T02:02:57.863+0000] {processor.py:161} INFO - Started process (PID=623) to work on /home/airflow/.local/lib/python3.12/site-packages/airflow/example_dags/example_params_trigger_ui.py
[2024-07-23T02:02:57.865+0000] {processor.py:830} INFO - Processing file /home/airflow/.local/lib/python3.12/site-packages/airflow/example_dags/example_params_trigger_ui.py for tasks to queue
[2024-07-23T02:02:57.868+0000] {logging_mixin.py:188} INFO - [2024-07-23T02:02:57.867+0000] {dagbag.py:545} INFO - Filling up the DagBag from /home/airflow/.local/lib/python3.12/site-packages/airflow/example_dags/example_params_trigger_ui.py
[2024-07-23T02:02:57.883+0000] {processor.py:840} INFO - DAG(s) 'example_params_trigger_ui' retrieved from /home/airflow/.local/lib/python3.12/site-packages/airflow/example_dags/example_params_trigger_ui.py
[2024-07-23T02:02:57.973+0000] {logging_mixin.py:188} INFO - [2024-07-23T02:02:57.972+0000] {dag.py:3089} INFO - Sync 1 DAGs
[2024-07-23T02:02:58.001+0000] {logging_mixin.py:188} INFO - [2024-07-23T02:02:58.000+0000] {dag.py:3947} INFO - Setting next_dagrun for example_params_trigger_ui to None, run_after=None
[2024-07-23T02:02:58.040+0000] {processor.py:183} INFO - Processing /home/airflow/.local/lib/python3.12/site-packages/airflow/example_dags/example_params_trigger_ui.py took 0.188 seconds
[2024-07-23T02:03:28.868+0000] {processor.py:161} INFO - Started process (PID=683) to work on /home/airflow/.local/lib/python3.12/site-packages/airflow/example_dags/example_params_trigger_ui.py
[2024-07-23T02:03:28.870+0000] {processor.py:830} INFO - Processing file /home/airflow/.local/lib/python3.12/site-packages/airflow/example_dags/example_params_trigger_ui.py for tasks to queue
[2024-07-23T02:03:28.873+0000] {logging_mixin.py:188} INFO - [2024-07-23T02:03:28.872+0000] {dagbag.py:545} INFO - Filling up the DagBag from /home/airflow/.local/lib/python3.12/site-packages/airflow/example_dags/example_params_trigger_ui.py
[2024-07-23T02:03:28.891+0000] {processor.py:840} INFO - DAG(s) 'example_params_trigger_ui' retrieved from /home/airflow/.local/lib/python3.12/site-packages/airflow/example_dags/example_params_trigger_ui.py
[2024-07-23T02:03:28.981+0000] {logging_mixin.py:188} INFO - [2024-07-23T02:03:28.981+0000] {dag.py:3089} INFO - Sync 1 DAGs
[2024-07-23T02:03:29.006+0000] {logging_mixin.py:188} INFO - [2024-07-23T02:03:29.005+0000] {dag.py:3947} INFO - Setting next_dagrun for example_params_trigger_ui to None, run_after=None
[2024-07-23T02:03:29.042+0000] {processor.py:183} INFO - Processing /home/airflow/.local/lib/python3.12/site-packages/airflow/example_dags/example_params_trigger_ui.py took 0.185 seconds
[2024-07-23T02:04:06.392+0000] {processor.py:161} INFO - Started process (PID=742) to work on /home/airflow/.local/lib/python3.12/site-packages/airflow/example_dags/example_params_trigger_ui.py
[2024-07-23T02:04:06.398+0000] {processor.py:830} INFO - Processing file /home/airflow/.local/lib/python3.12/site-packages/airflow/example_dags/example_params_trigger_ui.py for tasks to queue
[2024-07-23T02:04:06.411+0000] {logging_mixin.py:188} INFO - [2024-07-23T02:04:06.408+0000] {dagbag.py:545} INFO - Filling up the DagBag from /home/airflow/.local/lib/python3.12/site-packages/airflow/example_dags/example_params_trigger_ui.py
[2024-07-23T02:04:06.483+0000] {processor.py:840} INFO - DAG(s) 'example_params_trigger_ui' retrieved from /home/airflow/.local/lib/python3.12/site-packages/airflow/example_dags/example_params_trigger_ui.py
[2024-07-23T02:04:06.938+0000] {logging_mixin.py:188} INFO - [2024-07-23T02:04:06.936+0000] {dag.py:3089} INFO - Sync 1 DAGs
[2024-07-23T02:04:07.071+0000] {logging_mixin.py:188} INFO - [2024-07-23T02:04:07.070+0000] {dag.py:3947} INFO - Setting next_dagrun for example_params_trigger_ui to None, run_after=None
[2024-07-23T02:04:07.236+0000] {processor.py:183} INFO - Processing /home/airflow/.local/lib/python3.12/site-packages/airflow/example_dags/example_params_trigger_ui.py took 0.893 seconds
[2024-07-23T02:04:38.151+0000] {processor.py:161} INFO - Started process (PID=801) to work on /home/airflow/.local/lib/python3.12/site-packages/airflow/example_dags/example_params_trigger_ui.py
[2024-07-23T02:04:38.157+0000] {processor.py:830} INFO - Processing file /home/airflow/.local/lib/python3.12/site-packages/airflow/example_dags/example_params_trigger_ui.py for tasks to queue
[2024-07-23T02:04:38.167+0000] {logging_mixin.py:188} INFO - [2024-07-23T02:04:38.165+0000] {dagbag.py:545} INFO - Filling up the DagBag from /home/airflow/.local/lib/python3.12/site-packages/airflow/example_dags/example_params_trigger_ui.py
[2024-07-23T02:04:38.229+0000] {processor.py:840} INFO - DAG(s) 'example_params_trigger_ui' retrieved from /home/airflow/.local/lib/python3.12/site-packages/airflow/example_dags/example_params_trigger_ui.py
[2024-07-23T02:04:38.579+0000] {logging_mixin.py:188} INFO - [2024-07-23T02:04:38.578+0000] {dag.py:3089} INFO - Sync 1 DAGs
[2024-07-23T02:04:38.667+0000] {logging_mixin.py:188} INFO - [2024-07-23T02:04:38.666+0000] {dag.py:3947} INFO - Setting next_dagrun for example_params_trigger_ui to None, run_after=None
[2024-07-23T02:04:38.796+0000] {processor.py:183} INFO - Processing /home/airflow/.local/lib/python3.12/site-packages/airflow/example_dags/example_params_trigger_ui.py took 0.680 seconds
[2024-07-23T02:05:10.703+0000] {processor.py:161} INFO - Started process (PID=860) to work on /home/airflow/.local/lib/python3.12/site-packages/airflow/example_dags/example_params_trigger_ui.py
[2024-07-23T02:05:10.709+0000] {processor.py:830} INFO - Processing file /home/airflow/.local/lib/python3.12/site-packages/airflow/example_dags/example_params_trigger_ui.py for tasks to queue
[2024-07-23T02:05:10.723+0000] {logging_mixin.py:188} INFO - [2024-07-23T02:05:10.721+0000] {dagbag.py:545} INFO - Filling up the DagBag from /home/airflow/.local/lib/python3.12/site-packages/airflow/example_dags/example_params_trigger_ui.py
[2024-07-23T02:05:10.800+0000] {processor.py:840} INFO - DAG(s) 'example_params_trigger_ui' retrieved from /home/airflow/.local/lib/python3.12/site-packages/airflow/example_dags/example_params_trigger_ui.py
[2024-07-23T02:05:11.179+0000] {logging_mixin.py:188} INFO - [2024-07-23T02:05:11.178+0000] {dag.py:3089} INFO - Sync 1 DAGs
[2024-07-23T02:05:11.276+0000] {logging_mixin.py:188} INFO - [2024-07-23T02:05:11.274+0000] {dag.py:3947} INFO - Setting next_dagrun for example_params_trigger_ui to None, run_after=None
[2024-07-23T02:05:11.403+0000] {processor.py:183} INFO - Processing /home/airflow/.local/lib/python3.12/site-packages/airflow/example_dags/example_params_trigger_ui.py took 0.746 seconds
[2024-07-23T02:05:41.652+0000] {processor.py:161} INFO - Started process (PID=919) to work on /home/airflow/.local/lib/python3.12/site-packages/airflow/example_dags/example_params_trigger_ui.py
[2024-07-23T02:05:41.658+0000] {processor.py:830} INFO - Processing file /home/airflow/.local/lib/python3.12/site-packages/airflow/example_dags/example_params_trigger_ui.py for tasks to queue
[2024-07-23T02:05:41.671+0000] {logging_mixin.py:188} INFO - [2024-07-23T02:05:41.668+0000] {dagbag.py:545} INFO - Filling up the DagBag from /home/airflow/.local/lib/python3.12/site-packages/airflow/example_dags/example_params_trigger_ui.py
[2024-07-23T02:05:41.731+0000] {processor.py:840} INFO - DAG(s) 'example_params_trigger_ui' retrieved from /home/airflow/.local/lib/python3.12/site-packages/airflow/example_dags/example_params_trigger_ui.py
[2024-07-23T02:05:42.033+0000] {logging_mixin.py:188} INFO - [2024-07-23T02:05:42.031+0000] {dag.py:3089} INFO - Sync 1 DAGs
[2024-07-23T02:05:42.109+0000] {logging_mixin.py:188} INFO - [2024-07-23T02:05:42.107+0000] {dag.py:3947} INFO - Setting next_dagrun for example_params_trigger_ui to None, run_after=None
[2024-07-23T02:05:42.224+0000] {processor.py:183} INFO - Processing /home/airflow/.local/lib/python3.12/site-packages/airflow/example_dags/example_params_trigger_ui.py took 0.614 seconds
[2024-07-23T02:06:12.419+0000] {processor.py:161} INFO - Started process (PID=978) to work on /home/airflow/.local/lib/python3.12/site-packages/airflow/example_dags/example_params_trigger_ui.py
[2024-07-23T02:06:12.420+0000] {processor.py:830} INFO - Processing file /home/airflow/.local/lib/python3.12/site-packages/airflow/example_dags/example_params_trigger_ui.py for tasks to queue
[2024-07-23T02:06:12.422+0000] {logging_mixin.py:188} INFO - [2024-07-23T02:06:12.422+0000] {dagbag.py:545} INFO - Filling up the DagBag from /home/airflow/.local/lib/python3.12/site-packages/airflow/example_dags/example_params_trigger_ui.py
[2024-07-23T02:06:12.434+0000] {processor.py:840} INFO - DAG(s) 'example_params_trigger_ui' retrieved from /home/airflow/.local/lib/python3.12/site-packages/airflow/example_dags/example_params_trigger_ui.py
[2024-07-23T02:06:12.505+0000] {logging_mixin.py:188} INFO - [2024-07-23T02:06:12.504+0000] {dag.py:3089} INFO - Sync 1 DAGs
[2024-07-23T02:06:12.521+0000] {logging_mixin.py:188} INFO - [2024-07-23T02:06:12.521+0000] {dag.py:3947} INFO - Setting next_dagrun for example_params_trigger_ui to None, run_after=None
[2024-07-23T02:06:12.543+0000] {processor.py:183} INFO - Processing /home/airflow/.local/lib/python3.12/site-packages/airflow/example_dags/example_params_trigger_ui.py took 0.131 seconds
[2024-07-23T02:06:43.103+0000] {processor.py:161} INFO - Started process (PID=1037) to work on /home/airflow/.local/lib/python3.12/site-packages/airflow/example_dags/example_params_trigger_ui.py
[2024-07-23T02:06:43.106+0000] {processor.py:830} INFO - Processing file /home/airflow/.local/lib/python3.12/site-packages/airflow/example_dags/example_params_trigger_ui.py for tasks to queue
[2024-07-23T02:06:43.108+0000] {logging_mixin.py:188} INFO - [2024-07-23T02:06:43.108+0000] {dagbag.py:545} INFO - Filling up the DagBag from /home/airflow/.local/lib/python3.12/site-packages/airflow/example_dags/example_params_trigger_ui.py
[2024-07-23T02:06:43.121+0000] {processor.py:840} INFO - DAG(s) 'example_params_trigger_ui' retrieved from /home/airflow/.local/lib/python3.12/site-packages/airflow/example_dags/example_params_trigger_ui.py
[2024-07-23T02:06:43.185+0000] {logging_mixin.py:188} INFO - [2024-07-23T02:06:43.184+0000] {dag.py:3089} INFO - Sync 1 DAGs
[2024-07-23T02:06:43.202+0000] {logging_mixin.py:188} INFO - [2024-07-23T02:06:43.202+0000] {dag.py:3947} INFO - Setting next_dagrun for example_params_trigger_ui to None, run_after=None
[2024-07-23T02:06:43.231+0000] {processor.py:183} INFO - Processing /home/airflow/.local/lib/python3.12/site-packages/airflow/example_dags/example_params_trigger_ui.py took 0.134 seconds
[2024-07-23T02:07:13.334+0000] {processor.py:161} INFO - Started process (PID=1096) to work on /home/airflow/.local/lib/python3.12/site-packages/airflow/example_dags/example_params_trigger_ui.py
[2024-07-23T02:07:13.335+0000] {processor.py:830} INFO - Processing file /home/airflow/.local/lib/python3.12/site-packages/airflow/example_dags/example_params_trigger_ui.py for tasks to queue
[2024-07-23T02:07:13.337+0000] {logging_mixin.py:188} INFO - [2024-07-23T02:07:13.336+0000] {dagbag.py:545} INFO - Filling up the DagBag from /home/airflow/.local/lib/python3.12/site-packages/airflow/example_dags/example_params_trigger_ui.py
[2024-07-23T02:07:13.347+0000] {processor.py:840} INFO - DAG(s) 'example_params_trigger_ui' retrieved from /home/airflow/.local/lib/python3.12/site-packages/airflow/example_dags/example_params_trigger_ui.py
[2024-07-23T02:07:13.401+0000] {logging_mixin.py:188} INFO - [2024-07-23T02:07:13.400+0000] {dag.py:3089} INFO - Sync 1 DAGs
[2024-07-23T02:07:13.415+0000] {logging_mixin.py:188} INFO - [2024-07-23T02:07:13.415+0000] {dag.py:3947} INFO - Setting next_dagrun for example_params_trigger_ui to None, run_after=None
[2024-07-23T02:07:13.437+0000] {processor.py:183} INFO - Processing /home/airflow/.local/lib/python3.12/site-packages/airflow/example_dags/example_params_trigger_ui.py took 0.109 seconds
[2024-07-23T02:07:44.166+0000] {processor.py:161} INFO - Started process (PID=1155) to work on /home/airflow/.local/lib/python3.12/site-packages/airflow/example_dags/example_params_trigger_ui.py
[2024-07-23T02:07:44.170+0000] {processor.py:830} INFO - Processing file /home/airflow/.local/lib/python3.12/site-packages/airflow/example_dags/example_params_trigger_ui.py for tasks to queue
[2024-07-23T02:07:44.176+0000] {logging_mixin.py:188} INFO - [2024-07-23T02:07:44.175+0000] {dagbag.py:545} INFO - Filling up the DagBag from /home/airflow/.local/lib/python3.12/site-packages/airflow/example_dags/example_params_trigger_ui.py
[2024-07-23T02:07:44.215+0000] {processor.py:840} INFO - DAG(s) 'example_params_trigger_ui' retrieved from /home/airflow/.local/lib/python3.12/site-packages/airflow/example_dags/example_params_trigger_ui.py
[2024-07-23T02:07:44.428+0000] {logging_mixin.py:188} INFO - [2024-07-23T02:07:44.427+0000] {dag.py:3089} INFO - Sync 1 DAGs
[2024-07-23T02:07:44.478+0000] {logging_mixin.py:188} INFO - [2024-07-23T02:07:44.477+0000] {dag.py:3947} INFO - Setting next_dagrun for example_params_trigger_ui to None, run_after=None
[2024-07-23T02:07:44.543+0000] {processor.py:183} INFO - Processing /home/airflow/.local/lib/python3.12/site-packages/airflow/example_dags/example_params_trigger_ui.py took 0.399 seconds
[2024-07-23T02:08:15.238+0000] {processor.py:161} INFO - Started process (PID=1215) to work on /home/airflow/.local/lib/python3.12/site-packages/airflow/example_dags/example_params_trigger_ui.py
[2024-07-23T02:08:15.240+0000] {processor.py:830} INFO - Processing file /home/airflow/.local/lib/python3.12/site-packages/airflow/example_dags/example_params_trigger_ui.py for tasks to queue
[2024-07-23T02:08:15.243+0000] {logging_mixin.py:188} INFO - [2024-07-23T02:08:15.242+0000] {dagbag.py:545} INFO - Filling up the DagBag from /home/airflow/.local/lib/python3.12/site-packages/airflow/example_dags/example_params_trigger_ui.py
[2024-07-23T02:08:15.260+0000] {processor.py:840} INFO - DAG(s) 'example_params_trigger_ui' retrieved from /home/airflow/.local/lib/python3.12/site-packages/airflow/example_dags/example_params_trigger_ui.py
[2024-07-23T02:08:15.322+0000] {logging_mixin.py:188} INFO - [2024-07-23T02:08:15.322+0000] {dag.py:3089} INFO - Sync 1 DAGs
[2024-07-23T02:08:15.339+0000] {logging_mixin.py:188} INFO - [2024-07-23T02:08:15.339+0000] {dag.py:3947} INFO - Setting next_dagrun for example_params_trigger_ui to None, run_after=None
[2024-07-23T02:08:15.365+0000] {processor.py:183} INFO - Processing /home/airflow/.local/lib/python3.12/site-packages/airflow/example_dags/example_params_trigger_ui.py took 0.135 seconds
[2024-07-23T02:08:46.069+0000] {processor.py:161} INFO - Started process (PID=1273) to work on /home/airflow/.local/lib/python3.12/site-packages/airflow/example_dags/example_params_trigger_ui.py
[2024-07-23T02:08:46.070+0000] {processor.py:830} INFO - Processing file /home/airflow/.local/lib/python3.12/site-packages/airflow/example_dags/example_params_trigger_ui.py for tasks to queue
[2024-07-23T02:08:46.073+0000] {logging_mixin.py:188} INFO - [2024-07-23T02:08:46.072+0000] {dagbag.py:545} INFO - Filling up the DagBag from /home/airflow/.local/lib/python3.12/site-packages/airflow/example_dags/example_params_trigger_ui.py
[2024-07-23T02:08:46.085+0000] {processor.py:840} INFO - DAG(s) 'example_params_trigger_ui' retrieved from /home/airflow/.local/lib/python3.12/site-packages/airflow/example_dags/example_params_trigger_ui.py
[2024-07-23T02:08:46.143+0000] {logging_mixin.py:188} INFO - [2024-07-23T02:08:46.143+0000] {dag.py:3089} INFO - Sync 1 DAGs
[2024-07-23T02:08:46.162+0000] {logging_mixin.py:188} INFO - [2024-07-23T02:08:46.162+0000] {dag.py:3947} INFO - Setting next_dagrun for example_params_trigger_ui to None, run_after=None
[2024-07-23T02:08:46.201+0000] {processor.py:183} INFO - Processing /home/airflow/.local/lib/python3.12/site-packages/airflow/example_dags/example_params_trigger_ui.py took 0.139 seconds
[2024-07-23T02:09:16.905+0000] {processor.py:161} INFO - Started process (PID=1332) to work on /home/airflow/.local/lib/python3.12/site-packages/airflow/example_dags/example_params_trigger_ui.py
[2024-07-23T02:09:16.906+0000] {processor.py:830} INFO - Processing file /home/airflow/.local/lib/python3.12/site-packages/airflow/example_dags/example_params_trigger_ui.py for tasks to queue
[2024-07-23T02:09:16.908+0000] {logging_mixin.py:188} INFO - [2024-07-23T02:09:16.908+0000] {dagbag.py:545} INFO - Filling up the DagBag from /home/airflow/.local/lib/python3.12/site-packages/airflow/example_dags/example_params_trigger_ui.py
[2024-07-23T02:09:16.925+0000] {processor.py:840} INFO - DAG(s) 'example_params_trigger_ui' retrieved from /home/airflow/.local/lib/python3.12/site-packages/airflow/example_dags/example_params_trigger_ui.py
[2024-07-23T02:09:16.992+0000] {logging_mixin.py:188} INFO - [2024-07-23T02:09:16.991+0000] {dag.py:3089} INFO - Sync 1 DAGs
[2024-07-23T02:09:17.009+0000] {logging_mixin.py:188} INFO - [2024-07-23T02:09:17.009+0000] {dag.py:3947} INFO - Setting next_dagrun for example_params_trigger_ui to None, run_after=None
[2024-07-23T02:09:17.035+0000] {processor.py:183} INFO - Processing /home/airflow/.local/lib/python3.12/site-packages/airflow/example_dags/example_params_trigger_ui.py took 0.139 seconds
[2024-07-23T02:09:47.114+0000] {processor.py:161} INFO - Started process (PID=1390) to work on /home/airflow/.local/lib/python3.12/site-packages/airflow/example_dags/example_params_trigger_ui.py
[2024-07-23T02:09:47.115+0000] {processor.py:830} INFO - Processing file /home/airflow/.local/lib/python3.12/site-packages/airflow/example_dags/example_params_trigger_ui.py for tasks to queue
[2024-07-23T02:09:47.117+0000] {logging_mixin.py:188} INFO - [2024-07-23T02:09:47.117+0000] {dagbag.py:545} INFO - Filling up the DagBag from /home/airflow/.local/lib/python3.12/site-packages/airflow/example_dags/example_params_trigger_ui.py
[2024-07-23T02:09:47.127+0000] {processor.py:840} INFO - DAG(s) 'example_params_trigger_ui' retrieved from /home/airflow/.local/lib/python3.12/site-packages/airflow/example_dags/example_params_trigger_ui.py
[2024-07-23T02:09:47.182+0000] {logging_mixin.py:188} INFO - [2024-07-23T02:09:47.182+0000] {dag.py:3089} INFO - Sync 1 DAGs
[2024-07-23T02:09:47.199+0000] {logging_mixin.py:188} INFO - [2024-07-23T02:09:47.199+0000] {dag.py:3947} INFO - Setting next_dagrun for example_params_trigger_ui to None, run_after=None
[2024-07-23T02:09:47.224+0000] {processor.py:183} INFO - Processing /home/airflow/.local/lib/python3.12/site-packages/airflow/example_dags/example_params_trigger_ui.py took 0.116 seconds
[2024-07-23T02:10:17.352+0000] {processor.py:161} INFO - Started process (PID=1449) to work on /home/airflow/.local/lib/python3.12/site-packages/airflow/example_dags/example_params_trigger_ui.py
[2024-07-23T02:10:17.352+0000] {processor.py:830} INFO - Processing file /home/airflow/.local/lib/python3.12/site-packages/airflow/example_dags/example_params_trigger_ui.py for tasks to queue
[2024-07-23T02:10:17.354+0000] {logging_mixin.py:188} INFO - [2024-07-23T02:10:17.354+0000] {dagbag.py:545} INFO - Filling up the DagBag from /home/airflow/.local/lib/python3.12/site-packages/airflow/example_dags/example_params_trigger_ui.py
[2024-07-23T02:10:17.365+0000] {processor.py:840} INFO - DAG(s) 'example_params_trigger_ui' retrieved from /home/airflow/.local/lib/python3.12/site-packages/airflow/example_dags/example_params_trigger_ui.py
[2024-07-23T02:10:17.416+0000] {logging_mixin.py:188} INFO - [2024-07-23T02:10:17.415+0000] {dag.py:3089} INFO - Sync 1 DAGs
[2024-07-23T02:10:17.429+0000] {logging_mixin.py:188} INFO - [2024-07-23T02:10:17.429+0000] {dag.py:3947} INFO - Setting next_dagrun for example_params_trigger_ui to None, run_after=None
[2024-07-23T02:10:17.451+0000] {processor.py:183} INFO - Processing /home/airflow/.local/lib/python3.12/site-packages/airflow/example_dags/example_params_trigger_ui.py took 0.106 seconds
[2024-07-23T02:10:47.666+0000] {processor.py:161} INFO - Started process (PID=1508) to work on /home/airflow/.local/lib/python3.12/site-packages/airflow/example_dags/example_params_trigger_ui.py
[2024-07-23T02:10:47.667+0000] {processor.py:830} INFO - Processing file /home/airflow/.local/lib/python3.12/site-packages/airflow/example_dags/example_params_trigger_ui.py for tasks to queue
[2024-07-23T02:10:47.669+0000] {logging_mixin.py:188} INFO - [2024-07-23T02:10:47.669+0000] {dagbag.py:545} INFO - Filling up the DagBag from /home/airflow/.local/lib/python3.12/site-packages/airflow/example_dags/example_params_trigger_ui.py
[2024-07-23T02:10:47.681+0000] {processor.py:840} INFO - DAG(s) 'example_params_trigger_ui' retrieved from /home/airflow/.local/lib/python3.12/site-packages/airflow/example_dags/example_params_trigger_ui.py
[2024-07-23T02:10:47.754+0000] {logging_mixin.py:188} INFO - [2024-07-23T02:10:47.754+0000] {dag.py:3089} INFO - Sync 1 DAGs
[2024-07-23T02:10:47.773+0000] {logging_mixin.py:188} INFO - [2024-07-23T02:10:47.773+0000] {dag.py:3947} INFO - Setting next_dagrun for example_params_trigger_ui to None, run_after=None
[2024-07-23T02:10:47.806+0000] {processor.py:183} INFO - Processing /home/airflow/.local/lib/python3.12/site-packages/airflow/example_dags/example_params_trigger_ui.py took 0.148 seconds
[2024-07-23T02:11:17.942+0000] {processor.py:161} INFO - Started process (PID=1567) to work on /home/airflow/.local/lib/python3.12/site-packages/airflow/example_dags/example_params_trigger_ui.py
[2024-07-23T02:11:17.943+0000] {processor.py:830} INFO - Processing file /home/airflow/.local/lib/python3.12/site-packages/airflow/example_dags/example_params_trigger_ui.py for tasks to queue
[2024-07-23T02:11:17.944+0000] {logging_mixin.py:188} INFO - [2024-07-23T02:11:17.944+0000] {dagbag.py:545} INFO - Filling up the DagBag from /home/airflow/.local/lib/python3.12/site-packages/airflow/example_dags/example_params_trigger_ui.py
[2024-07-23T02:11:17.955+0000] {processor.py:840} INFO - DAG(s) 'example_params_trigger_ui' retrieved from /home/airflow/.local/lib/python3.12/site-packages/airflow/example_dags/example_params_trigger_ui.py
[2024-07-23T02:11:18.006+0000] {logging_mixin.py:188} INFO - [2024-07-23T02:11:18.006+0000] {dag.py:3089} INFO - Sync 1 DAGs
[2024-07-23T02:11:18.022+0000] {logging_mixin.py:188} INFO - [2024-07-23T02:11:18.022+0000] {dag.py:3947} INFO - Setting next_dagrun for example_params_trigger_ui to None, run_after=None
[2024-07-23T02:11:18.042+0000] {processor.py:183} INFO - Processing /home/airflow/.local/lib/python3.12/site-packages/airflow/example_dags/example_params_trigger_ui.py took 0.107 seconds
[2024-07-23T02:11:48.083+0000] {processor.py:161} INFO - Started process (PID=1625) to work on /home/airflow/.local/lib/python3.12/site-packages/airflow/example_dags/example_params_trigger_ui.py
[2024-07-23T02:11:48.084+0000] {processor.py:830} INFO - Processing file /home/airflow/.local/lib/python3.12/site-packages/airflow/example_dags/example_params_trigger_ui.py for tasks to queue
[2024-07-23T02:11:48.086+0000] {logging_mixin.py:188} INFO - [2024-07-23T02:11:48.085+0000] {dagbag.py:545} INFO - Filling up the DagBag from /home/airflow/.local/lib/python3.12/site-packages/airflow/example_dags/example_params_trigger_ui.py
[2024-07-23T02:11:48.097+0000] {processor.py:840} INFO - DAG(s) 'example_params_trigger_ui' retrieved from /home/airflow/.local/lib/python3.12/site-packages/airflow/example_dags/example_params_trigger_ui.py
[2024-07-23T02:11:48.148+0000] {logging_mixin.py:188} INFO - [2024-07-23T02:11:48.148+0000] {dag.py:3089} INFO - Sync 1 DAGs
[2024-07-23T02:11:48.162+0000] {logging_mixin.py:188} INFO - [2024-07-23T02:11:48.161+0000] {dag.py:3947} INFO - Setting next_dagrun for example_params_trigger_ui to None, run_after=None
[2024-07-23T02:11:48.185+0000] {processor.py:183} INFO - Processing /home/airflow/.local/lib/python3.12/site-packages/airflow/example_dags/example_params_trigger_ui.py took 0.108 seconds
[2024-07-23T02:12:18.428+0000] {processor.py:161} INFO - Started process (PID=1684) to work on /home/airflow/.local/lib/python3.12/site-packages/airflow/example_dags/example_params_trigger_ui.py
[2024-07-23T02:12:18.429+0000] {processor.py:830} INFO - Processing file /home/airflow/.local/lib/python3.12/site-packages/airflow/example_dags/example_params_trigger_ui.py for tasks to queue
[2024-07-23T02:12:18.431+0000] {logging_mixin.py:188} INFO - [2024-07-23T02:12:18.430+0000] {dagbag.py:545} INFO - Filling up the DagBag from /home/airflow/.local/lib/python3.12/site-packages/airflow/example_dags/example_params_trigger_ui.py
[2024-07-23T02:12:18.442+0000] {processor.py:840} INFO - DAG(s) 'example_params_trigger_ui' retrieved from /home/airflow/.local/lib/python3.12/site-packages/airflow/example_dags/example_params_trigger_ui.py
[2024-07-23T02:12:18.495+0000] {logging_mixin.py:188} INFO - [2024-07-23T02:12:18.495+0000] {dag.py:3089} INFO - Sync 1 DAGs
[2024-07-23T02:12:18.513+0000] {logging_mixin.py:188} INFO - [2024-07-23T02:12:18.513+0000] {dag.py:3947} INFO - Setting next_dagrun for example_params_trigger_ui to None, run_after=None
[2024-07-23T02:12:18.541+0000] {processor.py:183} INFO - Processing /home/airflow/.local/lib/python3.12/site-packages/airflow/example_dags/example_params_trigger_ui.py took 0.121 seconds
[2024-07-23T02:12:48.631+0000] {processor.py:161} INFO - Started process (PID=1744) to work on /home/airflow/.local/lib/python3.12/site-packages/airflow/example_dags/example_params_trigger_ui.py
[2024-07-23T02:12:48.632+0000] {processor.py:830} INFO - Processing file /home/airflow/.local/lib/python3.12/site-packages/airflow/example_dags/example_params_trigger_ui.py for tasks to queue
[2024-07-23T02:12:48.634+0000] {logging_mixin.py:188} INFO - [2024-07-23T02:12:48.633+0000] {dagbag.py:545} INFO - Filling up the DagBag from /home/airflow/.local/lib/python3.12/site-packages/airflow/example_dags/example_params_trigger_ui.py
[2024-07-23T02:12:48.644+0000] {processor.py:840} INFO - DAG(s) 'example_params_trigger_ui' retrieved from /home/airflow/.local/lib/python3.12/site-packages/airflow/example_dags/example_params_trigger_ui.py
[2024-07-23T02:12:48.696+0000] {logging_mixin.py:188} INFO - [2024-07-23T02:12:48.695+0000] {dag.py:3089} INFO - Sync 1 DAGs
[2024-07-23T02:12:48.708+0000] {logging_mixin.py:188} INFO - [2024-07-23T02:12:48.708+0000] {dag.py:3947} INFO - Setting next_dagrun for example_params_trigger_ui to None, run_after=None
[2024-07-23T02:12:48.728+0000] {processor.py:183} INFO - Processing /home/airflow/.local/lib/python3.12/site-packages/airflow/example_dags/example_params_trigger_ui.py took 0.103 seconds
[2024-07-23T02:13:19.239+0000] {processor.py:161} INFO - Started process (PID=1803) to work on /home/airflow/.local/lib/python3.12/site-packages/airflow/example_dags/example_params_trigger_ui.py
[2024-07-23T02:13:19.239+0000] {processor.py:830} INFO - Processing file /home/airflow/.local/lib/python3.12/site-packages/airflow/example_dags/example_params_trigger_ui.py for tasks to queue
[2024-07-23T02:13:19.241+0000] {logging_mixin.py:188} INFO - [2024-07-23T02:13:19.241+0000] {dagbag.py:545} INFO - Filling up the DagBag from /home/airflow/.local/lib/python3.12/site-packages/airflow/example_dags/example_params_trigger_ui.py
[2024-07-23T02:13:19.252+0000] {processor.py:840} INFO - DAG(s) 'example_params_trigger_ui' retrieved from /home/airflow/.local/lib/python3.12/site-packages/airflow/example_dags/example_params_trigger_ui.py
[2024-07-23T02:13:19.303+0000] {logging_mixin.py:188} INFO - [2024-07-23T02:13:19.303+0000] {dag.py:3089} INFO - Sync 1 DAGs
[2024-07-23T02:13:19.321+0000] {logging_mixin.py:188} INFO - [2024-07-23T02:13:19.321+0000] {dag.py:3947} INFO - Setting next_dagrun for example_params_trigger_ui to None, run_after=None
[2024-07-23T02:13:19.345+0000] {processor.py:183} INFO - Processing /home/airflow/.local/lib/python3.12/site-packages/airflow/example_dags/example_params_trigger_ui.py took 0.112 seconds
[2024-07-23T02:13:49.640+0000] {processor.py:161} INFO - Started process (PID=1871) to work on /home/airflow/.local/lib/python3.12/site-packages/airflow/example_dags/example_params_trigger_ui.py
[2024-07-23T02:13:49.642+0000] {processor.py:830} INFO - Processing file /home/airflow/.local/lib/python3.12/site-packages/airflow/example_dags/example_params_trigger_ui.py for tasks to queue
[2024-07-23T02:13:49.646+0000] {logging_mixin.py:188} INFO - [2024-07-23T02:13:49.645+0000] {dagbag.py:545} INFO - Filling up the DagBag from /home/airflow/.local/lib/python3.12/site-packages/airflow/example_dags/example_params_trigger_ui.py
[2024-07-23T02:13:49.667+0000] {processor.py:840} INFO - DAG(s) 'example_params_trigger_ui' retrieved from /home/airflow/.local/lib/python3.12/site-packages/airflow/example_dags/example_params_trigger_ui.py
[2024-07-23T02:13:49.807+0000] {logging_mixin.py:188} INFO - [2024-07-23T02:13:49.806+0000] {dag.py:3089} INFO - Sync 1 DAGs
[2024-07-23T02:13:49.839+0000] {logging_mixin.py:188} INFO - [2024-07-23T02:13:49.839+0000] {dag.py:3947} INFO - Setting next_dagrun for example_params_trigger_ui to None, run_after=None
[2024-07-23T02:13:49.887+0000] {processor.py:183} INFO - Processing /home/airflow/.local/lib/python3.12/site-packages/airflow/example_dags/example_params_trigger_ui.py took 0.260 seconds
[2024-07-23T02:14:20.679+0000] {processor.py:161} INFO - Started process (PID=1930) to work on /home/airflow/.local/lib/python3.12/site-packages/airflow/example_dags/example_params_trigger_ui.py
[2024-07-23T02:14:20.681+0000] {processor.py:830} INFO - Processing file /home/airflow/.local/lib/python3.12/site-packages/airflow/example_dags/example_params_trigger_ui.py for tasks to queue
[2024-07-23T02:14:20.684+0000] {logging_mixin.py:188} INFO - [2024-07-23T02:14:20.683+0000] {dagbag.py:545} INFO - Filling up the DagBag from /home/airflow/.local/lib/python3.12/site-packages/airflow/example_dags/example_params_trigger_ui.py
[2024-07-23T02:14:20.701+0000] {processor.py:840} INFO - DAG(s) 'example_params_trigger_ui' retrieved from /home/airflow/.local/lib/python3.12/site-packages/airflow/example_dags/example_params_trigger_ui.py
[2024-07-23T02:14:20.778+0000] {logging_mixin.py:188} INFO - [2024-07-23T02:14:20.778+0000] {dag.py:3089} INFO - Sync 1 DAGs
[2024-07-23T02:14:20.798+0000] {logging_mixin.py:188} INFO - [2024-07-23T02:14:20.798+0000] {dag.py:3947} INFO - Setting next_dagrun for example_params_trigger_ui to None, run_after=None
[2024-07-23T02:14:20.826+0000] {processor.py:183} INFO - Processing /home/airflow/.local/lib/python3.12/site-packages/airflow/example_dags/example_params_trigger_ui.py took 0.154 seconds
[2024-07-23T02:14:50.895+0000] {processor.py:161} INFO - Started process (PID=1989) to work on /home/airflow/.local/lib/python3.12/site-packages/airflow/example_dags/example_params_trigger_ui.py
[2024-07-23T02:14:50.896+0000] {processor.py:830} INFO - Processing file /home/airflow/.local/lib/python3.12/site-packages/airflow/example_dags/example_params_trigger_ui.py for tasks to queue
[2024-07-23T02:14:50.898+0000] {logging_mixin.py:188} INFO - [2024-07-23T02:14:50.898+0000] {dagbag.py:545} INFO - Filling up the DagBag from /home/airflow/.local/lib/python3.12/site-packages/airflow/example_dags/example_params_trigger_ui.py
[2024-07-23T02:14:50.908+0000] {processor.py:840} INFO - DAG(s) 'example_params_trigger_ui' retrieved from /home/airflow/.local/lib/python3.12/site-packages/airflow/example_dags/example_params_trigger_ui.py
[2024-07-23T02:14:50.964+0000] {logging_mixin.py:188} INFO - [2024-07-23T02:14:50.964+0000] {dag.py:3089} INFO - Sync 1 DAGs
[2024-07-23T02:14:50.982+0000] {logging_mixin.py:188} INFO - [2024-07-23T02:14:50.981+0000] {dag.py:3947} INFO - Setting next_dagrun for example_params_trigger_ui to None, run_after=None
[2024-07-23T02:14:51.004+0000] {processor.py:183} INFO - Processing /home/airflow/.local/lib/python3.12/site-packages/airflow/example_dags/example_params_trigger_ui.py took 0.115 seconds
[2024-07-23T02:15:26.307+0000] {processor.py:161} INFO - Started process (PID=2054) to work on /home/airflow/.local/lib/python3.12/site-packages/airflow/example_dags/example_params_trigger_ui.py
[2024-07-23T02:15:26.312+0000] {processor.py:830} INFO - Processing file /home/airflow/.local/lib/python3.12/site-packages/airflow/example_dags/example_params_trigger_ui.py for tasks to queue
[2024-07-23T02:15:26.320+0000] {logging_mixin.py:188} INFO - [2024-07-23T02:15:26.318+0000] {dagbag.py:545} INFO - Filling up the DagBag from /home/airflow/.local/lib/python3.12/site-packages/airflow/example_dags/example_params_trigger_ui.py
[2024-07-23T02:15:26.370+0000] {processor.py:840} INFO - DAG(s) 'example_params_trigger_ui' retrieved from /home/airflow/.local/lib/python3.12/site-packages/airflow/example_dags/example_params_trigger_ui.py
[2024-07-23T02:15:26.573+0000] {logging_mixin.py:188} INFO - [2024-07-23T02:15:26.573+0000] {dag.py:3089} INFO - Sync 1 DAGs
[2024-07-23T02:15:26.626+0000] {logging_mixin.py:188} INFO - [2024-07-23T02:15:26.624+0000] {dag.py:3947} INFO - Setting next_dagrun for example_params_trigger_ui to None, run_after=None
[2024-07-23T02:15:26.701+0000] {processor.py:183} INFO - Processing /home/airflow/.local/lib/python3.12/site-packages/airflow/example_dags/example_params_trigger_ui.py took 0.421 seconds
[2024-07-23T02:15:57.908+0000] {processor.py:161} INFO - Started process (PID=2114) to work on /home/airflow/.local/lib/python3.12/site-packages/airflow/example_dags/example_params_trigger_ui.py
[2024-07-23T02:15:57.912+0000] {processor.py:830} INFO - Processing file /home/airflow/.local/lib/python3.12/site-packages/airflow/example_dags/example_params_trigger_ui.py for tasks to queue
[2024-07-23T02:15:57.920+0000] {logging_mixin.py:188} INFO - [2024-07-23T02:15:57.918+0000] {dagbag.py:545} INFO - Filling up the DagBag from /home/airflow/.local/lib/python3.12/site-packages/airflow/example_dags/example_params_trigger_ui.py
[2024-07-23T02:15:57.962+0000] {processor.py:840} INFO - DAG(s) 'example_params_trigger_ui' retrieved from /home/airflow/.local/lib/python3.12/site-packages/airflow/example_dags/example_params_trigger_ui.py
[2024-07-23T02:15:58.600+0000] {logging_mixin.py:188} INFO - [2024-07-23T02:15:58.599+0000] {dag.py:3089} INFO - Sync 1 DAGs
[2024-07-23T02:15:58.644+0000] {logging_mixin.py:188} INFO - [2024-07-23T02:15:58.643+0000] {dag.py:3947} INFO - Setting next_dagrun for example_params_trigger_ui to None, run_after=None
[2024-07-23T02:15:58.707+0000] {processor.py:183} INFO - Processing /home/airflow/.local/lib/python3.12/site-packages/airflow/example_dags/example_params_trigger_ui.py took 0.831 seconds
[2024-07-23T02:16:29.290+0000] {processor.py:161} INFO - Started process (PID=2173) to work on /home/airflow/.local/lib/python3.12/site-packages/airflow/example_dags/example_params_trigger_ui.py
[2024-07-23T02:16:29.294+0000] {processor.py:830} INFO - Processing file /home/airflow/.local/lib/python3.12/site-packages/airflow/example_dags/example_params_trigger_ui.py for tasks to queue
[2024-07-23T02:16:29.301+0000] {logging_mixin.py:188} INFO - [2024-07-23T02:16:29.300+0000] {dagbag.py:545} INFO - Filling up the DagBag from /home/airflow/.local/lib/python3.12/site-packages/airflow/example_dags/example_params_trigger_ui.py
[2024-07-23T02:16:29.346+0000] {processor.py:840} INFO - DAG(s) 'example_params_trigger_ui' retrieved from /home/airflow/.local/lib/python3.12/site-packages/airflow/example_dags/example_params_trigger_ui.py
[2024-07-23T02:16:29.554+0000] {logging_mixin.py:188} INFO - [2024-07-23T02:16:29.553+0000] {dag.py:3089} INFO - Sync 1 DAGs
[2024-07-23T02:16:29.610+0000] {logging_mixin.py:188} INFO - [2024-07-23T02:16:29.609+0000] {dag.py:3947} INFO - Setting next_dagrun for example_params_trigger_ui to None, run_after=None
[2024-07-23T02:16:29.690+0000] {processor.py:183} INFO - Processing /home/airflow/.local/lib/python3.12/site-packages/airflow/example_dags/example_params_trigger_ui.py took 0.433 seconds
[2024-07-23T02:17:03.710+0000] {processor.py:161} INFO - Started process (PID=2241) to work on /home/airflow/.local/lib/python3.12/site-packages/airflow/example_dags/example_params_trigger_ui.py
[2024-07-23T02:17:03.716+0000] {processor.py:830} INFO - Processing file /home/airflow/.local/lib/python3.12/site-packages/airflow/example_dags/example_params_trigger_ui.py for tasks to queue
[2024-07-23T02:17:03.729+0000] {logging_mixin.py:188} INFO - [2024-07-23T02:17:03.727+0000] {dagbag.py:545} INFO - Filling up the DagBag from /home/airflow/.local/lib/python3.12/site-packages/airflow/example_dags/example_params_trigger_ui.py
[2024-07-23T02:17:03.831+0000] {processor.py:840} INFO - DAG(s) 'example_params_trigger_ui' retrieved from /home/airflow/.local/lib/python3.12/site-packages/airflow/example_dags/example_params_trigger_ui.py
[2024-07-23T02:17:04.368+0000] {logging_mixin.py:188} INFO - [2024-07-23T02:17:04.366+0000] {dag.py:3089} INFO - Sync 1 DAGs
[2024-07-23T02:17:04.496+0000] {logging_mixin.py:188} INFO - [2024-07-23T02:17:04.491+0000] {dag.py:3947} INFO - Setting next_dagrun for example_params_trigger_ui to None, run_after=None
[2024-07-23T02:17:04.644+0000] {processor.py:183} INFO - Processing /home/airflow/.local/lib/python3.12/site-packages/airflow/example_dags/example_params_trigger_ui.py took 1.045 seconds
[2024-07-23T02:17:35.145+0000] {processor.py:161} INFO - Started process (PID=2300) to work on /home/airflow/.local/lib/python3.12/site-packages/airflow/example_dags/example_params_trigger_ui.py
[2024-07-23T02:17:35.148+0000] {processor.py:830} INFO - Processing file /home/airflow/.local/lib/python3.12/site-packages/airflow/example_dags/example_params_trigger_ui.py for tasks to queue
[2024-07-23T02:17:35.154+0000] {logging_mixin.py:188} INFO - [2024-07-23T02:17:35.153+0000] {dagbag.py:545} INFO - Filling up the DagBag from /home/airflow/.local/lib/python3.12/site-packages/airflow/example_dags/example_params_trigger_ui.py
[2024-07-23T02:17:35.195+0000] {processor.py:840} INFO - DAG(s) 'example_params_trigger_ui' retrieved from /home/airflow/.local/lib/python3.12/site-packages/airflow/example_dags/example_params_trigger_ui.py
[2024-07-23T02:17:35.396+0000] {logging_mixin.py:188} INFO - [2024-07-23T02:17:35.395+0000] {dag.py:3089} INFO - Sync 1 DAGs
[2024-07-23T02:17:35.454+0000] {logging_mixin.py:188} INFO - [2024-07-23T02:17:35.453+0000] {dag.py:3947} INFO - Setting next_dagrun for example_params_trigger_ui to None, run_after=None
[2024-07-23T02:17:35.531+0000] {processor.py:183} INFO - Processing /home/airflow/.local/lib/python3.12/site-packages/airflow/example_dags/example_params_trigger_ui.py took 0.417 seconds
[2024-07-23T02:18:06.007+0000] {processor.py:161} INFO - Started process (PID=2360) to work on /home/airflow/.local/lib/python3.12/site-packages/airflow/example_dags/example_params_trigger_ui.py
[2024-07-23T02:18:06.013+0000] {processor.py:830} INFO - Processing file /home/airflow/.local/lib/python3.12/site-packages/airflow/example_dags/example_params_trigger_ui.py for tasks to queue
[2024-07-23T02:18:06.020+0000] {logging_mixin.py:188} INFO - [2024-07-23T02:18:06.019+0000] {dagbag.py:545} INFO - Filling up the DagBag from /home/airflow/.local/lib/python3.12/site-packages/airflow/example_dags/example_params_trigger_ui.py
[2024-07-23T02:18:06.061+0000] {processor.py:840} INFO - DAG(s) 'example_params_trigger_ui' retrieved from /home/airflow/.local/lib/python3.12/site-packages/airflow/example_dags/example_params_trigger_ui.py
[2024-07-23T02:18:06.277+0000] {logging_mixin.py:188} INFO - [2024-07-23T02:18:06.276+0000] {dag.py:3089} INFO - Sync 1 DAGs
[2024-07-23T02:18:06.350+0000] {logging_mixin.py:188} INFO - [2024-07-23T02:18:06.349+0000] {dag.py:3947} INFO - Setting next_dagrun for example_params_trigger_ui to None, run_after=None
[2024-07-23T02:18:06.435+0000] {processor.py:183} INFO - Processing /home/airflow/.local/lib/python3.12/site-packages/airflow/example_dags/example_params_trigger_ui.py took 0.460 seconds
[2024-07-23T02:18:36.640+0000] {processor.py:161} INFO - Started process (PID=2419) to work on /home/airflow/.local/lib/python3.12/site-packages/airflow/example_dags/example_params_trigger_ui.py
[2024-07-23T02:18:36.643+0000] {processor.py:830} INFO - Processing file /home/airflow/.local/lib/python3.12/site-packages/airflow/example_dags/example_params_trigger_ui.py for tasks to queue
[2024-07-23T02:18:36.651+0000] {logging_mixin.py:188} INFO - [2024-07-23T02:18:36.649+0000] {dagbag.py:545} INFO - Filling up the DagBag from /home/airflow/.local/lib/python3.12/site-packages/airflow/example_dags/example_params_trigger_ui.py
[2024-07-23T02:18:36.705+0000] {processor.py:840} INFO - DAG(s) 'example_params_trigger_ui' retrieved from /home/airflow/.local/lib/python3.12/site-packages/airflow/example_dags/example_params_trigger_ui.py
[2024-07-23T02:18:37.047+0000] {logging_mixin.py:188} INFO - [2024-07-23T02:18:37.045+0000] {dag.py:3089} INFO - Sync 1 DAGs
[2024-07-23T02:18:37.136+0000] {logging_mixin.py:188} INFO - [2024-07-23T02:18:37.134+0000] {dag.py:3947} INFO - Setting next_dagrun for example_params_trigger_ui to None, run_after=None
[2024-07-23T02:18:37.242+0000] {processor.py:183} INFO - Processing /home/airflow/.local/lib/python3.12/site-packages/airflow/example_dags/example_params_trigger_ui.py took 0.629 seconds
[2024-07-23T02:19:07.496+0000] {processor.py:161} INFO - Started process (PID=2480) to work on /home/airflow/.local/lib/python3.12/site-packages/airflow/example_dags/example_params_trigger_ui.py
[2024-07-23T02:19:07.499+0000] {processor.py:830} INFO - Processing file /home/airflow/.local/lib/python3.12/site-packages/airflow/example_dags/example_params_trigger_ui.py for tasks to queue
[2024-07-23T02:19:07.506+0000] {logging_mixin.py:188} INFO - [2024-07-23T02:19:07.504+0000] {dagbag.py:545} INFO - Filling up the DagBag from /home/airflow/.local/lib/python3.12/site-packages/airflow/example_dags/example_params_trigger_ui.py
[2024-07-23T02:19:07.545+0000] {processor.py:840} INFO - DAG(s) 'example_params_trigger_ui' retrieved from /home/airflow/.local/lib/python3.12/site-packages/airflow/example_dags/example_params_trigger_ui.py
[2024-07-23T02:19:07.726+0000] {logging_mixin.py:188} INFO - [2024-07-23T02:19:07.725+0000] {dag.py:3089} INFO - Sync 1 DAGs
[2024-07-23T02:19:07.774+0000] {logging_mixin.py:188} INFO - [2024-07-23T02:19:07.773+0000] {dag.py:3947} INFO - Setting next_dagrun for example_params_trigger_ui to None, run_after=None
[2024-07-23T02:19:07.837+0000] {processor.py:183} INFO - Processing /home/airflow/.local/lib/python3.12/site-packages/airflow/example_dags/example_params_trigger_ui.py took 0.367 seconds
[2024-07-23T02:19:37.926+0000] {processor.py:161} INFO - Started process (PID=2538) to work on /home/airflow/.local/lib/python3.12/site-packages/airflow/example_dags/example_params_trigger_ui.py
[2024-07-23T02:19:37.927+0000] {processor.py:830} INFO - Processing file /home/airflow/.local/lib/python3.12/site-packages/airflow/example_dags/example_params_trigger_ui.py for tasks to queue
[2024-07-23T02:19:37.930+0000] {logging_mixin.py:188} INFO - [2024-07-23T02:19:37.929+0000] {dagbag.py:545} INFO - Filling up the DagBag from /home/airflow/.local/lib/python3.12/site-packages/airflow/example_dags/example_params_trigger_ui.py
[2024-07-23T02:19:37.946+0000] {processor.py:840} INFO - DAG(s) 'example_params_trigger_ui' retrieved from /home/airflow/.local/lib/python3.12/site-packages/airflow/example_dags/example_params_trigger_ui.py
[2024-07-23T02:19:38.007+0000] {logging_mixin.py:188} INFO - [2024-07-23T02:19:38.006+0000] {dag.py:3089} INFO - Sync 1 DAGs
[2024-07-23T02:19:38.023+0000] {logging_mixin.py:188} INFO - [2024-07-23T02:19:38.023+0000] {dag.py:3947} INFO - Setting next_dagrun for example_params_trigger_ui to None, run_after=None
[2024-07-23T02:19:38.049+0000] {processor.py:183} INFO - Processing /home/airflow/.local/lib/python3.12/site-packages/airflow/example_dags/example_params_trigger_ui.py took 0.133 seconds
[2024-07-23T02:20:09.002+0000] {processor.py:161} INFO - Started process (PID=2596) to work on /home/airflow/.local/lib/python3.12/site-packages/airflow/example_dags/example_params_trigger_ui.py
[2024-07-23T02:20:09.005+0000] {processor.py:830} INFO - Processing file /home/airflow/.local/lib/python3.12/site-packages/airflow/example_dags/example_params_trigger_ui.py for tasks to queue
[2024-07-23T02:20:09.009+0000] {logging_mixin.py:188} INFO - [2024-07-23T02:20:09.009+0000] {dagbag.py:545} INFO - Filling up the DagBag from /home/airflow/.local/lib/python3.12/site-packages/airflow/example_dags/example_params_trigger_ui.py
[2024-07-23T02:20:09.037+0000] {processor.py:840} INFO - DAG(s) 'example_params_trigger_ui' retrieved from /home/airflow/.local/lib/python3.12/site-packages/airflow/example_dags/example_params_trigger_ui.py
[2024-07-23T02:20:09.184+0000] {logging_mixin.py:188} INFO - [2024-07-23T02:20:09.183+0000] {dag.py:3089} INFO - Sync 1 DAGs
[2024-07-23T02:20:09.221+0000] {logging_mixin.py:188} INFO - [2024-07-23T02:20:09.221+0000] {dag.py:3947} INFO - Setting next_dagrun for example_params_trigger_ui to None, run_after=None
[2024-07-23T02:20:09.272+0000] {processor.py:183} INFO - Processing /home/airflow/.local/lib/python3.12/site-packages/airflow/example_dags/example_params_trigger_ui.py took 0.287 seconds
[2024-07-23T02:20:39.400+0000] {processor.py:161} INFO - Started process (PID=2652) to work on /home/airflow/.local/lib/python3.12/site-packages/airflow/example_dags/example_params_trigger_ui.py
[2024-07-23T02:20:39.402+0000] {processor.py:830} INFO - Processing file /home/airflow/.local/lib/python3.12/site-packages/airflow/example_dags/example_params_trigger_ui.py for tasks to queue
[2024-07-23T02:20:39.404+0000] {logging_mixin.py:188} INFO - [2024-07-23T02:20:39.404+0000] {dagbag.py:545} INFO - Filling up the DagBag from /home/airflow/.local/lib/python3.12/site-packages/airflow/example_dags/example_params_trigger_ui.py
[2024-07-23T02:20:39.418+0000] {processor.py:840} INFO - DAG(s) 'example_params_trigger_ui' retrieved from /home/airflow/.local/lib/python3.12/site-packages/airflow/example_dags/example_params_trigger_ui.py
[2024-07-23T02:20:39.477+0000] {logging_mixin.py:188} INFO - [2024-07-23T02:20:39.477+0000] {dag.py:3089} INFO - Sync 1 DAGs
[2024-07-23T02:20:39.493+0000] {logging_mixin.py:188} INFO - [2024-07-23T02:20:39.493+0000] {dag.py:3947} INFO - Setting next_dagrun for example_params_trigger_ui to None, run_after=None
[2024-07-23T02:20:39.518+0000] {processor.py:183} INFO - Processing /home/airflow/.local/lib/python3.12/site-packages/airflow/example_dags/example_params_trigger_ui.py took 0.126 seconds
[2024-07-23T02:21:09.549+0000] {processor.py:161} INFO - Started process (PID=2711) to work on /home/airflow/.local/lib/python3.12/site-packages/airflow/example_dags/example_params_trigger_ui.py
[2024-07-23T02:21:09.549+0000] {processor.py:830} INFO - Processing file /home/airflow/.local/lib/python3.12/site-packages/airflow/example_dags/example_params_trigger_ui.py for tasks to queue
[2024-07-23T02:21:09.551+0000] {logging_mixin.py:188} INFO - [2024-07-23T02:21:09.551+0000] {dagbag.py:545} INFO - Filling up the DagBag from /home/airflow/.local/lib/python3.12/site-packages/airflow/example_dags/example_params_trigger_ui.py
[2024-07-23T02:21:09.560+0000] {processor.py:840} INFO - DAG(s) 'example_params_trigger_ui' retrieved from /home/airflow/.local/lib/python3.12/site-packages/airflow/example_dags/example_params_trigger_ui.py
[2024-07-23T02:21:09.605+0000] {logging_mixin.py:188} INFO - [2024-07-23T02:21:09.605+0000] {dag.py:3089} INFO - Sync 1 DAGs
[2024-07-23T02:21:09.617+0000] {logging_mixin.py:188} INFO - [2024-07-23T02:21:09.617+0000] {dag.py:3947} INFO - Setting next_dagrun for example_params_trigger_ui to None, run_after=None
[2024-07-23T02:21:09.637+0000] {processor.py:183} INFO - Processing /home/airflow/.local/lib/python3.12/site-packages/airflow/example_dags/example_params_trigger_ui.py took 0.095 seconds
[2024-07-23T02:21:39.834+0000] {processor.py:161} INFO - Started process (PID=2771) to work on /home/airflow/.local/lib/python3.12/site-packages/airflow/example_dags/example_params_trigger_ui.py
[2024-07-23T02:21:39.835+0000] {processor.py:830} INFO - Processing file /home/airflow/.local/lib/python3.12/site-packages/airflow/example_dags/example_params_trigger_ui.py for tasks to queue
[2024-07-23T02:21:39.837+0000] {logging_mixin.py:188} INFO - [2024-07-23T02:21:39.837+0000] {dagbag.py:545} INFO - Filling up the DagBag from /home/airflow/.local/lib/python3.12/site-packages/airflow/example_dags/example_params_trigger_ui.py
[2024-07-23T02:21:39.846+0000] {processor.py:840} INFO - DAG(s) 'example_params_trigger_ui' retrieved from /home/airflow/.local/lib/python3.12/site-packages/airflow/example_dags/example_params_trigger_ui.py
[2024-07-23T02:21:39.891+0000] {logging_mixin.py:188} INFO - [2024-07-23T02:21:39.891+0000] {dag.py:3089} INFO - Sync 1 DAGs
[2024-07-23T02:21:39.903+0000] {logging_mixin.py:188} INFO - [2024-07-23T02:21:39.903+0000] {dag.py:3947} INFO - Setting next_dagrun for example_params_trigger_ui to None, run_after=None
[2024-07-23T02:21:39.925+0000] {processor.py:183} INFO - Processing /home/airflow/.local/lib/python3.12/site-packages/airflow/example_dags/example_params_trigger_ui.py took 0.097 seconds
[2024-07-23T02:22:10.107+0000] {processor.py:161} INFO - Started process (PID=2830) to work on /home/airflow/.local/lib/python3.12/site-packages/airflow/example_dags/example_params_trigger_ui.py
[2024-07-23T02:22:10.108+0000] {processor.py:830} INFO - Processing file /home/airflow/.local/lib/python3.12/site-packages/airflow/example_dags/example_params_trigger_ui.py for tasks to queue
[2024-07-23T02:22:10.110+0000] {logging_mixin.py:188} INFO - [2024-07-23T02:22:10.109+0000] {dagbag.py:545} INFO - Filling up the DagBag from /home/airflow/.local/lib/python3.12/site-packages/airflow/example_dags/example_params_trigger_ui.py
[2024-07-23T02:22:10.120+0000] {processor.py:840} INFO - DAG(s) 'example_params_trigger_ui' retrieved from /home/airflow/.local/lib/python3.12/site-packages/airflow/example_dags/example_params_trigger_ui.py
[2024-07-23T02:22:10.170+0000] {logging_mixin.py:188} INFO - [2024-07-23T02:22:10.170+0000] {dag.py:3089} INFO - Sync 1 DAGs
[2024-07-23T02:22:10.187+0000] {logging_mixin.py:188} INFO - [2024-07-23T02:22:10.187+0000] {dag.py:3947} INFO - Setting next_dagrun for example_params_trigger_ui to None, run_after=None
[2024-07-23T02:22:10.208+0000] {processor.py:183} INFO - Processing /home/airflow/.local/lib/python3.12/site-packages/airflow/example_dags/example_params_trigger_ui.py took 0.108 seconds
[2024-07-23T02:22:40.753+0000] {processor.py:161} INFO - Started process (PID=2889) to work on /home/airflow/.local/lib/python3.12/site-packages/airflow/example_dags/example_params_trigger_ui.py
[2024-07-23T02:22:40.755+0000] {processor.py:830} INFO - Processing file /home/airflow/.local/lib/python3.12/site-packages/airflow/example_dags/example_params_trigger_ui.py for tasks to queue
[2024-07-23T02:22:40.758+0000] {logging_mixin.py:188} INFO - [2024-07-23T02:22:40.757+0000] {dagbag.py:545} INFO - Filling up the DagBag from /home/airflow/.local/lib/python3.12/site-packages/airflow/example_dags/example_params_trigger_ui.py
[2024-07-23T02:22:40.770+0000] {processor.py:840} INFO - DAG(s) 'example_params_trigger_ui' retrieved from /home/airflow/.local/lib/python3.12/site-packages/airflow/example_dags/example_params_trigger_ui.py
[2024-07-23T02:22:40.826+0000] {logging_mixin.py:188} INFO - [2024-07-23T02:22:40.825+0000] {dag.py:3089} INFO - Sync 1 DAGs
[2024-07-23T02:22:40.841+0000] {logging_mixin.py:188} INFO - [2024-07-23T02:22:40.841+0000] {dag.py:3947} INFO - Setting next_dagrun for example_params_trigger_ui to None, run_after=None
[2024-07-23T02:22:40.866+0000] {processor.py:183} INFO - Processing /home/airflow/.local/lib/python3.12/site-packages/airflow/example_dags/example_params_trigger_ui.py took 0.119 seconds
[2024-07-23T02:23:11.328+0000] {processor.py:161} INFO - Started process (PID=2955) to work on /home/airflow/.local/lib/python3.12/site-packages/airflow/example_dags/example_params_trigger_ui.py
[2024-07-23T02:23:11.329+0000] {processor.py:830} INFO - Processing file /home/airflow/.local/lib/python3.12/site-packages/airflow/example_dags/example_params_trigger_ui.py for tasks to queue
[2024-07-23T02:23:11.333+0000] {logging_mixin.py:188} INFO - [2024-07-23T02:23:11.332+0000] {dagbag.py:545} INFO - Filling up the DagBag from /home/airflow/.local/lib/python3.12/site-packages/airflow/example_dags/example_params_trigger_ui.py
[2024-07-23T02:23:11.346+0000] {processor.py:840} INFO - DAG(s) 'example_params_trigger_ui' retrieved from /home/airflow/.local/lib/python3.12/site-packages/airflow/example_dags/example_params_trigger_ui.py
[2024-07-23T02:23:11.454+0000] {logging_mixin.py:188} INFO - [2024-07-23T02:23:11.454+0000] {dag.py:3089} INFO - Sync 1 DAGs
[2024-07-23T02:23:11.478+0000] {logging_mixin.py:188} INFO - [2024-07-23T02:23:11.477+0000] {dag.py:3947} INFO - Setting next_dagrun for example_params_trigger_ui to None, run_after=None
[2024-07-23T02:23:11.518+0000] {processor.py:183} INFO - Processing /home/airflow/.local/lib/python3.12/site-packages/airflow/example_dags/example_params_trigger_ui.py took 0.197 seconds
[2024-07-23T02:23:41.604+0000] {processor.py:161} INFO - Started process (PID=3013) to work on /home/airflow/.local/lib/python3.12/site-packages/airflow/example_dags/example_params_trigger_ui.py
[2024-07-23T02:23:41.606+0000] {processor.py:830} INFO - Processing file /home/airflow/.local/lib/python3.12/site-packages/airflow/example_dags/example_params_trigger_ui.py for tasks to queue
[2024-07-23T02:23:41.612+0000] {logging_mixin.py:188} INFO - [2024-07-23T02:23:41.611+0000] {dagbag.py:545} INFO - Filling up the DagBag from /home/airflow/.local/lib/python3.12/site-packages/airflow/example_dags/example_params_trigger_ui.py
[2024-07-23T02:23:41.645+0000] {processor.py:840} INFO - DAG(s) 'example_params_trigger_ui' retrieved from /home/airflow/.local/lib/python3.12/site-packages/airflow/example_dags/example_params_trigger_ui.py
[2024-07-23T02:23:41.809+0000] {logging_mixin.py:188} INFO - [2024-07-23T02:23:41.808+0000] {dag.py:3089} INFO - Sync 1 DAGs
[2024-07-23T02:23:41.855+0000] {logging_mixin.py:188} INFO - [2024-07-23T02:23:41.855+0000] {dag.py:3947} INFO - Setting next_dagrun for example_params_trigger_ui to None, run_after=None
[2024-07-23T02:23:41.921+0000] {processor.py:183} INFO - Processing /home/airflow/.local/lib/python3.12/site-packages/airflow/example_dags/example_params_trigger_ui.py took 0.340 seconds
[2024-07-23T02:24:12.026+0000] {processor.py:161} INFO - Started process (PID=3072) to work on /home/airflow/.local/lib/python3.12/site-packages/airflow/example_dags/example_params_trigger_ui.py
[2024-07-23T02:24:12.030+0000] {processor.py:830} INFO - Processing file /home/airflow/.local/lib/python3.12/site-packages/airflow/example_dags/example_params_trigger_ui.py for tasks to queue
[2024-07-23T02:24:12.037+0000] {logging_mixin.py:188} INFO - [2024-07-23T02:24:12.036+0000] {dagbag.py:545} INFO - Filling up the DagBag from /home/airflow/.local/lib/python3.12/site-packages/airflow/example_dags/example_params_trigger_ui.py
[2024-07-23T02:24:12.073+0000] {processor.py:840} INFO - DAG(s) 'example_params_trigger_ui' retrieved from /home/airflow/.local/lib/python3.12/site-packages/airflow/example_dags/example_params_trigger_ui.py
[2024-07-23T02:24:12.275+0000] {logging_mixin.py:188} INFO - [2024-07-23T02:24:12.274+0000] {dag.py:3089} INFO - Sync 1 DAGs
[2024-07-23T02:24:12.327+0000] {logging_mixin.py:188} INFO - [2024-07-23T02:24:12.326+0000] {dag.py:3947} INFO - Setting next_dagrun for example_params_trigger_ui to None, run_after=None
[2024-07-23T02:24:12.403+0000] {processor.py:183} INFO - Processing /home/airflow/.local/lib/python3.12/site-packages/airflow/example_dags/example_params_trigger_ui.py took 0.400 seconds
[2024-07-23T02:24:42.745+0000] {processor.py:161} INFO - Started process (PID=3131) to work on /home/airflow/.local/lib/python3.12/site-packages/airflow/example_dags/example_params_trigger_ui.py
[2024-07-23T02:24:42.748+0000] {processor.py:830} INFO - Processing file /home/airflow/.local/lib/python3.12/site-packages/airflow/example_dags/example_params_trigger_ui.py for tasks to queue
[2024-07-23T02:24:42.754+0000] {logging_mixin.py:188} INFO - [2024-07-23T02:24:42.753+0000] {dagbag.py:545} INFO - Filling up the DagBag from /home/airflow/.local/lib/python3.12/site-packages/airflow/example_dags/example_params_trigger_ui.py
[2024-07-23T02:24:42.790+0000] {processor.py:840} INFO - DAG(s) 'example_params_trigger_ui' retrieved from /home/airflow/.local/lib/python3.12/site-packages/airflow/example_dags/example_params_trigger_ui.py
[2024-07-23T02:24:42.980+0000] {logging_mixin.py:188} INFO - [2024-07-23T02:24:42.979+0000] {dag.py:3089} INFO - Sync 1 DAGs
[2024-07-23T02:24:43.033+0000] {logging_mixin.py:188} INFO - [2024-07-23T02:24:43.032+0000] {dag.py:3947} INFO - Setting next_dagrun for example_params_trigger_ui to None, run_after=None
[2024-07-23T02:24:43.111+0000] {processor.py:183} INFO - Processing /home/airflow/.local/lib/python3.12/site-packages/airflow/example_dags/example_params_trigger_ui.py took 0.389 seconds
[2024-07-23T02:25:13.954+0000] {processor.py:161} INFO - Started process (PID=3189) to work on /home/airflow/.local/lib/python3.12/site-packages/airflow/example_dags/example_params_trigger_ui.py
[2024-07-23T02:25:13.955+0000] {processor.py:830} INFO - Processing file /home/airflow/.local/lib/python3.12/site-packages/airflow/example_dags/example_params_trigger_ui.py for tasks to queue
[2024-07-23T02:25:13.957+0000] {logging_mixin.py:188} INFO - [2024-07-23T02:25:13.957+0000] {dagbag.py:545} INFO - Filling up the DagBag from /home/airflow/.local/lib/python3.12/site-packages/airflow/example_dags/example_params_trigger_ui.py
[2024-07-23T02:25:13.969+0000] {processor.py:840} INFO - DAG(s) 'example_params_trigger_ui' retrieved from /home/airflow/.local/lib/python3.12/site-packages/airflow/example_dags/example_params_trigger_ui.py
[2024-07-23T02:25:14.020+0000] {logging_mixin.py:188} INFO - [2024-07-23T02:25:14.020+0000] {dag.py:3089} INFO - Sync 1 DAGs
[2024-07-23T02:25:14.033+0000] {logging_mixin.py:188} INFO - [2024-07-23T02:25:14.033+0000] {dag.py:3947} INFO - Setting next_dagrun for example_params_trigger_ui to None, run_after=None
[2024-07-23T02:25:14.054+0000] {processor.py:183} INFO - Processing /home/airflow/.local/lib/python3.12/site-packages/airflow/example_dags/example_params_trigger_ui.py took 0.106 seconds
[2024-07-23T02:25:44.438+0000] {processor.py:161} INFO - Started process (PID=3248) to work on /home/airflow/.local/lib/python3.12/site-packages/airflow/example_dags/example_params_trigger_ui.py
[2024-07-23T02:25:44.439+0000] {processor.py:830} INFO - Processing file /home/airflow/.local/lib/python3.12/site-packages/airflow/example_dags/example_params_trigger_ui.py for tasks to queue
[2024-07-23T02:25:44.442+0000] {logging_mixin.py:188} INFO - [2024-07-23T02:25:44.441+0000] {dagbag.py:545} INFO - Filling up the DagBag from /home/airflow/.local/lib/python3.12/site-packages/airflow/example_dags/example_params_trigger_ui.py
[2024-07-23T02:25:44.453+0000] {processor.py:840} INFO - DAG(s) 'example_params_trigger_ui' retrieved from /home/airflow/.local/lib/python3.12/site-packages/airflow/example_dags/example_params_trigger_ui.py
[2024-07-23T02:25:44.508+0000] {logging_mixin.py:188} INFO - [2024-07-23T02:25:44.508+0000] {dag.py:3089} INFO - Sync 1 DAGs
[2024-07-23T02:25:44.524+0000] {logging_mixin.py:188} INFO - [2024-07-23T02:25:44.523+0000] {dag.py:3947} INFO - Setting next_dagrun for example_params_trigger_ui to None, run_after=None
[2024-07-23T02:25:44.548+0000] {processor.py:183} INFO - Processing /home/airflow/.local/lib/python3.12/site-packages/airflow/example_dags/example_params_trigger_ui.py took 0.117 seconds
[2024-07-23T02:26:14.699+0000] {processor.py:161} INFO - Started process (PID=3307) to work on /home/airflow/.local/lib/python3.12/site-packages/airflow/example_dags/example_params_trigger_ui.py
[2024-07-23T02:26:14.700+0000] {processor.py:830} INFO - Processing file /home/airflow/.local/lib/python3.12/site-packages/airflow/example_dags/example_params_trigger_ui.py for tasks to queue
[2024-07-23T02:26:14.703+0000] {logging_mixin.py:188} INFO - [2024-07-23T02:26:14.702+0000] {dagbag.py:545} INFO - Filling up the DagBag from /home/airflow/.local/lib/python3.12/site-packages/airflow/example_dags/example_params_trigger_ui.py
[2024-07-23T02:26:14.716+0000] {processor.py:840} INFO - DAG(s) 'example_params_trigger_ui' retrieved from /home/airflow/.local/lib/python3.12/site-packages/airflow/example_dags/example_params_trigger_ui.py
[2024-07-23T02:26:14.788+0000] {logging_mixin.py:188} INFO - [2024-07-23T02:26:14.787+0000] {dag.py:3089} INFO - Sync 1 DAGs
[2024-07-23T02:26:14.807+0000] {logging_mixin.py:188} INFO - [2024-07-23T02:26:14.806+0000] {dag.py:3947} INFO - Setting next_dagrun for example_params_trigger_ui to None, run_after=None
[2024-07-23T02:26:14.837+0000] {processor.py:183} INFO - Processing /home/airflow/.local/lib/python3.12/site-packages/airflow/example_dags/example_params_trigger_ui.py took 0.148 seconds
[2024-07-23T02:26:44.967+0000] {processor.py:161} INFO - Started process (PID=3366) to work on /home/airflow/.local/lib/python3.12/site-packages/airflow/example_dags/example_params_trigger_ui.py
[2024-07-23T02:26:44.970+0000] {processor.py:830} INFO - Processing file /home/airflow/.local/lib/python3.12/site-packages/airflow/example_dags/example_params_trigger_ui.py for tasks to queue
[2024-07-23T02:26:44.976+0000] {logging_mixin.py:188} INFO - [2024-07-23T02:26:44.975+0000] {dagbag.py:545} INFO - Filling up the DagBag from /home/airflow/.local/lib/python3.12/site-packages/airflow/example_dags/example_params_trigger_ui.py
[2024-07-23T02:26:45.021+0000] {processor.py:840} INFO - DAG(s) 'example_params_trigger_ui' retrieved from /home/airflow/.local/lib/python3.12/site-packages/airflow/example_dags/example_params_trigger_ui.py
[2024-07-23T02:26:45.280+0000] {logging_mixin.py:188} INFO - [2024-07-23T02:26:45.279+0000] {dag.py:3089} INFO - Sync 1 DAGs
[2024-07-23T02:26:45.331+0000] {logging_mixin.py:188} INFO - [2024-07-23T02:26:45.331+0000] {dag.py:3947} INFO - Setting next_dagrun for example_params_trigger_ui to None, run_after=None
[2024-07-23T02:26:45.398+0000] {processor.py:183} INFO - Processing /home/airflow/.local/lib/python3.12/site-packages/airflow/example_dags/example_params_trigger_ui.py took 0.454 seconds
[2024-07-23T02:27:15.937+0000] {processor.py:161} INFO - Started process (PID=3425) to work on /home/airflow/.local/lib/python3.12/site-packages/airflow/example_dags/example_params_trigger_ui.py
[2024-07-23T02:27:15.941+0000] {processor.py:830} INFO - Processing file /home/airflow/.local/lib/python3.12/site-packages/airflow/example_dags/example_params_trigger_ui.py for tasks to queue
[2024-07-23T02:27:15.949+0000] {logging_mixin.py:188} INFO - [2024-07-23T02:27:15.947+0000] {dagbag.py:545} INFO - Filling up the DagBag from /home/airflow/.local/lib/python3.12/site-packages/airflow/example_dags/example_params_trigger_ui.py
[2024-07-23T02:27:15.988+0000] {processor.py:840} INFO - DAG(s) 'example_params_trigger_ui' retrieved from /home/airflow/.local/lib/python3.12/site-packages/airflow/example_dags/example_params_trigger_ui.py
[2024-07-23T02:27:16.177+0000] {logging_mixin.py:188} INFO - [2024-07-23T02:27:16.176+0000] {dag.py:3089} INFO - Sync 1 DAGs
[2024-07-23T02:27:16.229+0000] {logging_mixin.py:188} INFO - [2024-07-23T02:27:16.228+0000] {dag.py:3947} INFO - Setting next_dagrun for example_params_trigger_ui to None, run_after=None
[2024-07-23T02:27:16.296+0000] {processor.py:183} INFO - Processing /home/airflow/.local/lib/python3.12/site-packages/airflow/example_dags/example_params_trigger_ui.py took 0.385 seconds
[2024-07-23T02:27:47.109+0000] {processor.py:161} INFO - Started process (PID=3484) to work on /home/airflow/.local/lib/python3.12/site-packages/airflow/example_dags/example_params_trigger_ui.py
[2024-07-23T02:27:47.110+0000] {processor.py:830} INFO - Processing file /home/airflow/.local/lib/python3.12/site-packages/airflow/example_dags/example_params_trigger_ui.py for tasks to queue
[2024-07-23T02:27:47.112+0000] {logging_mixin.py:188} INFO - [2024-07-23T02:27:47.112+0000] {dagbag.py:545} INFO - Filling up the DagBag from /home/airflow/.local/lib/python3.12/site-packages/airflow/example_dags/example_params_trigger_ui.py
[2024-07-23T02:27:47.122+0000] {processor.py:840} INFO - DAG(s) 'example_params_trigger_ui' retrieved from /home/airflow/.local/lib/python3.12/site-packages/airflow/example_dags/example_params_trigger_ui.py
[2024-07-23T02:27:47.178+0000] {logging_mixin.py:188} INFO - [2024-07-23T02:27:47.178+0000] {dag.py:3089} INFO - Sync 1 DAGs
[2024-07-23T02:27:47.195+0000] {logging_mixin.py:188} INFO - [2024-07-23T02:27:47.194+0000] {dag.py:3947} INFO - Setting next_dagrun for example_params_trigger_ui to None, run_after=None
[2024-07-23T02:27:47.222+0000] {processor.py:183} INFO - Processing /home/airflow/.local/lib/python3.12/site-packages/airflow/example_dags/example_params_trigger_ui.py took 0.119 seconds
