[2024-07-23T01:58:19.669+0000] {processor.py:161} INFO - Started process (PID=68) to work on /home/airflow/.local/lib/python3.12/site-packages/airflow/example_dags/example_latest_only.py
[2024-07-23T01:58:19.670+0000] {processor.py:830} INFO - Processing file /home/airflow/.local/lib/python3.12/site-packages/airflow/example_dags/example_latest_only.py for tasks to queue
[2024-07-23T01:58:19.673+0000] {logging_mixin.py:188} INFO - [2024-07-23T01:58:19.672+0000] {dagbag.py:545} INFO - Filling up the DagBag from /home/airflow/.local/lib/python3.12/site-packages/airflow/example_dags/example_latest_only.py
[2024-07-23T01:58:19.683+0000] {processor.py:840} INFO - DAG(s) 'latest_only' retrieved from /home/airflow/.local/lib/python3.12/site-packages/airflow/example_dags/example_latest_only.py
[2024-07-23T01:58:19.882+0000] {logging_mixin.py:188} INFO - [2024-07-23T01:58:19.882+0000] {dag.py:3089} INFO - Sync 1 DAGs
[2024-07-23T01:58:19.924+0000] {logging_mixin.py:188} INFO - [2024-07-23T01:58:19.924+0000] {dag.py:3947} INFO - Setting next_dagrun for latest_only to 2024-07-22 20:00:00+00:00, run_after=2024-07-23 00:00:00+00:00
[2024-07-23T01:58:19.962+0000] {processor.py:183} INFO - Processing /home/airflow/.local/lib/python3.12/site-packages/airflow/example_dags/example_latest_only.py took 0.300 seconds
[2024-07-23T01:58:50.061+0000] {processor.py:161} INFO - Started process (PID=132) to work on /home/airflow/.local/lib/python3.12/site-packages/airflow/example_dags/example_latest_only.py
[2024-07-23T01:58:50.062+0000] {processor.py:830} INFO - Processing file /home/airflow/.local/lib/python3.12/site-packages/airflow/example_dags/example_latest_only.py for tasks to queue
[2024-07-23T01:58:50.064+0000] {logging_mixin.py:188} INFO - [2024-07-23T01:58:50.064+0000] {dagbag.py:545} INFO - Filling up the DagBag from /home/airflow/.local/lib/python3.12/site-packages/airflow/example_dags/example_latest_only.py
[2024-07-23T01:58:50.070+0000] {processor.py:840} INFO - DAG(s) 'latest_only' retrieved from /home/airflow/.local/lib/python3.12/site-packages/airflow/example_dags/example_latest_only.py
[2024-07-23T01:58:50.091+0000] {logging_mixin.py:188} INFO - [2024-07-23T01:58:50.091+0000] {dag.py:3089} INFO - Sync 1 DAGs
[2024-07-23T01:58:50.112+0000] {logging_mixin.py:188} INFO - [2024-07-23T01:58:50.112+0000] {dag.py:3947} INFO - Setting next_dagrun for latest_only to 2024-07-22 20:00:00+00:00, run_after=2024-07-23 00:00:00+00:00
[2024-07-23T01:58:50.132+0000] {processor.py:183} INFO - Processing /home/airflow/.local/lib/python3.12/site-packages/airflow/example_dags/example_latest_only.py took 0.078 seconds
[2024-07-23T01:59:20.522+0000] {processor.py:161} INFO - Started process (PID=190) to work on /home/airflow/.local/lib/python3.12/site-packages/airflow/example_dags/example_latest_only.py
[2024-07-23T01:59:20.523+0000] {processor.py:830} INFO - Processing file /home/airflow/.local/lib/python3.12/site-packages/airflow/example_dags/example_latest_only.py for tasks to queue
[2024-07-23T01:59:20.525+0000] {logging_mixin.py:188} INFO - [2024-07-23T01:59:20.525+0000] {dagbag.py:545} INFO - Filling up the DagBag from /home/airflow/.local/lib/python3.12/site-packages/airflow/example_dags/example_latest_only.py
[2024-07-23T01:59:20.531+0000] {processor.py:840} INFO - DAG(s) 'latest_only' retrieved from /home/airflow/.local/lib/python3.12/site-packages/airflow/example_dags/example_latest_only.py
[2024-07-23T01:59:20.556+0000] {logging_mixin.py:188} INFO - [2024-07-23T01:59:20.556+0000] {dag.py:3089} INFO - Sync 1 DAGs
[2024-07-23T01:59:20.581+0000] {logging_mixin.py:188} INFO - [2024-07-23T01:59:20.581+0000] {dag.py:3947} INFO - Setting next_dagrun for latest_only to 2024-07-22 20:00:00+00:00, run_after=2024-07-23 00:00:00+00:00
[2024-07-23T01:59:20.605+0000] {processor.py:183} INFO - Processing /home/airflow/.local/lib/python3.12/site-packages/airflow/example_dags/example_latest_only.py took 0.091 seconds
[2024-07-23T01:59:50.931+0000] {processor.py:161} INFO - Started process (PID=248) to work on /home/airflow/.local/lib/python3.12/site-packages/airflow/example_dags/example_latest_only.py
[2024-07-23T01:59:50.932+0000] {processor.py:830} INFO - Processing file /home/airflow/.local/lib/python3.12/site-packages/airflow/example_dags/example_latest_only.py for tasks to queue
[2024-07-23T01:59:50.934+0000] {logging_mixin.py:188} INFO - [2024-07-23T01:59:50.933+0000] {dagbag.py:545} INFO - Filling up the DagBag from /home/airflow/.local/lib/python3.12/site-packages/airflow/example_dags/example_latest_only.py
[2024-07-23T01:59:50.939+0000] {processor.py:840} INFO - DAG(s) 'latest_only' retrieved from /home/airflow/.local/lib/python3.12/site-packages/airflow/example_dags/example_latest_only.py
[2024-07-23T01:59:50.961+0000] {logging_mixin.py:188} INFO - [2024-07-23T01:59:50.961+0000] {dag.py:3089} INFO - Sync 1 DAGs
[2024-07-23T01:59:50.984+0000] {logging_mixin.py:188} INFO - [2024-07-23T01:59:50.984+0000] {dag.py:3947} INFO - Setting next_dagrun for latest_only to 2024-07-22 20:00:00+00:00, run_after=2024-07-23 00:00:00+00:00
[2024-07-23T01:59:51.007+0000] {processor.py:183} INFO - Processing /home/airflow/.local/lib/python3.12/site-packages/airflow/example_dags/example_latest_only.py took 0.085 seconds
[2024-07-23T02:00:21.210+0000] {processor.py:161} INFO - Started process (PID=306) to work on /home/airflow/.local/lib/python3.12/site-packages/airflow/example_dags/example_latest_only.py
[2024-07-23T02:00:21.211+0000] {processor.py:830} INFO - Processing file /home/airflow/.local/lib/python3.12/site-packages/airflow/example_dags/example_latest_only.py for tasks to queue
[2024-07-23T02:00:21.213+0000] {logging_mixin.py:188} INFO - [2024-07-23T02:00:21.212+0000] {dagbag.py:545} INFO - Filling up the DagBag from /home/airflow/.local/lib/python3.12/site-packages/airflow/example_dags/example_latest_only.py
[2024-07-23T02:00:21.220+0000] {processor.py:840} INFO - DAG(s) 'latest_only' retrieved from /home/airflow/.local/lib/python3.12/site-packages/airflow/example_dags/example_latest_only.py
[2024-07-23T02:00:21.251+0000] {logging_mixin.py:188} INFO - [2024-07-23T02:00:21.250+0000] {dag.py:3089} INFO - Sync 1 DAGs
[2024-07-23T02:00:21.287+0000] {logging_mixin.py:188} INFO - [2024-07-23T02:00:21.287+0000] {dag.py:3947} INFO - Setting next_dagrun for latest_only to 2024-07-22 20:00:00+00:00, run_after=2024-07-23 00:00:00+00:00
[2024-07-23T02:00:21.312+0000] {processor.py:183} INFO - Processing /home/airflow/.local/lib/python3.12/site-packages/airflow/example_dags/example_latest_only.py took 0.111 seconds
[2024-07-23T02:00:51.599+0000] {processor.py:161} INFO - Started process (PID=363) to work on /home/airflow/.local/lib/python3.12/site-packages/airflow/example_dags/example_latest_only.py
[2024-07-23T02:00:51.600+0000] {processor.py:830} INFO - Processing file /home/airflow/.local/lib/python3.12/site-packages/airflow/example_dags/example_latest_only.py for tasks to queue
[2024-07-23T02:00:51.601+0000] {logging_mixin.py:188} INFO - [2024-07-23T02:00:51.601+0000] {dagbag.py:545} INFO - Filling up the DagBag from /home/airflow/.local/lib/python3.12/site-packages/airflow/example_dags/example_latest_only.py
[2024-07-23T02:00:51.606+0000] {processor.py:840} INFO - DAG(s) 'latest_only' retrieved from /home/airflow/.local/lib/python3.12/site-packages/airflow/example_dags/example_latest_only.py
[2024-07-23T02:00:51.630+0000] {logging_mixin.py:188} INFO - [2024-07-23T02:00:51.630+0000] {dag.py:3089} INFO - Sync 1 DAGs
[2024-07-23T02:00:51.656+0000] {logging_mixin.py:188} INFO - [2024-07-23T02:00:51.656+0000] {dag.py:3947} INFO - Setting next_dagrun for latest_only to 2024-07-22 20:00:00+00:00, run_after=2024-07-23 00:00:00+00:00
[2024-07-23T02:00:51.683+0000] {processor.py:183} INFO - Processing /home/airflow/.local/lib/python3.12/site-packages/airflow/example_dags/example_latest_only.py took 0.092 seconds
[2024-07-23T02:01:22.360+0000] {processor.py:161} INFO - Started process (PID=420) to work on /home/airflow/.local/lib/python3.12/site-packages/airflow/example_dags/example_latest_only.py
[2024-07-23T02:01:22.361+0000] {processor.py:830} INFO - Processing file /home/airflow/.local/lib/python3.12/site-packages/airflow/example_dags/example_latest_only.py for tasks to queue
[2024-07-23T02:01:22.365+0000] {logging_mixin.py:188} INFO - [2024-07-23T02:01:22.364+0000] {dagbag.py:545} INFO - Filling up the DagBag from /home/airflow/.local/lib/python3.12/site-packages/airflow/example_dags/example_latest_only.py
[2024-07-23T02:01:22.373+0000] {processor.py:840} INFO - DAG(s) 'latest_only' retrieved from /home/airflow/.local/lib/python3.12/site-packages/airflow/example_dags/example_latest_only.py
[2024-07-23T02:01:22.420+0000] {logging_mixin.py:188} INFO - [2024-07-23T02:01:22.420+0000] {dag.py:3089} INFO - Sync 1 DAGs
[2024-07-23T02:01:22.465+0000] {logging_mixin.py:188} INFO - [2024-07-23T02:01:22.465+0000] {dag.py:3947} INFO - Setting next_dagrun for latest_only to 2024-07-22 20:00:00+00:00, run_after=2024-07-23 00:00:00+00:00
[2024-07-23T02:01:22.505+0000] {processor.py:183} INFO - Processing /home/airflow/.local/lib/python3.12/site-packages/airflow/example_dags/example_latest_only.py took 0.158 seconds
[2024-07-23T02:01:52.565+0000] {processor.py:161} INFO - Started process (PID=477) to work on /home/airflow/.local/lib/python3.12/site-packages/airflow/example_dags/example_latest_only.py
[2024-07-23T02:01:52.568+0000] {processor.py:830} INFO - Processing file /home/airflow/.local/lib/python3.12/site-packages/airflow/example_dags/example_latest_only.py for tasks to queue
[2024-07-23T02:01:52.570+0000] {logging_mixin.py:188} INFO - [2024-07-23T02:01:52.570+0000] {dagbag.py:545} INFO - Filling up the DagBag from /home/airflow/.local/lib/python3.12/site-packages/airflow/example_dags/example_latest_only.py
[2024-07-23T02:01:52.577+0000] {processor.py:840} INFO - DAG(s) 'latest_only' retrieved from /home/airflow/.local/lib/python3.12/site-packages/airflow/example_dags/example_latest_only.py
[2024-07-23T02:01:52.597+0000] {logging_mixin.py:188} INFO - [2024-07-23T02:01:52.597+0000] {dag.py:3089} INFO - Sync 1 DAGs
[2024-07-23T02:01:52.618+0000] {logging_mixin.py:188} INFO - [2024-07-23T02:01:52.618+0000] {dag.py:3947} INFO - Setting next_dagrun for latest_only to 2024-07-22 20:00:00+00:00, run_after=2024-07-23 00:00:00+00:00
[2024-07-23T02:01:52.638+0000] {processor.py:183} INFO - Processing /home/airflow/.local/lib/python3.12/site-packages/airflow/example_dags/example_latest_only.py took 0.080 seconds
[2024-07-23T02:02:22.836+0000] {processor.py:161} INFO - Started process (PID=536) to work on /home/airflow/.local/lib/python3.12/site-packages/airflow/example_dags/example_latest_only.py
[2024-07-23T02:02:22.837+0000] {processor.py:830} INFO - Processing file /home/airflow/.local/lib/python3.12/site-packages/airflow/example_dags/example_latest_only.py for tasks to queue
[2024-07-23T02:02:22.839+0000] {logging_mixin.py:188} INFO - [2024-07-23T02:02:22.839+0000] {dagbag.py:545} INFO - Filling up the DagBag from /home/airflow/.local/lib/python3.12/site-packages/airflow/example_dags/example_latest_only.py
[2024-07-23T02:02:22.844+0000] {processor.py:840} INFO - DAG(s) 'latest_only' retrieved from /home/airflow/.local/lib/python3.12/site-packages/airflow/example_dags/example_latest_only.py
[2024-07-23T02:02:22.869+0000] {logging_mixin.py:188} INFO - [2024-07-23T02:02:22.868+0000] {dag.py:3089} INFO - Sync 1 DAGs
[2024-07-23T02:02:22.892+0000] {logging_mixin.py:188} INFO - [2024-07-23T02:02:22.891+0000] {dag.py:3947} INFO - Setting next_dagrun for latest_only to 2024-07-22 20:00:00+00:00, run_after=2024-07-23 00:00:00+00:00
[2024-07-23T02:02:22.910+0000] {processor.py:183} INFO - Processing /home/airflow/.local/lib/python3.12/site-packages/airflow/example_dags/example_latest_only.py took 0.081 seconds
[2024-07-23T02:02:53.421+0000] {processor.py:161} INFO - Started process (PID=595) to work on /home/airflow/.local/lib/python3.12/site-packages/airflow/example_dags/example_latest_only.py
[2024-07-23T02:02:53.423+0000] {processor.py:830} INFO - Processing file /home/airflow/.local/lib/python3.12/site-packages/airflow/example_dags/example_latest_only.py for tasks to queue
[2024-07-23T02:02:53.427+0000] {logging_mixin.py:188} INFO - [2024-07-23T02:02:53.426+0000] {dagbag.py:545} INFO - Filling up the DagBag from /home/airflow/.local/lib/python3.12/site-packages/airflow/example_dags/example_latest_only.py
[2024-07-23T02:02:53.435+0000] {processor.py:840} INFO - DAG(s) 'latest_only' retrieved from /home/airflow/.local/lib/python3.12/site-packages/airflow/example_dags/example_latest_only.py
[2024-07-23T02:02:53.469+0000] {logging_mixin.py:188} INFO - [2024-07-23T02:02:53.468+0000] {dag.py:3089} INFO - Sync 1 DAGs
[2024-07-23T02:02:53.507+0000] {logging_mixin.py:188} INFO - [2024-07-23T02:02:53.506+0000] {dag.py:3947} INFO - Setting next_dagrun for latest_only to 2024-07-22 20:00:00+00:00, run_after=2024-07-23 00:00:00+00:00
[2024-07-23T02:02:53.540+0000] {processor.py:183} INFO - Processing /home/airflow/.local/lib/python3.12/site-packages/airflow/example_dags/example_latest_only.py took 0.131 seconds
[2024-07-23T02:03:24.348+0000] {processor.py:161} INFO - Started process (PID=655) to work on /home/airflow/.local/lib/python3.12/site-packages/airflow/example_dags/example_latest_only.py
[2024-07-23T02:03:24.349+0000] {processor.py:830} INFO - Processing file /home/airflow/.local/lib/python3.12/site-packages/airflow/example_dags/example_latest_only.py for tasks to queue
[2024-07-23T02:03:24.352+0000] {logging_mixin.py:188} INFO - [2024-07-23T02:03:24.351+0000] {dagbag.py:545} INFO - Filling up the DagBag from /home/airflow/.local/lib/python3.12/site-packages/airflow/example_dags/example_latest_only.py
[2024-07-23T02:03:24.360+0000] {processor.py:840} INFO - DAG(s) 'latest_only' retrieved from /home/airflow/.local/lib/python3.12/site-packages/airflow/example_dags/example_latest_only.py
[2024-07-23T02:03:24.389+0000] {logging_mixin.py:188} INFO - [2024-07-23T02:03:24.389+0000] {dag.py:3089} INFO - Sync 1 DAGs
[2024-07-23T02:03:24.422+0000] {logging_mixin.py:188} INFO - [2024-07-23T02:03:24.422+0000] {dag.py:3947} INFO - Setting next_dagrun for latest_only to 2024-07-22 20:00:00+00:00, run_after=2024-07-23 00:00:00+00:00
[2024-07-23T02:03:24.452+0000] {processor.py:183} INFO - Processing /home/airflow/.local/lib/python3.12/site-packages/airflow/example_dags/example_latest_only.py took 0.114 seconds
[2024-07-23T02:03:56.999+0000] {processor.py:161} INFO - Started process (PID=714) to work on /home/airflow/.local/lib/python3.12/site-packages/airflow/example_dags/example_latest_only.py
[2024-07-23T02:03:57.002+0000] {processor.py:830} INFO - Processing file /home/airflow/.local/lib/python3.12/site-packages/airflow/example_dags/example_latest_only.py for tasks to queue
[2024-07-23T02:03:57.008+0000] {logging_mixin.py:188} INFO - [2024-07-23T02:03:57.006+0000] {dagbag.py:545} INFO - Filling up the DagBag from /home/airflow/.local/lib/python3.12/site-packages/airflow/example_dags/example_latest_only.py
[2024-07-23T02:03:57.023+0000] {processor.py:840} INFO - DAG(s) 'latest_only' retrieved from /home/airflow/.local/lib/python3.12/site-packages/airflow/example_dags/example_latest_only.py
[2024-07-23T02:03:57.102+0000] {logging_mixin.py:188} INFO - [2024-07-23T02:03:57.101+0000] {dag.py:3089} INFO - Sync 1 DAGs
[2024-07-23T02:03:57.189+0000] {logging_mixin.py:188} INFO - [2024-07-23T02:03:57.188+0000] {dag.py:3947} INFO - Setting next_dagrun for latest_only to 2024-07-22 20:00:00+00:00, run_after=2024-07-23 00:00:00+00:00
[2024-07-23T02:03:57.259+0000] {processor.py:183} INFO - Processing /home/airflow/.local/lib/python3.12/site-packages/airflow/example_dags/example_latest_only.py took 0.281 seconds
[2024-07-23T02:04:29.775+0000] {processor.py:161} INFO - Started process (PID=773) to work on /home/airflow/.local/lib/python3.12/site-packages/airflow/example_dags/example_latest_only.py
[2024-07-23T02:04:29.782+0000] {processor.py:830} INFO - Processing file /home/airflow/.local/lib/python3.12/site-packages/airflow/example_dags/example_latest_only.py for tasks to queue
[2024-07-23T02:04:29.794+0000] {logging_mixin.py:188} INFO - [2024-07-23T02:04:29.792+0000] {dagbag.py:545} INFO - Filling up the DagBag from /home/airflow/.local/lib/python3.12/site-packages/airflow/example_dags/example_latest_only.py
[2024-07-23T02:04:29.829+0000] {processor.py:840} INFO - DAG(s) 'latest_only' retrieved from /home/airflow/.local/lib/python3.12/site-packages/airflow/example_dags/example_latest_only.py
[2024-07-23T02:04:29.969+0000] {logging_mixin.py:188} INFO - [2024-07-23T02:04:29.967+0000] {dag.py:3089} INFO - Sync 1 DAGs
[2024-07-23T02:04:30.222+0000] {logging_mixin.py:188} INFO - [2024-07-23T02:04:30.221+0000] {dag.py:3947} INFO - Setting next_dagrun for latest_only to 2024-07-22 20:00:00+00:00, run_after=2024-07-23 00:00:00+00:00
[2024-07-23T02:04:30.359+0000] {processor.py:183} INFO - Processing /home/airflow/.local/lib/python3.12/site-packages/airflow/example_dags/example_latest_only.py took 0.622 seconds
[2024-07-23T02:05:01.321+0000] {processor.py:161} INFO - Started process (PID=832) to work on /home/airflow/.local/lib/python3.12/site-packages/airflow/example_dags/example_latest_only.py
[2024-07-23T02:05:01.324+0000] {processor.py:830} INFO - Processing file /home/airflow/.local/lib/python3.12/site-packages/airflow/example_dags/example_latest_only.py for tasks to queue
[2024-07-23T02:05:01.331+0000] {logging_mixin.py:188} INFO - [2024-07-23T02:05:01.330+0000] {dagbag.py:545} INFO - Filling up the DagBag from /home/airflow/.local/lib/python3.12/site-packages/airflow/example_dags/example_latest_only.py
[2024-07-23T02:05:01.351+0000] {processor.py:840} INFO - DAG(s) 'latest_only' retrieved from /home/airflow/.local/lib/python3.12/site-packages/airflow/example_dags/example_latest_only.py
[2024-07-23T02:05:01.439+0000] {logging_mixin.py:188} INFO - [2024-07-23T02:05:01.438+0000] {dag.py:3089} INFO - Sync 1 DAGs
[2024-07-23T02:05:01.537+0000] {logging_mixin.py:188} INFO - [2024-07-23T02:05:01.536+0000] {dag.py:3947} INFO - Setting next_dagrun for latest_only to 2024-07-22 20:00:00+00:00, run_after=2024-07-23 00:00:00+00:00
[2024-07-23T02:05:01.649+0000] {processor.py:183} INFO - Processing /home/airflow/.local/lib/python3.12/site-packages/airflow/example_dags/example_latest_only.py took 0.353 seconds
[2024-07-23T02:05:32.378+0000] {processor.py:161} INFO - Started process (PID=891) to work on /home/airflow/.local/lib/python3.12/site-packages/airflow/example_dags/example_latest_only.py
[2024-07-23T02:05:32.383+0000] {processor.py:830} INFO - Processing file /home/airflow/.local/lib/python3.12/site-packages/airflow/example_dags/example_latest_only.py for tasks to queue
[2024-07-23T02:05:32.394+0000] {logging_mixin.py:188} INFO - [2024-07-23T02:05:32.391+0000] {dagbag.py:545} INFO - Filling up the DagBag from /home/airflow/.local/lib/python3.12/site-packages/airflow/example_dags/example_latest_only.py
[2024-07-23T02:05:32.427+0000] {processor.py:840} INFO - DAG(s) 'latest_only' retrieved from /home/airflow/.local/lib/python3.12/site-packages/airflow/example_dags/example_latest_only.py
[2024-07-23T02:05:32.544+0000] {logging_mixin.py:188} INFO - [2024-07-23T02:05:32.543+0000] {dag.py:3089} INFO - Sync 1 DAGs
[2024-07-23T02:05:32.676+0000] {logging_mixin.py:188} INFO - [2024-07-23T02:05:32.675+0000] {dag.py:3947} INFO - Setting next_dagrun for latest_only to 2024-07-22 20:00:00+00:00, run_after=2024-07-23 00:00:00+00:00
[2024-07-23T02:05:32.805+0000] {processor.py:183} INFO - Processing /home/airflow/.local/lib/python3.12/site-packages/airflow/example_dags/example_latest_only.py took 0.463 seconds
[2024-07-23T02:06:03.571+0000] {processor.py:161} INFO - Started process (PID=950) to work on /home/airflow/.local/lib/python3.12/site-packages/airflow/example_dags/example_latest_only.py
[2024-07-23T02:06:03.572+0000] {processor.py:830} INFO - Processing file /home/airflow/.local/lib/python3.12/site-packages/airflow/example_dags/example_latest_only.py for tasks to queue
[2024-07-23T02:06:03.574+0000] {logging_mixin.py:188} INFO - [2024-07-23T02:06:03.573+0000] {dagbag.py:545} INFO - Filling up the DagBag from /home/airflow/.local/lib/python3.12/site-packages/airflow/example_dags/example_latest_only.py
[2024-07-23T02:06:03.579+0000] {processor.py:840} INFO - DAG(s) 'latest_only' retrieved from /home/airflow/.local/lib/python3.12/site-packages/airflow/example_dags/example_latest_only.py
[2024-07-23T02:06:03.602+0000] {logging_mixin.py:188} INFO - [2024-07-23T02:06:03.602+0000] {dag.py:3089} INFO - Sync 1 DAGs
[2024-07-23T02:06:03.628+0000] {logging_mixin.py:188} INFO - [2024-07-23T02:06:03.627+0000] {dag.py:3947} INFO - Setting next_dagrun for latest_only to 2024-07-22 20:00:00+00:00, run_after=2024-07-23 00:00:00+00:00
[2024-07-23T02:06:03.660+0000] {processor.py:183} INFO - Processing /home/airflow/.local/lib/python3.12/site-packages/airflow/example_dags/example_latest_only.py took 0.097 seconds
[2024-07-23T02:06:34.146+0000] {processor.py:161} INFO - Started process (PID=1009) to work on /home/airflow/.local/lib/python3.12/site-packages/airflow/example_dags/example_latest_only.py
[2024-07-23T02:06:34.147+0000] {processor.py:830} INFO - Processing file /home/airflow/.local/lib/python3.12/site-packages/airflow/example_dags/example_latest_only.py for tasks to queue
[2024-07-23T02:06:34.149+0000] {logging_mixin.py:188} INFO - [2024-07-23T02:06:34.149+0000] {dagbag.py:545} INFO - Filling up the DagBag from /home/airflow/.local/lib/python3.12/site-packages/airflow/example_dags/example_latest_only.py
[2024-07-23T02:06:34.154+0000] {processor.py:840} INFO - DAG(s) 'latest_only' retrieved from /home/airflow/.local/lib/python3.12/site-packages/airflow/example_dags/example_latest_only.py
[2024-07-23T02:06:34.177+0000] {logging_mixin.py:188} INFO - [2024-07-23T02:06:34.177+0000] {dag.py:3089} INFO - Sync 1 DAGs
[2024-07-23T02:06:34.205+0000] {logging_mixin.py:188} INFO - [2024-07-23T02:06:34.205+0000] {dag.py:3947} INFO - Setting next_dagrun for latest_only to 2024-07-22 20:00:00+00:00, run_after=2024-07-23 00:00:00+00:00
[2024-07-23T02:06:34.233+0000] {processor.py:183} INFO - Processing /home/airflow/.local/lib/python3.12/site-packages/airflow/example_dags/example_latest_only.py took 0.094 seconds
[2024-07-23T02:07:04.283+0000] {processor.py:161} INFO - Started process (PID=1067) to work on /home/airflow/.local/lib/python3.12/site-packages/airflow/example_dags/example_latest_only.py
[2024-07-23T02:07:04.283+0000] {processor.py:830} INFO - Processing file /home/airflow/.local/lib/python3.12/site-packages/airflow/example_dags/example_latest_only.py for tasks to queue
[2024-07-23T02:07:04.285+0000] {logging_mixin.py:188} INFO - [2024-07-23T02:07:04.285+0000] {dagbag.py:545} INFO - Filling up the DagBag from /home/airflow/.local/lib/python3.12/site-packages/airflow/example_dags/example_latest_only.py
[2024-07-23T02:07:04.291+0000] {processor.py:840} INFO - DAG(s) 'latest_only' retrieved from /home/airflow/.local/lib/python3.12/site-packages/airflow/example_dags/example_latest_only.py
[2024-07-23T02:07:04.312+0000] {logging_mixin.py:188} INFO - [2024-07-23T02:07:04.312+0000] {dag.py:3089} INFO - Sync 1 DAGs
[2024-07-23T02:07:04.335+0000] {logging_mixin.py:188} INFO - [2024-07-23T02:07:04.335+0000] {dag.py:3947} INFO - Setting next_dagrun for latest_only to 2024-07-22 20:00:00+00:00, run_after=2024-07-23 00:00:00+00:00
[2024-07-23T02:07:04.357+0000] {processor.py:183} INFO - Processing /home/airflow/.local/lib/python3.12/site-packages/airflow/example_dags/example_latest_only.py took 0.080 seconds
[2024-07-23T02:07:34.566+0000] {processor.py:161} INFO - Started process (PID=1126) to work on /home/airflow/.local/lib/python3.12/site-packages/airflow/example_dags/example_latest_only.py
[2024-07-23T02:07:34.568+0000] {processor.py:830} INFO - Processing file /home/airflow/.local/lib/python3.12/site-packages/airflow/example_dags/example_latest_only.py for tasks to queue
[2024-07-23T02:07:34.570+0000] {logging_mixin.py:188} INFO - [2024-07-23T02:07:34.569+0000] {dagbag.py:545} INFO - Filling up the DagBag from /home/airflow/.local/lib/python3.12/site-packages/airflow/example_dags/example_latest_only.py
[2024-07-23T02:07:34.575+0000] {processor.py:840} INFO - DAG(s) 'latest_only' retrieved from /home/airflow/.local/lib/python3.12/site-packages/airflow/example_dags/example_latest_only.py
[2024-07-23T02:07:34.596+0000] {logging_mixin.py:188} INFO - [2024-07-23T02:07:34.595+0000] {dag.py:3089} INFO - Sync 1 DAGs
[2024-07-23T02:07:34.617+0000] {logging_mixin.py:188} INFO - [2024-07-23T02:07:34.617+0000] {dag.py:3947} INFO - Setting next_dagrun for latest_only to 2024-07-22 20:00:00+00:00, run_after=2024-07-23 00:00:00+00:00
[2024-07-23T02:07:34.637+0000] {processor.py:183} INFO - Processing /home/airflow/.local/lib/python3.12/site-packages/airflow/example_dags/example_latest_only.py took 0.077 seconds
[2024-07-23T02:08:05.011+0000] {processor.py:161} INFO - Started process (PID=1186) to work on /home/airflow/.local/lib/python3.12/site-packages/airflow/example_dags/example_latest_only.py
[2024-07-23T02:08:05.012+0000] {processor.py:830} INFO - Processing file /home/airflow/.local/lib/python3.12/site-packages/airflow/example_dags/example_latest_only.py for tasks to queue
[2024-07-23T02:08:05.015+0000] {logging_mixin.py:188} INFO - [2024-07-23T02:08:05.015+0000] {dagbag.py:545} INFO - Filling up the DagBag from /home/airflow/.local/lib/python3.12/site-packages/airflow/example_dags/example_latest_only.py
[2024-07-23T02:08:05.025+0000] {processor.py:840} INFO - DAG(s) 'latest_only' retrieved from /home/airflow/.local/lib/python3.12/site-packages/airflow/example_dags/example_latest_only.py
[2024-07-23T02:08:05.059+0000] {logging_mixin.py:188} INFO - [2024-07-23T02:08:05.058+0000] {dag.py:3089} INFO - Sync 1 DAGs
[2024-07-23T02:08:05.102+0000] {logging_mixin.py:188} INFO - [2024-07-23T02:08:05.102+0000] {dag.py:3947} INFO - Setting next_dagrun for latest_only to 2024-07-22 20:00:00+00:00, run_after=2024-07-23 00:00:00+00:00
[2024-07-23T02:08:05.138+0000] {processor.py:183} INFO - Processing /home/airflow/.local/lib/python3.12/site-packages/airflow/example_dags/example_latest_only.py took 0.136 seconds
[2024-07-23T02:08:35.440+0000] {processor.py:161} INFO - Started process (PID=1244) to work on /home/airflow/.local/lib/python3.12/site-packages/airflow/example_dags/example_latest_only.py
[2024-07-23T02:08:35.442+0000] {processor.py:830} INFO - Processing file /home/airflow/.local/lib/python3.12/site-packages/airflow/example_dags/example_latest_only.py for tasks to queue
[2024-07-23T02:08:35.444+0000] {logging_mixin.py:188} INFO - [2024-07-23T02:08:35.443+0000] {dagbag.py:545} INFO - Filling up the DagBag from /home/airflow/.local/lib/python3.12/site-packages/airflow/example_dags/example_latest_only.py
[2024-07-23T02:08:35.449+0000] {processor.py:840} INFO - DAG(s) 'latest_only' retrieved from /home/airflow/.local/lib/python3.12/site-packages/airflow/example_dags/example_latest_only.py
[2024-07-23T02:08:35.473+0000] {logging_mixin.py:188} INFO - [2024-07-23T02:08:35.472+0000] {dag.py:3089} INFO - Sync 1 DAGs
[2024-07-23T02:08:35.500+0000] {logging_mixin.py:188} INFO - [2024-07-23T02:08:35.500+0000] {dag.py:3947} INFO - Setting next_dagrun for latest_only to 2024-07-22 20:00:00+00:00, run_after=2024-07-23 00:00:00+00:00
[2024-07-23T02:08:35.522+0000] {processor.py:183} INFO - Processing /home/airflow/.local/lib/python3.12/site-packages/airflow/example_dags/example_latest_only.py took 0.089 seconds
[2024-07-23T02:09:05.903+0000] {processor.py:161} INFO - Started process (PID=1303) to work on /home/airflow/.local/lib/python3.12/site-packages/airflow/example_dags/example_latest_only.py
[2024-07-23T02:09:05.904+0000] {processor.py:830} INFO - Processing file /home/airflow/.local/lib/python3.12/site-packages/airflow/example_dags/example_latest_only.py for tasks to queue
[2024-07-23T02:09:05.905+0000] {logging_mixin.py:188} INFO - [2024-07-23T02:09:05.905+0000] {dagbag.py:545} INFO - Filling up the DagBag from /home/airflow/.local/lib/python3.12/site-packages/airflow/example_dags/example_latest_only.py
[2024-07-23T02:09:05.911+0000] {processor.py:840} INFO - DAG(s) 'latest_only' retrieved from /home/airflow/.local/lib/python3.12/site-packages/airflow/example_dags/example_latest_only.py
[2024-07-23T02:09:05.933+0000] {logging_mixin.py:188} INFO - [2024-07-23T02:09:05.932+0000] {dag.py:3089} INFO - Sync 1 DAGs
[2024-07-23T02:09:05.958+0000] {logging_mixin.py:188} INFO - [2024-07-23T02:09:05.958+0000] {dag.py:3947} INFO - Setting next_dagrun for latest_only to 2024-07-22 20:00:00+00:00, run_after=2024-07-23 00:00:00+00:00
[2024-07-23T02:09:05.983+0000] {processor.py:183} INFO - Processing /home/airflow/.local/lib/python3.12/site-packages/airflow/example_dags/example_latest_only.py took 0.086 seconds
[2024-07-23T02:09:36.121+0000] {processor.py:161} INFO - Started process (PID=1361) to work on /home/airflow/.local/lib/python3.12/site-packages/airflow/example_dags/example_latest_only.py
[2024-07-23T02:09:36.130+0000] {processor.py:830} INFO - Processing file /home/airflow/.local/lib/python3.12/site-packages/airflow/example_dags/example_latest_only.py for tasks to queue
[2024-07-23T02:09:36.132+0000] {logging_mixin.py:188} INFO - [2024-07-23T02:09:36.132+0000] {dagbag.py:545} INFO - Filling up the DagBag from /home/airflow/.local/lib/python3.12/site-packages/airflow/example_dags/example_latest_only.py
[2024-07-23T02:09:36.137+0000] {processor.py:840} INFO - DAG(s) 'latest_only' retrieved from /home/airflow/.local/lib/python3.12/site-packages/airflow/example_dags/example_latest_only.py
[2024-07-23T02:09:36.157+0000] {logging_mixin.py:188} INFO - [2024-07-23T02:09:36.157+0000] {dag.py:3089} INFO - Sync 1 DAGs
[2024-07-23T02:09:36.185+0000] {logging_mixin.py:188} INFO - [2024-07-23T02:09:36.185+0000] {dag.py:3947} INFO - Setting next_dagrun for latest_only to 2024-07-22 20:00:00+00:00, run_after=2024-07-23 00:00:00+00:00
[2024-07-23T02:09:36.210+0000] {processor.py:183} INFO - Processing /home/airflow/.local/lib/python3.12/site-packages/airflow/example_dags/example_latest_only.py took 0.095 seconds
[2024-07-23T02:10:06.331+0000] {processor.py:161} INFO - Started process (PID=1420) to work on /home/airflow/.local/lib/python3.12/site-packages/airflow/example_dags/example_latest_only.py
[2024-07-23T02:10:06.332+0000] {processor.py:830} INFO - Processing file /home/airflow/.local/lib/python3.12/site-packages/airflow/example_dags/example_latest_only.py for tasks to queue
[2024-07-23T02:10:06.333+0000] {logging_mixin.py:188} INFO - [2024-07-23T02:10:06.333+0000] {dagbag.py:545} INFO - Filling up the DagBag from /home/airflow/.local/lib/python3.12/site-packages/airflow/example_dags/example_latest_only.py
[2024-07-23T02:10:06.339+0000] {processor.py:840} INFO - DAG(s) 'latest_only' retrieved from /home/airflow/.local/lib/python3.12/site-packages/airflow/example_dags/example_latest_only.py
[2024-07-23T02:10:06.362+0000] {logging_mixin.py:188} INFO - [2024-07-23T02:10:06.361+0000] {dag.py:3089} INFO - Sync 1 DAGs
[2024-07-23T02:10:06.387+0000] {logging_mixin.py:188} INFO - [2024-07-23T02:10:06.386+0000] {dag.py:3947} INFO - Setting next_dagrun for latest_only to 2024-07-22 20:00:00+00:00, run_after=2024-07-23 00:00:00+00:00
[2024-07-23T02:10:06.410+0000] {processor.py:183} INFO - Processing /home/airflow/.local/lib/python3.12/site-packages/airflow/example_dags/example_latest_only.py took 0.085 seconds
[2024-07-23T02:10:36.661+0000] {processor.py:161} INFO - Started process (PID=1479) to work on /home/airflow/.local/lib/python3.12/site-packages/airflow/example_dags/example_latest_only.py
[2024-07-23T02:10:36.663+0000] {processor.py:830} INFO - Processing file /home/airflow/.local/lib/python3.12/site-packages/airflow/example_dags/example_latest_only.py for tasks to queue
[2024-07-23T02:10:36.664+0000] {logging_mixin.py:188} INFO - [2024-07-23T02:10:36.664+0000] {dagbag.py:545} INFO - Filling up the DagBag from /home/airflow/.local/lib/python3.12/site-packages/airflow/example_dags/example_latest_only.py
[2024-07-23T02:10:36.669+0000] {processor.py:840} INFO - DAG(s) 'latest_only' retrieved from /home/airflow/.local/lib/python3.12/site-packages/airflow/example_dags/example_latest_only.py
[2024-07-23T02:10:36.692+0000] {logging_mixin.py:188} INFO - [2024-07-23T02:10:36.692+0000] {dag.py:3089} INFO - Sync 1 DAGs
[2024-07-23T02:10:36.717+0000] {logging_mixin.py:188} INFO - [2024-07-23T02:10:36.716+0000] {dag.py:3947} INFO - Setting next_dagrun for latest_only to 2024-07-22 20:00:00+00:00, run_after=2024-07-23 00:00:00+00:00
[2024-07-23T02:10:36.738+0000] {processor.py:183} INFO - Processing /home/airflow/.local/lib/python3.12/site-packages/airflow/example_dags/example_latest_only.py took 0.083 seconds
[2024-07-23T02:11:07.041+0000] {processor.py:161} INFO - Started process (PID=1538) to work on /home/airflow/.local/lib/python3.12/site-packages/airflow/example_dags/example_latest_only.py
[2024-07-23T02:11:07.042+0000] {processor.py:830} INFO - Processing file /home/airflow/.local/lib/python3.12/site-packages/airflow/example_dags/example_latest_only.py for tasks to queue
[2024-07-23T02:11:07.043+0000] {logging_mixin.py:188} INFO - [2024-07-23T02:11:07.043+0000] {dagbag.py:545} INFO - Filling up the DagBag from /home/airflow/.local/lib/python3.12/site-packages/airflow/example_dags/example_latest_only.py
[2024-07-23T02:11:07.048+0000] {processor.py:840} INFO - DAG(s) 'latest_only' retrieved from /home/airflow/.local/lib/python3.12/site-packages/airflow/example_dags/example_latest_only.py
[2024-07-23T02:11:07.068+0000] {logging_mixin.py:188} INFO - [2024-07-23T02:11:07.068+0000] {dag.py:3089} INFO - Sync 1 DAGs
[2024-07-23T02:11:07.089+0000] {logging_mixin.py:188} INFO - [2024-07-23T02:11:07.088+0000] {dag.py:3947} INFO - Setting next_dagrun for latest_only to 2024-07-22 20:00:00+00:00, run_after=2024-07-23 00:00:00+00:00
[2024-07-23T02:11:07.108+0000] {processor.py:183} INFO - Processing /home/airflow/.local/lib/python3.12/site-packages/airflow/example_dags/example_latest_only.py took 0.073 seconds
[2024-07-23T02:11:37.276+0000] {processor.py:161} INFO - Started process (PID=1596) to work on /home/airflow/.local/lib/python3.12/site-packages/airflow/example_dags/example_latest_only.py
[2024-07-23T02:11:37.277+0000] {processor.py:830} INFO - Processing file /home/airflow/.local/lib/python3.12/site-packages/airflow/example_dags/example_latest_only.py for tasks to queue
[2024-07-23T02:11:37.279+0000] {logging_mixin.py:188} INFO - [2024-07-23T02:11:37.279+0000] {dagbag.py:545} INFO - Filling up the DagBag from /home/airflow/.local/lib/python3.12/site-packages/airflow/example_dags/example_latest_only.py
[2024-07-23T02:11:37.284+0000] {processor.py:840} INFO - DAG(s) 'latest_only' retrieved from /home/airflow/.local/lib/python3.12/site-packages/airflow/example_dags/example_latest_only.py
[2024-07-23T02:11:37.305+0000] {logging_mixin.py:188} INFO - [2024-07-23T02:11:37.305+0000] {dag.py:3089} INFO - Sync 1 DAGs
[2024-07-23T02:11:37.327+0000] {logging_mixin.py:188} INFO - [2024-07-23T02:11:37.327+0000] {dag.py:3947} INFO - Setting next_dagrun for latest_only to 2024-07-22 20:00:00+00:00, run_after=2024-07-23 00:00:00+00:00
[2024-07-23T02:11:37.348+0000] {processor.py:183} INFO - Processing /home/airflow/.local/lib/python3.12/site-packages/airflow/example_dags/example_latest_only.py took 0.078 seconds
[2024-07-23T02:12:07.620+0000] {processor.py:161} INFO - Started process (PID=1655) to work on /home/airflow/.local/lib/python3.12/site-packages/airflow/example_dags/example_latest_only.py
[2024-07-23T02:12:07.620+0000] {processor.py:830} INFO - Processing file /home/airflow/.local/lib/python3.12/site-packages/airflow/example_dags/example_latest_only.py for tasks to queue
[2024-07-23T02:12:07.622+0000] {logging_mixin.py:188} INFO - [2024-07-23T02:12:07.622+0000] {dagbag.py:545} INFO - Filling up the DagBag from /home/airflow/.local/lib/python3.12/site-packages/airflow/example_dags/example_latest_only.py
[2024-07-23T02:12:07.627+0000] {processor.py:840} INFO - DAG(s) 'latest_only' retrieved from /home/airflow/.local/lib/python3.12/site-packages/airflow/example_dags/example_latest_only.py
[2024-07-23T02:12:07.647+0000] {logging_mixin.py:188} INFO - [2024-07-23T02:12:07.647+0000] {dag.py:3089} INFO - Sync 1 DAGs
[2024-07-23T02:12:07.669+0000] {logging_mixin.py:188} INFO - [2024-07-23T02:12:07.669+0000] {dag.py:3947} INFO - Setting next_dagrun for latest_only to 2024-07-22 20:00:00+00:00, run_after=2024-07-23 00:00:00+00:00
[2024-07-23T02:12:07.689+0000] {processor.py:183} INFO - Processing /home/airflow/.local/lib/python3.12/site-packages/airflow/example_dags/example_latest_only.py took 0.075 seconds
[2024-07-23T02:12:37.970+0000] {processor.py:161} INFO - Started process (PID=1715) to work on /home/airflow/.local/lib/python3.12/site-packages/airflow/example_dags/example_latest_only.py
[2024-07-23T02:12:37.971+0000] {processor.py:830} INFO - Processing file /home/airflow/.local/lib/python3.12/site-packages/airflow/example_dags/example_latest_only.py for tasks to queue
[2024-07-23T02:12:37.973+0000] {logging_mixin.py:188} INFO - [2024-07-23T02:12:37.973+0000] {dagbag.py:545} INFO - Filling up the DagBag from /home/airflow/.local/lib/python3.12/site-packages/airflow/example_dags/example_latest_only.py
[2024-07-23T02:12:37.978+0000] {processor.py:840} INFO - DAG(s) 'latest_only' retrieved from /home/airflow/.local/lib/python3.12/site-packages/airflow/example_dags/example_latest_only.py
[2024-07-23T02:12:37.998+0000] {logging_mixin.py:188} INFO - [2024-07-23T02:12:37.998+0000] {dag.py:3089} INFO - Sync 1 DAGs
[2024-07-23T02:12:38.019+0000] {logging_mixin.py:188} INFO - [2024-07-23T02:12:38.019+0000] {dag.py:3947} INFO - Setting next_dagrun for latest_only to 2024-07-22 20:00:00+00:00, run_after=2024-07-23 00:00:00+00:00
[2024-07-23T02:12:38.038+0000] {processor.py:183} INFO - Processing /home/airflow/.local/lib/python3.12/site-packages/airflow/example_dags/example_latest_only.py took 0.075 seconds
[2024-07-23T02:13:08.087+0000] {processor.py:161} INFO - Started process (PID=1774) to work on /home/airflow/.local/lib/python3.12/site-packages/airflow/example_dags/example_latest_only.py
[2024-07-23T02:13:08.088+0000] {processor.py:830} INFO - Processing file /home/airflow/.local/lib/python3.12/site-packages/airflow/example_dags/example_latest_only.py for tasks to queue
[2024-07-23T02:13:08.090+0000] {logging_mixin.py:188} INFO - [2024-07-23T02:13:08.090+0000] {dagbag.py:545} INFO - Filling up the DagBag from /home/airflow/.local/lib/python3.12/site-packages/airflow/example_dags/example_latest_only.py
[2024-07-23T02:13:08.096+0000] {processor.py:840} INFO - DAG(s) 'latest_only' retrieved from /home/airflow/.local/lib/python3.12/site-packages/airflow/example_dags/example_latest_only.py
[2024-07-23T02:13:08.125+0000] {logging_mixin.py:188} INFO - [2024-07-23T02:13:08.124+0000] {dag.py:3089} INFO - Sync 1 DAGs
[2024-07-23T02:13:08.156+0000] {logging_mixin.py:188} INFO - [2024-07-23T02:13:08.156+0000] {dag.py:3947} INFO - Setting next_dagrun for latest_only to 2024-07-22 20:00:00+00:00, run_after=2024-07-23 00:00:00+00:00
[2024-07-23T02:13:08.191+0000] {processor.py:183} INFO - Processing /home/airflow/.local/lib/python3.12/site-packages/airflow/example_dags/example_latest_only.py took 0.112 seconds
[2024-07-23T02:13:38.647+0000] {processor.py:161} INFO - Started process (PID=1840) to work on /home/airflow/.local/lib/python3.12/site-packages/airflow/example_dags/example_latest_only.py
[2024-07-23T02:13:38.649+0000] {processor.py:830} INFO - Processing file /home/airflow/.local/lib/python3.12/site-packages/airflow/example_dags/example_latest_only.py for tasks to queue
[2024-07-23T02:13:38.652+0000] {logging_mixin.py:188} INFO - [2024-07-23T02:13:38.652+0000] {dagbag.py:545} INFO - Filling up the DagBag from /home/airflow/.local/lib/python3.12/site-packages/airflow/example_dags/example_latest_only.py
[2024-07-23T02:13:38.663+0000] {processor.py:840} INFO - DAG(s) 'latest_only' retrieved from /home/airflow/.local/lib/python3.12/site-packages/airflow/example_dags/example_latest_only.py
[2024-07-23T02:13:38.743+0000] {logging_mixin.py:188} INFO - [2024-07-23T02:13:38.742+0000] {dag.py:3089} INFO - Sync 1 DAGs
[2024-07-23T02:13:38.800+0000] {logging_mixin.py:188} INFO - [2024-07-23T02:13:38.799+0000] {dag.py:3947} INFO - Setting next_dagrun for latest_only to 2024-07-22 20:00:00+00:00, run_after=2024-07-23 00:00:00+00:00
[2024-07-23T02:13:38.860+0000] {processor.py:183} INFO - Processing /home/airflow/.local/lib/python3.12/site-packages/airflow/example_dags/example_latest_only.py took 0.248 seconds
[2024-07-23T02:14:09.392+0000] {processor.py:161} INFO - Started process (PID=1899) to work on /home/airflow/.local/lib/python3.12/site-packages/airflow/example_dags/example_latest_only.py
[2024-07-23T02:14:09.393+0000] {processor.py:830} INFO - Processing file /home/airflow/.local/lib/python3.12/site-packages/airflow/example_dags/example_latest_only.py for tasks to queue
[2024-07-23T02:14:09.395+0000] {logging_mixin.py:188} INFO - [2024-07-23T02:14:09.395+0000] {dagbag.py:545} INFO - Filling up the DagBag from /home/airflow/.local/lib/python3.12/site-packages/airflow/example_dags/example_latest_only.py
[2024-07-23T02:14:09.401+0000] {processor.py:840} INFO - DAG(s) 'latest_only' retrieved from /home/airflow/.local/lib/python3.12/site-packages/airflow/example_dags/example_latest_only.py
[2024-07-23T02:14:09.424+0000] {logging_mixin.py:188} INFO - [2024-07-23T02:14:09.424+0000] {dag.py:3089} INFO - Sync 1 DAGs
[2024-07-23T02:14:09.453+0000] {logging_mixin.py:188} INFO - [2024-07-23T02:14:09.453+0000] {dag.py:3947} INFO - Setting next_dagrun for latest_only to 2024-07-22 20:00:00+00:00, run_after=2024-07-23 00:00:00+00:00
[2024-07-23T02:14:09.479+0000] {processor.py:183} INFO - Processing /home/airflow/.local/lib/python3.12/site-packages/airflow/example_dags/example_latest_only.py took 0.094 seconds
[2024-07-23T02:14:40.222+0000] {processor.py:161} INFO - Started process (PID=1958) to work on /home/airflow/.local/lib/python3.12/site-packages/airflow/example_dags/example_latest_only.py
[2024-07-23T02:14:40.223+0000] {processor.py:830} INFO - Processing file /home/airflow/.local/lib/python3.12/site-packages/airflow/example_dags/example_latest_only.py for tasks to queue
[2024-07-23T02:14:40.224+0000] {logging_mixin.py:188} INFO - [2024-07-23T02:14:40.224+0000] {dagbag.py:545} INFO - Filling up the DagBag from /home/airflow/.local/lib/python3.12/site-packages/airflow/example_dags/example_latest_only.py
[2024-07-23T02:14:40.231+0000] {processor.py:840} INFO - DAG(s) 'latest_only' retrieved from /home/airflow/.local/lib/python3.12/site-packages/airflow/example_dags/example_latest_only.py
[2024-07-23T02:14:40.256+0000] {logging_mixin.py:188} INFO - [2024-07-23T02:14:40.256+0000] {dag.py:3089} INFO - Sync 1 DAGs
[2024-07-23T02:14:40.291+0000] {logging_mixin.py:188} INFO - [2024-07-23T02:14:40.290+0000] {dag.py:3947} INFO - Setting next_dagrun for latest_only to 2024-07-22 20:00:00+00:00, run_after=2024-07-23 00:00:00+00:00
[2024-07-23T02:14:40.484+0000] {processor.py:183} INFO - Processing /home/airflow/.local/lib/python3.12/site-packages/airflow/example_dags/example_latest_only.py took 0.270 seconds
[2024-07-23T02:15:10.842+0000] {processor.py:161} INFO - Started process (PID=2017) to work on /home/airflow/.local/lib/python3.12/site-packages/airflow/example_dags/example_latest_only.py
[2024-07-23T02:15:10.846+0000] {processor.py:830} INFO - Processing file /home/airflow/.local/lib/python3.12/site-packages/airflow/example_dags/example_latest_only.py for tasks to queue
[2024-07-23T02:15:10.853+0000] {logging_mixin.py:188} INFO - [2024-07-23T02:15:10.852+0000] {dagbag.py:545} INFO - Filling up the DagBag from /home/airflow/.local/lib/python3.12/site-packages/airflow/example_dags/example_latest_only.py
[2024-07-23T02:15:10.874+0000] {processor.py:840} INFO - DAG(s) 'latest_only' retrieved from /home/airflow/.local/lib/python3.12/site-packages/airflow/example_dags/example_latest_only.py
[2024-07-23T02:15:10.973+0000] {logging_mixin.py:188} INFO - [2024-07-23T02:15:10.972+0000] {dag.py:3089} INFO - Sync 1 DAGs
[2024-07-23T02:15:11.103+0000] {logging_mixin.py:188} INFO - [2024-07-23T02:15:11.102+0000] {dag.py:3947} INFO - Setting next_dagrun for latest_only to 2024-07-22 20:00:00+00:00, run_after=2024-07-23 00:00:00+00:00
[2024-07-23T02:15:11.194+0000] {processor.py:183} INFO - Processing /home/airflow/.local/lib/python3.12/site-packages/airflow/example_dags/example_latest_only.py took 0.382 seconds
[2024-07-23T02:15:41.823+0000] {processor.py:161} INFO - Started process (PID=2076) to work on /home/airflow/.local/lib/python3.12/site-packages/airflow/example_dags/example_latest_only.py
[2024-07-23T02:15:42.084+0000] {processor.py:830} INFO - Processing file /home/airflow/.local/lib/python3.12/site-packages/airflow/example_dags/example_latest_only.py for tasks to queue
[2024-07-23T02:15:42.093+0000] {logging_mixin.py:188} INFO - [2024-07-23T02:15:42.092+0000] {dagbag.py:545} INFO - Filling up the DagBag from /home/airflow/.local/lib/python3.12/site-packages/airflow/example_dags/example_latest_only.py
[2024-07-23T02:15:42.116+0000] {processor.py:840} INFO - DAG(s) 'latest_only' retrieved from /home/airflow/.local/lib/python3.12/site-packages/airflow/example_dags/example_latest_only.py
[2024-07-23T02:15:42.221+0000] {logging_mixin.py:188} INFO - [2024-07-23T02:15:42.220+0000] {dag.py:3089} INFO - Sync 1 DAGs
[2024-07-23T02:15:42.355+0000] {logging_mixin.py:188} INFO - [2024-07-23T02:15:42.354+0000] {dag.py:3947} INFO - Setting next_dagrun for latest_only to 2024-07-22 20:00:00+00:00, run_after=2024-07-23 00:00:00+00:00
[2024-07-23T02:15:42.463+0000] {processor.py:183} INFO - Processing /home/airflow/.local/lib/python3.12/site-packages/airflow/example_dags/example_latest_only.py took 0.682 seconds
[2024-07-23T02:16:13.361+0000] {processor.py:161} INFO - Started process (PID=2136) to work on /home/airflow/.local/lib/python3.12/site-packages/airflow/example_dags/example_latest_only.py
[2024-07-23T02:16:13.364+0000] {processor.py:830} INFO - Processing file /home/airflow/.local/lib/python3.12/site-packages/airflow/example_dags/example_latest_only.py for tasks to queue
[2024-07-23T02:16:13.372+0000] {logging_mixin.py:188} INFO - [2024-07-23T02:16:13.370+0000] {dagbag.py:545} INFO - Filling up the DagBag from /home/airflow/.local/lib/python3.12/site-packages/airflow/example_dags/example_latest_only.py
[2024-07-23T02:16:13.895+0000] {processor.py:840} INFO - DAG(s) 'latest_only' retrieved from /home/airflow/.local/lib/python3.12/site-packages/airflow/example_dags/example_latest_only.py
[2024-07-23T02:16:13.966+0000] {logging_mixin.py:188} INFO - [2024-07-23T02:16:13.965+0000] {dag.py:3089} INFO - Sync 1 DAGs
[2024-07-23T02:16:14.081+0000] {logging_mixin.py:188} INFO - [2024-07-23T02:16:14.079+0000] {dag.py:3947} INFO - Setting next_dagrun for latest_only to 2024-07-22 20:00:00+00:00, run_after=2024-07-23 00:00:00+00:00
[2024-07-23T02:16:14.156+0000] {processor.py:183} INFO - Processing /home/airflow/.local/lib/python3.12/site-packages/airflow/example_dags/example_latest_only.py took 0.824 seconds
[2024-07-23T02:16:44.508+0000] {processor.py:161} INFO - Started process (PID=2198) to work on /home/airflow/.local/lib/python3.12/site-packages/airflow/example_dags/example_latest_only.py
[2024-07-23T02:16:44.512+0000] {processor.py:830} INFO - Processing file /home/airflow/.local/lib/python3.12/site-packages/airflow/example_dags/example_latest_only.py for tasks to queue
[2024-07-23T02:16:44.520+0000] {logging_mixin.py:188} INFO - [2024-07-23T02:16:44.519+0000] {dagbag.py:545} INFO - Filling up the DagBag from /home/airflow/.local/lib/python3.12/site-packages/airflow/example_dags/example_latest_only.py
[2024-07-23T02:16:44.547+0000] {processor.py:840} INFO - DAG(s) 'latest_only' retrieved from /home/airflow/.local/lib/python3.12/site-packages/airflow/example_dags/example_latest_only.py
[2024-07-23T02:16:44.664+0000] {logging_mixin.py:188} INFO - [2024-07-23T02:16:44.662+0000] {dag.py:3089} INFO - Sync 1 DAGs
[2024-07-23T02:16:44.854+0000] {logging_mixin.py:188} INFO - [2024-07-23T02:16:44.853+0000] {dag.py:3947} INFO - Setting next_dagrun for latest_only to 2024-07-22 20:00:00+00:00, run_after=2024-07-23 00:00:00+00:00
[2024-07-23T02:16:45.040+0000] {processor.py:183} INFO - Processing /home/airflow/.local/lib/python3.12/site-packages/airflow/example_dags/example_latest_only.py took 0.567 seconds
[2024-07-23T02:17:15.214+0000] {processor.py:161} INFO - Started process (PID=2262) to work on /home/airflow/.local/lib/python3.12/site-packages/airflow/example_dags/example_latest_only.py
[2024-07-23T02:17:15.217+0000] {processor.py:830} INFO - Processing file /home/airflow/.local/lib/python3.12/site-packages/airflow/example_dags/example_latest_only.py for tasks to queue
[2024-07-23T02:17:15.225+0000] {logging_mixin.py:188} INFO - [2024-07-23T02:17:15.223+0000] {dagbag.py:545} INFO - Filling up the DagBag from /home/airflow/.local/lib/python3.12/site-packages/airflow/example_dags/example_latest_only.py
[2024-07-23T02:17:15.247+0000] {processor.py:840} INFO - DAG(s) 'latest_only' retrieved from /home/airflow/.local/lib/python3.12/site-packages/airflow/example_dags/example_latest_only.py
[2024-07-23T02:17:15.342+0000] {logging_mixin.py:188} INFO - [2024-07-23T02:17:15.340+0000] {dag.py:3089} INFO - Sync 1 DAGs
[2024-07-23T02:17:15.492+0000] {logging_mixin.py:188} INFO - [2024-07-23T02:17:15.491+0000] {dag.py:3947} INFO - Setting next_dagrun for latest_only to 2024-07-22 20:00:00+00:00, run_after=2024-07-23 00:00:00+00:00
[2024-07-23T02:17:15.589+0000] {processor.py:183} INFO - Processing /home/airflow/.local/lib/python3.12/site-packages/airflow/example_dags/example_latest_only.py took 0.409 seconds
[2024-07-23T02:17:45.796+0000] {processor.py:161} INFO - Started process (PID=2321) to work on /home/airflow/.local/lib/python3.12/site-packages/airflow/example_dags/example_latest_only.py
[2024-07-23T02:17:45.799+0000] {processor.py:830} INFO - Processing file /home/airflow/.local/lib/python3.12/site-packages/airflow/example_dags/example_latest_only.py for tasks to queue
[2024-07-23T02:17:45.806+0000] {logging_mixin.py:188} INFO - [2024-07-23T02:17:45.804+0000] {dagbag.py:545} INFO - Filling up the DagBag from /home/airflow/.local/lib/python3.12/site-packages/airflow/example_dags/example_latest_only.py
[2024-07-23T02:17:45.827+0000] {processor.py:840} INFO - DAG(s) 'latest_only' retrieved from /home/airflow/.local/lib/python3.12/site-packages/airflow/example_dags/example_latest_only.py
[2024-07-23T02:17:45.906+0000] {logging_mixin.py:188} INFO - [2024-07-23T02:17:45.905+0000] {dag.py:3089} INFO - Sync 1 DAGs
[2024-07-23T02:17:46.002+0000] {logging_mixin.py:188} INFO - [2024-07-23T02:17:46.001+0000] {dag.py:3947} INFO - Setting next_dagrun for latest_only to 2024-07-22 20:00:00+00:00, run_after=2024-07-23 00:00:00+00:00
[2024-07-23T02:17:46.082+0000] {processor.py:183} INFO - Processing /home/airflow/.local/lib/python3.12/site-packages/airflow/example_dags/example_latest_only.py took 0.312 seconds
[2024-07-23T02:18:16.337+0000] {processor.py:161} INFO - Started process (PID=2380) to work on /home/airflow/.local/lib/python3.12/site-packages/airflow/example_dags/example_latest_only.py
[2024-07-23T02:18:16.341+0000] {processor.py:830} INFO - Processing file /home/airflow/.local/lib/python3.12/site-packages/airflow/example_dags/example_latest_only.py for tasks to queue
[2024-07-23T02:18:16.348+0000] {logging_mixin.py:188} INFO - [2024-07-23T02:18:16.347+0000] {dagbag.py:545} INFO - Filling up the DagBag from /home/airflow/.local/lib/python3.12/site-packages/airflow/example_dags/example_latest_only.py
[2024-07-23T02:18:16.368+0000] {processor.py:840} INFO - DAG(s) 'latest_only' retrieved from /home/airflow/.local/lib/python3.12/site-packages/airflow/example_dags/example_latest_only.py
[2024-07-23T02:18:16.452+0000] {logging_mixin.py:188} INFO - [2024-07-23T02:18:16.451+0000] {dag.py:3089} INFO - Sync 1 DAGs
[2024-07-23T02:18:16.561+0000] {logging_mixin.py:188} INFO - [2024-07-23T02:18:16.560+0000] {dag.py:3947} INFO - Setting next_dagrun for latest_only to 2024-07-22 20:00:00+00:00, run_after=2024-07-23 00:00:00+00:00
[2024-07-23T02:18:16.643+0000] {processor.py:183} INFO - Processing /home/airflow/.local/lib/python3.12/site-packages/airflow/example_dags/example_latest_only.py took 0.336 seconds
[2024-07-23T02:18:47.203+0000] {processor.py:161} INFO - Started process (PID=2439) to work on /home/airflow/.local/lib/python3.12/site-packages/airflow/example_dags/example_latest_only.py
[2024-07-23T02:18:47.207+0000] {processor.py:830} INFO - Processing file /home/airflow/.local/lib/python3.12/site-packages/airflow/example_dags/example_latest_only.py for tasks to queue
[2024-07-23T02:18:47.215+0000] {logging_mixin.py:188} INFO - [2024-07-23T02:18:47.213+0000] {dagbag.py:545} INFO - Filling up the DagBag from /home/airflow/.local/lib/python3.12/site-packages/airflow/example_dags/example_latest_only.py
[2024-07-23T02:18:47.242+0000] {processor.py:840} INFO - DAG(s) 'latest_only' retrieved from /home/airflow/.local/lib/python3.12/site-packages/airflow/example_dags/example_latest_only.py
[2024-07-23T02:18:47.351+0000] {logging_mixin.py:188} INFO - [2024-07-23T02:18:47.350+0000] {dag.py:3089} INFO - Sync 1 DAGs
[2024-07-23T02:18:47.466+0000] {logging_mixin.py:188} INFO - [2024-07-23T02:18:47.465+0000] {dag.py:3947} INFO - Setting next_dagrun for latest_only to 2024-07-22 20:00:00+00:00, run_after=2024-07-23 00:00:00+00:00
[2024-07-23T02:18:47.549+0000] {processor.py:183} INFO - Processing /home/airflow/.local/lib/python3.12/site-packages/airflow/example_dags/example_latest_only.py took 0.376 seconds
[2024-07-23T02:19:17.816+0000] {processor.py:161} INFO - Started process (PID=2500) to work on /home/airflow/.local/lib/python3.12/site-packages/airflow/example_dags/example_latest_only.py
[2024-07-23T02:19:17.820+0000] {processor.py:830} INFO - Processing file /home/airflow/.local/lib/python3.12/site-packages/airflow/example_dags/example_latest_only.py for tasks to queue
[2024-07-23T02:19:17.826+0000] {logging_mixin.py:188} INFO - [2024-07-23T02:19:17.824+0000] {dagbag.py:545} INFO - Filling up the DagBag from /home/airflow/.local/lib/python3.12/site-packages/airflow/example_dags/example_latest_only.py
[2024-07-23T02:19:17.844+0000] {processor.py:840} INFO - DAG(s) 'latest_only' retrieved from /home/airflow/.local/lib/python3.12/site-packages/airflow/example_dags/example_latest_only.py
[2024-07-23T02:19:17.913+0000] {logging_mixin.py:188} INFO - [2024-07-23T02:19:17.912+0000] {dag.py:3089} INFO - Sync 1 DAGs
[2024-07-23T02:19:17.993+0000] {logging_mixin.py:188} INFO - [2024-07-23T02:19:17.992+0000] {dag.py:3947} INFO - Setting next_dagrun for latest_only to 2024-07-22 20:00:00+00:00, run_after=2024-07-23 00:00:00+00:00
[2024-07-23T02:19:18.058+0000] {processor.py:183} INFO - Processing /home/airflow/.local/lib/python3.12/site-packages/airflow/example_dags/example_latest_only.py took 0.264 seconds
[2024-07-23T02:19:48.106+0000] {processor.py:161} INFO - Started process (PID=2558) to work on /home/airflow/.local/lib/python3.12/site-packages/airflow/example_dags/example_latest_only.py
[2024-07-23T02:19:48.107+0000] {processor.py:830} INFO - Processing file /home/airflow/.local/lib/python3.12/site-packages/airflow/example_dags/example_latest_only.py for tasks to queue
[2024-07-23T02:19:48.109+0000] {logging_mixin.py:188} INFO - [2024-07-23T02:19:48.108+0000] {dagbag.py:545} INFO - Filling up the DagBag from /home/airflow/.local/lib/python3.12/site-packages/airflow/example_dags/example_latest_only.py
[2024-07-23T02:19:48.114+0000] {processor.py:840} INFO - DAG(s) 'latest_only' retrieved from /home/airflow/.local/lib/python3.12/site-packages/airflow/example_dags/example_latest_only.py
[2024-07-23T02:19:48.139+0000] {logging_mixin.py:188} INFO - [2024-07-23T02:19:48.139+0000] {dag.py:3089} INFO - Sync 1 DAGs
[2024-07-23T02:19:48.169+0000] {logging_mixin.py:188} INFO - [2024-07-23T02:19:48.168+0000] {dag.py:3947} INFO - Setting next_dagrun for latest_only to 2024-07-22 20:00:00+00:00, run_after=2024-07-23 00:00:00+00:00
[2024-07-23T02:19:48.193+0000] {processor.py:183} INFO - Processing /home/airflow/.local/lib/python3.12/site-packages/airflow/example_dags/example_latest_only.py took 0.096 seconds
[2024-07-23T02:20:18.385+0000] {processor.py:161} INFO - Started process (PID=2617) to work on /home/airflow/.local/lib/python3.12/site-packages/airflow/example_dags/example_latest_only.py
[2024-07-23T02:20:18.387+0000] {processor.py:830} INFO - Processing file /home/airflow/.local/lib/python3.12/site-packages/airflow/example_dags/example_latest_only.py for tasks to queue
[2024-07-23T02:20:18.390+0000] {logging_mixin.py:188} INFO - [2024-07-23T02:20:18.389+0000] {dagbag.py:545} INFO - Filling up the DagBag from /home/airflow/.local/lib/python3.12/site-packages/airflow/example_dags/example_latest_only.py
[2024-07-23T02:20:18.399+0000] {processor.py:840} INFO - DAG(s) 'latest_only' retrieved from /home/airflow/.local/lib/python3.12/site-packages/airflow/example_dags/example_latest_only.py
[2024-07-23T02:20:18.444+0000] {logging_mixin.py:188} INFO - [2024-07-23T02:20:18.444+0000] {dag.py:3089} INFO - Sync 1 DAGs
[2024-07-23T02:20:18.496+0000] {logging_mixin.py:188} INFO - [2024-07-23T02:20:18.496+0000] {dag.py:3947} INFO - Setting next_dagrun for latest_only to 2024-07-22 20:00:00+00:00, run_after=2024-07-23 00:00:00+00:00
[2024-07-23T02:20:18.534+0000] {processor.py:183} INFO - Processing /home/airflow/.local/lib/python3.12/site-packages/airflow/example_dags/example_latest_only.py took 0.163 seconds
[2024-07-23T02:20:48.679+0000] {processor.py:161} INFO - Started process (PID=2675) to work on /home/airflow/.local/lib/python3.12/site-packages/airflow/example_dags/example_latest_only.py
[2024-07-23T02:20:48.680+0000] {processor.py:830} INFO - Processing file /home/airflow/.local/lib/python3.12/site-packages/airflow/example_dags/example_latest_only.py for tasks to queue
[2024-07-23T02:20:48.682+0000] {logging_mixin.py:188} INFO - [2024-07-23T02:20:48.681+0000] {dagbag.py:545} INFO - Filling up the DagBag from /home/airflow/.local/lib/python3.12/site-packages/airflow/example_dags/example_latest_only.py
[2024-07-23T02:20:48.688+0000] {processor.py:840} INFO - DAG(s) 'latest_only' retrieved from /home/airflow/.local/lib/python3.12/site-packages/airflow/example_dags/example_latest_only.py
[2024-07-23T02:20:48.713+0000] {logging_mixin.py:188} INFO - [2024-07-23T02:20:48.713+0000] {dag.py:3089} INFO - Sync 1 DAGs
[2024-07-23T02:20:48.740+0000] {logging_mixin.py:188} INFO - [2024-07-23T02:20:48.740+0000] {dag.py:3947} INFO - Setting next_dagrun for latest_only to 2024-07-22 20:00:00+00:00, run_after=2024-07-23 00:00:00+00:00
[2024-07-23T02:20:48.764+0000] {processor.py:183} INFO - Processing /home/airflow/.local/lib/python3.12/site-packages/airflow/example_dags/example_latest_only.py took 0.093 seconds
[2024-07-23T02:21:19.146+0000] {processor.py:161} INFO - Started process (PID=2734) to work on /home/airflow/.local/lib/python3.12/site-packages/airflow/example_dags/example_latest_only.py
[2024-07-23T02:21:19.147+0000] {processor.py:830} INFO - Processing file /home/airflow/.local/lib/python3.12/site-packages/airflow/example_dags/example_latest_only.py for tasks to queue
[2024-07-23T02:21:19.149+0000] {logging_mixin.py:188} INFO - [2024-07-23T02:21:19.149+0000] {dagbag.py:545} INFO - Filling up the DagBag from /home/airflow/.local/lib/python3.12/site-packages/airflow/example_dags/example_latest_only.py
[2024-07-23T02:21:19.155+0000] {processor.py:840} INFO - DAG(s) 'latest_only' retrieved from /home/airflow/.local/lib/python3.12/site-packages/airflow/example_dags/example_latest_only.py
[2024-07-23T02:21:19.177+0000] {logging_mixin.py:188} INFO - [2024-07-23T02:21:19.176+0000] {dag.py:3089} INFO - Sync 1 DAGs
[2024-07-23T02:21:19.207+0000] {logging_mixin.py:188} INFO - [2024-07-23T02:21:19.207+0000] {dag.py:3947} INFO - Setting next_dagrun for latest_only to 2024-07-22 20:00:00+00:00, run_after=2024-07-23 00:00:00+00:00
[2024-07-23T02:21:19.232+0000] {processor.py:183} INFO - Processing /home/airflow/.local/lib/python3.12/site-packages/airflow/example_dags/example_latest_only.py took 0.092 seconds
[2024-07-23T02:21:49.452+0000] {processor.py:161} INFO - Started process (PID=2794) to work on /home/airflow/.local/lib/python3.12/site-packages/airflow/example_dags/example_latest_only.py
[2024-07-23T02:21:49.453+0000] {processor.py:830} INFO - Processing file /home/airflow/.local/lib/python3.12/site-packages/airflow/example_dags/example_latest_only.py for tasks to queue
[2024-07-23T02:21:49.455+0000] {logging_mixin.py:188} INFO - [2024-07-23T02:21:49.455+0000] {dagbag.py:545} INFO - Filling up the DagBag from /home/airflow/.local/lib/python3.12/site-packages/airflow/example_dags/example_latest_only.py
[2024-07-23T02:21:49.461+0000] {processor.py:840} INFO - DAG(s) 'latest_only' retrieved from /home/airflow/.local/lib/python3.12/site-packages/airflow/example_dags/example_latest_only.py
[2024-07-23T02:21:49.484+0000] {logging_mixin.py:188} INFO - [2024-07-23T02:21:49.483+0000] {dag.py:3089} INFO - Sync 1 DAGs
[2024-07-23T02:21:49.511+0000] {logging_mixin.py:188} INFO - [2024-07-23T02:21:49.511+0000] {dag.py:3947} INFO - Setting next_dagrun for latest_only to 2024-07-22 20:00:00+00:00, run_after=2024-07-23 00:00:00+00:00
[2024-07-23T02:21:49.534+0000] {processor.py:183} INFO - Processing /home/airflow/.local/lib/python3.12/site-packages/airflow/example_dags/example_latest_only.py took 0.089 seconds
[2024-07-23T02:22:19.889+0000] {processor.py:161} INFO - Started process (PID=2853) to work on /home/airflow/.local/lib/python3.12/site-packages/airflow/example_dags/example_latest_only.py
[2024-07-23T02:22:19.890+0000] {processor.py:830} INFO - Processing file /home/airflow/.local/lib/python3.12/site-packages/airflow/example_dags/example_latest_only.py for tasks to queue
[2024-07-23T02:22:19.892+0000] {logging_mixin.py:188} INFO - [2024-07-23T02:22:19.892+0000] {dagbag.py:545} INFO - Filling up the DagBag from /home/airflow/.local/lib/python3.12/site-packages/airflow/example_dags/example_latest_only.py
[2024-07-23T02:22:19.899+0000] {processor.py:840} INFO - DAG(s) 'latest_only' retrieved from /home/airflow/.local/lib/python3.12/site-packages/airflow/example_dags/example_latest_only.py
[2024-07-23T02:22:19.924+0000] {logging_mixin.py:188} INFO - [2024-07-23T02:22:19.924+0000] {dag.py:3089} INFO - Sync 1 DAGs
[2024-07-23T02:22:19.954+0000] {logging_mixin.py:188} INFO - [2024-07-23T02:22:19.953+0000] {dag.py:3947} INFO - Setting next_dagrun for latest_only to 2024-07-22 20:00:00+00:00, run_after=2024-07-23 00:00:00+00:00
[2024-07-23T02:22:19.983+0000] {processor.py:183} INFO - Processing /home/airflow/.local/lib/python3.12/site-packages/airflow/example_dags/example_latest_only.py took 0.101 seconds
[2024-07-23T02:22:51.112+0000] {processor.py:161} INFO - Started process (PID=2912) to work on /home/airflow/.local/lib/python3.12/site-packages/airflow/example_dags/example_latest_only.py
[2024-07-23T02:22:51.113+0000] {processor.py:830} INFO - Processing file /home/airflow/.local/lib/python3.12/site-packages/airflow/example_dags/example_latest_only.py for tasks to queue
[2024-07-23T02:22:51.115+0000] {logging_mixin.py:188} INFO - [2024-07-23T02:22:51.114+0000] {dagbag.py:545} INFO - Filling up the DagBag from /home/airflow/.local/lib/python3.12/site-packages/airflow/example_dags/example_latest_only.py
[2024-07-23T02:22:51.121+0000] {processor.py:840} INFO - DAG(s) 'latest_only' retrieved from /home/airflow/.local/lib/python3.12/site-packages/airflow/example_dags/example_latest_only.py
[2024-07-23T02:22:51.146+0000] {logging_mixin.py:188} INFO - [2024-07-23T02:22:51.146+0000] {dag.py:3089} INFO - Sync 1 DAGs
[2024-07-23T02:22:51.173+0000] {logging_mixin.py:188} INFO - [2024-07-23T02:22:51.173+0000] {dag.py:3947} INFO - Setting next_dagrun for latest_only to 2024-07-22 20:00:00+00:00, run_after=2024-07-23 00:00:00+00:00
[2024-07-23T02:22:51.198+0000] {processor.py:183} INFO - Processing /home/airflow/.local/lib/python3.12/site-packages/airflow/example_dags/example_latest_only.py took 0.095 seconds
[2024-07-23T02:23:21.425+0000] {processor.py:161} INFO - Started process (PID=2979) to work on /home/airflow/.local/lib/python3.12/site-packages/airflow/example_dags/example_latest_only.py
[2024-07-23T02:23:21.425+0000] {processor.py:830} INFO - Processing file /home/airflow/.local/lib/python3.12/site-packages/airflow/example_dags/example_latest_only.py for tasks to queue
[2024-07-23T02:23:21.427+0000] {logging_mixin.py:188} INFO - [2024-07-23T02:23:21.427+0000] {dagbag.py:545} INFO - Filling up the DagBag from /home/airflow/.local/lib/python3.12/site-packages/airflow/example_dags/example_latest_only.py
[2024-07-23T02:23:21.433+0000] {processor.py:840} INFO - DAG(s) 'latest_only' retrieved from /home/airflow/.local/lib/python3.12/site-packages/airflow/example_dags/example_latest_only.py
[2024-07-23T02:23:21.464+0000] {logging_mixin.py:188} INFO - [2024-07-23T02:23:21.463+0000] {dag.py:3089} INFO - Sync 1 DAGs
[2024-07-23T02:23:21.518+0000] {logging_mixin.py:188} INFO - [2024-07-23T02:23:21.517+0000] {dag.py:3947} INFO - Setting next_dagrun for latest_only to 2024-07-22 20:00:00+00:00, run_after=2024-07-23 00:00:00+00:00
[2024-07-23T02:23:21.553+0000] {processor.py:183} INFO - Processing /home/airflow/.local/lib/python3.12/site-packages/airflow/example_dags/example_latest_only.py took 0.135 seconds
[2024-07-23T02:23:52.845+0000] {processor.py:161} INFO - Started process (PID=3037) to work on /home/airflow/.local/lib/python3.12/site-packages/airflow/example_dags/example_latest_only.py
[2024-07-23T02:23:52.848+0000] {processor.py:830} INFO - Processing file /home/airflow/.local/lib/python3.12/site-packages/airflow/example_dags/example_latest_only.py for tasks to queue
[2024-07-23T02:23:52.856+0000] {logging_mixin.py:188} INFO - [2024-07-23T02:23:52.854+0000] {dagbag.py:545} INFO - Filling up the DagBag from /home/airflow/.local/lib/python3.12/site-packages/airflow/example_dags/example_latest_only.py
[2024-07-23T02:23:52.874+0000] {processor.py:840} INFO - DAG(s) 'latest_only' retrieved from /home/airflow/.local/lib/python3.12/site-packages/airflow/example_dags/example_latest_only.py
[2024-07-23T02:23:52.945+0000] {logging_mixin.py:188} INFO - [2024-07-23T02:23:52.944+0000] {dag.py:3089} INFO - Sync 1 DAGs
[2024-07-23T02:23:53.031+0000] {logging_mixin.py:188} INFO - [2024-07-23T02:23:53.030+0000] {dag.py:3947} INFO - Setting next_dagrun for latest_only to 2024-07-22 20:00:00+00:00, run_after=2024-07-23 00:00:00+00:00
[2024-07-23T02:23:53.100+0000] {processor.py:183} INFO - Processing /home/airflow/.local/lib/python3.12/site-packages/airflow/example_dags/example_latest_only.py took 0.281 seconds
[2024-07-23T02:24:23.915+0000] {processor.py:161} INFO - Started process (PID=3096) to work on /home/airflow/.local/lib/python3.12/site-packages/airflow/example_dags/example_latest_only.py
[2024-07-23T02:24:23.918+0000] {processor.py:830} INFO - Processing file /home/airflow/.local/lib/python3.12/site-packages/airflow/example_dags/example_latest_only.py for tasks to queue
[2024-07-23T02:24:23.924+0000] {logging_mixin.py:188} INFO - [2024-07-23T02:24:23.923+0000] {dagbag.py:545} INFO - Filling up the DagBag from /home/airflow/.local/lib/python3.12/site-packages/airflow/example_dags/example_latest_only.py
[2024-07-23T02:24:23.941+0000] {processor.py:840} INFO - DAG(s) 'latest_only' retrieved from /home/airflow/.local/lib/python3.12/site-packages/airflow/example_dags/example_latest_only.py
[2024-07-23T02:24:24.011+0000] {logging_mixin.py:188} INFO - [2024-07-23T02:24:24.010+0000] {dag.py:3089} INFO - Sync 1 DAGs
[2024-07-23T02:24:24.095+0000] {logging_mixin.py:188} INFO - [2024-07-23T02:24:24.094+0000] {dag.py:3947} INFO - Setting next_dagrun for latest_only to 2024-07-22 20:00:00+00:00, run_after=2024-07-23 00:00:00+00:00
[2024-07-23T02:24:24.166+0000] {processor.py:183} INFO - Processing /home/airflow/.local/lib/python3.12/site-packages/airflow/example_dags/example_latest_only.py took 0.273 seconds
[2024-07-23T02:24:54.470+0000] {processor.py:161} INFO - Started process (PID=3155) to work on /home/airflow/.local/lib/python3.12/site-packages/airflow/example_dags/example_latest_only.py
[2024-07-23T02:24:54.473+0000] {processor.py:830} INFO - Processing file /home/airflow/.local/lib/python3.12/site-packages/airflow/example_dags/example_latest_only.py for tasks to queue
[2024-07-23T02:24:54.480+0000] {logging_mixin.py:188} INFO - [2024-07-23T02:24:54.478+0000] {dagbag.py:545} INFO - Filling up the DagBag from /home/airflow/.local/lib/python3.12/site-packages/airflow/example_dags/example_latest_only.py
[2024-07-23T02:24:54.498+0000] {processor.py:840} INFO - DAG(s) 'latest_only' retrieved from /home/airflow/.local/lib/python3.12/site-packages/airflow/example_dags/example_latest_only.py
[2024-07-23T02:24:54.570+0000] {logging_mixin.py:188} INFO - [2024-07-23T02:24:54.569+0000] {dag.py:3089} INFO - Sync 1 DAGs
[2024-07-23T02:24:54.662+0000] {logging_mixin.py:188} INFO - [2024-07-23T02:24:54.661+0000] {dag.py:3947} INFO - Setting next_dagrun for latest_only to 2024-07-22 20:00:00+00:00, run_after=2024-07-23 00:00:00+00:00
[2024-07-23T02:24:54.728+0000] {processor.py:183} INFO - Processing /home/airflow/.local/lib/python3.12/site-packages/airflow/example_dags/example_latest_only.py took 0.280 seconds
[2024-07-23T02:25:25.192+0000] {processor.py:161} INFO - Started process (PID=3213) to work on /home/airflow/.local/lib/python3.12/site-packages/airflow/example_dags/example_latest_only.py
[2024-07-23T02:25:25.193+0000] {processor.py:830} INFO - Processing file /home/airflow/.local/lib/python3.12/site-packages/airflow/example_dags/example_latest_only.py for tasks to queue
[2024-07-23T02:25:25.195+0000] {logging_mixin.py:188} INFO - [2024-07-23T02:25:25.195+0000] {dagbag.py:545} INFO - Filling up the DagBag from /home/airflow/.local/lib/python3.12/site-packages/airflow/example_dags/example_latest_only.py
[2024-07-23T02:25:25.202+0000] {processor.py:840} INFO - DAG(s) 'latest_only' retrieved from /home/airflow/.local/lib/python3.12/site-packages/airflow/example_dags/example_latest_only.py
[2024-07-23T02:25:25.229+0000] {logging_mixin.py:188} INFO - [2024-07-23T02:25:25.228+0000] {dag.py:3089} INFO - Sync 1 DAGs
[2024-07-23T02:25:25.262+0000] {logging_mixin.py:188} INFO - [2024-07-23T02:25:25.262+0000] {dag.py:3947} INFO - Setting next_dagrun for latest_only to 2024-07-22 20:00:00+00:00, run_after=2024-07-23 00:00:00+00:00
[2024-07-23T02:25:25.288+0000] {processor.py:183} INFO - Processing /home/airflow/.local/lib/python3.12/site-packages/airflow/example_dags/example_latest_only.py took 0.106 seconds
[2024-07-23T02:25:55.410+0000] {processor.py:161} INFO - Started process (PID=3272) to work on /home/airflow/.local/lib/python3.12/site-packages/airflow/example_dags/example_latest_only.py
[2024-07-23T02:25:55.411+0000] {processor.py:830} INFO - Processing file /home/airflow/.local/lib/python3.12/site-packages/airflow/example_dags/example_latest_only.py for tasks to queue
[2024-07-23T02:25:55.413+0000] {logging_mixin.py:188} INFO - [2024-07-23T02:25:55.413+0000] {dagbag.py:545} INFO - Filling up the DagBag from /home/airflow/.local/lib/python3.12/site-packages/airflow/example_dags/example_latest_only.py
[2024-07-23T02:25:55.418+0000] {processor.py:840} INFO - DAG(s) 'latest_only' retrieved from /home/airflow/.local/lib/python3.12/site-packages/airflow/example_dags/example_latest_only.py
[2024-07-23T02:25:55.441+0000] {logging_mixin.py:188} INFO - [2024-07-23T02:25:55.441+0000] {dag.py:3089} INFO - Sync 1 DAGs
[2024-07-23T02:25:55.465+0000] {logging_mixin.py:188} INFO - [2024-07-23T02:25:55.465+0000] {dag.py:3947} INFO - Setting next_dagrun for latest_only to 2024-07-22 20:00:00+00:00, run_after=2024-07-23 00:00:00+00:00
[2024-07-23T02:25:55.488+0000] {processor.py:183} INFO - Processing /home/airflow/.local/lib/python3.12/site-packages/airflow/example_dags/example_latest_only.py took 0.085 seconds
[2024-07-23T02:26:25.999+0000] {processor.py:161} INFO - Started process (PID=3331) to work on /home/airflow/.local/lib/python3.12/site-packages/airflow/example_dags/example_latest_only.py
[2024-07-23T02:26:25.999+0000] {processor.py:830} INFO - Processing file /home/airflow/.local/lib/python3.12/site-packages/airflow/example_dags/example_latest_only.py for tasks to queue
[2024-07-23T02:26:26.001+0000] {logging_mixin.py:188} INFO - [2024-07-23T02:26:26.001+0000] {dagbag.py:545} INFO - Filling up the DagBag from /home/airflow/.local/lib/python3.12/site-packages/airflow/example_dags/example_latest_only.py
[2024-07-23T02:26:26.007+0000] {processor.py:840} INFO - DAG(s) 'latest_only' retrieved from /home/airflow/.local/lib/python3.12/site-packages/airflow/example_dags/example_latest_only.py
[2024-07-23T02:26:26.030+0000] {logging_mixin.py:188} INFO - [2024-07-23T02:26:26.030+0000] {dag.py:3089} INFO - Sync 1 DAGs
[2024-07-23T02:26:26.060+0000] {logging_mixin.py:188} INFO - [2024-07-23T02:26:26.059+0000] {dag.py:3947} INFO - Setting next_dagrun for latest_only to 2024-07-22 20:00:00+00:00, run_after=2024-07-23 00:00:00+00:00
[2024-07-23T02:26:26.085+0000] {processor.py:183} INFO - Processing /home/airflow/.local/lib/python3.12/site-packages/airflow/example_dags/example_latest_only.py took 0.093 seconds
[2024-07-23T02:26:57.439+0000] {processor.py:161} INFO - Started process (PID=3390) to work on /home/airflow/.local/lib/python3.12/site-packages/airflow/example_dags/example_latest_only.py
[2024-07-23T02:26:57.442+0000] {processor.py:830} INFO - Processing file /home/airflow/.local/lib/python3.12/site-packages/airflow/example_dags/example_latest_only.py for tasks to queue
[2024-07-23T02:26:57.448+0000] {logging_mixin.py:188} INFO - [2024-07-23T02:26:57.447+0000] {dagbag.py:545} INFO - Filling up the DagBag from /home/airflow/.local/lib/python3.12/site-packages/airflow/example_dags/example_latest_only.py
[2024-07-23T02:26:57.468+0000] {processor.py:840} INFO - DAG(s) 'latest_only' retrieved from /home/airflow/.local/lib/python3.12/site-packages/airflow/example_dags/example_latest_only.py
[2024-07-23T02:26:57.541+0000] {logging_mixin.py:188} INFO - [2024-07-23T02:26:57.540+0000] {dag.py:3089} INFO - Sync 1 DAGs
[2024-07-23T02:26:57.633+0000] {logging_mixin.py:188} INFO - [2024-07-23T02:26:57.632+0000] {dag.py:3947} INFO - Setting next_dagrun for latest_only to 2024-07-22 20:00:00+00:00, run_after=2024-07-23 00:00:00+00:00
[2024-07-23T02:26:57.732+0000] {processor.py:183} INFO - Processing /home/airflow/.local/lib/python3.12/site-packages/airflow/example_dags/example_latest_only.py took 0.317 seconds
[2024-07-23T02:27:28.008+0000] {processor.py:161} INFO - Started process (PID=3449) to work on /home/airflow/.local/lib/python3.12/site-packages/airflow/example_dags/example_latest_only.py
[2024-07-23T02:27:28.008+0000] {processor.py:830} INFO - Processing file /home/airflow/.local/lib/python3.12/site-packages/airflow/example_dags/example_latest_only.py for tasks to queue
[2024-07-23T02:27:28.010+0000] {logging_mixin.py:188} INFO - [2024-07-23T02:27:28.010+0000] {dagbag.py:545} INFO - Filling up the DagBag from /home/airflow/.local/lib/python3.12/site-packages/airflow/example_dags/example_latest_only.py
[2024-07-23T02:27:28.016+0000] {processor.py:840} INFO - DAG(s) 'latest_only' retrieved from /home/airflow/.local/lib/python3.12/site-packages/airflow/example_dags/example_latest_only.py
[2024-07-23T02:27:28.043+0000] {logging_mixin.py:188} INFO - [2024-07-23T02:27:28.043+0000] {dag.py:3089} INFO - Sync 1 DAGs
[2024-07-23T02:27:28.068+0000] {logging_mixin.py:188} INFO - [2024-07-23T02:27:28.068+0000] {dag.py:3947} INFO - Setting next_dagrun for latest_only to 2024-07-22 20:00:00+00:00, run_after=2024-07-23 00:00:00+00:00
[2024-07-23T02:27:28.090+0000] {processor.py:183} INFO - Processing /home/airflow/.local/lib/python3.12/site-packages/airflow/example_dags/example_latest_only.py took 0.090 seconds
[2024-07-23T02:27:58.323+0000] {processor.py:161} INFO - Started process (PID=3506) to work on /home/airflow/.local/lib/python3.12/site-packages/airflow/example_dags/example_latest_only.py
[2024-07-23T02:27:58.324+0000] {processor.py:830} INFO - Processing file /home/airflow/.local/lib/python3.12/site-packages/airflow/example_dags/example_latest_only.py for tasks to queue
[2024-07-23T02:27:58.326+0000] {logging_mixin.py:188} INFO - [2024-07-23T02:27:58.326+0000] {dagbag.py:545} INFO - Filling up the DagBag from /home/airflow/.local/lib/python3.12/site-packages/airflow/example_dags/example_latest_only.py
[2024-07-23T02:27:58.333+0000] {processor.py:840} INFO - DAG(s) 'latest_only' retrieved from /home/airflow/.local/lib/python3.12/site-packages/airflow/example_dags/example_latest_only.py
[2024-07-23T02:27:58.358+0000] {logging_mixin.py:188} INFO - [2024-07-23T02:27:58.358+0000] {dag.py:3089} INFO - Sync 1 DAGs
[2024-07-23T02:27:58.391+0000] {logging_mixin.py:188} INFO - [2024-07-23T02:27:58.391+0000] {dag.py:3947} INFO - Setting next_dagrun for latest_only to 2024-07-22 20:00:00+00:00, run_after=2024-07-23 00:00:00+00:00
[2024-07-23T02:27:58.421+0000] {processor.py:183} INFO - Processing /home/airflow/.local/lib/python3.12/site-packages/airflow/example_dags/example_latest_only.py took 0.105 seconds
