[2024-07-23T01:58:22.228+0000] {processor.py:161} INFO - Started process (PID=91) to work on /home/airflow/.local/lib/python3.12/site-packages/airflow/example_dags/example_dynamic_task_mapping_with_no_taskflow_operators.py
[2024-07-23T01:58:22.229+0000] {processor.py:830} INFO - Processing file /home/airflow/.local/lib/python3.12/site-packages/airflow/example_dags/example_dynamic_task_mapping_with_no_taskflow_operators.py for tasks to queue
[2024-07-23T01:58:22.232+0000] {logging_mixin.py:188} INFO - [2024-07-23T01:58:22.231+0000] {dagbag.py:545} INFO - Filling up the DagBag from /home/airflow/.local/lib/python3.12/site-packages/airflow/example_dags/example_dynamic_task_mapping_with_no_taskflow_operators.py
[2024-07-23T01:58:22.243+0000] {processor.py:840} INFO - DAG(s) 'example_dynamic_task_mapping_with_no_taskflow_operators' retrieved from /home/airflow/.local/lib/python3.12/site-packages/airflow/example_dags/example_dynamic_task_mapping_with_no_taskflow_operators.py
[2024-07-23T01:58:22.382+0000] {logging_mixin.py:188} INFO - [2024-07-23T01:58:22.381+0000] {dag.py:3089} INFO - Sync 1 DAGs
[2024-07-23T01:58:22.404+0000] {logging_mixin.py:188} INFO - [2024-07-23T01:58:22.404+0000] {dag.py:3947} INFO - Setting next_dagrun for example_dynamic_task_mapping_with_no_taskflow_operators to 2024-07-22 00:00:00+00:00, run_after=2024-07-23 00:00:00+00:00
[2024-07-23T01:58:22.428+0000] {processor.py:183} INFO - Processing /home/airflow/.local/lib/python3.12/site-packages/airflow/example_dags/example_dynamic_task_mapping_with_no_taskflow_operators.py took 0.208 seconds
[2024-07-23T01:58:53.215+0000] {processor.py:161} INFO - Started process (PID=149) to work on /home/airflow/.local/lib/python3.12/site-packages/airflow/example_dags/example_dynamic_task_mapping_with_no_taskflow_operators.py
[2024-07-23T01:58:53.216+0000] {processor.py:830} INFO - Processing file /home/airflow/.local/lib/python3.12/site-packages/airflow/example_dags/example_dynamic_task_mapping_with_no_taskflow_operators.py for tasks to queue
[2024-07-23T01:58:53.218+0000] {logging_mixin.py:188} INFO - [2024-07-23T01:58:53.217+0000] {dagbag.py:545} INFO - Filling up the DagBag from /home/airflow/.local/lib/python3.12/site-packages/airflow/example_dags/example_dynamic_task_mapping_with_no_taskflow_operators.py
[2024-07-23T01:58:53.225+0000] {processor.py:840} INFO - DAG(s) 'example_dynamic_task_mapping_with_no_taskflow_operators' retrieved from /home/airflow/.local/lib/python3.12/site-packages/airflow/example_dags/example_dynamic_task_mapping_with_no_taskflow_operators.py
[2024-07-23T01:58:53.250+0000] {logging_mixin.py:188} INFO - [2024-07-23T01:58:53.250+0000] {dag.py:3089} INFO - Sync 1 DAGs
[2024-07-23T01:58:53.276+0000] {logging_mixin.py:188} INFO - [2024-07-23T01:58:53.276+0000] {dag.py:3947} INFO - Setting next_dagrun for example_dynamic_task_mapping_with_no_taskflow_operators to 2024-07-22 00:00:00+00:00, run_after=2024-07-23 00:00:00+00:00
[2024-07-23T01:58:53.300+0000] {processor.py:183} INFO - Processing /home/airflow/.local/lib/python3.12/site-packages/airflow/example_dags/example_dynamic_task_mapping_with_no_taskflow_operators.py took 0.092 seconds
[2024-07-23T01:59:23.578+0000] {processor.py:161} INFO - Started process (PID=207) to work on /home/airflow/.local/lib/python3.12/site-packages/airflow/example_dags/example_dynamic_task_mapping_with_no_taskflow_operators.py
[2024-07-23T01:59:23.580+0000] {processor.py:830} INFO - Processing file /home/airflow/.local/lib/python3.12/site-packages/airflow/example_dags/example_dynamic_task_mapping_with_no_taskflow_operators.py for tasks to queue
[2024-07-23T01:59:23.582+0000] {logging_mixin.py:188} INFO - [2024-07-23T01:59:23.581+0000] {dagbag.py:545} INFO - Filling up the DagBag from /home/airflow/.local/lib/python3.12/site-packages/airflow/example_dags/example_dynamic_task_mapping_with_no_taskflow_operators.py
[2024-07-23T01:59:23.589+0000] {processor.py:840} INFO - DAG(s) 'example_dynamic_task_mapping_with_no_taskflow_operators' retrieved from /home/airflow/.local/lib/python3.12/site-packages/airflow/example_dags/example_dynamic_task_mapping_with_no_taskflow_operators.py
[2024-07-23T01:59:23.617+0000] {logging_mixin.py:188} INFO - [2024-07-23T01:59:23.616+0000] {dag.py:3089} INFO - Sync 1 DAGs
[2024-07-23T01:59:23.652+0000] {logging_mixin.py:188} INFO - [2024-07-23T01:59:23.652+0000] {dag.py:3947} INFO - Setting next_dagrun for example_dynamic_task_mapping_with_no_taskflow_operators to 2024-07-22 00:00:00+00:00, run_after=2024-07-23 00:00:00+00:00
[2024-07-23T01:59:23.690+0000] {processor.py:183} INFO - Processing /home/airflow/.local/lib/python3.12/site-packages/airflow/example_dags/example_dynamic_task_mapping_with_no_taskflow_operators.py took 0.119 seconds
[2024-07-23T01:59:53.976+0000] {processor.py:161} INFO - Started process (PID=265) to work on /home/airflow/.local/lib/python3.12/site-packages/airflow/example_dags/example_dynamic_task_mapping_with_no_taskflow_operators.py
[2024-07-23T01:59:53.977+0000] {processor.py:830} INFO - Processing file /home/airflow/.local/lib/python3.12/site-packages/airflow/example_dags/example_dynamic_task_mapping_with_no_taskflow_operators.py for tasks to queue
[2024-07-23T01:59:53.979+0000] {logging_mixin.py:188} INFO - [2024-07-23T01:59:53.979+0000] {dagbag.py:545} INFO - Filling up the DagBag from /home/airflow/.local/lib/python3.12/site-packages/airflow/example_dags/example_dynamic_task_mapping_with_no_taskflow_operators.py
[2024-07-23T01:59:53.987+0000] {processor.py:840} INFO - DAG(s) 'example_dynamic_task_mapping_with_no_taskflow_operators' retrieved from /home/airflow/.local/lib/python3.12/site-packages/airflow/example_dags/example_dynamic_task_mapping_with_no_taskflow_operators.py
[2024-07-23T01:59:54.013+0000] {logging_mixin.py:188} INFO - [2024-07-23T01:59:54.013+0000] {dag.py:3089} INFO - Sync 1 DAGs
[2024-07-23T01:59:54.039+0000] {logging_mixin.py:188} INFO - [2024-07-23T01:59:54.039+0000] {dag.py:3947} INFO - Setting next_dagrun for example_dynamic_task_mapping_with_no_taskflow_operators to 2024-07-22 00:00:00+00:00, run_after=2024-07-23 00:00:00+00:00
[2024-07-23T01:59:54.063+0000] {processor.py:183} INFO - Processing /home/airflow/.local/lib/python3.12/site-packages/airflow/example_dags/example_dynamic_task_mapping_with_no_taskflow_operators.py took 0.095 seconds
[2024-07-23T02:00:24.228+0000] {processor.py:161} INFO - Started process (PID=323) to work on /home/airflow/.local/lib/python3.12/site-packages/airflow/example_dags/example_dynamic_task_mapping_with_no_taskflow_operators.py
[2024-07-23T02:00:24.229+0000] {processor.py:830} INFO - Processing file /home/airflow/.local/lib/python3.12/site-packages/airflow/example_dags/example_dynamic_task_mapping_with_no_taskflow_operators.py for tasks to queue
[2024-07-23T02:00:24.232+0000] {logging_mixin.py:188} INFO - [2024-07-23T02:00:24.232+0000] {dagbag.py:545} INFO - Filling up the DagBag from /home/airflow/.local/lib/python3.12/site-packages/airflow/example_dags/example_dynamic_task_mapping_with_no_taskflow_operators.py
[2024-07-23T02:00:24.243+0000] {processor.py:840} INFO - DAG(s) 'example_dynamic_task_mapping_with_no_taskflow_operators' retrieved from /home/airflow/.local/lib/python3.12/site-packages/airflow/example_dags/example_dynamic_task_mapping_with_no_taskflow_operators.py
[2024-07-23T02:00:24.272+0000] {logging_mixin.py:188} INFO - [2024-07-23T02:00:24.272+0000] {dag.py:3089} INFO - Sync 1 DAGs
[2024-07-23T02:00:24.302+0000] {logging_mixin.py:188} INFO - [2024-07-23T02:00:24.302+0000] {dag.py:3947} INFO - Setting next_dagrun for example_dynamic_task_mapping_with_no_taskflow_operators to 2024-07-22 00:00:00+00:00, run_after=2024-07-23 00:00:00+00:00
[2024-07-23T02:00:24.334+0000] {processor.py:183} INFO - Processing /home/airflow/.local/lib/python3.12/site-packages/airflow/example_dags/example_dynamic_task_mapping_with_no_taskflow_operators.py took 0.116 seconds
[2024-07-23T02:00:54.707+0000] {processor.py:161} INFO - Started process (PID=380) to work on /home/airflow/.local/lib/python3.12/site-packages/airflow/example_dags/example_dynamic_task_mapping_with_no_taskflow_operators.py
[2024-07-23T02:00:54.708+0000] {processor.py:830} INFO - Processing file /home/airflow/.local/lib/python3.12/site-packages/airflow/example_dags/example_dynamic_task_mapping_with_no_taskflow_operators.py for tasks to queue
[2024-07-23T02:00:54.710+0000] {logging_mixin.py:188} INFO - [2024-07-23T02:00:54.710+0000] {dagbag.py:545} INFO - Filling up the DagBag from /home/airflow/.local/lib/python3.12/site-packages/airflow/example_dags/example_dynamic_task_mapping_with_no_taskflow_operators.py
[2024-07-23T02:00:54.720+0000] {processor.py:840} INFO - DAG(s) 'example_dynamic_task_mapping_with_no_taskflow_operators' retrieved from /home/airflow/.local/lib/python3.12/site-packages/airflow/example_dags/example_dynamic_task_mapping_with_no_taskflow_operators.py
[2024-07-23T02:00:54.744+0000] {logging_mixin.py:188} INFO - [2024-07-23T02:00:54.744+0000] {dag.py:3089} INFO - Sync 1 DAGs
[2024-07-23T02:00:54.773+0000] {logging_mixin.py:188} INFO - [2024-07-23T02:00:54.773+0000] {dag.py:3947} INFO - Setting next_dagrun for example_dynamic_task_mapping_with_no_taskflow_operators to 2024-07-22 00:00:00+00:00, run_after=2024-07-23 00:00:00+00:00
[2024-07-23T02:00:54.798+0000] {processor.py:183} INFO - Processing /home/airflow/.local/lib/python3.12/site-packages/airflow/example_dags/example_dynamic_task_mapping_with_no_taskflow_operators.py took 0.099 seconds
[2024-07-23T02:01:25.686+0000] {processor.py:161} INFO - Started process (PID=437) to work on /home/airflow/.local/lib/python3.12/site-packages/airflow/example_dags/example_dynamic_task_mapping_with_no_taskflow_operators.py
[2024-07-23T02:01:25.687+0000] {processor.py:830} INFO - Processing file /home/airflow/.local/lib/python3.12/site-packages/airflow/example_dags/example_dynamic_task_mapping_with_no_taskflow_operators.py for tasks to queue
[2024-07-23T02:01:25.689+0000] {logging_mixin.py:188} INFO - [2024-07-23T02:01:25.688+0000] {dagbag.py:545} INFO - Filling up the DagBag from /home/airflow/.local/lib/python3.12/site-packages/airflow/example_dags/example_dynamic_task_mapping_with_no_taskflow_operators.py
[2024-07-23T02:01:25.697+0000] {processor.py:840} INFO - DAG(s) 'example_dynamic_task_mapping_with_no_taskflow_operators' retrieved from /home/airflow/.local/lib/python3.12/site-packages/airflow/example_dags/example_dynamic_task_mapping_with_no_taskflow_operators.py
[2024-07-23T02:01:25.719+0000] {logging_mixin.py:188} INFO - [2024-07-23T02:01:25.718+0000] {dag.py:3089} INFO - Sync 1 DAGs
[2024-07-23T02:01:25.743+0000] {logging_mixin.py:188} INFO - [2024-07-23T02:01:25.743+0000] {dag.py:3947} INFO - Setting next_dagrun for example_dynamic_task_mapping_with_no_taskflow_operators to 2024-07-22 00:00:00+00:00, run_after=2024-07-23 00:00:00+00:00
[2024-07-23T02:01:25.774+0000] {processor.py:183} INFO - Processing /home/airflow/.local/lib/python3.12/site-packages/airflow/example_dags/example_dynamic_task_mapping_with_no_taskflow_operators.py took 0.096 seconds
[2024-07-23T02:01:55.957+0000] {processor.py:161} INFO - Started process (PID=494) to work on /home/airflow/.local/lib/python3.12/site-packages/airflow/example_dags/example_dynamic_task_mapping_with_no_taskflow_operators.py
[2024-07-23T02:01:55.957+0000] {processor.py:830} INFO - Processing file /home/airflow/.local/lib/python3.12/site-packages/airflow/example_dags/example_dynamic_task_mapping_with_no_taskflow_operators.py for tasks to queue
[2024-07-23T02:01:55.959+0000] {logging_mixin.py:188} INFO - [2024-07-23T02:01:55.959+0000] {dagbag.py:545} INFO - Filling up the DagBag from /home/airflow/.local/lib/python3.12/site-packages/airflow/example_dags/example_dynamic_task_mapping_with_no_taskflow_operators.py
[2024-07-23T02:01:55.967+0000] {processor.py:840} INFO - DAG(s) 'example_dynamic_task_mapping_with_no_taskflow_operators' retrieved from /home/airflow/.local/lib/python3.12/site-packages/airflow/example_dags/example_dynamic_task_mapping_with_no_taskflow_operators.py
[2024-07-23T02:01:55.989+0000] {logging_mixin.py:188} INFO - [2024-07-23T02:01:55.989+0000] {dag.py:3089} INFO - Sync 1 DAGs
[2024-07-23T02:01:56.017+0000] {logging_mixin.py:188} INFO - [2024-07-23T02:01:56.016+0000] {dag.py:3947} INFO - Setting next_dagrun for example_dynamic_task_mapping_with_no_taskflow_operators to 2024-07-22 00:00:00+00:00, run_after=2024-07-23 00:00:00+00:00
[2024-07-23T02:01:56.038+0000] {processor.py:183} INFO - Processing /home/airflow/.local/lib/python3.12/site-packages/airflow/example_dags/example_dynamic_task_mapping_with_no_taskflow_operators.py took 0.088 seconds
[2024-07-23T02:02:26.144+0000] {processor.py:161} INFO - Started process (PID=553) to work on /home/airflow/.local/lib/python3.12/site-packages/airflow/example_dags/example_dynamic_task_mapping_with_no_taskflow_operators.py
[2024-07-23T02:02:26.145+0000] {processor.py:830} INFO - Processing file /home/airflow/.local/lib/python3.12/site-packages/airflow/example_dags/example_dynamic_task_mapping_with_no_taskflow_operators.py for tasks to queue
[2024-07-23T02:02:26.147+0000] {logging_mixin.py:188} INFO - [2024-07-23T02:02:26.147+0000] {dagbag.py:545} INFO - Filling up the DagBag from /home/airflow/.local/lib/python3.12/site-packages/airflow/example_dags/example_dynamic_task_mapping_with_no_taskflow_operators.py
[2024-07-23T02:02:26.155+0000] {processor.py:840} INFO - DAG(s) 'example_dynamic_task_mapping_with_no_taskflow_operators' retrieved from /home/airflow/.local/lib/python3.12/site-packages/airflow/example_dags/example_dynamic_task_mapping_with_no_taskflow_operators.py
[2024-07-23T02:02:26.180+0000] {logging_mixin.py:188} INFO - [2024-07-23T02:02:26.180+0000] {dag.py:3089} INFO - Sync 1 DAGs
[2024-07-23T02:02:26.213+0000] {logging_mixin.py:188} INFO - [2024-07-23T02:02:26.213+0000] {dag.py:3947} INFO - Setting next_dagrun for example_dynamic_task_mapping_with_no_taskflow_operators to 2024-07-22 00:00:00+00:00, run_after=2024-07-23 00:00:00+00:00
[2024-07-23T02:02:26.241+0000] {processor.py:183} INFO - Processing /home/airflow/.local/lib/python3.12/site-packages/airflow/example_dags/example_dynamic_task_mapping_with_no_taskflow_operators.py took 0.104 seconds
[2024-07-23T02:02:56.868+0000] {processor.py:161} INFO - Started process (PID=612) to work on /home/airflow/.local/lib/python3.12/site-packages/airflow/example_dags/example_dynamic_task_mapping_with_no_taskflow_operators.py
[2024-07-23T02:02:56.870+0000] {processor.py:830} INFO - Processing file /home/airflow/.local/lib/python3.12/site-packages/airflow/example_dags/example_dynamic_task_mapping_with_no_taskflow_operators.py for tasks to queue
[2024-07-23T02:02:56.873+0000] {logging_mixin.py:188} INFO - [2024-07-23T02:02:56.872+0000] {dagbag.py:545} INFO - Filling up the DagBag from /home/airflow/.local/lib/python3.12/site-packages/airflow/example_dags/example_dynamic_task_mapping_with_no_taskflow_operators.py
[2024-07-23T02:02:56.884+0000] {processor.py:840} INFO - DAG(s) 'example_dynamic_task_mapping_with_no_taskflow_operators' retrieved from /home/airflow/.local/lib/python3.12/site-packages/airflow/example_dags/example_dynamic_task_mapping_with_no_taskflow_operators.py
[2024-07-23T02:02:56.920+0000] {logging_mixin.py:188} INFO - [2024-07-23T02:02:56.919+0000] {dag.py:3089} INFO - Sync 1 DAGs
[2024-07-23T02:02:56.959+0000] {logging_mixin.py:188} INFO - [2024-07-23T02:02:56.959+0000] {dag.py:3947} INFO - Setting next_dagrun for example_dynamic_task_mapping_with_no_taskflow_operators to 2024-07-22 00:00:00+00:00, run_after=2024-07-23 00:00:00+00:00
[2024-07-23T02:02:56.995+0000] {processor.py:183} INFO - Processing /home/airflow/.local/lib/python3.12/site-packages/airflow/example_dags/example_dynamic_task_mapping_with_no_taskflow_operators.py took 0.138 seconds
[2024-07-23T02:03:27.866+0000] {processor.py:161} INFO - Started process (PID=672) to work on /home/airflow/.local/lib/python3.12/site-packages/airflow/example_dags/example_dynamic_task_mapping_with_no_taskflow_operators.py
[2024-07-23T02:03:27.868+0000] {processor.py:830} INFO - Processing file /home/airflow/.local/lib/python3.12/site-packages/airflow/example_dags/example_dynamic_task_mapping_with_no_taskflow_operators.py for tasks to queue
[2024-07-23T02:03:27.870+0000] {logging_mixin.py:188} INFO - [2024-07-23T02:03:27.870+0000] {dagbag.py:545} INFO - Filling up the DagBag from /home/airflow/.local/lib/python3.12/site-packages/airflow/example_dags/example_dynamic_task_mapping_with_no_taskflow_operators.py
[2024-07-23T02:03:27.881+0000] {processor.py:840} INFO - DAG(s) 'example_dynamic_task_mapping_with_no_taskflow_operators' retrieved from /home/airflow/.local/lib/python3.12/site-packages/airflow/example_dags/example_dynamic_task_mapping_with_no_taskflow_operators.py
[2024-07-23T02:03:27.915+0000] {logging_mixin.py:188} INFO - [2024-07-23T02:03:27.914+0000] {dag.py:3089} INFO - Sync 1 DAGs
[2024-07-23T02:03:27.953+0000] {logging_mixin.py:188} INFO - [2024-07-23T02:03:27.952+0000] {dag.py:3947} INFO - Setting next_dagrun for example_dynamic_task_mapping_with_no_taskflow_operators to 2024-07-22 00:00:00+00:00, run_after=2024-07-23 00:00:00+00:00
[2024-07-23T02:03:27.984+0000] {processor.py:183} INFO - Processing /home/airflow/.local/lib/python3.12/site-packages/airflow/example_dags/example_dynamic_task_mapping_with_no_taskflow_operators.py took 0.128 seconds
[2024-07-23T02:04:02.519+0000] {processor.py:161} INFO - Started process (PID=731) to work on /home/airflow/.local/lib/python3.12/site-packages/airflow/example_dags/example_dynamic_task_mapping_with_no_taskflow_operators.py
[2024-07-23T02:04:02.524+0000] {processor.py:830} INFO - Processing file /home/airflow/.local/lib/python3.12/site-packages/airflow/example_dags/example_dynamic_task_mapping_with_no_taskflow_operators.py for tasks to queue
[2024-07-23T02:04:02.536+0000] {logging_mixin.py:188} INFO - [2024-07-23T02:04:02.533+0000] {dagbag.py:545} INFO - Filling up the DagBag from /home/airflow/.local/lib/python3.12/site-packages/airflow/example_dags/example_dynamic_task_mapping_with_no_taskflow_operators.py
[2024-07-23T02:04:02.579+0000] {processor.py:840} INFO - DAG(s) 'example_dynamic_task_mapping_with_no_taskflow_operators' retrieved from /home/airflow/.local/lib/python3.12/site-packages/airflow/example_dags/example_dynamic_task_mapping_with_no_taskflow_operators.py
[2024-07-23T02:04:02.700+0000] {logging_mixin.py:188} INFO - [2024-07-23T02:04:02.698+0000] {dag.py:3089} INFO - Sync 1 DAGs
[2024-07-23T02:04:02.865+0000] {logging_mixin.py:188} INFO - [2024-07-23T02:04:02.863+0000] {dag.py:3947} INFO - Setting next_dagrun for example_dynamic_task_mapping_with_no_taskflow_operators to 2024-07-22 00:00:00+00:00, run_after=2024-07-23 00:00:00+00:00
[2024-07-23T02:04:02.982+0000] {processor.py:183} INFO - Processing /home/airflow/.local/lib/python3.12/site-packages/airflow/example_dags/example_dynamic_task_mapping_with_no_taskflow_operators.py took 0.506 seconds
[2024-07-23T02:04:34.661+0000] {processor.py:161} INFO - Started process (PID=790) to work on /home/airflow/.local/lib/python3.12/site-packages/airflow/example_dags/example_dynamic_task_mapping_with_no_taskflow_operators.py
[2024-07-23T02:04:34.664+0000] {processor.py:830} INFO - Processing file /home/airflow/.local/lib/python3.12/site-packages/airflow/example_dags/example_dynamic_task_mapping_with_no_taskflow_operators.py for tasks to queue
[2024-07-23T02:04:34.672+0000] {logging_mixin.py:188} INFO - [2024-07-23T02:04:34.670+0000] {dagbag.py:545} INFO - Filling up the DagBag from /home/airflow/.local/lib/python3.12/site-packages/airflow/example_dags/example_dynamic_task_mapping_with_no_taskflow_operators.py
[2024-07-23T02:04:34.703+0000] {processor.py:840} INFO - DAG(s) 'example_dynamic_task_mapping_with_no_taskflow_operators' retrieved from /home/airflow/.local/lib/python3.12/site-packages/airflow/example_dags/example_dynamic_task_mapping_with_no_taskflow_operators.py
[2024-07-23T02:04:34.793+0000] {logging_mixin.py:188} INFO - [2024-07-23T02:04:34.791+0000] {dag.py:3089} INFO - Sync 1 DAGs
[2024-07-23T02:04:34.921+0000] {logging_mixin.py:188} INFO - [2024-07-23T02:04:34.920+0000] {dag.py:3947} INFO - Setting next_dagrun for example_dynamic_task_mapping_with_no_taskflow_operators to 2024-07-22 00:00:00+00:00, run_after=2024-07-23 00:00:00+00:00
[2024-07-23T02:04:35.013+0000] {processor.py:183} INFO - Processing /home/airflow/.local/lib/python3.12/site-packages/airflow/example_dags/example_dynamic_task_mapping_with_no_taskflow_operators.py took 0.380 seconds
[2024-07-23T02:05:06.196+0000] {processor.py:161} INFO - Started process (PID=849) to work on /home/airflow/.local/lib/python3.12/site-packages/airflow/example_dags/example_dynamic_task_mapping_with_no_taskflow_operators.py
[2024-07-23T02:05:06.200+0000] {processor.py:830} INFO - Processing file /home/airflow/.local/lib/python3.12/site-packages/airflow/example_dags/example_dynamic_task_mapping_with_no_taskflow_operators.py for tasks to queue
[2024-07-23T02:05:06.209+0000] {logging_mixin.py:188} INFO - [2024-07-23T02:05:06.208+0000] {dagbag.py:545} INFO - Filling up the DagBag from /home/airflow/.local/lib/python3.12/site-packages/airflow/example_dags/example_dynamic_task_mapping_with_no_taskflow_operators.py
[2024-07-23T02:05:06.243+0000] {processor.py:840} INFO - DAG(s) 'example_dynamic_task_mapping_with_no_taskflow_operators' retrieved from /home/airflow/.local/lib/python3.12/site-packages/airflow/example_dags/example_dynamic_task_mapping_with_no_taskflow_operators.py
[2024-07-23T02:05:06.341+0000] {logging_mixin.py:188} INFO - [2024-07-23T02:05:06.340+0000] {dag.py:3089} INFO - Sync 1 DAGs
[2024-07-23T02:05:06.456+0000] {logging_mixin.py:188} INFO - [2024-07-23T02:05:06.454+0000] {dag.py:3947} INFO - Setting next_dagrun for example_dynamic_task_mapping_with_no_taskflow_operators to 2024-07-22 00:00:00+00:00, run_after=2024-07-23 00:00:00+00:00
[2024-07-23T02:05:06.540+0000] {processor.py:183} INFO - Processing /home/airflow/.local/lib/python3.12/site-packages/airflow/example_dags/example_dynamic_task_mapping_with_no_taskflow_operators.py took 0.378 seconds
[2024-07-23T02:05:38.535+0000] {processor.py:161} INFO - Started process (PID=908) to work on /home/airflow/.local/lib/python3.12/site-packages/airflow/example_dags/example_dynamic_task_mapping_with_no_taskflow_operators.py
[2024-07-23T02:05:38.541+0000] {processor.py:830} INFO - Processing file /home/airflow/.local/lib/python3.12/site-packages/airflow/example_dags/example_dynamic_task_mapping_with_no_taskflow_operators.py for tasks to queue
[2024-07-23T02:05:38.552+0000] {logging_mixin.py:188} INFO - [2024-07-23T02:05:38.549+0000] {dagbag.py:545} INFO - Filling up the DagBag from /home/airflow/.local/lib/python3.12/site-packages/airflow/example_dags/example_dynamic_task_mapping_with_no_taskflow_operators.py
[2024-07-23T02:05:38.595+0000] {processor.py:840} INFO - DAG(s) 'example_dynamic_task_mapping_with_no_taskflow_operators' retrieved from /home/airflow/.local/lib/python3.12/site-packages/airflow/example_dags/example_dynamic_task_mapping_with_no_taskflow_operators.py
[2024-07-23T02:05:38.720+0000] {logging_mixin.py:188} INFO - [2024-07-23T02:05:38.719+0000] {dag.py:3089} INFO - Sync 1 DAGs
[2024-07-23T02:05:38.865+0000] {logging_mixin.py:188} INFO - [2024-07-23T02:05:38.864+0000] {dag.py:3947} INFO - Setting next_dagrun for example_dynamic_task_mapping_with_no_taskflow_operators to 2024-07-22 00:00:00+00:00, run_after=2024-07-23 00:00:00+00:00
[2024-07-23T02:05:38.999+0000] {processor.py:183} INFO - Processing /home/airflow/.local/lib/python3.12/site-packages/airflow/example_dags/example_dynamic_task_mapping_with_no_taskflow_operators.py took 0.515 seconds
[2024-07-23T02:06:09.724+0000] {processor.py:161} INFO - Started process (PID=967) to work on /home/airflow/.local/lib/python3.12/site-packages/airflow/example_dags/example_dynamic_task_mapping_with_no_taskflow_operators.py
[2024-07-23T02:06:09.726+0000] {processor.py:830} INFO - Processing file /home/airflow/.local/lib/python3.12/site-packages/airflow/example_dags/example_dynamic_task_mapping_with_no_taskflow_operators.py for tasks to queue
[2024-07-23T02:06:09.728+0000] {logging_mixin.py:188} INFO - [2024-07-23T02:06:09.727+0000] {dagbag.py:545} INFO - Filling up the DagBag from /home/airflow/.local/lib/python3.12/site-packages/airflow/example_dags/example_dynamic_task_mapping_with_no_taskflow_operators.py
[2024-07-23T02:06:09.734+0000] {processor.py:840} INFO - DAG(s) 'example_dynamic_task_mapping_with_no_taskflow_operators' retrieved from /home/airflow/.local/lib/python3.12/site-packages/airflow/example_dags/example_dynamic_task_mapping_with_no_taskflow_operators.py
[2024-07-23T02:06:09.757+0000] {logging_mixin.py:188} INFO - [2024-07-23T02:06:09.756+0000] {dag.py:3089} INFO - Sync 1 DAGs
[2024-07-23T02:06:09.780+0000] {logging_mixin.py:188} INFO - [2024-07-23T02:06:09.779+0000] {dag.py:3947} INFO - Setting next_dagrun for example_dynamic_task_mapping_with_no_taskflow_operators to 2024-07-22 00:00:00+00:00, run_after=2024-07-23 00:00:00+00:00
[2024-07-23T02:06:09.803+0000] {processor.py:183} INFO - Processing /home/airflow/.local/lib/python3.12/site-packages/airflow/example_dags/example_dynamic_task_mapping_with_no_taskflow_operators.py took 0.085 seconds
[2024-07-23T02:06:40.367+0000] {processor.py:161} INFO - Started process (PID=1026) to work on /home/airflow/.local/lib/python3.12/site-packages/airflow/example_dags/example_dynamic_task_mapping_with_no_taskflow_operators.py
[2024-07-23T02:06:40.369+0000] {processor.py:830} INFO - Processing file /home/airflow/.local/lib/python3.12/site-packages/airflow/example_dags/example_dynamic_task_mapping_with_no_taskflow_operators.py for tasks to queue
[2024-07-23T02:06:40.371+0000] {logging_mixin.py:188} INFO - [2024-07-23T02:06:40.371+0000] {dagbag.py:545} INFO - Filling up the DagBag from /home/airflow/.local/lib/python3.12/site-packages/airflow/example_dags/example_dynamic_task_mapping_with_no_taskflow_operators.py
[2024-07-23T02:06:40.379+0000] {processor.py:840} INFO - DAG(s) 'example_dynamic_task_mapping_with_no_taskflow_operators' retrieved from /home/airflow/.local/lib/python3.12/site-packages/airflow/example_dags/example_dynamic_task_mapping_with_no_taskflow_operators.py
[2024-07-23T02:06:40.407+0000] {logging_mixin.py:188} INFO - [2024-07-23T02:06:40.407+0000] {dag.py:3089} INFO - Sync 1 DAGs
[2024-07-23T02:06:40.442+0000] {logging_mixin.py:188} INFO - [2024-07-23T02:06:40.441+0000] {dag.py:3947} INFO - Setting next_dagrun for example_dynamic_task_mapping_with_no_taskflow_operators to 2024-07-22 00:00:00+00:00, run_after=2024-07-23 00:00:00+00:00
[2024-07-23T02:06:40.465+0000] {processor.py:183} INFO - Processing /home/airflow/.local/lib/python3.12/site-packages/airflow/example_dags/example_dynamic_task_mapping_with_no_taskflow_operators.py took 0.105 seconds
[2024-07-23T02:07:10.625+0000] {processor.py:161} INFO - Started process (PID=1085) to work on /home/airflow/.local/lib/python3.12/site-packages/airflow/example_dags/example_dynamic_task_mapping_with_no_taskflow_operators.py
[2024-07-23T02:07:10.626+0000] {processor.py:830} INFO - Processing file /home/airflow/.local/lib/python3.12/site-packages/airflow/example_dags/example_dynamic_task_mapping_with_no_taskflow_operators.py for tasks to queue
[2024-07-23T02:07:10.628+0000] {logging_mixin.py:188} INFO - [2024-07-23T02:07:10.628+0000] {dagbag.py:545} INFO - Filling up the DagBag from /home/airflow/.local/lib/python3.12/site-packages/airflow/example_dags/example_dynamic_task_mapping_with_no_taskflow_operators.py
[2024-07-23T02:07:10.636+0000] {processor.py:840} INFO - DAG(s) 'example_dynamic_task_mapping_with_no_taskflow_operators' retrieved from /home/airflow/.local/lib/python3.12/site-packages/airflow/example_dags/example_dynamic_task_mapping_with_no_taskflow_operators.py
[2024-07-23T02:07:10.662+0000] {logging_mixin.py:188} INFO - [2024-07-23T02:07:10.661+0000] {dag.py:3089} INFO - Sync 1 DAGs
[2024-07-23T02:07:10.689+0000] {logging_mixin.py:188} INFO - [2024-07-23T02:07:10.689+0000] {dag.py:3947} INFO - Setting next_dagrun for example_dynamic_task_mapping_with_no_taskflow_operators to 2024-07-22 00:00:00+00:00, run_after=2024-07-23 00:00:00+00:00
[2024-07-23T02:07:10.714+0000] {processor.py:183} INFO - Processing /home/airflow/.local/lib/python3.12/site-packages/airflow/example_dags/example_dynamic_task_mapping_with_no_taskflow_operators.py took 0.097 seconds
[2024-07-23T02:07:41.138+0000] {processor.py:161} INFO - Started process (PID=1144) to work on /home/airflow/.local/lib/python3.12/site-packages/airflow/example_dags/example_dynamic_task_mapping_with_no_taskflow_operators.py
[2024-07-23T02:07:41.142+0000] {processor.py:830} INFO - Processing file /home/airflow/.local/lib/python3.12/site-packages/airflow/example_dags/example_dynamic_task_mapping_with_no_taskflow_operators.py for tasks to queue
[2024-07-23T02:07:41.149+0000] {logging_mixin.py:188} INFO - [2024-07-23T02:07:41.148+0000] {dagbag.py:545} INFO - Filling up the DagBag from /home/airflow/.local/lib/python3.12/site-packages/airflow/example_dags/example_dynamic_task_mapping_with_no_taskflow_operators.py
[2024-07-23T02:07:41.172+0000] {processor.py:840} INFO - DAG(s) 'example_dynamic_task_mapping_with_no_taskflow_operators' retrieved from /home/airflow/.local/lib/python3.12/site-packages/airflow/example_dags/example_dynamic_task_mapping_with_no_taskflow_operators.py
[2024-07-23T02:07:41.246+0000] {logging_mixin.py:188} INFO - [2024-07-23T02:07:41.245+0000] {dag.py:3089} INFO - Sync 1 DAGs
[2024-07-23T02:07:41.352+0000] {logging_mixin.py:188} INFO - [2024-07-23T02:07:41.351+0000] {dag.py:3947} INFO - Setting next_dagrun for example_dynamic_task_mapping_with_no_taskflow_operators to 2024-07-22 00:00:00+00:00, run_after=2024-07-23 00:00:00+00:00
[2024-07-23T02:07:41.438+0000] {processor.py:183} INFO - Processing /home/airflow/.local/lib/python3.12/site-packages/airflow/example_dags/example_dynamic_task_mapping_with_no_taskflow_operators.py took 0.324 seconds
[2024-07-23T02:08:11.554+0000] {processor.py:161} INFO - Started process (PID=1204) to work on /home/airflow/.local/lib/python3.12/site-packages/airflow/example_dags/example_dynamic_task_mapping_with_no_taskflow_operators.py
[2024-07-23T02:08:11.555+0000] {processor.py:830} INFO - Processing file /home/airflow/.local/lib/python3.12/site-packages/airflow/example_dags/example_dynamic_task_mapping_with_no_taskflow_operators.py for tasks to queue
[2024-07-23T02:08:11.557+0000] {logging_mixin.py:188} INFO - [2024-07-23T02:08:11.557+0000] {dagbag.py:545} INFO - Filling up the DagBag from /home/airflow/.local/lib/python3.12/site-packages/airflow/example_dags/example_dynamic_task_mapping_with_no_taskflow_operators.py
[2024-07-23T02:08:11.564+0000] {processor.py:840} INFO - DAG(s) 'example_dynamic_task_mapping_with_no_taskflow_operators' retrieved from /home/airflow/.local/lib/python3.12/site-packages/airflow/example_dags/example_dynamic_task_mapping_with_no_taskflow_operators.py
[2024-07-23T02:08:11.584+0000] {logging_mixin.py:188} INFO - [2024-07-23T02:08:11.583+0000] {dag.py:3089} INFO - Sync 1 DAGs
[2024-07-23T02:08:11.609+0000] {logging_mixin.py:188} INFO - [2024-07-23T02:08:11.609+0000] {dag.py:3947} INFO - Setting next_dagrun for example_dynamic_task_mapping_with_no_taskflow_operators to 2024-07-22 00:00:00+00:00, run_after=2024-07-23 00:00:00+00:00
[2024-07-23T02:08:11.629+0000] {processor.py:183} INFO - Processing /home/airflow/.local/lib/python3.12/site-packages/airflow/example_dags/example_dynamic_task_mapping_with_no_taskflow_operators.py took 0.081 seconds
[2024-07-23T02:08:42.455+0000] {processor.py:161} INFO - Started process (PID=1262) to work on /home/airflow/.local/lib/python3.12/site-packages/airflow/example_dags/example_dynamic_task_mapping_with_no_taskflow_operators.py
[2024-07-23T02:08:42.457+0000] {processor.py:830} INFO - Processing file /home/airflow/.local/lib/python3.12/site-packages/airflow/example_dags/example_dynamic_task_mapping_with_no_taskflow_operators.py for tasks to queue
[2024-07-23T02:08:42.459+0000] {logging_mixin.py:188} INFO - [2024-07-23T02:08:42.459+0000] {dagbag.py:545} INFO - Filling up the DagBag from /home/airflow/.local/lib/python3.12/site-packages/airflow/example_dags/example_dynamic_task_mapping_with_no_taskflow_operators.py
[2024-07-23T02:08:42.466+0000] {processor.py:840} INFO - DAG(s) 'example_dynamic_task_mapping_with_no_taskflow_operators' retrieved from /home/airflow/.local/lib/python3.12/site-packages/airflow/example_dags/example_dynamic_task_mapping_with_no_taskflow_operators.py
[2024-07-23T02:08:42.491+0000] {logging_mixin.py:188} INFO - [2024-07-23T02:08:42.490+0000] {dag.py:3089} INFO - Sync 1 DAGs
[2024-07-23T02:08:42.523+0000] {logging_mixin.py:188} INFO - [2024-07-23T02:08:42.522+0000] {dag.py:3947} INFO - Setting next_dagrun for example_dynamic_task_mapping_with_no_taskflow_operators to 2024-07-22 00:00:00+00:00, run_after=2024-07-23 00:00:00+00:00
[2024-07-23T02:08:42.544+0000] {processor.py:183} INFO - Processing /home/airflow/.local/lib/python3.12/site-packages/airflow/example_dags/example_dynamic_task_mapping_with_no_taskflow_operators.py took 0.096 seconds
[2024-07-23T02:09:13.229+0000] {processor.py:161} INFO - Started process (PID=1321) to work on /home/airflow/.local/lib/python3.12/site-packages/airflow/example_dags/example_dynamic_task_mapping_with_no_taskflow_operators.py
[2024-07-23T02:09:13.230+0000] {processor.py:830} INFO - Processing file /home/airflow/.local/lib/python3.12/site-packages/airflow/example_dags/example_dynamic_task_mapping_with_no_taskflow_operators.py for tasks to queue
[2024-07-23T02:09:13.232+0000] {logging_mixin.py:188} INFO - [2024-07-23T02:09:13.231+0000] {dagbag.py:545} INFO - Filling up the DagBag from /home/airflow/.local/lib/python3.12/site-packages/airflow/example_dags/example_dynamic_task_mapping_with_no_taskflow_operators.py
[2024-07-23T02:09:13.240+0000] {processor.py:840} INFO - DAG(s) 'example_dynamic_task_mapping_with_no_taskflow_operators' retrieved from /home/airflow/.local/lib/python3.12/site-packages/airflow/example_dags/example_dynamic_task_mapping_with_no_taskflow_operators.py
[2024-07-23T02:09:13.264+0000] {logging_mixin.py:188} INFO - [2024-07-23T02:09:13.263+0000] {dag.py:3089} INFO - Sync 1 DAGs
[2024-07-23T02:09:13.293+0000] {logging_mixin.py:188} INFO - [2024-07-23T02:09:13.292+0000] {dag.py:3947} INFO - Setting next_dagrun for example_dynamic_task_mapping_with_no_taskflow_operators to 2024-07-22 00:00:00+00:00, run_after=2024-07-23 00:00:00+00:00
[2024-07-23T02:09:13.319+0000] {processor.py:183} INFO - Processing /home/airflow/.local/lib/python3.12/site-packages/airflow/example_dags/example_dynamic_task_mapping_with_no_taskflow_operators.py took 0.098 seconds
[2024-07-23T02:09:43.557+0000] {processor.py:161} INFO - Started process (PID=1379) to work on /home/airflow/.local/lib/python3.12/site-packages/airflow/example_dags/example_dynamic_task_mapping_with_no_taskflow_operators.py
[2024-07-23T02:09:43.558+0000] {processor.py:830} INFO - Processing file /home/airflow/.local/lib/python3.12/site-packages/airflow/example_dags/example_dynamic_task_mapping_with_no_taskflow_operators.py for tasks to queue
[2024-07-23T02:09:43.561+0000] {logging_mixin.py:188} INFO - [2024-07-23T02:09:43.560+0000] {dagbag.py:545} INFO - Filling up the DagBag from /home/airflow/.local/lib/python3.12/site-packages/airflow/example_dags/example_dynamic_task_mapping_with_no_taskflow_operators.py
[2024-07-23T02:09:43.567+0000] {processor.py:840} INFO - DAG(s) 'example_dynamic_task_mapping_with_no_taskflow_operators' retrieved from /home/airflow/.local/lib/python3.12/site-packages/airflow/example_dags/example_dynamic_task_mapping_with_no_taskflow_operators.py
[2024-07-23T02:09:43.588+0000] {logging_mixin.py:188} INFO - [2024-07-23T02:09:43.588+0000] {dag.py:3089} INFO - Sync 1 DAGs
[2024-07-23T02:09:43.611+0000] {logging_mixin.py:188} INFO - [2024-07-23T02:09:43.611+0000] {dag.py:3947} INFO - Setting next_dagrun for example_dynamic_task_mapping_with_no_taskflow_operators to 2024-07-22 00:00:00+00:00, run_after=2024-07-23 00:00:00+00:00
[2024-07-23T02:09:43.632+0000] {processor.py:183} INFO - Processing /home/airflow/.local/lib/python3.12/site-packages/airflow/example_dags/example_dynamic_task_mapping_with_no_taskflow_operators.py took 0.082 seconds
[2024-07-23T02:10:13.757+0000] {processor.py:161} INFO - Started process (PID=1438) to work on /home/airflow/.local/lib/python3.12/site-packages/airflow/example_dags/example_dynamic_task_mapping_with_no_taskflow_operators.py
[2024-07-23T02:10:13.758+0000] {processor.py:830} INFO - Processing file /home/airflow/.local/lib/python3.12/site-packages/airflow/example_dags/example_dynamic_task_mapping_with_no_taskflow_operators.py for tasks to queue
[2024-07-23T02:10:13.760+0000] {logging_mixin.py:188} INFO - [2024-07-23T02:10:13.760+0000] {dagbag.py:545} INFO - Filling up the DagBag from /home/airflow/.local/lib/python3.12/site-packages/airflow/example_dags/example_dynamic_task_mapping_with_no_taskflow_operators.py
[2024-07-23T02:10:13.767+0000] {processor.py:840} INFO - DAG(s) 'example_dynamic_task_mapping_with_no_taskflow_operators' retrieved from /home/airflow/.local/lib/python3.12/site-packages/airflow/example_dags/example_dynamic_task_mapping_with_no_taskflow_operators.py
[2024-07-23T02:10:13.790+0000] {logging_mixin.py:188} INFO - [2024-07-23T02:10:13.790+0000] {dag.py:3089} INFO - Sync 1 DAGs
[2024-07-23T02:10:13.814+0000] {logging_mixin.py:188} INFO - [2024-07-23T02:10:13.814+0000] {dag.py:3947} INFO - Setting next_dagrun for example_dynamic_task_mapping_with_no_taskflow_operators to 2024-07-22 00:00:00+00:00, run_after=2024-07-23 00:00:00+00:00
[2024-07-23T02:10:13.836+0000] {processor.py:183} INFO - Processing /home/airflow/.local/lib/python3.12/site-packages/airflow/example_dags/example_dynamic_task_mapping_with_no_taskflow_operators.py took 0.086 seconds
[2024-07-23T02:10:43.923+0000] {processor.py:161} INFO - Started process (PID=1497) to work on /home/airflow/.local/lib/python3.12/site-packages/airflow/example_dags/example_dynamic_task_mapping_with_no_taskflow_operators.py
[2024-07-23T02:10:43.924+0000] {processor.py:830} INFO - Processing file /home/airflow/.local/lib/python3.12/site-packages/airflow/example_dags/example_dynamic_task_mapping_with_no_taskflow_operators.py for tasks to queue
[2024-07-23T02:10:43.927+0000] {logging_mixin.py:188} INFO - [2024-07-23T02:10:43.926+0000] {dagbag.py:545} INFO - Filling up the DagBag from /home/airflow/.local/lib/python3.12/site-packages/airflow/example_dags/example_dynamic_task_mapping_with_no_taskflow_operators.py
[2024-07-23T02:10:43.936+0000] {processor.py:840} INFO - DAG(s) 'example_dynamic_task_mapping_with_no_taskflow_operators' retrieved from /home/airflow/.local/lib/python3.12/site-packages/airflow/example_dags/example_dynamic_task_mapping_with_no_taskflow_operators.py
[2024-07-23T02:10:43.966+0000] {logging_mixin.py:188} INFO - [2024-07-23T02:10:43.965+0000] {dag.py:3089} INFO - Sync 1 DAGs
[2024-07-23T02:10:44.001+0000] {logging_mixin.py:188} INFO - [2024-07-23T02:10:44.001+0000] {dag.py:3947} INFO - Setting next_dagrun for example_dynamic_task_mapping_with_no_taskflow_operators to 2024-07-22 00:00:00+00:00, run_after=2024-07-23 00:00:00+00:00
[2024-07-23T02:10:44.032+0000] {processor.py:183} INFO - Processing /home/airflow/.local/lib/python3.12/site-packages/airflow/example_dags/example_dynamic_task_mapping_with_no_taskflow_operators.py took 0.117 seconds
[2024-07-23T02:11:14.305+0000] {processor.py:161} INFO - Started process (PID=1556) to work on /home/airflow/.local/lib/python3.12/site-packages/airflow/example_dags/example_dynamic_task_mapping_with_no_taskflow_operators.py
[2024-07-23T02:11:14.305+0000] {processor.py:830} INFO - Processing file /home/airflow/.local/lib/python3.12/site-packages/airflow/example_dags/example_dynamic_task_mapping_with_no_taskflow_operators.py for tasks to queue
[2024-07-23T02:11:14.307+0000] {logging_mixin.py:188} INFO - [2024-07-23T02:11:14.307+0000] {dagbag.py:545} INFO - Filling up the DagBag from /home/airflow/.local/lib/python3.12/site-packages/airflow/example_dags/example_dynamic_task_mapping_with_no_taskflow_operators.py
[2024-07-23T02:11:14.314+0000] {processor.py:840} INFO - DAG(s) 'example_dynamic_task_mapping_with_no_taskflow_operators' retrieved from /home/airflow/.local/lib/python3.12/site-packages/airflow/example_dags/example_dynamic_task_mapping_with_no_taskflow_operators.py
[2024-07-23T02:11:14.338+0000] {logging_mixin.py:188} INFO - [2024-07-23T02:11:14.338+0000] {dag.py:3089} INFO - Sync 1 DAGs
[2024-07-23T02:11:14.364+0000] {logging_mixin.py:188} INFO - [2024-07-23T02:11:14.364+0000] {dag.py:3947} INFO - Setting next_dagrun for example_dynamic_task_mapping_with_no_taskflow_operators to 2024-07-22 00:00:00+00:00, run_after=2024-07-23 00:00:00+00:00
[2024-07-23T02:11:14.385+0000] {processor.py:183} INFO - Processing /home/airflow/.local/lib/python3.12/site-packages/airflow/example_dags/example_dynamic_task_mapping_with_no_taskflow_operators.py took 0.087 seconds
[2024-07-23T02:11:45.387+0000] {processor.py:161} INFO - Started process (PID=1614) to work on /home/airflow/.local/lib/python3.12/site-packages/airflow/example_dags/example_dynamic_task_mapping_with_no_taskflow_operators.py
[2024-07-23T02:11:45.390+0000] {processor.py:830} INFO - Processing file /home/airflow/.local/lib/python3.12/site-packages/airflow/example_dags/example_dynamic_task_mapping_with_no_taskflow_operators.py for tasks to queue
[2024-07-23T02:11:45.392+0000] {logging_mixin.py:188} INFO - [2024-07-23T02:11:45.391+0000] {dagbag.py:545} INFO - Filling up the DagBag from /home/airflow/.local/lib/python3.12/site-packages/airflow/example_dags/example_dynamic_task_mapping_with_no_taskflow_operators.py
[2024-07-23T02:11:45.398+0000] {processor.py:840} INFO - DAG(s) 'example_dynamic_task_mapping_with_no_taskflow_operators' retrieved from /home/airflow/.local/lib/python3.12/site-packages/airflow/example_dags/example_dynamic_task_mapping_with_no_taskflow_operators.py
[2024-07-23T02:11:45.420+0000] {logging_mixin.py:188} INFO - [2024-07-23T02:11:45.420+0000] {dag.py:3089} INFO - Sync 1 DAGs
[2024-07-23T02:11:45.447+0000] {logging_mixin.py:188} INFO - [2024-07-23T02:11:45.446+0000] {dag.py:3947} INFO - Setting next_dagrun for example_dynamic_task_mapping_with_no_taskflow_operators to 2024-07-22 00:00:00+00:00, run_after=2024-07-23 00:00:00+00:00
[2024-07-23T02:11:45.469+0000] {processor.py:183} INFO - Processing /home/airflow/.local/lib/python3.12/site-packages/airflow/example_dags/example_dynamic_task_mapping_with_no_taskflow_operators.py took 0.088 seconds
[2024-07-23T02:12:15.596+0000] {processor.py:161} INFO - Started process (PID=1672) to work on /home/airflow/.local/lib/python3.12/site-packages/airflow/example_dags/example_dynamic_task_mapping_with_no_taskflow_operators.py
[2024-07-23T02:12:15.597+0000] {processor.py:830} INFO - Processing file /home/airflow/.local/lib/python3.12/site-packages/airflow/example_dags/example_dynamic_task_mapping_with_no_taskflow_operators.py for tasks to queue
[2024-07-23T02:12:15.599+0000] {logging_mixin.py:188} INFO - [2024-07-23T02:12:15.598+0000] {dagbag.py:545} INFO - Filling up the DagBag from /home/airflow/.local/lib/python3.12/site-packages/airflow/example_dags/example_dynamic_task_mapping_with_no_taskflow_operators.py
[2024-07-23T02:12:15.605+0000] {processor.py:840} INFO - DAG(s) 'example_dynamic_task_mapping_with_no_taskflow_operators' retrieved from /home/airflow/.local/lib/python3.12/site-packages/airflow/example_dags/example_dynamic_task_mapping_with_no_taskflow_operators.py
[2024-07-23T02:12:15.625+0000] {logging_mixin.py:188} INFO - [2024-07-23T02:12:15.625+0000] {dag.py:3089} INFO - Sync 1 DAGs
[2024-07-23T02:12:15.650+0000] {logging_mixin.py:188} INFO - [2024-07-23T02:12:15.650+0000] {dag.py:3947} INFO - Setting next_dagrun for example_dynamic_task_mapping_with_no_taskflow_operators to 2024-07-22 00:00:00+00:00, run_after=2024-07-23 00:00:00+00:00
[2024-07-23T02:12:15.672+0000] {processor.py:183} INFO - Processing /home/airflow/.local/lib/python3.12/site-packages/airflow/example_dags/example_dynamic_task_mapping_with_no_taskflow_operators.py took 0.081 seconds
[2024-07-23T02:12:45.776+0000] {processor.py:161} INFO - Started process (PID=1732) to work on /home/airflow/.local/lib/python3.12/site-packages/airflow/example_dags/example_dynamic_task_mapping_with_no_taskflow_operators.py
[2024-07-23T02:12:45.776+0000] {processor.py:830} INFO - Processing file /home/airflow/.local/lib/python3.12/site-packages/airflow/example_dags/example_dynamic_task_mapping_with_no_taskflow_operators.py for tasks to queue
[2024-07-23T02:12:45.778+0000] {logging_mixin.py:188} INFO - [2024-07-23T02:12:45.778+0000] {dagbag.py:545} INFO - Filling up the DagBag from /home/airflow/.local/lib/python3.12/site-packages/airflow/example_dags/example_dynamic_task_mapping_with_no_taskflow_operators.py
[2024-07-23T02:12:45.784+0000] {processor.py:840} INFO - DAG(s) 'example_dynamic_task_mapping_with_no_taskflow_operators' retrieved from /home/airflow/.local/lib/python3.12/site-packages/airflow/example_dags/example_dynamic_task_mapping_with_no_taskflow_operators.py
[2024-07-23T02:12:45.808+0000] {logging_mixin.py:188} INFO - [2024-07-23T02:12:45.807+0000] {dag.py:3089} INFO - Sync 1 DAGs
[2024-07-23T02:12:45.833+0000] {logging_mixin.py:188} INFO - [2024-07-23T02:12:45.833+0000] {dag.py:3947} INFO - Setting next_dagrun for example_dynamic_task_mapping_with_no_taskflow_operators to 2024-07-22 00:00:00+00:00, run_after=2024-07-23 00:00:00+00:00
[2024-07-23T02:12:45.854+0000] {processor.py:183} INFO - Processing /home/airflow/.local/lib/python3.12/site-packages/airflow/example_dags/example_dynamic_task_mapping_with_no_taskflow_operators.py took 0.085 seconds
[2024-07-23T02:13:16.180+0000] {processor.py:161} INFO - Started process (PID=1791) to work on /home/airflow/.local/lib/python3.12/site-packages/airflow/example_dags/example_dynamic_task_mapping_with_no_taskflow_operators.py
[2024-07-23T02:13:16.181+0000] {processor.py:830} INFO - Processing file /home/airflow/.local/lib/python3.12/site-packages/airflow/example_dags/example_dynamic_task_mapping_with_no_taskflow_operators.py for tasks to queue
[2024-07-23T02:13:16.183+0000] {logging_mixin.py:188} INFO - [2024-07-23T02:13:16.182+0000] {dagbag.py:545} INFO - Filling up the DagBag from /home/airflow/.local/lib/python3.12/site-packages/airflow/example_dags/example_dynamic_task_mapping_with_no_taskflow_operators.py
[2024-07-23T02:13:16.189+0000] {processor.py:840} INFO - DAG(s) 'example_dynamic_task_mapping_with_no_taskflow_operators' retrieved from /home/airflow/.local/lib/python3.12/site-packages/airflow/example_dags/example_dynamic_task_mapping_with_no_taskflow_operators.py
[2024-07-23T02:13:16.210+0000] {logging_mixin.py:188} INFO - [2024-07-23T02:13:16.210+0000] {dag.py:3089} INFO - Sync 1 DAGs
[2024-07-23T02:13:16.233+0000] {logging_mixin.py:188} INFO - [2024-07-23T02:13:16.233+0000] {dag.py:3947} INFO - Setting next_dagrun for example_dynamic_task_mapping_with_no_taskflow_operators to 2024-07-22 00:00:00+00:00, run_after=2024-07-23 00:00:00+00:00
[2024-07-23T02:13:16.256+0000] {processor.py:183} INFO - Processing /home/airflow/.local/lib/python3.12/site-packages/airflow/example_dags/example_dynamic_task_mapping_with_no_taskflow_operators.py took 0.082 seconds
[2024-07-23T02:13:46.356+0000] {processor.py:161} INFO - Started process (PID=1858) to work on /home/airflow/.local/lib/python3.12/site-packages/airflow/example_dags/example_dynamic_task_mapping_with_no_taskflow_operators.py
[2024-07-23T02:13:46.358+0000] {processor.py:830} INFO - Processing file /home/airflow/.local/lib/python3.12/site-packages/airflow/example_dags/example_dynamic_task_mapping_with_no_taskflow_operators.py for tasks to queue
[2024-07-23T02:13:46.360+0000] {logging_mixin.py:188} INFO - [2024-07-23T02:13:46.360+0000] {dagbag.py:545} INFO - Filling up the DagBag from /home/airflow/.local/lib/python3.12/site-packages/airflow/example_dags/example_dynamic_task_mapping_with_no_taskflow_operators.py
[2024-07-23T02:13:46.371+0000] {processor.py:840} INFO - DAG(s) 'example_dynamic_task_mapping_with_no_taskflow_operators' retrieved from /home/airflow/.local/lib/python3.12/site-packages/airflow/example_dags/example_dynamic_task_mapping_with_no_taskflow_operators.py
[2024-07-23T02:13:46.416+0000] {logging_mixin.py:188} INFO - [2024-07-23T02:13:46.416+0000] {dag.py:3089} INFO - Sync 1 DAGs
[2024-07-23T02:13:46.461+0000] {logging_mixin.py:188} INFO - [2024-07-23T02:13:46.461+0000] {dag.py:3947} INFO - Setting next_dagrun for example_dynamic_task_mapping_with_no_taskflow_operators to 2024-07-22 00:00:00+00:00, run_after=2024-07-23 00:00:00+00:00
[2024-07-23T02:13:46.488+0000] {processor.py:183} INFO - Processing /home/airflow/.local/lib/python3.12/site-packages/airflow/example_dags/example_dynamic_task_mapping_with_no_taskflow_operators.py took 0.143 seconds
[2024-07-23T02:14:16.581+0000] {processor.py:161} INFO - Started process (PID=1917) to work on /home/airflow/.local/lib/python3.12/site-packages/airflow/example_dags/example_dynamic_task_mapping_with_no_taskflow_operators.py
[2024-07-23T02:14:16.582+0000] {processor.py:830} INFO - Processing file /home/airflow/.local/lib/python3.12/site-packages/airflow/example_dags/example_dynamic_task_mapping_with_no_taskflow_operators.py for tasks to queue
[2024-07-23T02:14:16.585+0000] {logging_mixin.py:188} INFO - [2024-07-23T02:14:16.584+0000] {dagbag.py:545} INFO - Filling up the DagBag from /home/airflow/.local/lib/python3.12/site-packages/airflow/example_dags/example_dynamic_task_mapping_with_no_taskflow_operators.py
[2024-07-23T02:14:16.592+0000] {processor.py:840} INFO - DAG(s) 'example_dynamic_task_mapping_with_no_taskflow_operators' retrieved from /home/airflow/.local/lib/python3.12/site-packages/airflow/example_dags/example_dynamic_task_mapping_with_no_taskflow_operators.py
[2024-07-23T02:14:16.619+0000] {logging_mixin.py:188} INFO - [2024-07-23T02:14:16.618+0000] {dag.py:3089} INFO - Sync 1 DAGs
[2024-07-23T02:14:16.645+0000] {logging_mixin.py:188} INFO - [2024-07-23T02:14:16.645+0000] {dag.py:3947} INFO - Setting next_dagrun for example_dynamic_task_mapping_with_no_taskflow_operators to 2024-07-22 00:00:00+00:00, run_after=2024-07-23 00:00:00+00:00
[2024-07-23T02:14:16.675+0000] {processor.py:183} INFO - Processing /home/airflow/.local/lib/python3.12/site-packages/airflow/example_dags/example_dynamic_task_mapping_with_no_taskflow_operators.py took 0.101 seconds
[2024-07-23T02:14:47.715+0000] {processor.py:161} INFO - Started process (PID=1976) to work on /home/airflow/.local/lib/python3.12/site-packages/airflow/example_dags/example_dynamic_task_mapping_with_no_taskflow_operators.py
[2024-07-23T02:14:47.722+0000] {processor.py:830} INFO - Processing file /home/airflow/.local/lib/python3.12/site-packages/airflow/example_dags/example_dynamic_task_mapping_with_no_taskflow_operators.py for tasks to queue
[2024-07-23T02:14:47.723+0000] {logging_mixin.py:188} INFO - [2024-07-23T02:14:47.723+0000] {dagbag.py:545} INFO - Filling up the DagBag from /home/airflow/.local/lib/python3.12/site-packages/airflow/example_dags/example_dynamic_task_mapping_with_no_taskflow_operators.py
[2024-07-23T02:14:47.730+0000] {processor.py:840} INFO - DAG(s) 'example_dynamic_task_mapping_with_no_taskflow_operators' retrieved from /home/airflow/.local/lib/python3.12/site-packages/airflow/example_dags/example_dynamic_task_mapping_with_no_taskflow_operators.py
[2024-07-23T02:14:47.751+0000] {logging_mixin.py:188} INFO - [2024-07-23T02:14:47.751+0000] {dag.py:3089} INFO - Sync 1 DAGs
[2024-07-23T02:14:47.917+0000] {logging_mixin.py:188} INFO - [2024-07-23T02:14:47.917+0000] {dag.py:3947} INFO - Setting next_dagrun for example_dynamic_task_mapping_with_no_taskflow_operators to 2024-07-22 00:00:00+00:00, run_after=2024-07-23 00:00:00+00:00
[2024-07-23T02:14:47.937+0000] {processor.py:183} INFO - Processing /home/airflow/.local/lib/python3.12/site-packages/airflow/example_dags/example_dynamic_task_mapping_with_no_taskflow_operators.py took 0.229 seconds
[2024-07-23T02:15:20.334+0000] {processor.py:161} INFO - Started process (PID=2036) to work on /home/airflow/.local/lib/python3.12/site-packages/airflow/example_dags/example_dynamic_task_mapping_with_no_taskflow_operators.py
[2024-07-23T02:15:20.337+0000] {processor.py:830} INFO - Processing file /home/airflow/.local/lib/python3.12/site-packages/airflow/example_dags/example_dynamic_task_mapping_with_no_taskflow_operators.py for tasks to queue
[2024-07-23T02:15:20.344+0000] {logging_mixin.py:188} INFO - [2024-07-23T02:15:20.343+0000] {dagbag.py:545} INFO - Filling up the DagBag from /home/airflow/.local/lib/python3.12/site-packages/airflow/example_dags/example_dynamic_task_mapping_with_no_taskflow_operators.py
[2024-07-23T02:15:20.373+0000] {processor.py:840} INFO - DAG(s) 'example_dynamic_task_mapping_with_no_taskflow_operators' retrieved from /home/airflow/.local/lib/python3.12/site-packages/airflow/example_dags/example_dynamic_task_mapping_with_no_taskflow_operators.py
[2024-07-23T02:15:20.457+0000] {logging_mixin.py:188} INFO - [2024-07-23T02:15:20.456+0000] {dag.py:3089} INFO - Sync 1 DAGs
[2024-07-23T02:15:20.559+0000] {logging_mixin.py:188} INFO - [2024-07-23T02:15:20.558+0000] {dag.py:3947} INFO - Setting next_dagrun for example_dynamic_task_mapping_with_no_taskflow_operators to 2024-07-22 00:00:00+00:00, run_after=2024-07-23 00:00:00+00:00
[2024-07-23T02:15:21.051+0000] {processor.py:183} INFO - Processing /home/airflow/.local/lib/python3.12/site-packages/airflow/example_dags/example_dynamic_task_mapping_with_no_taskflow_operators.py took 0.742 seconds
[2024-07-23T02:15:51.537+0000] {processor.py:161} INFO - Started process (PID=2095) to work on /home/airflow/.local/lib/python3.12/site-packages/airflow/example_dags/example_dynamic_task_mapping_with_no_taskflow_operators.py
[2024-07-23T02:15:51.541+0000] {processor.py:830} INFO - Processing file /home/airflow/.local/lib/python3.12/site-packages/airflow/example_dags/example_dynamic_task_mapping_with_no_taskflow_operators.py for tasks to queue
[2024-07-23T02:15:51.548+0000] {logging_mixin.py:188} INFO - [2024-07-23T02:15:51.547+0000] {dagbag.py:545} INFO - Filling up the DagBag from /home/airflow/.local/lib/python3.12/site-packages/airflow/example_dags/example_dynamic_task_mapping_with_no_taskflow_operators.py
[2024-07-23T02:15:51.570+0000] {processor.py:840} INFO - DAG(s) 'example_dynamic_task_mapping_with_no_taskflow_operators' retrieved from /home/airflow/.local/lib/python3.12/site-packages/airflow/example_dags/example_dynamic_task_mapping_with_no_taskflow_operators.py
[2024-07-23T02:15:51.654+0000] {logging_mixin.py:188} INFO - [2024-07-23T02:15:51.652+0000] {dag.py:3089} INFO - Sync 1 DAGs
[2024-07-23T02:15:51.757+0000] {logging_mixin.py:188} INFO - [2024-07-23T02:15:51.756+0000] {dag.py:3947} INFO - Setting next_dagrun for example_dynamic_task_mapping_with_no_taskflow_operators to 2024-07-22 00:00:00+00:00, run_after=2024-07-23 00:00:00+00:00
[2024-07-23T02:15:51.824+0000] {processor.py:183} INFO - Processing /home/airflow/.local/lib/python3.12/site-packages/airflow/example_dags/example_dynamic_task_mapping_with_no_taskflow_operators.py took 0.317 seconds
[2024-07-23T02:16:22.573+0000] {processor.py:161} INFO - Started process (PID=2154) to work on /home/airflow/.local/lib/python3.12/site-packages/airflow/example_dags/example_dynamic_task_mapping_with_no_taskflow_operators.py
[2024-07-23T02:16:22.577+0000] {processor.py:830} INFO - Processing file /home/airflow/.local/lib/python3.12/site-packages/airflow/example_dags/example_dynamic_task_mapping_with_no_taskflow_operators.py for tasks to queue
[2024-07-23T02:16:22.585+0000] {logging_mixin.py:188} INFO - [2024-07-23T02:16:22.583+0000] {dagbag.py:545} INFO - Filling up the DagBag from /home/airflow/.local/lib/python3.12/site-packages/airflow/example_dags/example_dynamic_task_mapping_with_no_taskflow_operators.py
[2024-07-23T02:16:22.615+0000] {processor.py:840} INFO - DAG(s) 'example_dynamic_task_mapping_with_no_taskflow_operators' retrieved from /home/airflow/.local/lib/python3.12/site-packages/airflow/example_dags/example_dynamic_task_mapping_with_no_taskflow_operators.py
[2024-07-23T02:16:22.716+0000] {logging_mixin.py:188} INFO - [2024-07-23T02:16:22.715+0000] {dag.py:3089} INFO - Sync 1 DAGs
[2024-07-23T02:16:22.830+0000] {logging_mixin.py:188} INFO - [2024-07-23T02:16:22.829+0000] {dag.py:3947} INFO - Setting next_dagrun for example_dynamic_task_mapping_with_no_taskflow_operators to 2024-07-22 00:00:00+00:00, run_after=2024-07-23 00:00:00+00:00
[2024-07-23T02:16:22.921+0000] {processor.py:183} INFO - Processing /home/airflow/.local/lib/python3.12/site-packages/airflow/example_dags/example_dynamic_task_mapping_with_no_taskflow_operators.py took 0.373 seconds
[2024-07-23T02:16:54.406+0000] {processor.py:161} INFO - Started process (PID=2222) to work on /home/airflow/.local/lib/python3.12/site-packages/airflow/example_dags/example_dynamic_task_mapping_with_no_taskflow_operators.py
[2024-07-23T02:16:54.415+0000] {processor.py:830} INFO - Processing file /home/airflow/.local/lib/python3.12/site-packages/airflow/example_dags/example_dynamic_task_mapping_with_no_taskflow_operators.py for tasks to queue
[2024-07-23T02:16:54.438+0000] {logging_mixin.py:188} INFO - [2024-07-23T02:16:54.436+0000] {dagbag.py:545} INFO - Filling up the DagBag from /home/airflow/.local/lib/python3.12/site-packages/airflow/example_dags/example_dynamic_task_mapping_with_no_taskflow_operators.py
[2024-07-23T02:16:54.487+0000] {processor.py:840} INFO - DAG(s) 'example_dynamic_task_mapping_with_no_taskflow_operators' retrieved from /home/airflow/.local/lib/python3.12/site-packages/airflow/example_dags/example_dynamic_task_mapping_with_no_taskflow_operators.py
[2024-07-23T02:16:54.615+0000] {logging_mixin.py:188} INFO - [2024-07-23T02:16:54.613+0000] {dag.py:3089} INFO - Sync 1 DAGs
[2024-07-23T02:16:54.752+0000] {logging_mixin.py:188} INFO - [2024-07-23T02:16:54.750+0000] {dag.py:3947} INFO - Setting next_dagrun for example_dynamic_task_mapping_with_no_taskflow_operators to 2024-07-22 00:00:00+00:00, run_after=2024-07-23 00:00:00+00:00
[2024-07-23T02:16:54.878+0000] {processor.py:183} INFO - Processing /home/airflow/.local/lib/python3.12/site-packages/airflow/example_dags/example_dynamic_task_mapping_with_no_taskflow_operators.py took 0.528 seconds
[2024-07-23T02:17:25.276+0000] {processor.py:161} INFO - Started process (PID=2279) to work on /home/airflow/.local/lib/python3.12/site-packages/airflow/example_dags/example_dynamic_task_mapping_with_no_taskflow_operators.py
[2024-07-23T02:17:25.280+0000] {processor.py:830} INFO - Processing file /home/airflow/.local/lib/python3.12/site-packages/airflow/example_dags/example_dynamic_task_mapping_with_no_taskflow_operators.py for tasks to queue
[2024-07-23T02:17:25.291+0000] {logging_mixin.py:188} INFO - [2024-07-23T02:17:25.289+0000] {dagbag.py:545} INFO - Filling up the DagBag from /home/airflow/.local/lib/python3.12/site-packages/airflow/example_dags/example_dynamic_task_mapping_with_no_taskflow_operators.py
[2024-07-23T02:17:25.318+0000] {processor.py:840} INFO - DAG(s) 'example_dynamic_task_mapping_with_no_taskflow_operators' retrieved from /home/airflow/.local/lib/python3.12/site-packages/airflow/example_dags/example_dynamic_task_mapping_with_no_taskflow_operators.py
[2024-07-23T02:17:25.394+0000] {logging_mixin.py:188} INFO - [2024-07-23T02:17:25.393+0000] {dag.py:3089} INFO - Sync 1 DAGs
[2024-07-23T02:17:25.484+0000] {logging_mixin.py:188} INFO - [2024-07-23T02:17:25.483+0000] {dag.py:3947} INFO - Setting next_dagrun for example_dynamic_task_mapping_with_no_taskflow_operators to 2024-07-22 00:00:00+00:00, run_after=2024-07-23 00:00:00+00:00
[2024-07-23T02:17:25.552+0000] {processor.py:183} INFO - Processing /home/airflow/.local/lib/python3.12/site-packages/airflow/example_dags/example_dynamic_task_mapping_with_no_taskflow_operators.py took 0.303 seconds
[2024-07-23T02:17:55.934+0000] {processor.py:161} INFO - Started process (PID=2338) to work on /home/airflow/.local/lib/python3.12/site-packages/airflow/example_dags/example_dynamic_task_mapping_with_no_taskflow_operators.py
[2024-07-23T02:17:55.937+0000] {processor.py:830} INFO - Processing file /home/airflow/.local/lib/python3.12/site-packages/airflow/example_dags/example_dynamic_task_mapping_with_no_taskflow_operators.py for tasks to queue
[2024-07-23T02:17:55.949+0000] {logging_mixin.py:188} INFO - [2024-07-23T02:17:55.947+0000] {dagbag.py:545} INFO - Filling up the DagBag from /home/airflow/.local/lib/python3.12/site-packages/airflow/example_dags/example_dynamic_task_mapping_with_no_taskflow_operators.py
[2024-07-23T02:17:55.979+0000] {processor.py:840} INFO - DAG(s) 'example_dynamic_task_mapping_with_no_taskflow_operators' retrieved from /home/airflow/.local/lib/python3.12/site-packages/airflow/example_dags/example_dynamic_task_mapping_with_no_taskflow_operators.py
[2024-07-23T02:17:56.056+0000] {logging_mixin.py:188} INFO - [2024-07-23T02:17:56.055+0000] {dag.py:3089} INFO - Sync 1 DAGs
[2024-07-23T02:17:56.152+0000] {logging_mixin.py:188} INFO - [2024-07-23T02:17:56.151+0000] {dag.py:3947} INFO - Setting next_dagrun for example_dynamic_task_mapping_with_no_taskflow_operators to 2024-07-22 00:00:00+00:00, run_after=2024-07-23 00:00:00+00:00
[2024-07-23T02:17:56.223+0000] {processor.py:183} INFO - Processing /home/airflow/.local/lib/python3.12/site-packages/airflow/example_dags/example_dynamic_task_mapping_with_no_taskflow_operators.py took 0.322 seconds
[2024-07-23T02:18:26.460+0000] {processor.py:161} INFO - Started process (PID=2397) to work on /home/airflow/.local/lib/python3.12/site-packages/airflow/example_dags/example_dynamic_task_mapping_with_no_taskflow_operators.py
[2024-07-23T02:18:26.463+0000] {processor.py:830} INFO - Processing file /home/airflow/.local/lib/python3.12/site-packages/airflow/example_dags/example_dynamic_task_mapping_with_no_taskflow_operators.py for tasks to queue
[2024-07-23T02:18:26.473+0000] {logging_mixin.py:188} INFO - [2024-07-23T02:18:26.472+0000] {dagbag.py:545} INFO - Filling up the DagBag from /home/airflow/.local/lib/python3.12/site-packages/airflow/example_dags/example_dynamic_task_mapping_with_no_taskflow_operators.py
[2024-07-23T02:18:26.502+0000] {processor.py:840} INFO - DAG(s) 'example_dynamic_task_mapping_with_no_taskflow_operators' retrieved from /home/airflow/.local/lib/python3.12/site-packages/airflow/example_dags/example_dynamic_task_mapping_with_no_taskflow_operators.py
[2024-07-23T02:18:26.594+0000] {logging_mixin.py:188} INFO - [2024-07-23T02:18:26.593+0000] {dag.py:3089} INFO - Sync 1 DAGs
[2024-07-23T02:18:26.715+0000] {logging_mixin.py:188} INFO - [2024-07-23T02:18:26.714+0000] {dag.py:3947} INFO - Setting next_dagrun for example_dynamic_task_mapping_with_no_taskflow_operators to 2024-07-22 00:00:00+00:00, run_after=2024-07-23 00:00:00+00:00
[2024-07-23T02:18:26.794+0000] {processor.py:183} INFO - Processing /home/airflow/.local/lib/python3.12/site-packages/airflow/example_dags/example_dynamic_task_mapping_with_no_taskflow_operators.py took 0.363 seconds
[2024-07-23T02:18:56.963+0000] {processor.py:161} INFO - Started process (PID=2458) to work on /home/airflow/.local/lib/python3.12/site-packages/airflow/example_dags/example_dynamic_task_mapping_with_no_taskflow_operators.py
[2024-07-23T02:18:56.966+0000] {processor.py:830} INFO - Processing file /home/airflow/.local/lib/python3.12/site-packages/airflow/example_dags/example_dynamic_task_mapping_with_no_taskflow_operators.py for tasks to queue
[2024-07-23T02:18:56.972+0000] {logging_mixin.py:188} INFO - [2024-07-23T02:18:56.971+0000] {dagbag.py:545} INFO - Filling up the DagBag from /home/airflow/.local/lib/python3.12/site-packages/airflow/example_dags/example_dynamic_task_mapping_with_no_taskflow_operators.py
[2024-07-23T02:18:57.001+0000] {processor.py:840} INFO - DAG(s) 'example_dynamic_task_mapping_with_no_taskflow_operators' retrieved from /home/airflow/.local/lib/python3.12/site-packages/airflow/example_dags/example_dynamic_task_mapping_with_no_taskflow_operators.py
[2024-07-23T02:18:57.097+0000] {logging_mixin.py:188} INFO - [2024-07-23T02:18:57.096+0000] {dag.py:3089} INFO - Sync 1 DAGs
[2024-07-23T02:18:57.237+0000] {logging_mixin.py:188} INFO - [2024-07-23T02:18:57.236+0000] {dag.py:3947} INFO - Setting next_dagrun for example_dynamic_task_mapping_with_no_taskflow_operators to 2024-07-22 00:00:00+00:00, run_after=2024-07-23 00:00:00+00:00
[2024-07-23T02:18:57.343+0000] {processor.py:183} INFO - Processing /home/airflow/.local/lib/python3.12/site-packages/airflow/example_dags/example_dynamic_task_mapping_with_no_taskflow_operators.py took 0.407 seconds
[2024-07-23T02:19:27.559+0000] {processor.py:161} INFO - Started process (PID=2517) to work on /home/airflow/.local/lib/python3.12/site-packages/airflow/example_dags/example_dynamic_task_mapping_with_no_taskflow_operators.py
[2024-07-23T02:19:27.562+0000] {processor.py:830} INFO - Processing file /home/airflow/.local/lib/python3.12/site-packages/airflow/example_dags/example_dynamic_task_mapping_with_no_taskflow_operators.py for tasks to queue
[2024-07-23T02:19:27.568+0000] {logging_mixin.py:188} INFO - [2024-07-23T02:19:27.567+0000] {dagbag.py:545} INFO - Filling up the DagBag from /home/airflow/.local/lib/python3.12/site-packages/airflow/example_dags/example_dynamic_task_mapping_with_no_taskflow_operators.py
[2024-07-23T02:19:27.592+0000] {processor.py:840} INFO - DAG(s) 'example_dynamic_task_mapping_with_no_taskflow_operators' retrieved from /home/airflow/.local/lib/python3.12/site-packages/airflow/example_dags/example_dynamic_task_mapping_with_no_taskflow_operators.py
[2024-07-23T02:19:27.664+0000] {logging_mixin.py:188} INFO - [2024-07-23T02:19:27.663+0000] {dag.py:3089} INFO - Sync 1 DAGs
[2024-07-23T02:19:27.748+0000] {logging_mixin.py:188} INFO - [2024-07-23T02:19:27.747+0000] {dag.py:3947} INFO - Setting next_dagrun for example_dynamic_task_mapping_with_no_taskflow_operators to 2024-07-22 00:00:00+00:00, run_after=2024-07-23 00:00:00+00:00
[2024-07-23T02:19:27.830+0000] {processor.py:183} INFO - Processing /home/airflow/.local/lib/python3.12/site-packages/airflow/example_dags/example_dynamic_task_mapping_with_no_taskflow_operators.py took 0.296 seconds
[2024-07-23T02:19:58.132+0000] {processor.py:161} INFO - Started process (PID=2575) to work on /home/airflow/.local/lib/python3.12/site-packages/airflow/example_dags/example_dynamic_task_mapping_with_no_taskflow_operators.py
[2024-07-23T02:19:58.133+0000] {processor.py:830} INFO - Processing file /home/airflow/.local/lib/python3.12/site-packages/airflow/example_dags/example_dynamic_task_mapping_with_no_taskflow_operators.py for tasks to queue
[2024-07-23T02:19:58.135+0000] {logging_mixin.py:188} INFO - [2024-07-23T02:19:58.134+0000] {dagbag.py:545} INFO - Filling up the DagBag from /home/airflow/.local/lib/python3.12/site-packages/airflow/example_dags/example_dynamic_task_mapping_with_no_taskflow_operators.py
[2024-07-23T02:19:58.143+0000] {processor.py:840} INFO - DAG(s) 'example_dynamic_task_mapping_with_no_taskflow_operators' retrieved from /home/airflow/.local/lib/python3.12/site-packages/airflow/example_dags/example_dynamic_task_mapping_with_no_taskflow_operators.py
[2024-07-23T02:19:58.166+0000] {logging_mixin.py:188} INFO - [2024-07-23T02:19:58.166+0000] {dag.py:3089} INFO - Sync 1 DAGs
[2024-07-23T02:19:58.195+0000] {logging_mixin.py:188} INFO - [2024-07-23T02:19:58.194+0000] {dag.py:3947} INFO - Setting next_dagrun for example_dynamic_task_mapping_with_no_taskflow_operators to 2024-07-22 00:00:00+00:00, run_after=2024-07-23 00:00:00+00:00
[2024-07-23T02:19:58.219+0000] {processor.py:183} INFO - Processing /home/airflow/.local/lib/python3.12/site-packages/airflow/example_dags/example_dynamic_task_mapping_with_no_taskflow_operators.py took 0.095 seconds
[2024-07-23T02:20:28.499+0000] {processor.py:161} INFO - Started process (PID=2634) to work on /home/airflow/.local/lib/python3.12/site-packages/airflow/example_dags/example_dynamic_task_mapping_with_no_taskflow_operators.py
[2024-07-23T02:20:28.500+0000] {processor.py:830} INFO - Processing file /home/airflow/.local/lib/python3.12/site-packages/airflow/example_dags/example_dynamic_task_mapping_with_no_taskflow_operators.py for tasks to queue
[2024-07-23T02:20:28.502+0000] {logging_mixin.py:188} INFO - [2024-07-23T02:20:28.502+0000] {dagbag.py:545} INFO - Filling up the DagBag from /home/airflow/.local/lib/python3.12/site-packages/airflow/example_dags/example_dynamic_task_mapping_with_no_taskflow_operators.py
[2024-07-23T02:20:28.511+0000] {processor.py:840} INFO - DAG(s) 'example_dynamic_task_mapping_with_no_taskflow_operators' retrieved from /home/airflow/.local/lib/python3.12/site-packages/airflow/example_dags/example_dynamic_task_mapping_with_no_taskflow_operators.py
[2024-07-23T02:20:28.543+0000] {logging_mixin.py:188} INFO - [2024-07-23T02:20:28.543+0000] {dag.py:3089} INFO - Sync 1 DAGs
[2024-07-23T02:20:28.580+0000] {logging_mixin.py:188} INFO - [2024-07-23T02:20:28.580+0000] {dag.py:3947} INFO - Setting next_dagrun for example_dynamic_task_mapping_with_no_taskflow_operators to 2024-07-22 00:00:00+00:00, run_after=2024-07-23 00:00:00+00:00
[2024-07-23T02:20:28.615+0000] {processor.py:183} INFO - Processing /home/airflow/.local/lib/python3.12/site-packages/airflow/example_dags/example_dynamic_task_mapping_with_no_taskflow_operators.py took 0.123 seconds
[2024-07-23T02:20:58.654+0000] {processor.py:161} INFO - Started process (PID=2692) to work on /home/airflow/.local/lib/python3.12/site-packages/airflow/example_dags/example_dynamic_task_mapping_with_no_taskflow_operators.py
[2024-07-23T02:20:58.655+0000] {processor.py:830} INFO - Processing file /home/airflow/.local/lib/python3.12/site-packages/airflow/example_dags/example_dynamic_task_mapping_with_no_taskflow_operators.py for tasks to queue
[2024-07-23T02:20:58.656+0000] {logging_mixin.py:188} INFO - [2024-07-23T02:20:58.656+0000] {dagbag.py:545} INFO - Filling up the DagBag from /home/airflow/.local/lib/python3.12/site-packages/airflow/example_dags/example_dynamic_task_mapping_with_no_taskflow_operators.py
[2024-07-23T02:20:58.664+0000] {processor.py:840} INFO - DAG(s) 'example_dynamic_task_mapping_with_no_taskflow_operators' retrieved from /home/airflow/.local/lib/python3.12/site-packages/airflow/example_dags/example_dynamic_task_mapping_with_no_taskflow_operators.py
[2024-07-23T02:20:58.685+0000] {logging_mixin.py:188} INFO - [2024-07-23T02:20:58.684+0000] {dag.py:3089} INFO - Sync 1 DAGs
[2024-07-23T02:20:58.708+0000] {logging_mixin.py:188} INFO - [2024-07-23T02:20:58.708+0000] {dag.py:3947} INFO - Setting next_dagrun for example_dynamic_task_mapping_with_no_taskflow_operators to 2024-07-22 00:00:00+00:00, run_after=2024-07-23 00:00:00+00:00
[2024-07-23T02:20:58.730+0000] {processor.py:183} INFO - Processing /home/airflow/.local/lib/python3.12/site-packages/airflow/example_dags/example_dynamic_task_mapping_with_no_taskflow_operators.py took 0.082 seconds
[2024-07-23T02:21:29.057+0000] {processor.py:161} INFO - Started process (PID=2751) to work on /home/airflow/.local/lib/python3.12/site-packages/airflow/example_dags/example_dynamic_task_mapping_with_no_taskflow_operators.py
[2024-07-23T02:21:29.058+0000] {processor.py:830} INFO - Processing file /home/airflow/.local/lib/python3.12/site-packages/airflow/example_dags/example_dynamic_task_mapping_with_no_taskflow_operators.py for tasks to queue
[2024-07-23T02:21:29.059+0000] {logging_mixin.py:188} INFO - [2024-07-23T02:21:29.059+0000] {dagbag.py:545} INFO - Filling up the DagBag from /home/airflow/.local/lib/python3.12/site-packages/airflow/example_dags/example_dynamic_task_mapping_with_no_taskflow_operators.py
[2024-07-23T02:21:29.067+0000] {processor.py:840} INFO - DAG(s) 'example_dynamic_task_mapping_with_no_taskflow_operators' retrieved from /home/airflow/.local/lib/python3.12/site-packages/airflow/example_dags/example_dynamic_task_mapping_with_no_taskflow_operators.py
[2024-07-23T02:21:29.105+0000] {logging_mixin.py:188} INFO - [2024-07-23T02:21:29.105+0000] {dag.py:3089} INFO - Sync 1 DAGs
[2024-07-23T02:21:29.143+0000] {logging_mixin.py:188} INFO - [2024-07-23T02:21:29.143+0000] {dag.py:3947} INFO - Setting next_dagrun for example_dynamic_task_mapping_with_no_taskflow_operators to 2024-07-22 00:00:00+00:00, run_after=2024-07-23 00:00:00+00:00
[2024-07-23T02:21:29.173+0000] {processor.py:183} INFO - Processing /home/airflow/.local/lib/python3.12/site-packages/airflow/example_dags/example_dynamic_task_mapping_with_no_taskflow_operators.py took 0.123 seconds
[2024-07-23T02:21:59.340+0000] {processor.py:161} INFO - Started process (PID=2817) to work on /home/airflow/.local/lib/python3.12/site-packages/airflow/example_dags/example_dynamic_task_mapping_with_no_taskflow_operators.py
[2024-07-23T02:21:59.341+0000] {processor.py:830} INFO - Processing file /home/airflow/.local/lib/python3.12/site-packages/airflow/example_dags/example_dynamic_task_mapping_with_no_taskflow_operators.py for tasks to queue
[2024-07-23T02:21:59.343+0000] {logging_mixin.py:188} INFO - [2024-07-23T02:21:59.342+0000] {dagbag.py:545} INFO - Filling up the DagBag from /home/airflow/.local/lib/python3.12/site-packages/airflow/example_dags/example_dynamic_task_mapping_with_no_taskflow_operators.py
[2024-07-23T02:21:59.351+0000] {processor.py:840} INFO - DAG(s) 'example_dynamic_task_mapping_with_no_taskflow_operators' retrieved from /home/airflow/.local/lib/python3.12/site-packages/airflow/example_dags/example_dynamic_task_mapping_with_no_taskflow_operators.py
[2024-07-23T02:21:59.374+0000] {logging_mixin.py:188} INFO - [2024-07-23T02:21:59.374+0000] {dag.py:3089} INFO - Sync 1 DAGs
[2024-07-23T02:21:59.400+0000] {logging_mixin.py:188} INFO - [2024-07-23T02:21:59.400+0000] {dag.py:3947} INFO - Setting next_dagrun for example_dynamic_task_mapping_with_no_taskflow_operators to 2024-07-22 00:00:00+00:00, run_after=2024-07-23 00:00:00+00:00
[2024-07-23T02:21:59.422+0000] {processor.py:183} INFO - Processing /home/airflow/.local/lib/python3.12/site-packages/airflow/example_dags/example_dynamic_task_mapping_with_no_taskflow_operators.py took 0.089 seconds
[2024-07-23T02:22:29.829+0000] {processor.py:161} INFO - Started process (PID=2876) to work on /home/airflow/.local/lib/python3.12/site-packages/airflow/example_dags/example_dynamic_task_mapping_with_no_taskflow_operators.py
[2024-07-23T02:22:29.830+0000] {processor.py:830} INFO - Processing file /home/airflow/.local/lib/python3.12/site-packages/airflow/example_dags/example_dynamic_task_mapping_with_no_taskflow_operators.py for tasks to queue
[2024-07-23T02:22:29.832+0000] {logging_mixin.py:188} INFO - [2024-07-23T02:22:29.832+0000] {dagbag.py:545} INFO - Filling up the DagBag from /home/airflow/.local/lib/python3.12/site-packages/airflow/example_dags/example_dynamic_task_mapping_with_no_taskflow_operators.py
[2024-07-23T02:22:29.842+0000] {processor.py:840} INFO - DAG(s) 'example_dynamic_task_mapping_with_no_taskflow_operators' retrieved from /home/airflow/.local/lib/python3.12/site-packages/airflow/example_dags/example_dynamic_task_mapping_with_no_taskflow_operators.py
[2024-07-23T02:22:29.869+0000] {logging_mixin.py:188} INFO - [2024-07-23T02:22:29.869+0000] {dag.py:3089} INFO - Sync 1 DAGs
[2024-07-23T02:22:29.906+0000] {logging_mixin.py:188} INFO - [2024-07-23T02:22:29.906+0000] {dag.py:3947} INFO - Setting next_dagrun for example_dynamic_task_mapping_with_no_taskflow_operators to 2024-07-22 00:00:00+00:00, run_after=2024-07-23 00:00:00+00:00
[2024-07-23T02:22:29.938+0000] {processor.py:183} INFO - Processing /home/airflow/.local/lib/python3.12/site-packages/airflow/example_dags/example_dynamic_task_mapping_with_no_taskflow_operators.py took 0.117 seconds
[2024-07-23T02:23:00.317+0000] {processor.py:161} INFO - Started process (PID=2942) to work on /home/airflow/.local/lib/python3.12/site-packages/airflow/example_dags/example_dynamic_task_mapping_with_no_taskflow_operators.py
[2024-07-23T02:23:00.318+0000] {processor.py:830} INFO - Processing file /home/airflow/.local/lib/python3.12/site-packages/airflow/example_dags/example_dynamic_task_mapping_with_no_taskflow_operators.py for tasks to queue
[2024-07-23T02:23:00.320+0000] {logging_mixin.py:188} INFO - [2024-07-23T02:23:00.320+0000] {dagbag.py:545} INFO - Filling up the DagBag from /home/airflow/.local/lib/python3.12/site-packages/airflow/example_dags/example_dynamic_task_mapping_with_no_taskflow_operators.py
[2024-07-23T02:23:00.329+0000] {processor.py:840} INFO - DAG(s) 'example_dynamic_task_mapping_with_no_taskflow_operators' retrieved from /home/airflow/.local/lib/python3.12/site-packages/airflow/example_dags/example_dynamic_task_mapping_with_no_taskflow_operators.py
[2024-07-23T02:23:00.355+0000] {logging_mixin.py:188} INFO - [2024-07-23T02:23:00.354+0000] {dag.py:3089} INFO - Sync 1 DAGs
[2024-07-23T02:23:00.382+0000] {logging_mixin.py:188} INFO - [2024-07-23T02:23:00.382+0000] {dag.py:3947} INFO - Setting next_dagrun for example_dynamic_task_mapping_with_no_taskflow_operators to 2024-07-22 00:00:00+00:00, run_after=2024-07-23 00:00:00+00:00
[2024-07-23T02:23:00.407+0000] {processor.py:183} INFO - Processing /home/airflow/.local/lib/python3.12/site-packages/airflow/example_dags/example_dynamic_task_mapping_with_no_taskflow_operators.py took 0.098 seconds
[2024-07-23T02:23:30.450+0000] {processor.py:161} INFO - Started process (PID=2999) to work on /home/airflow/.local/lib/python3.12/site-packages/airflow/example_dags/example_dynamic_task_mapping_with_no_taskflow_operators.py
[2024-07-23T02:23:30.452+0000] {processor.py:830} INFO - Processing file /home/airflow/.local/lib/python3.12/site-packages/airflow/example_dags/example_dynamic_task_mapping_with_no_taskflow_operators.py for tasks to queue
[2024-07-23T02:23:30.454+0000] {logging_mixin.py:188} INFO - [2024-07-23T02:23:30.454+0000] {dagbag.py:545} INFO - Filling up the DagBag from /home/airflow/.local/lib/python3.12/site-packages/airflow/example_dags/example_dynamic_task_mapping_with_no_taskflow_operators.py
[2024-07-23T02:23:30.462+0000] {processor.py:840} INFO - DAG(s) 'example_dynamic_task_mapping_with_no_taskflow_operators' retrieved from /home/airflow/.local/lib/python3.12/site-packages/airflow/example_dags/example_dynamic_task_mapping_with_no_taskflow_operators.py
[2024-07-23T02:23:30.491+0000] {logging_mixin.py:188} INFO - [2024-07-23T02:23:30.490+0000] {dag.py:3089} INFO - Sync 1 DAGs
[2024-07-23T02:23:30.539+0000] {logging_mixin.py:188} INFO - [2024-07-23T02:23:30.539+0000] {dag.py:3947} INFO - Setting next_dagrun for example_dynamic_task_mapping_with_no_taskflow_operators to 2024-07-22 00:00:00+00:00, run_after=2024-07-23 00:00:00+00:00
[2024-07-23T02:23:30.571+0000] {processor.py:183} INFO - Processing /home/airflow/.local/lib/python3.12/site-packages/airflow/example_dags/example_dynamic_task_mapping_with_no_taskflow_operators.py took 0.131 seconds
[2024-07-23T02:24:00.734+0000] {processor.py:161} INFO - Started process (PID=3058) to work on /home/airflow/.local/lib/python3.12/site-packages/airflow/example_dags/example_dynamic_task_mapping_with_no_taskflow_operators.py
[2024-07-23T02:24:00.738+0000] {processor.py:830} INFO - Processing file /home/airflow/.local/lib/python3.12/site-packages/airflow/example_dags/example_dynamic_task_mapping_with_no_taskflow_operators.py for tasks to queue
[2024-07-23T02:24:00.744+0000] {logging_mixin.py:188} INFO - [2024-07-23T02:24:00.743+0000] {dagbag.py:545} INFO - Filling up the DagBag from /home/airflow/.local/lib/python3.12/site-packages/airflow/example_dags/example_dynamic_task_mapping_with_no_taskflow_operators.py
[2024-07-23T02:24:00.768+0000] {processor.py:840} INFO - DAG(s) 'example_dynamic_task_mapping_with_no_taskflow_operators' retrieved from /home/airflow/.local/lib/python3.12/site-packages/airflow/example_dags/example_dynamic_task_mapping_with_no_taskflow_operators.py
[2024-07-23T02:24:00.847+0000] {logging_mixin.py:188} INFO - [2024-07-23T02:24:00.846+0000] {dag.py:3089} INFO - Sync 1 DAGs
[2024-07-23T02:24:00.992+0000] {logging_mixin.py:188} INFO - [2024-07-23T02:24:00.991+0000] {dag.py:3947} INFO - Setting next_dagrun for example_dynamic_task_mapping_with_no_taskflow_operators to 2024-07-22 00:00:00+00:00, run_after=2024-07-23 00:00:00+00:00
[2024-07-23T02:24:01.066+0000] {processor.py:183} INFO - Processing /home/airflow/.local/lib/python3.12/site-packages/airflow/example_dags/example_dynamic_task_mapping_with_no_taskflow_operators.py took 0.356 seconds
[2024-07-23T02:24:31.851+0000] {processor.py:161} INFO - Started process (PID=3118) to work on /home/airflow/.local/lib/python3.12/site-packages/airflow/example_dags/example_dynamic_task_mapping_with_no_taskflow_operators.py
[2024-07-23T02:24:31.854+0000] {processor.py:830} INFO - Processing file /home/airflow/.local/lib/python3.12/site-packages/airflow/example_dags/example_dynamic_task_mapping_with_no_taskflow_operators.py for tasks to queue
[2024-07-23T02:24:31.861+0000] {logging_mixin.py:188} INFO - [2024-07-23T02:24:31.860+0000] {dagbag.py:545} INFO - Filling up the DagBag from /home/airflow/.local/lib/python3.12/site-packages/airflow/example_dags/example_dynamic_task_mapping_with_no_taskflow_operators.py
[2024-07-23T02:24:31.886+0000] {processor.py:840} INFO - DAG(s) 'example_dynamic_task_mapping_with_no_taskflow_operators' retrieved from /home/airflow/.local/lib/python3.12/site-packages/airflow/example_dags/example_dynamic_task_mapping_with_no_taskflow_operators.py
[2024-07-23T02:24:31.956+0000] {logging_mixin.py:188} INFO - [2024-07-23T02:24:31.955+0000] {dag.py:3089} INFO - Sync 1 DAGs
[2024-07-23T02:24:32.046+0000] {logging_mixin.py:188} INFO - [2024-07-23T02:24:32.045+0000] {dag.py:3947} INFO - Setting next_dagrun for example_dynamic_task_mapping_with_no_taskflow_operators to 2024-07-22 00:00:00+00:00, run_after=2024-07-23 00:00:00+00:00
[2024-07-23T02:24:32.122+0000] {processor.py:183} INFO - Processing /home/airflow/.local/lib/python3.12/site-packages/airflow/example_dags/example_dynamic_task_mapping_with_no_taskflow_operators.py took 0.296 seconds
[2024-07-23T02:25:03.601+0000] {processor.py:161} INFO - Started process (PID=3176) to work on /home/airflow/.local/lib/python3.12/site-packages/airflow/example_dags/example_dynamic_task_mapping_with_no_taskflow_operators.py
[2024-07-23T02:25:03.605+0000] {processor.py:830} INFO - Processing file /home/airflow/.local/lib/python3.12/site-packages/airflow/example_dags/example_dynamic_task_mapping_with_no_taskflow_operators.py for tasks to queue
[2024-07-23T02:25:03.615+0000] {logging_mixin.py:188} INFO - [2024-07-23T02:25:03.613+0000] {dagbag.py:545} INFO - Filling up the DagBag from /home/airflow/.local/lib/python3.12/site-packages/airflow/example_dags/example_dynamic_task_mapping_with_no_taskflow_operators.py
[2024-07-23T02:25:03.648+0000] {processor.py:840} INFO - DAG(s) 'example_dynamic_task_mapping_with_no_taskflow_operators' retrieved from /home/airflow/.local/lib/python3.12/site-packages/airflow/example_dags/example_dynamic_task_mapping_with_no_taskflow_operators.py
[2024-07-23T02:25:03.729+0000] {logging_mixin.py:188} INFO - [2024-07-23T02:25:03.728+0000] {dag.py:3089} INFO - Sync 1 DAGs
[2024-07-23T02:25:03.861+0000] {logging_mixin.py:188} INFO - [2024-07-23T02:25:03.860+0000] {dag.py:3947} INFO - Setting next_dagrun for example_dynamic_task_mapping_with_no_taskflow_operators to 2024-07-22 00:00:00+00:00, run_after=2024-07-23 00:00:00+00:00
[2024-07-23T02:25:03.960+0000] {processor.py:183} INFO - Processing /home/airflow/.local/lib/python3.12/site-packages/airflow/example_dags/example_dynamic_task_mapping_with_no_taskflow_operators.py took 0.395 seconds
[2024-07-23T02:25:34.394+0000] {processor.py:161} INFO - Started process (PID=3235) to work on /home/airflow/.local/lib/python3.12/site-packages/airflow/example_dags/example_dynamic_task_mapping_with_no_taskflow_operators.py
[2024-07-23T02:25:34.395+0000] {processor.py:830} INFO - Processing file /home/airflow/.local/lib/python3.12/site-packages/airflow/example_dags/example_dynamic_task_mapping_with_no_taskflow_operators.py for tasks to queue
[2024-07-23T02:25:34.398+0000] {logging_mixin.py:188} INFO - [2024-07-23T02:25:34.397+0000] {dagbag.py:545} INFO - Filling up the DagBag from /home/airflow/.local/lib/python3.12/site-packages/airflow/example_dags/example_dynamic_task_mapping_with_no_taskflow_operators.py
[2024-07-23T02:25:34.407+0000] {processor.py:840} INFO - DAG(s) 'example_dynamic_task_mapping_with_no_taskflow_operators' retrieved from /home/airflow/.local/lib/python3.12/site-packages/airflow/example_dags/example_dynamic_task_mapping_with_no_taskflow_operators.py
[2024-07-23T02:25:34.431+0000] {logging_mixin.py:188} INFO - [2024-07-23T02:25:34.431+0000] {dag.py:3089} INFO - Sync 1 DAGs
[2024-07-23T02:25:34.461+0000] {logging_mixin.py:188} INFO - [2024-07-23T02:25:34.461+0000] {dag.py:3947} INFO - Setting next_dagrun for example_dynamic_task_mapping_with_no_taskflow_operators to 2024-07-22 00:00:00+00:00, run_after=2024-07-23 00:00:00+00:00
[2024-07-23T02:25:34.486+0000] {processor.py:183} INFO - Processing /home/airflow/.local/lib/python3.12/site-packages/airflow/example_dags/example_dynamic_task_mapping_with_no_taskflow_operators.py took 0.099 seconds
[2024-07-23T02:26:04.581+0000] {processor.py:161} INFO - Started process (PID=3294) to work on /home/airflow/.local/lib/python3.12/site-packages/airflow/example_dags/example_dynamic_task_mapping_with_no_taskflow_operators.py
[2024-07-23T02:26:04.582+0000] {processor.py:830} INFO - Processing file /home/airflow/.local/lib/python3.12/site-packages/airflow/example_dags/example_dynamic_task_mapping_with_no_taskflow_operators.py for tasks to queue
[2024-07-23T02:26:04.585+0000] {logging_mixin.py:188} INFO - [2024-07-23T02:26:04.584+0000] {dagbag.py:545} INFO - Filling up the DagBag from /home/airflow/.local/lib/python3.12/site-packages/airflow/example_dags/example_dynamic_task_mapping_with_no_taskflow_operators.py
[2024-07-23T02:26:04.594+0000] {processor.py:840} INFO - DAG(s) 'example_dynamic_task_mapping_with_no_taskflow_operators' retrieved from /home/airflow/.local/lib/python3.12/site-packages/airflow/example_dags/example_dynamic_task_mapping_with_no_taskflow_operators.py
[2024-07-23T02:26:04.619+0000] {logging_mixin.py:188} INFO - [2024-07-23T02:26:04.619+0000] {dag.py:3089} INFO - Sync 1 DAGs
[2024-07-23T02:26:04.649+0000] {logging_mixin.py:188} INFO - [2024-07-23T02:26:04.649+0000] {dag.py:3947} INFO - Setting next_dagrun for example_dynamic_task_mapping_with_no_taskflow_operators to 2024-07-22 00:00:00+00:00, run_after=2024-07-23 00:00:00+00:00
[2024-07-23T02:26:04.675+0000] {processor.py:183} INFO - Processing /home/airflow/.local/lib/python3.12/site-packages/airflow/example_dags/example_dynamic_task_mapping_with_no_taskflow_operators.py took 0.106 seconds
[2024-07-23T02:26:35.162+0000] {processor.py:161} INFO - Started process (PID=3353) to work on /home/airflow/.local/lib/python3.12/site-packages/airflow/example_dags/example_dynamic_task_mapping_with_no_taskflow_operators.py
[2024-07-23T02:26:35.165+0000] {processor.py:830} INFO - Processing file /home/airflow/.local/lib/python3.12/site-packages/airflow/example_dags/example_dynamic_task_mapping_with_no_taskflow_operators.py for tasks to queue
[2024-07-23T02:26:35.171+0000] {logging_mixin.py:188} INFO - [2024-07-23T02:26:35.170+0000] {dagbag.py:545} INFO - Filling up the DagBag from /home/airflow/.local/lib/python3.12/site-packages/airflow/example_dags/example_dynamic_task_mapping_with_no_taskflow_operators.py
[2024-07-23T02:26:35.196+0000] {processor.py:840} INFO - DAG(s) 'example_dynamic_task_mapping_with_no_taskflow_operators' retrieved from /home/airflow/.local/lib/python3.12/site-packages/airflow/example_dags/example_dynamic_task_mapping_with_no_taskflow_operators.py
[2024-07-23T02:26:35.266+0000] {logging_mixin.py:188} INFO - [2024-07-23T02:26:35.265+0000] {dag.py:3089} INFO - Sync 1 DAGs
[2024-07-23T02:26:35.381+0000] {logging_mixin.py:188} INFO - [2024-07-23T02:26:35.380+0000] {dag.py:3947} INFO - Setting next_dagrun for example_dynamic_task_mapping_with_no_taskflow_operators to 2024-07-22 00:00:00+00:00, run_after=2024-07-23 00:00:00+00:00
[2024-07-23T02:26:35.460+0000] {processor.py:183} INFO - Processing /home/airflow/.local/lib/python3.12/site-packages/airflow/example_dags/example_dynamic_task_mapping_with_no_taskflow_operators.py took 0.324 seconds
[2024-07-23T02:27:06.102+0000] {processor.py:161} INFO - Started process (PID=3412) to work on /home/airflow/.local/lib/python3.12/site-packages/airflow/example_dags/example_dynamic_task_mapping_with_no_taskflow_operators.py
[2024-07-23T02:27:06.105+0000] {processor.py:830} INFO - Processing file /home/airflow/.local/lib/python3.12/site-packages/airflow/example_dags/example_dynamic_task_mapping_with_no_taskflow_operators.py for tasks to queue
[2024-07-23T02:27:06.111+0000] {logging_mixin.py:188} INFO - [2024-07-23T02:27:06.110+0000] {dagbag.py:545} INFO - Filling up the DagBag from /home/airflow/.local/lib/python3.12/site-packages/airflow/example_dags/example_dynamic_task_mapping_with_no_taskflow_operators.py
[2024-07-23T02:27:06.143+0000] {processor.py:840} INFO - DAG(s) 'example_dynamic_task_mapping_with_no_taskflow_operators' retrieved from /home/airflow/.local/lib/python3.12/site-packages/airflow/example_dags/example_dynamic_task_mapping_with_no_taskflow_operators.py
[2024-07-23T02:27:06.221+0000] {logging_mixin.py:188} INFO - [2024-07-23T02:27:06.220+0000] {dag.py:3089} INFO - Sync 1 DAGs
[2024-07-23T02:27:06.339+0000] {logging_mixin.py:188} INFO - [2024-07-23T02:27:06.338+0000] {dag.py:3947} INFO - Setting next_dagrun for example_dynamic_task_mapping_with_no_taskflow_operators to 2024-07-22 00:00:00+00:00, run_after=2024-07-23 00:00:00+00:00
[2024-07-23T02:27:06.414+0000] {processor.py:183} INFO - Processing /home/airflow/.local/lib/python3.12/site-packages/airflow/example_dags/example_dynamic_task_mapping_with_no_taskflow_operators.py took 0.338 seconds
[2024-07-23T02:27:37.132+0000] {processor.py:161} INFO - Started process (PID=3471) to work on /home/airflow/.local/lib/python3.12/site-packages/airflow/example_dags/example_dynamic_task_mapping_with_no_taskflow_operators.py
[2024-07-23T02:27:37.133+0000] {processor.py:830} INFO - Processing file /home/airflow/.local/lib/python3.12/site-packages/airflow/example_dags/example_dynamic_task_mapping_with_no_taskflow_operators.py for tasks to queue
[2024-07-23T02:27:37.135+0000] {logging_mixin.py:188} INFO - [2024-07-23T02:27:37.135+0000] {dagbag.py:545} INFO - Filling up the DagBag from /home/airflow/.local/lib/python3.12/site-packages/airflow/example_dags/example_dynamic_task_mapping_with_no_taskflow_operators.py
[2024-07-23T02:27:37.141+0000] {processor.py:840} INFO - DAG(s) 'example_dynamic_task_mapping_with_no_taskflow_operators' retrieved from /home/airflow/.local/lib/python3.12/site-packages/airflow/example_dags/example_dynamic_task_mapping_with_no_taskflow_operators.py
[2024-07-23T02:27:37.163+0000] {logging_mixin.py:188} INFO - [2024-07-23T02:27:37.163+0000] {dag.py:3089} INFO - Sync 1 DAGs
[2024-07-23T02:27:37.186+0000] {logging_mixin.py:188} INFO - [2024-07-23T02:27:37.186+0000] {dag.py:3947} INFO - Setting next_dagrun for example_dynamic_task_mapping_with_no_taskflow_operators to 2024-07-22 00:00:00+00:00, run_after=2024-07-23 00:00:00+00:00
[2024-07-23T02:27:37.208+0000] {processor.py:183} INFO - Processing /home/airflow/.local/lib/python3.12/site-packages/airflow/example_dags/example_dynamic_task_mapping_with_no_taskflow_operators.py took 0.083 seconds
