[2024-07-23T01:58:23.612+0000] {processor.py:161} INFO - Started process (PID=101) to work on /home/airflow/.local/lib/python3.12/site-packages/airflow/example_dags/example_external_task_marker_dag.py
[2024-07-23T01:58:23.613+0000] {processor.py:830} INFO - Processing file /home/airflow/.local/lib/python3.12/site-packages/airflow/example_dags/example_external_task_marker_dag.py for tasks to queue
[2024-07-23T01:58:23.615+0000] {logging_mixin.py:188} INFO - [2024-07-23T01:58:23.615+0000] {dagbag.py:545} INFO - Filling up the DagBag from /home/airflow/.local/lib/python3.12/site-packages/airflow/example_dags/example_external_task_marker_dag.py
[2024-07-23T01:58:23.622+0000] {processor.py:840} INFO - DAG(s) 'example_external_task_marker_parent', 'example_external_task_marker_child' retrieved from /home/airflow/.local/lib/python3.12/site-packages/airflow/example_dags/example_external_task_marker_dag.py
[2024-07-23T01:58:23.779+0000] {logging_mixin.py:188} INFO - [2024-07-23T01:58:23.779+0000] {dag.py:3089} INFO - Sync 2 DAGs
[2024-07-23T01:58:23.791+0000] {logging_mixin.py:188} INFO - [2024-07-23T01:58:23.791+0000] {dag.py:3947} INFO - Setting next_dagrun for example_external_task_marker_child to None, run_after=None
[2024-07-23T01:58:23.795+0000] {logging_mixin.py:188} INFO - [2024-07-23T01:58:23.794+0000] {dag.py:3947} INFO - Setting next_dagrun for example_external_task_marker_parent to None, run_after=None
[2024-07-23T01:58:23.817+0000] {processor.py:183} INFO - Processing /home/airflow/.local/lib/python3.12/site-packages/airflow/example_dags/example_external_task_marker_dag.py took 0.211 seconds
[2024-07-23T01:58:53.879+0000] {processor.py:161} INFO - Started process (PID=159) to work on /home/airflow/.local/lib/python3.12/site-packages/airflow/example_dags/example_external_task_marker_dag.py
[2024-07-23T01:58:53.882+0000] {processor.py:830} INFO - Processing file /home/airflow/.local/lib/python3.12/site-packages/airflow/example_dags/example_external_task_marker_dag.py for tasks to queue
[2024-07-23T01:58:53.885+0000] {logging_mixin.py:188} INFO - [2024-07-23T01:58:53.884+0000] {dagbag.py:545} INFO - Filling up the DagBag from /home/airflow/.local/lib/python3.12/site-packages/airflow/example_dags/example_external_task_marker_dag.py
[2024-07-23T01:58:53.896+0000] {processor.py:840} INFO - DAG(s) 'example_external_task_marker_child', 'example_external_task_marker_parent' retrieved from /home/airflow/.local/lib/python3.12/site-packages/airflow/example_dags/example_external_task_marker_dag.py
[2024-07-23T01:58:53.932+0000] {logging_mixin.py:188} INFO - [2024-07-23T01:58:53.931+0000] {dag.py:3089} INFO - Sync 2 DAGs
[2024-07-23T01:58:53.954+0000] {logging_mixin.py:188} INFO - [2024-07-23T01:58:53.954+0000] {dag.py:3947} INFO - Setting next_dagrun for example_external_task_marker_child to None, run_after=None
[2024-07-23T01:58:53.960+0000] {logging_mixin.py:188} INFO - [2024-07-23T01:58:53.960+0000] {dag.py:3947} INFO - Setting next_dagrun for example_external_task_marker_parent to None, run_after=None
[2024-07-23T01:58:53.990+0000] {processor.py:183} INFO - Processing /home/airflow/.local/lib/python3.12/site-packages/airflow/example_dags/example_external_task_marker_dag.py took 0.122 seconds
[2024-07-23T01:59:24.278+0000] {processor.py:161} INFO - Started process (PID=217) to work on /home/airflow/.local/lib/python3.12/site-packages/airflow/example_dags/example_external_task_marker_dag.py
[2024-07-23T01:59:24.279+0000] {processor.py:830} INFO - Processing file /home/airflow/.local/lib/python3.12/site-packages/airflow/example_dags/example_external_task_marker_dag.py for tasks to queue
[2024-07-23T01:59:24.282+0000] {logging_mixin.py:188} INFO - [2024-07-23T01:59:24.281+0000] {dagbag.py:545} INFO - Filling up the DagBag from /home/airflow/.local/lib/python3.12/site-packages/airflow/example_dags/example_external_task_marker_dag.py
[2024-07-23T01:59:24.290+0000] {processor.py:840} INFO - DAG(s) 'example_external_task_marker_parent', 'example_external_task_marker_child' retrieved from /home/airflow/.local/lib/python3.12/site-packages/airflow/example_dags/example_external_task_marker_dag.py
[2024-07-23T01:59:24.321+0000] {logging_mixin.py:188} INFO - [2024-07-23T01:59:24.320+0000] {dag.py:3089} INFO - Sync 2 DAGs
[2024-07-23T01:59:24.336+0000] {logging_mixin.py:188} INFO - [2024-07-23T01:59:24.336+0000] {dag.py:3947} INFO - Setting next_dagrun for example_external_task_marker_child to None, run_after=None
[2024-07-23T01:59:24.341+0000] {logging_mixin.py:188} INFO - [2024-07-23T01:59:24.341+0000] {dag.py:3947} INFO - Setting next_dagrun for example_external_task_marker_parent to None, run_after=None
[2024-07-23T01:59:24.367+0000] {processor.py:183} INFO - Processing /home/airflow/.local/lib/python3.12/site-packages/airflow/example_dags/example_external_task_marker_dag.py took 0.096 seconds
[2024-07-23T01:59:54.583+0000] {processor.py:161} INFO - Started process (PID=275) to work on /home/airflow/.local/lib/python3.12/site-packages/airflow/example_dags/example_external_task_marker_dag.py
[2024-07-23T01:59:54.584+0000] {processor.py:830} INFO - Processing file /home/airflow/.local/lib/python3.12/site-packages/airflow/example_dags/example_external_task_marker_dag.py for tasks to queue
[2024-07-23T01:59:54.586+0000] {logging_mixin.py:188} INFO - [2024-07-23T01:59:54.585+0000] {dagbag.py:545} INFO - Filling up the DagBag from /home/airflow/.local/lib/python3.12/site-packages/airflow/example_dags/example_external_task_marker_dag.py
[2024-07-23T01:59:54.593+0000] {processor.py:840} INFO - DAG(s) 'example_external_task_marker_child', 'example_external_task_marker_parent' retrieved from /home/airflow/.local/lib/python3.12/site-packages/airflow/example_dags/example_external_task_marker_dag.py
[2024-07-23T01:59:54.625+0000] {logging_mixin.py:188} INFO - [2024-07-23T01:59:54.624+0000] {dag.py:3089} INFO - Sync 2 DAGs
[2024-07-23T01:59:54.643+0000] {logging_mixin.py:188} INFO - [2024-07-23T01:59:54.642+0000] {dag.py:3947} INFO - Setting next_dagrun for example_external_task_marker_child to None, run_after=None
[2024-07-23T01:59:54.648+0000] {logging_mixin.py:188} INFO - [2024-07-23T01:59:54.647+0000] {dag.py:3947} INFO - Setting next_dagrun for example_external_task_marker_parent to None, run_after=None
[2024-07-23T01:59:54.668+0000] {processor.py:183} INFO - Processing /home/airflow/.local/lib/python3.12/site-packages/airflow/example_dags/example_external_task_marker_dag.py took 0.095 seconds
[2024-07-23T02:00:24.889+0000] {processor.py:161} INFO - Started process (PID=333) to work on /home/airflow/.local/lib/python3.12/site-packages/airflow/example_dags/example_external_task_marker_dag.py
[2024-07-23T02:00:24.892+0000] {processor.py:830} INFO - Processing file /home/airflow/.local/lib/python3.12/site-packages/airflow/example_dags/example_external_task_marker_dag.py for tasks to queue
[2024-07-23T02:00:24.894+0000] {logging_mixin.py:188} INFO - [2024-07-23T02:00:24.894+0000] {dagbag.py:545} INFO - Filling up the DagBag from /home/airflow/.local/lib/python3.12/site-packages/airflow/example_dags/example_external_task_marker_dag.py
[2024-07-23T02:00:24.901+0000] {processor.py:840} INFO - DAG(s) 'example_external_task_marker_child', 'example_external_task_marker_parent' retrieved from /home/airflow/.local/lib/python3.12/site-packages/airflow/example_dags/example_external_task_marker_dag.py
[2024-07-23T02:00:24.927+0000] {logging_mixin.py:188} INFO - [2024-07-23T02:00:24.927+0000] {dag.py:3089} INFO - Sync 2 DAGs
[2024-07-23T02:00:24.944+0000] {logging_mixin.py:188} INFO - [2024-07-23T02:00:24.943+0000] {dag.py:3947} INFO - Setting next_dagrun for example_external_task_marker_child to None, run_after=None
[2024-07-23T02:00:24.948+0000] {logging_mixin.py:188} INFO - [2024-07-23T02:00:24.948+0000] {dag.py:3947} INFO - Setting next_dagrun for example_external_task_marker_parent to None, run_after=None
[2024-07-23T02:00:24.974+0000] {processor.py:183} INFO - Processing /home/airflow/.local/lib/python3.12/site-packages/airflow/example_dags/example_external_task_marker_dag.py took 0.092 seconds
[2024-07-23T02:00:55.301+0000] {processor.py:161} INFO - Started process (PID=390) to work on /home/airflow/.local/lib/python3.12/site-packages/airflow/example_dags/example_external_task_marker_dag.py
[2024-07-23T02:00:55.302+0000] {processor.py:830} INFO - Processing file /home/airflow/.local/lib/python3.12/site-packages/airflow/example_dags/example_external_task_marker_dag.py for tasks to queue
[2024-07-23T02:00:55.304+0000] {logging_mixin.py:188} INFO - [2024-07-23T02:00:55.304+0000] {dagbag.py:545} INFO - Filling up the DagBag from /home/airflow/.local/lib/python3.12/site-packages/airflow/example_dags/example_external_task_marker_dag.py
[2024-07-23T02:00:55.312+0000] {processor.py:840} INFO - DAG(s) 'example_external_task_marker_parent', 'example_external_task_marker_child' retrieved from /home/airflow/.local/lib/python3.12/site-packages/airflow/example_dags/example_external_task_marker_dag.py
[2024-07-23T02:00:55.339+0000] {logging_mixin.py:188} INFO - [2024-07-23T02:00:55.339+0000] {dag.py:3089} INFO - Sync 2 DAGs
[2024-07-23T02:00:55.361+0000] {logging_mixin.py:188} INFO - [2024-07-23T02:00:55.361+0000] {dag.py:3947} INFO - Setting next_dagrun for example_external_task_marker_child to None, run_after=None
[2024-07-23T02:00:55.370+0000] {logging_mixin.py:188} INFO - [2024-07-23T02:00:55.370+0000] {dag.py:3947} INFO - Setting next_dagrun for example_external_task_marker_parent to None, run_after=None
[2024-07-23T02:00:55.394+0000] {processor.py:183} INFO - Processing /home/airflow/.local/lib/python3.12/site-packages/airflow/example_dags/example_external_task_marker_dag.py took 0.101 seconds
[2024-07-23T02:01:26.377+0000] {processor.py:161} INFO - Started process (PID=447) to work on /home/airflow/.local/lib/python3.12/site-packages/airflow/example_dags/example_external_task_marker_dag.py
[2024-07-23T02:01:26.378+0000] {processor.py:830} INFO - Processing file /home/airflow/.local/lib/python3.12/site-packages/airflow/example_dags/example_external_task_marker_dag.py for tasks to queue
[2024-07-23T02:01:26.381+0000] {logging_mixin.py:188} INFO - [2024-07-23T02:01:26.380+0000] {dagbag.py:545} INFO - Filling up the DagBag from /home/airflow/.local/lib/python3.12/site-packages/airflow/example_dags/example_external_task_marker_dag.py
[2024-07-23T02:01:26.388+0000] {processor.py:840} INFO - DAG(s) 'example_external_task_marker_child', 'example_external_task_marker_parent' retrieved from /home/airflow/.local/lib/python3.12/site-packages/airflow/example_dags/example_external_task_marker_dag.py
[2024-07-23T02:01:26.418+0000] {logging_mixin.py:188} INFO - [2024-07-23T02:01:26.418+0000] {dag.py:3089} INFO - Sync 2 DAGs
[2024-07-23T02:01:26.434+0000] {logging_mixin.py:188} INFO - [2024-07-23T02:01:26.434+0000] {dag.py:3947} INFO - Setting next_dagrun for example_external_task_marker_child to None, run_after=None
[2024-07-23T02:01:26.439+0000] {logging_mixin.py:188} INFO - [2024-07-23T02:01:26.438+0000] {dag.py:3947} INFO - Setting next_dagrun for example_external_task_marker_parent to None, run_after=None
[2024-07-23T02:01:26.462+0000] {processor.py:183} INFO - Processing /home/airflow/.local/lib/python3.12/site-packages/airflow/example_dags/example_external_task_marker_dag.py took 0.092 seconds
[2024-07-23T02:01:56.556+0000] {processor.py:161} INFO - Started process (PID=504) to work on /home/airflow/.local/lib/python3.12/site-packages/airflow/example_dags/example_external_task_marker_dag.py
[2024-07-23T02:01:56.557+0000] {processor.py:830} INFO - Processing file /home/airflow/.local/lib/python3.12/site-packages/airflow/example_dags/example_external_task_marker_dag.py for tasks to queue
[2024-07-23T02:01:56.559+0000] {logging_mixin.py:188} INFO - [2024-07-23T02:01:56.559+0000] {dagbag.py:545} INFO - Filling up the DagBag from /home/airflow/.local/lib/python3.12/site-packages/airflow/example_dags/example_external_task_marker_dag.py
[2024-07-23T02:01:56.565+0000] {processor.py:840} INFO - DAG(s) 'example_external_task_marker_parent', 'example_external_task_marker_child' retrieved from /home/airflow/.local/lib/python3.12/site-packages/airflow/example_dags/example_external_task_marker_dag.py
[2024-07-23T02:01:56.590+0000] {logging_mixin.py:188} INFO - [2024-07-23T02:01:56.590+0000] {dag.py:3089} INFO - Sync 2 DAGs
[2024-07-23T02:01:56.605+0000] {logging_mixin.py:188} INFO - [2024-07-23T02:01:56.604+0000] {dag.py:3947} INFO - Setting next_dagrun for example_external_task_marker_child to None, run_after=None
[2024-07-23T02:01:56.609+0000] {logging_mixin.py:188} INFO - [2024-07-23T02:01:56.609+0000] {dag.py:3947} INFO - Setting next_dagrun for example_external_task_marker_parent to None, run_after=None
[2024-07-23T02:01:56.631+0000] {processor.py:183} INFO - Processing /home/airflow/.local/lib/python3.12/site-packages/airflow/example_dags/example_external_task_marker_dag.py took 0.081 seconds
[2024-07-23T02:02:26.802+0000] {processor.py:161} INFO - Started process (PID=563) to work on /home/airflow/.local/lib/python3.12/site-packages/airflow/example_dags/example_external_task_marker_dag.py
[2024-07-23T02:02:26.803+0000] {processor.py:830} INFO - Processing file /home/airflow/.local/lib/python3.12/site-packages/airflow/example_dags/example_external_task_marker_dag.py for tasks to queue
[2024-07-23T02:02:26.805+0000] {logging_mixin.py:188} INFO - [2024-07-23T02:02:26.804+0000] {dagbag.py:545} INFO - Filling up the DagBag from /home/airflow/.local/lib/python3.12/site-packages/airflow/example_dags/example_external_task_marker_dag.py
[2024-07-23T02:02:26.811+0000] {processor.py:840} INFO - DAG(s) 'example_external_task_marker_parent', 'example_external_task_marker_child' retrieved from /home/airflow/.local/lib/python3.12/site-packages/airflow/example_dags/example_external_task_marker_dag.py
[2024-07-23T02:02:26.838+0000] {logging_mixin.py:188} INFO - [2024-07-23T02:02:26.838+0000] {dag.py:3089} INFO - Sync 2 DAGs
[2024-07-23T02:02:26.853+0000] {logging_mixin.py:188} INFO - [2024-07-23T02:02:26.853+0000] {dag.py:3947} INFO - Setting next_dagrun for example_external_task_marker_child to None, run_after=None
[2024-07-23T02:02:26.857+0000] {logging_mixin.py:188} INFO - [2024-07-23T02:02:26.857+0000] {dag.py:3947} INFO - Setting next_dagrun for example_external_task_marker_parent to None, run_after=None
[2024-07-23T02:02:26.876+0000] {processor.py:183} INFO - Processing /home/airflow/.local/lib/python3.12/site-packages/airflow/example_dags/example_external_task_marker_dag.py took 0.081 seconds
[2024-07-23T02:02:57.810+0000] {processor.py:161} INFO - Started process (PID=622) to work on /home/airflow/.local/lib/python3.12/site-packages/airflow/example_dags/example_external_task_marker_dag.py
[2024-07-23T02:02:57.811+0000] {processor.py:830} INFO - Processing file /home/airflow/.local/lib/python3.12/site-packages/airflow/example_dags/example_external_task_marker_dag.py for tasks to queue
[2024-07-23T02:02:57.815+0000] {logging_mixin.py:188} INFO - [2024-07-23T02:02:57.814+0000] {dagbag.py:545} INFO - Filling up the DagBag from /home/airflow/.local/lib/python3.12/site-packages/airflow/example_dags/example_external_task_marker_dag.py
[2024-07-23T02:02:57.826+0000] {processor.py:840} INFO - DAG(s) 'example_external_task_marker_parent', 'example_external_task_marker_child' retrieved from /home/airflow/.local/lib/python3.12/site-packages/airflow/example_dags/example_external_task_marker_dag.py
[2024-07-23T02:02:57.870+0000] {logging_mixin.py:188} INFO - [2024-07-23T02:02:57.870+0000] {dag.py:3089} INFO - Sync 2 DAGs
[2024-07-23T02:02:57.893+0000] {logging_mixin.py:188} INFO - [2024-07-23T02:02:57.893+0000] {dag.py:3947} INFO - Setting next_dagrun for example_external_task_marker_child to None, run_after=None
[2024-07-23T02:02:57.902+0000] {logging_mixin.py:188} INFO - [2024-07-23T02:02:57.902+0000] {dag.py:3947} INFO - Setting next_dagrun for example_external_task_marker_parent to None, run_after=None
[2024-07-23T02:02:57.931+0000] {processor.py:183} INFO - Processing /home/airflow/.local/lib/python3.12/site-packages/airflow/example_dags/example_external_task_marker_dag.py took 0.132 seconds
[2024-07-23T02:03:28.770+0000] {processor.py:161} INFO - Started process (PID=682) to work on /home/airflow/.local/lib/python3.12/site-packages/airflow/example_dags/example_external_task_marker_dag.py
[2024-07-23T02:03:28.772+0000] {processor.py:830} INFO - Processing file /home/airflow/.local/lib/python3.12/site-packages/airflow/example_dags/example_external_task_marker_dag.py for tasks to queue
[2024-07-23T02:03:28.775+0000] {logging_mixin.py:188} INFO - [2024-07-23T02:03:28.774+0000] {dagbag.py:545} INFO - Filling up the DagBag from /home/airflow/.local/lib/python3.12/site-packages/airflow/example_dags/example_external_task_marker_dag.py
[2024-07-23T02:03:28.787+0000] {processor.py:840} INFO - DAG(s) 'example_external_task_marker_child', 'example_external_task_marker_parent' retrieved from /home/airflow/.local/lib/python3.12/site-packages/airflow/example_dags/example_external_task_marker_dag.py
[2024-07-23T02:03:28.834+0000] {logging_mixin.py:188} INFO - [2024-07-23T02:03:28.834+0000] {dag.py:3089} INFO - Sync 2 DAGs
[2024-07-23T02:03:28.858+0000] {logging_mixin.py:188} INFO - [2024-07-23T02:03:28.858+0000] {dag.py:3947} INFO - Setting next_dagrun for example_external_task_marker_child to None, run_after=None
[2024-07-23T02:03:28.866+0000] {logging_mixin.py:188} INFO - [2024-07-23T02:03:28.865+0000] {dag.py:3947} INFO - Setting next_dagrun for example_external_task_marker_parent to None, run_after=None
[2024-07-23T02:03:28.900+0000] {processor.py:183} INFO - Processing /home/airflow/.local/lib/python3.12/site-packages/airflow/example_dags/example_external_task_marker_dag.py took 0.141 seconds
[2024-07-23T02:04:06.042+0000] {processor.py:161} INFO - Started process (PID=741) to work on /home/airflow/.local/lib/python3.12/site-packages/airflow/example_dags/example_external_task_marker_dag.py
[2024-07-23T02:04:06.049+0000] {processor.py:830} INFO - Processing file /home/airflow/.local/lib/python3.12/site-packages/airflow/example_dags/example_external_task_marker_dag.py for tasks to queue
[2024-07-23T02:04:06.062+0000] {logging_mixin.py:188} INFO - [2024-07-23T02:04:06.060+0000] {dagbag.py:545} INFO - Filling up the DagBag from /home/airflow/.local/lib/python3.12/site-packages/airflow/example_dags/example_external_task_marker_dag.py
[2024-07-23T02:04:06.109+0000] {processor.py:840} INFO - DAG(s) 'example_external_task_marker_parent', 'example_external_task_marker_child' retrieved from /home/airflow/.local/lib/python3.12/site-packages/airflow/example_dags/example_external_task_marker_dag.py
[2024-07-23T02:04:06.299+0000] {logging_mixin.py:188} INFO - [2024-07-23T02:04:06.297+0000] {dag.py:3089} INFO - Sync 2 DAGs
[2024-07-23T02:04:06.413+0000] {logging_mixin.py:188} INFO - [2024-07-23T02:04:06.412+0000] {dag.py:3947} INFO - Setting next_dagrun for example_external_task_marker_child to None, run_after=None
[2024-07-23T02:04:06.449+0000] {logging_mixin.py:188} INFO - [2024-07-23T02:04:06.447+0000] {dag.py:3947} INFO - Setting next_dagrun for example_external_task_marker_parent to None, run_after=None
[2024-07-23T02:04:06.590+0000] {processor.py:183} INFO - Processing /home/airflow/.local/lib/python3.12/site-packages/airflow/example_dags/example_external_task_marker_dag.py took 0.594 seconds
[2024-07-23T02:04:37.850+0000] {processor.py:161} INFO - Started process (PID=800) to work on /home/airflow/.local/lib/python3.12/site-packages/airflow/example_dags/example_external_task_marker_dag.py
[2024-07-23T02:04:37.855+0000] {processor.py:830} INFO - Processing file /home/airflow/.local/lib/python3.12/site-packages/airflow/example_dags/example_external_task_marker_dag.py for tasks to queue
[2024-07-23T02:04:37.866+0000] {logging_mixin.py:188} INFO - [2024-07-23T02:04:37.864+0000] {dagbag.py:545} INFO - Filling up the DagBag from /home/airflow/.local/lib/python3.12/site-packages/airflow/example_dags/example_external_task_marker_dag.py
[2024-07-23T02:04:37.899+0000] {processor.py:840} INFO - DAG(s) 'example_external_task_marker_parent', 'example_external_task_marker_child' retrieved from /home/airflow/.local/lib/python3.12/site-packages/airflow/example_dags/example_external_task_marker_dag.py
[2024-07-23T02:04:38.013+0000] {logging_mixin.py:188} INFO - [2024-07-23T02:04:38.012+0000] {dag.py:3089} INFO - Sync 2 DAGs
[2024-07-23T02:04:38.090+0000] {logging_mixin.py:188} INFO - [2024-07-23T02:04:38.088+0000] {dag.py:3947} INFO - Setting next_dagrun for example_external_task_marker_child to None, run_after=None
[2024-07-23T02:04:38.114+0000] {logging_mixin.py:188} INFO - [2024-07-23T02:04:38.113+0000] {dag.py:3947} INFO - Setting next_dagrun for example_external_task_marker_parent to None, run_after=None
[2024-07-23T02:04:38.208+0000] {processor.py:183} INFO - Processing /home/airflow/.local/lib/python3.12/site-packages/airflow/example_dags/example_external_task_marker_dag.py took 0.388 seconds
[2024-07-23T02:05:10.349+0000] {processor.py:161} INFO - Started process (PID=859) to work on /home/airflow/.local/lib/python3.12/site-packages/airflow/example_dags/example_external_task_marker_dag.py
[2024-07-23T02:05:10.355+0000] {processor.py:830} INFO - Processing file /home/airflow/.local/lib/python3.12/site-packages/airflow/example_dags/example_external_task_marker_dag.py for tasks to queue
[2024-07-23T02:05:10.368+0000] {logging_mixin.py:188} INFO - [2024-07-23T02:05:10.365+0000] {dagbag.py:545} INFO - Filling up the DagBag from /home/airflow/.local/lib/python3.12/site-packages/airflow/example_dags/example_external_task_marker_dag.py
[2024-07-23T02:05:10.410+0000] {processor.py:840} INFO - DAG(s) 'example_external_task_marker_parent', 'example_external_task_marker_child' retrieved from /home/airflow/.local/lib/python3.12/site-packages/airflow/example_dags/example_external_task_marker_dag.py
[2024-07-23T02:05:10.578+0000] {logging_mixin.py:188} INFO - [2024-07-23T02:05:10.576+0000] {dag.py:3089} INFO - Sync 2 DAGs
[2024-07-23T02:05:10.677+0000] {logging_mixin.py:188} INFO - [2024-07-23T02:05:10.675+0000] {dag.py:3947} INFO - Setting next_dagrun for example_external_task_marker_child to None, run_after=None
[2024-07-23T02:05:10.706+0000] {logging_mixin.py:188} INFO - [2024-07-23T02:05:10.705+0000] {dag.py:3947} INFO - Setting next_dagrun for example_external_task_marker_parent to None, run_after=None
[2024-07-23T02:05:10.839+0000] {processor.py:183} INFO - Processing /home/airflow/.local/lib/python3.12/site-packages/airflow/example_dags/example_external_task_marker_dag.py took 0.534 seconds
[2024-07-23T02:05:41.491+0000] {processor.py:161} INFO - Started process (PID=918) to work on /home/airflow/.local/lib/python3.12/site-packages/airflow/example_dags/example_external_task_marker_dag.py
[2024-07-23T02:05:41.495+0000] {processor.py:830} INFO - Processing file /home/airflow/.local/lib/python3.12/site-packages/airflow/example_dags/example_external_task_marker_dag.py for tasks to queue
[2024-07-23T02:05:41.504+0000] {logging_mixin.py:188} INFO - [2024-07-23T02:05:41.502+0000] {dagbag.py:545} INFO - Filling up the DagBag from /home/airflow/.local/lib/python3.12/site-packages/airflow/example_dags/example_external_task_marker_dag.py
[2024-07-23T02:05:41.535+0000] {processor.py:840} INFO - DAG(s) 'example_external_task_marker_parent', 'example_external_task_marker_child' retrieved from /home/airflow/.local/lib/python3.12/site-packages/airflow/example_dags/example_external_task_marker_dag.py
[2024-07-23T02:05:41.681+0000] {logging_mixin.py:188} INFO - [2024-07-23T02:05:41.680+0000] {dag.py:3089} INFO - Sync 2 DAGs
[2024-07-23T02:05:41.772+0000] {logging_mixin.py:188} INFO - [2024-07-23T02:05:41.771+0000] {dag.py:3947} INFO - Setting next_dagrun for example_external_task_marker_child to None, run_after=None
[2024-07-23T02:05:41.796+0000] {logging_mixin.py:188} INFO - [2024-07-23T02:05:41.795+0000] {dag.py:3947} INFO - Setting next_dagrun for example_external_task_marker_parent to None, run_after=None
[2024-07-23T02:05:41.901+0000] {processor.py:183} INFO - Processing /home/airflow/.local/lib/python3.12/site-packages/airflow/example_dags/example_external_task_marker_dag.py took 0.440 seconds
[2024-07-23T02:06:12.315+0000] {processor.py:161} INFO - Started process (PID=977) to work on /home/airflow/.local/lib/python3.12/site-packages/airflow/example_dags/example_external_task_marker_dag.py
[2024-07-23T02:06:12.316+0000] {processor.py:830} INFO - Processing file /home/airflow/.local/lib/python3.12/site-packages/airflow/example_dags/example_external_task_marker_dag.py for tasks to queue
[2024-07-23T02:06:12.318+0000] {logging_mixin.py:188} INFO - [2024-07-23T02:06:12.318+0000] {dagbag.py:545} INFO - Filling up the DagBag from /home/airflow/.local/lib/python3.12/site-packages/airflow/example_dags/example_external_task_marker_dag.py
[2024-07-23T02:06:12.325+0000] {processor.py:840} INFO - DAG(s) 'example_external_task_marker_parent', 'example_external_task_marker_child' retrieved from /home/airflow/.local/lib/python3.12/site-packages/airflow/example_dags/example_external_task_marker_dag.py
[2024-07-23T02:06:12.352+0000] {logging_mixin.py:188} INFO - [2024-07-23T02:06:12.352+0000] {dag.py:3089} INFO - Sync 2 DAGs
[2024-07-23T02:06:12.366+0000] {logging_mixin.py:188} INFO - [2024-07-23T02:06:12.366+0000] {dag.py:3947} INFO - Setting next_dagrun for example_external_task_marker_child to None, run_after=None
[2024-07-23T02:06:12.370+0000] {logging_mixin.py:188} INFO - [2024-07-23T02:06:12.370+0000] {dag.py:3947} INFO - Setting next_dagrun for example_external_task_marker_parent to None, run_after=None
[2024-07-23T02:06:12.391+0000] {processor.py:183} INFO - Processing /home/airflow/.local/lib/python3.12/site-packages/airflow/example_dags/example_external_task_marker_dag.py took 0.082 seconds
[2024-07-23T02:06:42.997+0000] {processor.py:161} INFO - Started process (PID=1036) to work on /home/airflow/.local/lib/python3.12/site-packages/airflow/example_dags/example_external_task_marker_dag.py
[2024-07-23T02:06:42.998+0000] {processor.py:830} INFO - Processing file /home/airflow/.local/lib/python3.12/site-packages/airflow/example_dags/example_external_task_marker_dag.py for tasks to queue
[2024-07-23T02:06:43.000+0000] {logging_mixin.py:188} INFO - [2024-07-23T02:06:42.999+0000] {dagbag.py:545} INFO - Filling up the DagBag from /home/airflow/.local/lib/python3.12/site-packages/airflow/example_dags/example_external_task_marker_dag.py
[2024-07-23T02:06:43.006+0000] {processor.py:840} INFO - DAG(s) 'example_external_task_marker_parent', 'example_external_task_marker_child' retrieved from /home/airflow/.local/lib/python3.12/site-packages/airflow/example_dags/example_external_task_marker_dag.py
[2024-07-23T02:06:43.034+0000] {logging_mixin.py:188} INFO - [2024-07-23T02:06:43.034+0000] {dag.py:3089} INFO - Sync 2 DAGs
[2024-07-23T02:06:43.050+0000] {logging_mixin.py:188} INFO - [2024-07-23T02:06:43.050+0000] {dag.py:3947} INFO - Setting next_dagrun for example_external_task_marker_child to None, run_after=None
[2024-07-23T02:06:43.055+0000] {logging_mixin.py:188} INFO - [2024-07-23T02:06:43.054+0000] {dag.py:3947} INFO - Setting next_dagrun for example_external_task_marker_parent to None, run_after=None
[2024-07-23T02:06:43.075+0000] {processor.py:183} INFO - Processing /home/airflow/.local/lib/python3.12/site-packages/airflow/example_dags/example_external_task_marker_dag.py took 0.084 seconds
[2024-07-23T02:07:13.235+0000] {processor.py:161} INFO - Started process (PID=1095) to work on /home/airflow/.local/lib/python3.12/site-packages/airflow/example_dags/example_external_task_marker_dag.py
[2024-07-23T02:07:13.236+0000] {processor.py:830} INFO - Processing file /home/airflow/.local/lib/python3.12/site-packages/airflow/example_dags/example_external_task_marker_dag.py for tasks to queue
[2024-07-23T02:07:13.237+0000] {logging_mixin.py:188} INFO - [2024-07-23T02:07:13.237+0000] {dagbag.py:545} INFO - Filling up the DagBag from /home/airflow/.local/lib/python3.12/site-packages/airflow/example_dags/example_external_task_marker_dag.py
[2024-07-23T02:07:13.245+0000] {processor.py:840} INFO - DAG(s) 'example_external_task_marker_parent', 'example_external_task_marker_child' retrieved from /home/airflow/.local/lib/python3.12/site-packages/airflow/example_dags/example_external_task_marker_dag.py
[2024-07-23T02:07:13.272+0000] {logging_mixin.py:188} INFO - [2024-07-23T02:07:13.272+0000] {dag.py:3089} INFO - Sync 2 DAGs
[2024-07-23T02:07:13.287+0000] {logging_mixin.py:188} INFO - [2024-07-23T02:07:13.287+0000] {dag.py:3947} INFO - Setting next_dagrun for example_external_task_marker_child to None, run_after=None
[2024-07-23T02:07:13.292+0000] {logging_mixin.py:188} INFO - [2024-07-23T02:07:13.291+0000] {dag.py:3947} INFO - Setting next_dagrun for example_external_task_marker_parent to None, run_after=None
[2024-07-23T02:07:13.309+0000] {processor.py:183} INFO - Processing /home/airflow/.local/lib/python3.12/site-packages/airflow/example_dags/example_external_task_marker_dag.py took 0.081 seconds
[2024-07-23T02:07:44.095+0000] {processor.py:161} INFO - Started process (PID=1154) to work on /home/airflow/.local/lib/python3.12/site-packages/airflow/example_dags/example_external_task_marker_dag.py
[2024-07-23T02:07:44.098+0000] {processor.py:830} INFO - Processing file /home/airflow/.local/lib/python3.12/site-packages/airflow/example_dags/example_external_task_marker_dag.py for tasks to queue
[2024-07-23T02:07:44.108+0000] {logging_mixin.py:188} INFO - [2024-07-23T02:07:44.106+0000] {dagbag.py:545} INFO - Filling up the DagBag from /home/airflow/.local/lib/python3.12/site-packages/airflow/example_dags/example_external_task_marker_dag.py
[2024-07-23T02:07:44.129+0000] {processor.py:840} INFO - DAG(s) 'example_external_task_marker_child', 'example_external_task_marker_parent' retrieved from /home/airflow/.local/lib/python3.12/site-packages/airflow/example_dags/example_external_task_marker_dag.py
[2024-07-23T02:07:44.221+0000] {logging_mixin.py:188} INFO - [2024-07-23T02:07:44.220+0000] {dag.py:3089} INFO - Sync 2 DAGs
[2024-07-23T02:07:44.271+0000] {logging_mixin.py:188} INFO - [2024-07-23T02:07:44.271+0000] {dag.py:3947} INFO - Setting next_dagrun for example_external_task_marker_child to None, run_after=None
[2024-07-23T02:07:44.286+0000] {logging_mixin.py:188} INFO - [2024-07-23T02:07:44.285+0000] {dag.py:3947} INFO - Setting next_dagrun for example_external_task_marker_parent to None, run_after=None
[2024-07-23T02:07:44.347+0000] {processor.py:183} INFO - Processing /home/airflow/.local/lib/python3.12/site-packages/airflow/example_dags/example_external_task_marker_dag.py took 0.280 seconds
[2024-07-23T02:08:15.225+0000] {processor.py:161} INFO - Started process (PID=1214) to work on /home/airflow/.local/lib/python3.12/site-packages/airflow/example_dags/example_external_task_marker_dag.py
[2024-07-23T02:08:15.227+0000] {processor.py:830} INFO - Processing file /home/airflow/.local/lib/python3.12/site-packages/airflow/example_dags/example_external_task_marker_dag.py for tasks to queue
[2024-07-23T02:08:15.229+0000] {logging_mixin.py:188} INFO - [2024-07-23T02:08:15.229+0000] {dagbag.py:545} INFO - Filling up the DagBag from /home/airflow/.local/lib/python3.12/site-packages/airflow/example_dags/example_external_task_marker_dag.py
[2024-07-23T02:08:15.237+0000] {processor.py:840} INFO - DAG(s) 'example_external_task_marker_child', 'example_external_task_marker_parent' retrieved from /home/airflow/.local/lib/python3.12/site-packages/airflow/example_dags/example_external_task_marker_dag.py
[2024-07-23T02:08:15.270+0000] {logging_mixin.py:188} INFO - [2024-07-23T02:08:15.270+0000] {dag.py:3089} INFO - Sync 2 DAGs
[2024-07-23T02:08:15.287+0000] {logging_mixin.py:188} INFO - [2024-07-23T02:08:15.287+0000] {dag.py:3947} INFO - Setting next_dagrun for example_external_task_marker_child to None, run_after=None
[2024-07-23T02:08:15.292+0000] {logging_mixin.py:188} INFO - [2024-07-23T02:08:15.292+0000] {dag.py:3947} INFO - Setting next_dagrun for example_external_task_marker_parent to None, run_after=None
[2024-07-23T02:08:15.315+0000] {processor.py:183} INFO - Processing /home/airflow/.local/lib/python3.12/site-packages/airflow/example_dags/example_external_task_marker_dag.py took 0.097 seconds
[2024-07-23T02:08:46.058+0000] {processor.py:161} INFO - Started process (PID=1272) to work on /home/airflow/.local/lib/python3.12/site-packages/airflow/example_dags/example_external_task_marker_dag.py
[2024-07-23T02:08:46.059+0000] {processor.py:830} INFO - Processing file /home/airflow/.local/lib/python3.12/site-packages/airflow/example_dags/example_external_task_marker_dag.py for tasks to queue
[2024-07-23T02:08:46.062+0000] {logging_mixin.py:188} INFO - [2024-07-23T02:08:46.061+0000] {dagbag.py:545} INFO - Filling up the DagBag from /home/airflow/.local/lib/python3.12/site-packages/airflow/example_dags/example_external_task_marker_dag.py
[2024-07-23T02:08:46.070+0000] {processor.py:840} INFO - DAG(s) 'example_external_task_marker_parent', 'example_external_task_marker_child' retrieved from /home/airflow/.local/lib/python3.12/site-packages/airflow/example_dags/example_external_task_marker_dag.py
[2024-07-23T02:08:46.102+0000] {logging_mixin.py:188} INFO - [2024-07-23T02:08:46.102+0000] {dag.py:3089} INFO - Sync 2 DAGs
[2024-07-23T02:08:46.118+0000] {logging_mixin.py:188} INFO - [2024-07-23T02:08:46.118+0000] {dag.py:3947} INFO - Setting next_dagrun for example_external_task_marker_child to None, run_after=None
[2024-07-23T02:08:46.123+0000] {logging_mixin.py:188} INFO - [2024-07-23T02:08:46.123+0000] {dag.py:3947} INFO - Setting next_dagrun for example_external_task_marker_parent to None, run_after=None
[2024-07-23T02:08:46.149+0000] {processor.py:183} INFO - Processing /home/airflow/.local/lib/python3.12/site-packages/airflow/example_dags/example_external_task_marker_dag.py took 0.098 seconds
[2024-07-23T02:09:16.896+0000] {processor.py:161} INFO - Started process (PID=1331) to work on /home/airflow/.local/lib/python3.12/site-packages/airflow/example_dags/example_external_task_marker_dag.py
[2024-07-23T02:09:16.897+0000] {processor.py:830} INFO - Processing file /home/airflow/.local/lib/python3.12/site-packages/airflow/example_dags/example_external_task_marker_dag.py for tasks to queue
[2024-07-23T02:09:16.900+0000] {logging_mixin.py:188} INFO - [2024-07-23T02:09:16.899+0000] {dagbag.py:545} INFO - Filling up the DagBag from /home/airflow/.local/lib/python3.12/site-packages/airflow/example_dags/example_external_task_marker_dag.py
[2024-07-23T02:09:16.909+0000] {processor.py:840} INFO - DAG(s) 'example_external_task_marker_parent', 'example_external_task_marker_child' retrieved from /home/airflow/.local/lib/python3.12/site-packages/airflow/example_dags/example_external_task_marker_dag.py
[2024-07-23T02:09:16.945+0000] {logging_mixin.py:188} INFO - [2024-07-23T02:09:16.944+0000] {dag.py:3089} INFO - Sync 2 DAGs
[2024-07-23T02:09:16.960+0000] {logging_mixin.py:188} INFO - [2024-07-23T02:09:16.959+0000] {dag.py:3947} INFO - Setting next_dagrun for example_external_task_marker_child to None, run_after=None
[2024-07-23T02:09:16.965+0000] {logging_mixin.py:188} INFO - [2024-07-23T02:09:16.964+0000] {dag.py:3947} INFO - Setting next_dagrun for example_external_task_marker_parent to None, run_after=None
[2024-07-23T02:09:16.985+0000] {processor.py:183} INFO - Processing /home/airflow/.local/lib/python3.12/site-packages/airflow/example_dags/example_external_task_marker_dag.py took 0.098 seconds
[2024-07-23T02:09:47.106+0000] {processor.py:161} INFO - Started process (PID=1389) to work on /home/airflow/.local/lib/python3.12/site-packages/airflow/example_dags/example_external_task_marker_dag.py
[2024-07-23T02:09:47.107+0000] {processor.py:830} INFO - Processing file /home/airflow/.local/lib/python3.12/site-packages/airflow/example_dags/example_external_task_marker_dag.py for tasks to queue
[2024-07-23T02:09:47.109+0000] {logging_mixin.py:188} INFO - [2024-07-23T02:09:47.109+0000] {dagbag.py:545} INFO - Filling up the DagBag from /home/airflow/.local/lib/python3.12/site-packages/airflow/example_dags/example_external_task_marker_dag.py
[2024-07-23T02:09:47.115+0000] {processor.py:840} INFO - DAG(s) 'example_external_task_marker_child', 'example_external_task_marker_parent' retrieved from /home/airflow/.local/lib/python3.12/site-packages/airflow/example_dags/example_external_task_marker_dag.py
[2024-07-23T02:09:47.141+0000] {logging_mixin.py:188} INFO - [2024-07-23T02:09:47.140+0000] {dag.py:3089} INFO - Sync 2 DAGs
[2024-07-23T02:09:47.156+0000] {logging_mixin.py:188} INFO - [2024-07-23T02:09:47.155+0000] {dag.py:3947} INFO - Setting next_dagrun for example_external_task_marker_child to None, run_after=None
[2024-07-23T02:09:47.160+0000] {logging_mixin.py:188} INFO - [2024-07-23T02:09:47.160+0000] {dag.py:3947} INFO - Setting next_dagrun for example_external_task_marker_parent to None, run_after=None
[2024-07-23T02:09:47.182+0000] {processor.py:183} INFO - Processing /home/airflow/.local/lib/python3.12/site-packages/airflow/example_dags/example_external_task_marker_dag.py took 0.082 seconds
[2024-07-23T02:10:17.344+0000] {processor.py:161} INFO - Started process (PID=1448) to work on /home/airflow/.local/lib/python3.12/site-packages/airflow/example_dags/example_external_task_marker_dag.py
[2024-07-23T02:10:17.346+0000] {processor.py:830} INFO - Processing file /home/airflow/.local/lib/python3.12/site-packages/airflow/example_dags/example_external_task_marker_dag.py for tasks to queue
[2024-07-23T02:10:17.348+0000] {logging_mixin.py:188} INFO - [2024-07-23T02:10:17.347+0000] {dagbag.py:545} INFO - Filling up the DagBag from /home/airflow/.local/lib/python3.12/site-packages/airflow/example_dags/example_external_task_marker_dag.py
[2024-07-23T02:10:17.353+0000] {processor.py:840} INFO - DAG(s) 'example_external_task_marker_child', 'example_external_task_marker_parent' retrieved from /home/airflow/.local/lib/python3.12/site-packages/airflow/example_dags/example_external_task_marker_dag.py
[2024-07-23T02:10:17.379+0000] {logging_mixin.py:188} INFO - [2024-07-23T02:10:17.379+0000] {dag.py:3089} INFO - Sync 2 DAGs
[2024-07-23T02:10:17.392+0000] {logging_mixin.py:188} INFO - [2024-07-23T02:10:17.392+0000] {dag.py:3947} INFO - Setting next_dagrun for example_external_task_marker_child to None, run_after=None
[2024-07-23T02:10:17.396+0000] {logging_mixin.py:188} INFO - [2024-07-23T02:10:17.396+0000] {dag.py:3947} INFO - Setting next_dagrun for example_external_task_marker_parent to None, run_after=None
[2024-07-23T02:10:17.415+0000] {processor.py:183} INFO - Processing /home/airflow/.local/lib/python3.12/site-packages/airflow/example_dags/example_external_task_marker_dag.py took 0.078 seconds
[2024-07-23T02:10:47.657+0000] {processor.py:161} INFO - Started process (PID=1507) to work on /home/airflow/.local/lib/python3.12/site-packages/airflow/example_dags/example_external_task_marker_dag.py
[2024-07-23T02:10:47.659+0000] {processor.py:830} INFO - Processing file /home/airflow/.local/lib/python3.12/site-packages/airflow/example_dags/example_external_task_marker_dag.py for tasks to queue
[2024-07-23T02:10:47.661+0000] {logging_mixin.py:188} INFO - [2024-07-23T02:10:47.661+0000] {dagbag.py:545} INFO - Filling up the DagBag from /home/airflow/.local/lib/python3.12/site-packages/airflow/example_dags/example_external_task_marker_dag.py
[2024-07-23T02:10:47.670+0000] {processor.py:840} INFO - DAG(s) 'example_external_task_marker_parent', 'example_external_task_marker_child' retrieved from /home/airflow/.local/lib/python3.12/site-packages/airflow/example_dags/example_external_task_marker_dag.py
[2024-07-23T02:10:47.702+0000] {logging_mixin.py:188} INFO - [2024-07-23T02:10:47.702+0000] {dag.py:3089} INFO - Sync 2 DAGs
[2024-07-23T02:10:47.724+0000] {logging_mixin.py:188} INFO - [2024-07-23T02:10:47.723+0000] {dag.py:3947} INFO - Setting next_dagrun for example_external_task_marker_child to None, run_after=None
[2024-07-23T02:10:47.730+0000] {logging_mixin.py:188} INFO - [2024-07-23T02:10:47.730+0000] {dag.py:3947} INFO - Setting next_dagrun for example_external_task_marker_parent to None, run_after=None
[2024-07-23T02:10:47.760+0000] {processor.py:183} INFO - Processing /home/airflow/.local/lib/python3.12/site-packages/airflow/example_dags/example_external_task_marker_dag.py took 0.112 seconds
[2024-07-23T02:11:17.935+0000] {processor.py:161} INFO - Started process (PID=1566) to work on /home/airflow/.local/lib/python3.12/site-packages/airflow/example_dags/example_external_task_marker_dag.py
[2024-07-23T02:11:17.936+0000] {processor.py:830} INFO - Processing file /home/airflow/.local/lib/python3.12/site-packages/airflow/example_dags/example_external_task_marker_dag.py for tasks to queue
[2024-07-23T02:11:17.938+0000] {logging_mixin.py:188} INFO - [2024-07-23T02:11:17.937+0000] {dagbag.py:545} INFO - Filling up the DagBag from /home/airflow/.local/lib/python3.12/site-packages/airflow/example_dags/example_external_task_marker_dag.py
[2024-07-23T02:11:17.944+0000] {processor.py:840} INFO - DAG(s) 'example_external_task_marker_child', 'example_external_task_marker_parent' retrieved from /home/airflow/.local/lib/python3.12/site-packages/airflow/example_dags/example_external_task_marker_dag.py
[2024-07-23T02:11:17.969+0000] {logging_mixin.py:188} INFO - [2024-07-23T02:11:17.969+0000] {dag.py:3089} INFO - Sync 2 DAGs
[2024-07-23T02:11:17.983+0000] {logging_mixin.py:188} INFO - [2024-07-23T02:11:17.983+0000] {dag.py:3947} INFO - Setting next_dagrun for example_external_task_marker_child to None, run_after=None
[2024-07-23T02:11:17.987+0000] {logging_mixin.py:188} INFO - [2024-07-23T02:11:17.987+0000] {dag.py:3947} INFO - Setting next_dagrun for example_external_task_marker_parent to None, run_after=None
[2024-07-23T02:11:18.007+0000] {processor.py:183} INFO - Processing /home/airflow/.local/lib/python3.12/site-packages/airflow/example_dags/example_external_task_marker_dag.py took 0.079 seconds
[2024-07-23T02:11:48.075+0000] {processor.py:161} INFO - Started process (PID=1624) to work on /home/airflow/.local/lib/python3.12/site-packages/airflow/example_dags/example_external_task_marker_dag.py
[2024-07-23T02:11:48.076+0000] {processor.py:830} INFO - Processing file /home/airflow/.local/lib/python3.12/site-packages/airflow/example_dags/example_external_task_marker_dag.py for tasks to queue
[2024-07-23T02:11:48.078+0000] {logging_mixin.py:188} INFO - [2024-07-23T02:11:48.077+0000] {dagbag.py:545} INFO - Filling up the DagBag from /home/airflow/.local/lib/python3.12/site-packages/airflow/example_dags/example_external_task_marker_dag.py
[2024-07-23T02:11:48.084+0000] {processor.py:840} INFO - DAG(s) 'example_external_task_marker_child', 'example_external_task_marker_parent' retrieved from /home/airflow/.local/lib/python3.12/site-packages/airflow/example_dags/example_external_task_marker_dag.py
[2024-07-23T02:11:48.109+0000] {logging_mixin.py:188} INFO - [2024-07-23T02:11:48.109+0000] {dag.py:3089} INFO - Sync 2 DAGs
[2024-07-23T02:11:48.123+0000] {logging_mixin.py:188} INFO - [2024-07-23T02:11:48.123+0000] {dag.py:3947} INFO - Setting next_dagrun for example_external_task_marker_child to None, run_after=None
[2024-07-23T02:11:48.127+0000] {logging_mixin.py:188} INFO - [2024-07-23T02:11:48.127+0000] {dag.py:3947} INFO - Setting next_dagrun for example_external_task_marker_parent to None, run_after=None
[2024-07-23T02:11:48.147+0000] {processor.py:183} INFO - Processing /home/airflow/.local/lib/python3.12/site-packages/airflow/example_dags/example_external_task_marker_dag.py took 0.078 seconds
[2024-07-23T02:12:18.418+0000] {processor.py:161} INFO - Started process (PID=1683) to work on /home/airflow/.local/lib/python3.12/site-packages/airflow/example_dags/example_external_task_marker_dag.py
[2024-07-23T02:12:18.420+0000] {processor.py:830} INFO - Processing file /home/airflow/.local/lib/python3.12/site-packages/airflow/example_dags/example_external_task_marker_dag.py for tasks to queue
[2024-07-23T02:12:18.422+0000] {logging_mixin.py:188} INFO - [2024-07-23T02:12:18.422+0000] {dagbag.py:545} INFO - Filling up the DagBag from /home/airflow/.local/lib/python3.12/site-packages/airflow/example_dags/example_external_task_marker_dag.py
[2024-07-23T02:12:18.430+0000] {processor.py:840} INFO - DAG(s) 'example_external_task_marker_parent', 'example_external_task_marker_child' retrieved from /home/airflow/.local/lib/python3.12/site-packages/airflow/example_dags/example_external_task_marker_dag.py
[2024-07-23T02:12:18.459+0000] {logging_mixin.py:188} INFO - [2024-07-23T02:12:18.459+0000] {dag.py:3089} INFO - Sync 2 DAGs
[2024-07-23T02:12:18.475+0000] {logging_mixin.py:188} INFO - [2024-07-23T02:12:18.475+0000] {dag.py:3947} INFO - Setting next_dagrun for example_external_task_marker_child to None, run_after=None
[2024-07-23T02:12:18.480+0000] {logging_mixin.py:188} INFO - [2024-07-23T02:12:18.480+0000] {dag.py:3947} INFO - Setting next_dagrun for example_external_task_marker_parent to None, run_after=None
[2024-07-23T02:12:18.502+0000] {processor.py:183} INFO - Processing /home/airflow/.local/lib/python3.12/site-packages/airflow/example_dags/example_external_task_marker_dag.py took 0.090 seconds
[2024-07-23T02:12:48.536+0000] {processor.py:161} INFO - Started process (PID=1743) to work on /home/airflow/.local/lib/python3.12/site-packages/airflow/example_dags/example_external_task_marker_dag.py
[2024-07-23T02:12:48.537+0000] {processor.py:830} INFO - Processing file /home/airflow/.local/lib/python3.12/site-packages/airflow/example_dags/example_external_task_marker_dag.py for tasks to queue
[2024-07-23T02:12:48.538+0000] {logging_mixin.py:188} INFO - [2024-07-23T02:12:48.538+0000] {dagbag.py:545} INFO - Filling up the DagBag from /home/airflow/.local/lib/python3.12/site-packages/airflow/example_dags/example_external_task_marker_dag.py
[2024-07-23T02:12:48.544+0000] {processor.py:840} INFO - DAG(s) 'example_external_task_marker_parent', 'example_external_task_marker_child' retrieved from /home/airflow/.local/lib/python3.12/site-packages/airflow/example_dags/example_external_task_marker_dag.py
[2024-07-23T02:12:48.573+0000] {logging_mixin.py:188} INFO - [2024-07-23T02:12:48.572+0000] {dag.py:3089} INFO - Sync 2 DAGs
[2024-07-23T02:12:48.585+0000] {logging_mixin.py:188} INFO - [2024-07-23T02:12:48.585+0000] {dag.py:3947} INFO - Setting next_dagrun for example_external_task_marker_child to None, run_after=None
[2024-07-23T02:12:48.589+0000] {logging_mixin.py:188} INFO - [2024-07-23T02:12:48.588+0000] {dag.py:3947} INFO - Setting next_dagrun for example_external_task_marker_parent to None, run_after=None
[2024-07-23T02:12:48.607+0000] {processor.py:183} INFO - Processing /home/airflow/.local/lib/python3.12/site-packages/airflow/example_dags/example_external_task_marker_dag.py took 0.076 seconds
[2024-07-23T02:13:19.231+0000] {processor.py:161} INFO - Started process (PID=1802) to work on /home/airflow/.local/lib/python3.12/site-packages/airflow/example_dags/example_external_task_marker_dag.py
[2024-07-23T02:13:19.233+0000] {processor.py:830} INFO - Processing file /home/airflow/.local/lib/python3.12/site-packages/airflow/example_dags/example_external_task_marker_dag.py for tasks to queue
[2024-07-23T02:13:19.235+0000] {logging_mixin.py:188} INFO - [2024-07-23T02:13:19.234+0000] {dagbag.py:545} INFO - Filling up the DagBag from /home/airflow/.local/lib/python3.12/site-packages/airflow/example_dags/example_external_task_marker_dag.py
[2024-07-23T02:13:19.241+0000] {processor.py:840} INFO - DAG(s) 'example_external_task_marker_child', 'example_external_task_marker_parent' retrieved from /home/airflow/.local/lib/python3.12/site-packages/airflow/example_dags/example_external_task_marker_dag.py
[2024-07-23T02:13:19.266+0000] {logging_mixin.py:188} INFO - [2024-07-23T02:13:19.266+0000] {dag.py:3089} INFO - Sync 2 DAGs
[2024-07-23T02:13:19.280+0000] {logging_mixin.py:188} INFO - [2024-07-23T02:13:19.280+0000] {dag.py:3947} INFO - Setting next_dagrun for example_external_task_marker_child to None, run_after=None
[2024-07-23T02:13:19.284+0000] {logging_mixin.py:188} INFO - [2024-07-23T02:13:19.284+0000] {dag.py:3947} INFO - Setting next_dagrun for example_external_task_marker_parent to None, run_after=None
[2024-07-23T02:13:19.302+0000] {processor.py:183} INFO - Processing /home/airflow/.local/lib/python3.12/site-packages/airflow/example_dags/example_external_task_marker_dag.py took 0.077 seconds
[2024-07-23T02:13:49.623+0000] {processor.py:161} INFO - Started process (PID=1870) to work on /home/airflow/.local/lib/python3.12/site-packages/airflow/example_dags/example_external_task_marker_dag.py
[2024-07-23T02:13:49.625+0000] {processor.py:830} INFO - Processing file /home/airflow/.local/lib/python3.12/site-packages/airflow/example_dags/example_external_task_marker_dag.py for tasks to queue
[2024-07-23T02:13:49.627+0000] {logging_mixin.py:188} INFO - [2024-07-23T02:13:49.627+0000] {dagbag.py:545} INFO - Filling up the DagBag from /home/airflow/.local/lib/python3.12/site-packages/airflow/example_dags/example_external_task_marker_dag.py
[2024-07-23T02:13:49.637+0000] {processor.py:840} INFO - DAG(s) 'example_external_task_marker_parent', 'example_external_task_marker_child' retrieved from /home/airflow/.local/lib/python3.12/site-packages/airflow/example_dags/example_external_task_marker_dag.py
[2024-07-23T02:13:49.681+0000] {logging_mixin.py:188} INFO - [2024-07-23T02:13:49.680+0000] {dag.py:3089} INFO - Sync 2 DAGs
[2024-07-23T02:13:49.704+0000] {logging_mixin.py:188} INFO - [2024-07-23T02:13:49.704+0000] {dag.py:3947} INFO - Setting next_dagrun for example_external_task_marker_child to None, run_after=None
[2024-07-23T02:13:49.712+0000] {logging_mixin.py:188} INFO - [2024-07-23T02:13:49.711+0000] {dag.py:3947} INFO - Setting next_dagrun for example_external_task_marker_parent to None, run_after=None
[2024-07-23T02:13:49.741+0000] {processor.py:183} INFO - Processing /home/airflow/.local/lib/python3.12/site-packages/airflow/example_dags/example_external_task_marker_dag.py took 0.128 seconds
[2024-07-23T02:14:20.671+0000] {processor.py:161} INFO - Started process (PID=1929) to work on /home/airflow/.local/lib/python3.12/site-packages/airflow/example_dags/example_external_task_marker_dag.py
[2024-07-23T02:14:20.672+0000] {processor.py:830} INFO - Processing file /home/airflow/.local/lib/python3.12/site-packages/airflow/example_dags/example_external_task_marker_dag.py for tasks to queue
[2024-07-23T02:14:20.675+0000] {logging_mixin.py:188} INFO - [2024-07-23T02:14:20.674+0000] {dagbag.py:545} INFO - Filling up the DagBag from /home/airflow/.local/lib/python3.12/site-packages/airflow/example_dags/example_external_task_marker_dag.py
[2024-07-23T02:14:20.683+0000] {processor.py:840} INFO - DAG(s) 'example_external_task_marker_child', 'example_external_task_marker_parent' retrieved from /home/airflow/.local/lib/python3.12/site-packages/airflow/example_dags/example_external_task_marker_dag.py
[2024-07-23T02:14:20.718+0000] {logging_mixin.py:188} INFO - [2024-07-23T02:14:20.718+0000] {dag.py:3089} INFO - Sync 2 DAGs
[2024-07-23T02:14:20.734+0000] {logging_mixin.py:188} INFO - [2024-07-23T02:14:20.734+0000] {dag.py:3947} INFO - Setting next_dagrun for example_external_task_marker_child to None, run_after=None
[2024-07-23T02:14:20.739+0000] {logging_mixin.py:188} INFO - [2024-07-23T02:14:20.738+0000] {dag.py:3947} INFO - Setting next_dagrun for example_external_task_marker_parent to None, run_after=None
[2024-07-23T02:14:20.760+0000] {processor.py:183} INFO - Processing /home/airflow/.local/lib/python3.12/site-packages/airflow/example_dags/example_external_task_marker_dag.py took 0.097 seconds
[2024-07-23T02:14:50.792+0000] {processor.py:161} INFO - Started process (PID=1988) to work on /home/airflow/.local/lib/python3.12/site-packages/airflow/example_dags/example_external_task_marker_dag.py
[2024-07-23T02:14:50.793+0000] {processor.py:830} INFO - Processing file /home/airflow/.local/lib/python3.12/site-packages/airflow/example_dags/example_external_task_marker_dag.py for tasks to queue
[2024-07-23T02:14:50.795+0000] {logging_mixin.py:188} INFO - [2024-07-23T02:14:50.795+0000] {dagbag.py:545} INFO - Filling up the DagBag from /home/airflow/.local/lib/python3.12/site-packages/airflow/example_dags/example_external_task_marker_dag.py
[2024-07-23T02:14:50.801+0000] {processor.py:840} INFO - DAG(s) 'example_external_task_marker_parent', 'example_external_task_marker_child' retrieved from /home/airflow/.local/lib/python3.12/site-packages/airflow/example_dags/example_external_task_marker_dag.py
[2024-07-23T02:14:50.827+0000] {logging_mixin.py:188} INFO - [2024-07-23T02:14:50.827+0000] {dag.py:3089} INFO - Sync 2 DAGs
[2024-07-23T02:14:50.842+0000] {logging_mixin.py:188} INFO - [2024-07-23T02:14:50.842+0000] {dag.py:3947} INFO - Setting next_dagrun for example_external_task_marker_child to None, run_after=None
[2024-07-23T02:14:50.846+0000] {logging_mixin.py:188} INFO - [2024-07-23T02:14:50.846+0000] {dag.py:3947} INFO - Setting next_dagrun for example_external_task_marker_parent to None, run_after=None
[2024-07-23T02:14:50.865+0000] {processor.py:183} INFO - Processing /home/airflow/.local/lib/python3.12/site-packages/airflow/example_dags/example_external_task_marker_dag.py took 0.080 seconds
[2024-07-23T02:15:25.832+0000] {processor.py:161} INFO - Started process (PID=2053) to work on /home/airflow/.local/lib/python3.12/site-packages/airflow/example_dags/example_external_task_marker_dag.py
[2024-07-23T02:15:25.835+0000] {processor.py:830} INFO - Processing file /home/airflow/.local/lib/python3.12/site-packages/airflow/example_dags/example_external_task_marker_dag.py for tasks to queue
[2024-07-23T02:15:25.843+0000] {logging_mixin.py:188} INFO - [2024-07-23T02:15:25.841+0000] {dagbag.py:545} INFO - Filling up the DagBag from /home/airflow/.local/lib/python3.12/site-packages/airflow/example_dags/example_external_task_marker_dag.py
[2024-07-23T02:15:25.869+0000] {processor.py:840} INFO - DAG(s) 'example_external_task_marker_parent', 'example_external_task_marker_child' retrieved from /home/airflow/.local/lib/python3.12/site-packages/airflow/example_dags/example_external_task_marker_dag.py
[2024-07-23T02:15:26.432+0000] {logging_mixin.py:188} INFO - [2024-07-23T02:15:26.431+0000] {dag.py:3089} INFO - Sync 2 DAGs
[2024-07-23T02:15:26.480+0000] {logging_mixin.py:188} INFO - [2024-07-23T02:15:26.479+0000] {dag.py:3947} INFO - Setting next_dagrun for example_external_task_marker_child to None, run_after=None
[2024-07-23T02:15:26.496+0000] {logging_mixin.py:188} INFO - [2024-07-23T02:15:26.495+0000] {dag.py:3947} INFO - Setting next_dagrun for example_external_task_marker_parent to None, run_after=None
[2024-07-23T02:15:26.554+0000] {processor.py:183} INFO - Processing /home/airflow/.local/lib/python3.12/site-packages/airflow/example_dags/example_external_task_marker_dag.py took 0.755 seconds
[2024-07-23T02:15:57.329+0000] {processor.py:161} INFO - Started process (PID=2113) to work on /home/airflow/.local/lib/python3.12/site-packages/airflow/example_dags/example_external_task_marker_dag.py
[2024-07-23T02:15:57.332+0000] {processor.py:830} INFO - Processing file /home/airflow/.local/lib/python3.12/site-packages/airflow/example_dags/example_external_task_marker_dag.py for tasks to queue
[2024-07-23T02:15:57.340+0000] {logging_mixin.py:188} INFO - [2024-07-23T02:15:57.338+0000] {dagbag.py:545} INFO - Filling up the DagBag from /home/airflow/.local/lib/python3.12/site-packages/airflow/example_dags/example_external_task_marker_dag.py
[2024-07-23T02:15:57.364+0000] {processor.py:840} INFO - DAG(s) 'example_external_task_marker_parent', 'example_external_task_marker_child' retrieved from /home/airflow/.local/lib/python3.12/site-packages/airflow/example_dags/example_external_task_marker_dag.py
[2024-07-23T02:15:57.449+0000] {logging_mixin.py:188} INFO - [2024-07-23T02:15:57.448+0000] {dag.py:3089} INFO - Sync 2 DAGs
[2024-07-23T02:15:57.922+0000] {logging_mixin.py:188} INFO - [2024-07-23T02:15:57.921+0000] {dag.py:3947} INFO - Setting next_dagrun for example_external_task_marker_child to None, run_after=None
[2024-07-23T02:15:57.939+0000] {logging_mixin.py:188} INFO - [2024-07-23T02:15:57.938+0000] {dag.py:3947} INFO - Setting next_dagrun for example_external_task_marker_parent to None, run_after=None
[2024-07-23T02:15:57.999+0000] {processor.py:183} INFO - Processing /home/airflow/.local/lib/python3.12/site-packages/airflow/example_dags/example_external_task_marker_dag.py took 0.700 seconds
[2024-07-23T02:16:28.839+0000] {processor.py:161} INFO - Started process (PID=2172) to work on /home/airflow/.local/lib/python3.12/site-packages/airflow/example_dags/example_external_task_marker_dag.py
[2024-07-23T02:16:28.845+0000] {processor.py:830} INFO - Processing file /home/airflow/.local/lib/python3.12/site-packages/airflow/example_dags/example_external_task_marker_dag.py for tasks to queue
[2024-07-23T02:16:28.855+0000] {logging_mixin.py:188} INFO - [2024-07-23T02:16:28.853+0000] {dagbag.py:545} INFO - Filling up the DagBag from /home/airflow/.local/lib/python3.12/site-packages/airflow/example_dags/example_external_task_marker_dag.py
[2024-07-23T02:16:28.889+0000] {processor.py:840} INFO - DAG(s) 'example_external_task_marker_child', 'example_external_task_marker_parent' retrieved from /home/airflow/.local/lib/python3.12/site-packages/airflow/example_dags/example_external_task_marker_dag.py
[2024-07-23T02:16:29.021+0000] {logging_mixin.py:188} INFO - [2024-07-23T02:16:29.020+0000] {dag.py:3089} INFO - Sync 2 DAGs
[2024-07-23T02:16:29.088+0000] {logging_mixin.py:188} INFO - [2024-07-23T02:16:29.087+0000] {dag.py:3947} INFO - Setting next_dagrun for example_external_task_marker_child to None, run_after=None
[2024-07-23T02:16:29.104+0000] {logging_mixin.py:188} INFO - [2024-07-23T02:16:29.104+0000] {dag.py:3947} INFO - Setting next_dagrun for example_external_task_marker_parent to None, run_after=None
[2024-07-23T02:16:29.176+0000] {processor.py:183} INFO - Processing /home/airflow/.local/lib/python3.12/site-packages/airflow/example_dags/example_external_task_marker_dag.py took 0.369 seconds
[2024-07-23T02:17:03.248+0000] {processor.py:161} INFO - Started process (PID=2240) to work on /home/airflow/.local/lib/python3.12/site-packages/airflow/example_dags/example_external_task_marker_dag.py
[2024-07-23T02:17:03.254+0000] {processor.py:830} INFO - Processing file /home/airflow/.local/lib/python3.12/site-packages/airflow/example_dags/example_external_task_marker_dag.py for tasks to queue
[2024-07-23T02:17:03.275+0000] {logging_mixin.py:188} INFO - [2024-07-23T02:17:03.265+0000] {dagbag.py:545} INFO - Filling up the DagBag from /home/airflow/.local/lib/python3.12/site-packages/airflow/example_dags/example_external_task_marker_dag.py
[2024-07-23T02:17:03.320+0000] {processor.py:840} INFO - DAG(s) 'example_external_task_marker_child', 'example_external_task_marker_parent' retrieved from /home/airflow/.local/lib/python3.12/site-packages/airflow/example_dags/example_external_task_marker_dag.py
[2024-07-23T02:17:03.591+0000] {logging_mixin.py:188} INFO - [2024-07-23T02:17:03.589+0000] {dag.py:3089} INFO - Sync 2 DAGs
[2024-07-23T02:17:03.723+0000] {logging_mixin.py:188} INFO - [2024-07-23T02:17:03.721+0000] {dag.py:3947} INFO - Setting next_dagrun for example_external_task_marker_child to None, run_after=None
[2024-07-23T02:17:03.746+0000] {logging_mixin.py:188} INFO - [2024-07-23T02:17:03.745+0000] {dag.py:3947} INFO - Setting next_dagrun for example_external_task_marker_parent to None, run_after=None
[2024-07-23T02:17:03.947+0000] {processor.py:183} INFO - Processing /home/airflow/.local/lib/python3.12/site-packages/airflow/example_dags/example_external_task_marker_dag.py took 0.768 seconds
[2024-07-23T02:17:34.104+0000] {processor.py:161} INFO - Started process (PID=2299) to work on /home/airflow/.local/lib/python3.12/site-packages/airflow/example_dags/example_external_task_marker_dag.py
[2024-07-23T02:17:34.107+0000] {processor.py:830} INFO - Processing file /home/airflow/.local/lib/python3.12/site-packages/airflow/example_dags/example_external_task_marker_dag.py for tasks to queue
[2024-07-23T02:17:34.114+0000] {logging_mixin.py:188} INFO - [2024-07-23T02:17:34.113+0000] {dagbag.py:545} INFO - Filling up the DagBag from /home/airflow/.local/lib/python3.12/site-packages/airflow/example_dags/example_external_task_marker_dag.py
[2024-07-23T02:17:34.138+0000] {processor.py:840} INFO - DAG(s) 'example_external_task_marker_parent', 'example_external_task_marker_child' retrieved from /home/airflow/.local/lib/python3.12/site-packages/airflow/example_dags/example_external_task_marker_dag.py
[2024-07-23T02:17:34.238+0000] {logging_mixin.py:188} INFO - [2024-07-23T02:17:34.237+0000] {dag.py:3089} INFO - Sync 2 DAGs
[2024-07-23T02:17:34.305+0000] {logging_mixin.py:188} INFO - [2024-07-23T02:17:34.305+0000] {dag.py:3947} INFO - Setting next_dagrun for example_external_task_marker_child to None, run_after=None
[2024-07-23T02:17:34.321+0000] {logging_mixin.py:188} INFO - [2024-07-23T02:17:34.320+0000] {dag.py:3947} INFO - Setting next_dagrun for example_external_task_marker_parent to None, run_after=None
[2024-07-23T02:17:34.384+0000] {processor.py:183} INFO - Processing /home/airflow/.local/lib/python3.12/site-packages/airflow/example_dags/example_external_task_marker_dag.py took 0.305 seconds
[2024-07-23T02:18:04.535+0000] {processor.py:161} INFO - Started process (PID=2358) to work on /home/airflow/.local/lib/python3.12/site-packages/airflow/example_dags/example_external_task_marker_dag.py
[2024-07-23T02:18:04.540+0000] {processor.py:830} INFO - Processing file /home/airflow/.local/lib/python3.12/site-packages/airflow/example_dags/example_external_task_marker_dag.py for tasks to queue
[2024-07-23T02:18:04.549+0000] {logging_mixin.py:188} INFO - [2024-07-23T02:18:04.547+0000] {dagbag.py:545} INFO - Filling up the DagBag from /home/airflow/.local/lib/python3.12/site-packages/airflow/example_dags/example_external_task_marker_dag.py
[2024-07-23T02:18:04.580+0000] {processor.py:840} INFO - DAG(s) 'example_external_task_marker_child', 'example_external_task_marker_parent' retrieved from /home/airflow/.local/lib/python3.12/site-packages/airflow/example_dags/example_external_task_marker_dag.py
[2024-07-23T02:18:04.678+0000] {logging_mixin.py:188} INFO - [2024-07-23T02:18:04.677+0000] {dag.py:3089} INFO - Sync 2 DAGs
[2024-07-23T02:18:04.742+0000] {logging_mixin.py:188} INFO - [2024-07-23T02:18:04.741+0000] {dag.py:3947} INFO - Setting next_dagrun for example_external_task_marker_child to None, run_after=None
[2024-07-23T02:18:04.759+0000] {logging_mixin.py:188} INFO - [2024-07-23T02:18:04.758+0000] {dag.py:3947} INFO - Setting next_dagrun for example_external_task_marker_parent to None, run_after=None
[2024-07-23T02:18:04.839+0000] {processor.py:183} INFO - Processing /home/airflow/.local/lib/python3.12/site-packages/airflow/example_dags/example_external_task_marker_dag.py took 0.342 seconds
[2024-07-23T02:18:34.954+0000] {processor.py:161} INFO - Started process (PID=2416) to work on /home/airflow/.local/lib/python3.12/site-packages/airflow/example_dags/example_external_task_marker_dag.py
[2024-07-23T02:18:34.957+0000] {processor.py:830} INFO - Processing file /home/airflow/.local/lib/python3.12/site-packages/airflow/example_dags/example_external_task_marker_dag.py for tasks to queue
[2024-07-23T02:18:34.963+0000] {logging_mixin.py:188} INFO - [2024-07-23T02:18:34.962+0000] {dagbag.py:545} INFO - Filling up the DagBag from /home/airflow/.local/lib/python3.12/site-packages/airflow/example_dags/example_external_task_marker_dag.py
[2024-07-23T02:18:34.990+0000] {processor.py:840} INFO - DAG(s) 'example_external_task_marker_child', 'example_external_task_marker_parent' retrieved from /home/airflow/.local/lib/python3.12/site-packages/airflow/example_dags/example_external_task_marker_dag.py
[2024-07-23T02:18:35.108+0000] {logging_mixin.py:188} INFO - [2024-07-23T02:18:35.107+0000] {dag.py:3089} INFO - Sync 2 DAGs
[2024-07-23T02:18:35.164+0000] {logging_mixin.py:188} INFO - [2024-07-23T02:18:35.163+0000] {dag.py:3947} INFO - Setting next_dagrun for example_external_task_marker_child to None, run_after=None
[2024-07-23T02:18:35.179+0000] {logging_mixin.py:188} INFO - [2024-07-23T02:18:35.178+0000] {dag.py:3947} INFO - Setting next_dagrun for example_external_task_marker_parent to None, run_after=None
[2024-07-23T02:18:35.244+0000] {processor.py:183} INFO - Processing /home/airflow/.local/lib/python3.12/site-packages/airflow/example_dags/example_external_task_marker_dag.py took 0.315 seconds
[2024-07-23T02:19:06.805+0000] {processor.py:161} INFO - Started process (PID=2478) to work on /home/airflow/.local/lib/python3.12/site-packages/airflow/example_dags/example_external_task_marker_dag.py
[2024-07-23T02:19:06.808+0000] {processor.py:830} INFO - Processing file /home/airflow/.local/lib/python3.12/site-packages/airflow/example_dags/example_external_task_marker_dag.py for tasks to queue
[2024-07-23T02:19:06.814+0000] {logging_mixin.py:188} INFO - [2024-07-23T02:19:06.813+0000] {dagbag.py:545} INFO - Filling up the DagBag from /home/airflow/.local/lib/python3.12/site-packages/airflow/example_dags/example_external_task_marker_dag.py
[2024-07-23T02:19:06.837+0000] {processor.py:840} INFO - DAG(s) 'example_external_task_marker_parent', 'example_external_task_marker_child' retrieved from /home/airflow/.local/lib/python3.12/site-packages/airflow/example_dags/example_external_task_marker_dag.py
[2024-07-23T02:19:06.938+0000] {logging_mixin.py:188} INFO - [2024-07-23T02:19:06.937+0000] {dag.py:3089} INFO - Sync 2 DAGs
[2024-07-23T02:19:07.012+0000] {logging_mixin.py:188} INFO - [2024-07-23T02:19:07.011+0000] {dag.py:3947} INFO - Setting next_dagrun for example_external_task_marker_child to None, run_after=None
[2024-07-23T02:19:07.037+0000] {logging_mixin.py:188} INFO - [2024-07-23T02:19:07.036+0000] {dag.py:3947} INFO - Setting next_dagrun for example_external_task_marker_parent to None, run_after=None
[2024-07-23T02:19:07.110+0000] {processor.py:183} INFO - Processing /home/airflow/.local/lib/python3.12/site-packages/airflow/example_dags/example_external_task_marker_dag.py took 0.333 seconds
[2024-07-23T02:19:37.776+0000] {processor.py:161} INFO - Started process (PID=2536) to work on /home/airflow/.local/lib/python3.12/site-packages/airflow/example_dags/example_external_task_marker_dag.py
[2024-07-23T02:19:37.777+0000] {processor.py:830} INFO - Processing file /home/airflow/.local/lib/python3.12/site-packages/airflow/example_dags/example_external_task_marker_dag.py for tasks to queue
[2024-07-23T02:19:37.780+0000] {logging_mixin.py:188} INFO - [2024-07-23T02:19:37.780+0000] {dagbag.py:545} INFO - Filling up the DagBag from /home/airflow/.local/lib/python3.12/site-packages/airflow/example_dags/example_external_task_marker_dag.py
[2024-07-23T02:19:37.794+0000] {processor.py:840} INFO - DAG(s) 'example_external_task_marker_parent', 'example_external_task_marker_child' retrieved from /home/airflow/.local/lib/python3.12/site-packages/airflow/example_dags/example_external_task_marker_dag.py
[2024-07-23T02:19:37.832+0000] {logging_mixin.py:188} INFO - [2024-07-23T02:19:37.831+0000] {dag.py:3089} INFO - Sync 2 DAGs
[2024-07-23T02:19:37.853+0000] {logging_mixin.py:188} INFO - [2024-07-23T02:19:37.853+0000] {dag.py:3947} INFO - Setting next_dagrun for example_external_task_marker_child to None, run_after=None
[2024-07-23T02:19:37.858+0000] {logging_mixin.py:188} INFO - [2024-07-23T02:19:37.858+0000] {dag.py:3947} INFO - Setting next_dagrun for example_external_task_marker_parent to None, run_after=None
[2024-07-23T02:19:37.885+0000] {processor.py:183} INFO - Processing /home/airflow/.local/lib/python3.12/site-packages/airflow/example_dags/example_external_task_marker_dag.py took 0.118 seconds
[2024-07-23T02:20:07.975+0000] {processor.py:161} INFO - Started process (PID=2593) to work on /home/airflow/.local/lib/python3.12/site-packages/airflow/example_dags/example_external_task_marker_dag.py
[2024-07-23T02:20:07.977+0000] {processor.py:830} INFO - Processing file /home/airflow/.local/lib/python3.12/site-packages/airflow/example_dags/example_external_task_marker_dag.py for tasks to queue
[2024-07-23T02:20:07.982+0000] {logging_mixin.py:188} INFO - [2024-07-23T02:20:07.981+0000] {dagbag.py:545} INFO - Filling up the DagBag from /home/airflow/.local/lib/python3.12/site-packages/airflow/example_dags/example_external_task_marker_dag.py
[2024-07-23T02:20:07.998+0000] {processor.py:840} INFO - DAG(s) 'example_external_task_marker_child', 'example_external_task_marker_parent' retrieved from /home/airflow/.local/lib/python3.12/site-packages/airflow/example_dags/example_external_task_marker_dag.py
[2024-07-23T02:20:08.063+0000] {logging_mixin.py:188} INFO - [2024-07-23T02:20:08.062+0000] {dag.py:3089} INFO - Sync 2 DAGs
[2024-07-23T02:20:08.106+0000] {logging_mixin.py:188} INFO - [2024-07-23T02:20:08.106+0000] {dag.py:3947} INFO - Setting next_dagrun for example_external_task_marker_child to None, run_after=None
[2024-07-23T02:20:08.119+0000] {logging_mixin.py:188} INFO - [2024-07-23T02:20:08.118+0000] {dag.py:3947} INFO - Setting next_dagrun for example_external_task_marker_parent to None, run_after=None
[2024-07-23T02:20:08.167+0000] {processor.py:183} INFO - Processing /home/airflow/.local/lib/python3.12/site-packages/airflow/example_dags/example_external_task_marker_dag.py took 0.211 seconds
[2024-07-23T02:20:38.354+0000] {processor.py:161} INFO - Started process (PID=2651) to work on /home/airflow/.local/lib/python3.12/site-packages/airflow/example_dags/example_external_task_marker_dag.py
[2024-07-23T02:20:38.356+0000] {processor.py:830} INFO - Processing file /home/airflow/.local/lib/python3.12/site-packages/airflow/example_dags/example_external_task_marker_dag.py for tasks to queue
[2024-07-23T02:20:38.359+0000] {logging_mixin.py:188} INFO - [2024-07-23T02:20:38.359+0000] {dagbag.py:545} INFO - Filling up the DagBag from /home/airflow/.local/lib/python3.12/site-packages/airflow/example_dags/example_external_task_marker_dag.py
[2024-07-23T02:20:38.371+0000] {processor.py:840} INFO - DAG(s) 'example_external_task_marker_parent', 'example_external_task_marker_child' retrieved from /home/airflow/.local/lib/python3.12/site-packages/airflow/example_dags/example_external_task_marker_dag.py
[2024-07-23T02:20:38.411+0000] {logging_mixin.py:188} INFO - [2024-07-23T02:20:38.411+0000] {dag.py:3089} INFO - Sync 2 DAGs
[2024-07-23T02:20:38.432+0000] {logging_mixin.py:188} INFO - [2024-07-23T02:20:38.432+0000] {dag.py:3947} INFO - Setting next_dagrun for example_external_task_marker_child to None, run_after=None
[2024-07-23T02:20:38.439+0000] {logging_mixin.py:188} INFO - [2024-07-23T02:20:38.439+0000] {dag.py:3947} INFO - Setting next_dagrun for example_external_task_marker_parent to None, run_after=None
[2024-07-23T02:20:38.464+0000] {processor.py:183} INFO - Processing /home/airflow/.local/lib/python3.12/site-packages/airflow/example_dags/example_external_task_marker_dag.py took 0.121 seconds
[2024-07-23T02:21:08.538+0000] {processor.py:161} INFO - Started process (PID=2710) to work on /home/airflow/.local/lib/python3.12/site-packages/airflow/example_dags/example_external_task_marker_dag.py
[2024-07-23T02:21:08.539+0000] {processor.py:830} INFO - Processing file /home/airflow/.local/lib/python3.12/site-packages/airflow/example_dags/example_external_task_marker_dag.py for tasks to queue
[2024-07-23T02:21:08.541+0000] {logging_mixin.py:188} INFO - [2024-07-23T02:21:08.540+0000] {dagbag.py:545} INFO - Filling up the DagBag from /home/airflow/.local/lib/python3.12/site-packages/airflow/example_dags/example_external_task_marker_dag.py
[2024-07-23T02:21:08.546+0000] {processor.py:840} INFO - DAG(s) 'example_external_task_marker_parent', 'example_external_task_marker_child' retrieved from /home/airflow/.local/lib/python3.12/site-packages/airflow/example_dags/example_external_task_marker_dag.py
[2024-07-23T02:21:08.571+0000] {logging_mixin.py:188} INFO - [2024-07-23T02:21:08.570+0000] {dag.py:3089} INFO - Sync 2 DAGs
[2024-07-23T02:21:08.583+0000] {logging_mixin.py:188} INFO - [2024-07-23T02:21:08.583+0000] {dag.py:3947} INFO - Setting next_dagrun for example_external_task_marker_child to None, run_after=None
[2024-07-23T02:21:08.587+0000] {logging_mixin.py:188} INFO - [2024-07-23T02:21:08.587+0000] {dag.py:3947} INFO - Setting next_dagrun for example_external_task_marker_parent to None, run_after=None
[2024-07-23T02:21:08.607+0000] {processor.py:183} INFO - Processing /home/airflow/.local/lib/python3.12/site-packages/airflow/example_dags/example_external_task_marker_dag.py took 0.075 seconds
[2024-07-23T02:21:38.814+0000] {processor.py:161} INFO - Started process (PID=2770) to work on /home/airflow/.local/lib/python3.12/site-packages/airflow/example_dags/example_external_task_marker_dag.py
[2024-07-23T02:21:38.815+0000] {processor.py:830} INFO - Processing file /home/airflow/.local/lib/python3.12/site-packages/airflow/example_dags/example_external_task_marker_dag.py for tasks to queue
[2024-07-23T02:21:38.816+0000] {logging_mixin.py:188} INFO - [2024-07-23T02:21:38.816+0000] {dagbag.py:545} INFO - Filling up the DagBag from /home/airflow/.local/lib/python3.12/site-packages/airflow/example_dags/example_external_task_marker_dag.py
[2024-07-23T02:21:38.822+0000] {processor.py:840} INFO - DAG(s) 'example_external_task_marker_parent', 'example_external_task_marker_child' retrieved from /home/airflow/.local/lib/python3.12/site-packages/airflow/example_dags/example_external_task_marker_dag.py
[2024-07-23T02:21:38.846+0000] {logging_mixin.py:188} INFO - [2024-07-23T02:21:38.845+0000] {dag.py:3089} INFO - Sync 2 DAGs
[2024-07-23T02:21:38.860+0000] {logging_mixin.py:188} INFO - [2024-07-23T02:21:38.860+0000] {dag.py:3947} INFO - Setting next_dagrun for example_external_task_marker_child to None, run_after=None
[2024-07-23T02:21:38.864+0000] {logging_mixin.py:188} INFO - [2024-07-23T02:21:38.864+0000] {dag.py:3947} INFO - Setting next_dagrun for example_external_task_marker_parent to None, run_after=None
[2024-07-23T02:21:38.886+0000] {processor.py:183} INFO - Processing /home/airflow/.local/lib/python3.12/site-packages/airflow/example_dags/example_external_task_marker_dag.py took 0.079 seconds
[2024-07-23T02:22:09.095+0000] {processor.py:161} INFO - Started process (PID=2829) to work on /home/airflow/.local/lib/python3.12/site-packages/airflow/example_dags/example_external_task_marker_dag.py
[2024-07-23T02:22:09.096+0000] {processor.py:830} INFO - Processing file /home/airflow/.local/lib/python3.12/site-packages/airflow/example_dags/example_external_task_marker_dag.py for tasks to queue
[2024-07-23T02:22:09.098+0000] {logging_mixin.py:188} INFO - [2024-07-23T02:22:09.097+0000] {dagbag.py:545} INFO - Filling up the DagBag from /home/airflow/.local/lib/python3.12/site-packages/airflow/example_dags/example_external_task_marker_dag.py
[2024-07-23T02:22:09.104+0000] {processor.py:840} INFO - DAG(s) 'example_external_task_marker_child', 'example_external_task_marker_parent' retrieved from /home/airflow/.local/lib/python3.12/site-packages/airflow/example_dags/example_external_task_marker_dag.py
[2024-07-23T02:22:09.129+0000] {logging_mixin.py:188} INFO - [2024-07-23T02:22:09.128+0000] {dag.py:3089} INFO - Sync 2 DAGs
[2024-07-23T02:22:09.143+0000] {logging_mixin.py:188} INFO - [2024-07-23T02:22:09.142+0000] {dag.py:3947} INFO - Setting next_dagrun for example_external_task_marker_child to None, run_after=None
[2024-07-23T02:22:09.147+0000] {logging_mixin.py:188} INFO - [2024-07-23T02:22:09.146+0000] {dag.py:3947} INFO - Setting next_dagrun for example_external_task_marker_parent to None, run_after=None
[2024-07-23T02:22:09.164+0000] {processor.py:183} INFO - Processing /home/airflow/.local/lib/python3.12/site-packages/airflow/example_dags/example_external_task_marker_dag.py took 0.075 seconds
[2024-07-23T02:22:39.743+0000] {processor.py:161} INFO - Started process (PID=2888) to work on /home/airflow/.local/lib/python3.12/site-packages/airflow/example_dags/example_external_task_marker_dag.py
[2024-07-23T02:22:39.744+0000] {processor.py:830} INFO - Processing file /home/airflow/.local/lib/python3.12/site-packages/airflow/example_dags/example_external_task_marker_dag.py for tasks to queue
[2024-07-23T02:22:39.746+0000] {logging_mixin.py:188} INFO - [2024-07-23T02:22:39.745+0000] {dagbag.py:545} INFO - Filling up the DagBag from /home/airflow/.local/lib/python3.12/site-packages/airflow/example_dags/example_external_task_marker_dag.py
[2024-07-23T02:22:39.753+0000] {processor.py:840} INFO - DAG(s) 'example_external_task_marker_parent', 'example_external_task_marker_child' retrieved from /home/airflow/.local/lib/python3.12/site-packages/airflow/example_dags/example_external_task_marker_dag.py
[2024-07-23T02:22:39.779+0000] {logging_mixin.py:188} INFO - [2024-07-23T02:22:39.779+0000] {dag.py:3089} INFO - Sync 2 DAGs
[2024-07-23T02:22:39.793+0000] {logging_mixin.py:188} INFO - [2024-07-23T02:22:39.793+0000] {dag.py:3947} INFO - Setting next_dagrun for example_external_task_marker_child to None, run_after=None
[2024-07-23T02:22:39.797+0000] {logging_mixin.py:188} INFO - [2024-07-23T02:22:39.797+0000] {dag.py:3947} INFO - Setting next_dagrun for example_external_task_marker_parent to None, run_after=None
[2024-07-23T02:22:39.816+0000] {processor.py:183} INFO - Processing /home/airflow/.local/lib/python3.12/site-packages/airflow/example_dags/example_external_task_marker_dag.py took 0.081 seconds
[2024-07-23T02:23:10.295+0000] {processor.py:161} INFO - Started process (PID=2954) to work on /home/airflow/.local/lib/python3.12/site-packages/airflow/example_dags/example_external_task_marker_dag.py
[2024-07-23T02:23:10.296+0000] {processor.py:830} INFO - Processing file /home/airflow/.local/lib/python3.12/site-packages/airflow/example_dags/example_external_task_marker_dag.py for tasks to queue
[2024-07-23T02:23:10.298+0000] {logging_mixin.py:188} INFO - [2024-07-23T02:23:10.298+0000] {dagbag.py:545} INFO - Filling up the DagBag from /home/airflow/.local/lib/python3.12/site-packages/airflow/example_dags/example_external_task_marker_dag.py
[2024-07-23T02:23:10.306+0000] {processor.py:840} INFO - DAG(s) 'example_external_task_marker_parent', 'example_external_task_marker_child' retrieved from /home/airflow/.local/lib/python3.12/site-packages/airflow/example_dags/example_external_task_marker_dag.py
[2024-07-23T02:23:10.336+0000] {logging_mixin.py:188} INFO - [2024-07-23T02:23:10.335+0000] {dag.py:3089} INFO - Sync 2 DAGs
[2024-07-23T02:23:10.352+0000] {logging_mixin.py:188} INFO - [2024-07-23T02:23:10.351+0000] {dag.py:3947} INFO - Setting next_dagrun for example_external_task_marker_child to None, run_after=None
[2024-07-23T02:23:10.356+0000] {logging_mixin.py:188} INFO - [2024-07-23T02:23:10.356+0000] {dag.py:3947} INFO - Setting next_dagrun for example_external_task_marker_parent to None, run_after=None
[2024-07-23T02:23:10.378+0000] {processor.py:183} INFO - Processing /home/airflow/.local/lib/python3.12/site-packages/airflow/example_dags/example_external_task_marker_dag.py took 0.091 seconds
[2024-07-23T02:23:41.305+0000] {processor.py:161} INFO - Started process (PID=3012) to work on /home/airflow/.local/lib/python3.12/site-packages/airflow/example_dags/example_external_task_marker_dag.py
[2024-07-23T02:23:41.307+0000] {processor.py:830} INFO - Processing file /home/airflow/.local/lib/python3.12/site-packages/airflow/example_dags/example_external_task_marker_dag.py for tasks to queue
[2024-07-23T02:23:41.313+0000] {logging_mixin.py:188} INFO - [2024-07-23T02:23:41.312+0000] {dagbag.py:545} INFO - Filling up the DagBag from /home/airflow/.local/lib/python3.12/site-packages/airflow/example_dags/example_external_task_marker_dag.py
[2024-07-23T02:23:41.335+0000] {processor.py:840} INFO - DAG(s) 'example_external_task_marker_parent', 'example_external_task_marker_child' retrieved from /home/airflow/.local/lib/python3.12/site-packages/airflow/example_dags/example_external_task_marker_dag.py
[2024-07-23T02:23:41.413+0000] {logging_mixin.py:188} INFO - [2024-07-23T02:23:41.412+0000] {dag.py:3089} INFO - Sync 2 DAGs
[2024-07-23T02:23:41.460+0000] {logging_mixin.py:188} INFO - [2024-07-23T02:23:41.459+0000] {dag.py:3947} INFO - Setting next_dagrun for example_external_task_marker_child to None, run_after=None
[2024-07-23T02:23:41.472+0000] {logging_mixin.py:188} INFO - [2024-07-23T02:23:41.472+0000] {dag.py:3947} INFO - Setting next_dagrun for example_external_task_marker_parent to None, run_after=None
[2024-07-23T02:23:41.523+0000] {processor.py:183} INFO - Processing /home/airflow/.local/lib/python3.12/site-packages/airflow/example_dags/example_external_task_marker_dag.py took 0.241 seconds
[2024-07-23T02:24:11.942+0000] {processor.py:161} INFO - Started process (PID=3071) to work on /home/airflow/.local/lib/python3.12/site-packages/airflow/example_dags/example_external_task_marker_dag.py
[2024-07-23T02:24:11.946+0000] {processor.py:830} INFO - Processing file /home/airflow/.local/lib/python3.12/site-packages/airflow/example_dags/example_external_task_marker_dag.py for tasks to queue
[2024-07-23T02:24:11.954+0000] {logging_mixin.py:188} INFO - [2024-07-23T02:24:11.952+0000] {dagbag.py:545} INFO - Filling up the DagBag from /home/airflow/.local/lib/python3.12/site-packages/airflow/example_dags/example_external_task_marker_dag.py
[2024-07-23T02:24:11.987+0000] {processor.py:840} INFO - DAG(s) 'example_external_task_marker_parent', 'example_external_task_marker_child' retrieved from /home/airflow/.local/lib/python3.12/site-packages/airflow/example_dags/example_external_task_marker_dag.py
[2024-07-23T02:24:12.098+0000] {logging_mixin.py:188} INFO - [2024-07-23T02:24:12.097+0000] {dag.py:3089} INFO - Sync 2 DAGs
[2024-07-23T02:24:12.157+0000] {logging_mixin.py:188} INFO - [2024-07-23T02:24:12.156+0000] {dag.py:3947} INFO - Setting next_dagrun for example_external_task_marker_child to None, run_after=None
[2024-07-23T02:24:12.170+0000] {logging_mixin.py:188} INFO - [2024-07-23T02:24:12.170+0000] {dag.py:3947} INFO - Setting next_dagrun for example_external_task_marker_parent to None, run_after=None
[2024-07-23T02:24:12.229+0000] {processor.py:183} INFO - Processing /home/airflow/.local/lib/python3.12/site-packages/airflow/example_dags/example_external_task_marker_dag.py took 0.312 seconds
[2024-07-23T02:24:42.353+0000] {processor.py:161} INFO - Started process (PID=3130) to work on /home/airflow/.local/lib/python3.12/site-packages/airflow/example_dags/example_external_task_marker_dag.py
[2024-07-23T02:24:42.355+0000] {processor.py:830} INFO - Processing file /home/airflow/.local/lib/python3.12/site-packages/airflow/example_dags/example_external_task_marker_dag.py for tasks to queue
[2024-07-23T02:24:42.363+0000] {logging_mixin.py:188} INFO - [2024-07-23T02:24:42.362+0000] {dagbag.py:545} INFO - Filling up the DagBag from /home/airflow/.local/lib/python3.12/site-packages/airflow/example_dags/example_external_task_marker_dag.py
[2024-07-23T02:24:42.388+0000] {processor.py:840} INFO - DAG(s) 'example_external_task_marker_parent', 'example_external_task_marker_child' retrieved from /home/airflow/.local/lib/python3.12/site-packages/airflow/example_dags/example_external_task_marker_dag.py
[2024-07-23T02:24:42.480+0000] {logging_mixin.py:188} INFO - [2024-07-23T02:24:42.479+0000] {dag.py:3089} INFO - Sync 2 DAGs
[2024-07-23T02:24:42.560+0000] {logging_mixin.py:188} INFO - [2024-07-23T02:24:42.559+0000] {dag.py:3947} INFO - Setting next_dagrun for example_external_task_marker_child to None, run_after=None
[2024-07-23T02:24:42.574+0000] {logging_mixin.py:188} INFO - [2024-07-23T02:24:42.574+0000] {dag.py:3947} INFO - Setting next_dagrun for example_external_task_marker_parent to None, run_after=None
[2024-07-23T02:24:42.642+0000] {processor.py:183} INFO - Processing /home/airflow/.local/lib/python3.12/site-packages/airflow/example_dags/example_external_task_marker_dag.py took 0.312 seconds
[2024-07-23T02:25:12.937+0000] {processor.py:161} INFO - Started process (PID=3188) to work on /home/airflow/.local/lib/python3.12/site-packages/airflow/example_dags/example_external_task_marker_dag.py
[2024-07-23T02:25:12.941+0000] {processor.py:830} INFO - Processing file /home/airflow/.local/lib/python3.12/site-packages/airflow/example_dags/example_external_task_marker_dag.py for tasks to queue
[2024-07-23T02:25:12.944+0000] {logging_mixin.py:188} INFO - [2024-07-23T02:25:12.943+0000] {dagbag.py:545} INFO - Filling up the DagBag from /home/airflow/.local/lib/python3.12/site-packages/airflow/example_dags/example_external_task_marker_dag.py
[2024-07-23T02:25:12.950+0000] {processor.py:840} INFO - DAG(s) 'example_external_task_marker_parent', 'example_external_task_marker_child' retrieved from /home/airflow/.local/lib/python3.12/site-packages/airflow/example_dags/example_external_task_marker_dag.py
[2024-07-23T02:25:12.978+0000] {logging_mixin.py:188} INFO - [2024-07-23T02:25:12.977+0000] {dag.py:3089} INFO - Sync 2 DAGs
[2024-07-23T02:25:12.993+0000] {logging_mixin.py:188} INFO - [2024-07-23T02:25:12.992+0000] {dag.py:3947} INFO - Setting next_dagrun for example_external_task_marker_child to None, run_after=None
[2024-07-23T02:25:12.997+0000] {logging_mixin.py:188} INFO - [2024-07-23T02:25:12.997+0000] {dag.py:3947} INFO - Setting next_dagrun for example_external_task_marker_parent to None, run_after=None
[2024-07-23T02:25:13.013+0000] {processor.py:183} INFO - Processing /home/airflow/.local/lib/python3.12/site-packages/airflow/example_dags/example_external_task_marker_dag.py took 0.084 seconds
[2024-07-23T02:25:43.395+0000] {processor.py:161} INFO - Started process (PID=3247) to work on /home/airflow/.local/lib/python3.12/site-packages/airflow/example_dags/example_external_task_marker_dag.py
[2024-07-23T02:25:43.396+0000] {processor.py:830} INFO - Processing file /home/airflow/.local/lib/python3.12/site-packages/airflow/example_dags/example_external_task_marker_dag.py for tasks to queue
[2024-07-23T02:25:43.400+0000] {logging_mixin.py:188} INFO - [2024-07-23T02:25:43.399+0000] {dagbag.py:545} INFO - Filling up the DagBag from /home/airflow/.local/lib/python3.12/site-packages/airflow/example_dags/example_external_task_marker_dag.py
[2024-07-23T02:25:43.412+0000] {processor.py:840} INFO - DAG(s) 'example_external_task_marker_parent', 'example_external_task_marker_child' retrieved from /home/airflow/.local/lib/python3.12/site-packages/airflow/example_dags/example_external_task_marker_dag.py
[2024-07-23T02:25:43.449+0000] {logging_mixin.py:188} INFO - [2024-07-23T02:25:43.449+0000] {dag.py:3089} INFO - Sync 2 DAGs
[2024-07-23T02:25:43.477+0000] {logging_mixin.py:188} INFO - [2024-07-23T02:25:43.476+0000] {dag.py:3947} INFO - Setting next_dagrun for example_external_task_marker_child to None, run_after=None
[2024-07-23T02:25:43.483+0000] {logging_mixin.py:188} INFO - [2024-07-23T02:25:43.483+0000] {dag.py:3947} INFO - Setting next_dagrun for example_external_task_marker_parent to None, run_after=None
[2024-07-23T02:25:43.515+0000] {processor.py:183} INFO - Processing /home/airflow/.local/lib/python3.12/site-packages/airflow/example_dags/example_external_task_marker_dag.py took 0.132 seconds
[2024-07-23T02:26:13.684+0000] {processor.py:161} INFO - Started process (PID=3306) to work on /home/airflow/.local/lib/python3.12/site-packages/airflow/example_dags/example_external_task_marker_dag.py
[2024-07-23T02:26:13.688+0000] {processor.py:830} INFO - Processing file /home/airflow/.local/lib/python3.12/site-packages/airflow/example_dags/example_external_task_marker_dag.py for tasks to queue
[2024-07-23T02:26:13.691+0000] {logging_mixin.py:188} INFO - [2024-07-23T02:26:13.690+0000] {dagbag.py:545} INFO - Filling up the DagBag from /home/airflow/.local/lib/python3.12/site-packages/airflow/example_dags/example_external_task_marker_dag.py
[2024-07-23T02:26:13.700+0000] {processor.py:840} INFO - DAG(s) 'example_external_task_marker_parent', 'example_external_task_marker_child' retrieved from /home/airflow/.local/lib/python3.12/site-packages/airflow/example_dags/example_external_task_marker_dag.py
[2024-07-23T02:26:13.739+0000] {logging_mixin.py:188} INFO - [2024-07-23T02:26:13.739+0000] {dag.py:3089} INFO - Sync 2 DAGs
[2024-07-23T02:26:13.760+0000] {logging_mixin.py:188} INFO - [2024-07-23T02:26:13.760+0000] {dag.py:3947} INFO - Setting next_dagrun for example_external_task_marker_child to None, run_after=None
[2024-07-23T02:26:13.766+0000] {logging_mixin.py:188} INFO - [2024-07-23T02:26:13.766+0000] {dag.py:3947} INFO - Setting next_dagrun for example_external_task_marker_parent to None, run_after=None
[2024-07-23T02:26:13.793+0000] {processor.py:183} INFO - Processing /home/airflow/.local/lib/python3.12/site-packages/airflow/example_dags/example_external_task_marker_dag.py took 0.119 seconds
[2024-07-23T02:26:44.633+0000] {processor.py:161} INFO - Started process (PID=3365) to work on /home/airflow/.local/lib/python3.12/site-packages/airflow/example_dags/example_external_task_marker_dag.py
[2024-07-23T02:26:44.636+0000] {processor.py:830} INFO - Processing file /home/airflow/.local/lib/python3.12/site-packages/airflow/example_dags/example_external_task_marker_dag.py for tasks to queue
[2024-07-23T02:26:44.642+0000] {logging_mixin.py:188} INFO - [2024-07-23T02:26:44.641+0000] {dagbag.py:545} INFO - Filling up the DagBag from /home/airflow/.local/lib/python3.12/site-packages/airflow/example_dags/example_external_task_marker_dag.py
[2024-07-23T02:26:44.664+0000] {processor.py:840} INFO - DAG(s) 'example_external_task_marker_parent', 'example_external_task_marker_child' retrieved from /home/airflow/.local/lib/python3.12/site-packages/airflow/example_dags/example_external_task_marker_dag.py
[2024-07-23T02:26:44.754+0000] {logging_mixin.py:188} INFO - [2024-07-23T02:26:44.753+0000] {dag.py:3089} INFO - Sync 2 DAGs
[2024-07-23T02:26:44.806+0000] {logging_mixin.py:188} INFO - [2024-07-23T02:26:44.806+0000] {dag.py:3947} INFO - Setting next_dagrun for example_external_task_marker_child to None, run_after=None
[2024-07-23T02:26:44.820+0000] {logging_mixin.py:188} INFO - [2024-07-23T02:26:44.820+0000] {dag.py:3947} INFO - Setting next_dagrun for example_external_task_marker_parent to None, run_after=None
[2024-07-23T02:26:44.878+0000] {processor.py:183} INFO - Processing /home/airflow/.local/lib/python3.12/site-packages/airflow/example_dags/example_external_task_marker_dag.py took 0.269 seconds
[2024-07-23T02:27:15.600+0000] {processor.py:161} INFO - Started process (PID=3424) to work on /home/airflow/.local/lib/python3.12/site-packages/airflow/example_dags/example_external_task_marker_dag.py
[2024-07-23T02:27:15.606+0000] {processor.py:830} INFO - Processing file /home/airflow/.local/lib/python3.12/site-packages/airflow/example_dags/example_external_task_marker_dag.py for tasks to queue
[2024-07-23T02:27:15.612+0000] {logging_mixin.py:188} INFO - [2024-07-23T02:27:15.611+0000] {dagbag.py:545} INFO - Filling up the DagBag from /home/airflow/.local/lib/python3.12/site-packages/airflow/example_dags/example_external_task_marker_dag.py
[2024-07-23T02:27:15.635+0000] {processor.py:840} INFO - DAG(s) 'example_external_task_marker_child', 'example_external_task_marker_parent' retrieved from /home/airflow/.local/lib/python3.12/site-packages/airflow/example_dags/example_external_task_marker_dag.py
[2024-07-23T02:27:15.721+0000] {logging_mixin.py:188} INFO - [2024-07-23T02:27:15.721+0000] {dag.py:3089} INFO - Sync 2 DAGs
[2024-07-23T02:27:15.772+0000] {logging_mixin.py:188} INFO - [2024-07-23T02:27:15.771+0000] {dag.py:3947} INFO - Setting next_dagrun for example_external_task_marker_child to None, run_after=None
[2024-07-23T02:27:15.786+0000] {logging_mixin.py:188} INFO - [2024-07-23T02:27:15.785+0000] {dag.py:3947} INFO - Setting next_dagrun for example_external_task_marker_parent to None, run_after=None
[2024-07-23T02:27:15.840+0000] {processor.py:183} INFO - Processing /home/airflow/.local/lib/python3.12/site-packages/airflow/example_dags/example_external_task_marker_dag.py took 0.263 seconds
[2024-07-23T02:27:46.098+0000] {processor.py:161} INFO - Started process (PID=3483) to work on /home/airflow/.local/lib/python3.12/site-packages/airflow/example_dags/example_external_task_marker_dag.py
[2024-07-23T02:27:46.099+0000] {processor.py:830} INFO - Processing file /home/airflow/.local/lib/python3.12/site-packages/airflow/example_dags/example_external_task_marker_dag.py for tasks to queue
[2024-07-23T02:27:46.101+0000] {logging_mixin.py:188} INFO - [2024-07-23T02:27:46.100+0000] {dagbag.py:545} INFO - Filling up the DagBag from /home/airflow/.local/lib/python3.12/site-packages/airflow/example_dags/example_external_task_marker_dag.py
[2024-07-23T02:27:46.108+0000] {processor.py:840} INFO - DAG(s) 'example_external_task_marker_parent', 'example_external_task_marker_child' retrieved from /home/airflow/.local/lib/python3.12/site-packages/airflow/example_dags/example_external_task_marker_dag.py
[2024-07-23T02:27:46.145+0000] {logging_mixin.py:188} INFO - [2024-07-23T02:27:46.145+0000] {dag.py:3089} INFO - Sync 2 DAGs
[2024-07-23T02:27:46.165+0000] {logging_mixin.py:188} INFO - [2024-07-23T02:27:46.164+0000] {dag.py:3947} INFO - Setting next_dagrun for example_external_task_marker_child to None, run_after=None
[2024-07-23T02:27:46.170+0000] {logging_mixin.py:188} INFO - [2024-07-23T02:27:46.170+0000] {dag.py:3947} INFO - Setting next_dagrun for example_external_task_marker_parent to None, run_after=None
[2024-07-23T02:27:46.191+0000] {processor.py:183} INFO - Processing /home/airflow/.local/lib/python3.12/site-packages/airflow/example_dags/example_external_task_marker_dag.py took 0.101 seconds
