[2024-07-23T01:58:21.972+0000] {processor.py:161} INFO - Started process (PID=90) to work on /home/airflow/.local/lib/python3.12/site-packages/airflow/example_dags/example_short_circuit_operator.py
[2024-07-23T01:58:21.973+0000] {processor.py:830} INFO - Processing file /home/airflow/.local/lib/python3.12/site-packages/airflow/example_dags/example_short_circuit_operator.py for tasks to queue
[2024-07-23T01:58:21.975+0000] {logging_mixin.py:188} INFO - [2024-07-23T01:58:21.974+0000] {dagbag.py:545} INFO - Filling up the DagBag from /home/airflow/.local/lib/python3.12/site-packages/airflow/example_dags/example_short_circuit_operator.py
[2024-07-23T01:58:21.987+0000] {processor.py:840} INFO - DAG(s) 'example_short_circuit_operator' retrieved from /home/airflow/.local/lib/python3.12/site-packages/airflow/example_dags/example_short_circuit_operator.py
[2024-07-23T01:58:22.142+0000] {logging_mixin.py:188} INFO - [2024-07-23T01:58:22.142+0000] {dag.py:3089} INFO - Sync 1 DAGs
[2024-07-23T01:58:22.166+0000] {logging_mixin.py:188} INFO - [2024-07-23T01:58:22.165+0000] {dag.py:3947} INFO - Setting next_dagrun for example_short_circuit_operator to 2024-07-22 00:00:00+00:00, run_after=2024-07-23 00:00:00+00:00
[2024-07-23T01:58:22.193+0000] {processor.py:183} INFO - Processing /home/airflow/.local/lib/python3.12/site-packages/airflow/example_dags/example_short_circuit_operator.py took 0.228 seconds
[2024-07-23T01:58:53.084+0000] {processor.py:161} INFO - Started process (PID=148) to work on /home/airflow/.local/lib/python3.12/site-packages/airflow/example_dags/example_short_circuit_operator.py
[2024-07-23T01:58:53.085+0000] {processor.py:830} INFO - Processing file /home/airflow/.local/lib/python3.12/site-packages/airflow/example_dags/example_short_circuit_operator.py for tasks to queue
[2024-07-23T01:58:53.088+0000] {logging_mixin.py:188} INFO - [2024-07-23T01:58:53.087+0000] {dagbag.py:545} INFO - Filling up the DagBag from /home/airflow/.local/lib/python3.12/site-packages/airflow/example_dags/example_short_circuit_operator.py
[2024-07-23T01:58:53.097+0000] {processor.py:840} INFO - DAG(s) 'example_short_circuit_operator' retrieved from /home/airflow/.local/lib/python3.12/site-packages/airflow/example_dags/example_short_circuit_operator.py
[2024-07-23T01:58:53.126+0000] {logging_mixin.py:188} INFO - [2024-07-23T01:58:53.126+0000] {dag.py:3089} INFO - Sync 1 DAGs
[2024-07-23T01:58:53.163+0000] {logging_mixin.py:188} INFO - [2024-07-23T01:58:53.162+0000] {dag.py:3947} INFO - Setting next_dagrun for example_short_circuit_operator to 2024-07-22 00:00:00+00:00, run_after=2024-07-23 00:00:00+00:00
[2024-07-23T01:58:53.187+0000] {processor.py:183} INFO - Processing /home/airflow/.local/lib/python3.12/site-packages/airflow/example_dags/example_short_circuit_operator.py took 0.112 seconds
[2024-07-23T01:59:23.466+0000] {processor.py:161} INFO - Started process (PID=206) to work on /home/airflow/.local/lib/python3.12/site-packages/airflow/example_dags/example_short_circuit_operator.py
[2024-07-23T01:59:23.467+0000] {processor.py:830} INFO - Processing file /home/airflow/.local/lib/python3.12/site-packages/airflow/example_dags/example_short_circuit_operator.py for tasks to queue
[2024-07-23T01:59:23.469+0000] {logging_mixin.py:188} INFO - [2024-07-23T01:59:23.468+0000] {dagbag.py:545} INFO - Filling up the DagBag from /home/airflow/.local/lib/python3.12/site-packages/airflow/example_dags/example_short_circuit_operator.py
[2024-07-23T01:59:23.477+0000] {processor.py:840} INFO - DAG(s) 'example_short_circuit_operator' retrieved from /home/airflow/.local/lib/python3.12/site-packages/airflow/example_dags/example_short_circuit_operator.py
[2024-07-23T01:59:23.503+0000] {logging_mixin.py:188} INFO - [2024-07-23T01:59:23.503+0000] {dag.py:3089} INFO - Sync 1 DAGs
[2024-07-23T01:59:23.526+0000] {logging_mixin.py:188} INFO - [2024-07-23T01:59:23.526+0000] {dag.py:3947} INFO - Setting next_dagrun for example_short_circuit_operator to 2024-07-22 00:00:00+00:00, run_after=2024-07-23 00:00:00+00:00
[2024-07-23T01:59:23.552+0000] {processor.py:183} INFO - Processing /home/airflow/.local/lib/python3.12/site-packages/airflow/example_dags/example_short_circuit_operator.py took 0.092 seconds
[2024-07-23T01:59:53.827+0000] {processor.py:161} INFO - Started process (PID=264) to work on /home/airflow/.local/lib/python3.12/site-packages/airflow/example_dags/example_short_circuit_operator.py
[2024-07-23T01:59:53.835+0000] {processor.py:830} INFO - Processing file /home/airflow/.local/lib/python3.12/site-packages/airflow/example_dags/example_short_circuit_operator.py for tasks to queue
[2024-07-23T01:59:53.837+0000] {logging_mixin.py:188} INFO - [2024-07-23T01:59:53.837+0000] {dagbag.py:545} INFO - Filling up the DagBag from /home/airflow/.local/lib/python3.12/site-packages/airflow/example_dags/example_short_circuit_operator.py
[2024-07-23T01:59:53.847+0000] {processor.py:840} INFO - DAG(s) 'example_short_circuit_operator' retrieved from /home/airflow/.local/lib/python3.12/site-packages/airflow/example_dags/example_short_circuit_operator.py
[2024-07-23T01:59:53.878+0000] {logging_mixin.py:188} INFO - [2024-07-23T01:59:53.878+0000] {dag.py:3089} INFO - Sync 1 DAGs
[2024-07-23T01:59:53.908+0000] {logging_mixin.py:188} INFO - [2024-07-23T01:59:53.907+0000] {dag.py:3947} INFO - Setting next_dagrun for example_short_circuit_operator to 2024-07-22 00:00:00+00:00, run_after=2024-07-23 00:00:00+00:00
[2024-07-23T01:59:53.947+0000] {processor.py:183} INFO - Processing /home/airflow/.local/lib/python3.12/site-packages/airflow/example_dags/example_short_circuit_operator.py took 0.128 seconds
[2024-07-23T02:00:24.095+0000] {processor.py:161} INFO - Started process (PID=322) to work on /home/airflow/.local/lib/python3.12/site-packages/airflow/example_dags/example_short_circuit_operator.py
[2024-07-23T02:00:24.096+0000] {processor.py:830} INFO - Processing file /home/airflow/.local/lib/python3.12/site-packages/airflow/example_dags/example_short_circuit_operator.py for tasks to queue
[2024-07-23T02:00:24.098+0000] {logging_mixin.py:188} INFO - [2024-07-23T02:00:24.097+0000] {dagbag.py:545} INFO - Filling up the DagBag from /home/airflow/.local/lib/python3.12/site-packages/airflow/example_dags/example_short_circuit_operator.py
[2024-07-23T02:00:24.105+0000] {processor.py:840} INFO - DAG(s) 'example_short_circuit_operator' retrieved from /home/airflow/.local/lib/python3.12/site-packages/airflow/example_dags/example_short_circuit_operator.py
[2024-07-23T02:00:24.133+0000] {logging_mixin.py:188} INFO - [2024-07-23T02:00:24.133+0000] {dag.py:3089} INFO - Sync 1 DAGs
[2024-07-23T02:00:24.167+0000] {logging_mixin.py:188} INFO - [2024-07-23T02:00:24.167+0000] {dag.py:3947} INFO - Setting next_dagrun for example_short_circuit_operator to 2024-07-22 00:00:00+00:00, run_after=2024-07-23 00:00:00+00:00
[2024-07-23T02:00:24.194+0000] {processor.py:183} INFO - Processing /home/airflow/.local/lib/python3.12/site-packages/airflow/example_dags/example_short_circuit_operator.py took 0.106 seconds
[2024-07-23T02:00:54.574+0000] {processor.py:161} INFO - Started process (PID=379) to work on /home/airflow/.local/lib/python3.12/site-packages/airflow/example_dags/example_short_circuit_operator.py
[2024-07-23T02:00:54.575+0000] {processor.py:830} INFO - Processing file /home/airflow/.local/lib/python3.12/site-packages/airflow/example_dags/example_short_circuit_operator.py for tasks to queue
[2024-07-23T02:00:54.578+0000] {logging_mixin.py:188} INFO - [2024-07-23T02:00:54.577+0000] {dagbag.py:545} INFO - Filling up the DagBag from /home/airflow/.local/lib/python3.12/site-packages/airflow/example_dags/example_short_circuit_operator.py
[2024-07-23T02:00:54.588+0000] {processor.py:840} INFO - DAG(s) 'example_short_circuit_operator' retrieved from /home/airflow/.local/lib/python3.12/site-packages/airflow/example_dags/example_short_circuit_operator.py
[2024-07-23T02:00:54.621+0000] {logging_mixin.py:188} INFO - [2024-07-23T02:00:54.621+0000] {dag.py:3089} INFO - Sync 1 DAGs
[2024-07-23T02:00:54.652+0000] {logging_mixin.py:188} INFO - [2024-07-23T02:00:54.652+0000] {dag.py:3947} INFO - Setting next_dagrun for example_short_circuit_operator to 2024-07-22 00:00:00+00:00, run_after=2024-07-23 00:00:00+00:00
[2024-07-23T02:00:54.678+0000] {processor.py:183} INFO - Processing /home/airflow/.local/lib/python3.12/site-packages/airflow/example_dags/example_short_circuit_operator.py took 0.112 seconds
[2024-07-23T02:01:25.557+0000] {processor.py:161} INFO - Started process (PID=436) to work on /home/airflow/.local/lib/python3.12/site-packages/airflow/example_dags/example_short_circuit_operator.py
[2024-07-23T02:01:25.558+0000] {processor.py:830} INFO - Processing file /home/airflow/.local/lib/python3.12/site-packages/airflow/example_dags/example_short_circuit_operator.py for tasks to queue
[2024-07-23T02:01:25.560+0000] {logging_mixin.py:188} INFO - [2024-07-23T02:01:25.559+0000] {dagbag.py:545} INFO - Filling up the DagBag from /home/airflow/.local/lib/python3.12/site-packages/airflow/example_dags/example_short_circuit_operator.py
[2024-07-23T02:01:25.566+0000] {processor.py:840} INFO - DAG(s) 'example_short_circuit_operator' retrieved from /home/airflow/.local/lib/python3.12/site-packages/airflow/example_dags/example_short_circuit_operator.py
[2024-07-23T02:01:25.595+0000] {logging_mixin.py:188} INFO - [2024-07-23T02:01:25.594+0000] {dag.py:3089} INFO - Sync 1 DAGs
[2024-07-23T02:01:25.634+0000] {logging_mixin.py:188} INFO - [2024-07-23T02:01:25.633+0000] {dag.py:3947} INFO - Setting next_dagrun for example_short_circuit_operator to 2024-07-22 00:00:00+00:00, run_after=2024-07-23 00:00:00+00:00
[2024-07-23T02:01:25.658+0000] {processor.py:183} INFO - Processing /home/airflow/.local/lib/python3.12/site-packages/airflow/example_dags/example_short_circuit_operator.py took 0.107 seconds
[2024-07-23T02:01:55.842+0000] {processor.py:161} INFO - Started process (PID=493) to work on /home/airflow/.local/lib/python3.12/site-packages/airflow/example_dags/example_short_circuit_operator.py
[2024-07-23T02:01:55.843+0000] {processor.py:830} INFO - Processing file /home/airflow/.local/lib/python3.12/site-packages/airflow/example_dags/example_short_circuit_operator.py for tasks to queue
[2024-07-23T02:01:55.845+0000] {logging_mixin.py:188} INFO - [2024-07-23T02:01:55.845+0000] {dagbag.py:545} INFO - Filling up the DagBag from /home/airflow/.local/lib/python3.12/site-packages/airflow/example_dags/example_short_circuit_operator.py
[2024-07-23T02:01:55.853+0000] {processor.py:840} INFO - DAG(s) 'example_short_circuit_operator' retrieved from /home/airflow/.local/lib/python3.12/site-packages/airflow/example_dags/example_short_circuit_operator.py
[2024-07-23T02:01:55.888+0000] {logging_mixin.py:188} INFO - [2024-07-23T02:01:55.887+0000] {dag.py:3089} INFO - Sync 1 DAGs
[2024-07-23T02:01:55.911+0000] {logging_mixin.py:188} INFO - [2024-07-23T02:01:55.911+0000] {dag.py:3947} INFO - Setting next_dagrun for example_short_circuit_operator to 2024-07-22 00:00:00+00:00, run_after=2024-07-23 00:00:00+00:00
[2024-07-23T02:01:55.932+0000] {processor.py:183} INFO - Processing /home/airflow/.local/lib/python3.12/site-packages/airflow/example_dags/example_short_circuit_operator.py took 0.099 seconds
[2024-07-23T02:02:26.009+0000] {processor.py:161} INFO - Started process (PID=551) to work on /home/airflow/.local/lib/python3.12/site-packages/airflow/example_dags/example_short_circuit_operator.py
[2024-07-23T02:02:26.011+0000] {processor.py:830} INFO - Processing file /home/airflow/.local/lib/python3.12/site-packages/airflow/example_dags/example_short_circuit_operator.py for tasks to queue
[2024-07-23T02:02:26.013+0000] {logging_mixin.py:188} INFO - [2024-07-23T02:02:26.012+0000] {dagbag.py:545} INFO - Filling up the DagBag from /home/airflow/.local/lib/python3.12/site-packages/airflow/example_dags/example_short_circuit_operator.py
[2024-07-23T02:02:26.021+0000] {processor.py:840} INFO - DAG(s) 'example_short_circuit_operator' retrieved from /home/airflow/.local/lib/python3.12/site-packages/airflow/example_dags/example_short_circuit_operator.py
[2024-07-23T02:02:26.050+0000] {logging_mixin.py:188} INFO - [2024-07-23T02:02:26.050+0000] {dag.py:3089} INFO - Sync 1 DAGs
[2024-07-23T02:02:26.075+0000] {logging_mixin.py:188} INFO - [2024-07-23T02:02:26.075+0000] {dag.py:3947} INFO - Setting next_dagrun for example_short_circuit_operator to 2024-07-22 00:00:00+00:00, run_after=2024-07-23 00:00:00+00:00
[2024-07-23T02:02:26.102+0000] {processor.py:183} INFO - Processing /home/airflow/.local/lib/python3.12/site-packages/airflow/example_dags/example_short_circuit_operator.py took 0.100 seconds
[2024-07-23T02:02:56.689+0000] {processor.py:161} INFO - Started process (PID=611) to work on /home/airflow/.local/lib/python3.12/site-packages/airflow/example_dags/example_short_circuit_operator.py
[2024-07-23T02:02:56.690+0000] {processor.py:830} INFO - Processing file /home/airflow/.local/lib/python3.12/site-packages/airflow/example_dags/example_short_circuit_operator.py for tasks to queue
[2024-07-23T02:02:56.693+0000] {logging_mixin.py:188} INFO - [2024-07-23T02:02:56.693+0000] {dagbag.py:545} INFO - Filling up the DagBag from /home/airflow/.local/lib/python3.12/site-packages/airflow/example_dags/example_short_circuit_operator.py
[2024-07-23T02:02:56.704+0000] {processor.py:840} INFO - DAG(s) 'example_short_circuit_operator' retrieved from /home/airflow/.local/lib/python3.12/site-packages/airflow/example_dags/example_short_circuit_operator.py
[2024-07-23T02:02:56.752+0000] {logging_mixin.py:188} INFO - [2024-07-23T02:02:56.751+0000] {dag.py:3089} INFO - Sync 1 DAGs
[2024-07-23T02:02:56.796+0000] {logging_mixin.py:188} INFO - [2024-07-23T02:02:56.795+0000] {dag.py:3947} INFO - Setting next_dagrun for example_short_circuit_operator to 2024-07-22 00:00:00+00:00, run_after=2024-07-23 00:00:00+00:00
[2024-07-23T02:02:56.830+0000] {processor.py:183} INFO - Processing /home/airflow/.local/lib/python3.12/site-packages/airflow/example_dags/example_short_circuit_operator.py took 0.151 seconds
[2024-07-23T02:03:27.704+0000] {processor.py:161} INFO - Started process (PID=671) to work on /home/airflow/.local/lib/python3.12/site-packages/airflow/example_dags/example_short_circuit_operator.py
[2024-07-23T02:03:27.705+0000] {processor.py:830} INFO - Processing file /home/airflow/.local/lib/python3.12/site-packages/airflow/example_dags/example_short_circuit_operator.py for tasks to queue
[2024-07-23T02:03:27.708+0000] {logging_mixin.py:188} INFO - [2024-07-23T02:03:27.708+0000] {dagbag.py:545} INFO - Filling up the DagBag from /home/airflow/.local/lib/python3.12/site-packages/airflow/example_dags/example_short_circuit_operator.py
[2024-07-23T02:03:27.720+0000] {processor.py:840} INFO - DAG(s) 'example_short_circuit_operator' retrieved from /home/airflow/.local/lib/python3.12/site-packages/airflow/example_dags/example_short_circuit_operator.py
[2024-07-23T02:03:27.761+0000] {logging_mixin.py:188} INFO - [2024-07-23T02:03:27.761+0000] {dag.py:3089} INFO - Sync 1 DAGs
[2024-07-23T02:03:27.798+0000] {logging_mixin.py:188} INFO - [2024-07-23T02:03:27.797+0000] {dag.py:3947} INFO - Setting next_dagrun for example_short_circuit_operator to 2024-07-22 00:00:00+00:00, run_after=2024-07-23 00:00:00+00:00
[2024-07-23T02:03:27.829+0000] {processor.py:183} INFO - Processing /home/airflow/.local/lib/python3.12/site-packages/airflow/example_dags/example_short_circuit_operator.py took 0.136 seconds
[2024-07-23T02:04:01.815+0000] {processor.py:161} INFO - Started process (PID=730) to work on /home/airflow/.local/lib/python3.12/site-packages/airflow/example_dags/example_short_circuit_operator.py
[2024-07-23T02:04:01.820+0000] {processor.py:830} INFO - Processing file /home/airflow/.local/lib/python3.12/site-packages/airflow/example_dags/example_short_circuit_operator.py for tasks to queue
[2024-07-23T02:04:01.830+0000] {logging_mixin.py:188} INFO - [2024-07-23T02:04:01.828+0000] {dagbag.py:545} INFO - Filling up the DagBag from /home/airflow/.local/lib/python3.12/site-packages/airflow/example_dags/example_short_circuit_operator.py
[2024-07-23T02:04:01.878+0000] {processor.py:840} INFO - DAG(s) 'example_short_circuit_operator' retrieved from /home/airflow/.local/lib/python3.12/site-packages/airflow/example_dags/example_short_circuit_operator.py
[2024-07-23T02:04:02.030+0000] {logging_mixin.py:188} INFO - [2024-07-23T02:04:02.027+0000] {dag.py:3089} INFO - Sync 1 DAGs
[2024-07-23T02:04:02.199+0000] {logging_mixin.py:188} INFO - [2024-07-23T02:04:02.197+0000] {dag.py:3947} INFO - Setting next_dagrun for example_short_circuit_operator to 2024-07-22 00:00:00+00:00, run_after=2024-07-23 00:00:00+00:00
[2024-07-23T02:04:02.352+0000] {processor.py:183} INFO - Processing /home/airflow/.local/lib/python3.12/site-packages/airflow/example_dags/example_short_circuit_operator.py took 0.581 seconds
[2024-07-23T02:04:34.180+0000] {processor.py:161} INFO - Started process (PID=788) to work on /home/airflow/.local/lib/python3.12/site-packages/airflow/example_dags/example_short_circuit_operator.py
[2024-07-23T02:04:34.183+0000] {processor.py:830} INFO - Processing file /home/airflow/.local/lib/python3.12/site-packages/airflow/example_dags/example_short_circuit_operator.py for tasks to queue
[2024-07-23T02:04:34.192+0000] {logging_mixin.py:188} INFO - [2024-07-23T02:04:34.190+0000] {dagbag.py:545} INFO - Filling up the DagBag from /home/airflow/.local/lib/python3.12/site-packages/airflow/example_dags/example_short_circuit_operator.py
[2024-07-23T02:04:34.229+0000] {processor.py:840} INFO - DAG(s) 'example_short_circuit_operator' retrieved from /home/airflow/.local/lib/python3.12/site-packages/airflow/example_dags/example_short_circuit_operator.py
[2024-07-23T02:04:34.341+0000] {logging_mixin.py:188} INFO - [2024-07-23T02:04:34.340+0000] {dag.py:3089} INFO - Sync 1 DAGs
[2024-07-23T02:04:34.446+0000] {logging_mixin.py:188} INFO - [2024-07-23T02:04:34.445+0000] {dag.py:3947} INFO - Setting next_dagrun for example_short_circuit_operator to 2024-07-22 00:00:00+00:00, run_after=2024-07-23 00:00:00+00:00
[2024-07-23T02:04:34.550+0000] {processor.py:183} INFO - Processing /home/airflow/.local/lib/python3.12/site-packages/airflow/example_dags/example_short_circuit_operator.py took 0.398 seconds
[2024-07-23T02:05:05.715+0000] {processor.py:161} INFO - Started process (PID=848) to work on /home/airflow/.local/lib/python3.12/site-packages/airflow/example_dags/example_short_circuit_operator.py
[2024-07-23T02:05:05.718+0000] {processor.py:830} INFO - Processing file /home/airflow/.local/lib/python3.12/site-packages/airflow/example_dags/example_short_circuit_operator.py for tasks to queue
[2024-07-23T02:05:05.727+0000] {logging_mixin.py:188} INFO - [2024-07-23T02:05:05.725+0000] {dagbag.py:545} INFO - Filling up the DagBag from /home/airflow/.local/lib/python3.12/site-packages/airflow/example_dags/example_short_circuit_operator.py
[2024-07-23T02:05:05.769+0000] {processor.py:840} INFO - DAG(s) 'example_short_circuit_operator' retrieved from /home/airflow/.local/lib/python3.12/site-packages/airflow/example_dags/example_short_circuit_operator.py
[2024-07-23T02:05:05.874+0000] {logging_mixin.py:188} INFO - [2024-07-23T02:05:05.873+0000] {dag.py:3089} INFO - Sync 1 DAGs
[2024-07-23T02:05:05.974+0000] {logging_mixin.py:188} INFO - [2024-07-23T02:05:05.973+0000] {dag.py:3947} INFO - Setting next_dagrun for example_short_circuit_operator to 2024-07-22 00:00:00+00:00, run_after=2024-07-23 00:00:00+00:00
[2024-07-23T02:05:06.076+0000] {processor.py:183} INFO - Processing /home/airflow/.local/lib/python3.12/site-packages/airflow/example_dags/example_short_circuit_operator.py took 0.390 seconds
[2024-07-23T02:05:37.966+0000] {processor.py:161} INFO - Started process (PID=907) to work on /home/airflow/.local/lib/python3.12/site-packages/airflow/example_dags/example_short_circuit_operator.py
[2024-07-23T02:05:37.972+0000] {processor.py:830} INFO - Processing file /home/airflow/.local/lib/python3.12/site-packages/airflow/example_dags/example_short_circuit_operator.py for tasks to queue
[2024-07-23T02:05:37.983+0000] {logging_mixin.py:188} INFO - [2024-07-23T02:05:37.980+0000] {dagbag.py:545} INFO - Filling up the DagBag from /home/airflow/.local/lib/python3.12/site-packages/airflow/example_dags/example_short_circuit_operator.py
[2024-07-23T02:05:38.026+0000] {processor.py:840} INFO - DAG(s) 'example_short_circuit_operator' retrieved from /home/airflow/.local/lib/python3.12/site-packages/airflow/example_dags/example_short_circuit_operator.py
[2024-07-23T02:05:38.150+0000] {logging_mixin.py:188} INFO - [2024-07-23T02:05:38.148+0000] {dag.py:3089} INFO - Sync 1 DAGs
[2024-07-23T02:05:38.268+0000] {logging_mixin.py:188} INFO - [2024-07-23T02:05:38.267+0000] {dag.py:3947} INFO - Setting next_dagrun for example_short_circuit_operator to 2024-07-22 00:00:00+00:00, run_after=2024-07-23 00:00:00+00:00
[2024-07-23T02:05:38.365+0000] {processor.py:183} INFO - Processing /home/airflow/.local/lib/python3.12/site-packages/airflow/example_dags/example_short_circuit_operator.py took 0.441 seconds
[2024-07-23T02:06:08.598+0000] {processor.py:161} INFO - Started process (PID=965) to work on /home/airflow/.local/lib/python3.12/site-packages/airflow/example_dags/example_short_circuit_operator.py
[2024-07-23T02:06:08.599+0000] {processor.py:830} INFO - Processing file /home/airflow/.local/lib/python3.12/site-packages/airflow/example_dags/example_short_circuit_operator.py for tasks to queue
[2024-07-23T02:06:08.601+0000] {logging_mixin.py:188} INFO - [2024-07-23T02:06:08.601+0000] {dagbag.py:545} INFO - Filling up the DagBag from /home/airflow/.local/lib/python3.12/site-packages/airflow/example_dags/example_short_circuit_operator.py
[2024-07-23T02:06:08.610+0000] {processor.py:840} INFO - DAG(s) 'example_short_circuit_operator' retrieved from /home/airflow/.local/lib/python3.12/site-packages/airflow/example_dags/example_short_circuit_operator.py
[2024-07-23T02:06:08.641+0000] {logging_mixin.py:188} INFO - [2024-07-23T02:06:08.641+0000] {dag.py:3089} INFO - Sync 1 DAGs
[2024-07-23T02:06:08.666+0000] {logging_mixin.py:188} INFO - [2024-07-23T02:06:08.666+0000] {dag.py:3947} INFO - Setting next_dagrun for example_short_circuit_operator to 2024-07-22 00:00:00+00:00, run_after=2024-07-23 00:00:00+00:00
[2024-07-23T02:06:08.692+0000] {processor.py:183} INFO - Processing /home/airflow/.local/lib/python3.12/site-packages/airflow/example_dags/example_short_circuit_operator.py took 0.101 seconds
[2024-07-23T02:06:39.237+0000] {processor.py:161} INFO - Started process (PID=1025) to work on /home/airflow/.local/lib/python3.12/site-packages/airflow/example_dags/example_short_circuit_operator.py
[2024-07-23T02:06:39.238+0000] {processor.py:830} INFO - Processing file /home/airflow/.local/lib/python3.12/site-packages/airflow/example_dags/example_short_circuit_operator.py for tasks to queue
[2024-07-23T02:06:39.240+0000] {logging_mixin.py:188} INFO - [2024-07-23T02:06:39.240+0000] {dagbag.py:545} INFO - Filling up the DagBag from /home/airflow/.local/lib/python3.12/site-packages/airflow/example_dags/example_short_circuit_operator.py
[2024-07-23T02:06:39.254+0000] {processor.py:840} INFO - DAG(s) 'example_short_circuit_operator' retrieved from /home/airflow/.local/lib/python3.12/site-packages/airflow/example_dags/example_short_circuit_operator.py
[2024-07-23T02:06:39.302+0000] {logging_mixin.py:188} INFO - [2024-07-23T02:06:39.301+0000] {dag.py:3089} INFO - Sync 1 DAGs
[2024-07-23T02:06:39.344+0000] {logging_mixin.py:188} INFO - [2024-07-23T02:06:39.344+0000] {dag.py:3947} INFO - Setting next_dagrun for example_short_circuit_operator to 2024-07-22 00:00:00+00:00, run_after=2024-07-23 00:00:00+00:00
[2024-07-23T02:06:39.368+0000] {processor.py:183} INFO - Processing /home/airflow/.local/lib/python3.12/site-packages/airflow/example_dags/example_short_circuit_operator.py took 0.140 seconds
[2024-07-23T02:07:09.483+0000] {processor.py:161} INFO - Started process (PID=1084) to work on /home/airflow/.local/lib/python3.12/site-packages/airflow/example_dags/example_short_circuit_operator.py
[2024-07-23T02:07:09.483+0000] {processor.py:830} INFO - Processing file /home/airflow/.local/lib/python3.12/site-packages/airflow/example_dags/example_short_circuit_operator.py for tasks to queue
[2024-07-23T02:07:09.486+0000] {logging_mixin.py:188} INFO - [2024-07-23T02:07:09.485+0000] {dagbag.py:545} INFO - Filling up the DagBag from /home/airflow/.local/lib/python3.12/site-packages/airflow/example_dags/example_short_circuit_operator.py
[2024-07-23T02:07:09.502+0000] {processor.py:840} INFO - DAG(s) 'example_short_circuit_operator' retrieved from /home/airflow/.local/lib/python3.12/site-packages/airflow/example_dags/example_short_circuit_operator.py
[2024-07-23T02:07:09.538+0000] {logging_mixin.py:188} INFO - [2024-07-23T02:07:09.538+0000] {dag.py:3089} INFO - Sync 1 DAGs
[2024-07-23T02:07:09.577+0000] {logging_mixin.py:188} INFO - [2024-07-23T02:07:09.577+0000] {dag.py:3947} INFO - Setting next_dagrun for example_short_circuit_operator to 2024-07-22 00:00:00+00:00, run_after=2024-07-23 00:00:00+00:00
[2024-07-23T02:07:09.600+0000] {processor.py:183} INFO - Processing /home/airflow/.local/lib/python3.12/site-packages/airflow/example_dags/example_short_circuit_operator.py took 0.127 seconds
[2024-07-23T02:07:39.896+0000] {processor.py:161} INFO - Started process (PID=1143) to work on /home/airflow/.local/lib/python3.12/site-packages/airflow/example_dags/example_short_circuit_operator.py
[2024-07-23T02:07:39.899+0000] {processor.py:830} INFO - Processing file /home/airflow/.local/lib/python3.12/site-packages/airflow/example_dags/example_short_circuit_operator.py for tasks to queue
[2024-07-23T02:07:39.901+0000] {logging_mixin.py:188} INFO - [2024-07-23T02:07:39.901+0000] {dagbag.py:545} INFO - Filling up the DagBag from /home/airflow/.local/lib/python3.12/site-packages/airflow/example_dags/example_short_circuit_operator.py
[2024-07-23T02:07:39.914+0000] {processor.py:840} INFO - DAG(s) 'example_short_circuit_operator' retrieved from /home/airflow/.local/lib/python3.12/site-packages/airflow/example_dags/example_short_circuit_operator.py
[2024-07-23T02:07:39.959+0000] {logging_mixin.py:188} INFO - [2024-07-23T02:07:39.958+0000] {dag.py:3089} INFO - Sync 1 DAGs
[2024-07-23T02:07:40.014+0000] {logging_mixin.py:188} INFO - [2024-07-23T02:07:40.013+0000] {dag.py:3947} INFO - Setting next_dagrun for example_short_circuit_operator to 2024-07-22 00:00:00+00:00, run_after=2024-07-23 00:00:00+00:00
[2024-07-23T02:07:40.062+0000] {processor.py:183} INFO - Processing /home/airflow/.local/lib/python3.12/site-packages/airflow/example_dags/example_short_circuit_operator.py took 0.176 seconds
[2024-07-23T02:08:10.447+0000] {processor.py:161} INFO - Started process (PID=1203) to work on /home/airflow/.local/lib/python3.12/site-packages/airflow/example_dags/example_short_circuit_operator.py
[2024-07-23T02:08:10.448+0000] {processor.py:830} INFO - Processing file /home/airflow/.local/lib/python3.12/site-packages/airflow/example_dags/example_short_circuit_operator.py for tasks to queue
[2024-07-23T02:08:10.450+0000] {logging_mixin.py:188} INFO - [2024-07-23T02:08:10.450+0000] {dagbag.py:545} INFO - Filling up the DagBag from /home/airflow/.local/lib/python3.12/site-packages/airflow/example_dags/example_short_circuit_operator.py
[2024-07-23T02:08:10.459+0000] {processor.py:840} INFO - DAG(s) 'example_short_circuit_operator' retrieved from /home/airflow/.local/lib/python3.12/site-packages/airflow/example_dags/example_short_circuit_operator.py
[2024-07-23T02:08:10.494+0000] {logging_mixin.py:188} INFO - [2024-07-23T02:08:10.493+0000] {dag.py:3089} INFO - Sync 1 DAGs
[2024-07-23T02:08:10.518+0000] {logging_mixin.py:188} INFO - [2024-07-23T02:08:10.518+0000] {dag.py:3947} INFO - Setting next_dagrun for example_short_circuit_operator to 2024-07-22 00:00:00+00:00, run_after=2024-07-23 00:00:00+00:00
[2024-07-23T02:08:10.542+0000] {processor.py:183} INFO - Processing /home/airflow/.local/lib/python3.12/site-packages/airflow/example_dags/example_short_circuit_operator.py took 0.101 seconds
[2024-07-23T02:08:41.335+0000] {processor.py:161} INFO - Started process (PID=1261) to work on /home/airflow/.local/lib/python3.12/site-packages/airflow/example_dags/example_short_circuit_operator.py
[2024-07-23T02:08:41.336+0000] {processor.py:830} INFO - Processing file /home/airflow/.local/lib/python3.12/site-packages/airflow/example_dags/example_short_circuit_operator.py for tasks to queue
[2024-07-23T02:08:41.338+0000] {logging_mixin.py:188} INFO - [2024-07-23T02:08:41.338+0000] {dagbag.py:545} INFO - Filling up the DagBag from /home/airflow/.local/lib/python3.12/site-packages/airflow/example_dags/example_short_circuit_operator.py
[2024-07-23T02:08:41.348+0000] {processor.py:840} INFO - DAG(s) 'example_short_circuit_operator' retrieved from /home/airflow/.local/lib/python3.12/site-packages/airflow/example_dags/example_short_circuit_operator.py
[2024-07-23T02:08:41.377+0000] {logging_mixin.py:188} INFO - [2024-07-23T02:08:41.377+0000] {dag.py:3089} INFO - Sync 1 DAGs
[2024-07-23T02:08:41.405+0000] {logging_mixin.py:188} INFO - [2024-07-23T02:08:41.405+0000] {dag.py:3947} INFO - Setting next_dagrun for example_short_circuit_operator to 2024-07-22 00:00:00+00:00, run_after=2024-07-23 00:00:00+00:00
[2024-07-23T02:08:41.433+0000] {processor.py:183} INFO - Processing /home/airflow/.local/lib/python3.12/site-packages/airflow/example_dags/example_short_circuit_operator.py took 0.106 seconds
[2024-07-23T02:09:12.092+0000] {processor.py:161} INFO - Started process (PID=1320) to work on /home/airflow/.local/lib/python3.12/site-packages/airflow/example_dags/example_short_circuit_operator.py
[2024-07-23T02:09:12.093+0000] {processor.py:830} INFO - Processing file /home/airflow/.local/lib/python3.12/site-packages/airflow/example_dags/example_short_circuit_operator.py for tasks to queue
[2024-07-23T02:09:12.096+0000] {logging_mixin.py:188} INFO - [2024-07-23T02:09:12.095+0000] {dagbag.py:545} INFO - Filling up the DagBag from /home/airflow/.local/lib/python3.12/site-packages/airflow/example_dags/example_short_circuit_operator.py
[2024-07-23T02:09:12.106+0000] {processor.py:840} INFO - DAG(s) 'example_short_circuit_operator' retrieved from /home/airflow/.local/lib/python3.12/site-packages/airflow/example_dags/example_short_circuit_operator.py
[2024-07-23T02:09:12.138+0000] {logging_mixin.py:188} INFO - [2024-07-23T02:09:12.138+0000] {dag.py:3089} INFO - Sync 1 DAGs
[2024-07-23T02:09:12.167+0000] {logging_mixin.py:188} INFO - [2024-07-23T02:09:12.167+0000] {dag.py:3947} INFO - Setting next_dagrun for example_short_circuit_operator to 2024-07-22 00:00:00+00:00, run_after=2024-07-23 00:00:00+00:00
[2024-07-23T02:09:12.192+0000] {processor.py:183} INFO - Processing /home/airflow/.local/lib/python3.12/site-packages/airflow/example_dags/example_short_circuit_operator.py took 0.109 seconds
[2024-07-23T02:09:42.460+0000] {processor.py:161} INFO - Started process (PID=1378) to work on /home/airflow/.local/lib/python3.12/site-packages/airflow/example_dags/example_short_circuit_operator.py
[2024-07-23T02:09:42.461+0000] {processor.py:830} INFO - Processing file /home/airflow/.local/lib/python3.12/site-packages/airflow/example_dags/example_short_circuit_operator.py for tasks to queue
[2024-07-23T02:09:42.463+0000] {logging_mixin.py:188} INFO - [2024-07-23T02:09:42.463+0000] {dagbag.py:545} INFO - Filling up the DagBag from /home/airflow/.local/lib/python3.12/site-packages/airflow/example_dags/example_short_circuit_operator.py
[2024-07-23T02:09:42.471+0000] {processor.py:840} INFO - DAG(s) 'example_short_circuit_operator' retrieved from /home/airflow/.local/lib/python3.12/site-packages/airflow/example_dags/example_short_circuit_operator.py
[2024-07-23T02:09:42.497+0000] {logging_mixin.py:188} INFO - [2024-07-23T02:09:42.497+0000] {dag.py:3089} INFO - Sync 1 DAGs
[2024-07-23T02:09:42.522+0000] {logging_mixin.py:188} INFO - [2024-07-23T02:09:42.521+0000] {dag.py:3947} INFO - Setting next_dagrun for example_short_circuit_operator to 2024-07-22 00:00:00+00:00, run_after=2024-07-23 00:00:00+00:00
[2024-07-23T02:09:42.543+0000] {processor.py:183} INFO - Processing /home/airflow/.local/lib/python3.12/site-packages/airflow/example_dags/example_short_circuit_operator.py took 0.089 seconds
[2024-07-23T02:10:12.632+0000] {processor.py:161} INFO - Started process (PID=1437) to work on /home/airflow/.local/lib/python3.12/site-packages/airflow/example_dags/example_short_circuit_operator.py
[2024-07-23T02:10:12.633+0000] {processor.py:830} INFO - Processing file /home/airflow/.local/lib/python3.12/site-packages/airflow/example_dags/example_short_circuit_operator.py for tasks to queue
[2024-07-23T02:10:12.635+0000] {logging_mixin.py:188} INFO - [2024-07-23T02:10:12.635+0000] {dagbag.py:545} INFO - Filling up the DagBag from /home/airflow/.local/lib/python3.12/site-packages/airflow/example_dags/example_short_circuit_operator.py
[2024-07-23T02:10:12.645+0000] {processor.py:840} INFO - DAG(s) 'example_short_circuit_operator' retrieved from /home/airflow/.local/lib/python3.12/site-packages/airflow/example_dags/example_short_circuit_operator.py
[2024-07-23T02:10:12.678+0000] {logging_mixin.py:188} INFO - [2024-07-23T02:10:12.677+0000] {dag.py:3089} INFO - Sync 1 DAGs
[2024-07-23T02:10:12.702+0000] {logging_mixin.py:188} INFO - [2024-07-23T02:10:12.702+0000] {dag.py:3947} INFO - Setting next_dagrun for example_short_circuit_operator to 2024-07-22 00:00:00+00:00, run_after=2024-07-23 00:00:00+00:00
[2024-07-23T02:10:12.725+0000] {processor.py:183} INFO - Processing /home/airflow/.local/lib/python3.12/site-packages/airflow/example_dags/example_short_circuit_operator.py took 0.100 seconds
[2024-07-23T02:10:43.766+0000] {processor.py:161} INFO - Started process (PID=1496) to work on /home/airflow/.local/lib/python3.12/site-packages/airflow/example_dags/example_short_circuit_operator.py
[2024-07-23T02:10:43.767+0000] {processor.py:830} INFO - Processing file /home/airflow/.local/lib/python3.12/site-packages/airflow/example_dags/example_short_circuit_operator.py for tasks to queue
[2024-07-23T02:10:43.770+0000] {logging_mixin.py:188} INFO - [2024-07-23T02:10:43.769+0000] {dagbag.py:545} INFO - Filling up the DagBag from /home/airflow/.local/lib/python3.12/site-packages/airflow/example_dags/example_short_circuit_operator.py
[2024-07-23T02:10:43.781+0000] {processor.py:840} INFO - DAG(s) 'example_short_circuit_operator' retrieved from /home/airflow/.local/lib/python3.12/site-packages/airflow/example_dags/example_short_circuit_operator.py
[2024-07-23T02:10:43.818+0000] {logging_mixin.py:188} INFO - [2024-07-23T02:10:43.817+0000] {dag.py:3089} INFO - Sync 1 DAGs
[2024-07-23T02:10:43.857+0000] {logging_mixin.py:188} INFO - [2024-07-23T02:10:43.857+0000] {dag.py:3947} INFO - Setting next_dagrun for example_short_circuit_operator to 2024-07-22 00:00:00+00:00, run_after=2024-07-23 00:00:00+00:00
[2024-07-23T02:10:43.891+0000] {processor.py:183} INFO - Processing /home/airflow/.local/lib/python3.12/site-packages/airflow/example_dags/example_short_circuit_operator.py took 0.132 seconds
[2024-07-23T02:11:14.000+0000] {processor.py:161} INFO - Started process (PID=1554) to work on /home/airflow/.local/lib/python3.12/site-packages/airflow/example_dags/example_short_circuit_operator.py
[2024-07-23T02:11:14.001+0000] {processor.py:830} INFO - Processing file /home/airflow/.local/lib/python3.12/site-packages/airflow/example_dags/example_short_circuit_operator.py for tasks to queue
[2024-07-23T02:11:14.003+0000] {logging_mixin.py:188} INFO - [2024-07-23T02:11:14.003+0000] {dagbag.py:545} INFO - Filling up the DagBag from /home/airflow/.local/lib/python3.12/site-packages/airflow/example_dags/example_short_circuit_operator.py
[2024-07-23T02:11:14.012+0000] {processor.py:840} INFO - DAG(s) 'example_short_circuit_operator' retrieved from /home/airflow/.local/lib/python3.12/site-packages/airflow/example_dags/example_short_circuit_operator.py
[2024-07-23T02:11:14.039+0000] {logging_mixin.py:188} INFO - [2024-07-23T02:11:14.038+0000] {dag.py:3089} INFO - Sync 1 DAGs
[2024-07-23T02:11:14.065+0000] {logging_mixin.py:188} INFO - [2024-07-23T02:11:14.065+0000] {dag.py:3947} INFO - Setting next_dagrun for example_short_circuit_operator to 2024-07-22 00:00:00+00:00, run_after=2024-07-23 00:00:00+00:00
[2024-07-23T02:11:14.087+0000] {processor.py:183} INFO - Processing /home/airflow/.local/lib/python3.12/site-packages/airflow/example_dags/example_short_circuit_operator.py took 0.094 seconds
[2024-07-23T02:11:44.185+0000] {processor.py:161} INFO - Started process (PID=1611) to work on /home/airflow/.local/lib/python3.12/site-packages/airflow/example_dags/example_short_circuit_operator.py
[2024-07-23T02:11:44.187+0000] {processor.py:830} INFO - Processing file /home/airflow/.local/lib/python3.12/site-packages/airflow/example_dags/example_short_circuit_operator.py for tasks to queue
[2024-07-23T02:11:44.188+0000] {logging_mixin.py:188} INFO - [2024-07-23T02:11:44.188+0000] {dagbag.py:545} INFO - Filling up the DagBag from /home/airflow/.local/lib/python3.12/site-packages/airflow/example_dags/example_short_circuit_operator.py
[2024-07-23T02:11:44.198+0000] {processor.py:840} INFO - DAG(s) 'example_short_circuit_operator' retrieved from /home/airflow/.local/lib/python3.12/site-packages/airflow/example_dags/example_short_circuit_operator.py
[2024-07-23T02:11:44.224+0000] {logging_mixin.py:188} INFO - [2024-07-23T02:11:44.224+0000] {dag.py:3089} INFO - Sync 1 DAGs
[2024-07-23T02:11:44.247+0000] {logging_mixin.py:188} INFO - [2024-07-23T02:11:44.247+0000] {dag.py:3947} INFO - Setting next_dagrun for example_short_circuit_operator to 2024-07-22 00:00:00+00:00, run_after=2024-07-23 00:00:00+00:00
[2024-07-23T02:11:44.269+0000] {processor.py:183} INFO - Processing /home/airflow/.local/lib/python3.12/site-packages/airflow/example_dags/example_short_circuit_operator.py took 0.092 seconds
[2024-07-23T02:12:14.319+0000] {processor.py:161} INFO - Started process (PID=1670) to work on /home/airflow/.local/lib/python3.12/site-packages/airflow/example_dags/example_short_circuit_operator.py
[2024-07-23T02:12:14.320+0000] {processor.py:830} INFO - Processing file /home/airflow/.local/lib/python3.12/site-packages/airflow/example_dags/example_short_circuit_operator.py for tasks to queue
[2024-07-23T02:12:14.322+0000] {logging_mixin.py:188} INFO - [2024-07-23T02:12:14.321+0000] {dagbag.py:545} INFO - Filling up the DagBag from /home/airflow/.local/lib/python3.12/site-packages/airflow/example_dags/example_short_circuit_operator.py
[2024-07-23T02:12:14.331+0000] {processor.py:840} INFO - DAG(s) 'example_short_circuit_operator' retrieved from /home/airflow/.local/lib/python3.12/site-packages/airflow/example_dags/example_short_circuit_operator.py
[2024-07-23T02:12:14.358+0000] {logging_mixin.py:188} INFO - [2024-07-23T02:12:14.358+0000] {dag.py:3089} INFO - Sync 1 DAGs
[2024-07-23T02:12:14.383+0000] {logging_mixin.py:188} INFO - [2024-07-23T02:12:14.382+0000] {dag.py:3947} INFO - Setting next_dagrun for example_short_circuit_operator to 2024-07-22 00:00:00+00:00, run_after=2024-07-23 00:00:00+00:00
[2024-07-23T02:12:14.403+0000] {processor.py:183} INFO - Processing /home/airflow/.local/lib/python3.12/site-packages/airflow/example_dags/example_short_circuit_operator.py took 0.091 seconds
[2024-07-23T02:12:44.664+0000] {processor.py:161} INFO - Started process (PID=1730) to work on /home/airflow/.local/lib/python3.12/site-packages/airflow/example_dags/example_short_circuit_operator.py
[2024-07-23T02:12:44.666+0000] {processor.py:830} INFO - Processing file /home/airflow/.local/lib/python3.12/site-packages/airflow/example_dags/example_short_circuit_operator.py for tasks to queue
[2024-07-23T02:12:44.668+0000] {logging_mixin.py:188} INFO - [2024-07-23T02:12:44.667+0000] {dagbag.py:545} INFO - Filling up the DagBag from /home/airflow/.local/lib/python3.12/site-packages/airflow/example_dags/example_short_circuit_operator.py
[2024-07-23T02:12:44.677+0000] {processor.py:840} INFO - DAG(s) 'example_short_circuit_operator' retrieved from /home/airflow/.local/lib/python3.12/site-packages/airflow/example_dags/example_short_circuit_operator.py
[2024-07-23T02:12:44.703+0000] {logging_mixin.py:188} INFO - [2024-07-23T02:12:44.703+0000] {dag.py:3089} INFO - Sync 1 DAGs
[2024-07-23T02:12:44.726+0000] {logging_mixin.py:188} INFO - [2024-07-23T02:12:44.726+0000] {dag.py:3947} INFO - Setting next_dagrun for example_short_circuit_operator to 2024-07-22 00:00:00+00:00, run_after=2024-07-23 00:00:00+00:00
[2024-07-23T02:12:44.749+0000] {processor.py:183} INFO - Processing /home/airflow/.local/lib/python3.12/site-packages/airflow/example_dags/example_short_circuit_operator.py took 0.092 seconds
[2024-07-23T02:13:15.057+0000] {processor.py:161} INFO - Started process (PID=1789) to work on /home/airflow/.local/lib/python3.12/site-packages/airflow/example_dags/example_short_circuit_operator.py
[2024-07-23T02:13:15.058+0000] {processor.py:830} INFO - Processing file /home/airflow/.local/lib/python3.12/site-packages/airflow/example_dags/example_short_circuit_operator.py for tasks to queue
[2024-07-23T02:13:15.060+0000] {logging_mixin.py:188} INFO - [2024-07-23T02:13:15.060+0000] {dagbag.py:545} INFO - Filling up the DagBag from /home/airflow/.local/lib/python3.12/site-packages/airflow/example_dags/example_short_circuit_operator.py
[2024-07-23T02:13:15.069+0000] {processor.py:840} INFO - DAG(s) 'example_short_circuit_operator' retrieved from /home/airflow/.local/lib/python3.12/site-packages/airflow/example_dags/example_short_circuit_operator.py
[2024-07-23T02:13:15.099+0000] {logging_mixin.py:188} INFO - [2024-07-23T02:13:15.098+0000] {dag.py:3089} INFO - Sync 1 DAGs
[2024-07-23T02:13:15.128+0000] {logging_mixin.py:188} INFO - [2024-07-23T02:13:15.128+0000] {dag.py:3947} INFO - Setting next_dagrun for example_short_circuit_operator to 2024-07-22 00:00:00+00:00, run_after=2024-07-23 00:00:00+00:00
[2024-07-23T02:13:15.155+0000] {processor.py:183} INFO - Processing /home/airflow/.local/lib/python3.12/site-packages/airflow/example_dags/example_short_circuit_operator.py took 0.106 seconds
[2024-07-23T02:13:46.112+0000] {processor.py:161} INFO - Started process (PID=1857) to work on /home/airflow/.local/lib/python3.12/site-packages/airflow/example_dags/example_short_circuit_operator.py
[2024-07-23T02:13:46.116+0000] {processor.py:830} INFO - Processing file /home/airflow/.local/lib/python3.12/site-packages/airflow/example_dags/example_short_circuit_operator.py for tasks to queue
[2024-07-23T02:13:46.122+0000] {logging_mixin.py:188} INFO - [2024-07-23T02:13:46.119+0000] {dagbag.py:545} INFO - Filling up the DagBag from /home/airflow/.local/lib/python3.12/site-packages/airflow/example_dags/example_short_circuit_operator.py
[2024-07-23T02:13:46.144+0000] {processor.py:840} INFO - DAG(s) 'example_short_circuit_operator' retrieved from /home/airflow/.local/lib/python3.12/site-packages/airflow/example_dags/example_short_circuit_operator.py
[2024-07-23T02:13:46.221+0000] {logging_mixin.py:188} INFO - [2024-07-23T02:13:46.220+0000] {dag.py:3089} INFO - Sync 1 DAGs
[2024-07-23T02:13:46.278+0000] {logging_mixin.py:188} INFO - [2024-07-23T02:13:46.277+0000] {dag.py:3947} INFO - Setting next_dagrun for example_short_circuit_operator to 2024-07-22 00:00:00+00:00, run_after=2024-07-23 00:00:00+00:00
[2024-07-23T02:13:46.314+0000] {processor.py:183} INFO - Processing /home/airflow/.local/lib/python3.12/site-packages/airflow/example_dags/example_short_circuit_operator.py took 0.230 seconds
[2024-07-23T02:14:16.439+0000] {processor.py:161} INFO - Started process (PID=1916) to work on /home/airflow/.local/lib/python3.12/site-packages/airflow/example_dags/example_short_circuit_operator.py
[2024-07-23T02:14:16.440+0000] {processor.py:830} INFO - Processing file /home/airflow/.local/lib/python3.12/site-packages/airflow/example_dags/example_short_circuit_operator.py for tasks to queue
[2024-07-23T02:14:16.442+0000] {logging_mixin.py:188} INFO - [2024-07-23T02:14:16.442+0000] {dagbag.py:545} INFO - Filling up the DagBag from /home/airflow/.local/lib/python3.12/site-packages/airflow/example_dags/example_short_circuit_operator.py
[2024-07-23T02:14:16.453+0000] {processor.py:840} INFO - DAG(s) 'example_short_circuit_operator' retrieved from /home/airflow/.local/lib/python3.12/site-packages/airflow/example_dags/example_short_circuit_operator.py
[2024-07-23T02:14:16.488+0000] {logging_mixin.py:188} INFO - [2024-07-23T02:14:16.488+0000] {dag.py:3089} INFO - Sync 1 DAGs
[2024-07-23T02:14:16.523+0000] {logging_mixin.py:188} INFO - [2024-07-23T02:14:16.523+0000] {dag.py:3947} INFO - Setting next_dagrun for example_short_circuit_operator to 2024-07-22 00:00:00+00:00, run_after=2024-07-23 00:00:00+00:00
[2024-07-23T02:14:16.550+0000] {processor.py:183} INFO - Processing /home/airflow/.local/lib/python3.12/site-packages/airflow/example_dags/example_short_circuit_operator.py took 0.119 seconds
[2024-07-23T02:14:47.464+0000] {processor.py:161} INFO - Started process (PID=1975) to work on /home/airflow/.local/lib/python3.12/site-packages/airflow/example_dags/example_short_circuit_operator.py
[2024-07-23T02:14:47.465+0000] {processor.py:830} INFO - Processing file /home/airflow/.local/lib/python3.12/site-packages/airflow/example_dags/example_short_circuit_operator.py for tasks to queue
[2024-07-23T02:14:47.467+0000] {logging_mixin.py:188} INFO - [2024-07-23T02:14:47.466+0000] {dagbag.py:545} INFO - Filling up the DagBag from /home/airflow/.local/lib/python3.12/site-packages/airflow/example_dags/example_short_circuit_operator.py
[2024-07-23T02:14:47.475+0000] {processor.py:840} INFO - DAG(s) 'example_short_circuit_operator' retrieved from /home/airflow/.local/lib/python3.12/site-packages/airflow/example_dags/example_short_circuit_operator.py
[2024-07-23T02:14:47.502+0000] {logging_mixin.py:188} INFO - [2024-07-23T02:14:47.502+0000] {dag.py:3089} INFO - Sync 1 DAGs
[2024-07-23T02:14:47.666+0000] {logging_mixin.py:188} INFO - [2024-07-23T02:14:47.665+0000] {dag.py:3947} INFO - Setting next_dagrun for example_short_circuit_operator to 2024-07-22 00:00:00+00:00, run_after=2024-07-23 00:00:00+00:00
[2024-07-23T02:14:47.686+0000] {processor.py:183} INFO - Processing /home/airflow/.local/lib/python3.12/site-packages/airflow/example_dags/example_short_circuit_operator.py took 0.229 seconds
[2024-07-23T02:15:19.467+0000] {processor.py:161} INFO - Started process (PID=2034) to work on /home/airflow/.local/lib/python3.12/site-packages/airflow/example_dags/example_short_circuit_operator.py
[2024-07-23T02:15:19.470+0000] {processor.py:830} INFO - Processing file /home/airflow/.local/lib/python3.12/site-packages/airflow/example_dags/example_short_circuit_operator.py for tasks to queue
[2024-07-23T02:15:19.478+0000] {logging_mixin.py:188} INFO - [2024-07-23T02:15:19.476+0000] {dagbag.py:545} INFO - Filling up the DagBag from /home/airflow/.local/lib/python3.12/site-packages/airflow/example_dags/example_short_circuit_operator.py
[2024-07-23T02:15:19.510+0000] {processor.py:840} INFO - DAG(s) 'example_short_circuit_operator' retrieved from /home/airflow/.local/lib/python3.12/site-packages/airflow/example_dags/example_short_circuit_operator.py
[2024-07-23T02:15:19.608+0000] {logging_mixin.py:188} INFO - [2024-07-23T02:15:19.607+0000] {dag.py:3089} INFO - Sync 1 DAGs
[2024-07-23T02:15:19.710+0000] {logging_mixin.py:188} INFO - [2024-07-23T02:15:19.709+0000] {dag.py:3947} INFO - Setting next_dagrun for example_short_circuit_operator to 2024-07-22 00:00:00+00:00, run_after=2024-07-23 00:00:00+00:00
[2024-07-23T02:15:20.227+0000] {processor.py:183} INFO - Processing /home/airflow/.local/lib/python3.12/site-packages/airflow/example_dags/example_short_circuit_operator.py took 0.788 seconds
[2024-07-23T02:15:50.457+0000] {processor.py:161} INFO - Started process (PID=2093) to work on /home/airflow/.local/lib/python3.12/site-packages/airflow/example_dags/example_short_circuit_operator.py
[2024-07-23T02:15:50.461+0000] {processor.py:830} INFO - Processing file /home/airflow/.local/lib/python3.12/site-packages/airflow/example_dags/example_short_circuit_operator.py for tasks to queue
[2024-07-23T02:15:50.469+0000] {logging_mixin.py:188} INFO - [2024-07-23T02:15:50.468+0000] {dagbag.py:545} INFO - Filling up the DagBag from /home/airflow/.local/lib/python3.12/site-packages/airflow/example_dags/example_short_circuit_operator.py
[2024-07-23T02:15:50.503+0000] {processor.py:840} INFO - DAG(s) 'example_short_circuit_operator' retrieved from /home/airflow/.local/lib/python3.12/site-packages/airflow/example_dags/example_short_circuit_operator.py
[2024-07-23T02:15:50.602+0000] {logging_mixin.py:188} INFO - [2024-07-23T02:15:50.601+0000] {dag.py:3089} INFO - Sync 1 DAGs
[2024-07-23T02:15:50.695+0000] {logging_mixin.py:188} INFO - [2024-07-23T02:15:50.694+0000] {dag.py:3947} INFO - Setting next_dagrun for example_short_circuit_operator to 2024-07-22 00:00:00+00:00, run_after=2024-07-23 00:00:00+00:00
[2024-07-23T02:15:50.768+0000] {processor.py:183} INFO - Processing /home/airflow/.local/lib/python3.12/site-packages/airflow/example_dags/example_short_circuit_operator.py took 0.338 seconds
[2024-07-23T02:16:22.366+0000] {processor.py:161} INFO - Started process (PID=2153) to work on /home/airflow/.local/lib/python3.12/site-packages/airflow/example_dags/example_short_circuit_operator.py
[2024-07-23T02:16:22.371+0000] {processor.py:830} INFO - Processing file /home/airflow/.local/lib/python3.12/site-packages/airflow/example_dags/example_short_circuit_operator.py for tasks to queue
[2024-07-23T02:16:22.382+0000] {logging_mixin.py:188} INFO - [2024-07-23T02:16:22.379+0000] {dagbag.py:545} INFO - Filling up the DagBag from /home/airflow/.local/lib/python3.12/site-packages/airflow/example_dags/example_short_circuit_operator.py
[2024-07-23T02:16:22.429+0000] {processor.py:840} INFO - DAG(s) 'example_short_circuit_operator' retrieved from /home/airflow/.local/lib/python3.12/site-packages/airflow/example_dags/example_short_circuit_operator.py
[2024-07-23T02:16:22.582+0000] {logging_mixin.py:188} INFO - [2024-07-23T02:16:22.581+0000] {dag.py:3089} INFO - Sync 1 DAGs
[2024-07-23T02:16:22.702+0000] {logging_mixin.py:188} INFO - [2024-07-23T02:16:22.701+0000] {dag.py:3947} INFO - Setting next_dagrun for example_short_circuit_operator to 2024-07-22 00:00:00+00:00, run_after=2024-07-23 00:00:00+00:00
[2024-07-23T02:16:22.798+0000] {processor.py:183} INFO - Processing /home/airflow/.local/lib/python3.12/site-packages/airflow/example_dags/example_short_circuit_operator.py took 0.467 seconds
[2024-07-23T02:16:53.719+0000] {processor.py:161} INFO - Started process (PID=2220) to work on /home/airflow/.local/lib/python3.12/site-packages/airflow/example_dags/example_short_circuit_operator.py
[2024-07-23T02:16:53.723+0000] {processor.py:830} INFO - Processing file /home/airflow/.local/lib/python3.12/site-packages/airflow/example_dags/example_short_circuit_operator.py for tasks to queue
[2024-07-23T02:16:53.733+0000] {logging_mixin.py:188} INFO - [2024-07-23T02:16:53.731+0000] {dagbag.py:545} INFO - Filling up the DagBag from /home/airflow/.local/lib/python3.12/site-packages/airflow/example_dags/example_short_circuit_operator.py
[2024-07-23T02:16:53.778+0000] {processor.py:840} INFO - DAG(s) 'example_short_circuit_operator' retrieved from /home/airflow/.local/lib/python3.12/site-packages/airflow/example_dags/example_short_circuit_operator.py
[2024-07-23T02:16:53.929+0000] {logging_mixin.py:188} INFO - [2024-07-23T02:16:53.928+0000] {dag.py:3089} INFO - Sync 1 DAGs
[2024-07-23T02:16:54.068+0000] {logging_mixin.py:188} INFO - [2024-07-23T02:16:54.067+0000] {dag.py:3947} INFO - Setting next_dagrun for example_short_circuit_operator to 2024-07-22 00:00:00+00:00, run_after=2024-07-23 00:00:00+00:00
[2024-07-23T02:16:54.185+0000] {processor.py:183} INFO - Processing /home/airflow/.local/lib/python3.12/site-packages/airflow/example_dags/example_short_circuit_operator.py took 0.509 seconds
[2024-07-23T02:17:24.886+0000] {processor.py:161} INFO - Started process (PID=2278) to work on /home/airflow/.local/lib/python3.12/site-packages/airflow/example_dags/example_short_circuit_operator.py
[2024-07-23T02:17:24.890+0000] {processor.py:830} INFO - Processing file /home/airflow/.local/lib/python3.12/site-packages/airflow/example_dags/example_short_circuit_operator.py for tasks to queue
[2024-07-23T02:17:24.900+0000] {logging_mixin.py:188} INFO - [2024-07-23T02:17:24.898+0000] {dagbag.py:545} INFO - Filling up the DagBag from /home/airflow/.local/lib/python3.12/site-packages/airflow/example_dags/example_short_circuit_operator.py
[2024-07-23T02:17:24.929+0000] {processor.py:840} INFO - DAG(s) 'example_short_circuit_operator' retrieved from /home/airflow/.local/lib/python3.12/site-packages/airflow/example_dags/example_short_circuit_operator.py
[2024-07-23T02:17:25.021+0000] {logging_mixin.py:188} INFO - [2024-07-23T02:17:25.020+0000] {dag.py:3089} INFO - Sync 1 DAGs
[2024-07-23T02:17:25.109+0000] {logging_mixin.py:188} INFO - [2024-07-23T02:17:25.108+0000] {dag.py:3947} INFO - Setting next_dagrun for example_short_circuit_operator to 2024-07-22 00:00:00+00:00, run_after=2024-07-23 00:00:00+00:00
[2024-07-23T02:17:25.181+0000] {processor.py:183} INFO - Processing /home/airflow/.local/lib/python3.12/site-packages/airflow/example_dags/example_short_circuit_operator.py took 0.320 seconds
[2024-07-23T02:17:55.487+0000] {processor.py:161} INFO - Started process (PID=2337) to work on /home/airflow/.local/lib/python3.12/site-packages/airflow/example_dags/example_short_circuit_operator.py
[2024-07-23T02:17:55.491+0000] {processor.py:830} INFO - Processing file /home/airflow/.local/lib/python3.12/site-packages/airflow/example_dags/example_short_circuit_operator.py for tasks to queue
[2024-07-23T02:17:55.502+0000] {logging_mixin.py:188} INFO - [2024-07-23T02:17:55.501+0000] {dagbag.py:545} INFO - Filling up the DagBag from /home/airflow/.local/lib/python3.12/site-packages/airflow/example_dags/example_short_circuit_operator.py
[2024-07-23T02:17:55.537+0000] {processor.py:840} INFO - DAG(s) 'example_short_circuit_operator' retrieved from /home/airflow/.local/lib/python3.12/site-packages/airflow/example_dags/example_short_circuit_operator.py
[2024-07-23T02:17:55.658+0000] {logging_mixin.py:188} INFO - [2024-07-23T02:17:55.656+0000] {dag.py:3089} INFO - Sync 1 DAGs
[2024-07-23T02:17:55.771+0000] {logging_mixin.py:188} INFO - [2024-07-23T02:17:55.770+0000] {dag.py:3947} INFO - Setting next_dagrun for example_short_circuit_operator to 2024-07-22 00:00:00+00:00, run_after=2024-07-23 00:00:00+00:00
[2024-07-23T02:17:55.858+0000] {processor.py:183} INFO - Processing /home/airflow/.local/lib/python3.12/site-packages/airflow/example_dags/example_short_circuit_operator.py took 0.403 seconds
[2024-07-23T02:18:26.436+0000] {processor.py:161} INFO - Started process (PID=2396) to work on /home/airflow/.local/lib/python3.12/site-packages/airflow/example_dags/example_short_circuit_operator.py
[2024-07-23T02:18:26.440+0000] {processor.py:830} INFO - Processing file /home/airflow/.local/lib/python3.12/site-packages/airflow/example_dags/example_short_circuit_operator.py for tasks to queue
[2024-07-23T02:18:26.447+0000] {logging_mixin.py:188} INFO - [2024-07-23T02:18:26.445+0000] {dagbag.py:545} INFO - Filling up the DagBag from /home/airflow/.local/lib/python3.12/site-packages/airflow/example_dags/example_short_circuit_operator.py
[2024-07-23T02:18:26.479+0000] {processor.py:840} INFO - DAG(s) 'example_short_circuit_operator' retrieved from /home/airflow/.local/lib/python3.12/site-packages/airflow/example_dags/example_short_circuit_operator.py
[2024-07-23T02:18:26.589+0000] {logging_mixin.py:188} INFO - [2024-07-23T02:18:26.588+0000] {dag.py:3089} INFO - Sync 1 DAGs
[2024-07-23T02:18:26.698+0000] {logging_mixin.py:188} INFO - [2024-07-23T02:18:26.697+0000] {dag.py:3947} INFO - Setting next_dagrun for example_short_circuit_operator to 2024-07-22 00:00:00+00:00, run_after=2024-07-23 00:00:00+00:00
[2024-07-23T02:18:26.773+0000] {processor.py:183} INFO - Processing /home/airflow/.local/lib/python3.12/site-packages/airflow/example_dags/example_short_circuit_operator.py took 0.371 seconds
[2024-07-23T02:18:56.935+0000] {processor.py:161} INFO - Started process (PID=2457) to work on /home/airflow/.local/lib/python3.12/site-packages/airflow/example_dags/example_short_circuit_operator.py
[2024-07-23T02:18:56.938+0000] {processor.py:830} INFO - Processing file /home/airflow/.local/lib/python3.12/site-packages/airflow/example_dags/example_short_circuit_operator.py for tasks to queue
[2024-07-23T02:18:56.944+0000] {logging_mixin.py:188} INFO - [2024-07-23T02:18:56.943+0000] {dagbag.py:545} INFO - Filling up the DagBag from /home/airflow/.local/lib/python3.12/site-packages/airflow/example_dags/example_short_circuit_operator.py
[2024-07-23T02:18:56.983+0000] {processor.py:840} INFO - DAG(s) 'example_short_circuit_operator' retrieved from /home/airflow/.local/lib/python3.12/site-packages/airflow/example_dags/example_short_circuit_operator.py
[2024-07-23T02:18:57.094+0000] {logging_mixin.py:188} INFO - [2024-07-23T02:18:57.093+0000] {dag.py:3089} INFO - Sync 1 DAGs
[2024-07-23T02:18:57.215+0000] {logging_mixin.py:188} INFO - [2024-07-23T02:18:57.214+0000] {dag.py:3947} INFO - Setting next_dagrun for example_short_circuit_operator to 2024-07-22 00:00:00+00:00, run_after=2024-07-23 00:00:00+00:00
[2024-07-23T02:18:57.333+0000] {processor.py:183} INFO - Processing /home/airflow/.local/lib/python3.12/site-packages/airflow/example_dags/example_short_circuit_operator.py took 0.425 seconds
[2024-07-23T02:19:27.535+0000] {processor.py:161} INFO - Started process (PID=2516) to work on /home/airflow/.local/lib/python3.12/site-packages/airflow/example_dags/example_short_circuit_operator.py
[2024-07-23T02:19:27.556+0000] {processor.py:830} INFO - Processing file /home/airflow/.local/lib/python3.12/site-packages/airflow/example_dags/example_short_circuit_operator.py for tasks to queue
[2024-07-23T02:19:27.563+0000] {logging_mixin.py:188} INFO - [2024-07-23T02:19:27.561+0000] {dagbag.py:545} INFO - Filling up the DagBag from /home/airflow/.local/lib/python3.12/site-packages/airflow/example_dags/example_short_circuit_operator.py
[2024-07-23T02:19:27.594+0000] {processor.py:840} INFO - DAG(s) 'example_short_circuit_operator' retrieved from /home/airflow/.local/lib/python3.12/site-packages/airflow/example_dags/example_short_circuit_operator.py
[2024-07-23T02:19:27.690+0000] {logging_mixin.py:188} INFO - [2024-07-23T02:19:27.689+0000] {dag.py:3089} INFO - Sync 1 DAGs
[2024-07-23T02:19:27.785+0000] {logging_mixin.py:188} INFO - [2024-07-23T02:19:27.784+0000] {dag.py:3947} INFO - Setting next_dagrun for example_short_circuit_operator to 2024-07-22 00:00:00+00:00, run_after=2024-07-23 00:00:00+00:00
[2024-07-23T02:19:27.878+0000] {processor.py:183} INFO - Processing /home/airflow/.local/lib/python3.12/site-packages/airflow/example_dags/example_short_circuit_operator.py took 0.371 seconds
[2024-07-23T02:19:58.124+0000] {processor.py:161} INFO - Started process (PID=2574) to work on /home/airflow/.local/lib/python3.12/site-packages/airflow/example_dags/example_short_circuit_operator.py
[2024-07-23T02:19:58.125+0000] {processor.py:830} INFO - Processing file /home/airflow/.local/lib/python3.12/site-packages/airflow/example_dags/example_short_circuit_operator.py for tasks to queue
[2024-07-23T02:19:58.127+0000] {logging_mixin.py:188} INFO - [2024-07-23T02:19:58.126+0000] {dagbag.py:545} INFO - Filling up the DagBag from /home/airflow/.local/lib/python3.12/site-packages/airflow/example_dags/example_short_circuit_operator.py
[2024-07-23T02:19:58.135+0000] {processor.py:840} INFO - DAG(s) 'example_short_circuit_operator' retrieved from /home/airflow/.local/lib/python3.12/site-packages/airflow/example_dags/example_short_circuit_operator.py
[2024-07-23T02:19:58.163+0000] {logging_mixin.py:188} INFO - [2024-07-23T02:19:58.163+0000] {dag.py:3089} INFO - Sync 1 DAGs
[2024-07-23T02:19:58.191+0000] {logging_mixin.py:188} INFO - [2024-07-23T02:19:58.190+0000] {dag.py:3947} INFO - Setting next_dagrun for example_short_circuit_operator to 2024-07-22 00:00:00+00:00, run_after=2024-07-23 00:00:00+00:00
[2024-07-23T02:19:58.215+0000] {processor.py:183} INFO - Processing /home/airflow/.local/lib/python3.12/site-packages/airflow/example_dags/example_short_circuit_operator.py took 0.098 seconds
[2024-07-23T02:20:28.490+0000] {processor.py:161} INFO - Started process (PID=2633) to work on /home/airflow/.local/lib/python3.12/site-packages/airflow/example_dags/example_short_circuit_operator.py
[2024-07-23T02:20:28.491+0000] {processor.py:830} INFO - Processing file /home/airflow/.local/lib/python3.12/site-packages/airflow/example_dags/example_short_circuit_operator.py for tasks to queue
[2024-07-23T02:20:28.494+0000] {logging_mixin.py:188} INFO - [2024-07-23T02:20:28.493+0000] {dagbag.py:545} INFO - Filling up the DagBag from /home/airflow/.local/lib/python3.12/site-packages/airflow/example_dags/example_short_circuit_operator.py
[2024-07-23T02:20:28.503+0000] {processor.py:840} INFO - DAG(s) 'example_short_circuit_operator' retrieved from /home/airflow/.local/lib/python3.12/site-packages/airflow/example_dags/example_short_circuit_operator.py
[2024-07-23T02:20:28.539+0000] {logging_mixin.py:188} INFO - [2024-07-23T02:20:28.538+0000] {dag.py:3089} INFO - Sync 1 DAGs
[2024-07-23T02:20:28.573+0000] {logging_mixin.py:188} INFO - [2024-07-23T02:20:28.573+0000] {dag.py:3947} INFO - Setting next_dagrun for example_short_circuit_operator to 2024-07-22 00:00:00+00:00, run_after=2024-07-23 00:00:00+00:00
[2024-07-23T02:20:28.605+0000] {processor.py:183} INFO - Processing /home/airflow/.local/lib/python3.12/site-packages/airflow/example_dags/example_short_circuit_operator.py took 0.122 seconds
[2024-07-23T02:20:58.648+0000] {processor.py:161} INFO - Started process (PID=2691) to work on /home/airflow/.local/lib/python3.12/site-packages/airflow/example_dags/example_short_circuit_operator.py
[2024-07-23T02:20:58.648+0000] {processor.py:830} INFO - Processing file /home/airflow/.local/lib/python3.12/site-packages/airflow/example_dags/example_short_circuit_operator.py for tasks to queue
[2024-07-23T02:20:58.650+0000] {logging_mixin.py:188} INFO - [2024-07-23T02:20:58.650+0000] {dagbag.py:545} INFO - Filling up the DagBag from /home/airflow/.local/lib/python3.12/site-packages/airflow/example_dags/example_short_circuit_operator.py
[2024-07-23T02:20:58.657+0000] {processor.py:840} INFO - DAG(s) 'example_short_circuit_operator' retrieved from /home/airflow/.local/lib/python3.12/site-packages/airflow/example_dags/example_short_circuit_operator.py
[2024-07-23T02:20:58.683+0000] {logging_mixin.py:188} INFO - [2024-07-23T02:20:58.683+0000] {dag.py:3089} INFO - Sync 1 DAGs
[2024-07-23T02:20:58.710+0000] {logging_mixin.py:188} INFO - [2024-07-23T02:20:58.710+0000] {dag.py:3947} INFO - Setting next_dagrun for example_short_circuit_operator to 2024-07-22 00:00:00+00:00, run_after=2024-07-23 00:00:00+00:00
[2024-07-23T02:20:58.734+0000] {processor.py:183} INFO - Processing /home/airflow/.local/lib/python3.12/site-packages/airflow/example_dags/example_short_circuit_operator.py took 0.093 seconds
[2024-07-23T02:21:29.050+0000] {processor.py:161} INFO - Started process (PID=2750) to work on /home/airflow/.local/lib/python3.12/site-packages/airflow/example_dags/example_short_circuit_operator.py
[2024-07-23T02:21:29.051+0000] {processor.py:830} INFO - Processing file /home/airflow/.local/lib/python3.12/site-packages/airflow/example_dags/example_short_circuit_operator.py for tasks to queue
[2024-07-23T02:21:29.053+0000] {logging_mixin.py:188} INFO - [2024-07-23T02:21:29.053+0000] {dagbag.py:545} INFO - Filling up the DagBag from /home/airflow/.local/lib/python3.12/site-packages/airflow/example_dags/example_short_circuit_operator.py
[2024-07-23T02:21:29.061+0000] {processor.py:840} INFO - DAG(s) 'example_short_circuit_operator' retrieved from /home/airflow/.local/lib/python3.12/site-packages/airflow/example_dags/example_short_circuit_operator.py
[2024-07-23T02:21:29.102+0000] {logging_mixin.py:188} INFO - [2024-07-23T02:21:29.101+0000] {dag.py:3089} INFO - Sync 1 DAGs
[2024-07-23T02:21:29.137+0000] {logging_mixin.py:188} INFO - [2024-07-23T02:21:29.137+0000] {dag.py:3947} INFO - Setting next_dagrun for example_short_circuit_operator to 2024-07-22 00:00:00+00:00, run_after=2024-07-23 00:00:00+00:00
[2024-07-23T02:21:29.161+0000] {processor.py:183} INFO - Processing /home/airflow/.local/lib/python3.12/site-packages/airflow/example_dags/example_short_circuit_operator.py took 0.117 seconds
[2024-07-23T02:21:59.333+0000] {processor.py:161} INFO - Started process (PID=2816) to work on /home/airflow/.local/lib/python3.12/site-packages/airflow/example_dags/example_short_circuit_operator.py
[2024-07-23T02:21:59.334+0000] {processor.py:830} INFO - Processing file /home/airflow/.local/lib/python3.12/site-packages/airflow/example_dags/example_short_circuit_operator.py for tasks to queue
[2024-07-23T02:21:59.336+0000] {logging_mixin.py:188} INFO - [2024-07-23T02:21:59.336+0000] {dagbag.py:545} INFO - Filling up the DagBag from /home/airflow/.local/lib/python3.12/site-packages/airflow/example_dags/example_short_circuit_operator.py
[2024-07-23T02:21:59.344+0000] {processor.py:840} INFO - DAG(s) 'example_short_circuit_operator' retrieved from /home/airflow/.local/lib/python3.12/site-packages/airflow/example_dags/example_short_circuit_operator.py
[2024-07-23T02:21:59.373+0000] {logging_mixin.py:188} INFO - [2024-07-23T02:21:59.373+0000] {dag.py:3089} INFO - Sync 1 DAGs
[2024-07-23T02:21:59.400+0000] {logging_mixin.py:188} INFO - [2024-07-23T02:21:59.400+0000] {dag.py:3947} INFO - Setting next_dagrun for example_short_circuit_operator to 2024-07-22 00:00:00+00:00, run_after=2024-07-23 00:00:00+00:00
[2024-07-23T02:21:59.424+0000] {processor.py:183} INFO - Processing /home/airflow/.local/lib/python3.12/site-packages/airflow/example_dags/example_short_circuit_operator.py took 0.098 seconds
[2024-07-23T02:22:29.822+0000] {processor.py:161} INFO - Started process (PID=2875) to work on /home/airflow/.local/lib/python3.12/site-packages/airflow/example_dags/example_short_circuit_operator.py
[2024-07-23T02:22:29.823+0000] {processor.py:830} INFO - Processing file /home/airflow/.local/lib/python3.12/site-packages/airflow/example_dags/example_short_circuit_operator.py for tasks to queue
[2024-07-23T02:22:29.826+0000] {logging_mixin.py:188} INFO - [2024-07-23T02:22:29.825+0000] {dagbag.py:545} INFO - Filling up the DagBag from /home/airflow/.local/lib/python3.12/site-packages/airflow/example_dags/example_short_circuit_operator.py
[2024-07-23T02:22:29.836+0000] {processor.py:840} INFO - DAG(s) 'example_short_circuit_operator' retrieved from /home/airflow/.local/lib/python3.12/site-packages/airflow/example_dags/example_short_circuit_operator.py
[2024-07-23T02:22:29.874+0000] {logging_mixin.py:188} INFO - [2024-07-23T02:22:29.874+0000] {dag.py:3089} INFO - Sync 1 DAGs
[2024-07-23T02:22:29.913+0000] {logging_mixin.py:188} INFO - [2024-07-23T02:22:29.913+0000] {dag.py:3947} INFO - Setting next_dagrun for example_short_circuit_operator to 2024-07-22 00:00:00+00:00, run_after=2024-07-23 00:00:00+00:00
[2024-07-23T02:22:29.946+0000] {processor.py:183} INFO - Processing /home/airflow/.local/lib/python3.12/site-packages/airflow/example_dags/example_short_circuit_operator.py took 0.134 seconds
[2024-07-23T02:23:00.308+0000] {processor.py:161} INFO - Started process (PID=2941) to work on /home/airflow/.local/lib/python3.12/site-packages/airflow/example_dags/example_short_circuit_operator.py
[2024-07-23T02:23:00.309+0000] {processor.py:830} INFO - Processing file /home/airflow/.local/lib/python3.12/site-packages/airflow/example_dags/example_short_circuit_operator.py for tasks to queue
[2024-07-23T02:23:00.312+0000] {logging_mixin.py:188} INFO - [2024-07-23T02:23:00.311+0000] {dagbag.py:545} INFO - Filling up the DagBag from /home/airflow/.local/lib/python3.12/site-packages/airflow/example_dags/example_short_circuit_operator.py
[2024-07-23T02:23:00.322+0000] {processor.py:840} INFO - DAG(s) 'example_short_circuit_operator' retrieved from /home/airflow/.local/lib/python3.12/site-packages/airflow/example_dags/example_short_circuit_operator.py
[2024-07-23T02:23:00.362+0000] {logging_mixin.py:188} INFO - [2024-07-23T02:23:00.361+0000] {dag.py:3089} INFO - Sync 1 DAGs
[2024-07-23T02:23:00.400+0000] {logging_mixin.py:188} INFO - [2024-07-23T02:23:00.399+0000] {dag.py:3947} INFO - Setting next_dagrun for example_short_circuit_operator to 2024-07-22 00:00:00+00:00, run_after=2024-07-23 00:00:00+00:00
[2024-07-23T02:23:00.426+0000] {processor.py:183} INFO - Processing /home/airflow/.local/lib/python3.12/site-packages/airflow/example_dags/example_short_circuit_operator.py took 0.126 seconds
[2024-07-23T02:23:30.582+0000] {processor.py:161} INFO - Started process (PID=3000) to work on /home/airflow/.local/lib/python3.12/site-packages/airflow/example_dags/example_short_circuit_operator.py
[2024-07-23T02:23:30.583+0000] {processor.py:830} INFO - Processing file /home/airflow/.local/lib/python3.12/site-packages/airflow/example_dags/example_short_circuit_operator.py for tasks to queue
[2024-07-23T02:23:30.586+0000] {logging_mixin.py:188} INFO - [2024-07-23T02:23:30.586+0000] {dagbag.py:545} INFO - Filling up the DagBag from /home/airflow/.local/lib/python3.12/site-packages/airflow/example_dags/example_short_circuit_operator.py
[2024-07-23T02:23:30.596+0000] {processor.py:840} INFO - DAG(s) 'example_short_circuit_operator' retrieved from /home/airflow/.local/lib/python3.12/site-packages/airflow/example_dags/example_short_circuit_operator.py
[2024-07-23T02:23:30.630+0000] {logging_mixin.py:188} INFO - [2024-07-23T02:23:30.630+0000] {dag.py:3089} INFO - Sync 1 DAGs
[2024-07-23T02:23:30.672+0000] {logging_mixin.py:188} INFO - [2024-07-23T02:23:30.671+0000] {dag.py:3947} INFO - Setting next_dagrun for example_short_circuit_operator to 2024-07-22 00:00:00+00:00, run_after=2024-07-23 00:00:00+00:00
[2024-07-23T02:23:30.713+0000] {processor.py:183} INFO - Processing /home/airflow/.local/lib/python3.12/site-packages/airflow/example_dags/example_short_circuit_operator.py took 0.143 seconds
[2024-07-23T02:24:01.047+0000] {processor.py:161} INFO - Started process (PID=3059) to work on /home/airflow/.local/lib/python3.12/site-packages/airflow/example_dags/example_short_circuit_operator.py
[2024-07-23T02:24:01.050+0000] {processor.py:830} INFO - Processing file /home/airflow/.local/lib/python3.12/site-packages/airflow/example_dags/example_short_circuit_operator.py for tasks to queue
[2024-07-23T02:24:01.057+0000] {logging_mixin.py:188} INFO - [2024-07-23T02:24:01.056+0000] {dagbag.py:545} INFO - Filling up the DagBag from /home/airflow/.local/lib/python3.12/site-packages/airflow/example_dags/example_short_circuit_operator.py
[2024-07-23T02:24:01.095+0000] {processor.py:840} INFO - DAG(s) 'example_short_circuit_operator' retrieved from /home/airflow/.local/lib/python3.12/site-packages/airflow/example_dags/example_short_circuit_operator.py
[2024-07-23T02:24:01.227+0000] {logging_mixin.py:188} INFO - [2024-07-23T02:24:01.226+0000] {dag.py:3089} INFO - Sync 1 DAGs
[2024-07-23T02:24:01.343+0000] {logging_mixin.py:188} INFO - [2024-07-23T02:24:01.343+0000] {dag.py:3947} INFO - Setting next_dagrun for example_short_circuit_operator to 2024-07-22 00:00:00+00:00, run_after=2024-07-23 00:00:00+00:00
[2024-07-23T02:24:01.406+0000] {processor.py:183} INFO - Processing /home/airflow/.local/lib/python3.12/site-packages/airflow/example_dags/example_short_circuit_operator.py took 0.382 seconds
[2024-07-23T02:24:31.564+0000] {processor.py:161} INFO - Started process (PID=3117) to work on /home/airflow/.local/lib/python3.12/site-packages/airflow/example_dags/example_short_circuit_operator.py
[2024-07-23T02:24:31.567+0000] {processor.py:830} INFO - Processing file /home/airflow/.local/lib/python3.12/site-packages/airflow/example_dags/example_short_circuit_operator.py for tasks to queue
[2024-07-23T02:24:31.573+0000] {logging_mixin.py:188} INFO - [2024-07-23T02:24:31.572+0000] {dagbag.py:545} INFO - Filling up the DagBag from /home/airflow/.local/lib/python3.12/site-packages/airflow/example_dags/example_short_circuit_operator.py
[2024-07-23T02:24:31.602+0000] {processor.py:840} INFO - DAG(s) 'example_short_circuit_operator' retrieved from /home/airflow/.local/lib/python3.12/site-packages/airflow/example_dags/example_short_circuit_operator.py
[2024-07-23T02:24:31.688+0000] {logging_mixin.py:188} INFO - [2024-07-23T02:24:31.687+0000] {dag.py:3089} INFO - Sync 1 DAGs
[2024-07-23T02:24:31.773+0000] {logging_mixin.py:188} INFO - [2024-07-23T02:24:31.772+0000] {dag.py:3947} INFO - Setting next_dagrun for example_short_circuit_operator to 2024-07-22 00:00:00+00:00, run_after=2024-07-23 00:00:00+00:00
[2024-07-23T02:24:31.846+0000] {processor.py:183} INFO - Processing /home/airflow/.local/lib/python3.12/site-packages/airflow/example_dags/example_short_circuit_operator.py took 0.306 seconds
[2024-07-23T02:25:03.148+0000] {processor.py:161} INFO - Started process (PID=3175) to work on /home/airflow/.local/lib/python3.12/site-packages/airflow/example_dags/example_short_circuit_operator.py
[2024-07-23T02:25:03.151+0000] {processor.py:830} INFO - Processing file /home/airflow/.local/lib/python3.12/site-packages/airflow/example_dags/example_short_circuit_operator.py for tasks to queue
[2024-07-23T02:25:03.157+0000] {logging_mixin.py:188} INFO - [2024-07-23T02:25:03.156+0000] {dagbag.py:545} INFO - Filling up the DagBag from /home/airflow/.local/lib/python3.12/site-packages/airflow/example_dags/example_short_circuit_operator.py
[2024-07-23T02:25:03.195+0000] {processor.py:840} INFO - DAG(s) 'example_short_circuit_operator' retrieved from /home/airflow/.local/lib/python3.12/site-packages/airflow/example_dags/example_short_circuit_operator.py
[2024-07-23T02:25:03.334+0000] {logging_mixin.py:188} INFO - [2024-07-23T02:25:03.332+0000] {dag.py:3089} INFO - Sync 1 DAGs
[2024-07-23T02:25:03.460+0000] {logging_mixin.py:188} INFO - [2024-07-23T02:25:03.459+0000] {dag.py:3947} INFO - Setting next_dagrun for example_short_circuit_operator to 2024-07-22 00:00:00+00:00, run_after=2024-07-23 00:00:00+00:00
[2024-07-23T02:25:03.551+0000] {processor.py:183} INFO - Processing /home/airflow/.local/lib/python3.12/site-packages/airflow/example_dags/example_short_circuit_operator.py took 0.427 seconds
[2024-07-23T02:25:34.279+0000] {processor.py:161} INFO - Started process (PID=3234) to work on /home/airflow/.local/lib/python3.12/site-packages/airflow/example_dags/example_short_circuit_operator.py
[2024-07-23T02:25:34.280+0000] {processor.py:830} INFO - Processing file /home/airflow/.local/lib/python3.12/site-packages/airflow/example_dags/example_short_circuit_operator.py for tasks to queue
[2024-07-23T02:25:34.282+0000] {logging_mixin.py:188} INFO - [2024-07-23T02:25:34.281+0000] {dagbag.py:545} INFO - Filling up the DagBag from /home/airflow/.local/lib/python3.12/site-packages/airflow/example_dags/example_short_circuit_operator.py
[2024-07-23T02:25:34.292+0000] {processor.py:840} INFO - DAG(s) 'example_short_circuit_operator' retrieved from /home/airflow/.local/lib/python3.12/site-packages/airflow/example_dags/example_short_circuit_operator.py
[2024-07-23T02:25:34.322+0000] {logging_mixin.py:188} INFO - [2024-07-23T02:25:34.322+0000] {dag.py:3089} INFO - Sync 1 DAGs
[2024-07-23T02:25:34.353+0000] {logging_mixin.py:188} INFO - [2024-07-23T02:25:34.352+0000] {dag.py:3947} INFO - Setting next_dagrun for example_short_circuit_operator to 2024-07-22 00:00:00+00:00, run_after=2024-07-23 00:00:00+00:00
[2024-07-23T02:25:34.378+0000] {processor.py:183} INFO - Processing /home/airflow/.local/lib/python3.12/site-packages/airflow/example_dags/example_short_circuit_operator.py took 0.107 seconds
[2024-07-23T02:26:04.446+0000] {processor.py:161} INFO - Started process (PID=3293) to work on /home/airflow/.local/lib/python3.12/site-packages/airflow/example_dags/example_short_circuit_operator.py
[2024-07-23T02:26:04.447+0000] {processor.py:830} INFO - Processing file /home/airflow/.local/lib/python3.12/site-packages/airflow/example_dags/example_short_circuit_operator.py for tasks to queue
[2024-07-23T02:26:04.449+0000] {logging_mixin.py:188} INFO - [2024-07-23T02:26:04.449+0000] {dagbag.py:545} INFO - Filling up the DagBag from /home/airflow/.local/lib/python3.12/site-packages/airflow/example_dags/example_short_circuit_operator.py
[2024-07-23T02:26:04.460+0000] {processor.py:840} INFO - DAG(s) 'example_short_circuit_operator' retrieved from /home/airflow/.local/lib/python3.12/site-packages/airflow/example_dags/example_short_circuit_operator.py
[2024-07-23T02:26:04.492+0000] {logging_mixin.py:188} INFO - [2024-07-23T02:26:04.492+0000] {dag.py:3089} INFO - Sync 1 DAGs
[2024-07-23T02:26:04.533+0000] {logging_mixin.py:188} INFO - [2024-07-23T02:26:04.532+0000] {dag.py:3947} INFO - Setting next_dagrun for example_short_circuit_operator to 2024-07-22 00:00:00+00:00, run_after=2024-07-23 00:00:00+00:00
[2024-07-23T02:26:04.564+0000] {processor.py:183} INFO - Processing /home/airflow/.local/lib/python3.12/site-packages/airflow/example_dags/example_short_circuit_operator.py took 0.127 seconds
[2024-07-23T02:26:34.843+0000] {processor.py:161} INFO - Started process (PID=3352) to work on /home/airflow/.local/lib/python3.12/site-packages/airflow/example_dags/example_short_circuit_operator.py
[2024-07-23T02:26:34.847+0000] {processor.py:830} INFO - Processing file /home/airflow/.local/lib/python3.12/site-packages/airflow/example_dags/example_short_circuit_operator.py for tasks to queue
[2024-07-23T02:26:34.855+0000] {logging_mixin.py:188} INFO - [2024-07-23T02:26:34.853+0000] {dagbag.py:545} INFO - Filling up the DagBag from /home/airflow/.local/lib/python3.12/site-packages/airflow/example_dags/example_short_circuit_operator.py
[2024-07-23T02:26:34.892+0000] {processor.py:840} INFO - DAG(s) 'example_short_circuit_operator' retrieved from /home/airflow/.local/lib/python3.12/site-packages/airflow/example_dags/example_short_circuit_operator.py
[2024-07-23T02:26:34.980+0000] {logging_mixin.py:188} INFO - [2024-07-23T02:26:34.979+0000] {dag.py:3089} INFO - Sync 1 DAGs
[2024-07-23T02:26:35.070+0000] {logging_mixin.py:188} INFO - [2024-07-23T02:26:35.069+0000] {dag.py:3947} INFO - Setting next_dagrun for example_short_circuit_operator to 2024-07-22 00:00:00+00:00, run_after=2024-07-23 00:00:00+00:00
[2024-07-23T02:26:35.137+0000] {processor.py:183} INFO - Processing /home/airflow/.local/lib/python3.12/site-packages/airflow/example_dags/example_short_circuit_operator.py took 0.323 seconds
[2024-07-23T02:27:05.626+0000] {processor.py:161} INFO - Started process (PID=3411) to work on /home/airflow/.local/lib/python3.12/site-packages/airflow/example_dags/example_short_circuit_operator.py
[2024-07-23T02:27:05.630+0000] {processor.py:830} INFO - Processing file /home/airflow/.local/lib/python3.12/site-packages/airflow/example_dags/example_short_circuit_operator.py for tasks to queue
[2024-07-23T02:27:05.639+0000] {logging_mixin.py:188} INFO - [2024-07-23T02:27:05.637+0000] {dagbag.py:545} INFO - Filling up the DagBag from /home/airflow/.local/lib/python3.12/site-packages/airflow/example_dags/example_short_circuit_operator.py
[2024-07-23T02:27:05.674+0000] {processor.py:840} INFO - DAG(s) 'example_short_circuit_operator' retrieved from /home/airflow/.local/lib/python3.12/site-packages/airflow/example_dags/example_short_circuit_operator.py
[2024-07-23T02:27:05.793+0000] {logging_mixin.py:188} INFO - [2024-07-23T02:27:05.792+0000] {dag.py:3089} INFO - Sync 1 DAGs
[2024-07-23T02:27:05.901+0000] {logging_mixin.py:188} INFO - [2024-07-23T02:27:05.901+0000] {dag.py:3947} INFO - Setting next_dagrun for example_short_circuit_operator to 2024-07-22 00:00:00+00:00, run_after=2024-07-23 00:00:00+00:00
[2024-07-23T02:27:05.982+0000] {processor.py:183} INFO - Processing /home/airflow/.local/lib/python3.12/site-packages/airflow/example_dags/example_short_circuit_operator.py took 0.389 seconds
[2024-07-23T02:27:36.126+0000] {processor.py:161} INFO - Started process (PID=3470) to work on /home/airflow/.local/lib/python3.12/site-packages/airflow/example_dags/example_short_circuit_operator.py
[2024-07-23T02:27:36.127+0000] {processor.py:830} INFO - Processing file /home/airflow/.local/lib/python3.12/site-packages/airflow/example_dags/example_short_circuit_operator.py for tasks to queue
[2024-07-23T02:27:36.130+0000] {logging_mixin.py:188} INFO - [2024-07-23T02:27:36.130+0000] {dagbag.py:545} INFO - Filling up the DagBag from /home/airflow/.local/lib/python3.12/site-packages/airflow/example_dags/example_short_circuit_operator.py
[2024-07-23T02:27:36.139+0000] {processor.py:840} INFO - DAG(s) 'example_short_circuit_operator' retrieved from /home/airflow/.local/lib/python3.12/site-packages/airflow/example_dags/example_short_circuit_operator.py
[2024-07-23T02:27:36.166+0000] {logging_mixin.py:188} INFO - [2024-07-23T02:27:36.166+0000] {dag.py:3089} INFO - Sync 1 DAGs
[2024-07-23T02:27:36.191+0000] {logging_mixin.py:188} INFO - [2024-07-23T02:27:36.191+0000] {dag.py:3947} INFO - Setting next_dagrun for example_short_circuit_operator to 2024-07-22 00:00:00+00:00, run_after=2024-07-23 00:00:00+00:00
[2024-07-23T02:27:36.216+0000] {processor.py:183} INFO - Processing /home/airflow/.local/lib/python3.12/site-packages/airflow/example_dags/example_short_circuit_operator.py took 0.100 seconds
