[2024-07-23T01:58:20.218+0000] {processor.py:161} INFO - Started process (PID=77) to work on /home/airflow/.local/lib/python3.12/site-packages/airflow/example_dags/example_display_name.py
[2024-07-23T01:58:20.219+0000] {processor.py:830} INFO - Processing file /home/airflow/.local/lib/python3.12/site-packages/airflow/example_dags/example_display_name.py for tasks to queue
[2024-07-23T01:58:20.221+0000] {logging_mixin.py:188} INFO - [2024-07-23T01:58:20.221+0000] {dagbag.py:545} INFO - Filling up the DagBag from /home/airflow/.local/lib/python3.12/site-packages/airflow/example_dags/example_display_name.py
[2024-07-23T01:58:20.228+0000] {processor.py:840} INFO - DAG(s) 'example_display_name' retrieved from /home/airflow/.local/lib/python3.12/site-packages/airflow/example_dags/example_display_name.py
[2024-07-23T01:58:20.387+0000] {logging_mixin.py:188} INFO - [2024-07-23T01:58:20.387+0000] {dag.py:3089} INFO - Sync 1 DAGs
[2024-07-23T01:58:20.404+0000] {logging_mixin.py:188} INFO - [2024-07-23T01:58:20.404+0000] {dag.py:3947} INFO - Setting next_dagrun for example_display_name to None, run_after=None
[2024-07-23T01:58:20.430+0000] {processor.py:183} INFO - Processing /home/airflow/.local/lib/python3.12/site-packages/airflow/example_dags/example_display_name.py took 0.219 seconds
[2024-07-23T01:58:51.160+0000] {processor.py:161} INFO - Started process (PID=135) to work on /home/airflow/.local/lib/python3.12/site-packages/airflow/example_dags/example_display_name.py
[2024-07-23T01:58:51.161+0000] {processor.py:830} INFO - Processing file /home/airflow/.local/lib/python3.12/site-packages/airflow/example_dags/example_display_name.py for tasks to queue
[2024-07-23T01:58:51.163+0000] {logging_mixin.py:188} INFO - [2024-07-23T01:58:51.163+0000] {dagbag.py:545} INFO - Filling up the DagBag from /home/airflow/.local/lib/python3.12/site-packages/airflow/example_dags/example_display_name.py
[2024-07-23T01:58:51.169+0000] {processor.py:840} INFO - DAG(s) 'example_display_name' retrieved from /home/airflow/.local/lib/python3.12/site-packages/airflow/example_dags/example_display_name.py
[2024-07-23T01:58:51.192+0000] {logging_mixin.py:188} INFO - [2024-07-23T01:58:51.191+0000] {dag.py:3089} INFO - Sync 1 DAGs
[2024-07-23T01:58:51.210+0000] {logging_mixin.py:188} INFO - [2024-07-23T01:58:51.210+0000] {dag.py:3947} INFO - Setting next_dagrun for example_display_name to None, run_after=None
[2024-07-23T01:58:51.234+0000] {processor.py:183} INFO - Processing /home/airflow/.local/lib/python3.12/site-packages/airflow/example_dags/example_display_name.py took 0.080 seconds
[2024-07-23T01:59:21.687+0000] {processor.py:161} INFO - Started process (PID=193) to work on /home/airflow/.local/lib/python3.12/site-packages/airflow/example_dags/example_display_name.py
[2024-07-23T01:59:21.688+0000] {processor.py:830} INFO - Processing file /home/airflow/.local/lib/python3.12/site-packages/airflow/example_dags/example_display_name.py for tasks to queue
[2024-07-23T01:59:21.690+0000] {logging_mixin.py:188} INFO - [2024-07-23T01:59:21.690+0000] {dagbag.py:545} INFO - Filling up the DagBag from /home/airflow/.local/lib/python3.12/site-packages/airflow/example_dags/example_display_name.py
[2024-07-23T01:59:21.697+0000] {processor.py:840} INFO - DAG(s) 'example_display_name' retrieved from /home/airflow/.local/lib/python3.12/site-packages/airflow/example_dags/example_display_name.py
[2024-07-23T01:59:21.723+0000] {logging_mixin.py:188} INFO - [2024-07-23T01:59:21.723+0000] {dag.py:3089} INFO - Sync 1 DAGs
[2024-07-23T01:59:21.736+0000] {logging_mixin.py:188} INFO - [2024-07-23T01:59:21.736+0000] {dag.py:3947} INFO - Setting next_dagrun for example_display_name to None, run_after=None
[2024-07-23T01:59:21.758+0000] {processor.py:183} INFO - Processing /home/airflow/.local/lib/python3.12/site-packages/airflow/example_dags/example_display_name.py took 0.080 seconds
[2024-07-23T01:59:52.077+0000] {processor.py:161} INFO - Started process (PID=251) to work on /home/airflow/.local/lib/python3.12/site-packages/airflow/example_dags/example_display_name.py
[2024-07-23T01:59:52.079+0000] {processor.py:830} INFO - Processing file /home/airflow/.local/lib/python3.12/site-packages/airflow/example_dags/example_display_name.py for tasks to queue
[2024-07-23T01:59:52.081+0000] {logging_mixin.py:188} INFO - [2024-07-23T01:59:52.081+0000] {dagbag.py:545} INFO - Filling up the DagBag from /home/airflow/.local/lib/python3.12/site-packages/airflow/example_dags/example_display_name.py
[2024-07-23T01:59:52.089+0000] {processor.py:840} INFO - DAG(s) 'example_display_name' retrieved from /home/airflow/.local/lib/python3.12/site-packages/airflow/example_dags/example_display_name.py
[2024-07-23T01:59:52.121+0000] {logging_mixin.py:188} INFO - [2024-07-23T01:59:52.121+0000] {dag.py:3089} INFO - Sync 1 DAGs
[2024-07-23T01:59:52.138+0000] {logging_mixin.py:188} INFO - [2024-07-23T01:59:52.137+0000] {dag.py:3947} INFO - Setting next_dagrun for example_display_name to None, run_after=None
[2024-07-23T01:59:52.163+0000] {processor.py:183} INFO - Processing /home/airflow/.local/lib/python3.12/site-packages/airflow/example_dags/example_display_name.py took 0.095 seconds
[2024-07-23T02:00:22.336+0000] {processor.py:161} INFO - Started process (PID=309) to work on /home/airflow/.local/lib/python3.12/site-packages/airflow/example_dags/example_display_name.py
[2024-07-23T02:00:22.339+0000] {processor.py:830} INFO - Processing file /home/airflow/.local/lib/python3.12/site-packages/airflow/example_dags/example_display_name.py for tasks to queue
[2024-07-23T02:00:22.341+0000] {logging_mixin.py:188} INFO - [2024-07-23T02:00:22.341+0000] {dagbag.py:545} INFO - Filling up the DagBag from /home/airflow/.local/lib/python3.12/site-packages/airflow/example_dags/example_display_name.py
[2024-07-23T02:00:22.348+0000] {processor.py:840} INFO - DAG(s) 'example_display_name' retrieved from /home/airflow/.local/lib/python3.12/site-packages/airflow/example_dags/example_display_name.py
[2024-07-23T02:00:22.372+0000] {logging_mixin.py:188} INFO - [2024-07-23T02:00:22.372+0000] {dag.py:3089} INFO - Sync 1 DAGs
[2024-07-23T02:00:22.389+0000] {logging_mixin.py:188} INFO - [2024-07-23T02:00:22.389+0000] {dag.py:3947} INFO - Setting next_dagrun for example_display_name to None, run_after=None
[2024-07-23T02:00:22.414+0000] {processor.py:183} INFO - Processing /home/airflow/.local/lib/python3.12/site-packages/airflow/example_dags/example_display_name.py took 0.085 seconds
[2024-07-23T02:00:52.793+0000] {processor.py:161} INFO - Started process (PID=366) to work on /home/airflow/.local/lib/python3.12/site-packages/airflow/example_dags/example_display_name.py
[2024-07-23T02:00:52.794+0000] {processor.py:830} INFO - Processing file /home/airflow/.local/lib/python3.12/site-packages/airflow/example_dags/example_display_name.py for tasks to queue
[2024-07-23T02:00:52.796+0000] {logging_mixin.py:188} INFO - [2024-07-23T02:00:52.796+0000] {dagbag.py:545} INFO - Filling up the DagBag from /home/airflow/.local/lib/python3.12/site-packages/airflow/example_dags/example_display_name.py
[2024-07-23T02:00:52.802+0000] {processor.py:840} INFO - DAG(s) 'example_display_name' retrieved from /home/airflow/.local/lib/python3.12/site-packages/airflow/example_dags/example_display_name.py
[2024-07-23T02:00:52.823+0000] {logging_mixin.py:188} INFO - [2024-07-23T02:00:52.823+0000] {dag.py:3089} INFO - Sync 1 DAGs
[2024-07-23T02:00:52.837+0000] {logging_mixin.py:188} INFO - [2024-07-23T02:00:52.837+0000] {dag.py:3947} INFO - Setting next_dagrun for example_display_name to None, run_after=None
[2024-07-23T02:00:52.861+0000] {processor.py:183} INFO - Processing /home/airflow/.local/lib/python3.12/site-packages/airflow/example_dags/example_display_name.py took 0.074 seconds
[2024-07-23T02:01:23.537+0000] {processor.py:161} INFO - Started process (PID=423) to work on /home/airflow/.local/lib/python3.12/site-packages/airflow/example_dags/example_display_name.py
[2024-07-23T02:01:23.538+0000] {processor.py:830} INFO - Processing file /home/airflow/.local/lib/python3.12/site-packages/airflow/example_dags/example_display_name.py for tasks to queue
[2024-07-23T02:01:23.541+0000] {logging_mixin.py:188} INFO - [2024-07-23T02:01:23.541+0000] {dagbag.py:545} INFO - Filling up the DagBag from /home/airflow/.local/lib/python3.12/site-packages/airflow/example_dags/example_display_name.py
[2024-07-23T02:01:23.551+0000] {processor.py:840} INFO - DAG(s) 'example_display_name' retrieved from /home/airflow/.local/lib/python3.12/site-packages/airflow/example_dags/example_display_name.py
[2024-07-23T02:01:23.587+0000] {logging_mixin.py:188} INFO - [2024-07-23T02:01:23.586+0000] {dag.py:3089} INFO - Sync 1 DAGs
[2024-07-23T02:01:23.611+0000] {logging_mixin.py:188} INFO - [2024-07-23T02:01:23.611+0000] {dag.py:3947} INFO - Setting next_dagrun for example_display_name to None, run_after=None
[2024-07-23T02:01:23.652+0000] {processor.py:183} INFO - Processing /home/airflow/.local/lib/python3.12/site-packages/airflow/example_dags/example_display_name.py took 0.126 seconds
[2024-07-23T02:01:53.720+0000] {processor.py:161} INFO - Started process (PID=480) to work on /home/airflow/.local/lib/python3.12/site-packages/airflow/example_dags/example_display_name.py
[2024-07-23T02:01:53.724+0000] {processor.py:830} INFO - Processing file /home/airflow/.local/lib/python3.12/site-packages/airflow/example_dags/example_display_name.py for tasks to queue
[2024-07-23T02:01:53.726+0000] {logging_mixin.py:188} INFO - [2024-07-23T02:01:53.726+0000] {dagbag.py:545} INFO - Filling up the DagBag from /home/airflow/.local/lib/python3.12/site-packages/airflow/example_dags/example_display_name.py
[2024-07-23T02:01:53.735+0000] {processor.py:840} INFO - DAG(s) 'example_display_name' retrieved from /home/airflow/.local/lib/python3.12/site-packages/airflow/example_dags/example_display_name.py
[2024-07-23T02:01:53.762+0000] {logging_mixin.py:188} INFO - [2024-07-23T02:01:53.762+0000] {dag.py:3089} INFO - Sync 1 DAGs
[2024-07-23T02:01:53.781+0000] {logging_mixin.py:188} INFO - [2024-07-23T02:01:53.781+0000] {dag.py:3947} INFO - Setting next_dagrun for example_display_name to None, run_after=None
[2024-07-23T02:01:53.809+0000] {processor.py:183} INFO - Processing /home/airflow/.local/lib/python3.12/site-packages/airflow/example_dags/example_display_name.py took 0.099 seconds
[2024-07-23T02:02:24.005+0000] {processor.py:161} INFO - Started process (PID=539) to work on /home/airflow/.local/lib/python3.12/site-packages/airflow/example_dags/example_display_name.py
[2024-07-23T02:02:24.009+0000] {processor.py:830} INFO - Processing file /home/airflow/.local/lib/python3.12/site-packages/airflow/example_dags/example_display_name.py for tasks to queue
[2024-07-23T02:02:24.012+0000] {logging_mixin.py:188} INFO - [2024-07-23T02:02:24.012+0000] {dagbag.py:545} INFO - Filling up the DagBag from /home/airflow/.local/lib/python3.12/site-packages/airflow/example_dags/example_display_name.py
[2024-07-23T02:02:24.021+0000] {processor.py:840} INFO - DAG(s) 'example_display_name' retrieved from /home/airflow/.local/lib/python3.12/site-packages/airflow/example_dags/example_display_name.py
[2024-07-23T02:02:24.055+0000] {logging_mixin.py:188} INFO - [2024-07-23T02:02:24.054+0000] {dag.py:3089} INFO - Sync 1 DAGs
[2024-07-23T02:02:24.083+0000] {logging_mixin.py:188} INFO - [2024-07-23T02:02:24.082+0000] {dag.py:3947} INFO - Setting next_dagrun for example_display_name to None, run_after=None
[2024-07-23T02:02:24.115+0000] {processor.py:183} INFO - Processing /home/airflow/.local/lib/python3.12/site-packages/airflow/example_dags/example_display_name.py took 0.119 seconds
[2024-07-23T02:02:54.719+0000] {processor.py:161} INFO - Started process (PID=598) to work on /home/airflow/.local/lib/python3.12/site-packages/airflow/example_dags/example_display_name.py
[2024-07-23T02:02:54.720+0000] {processor.py:830} INFO - Processing file /home/airflow/.local/lib/python3.12/site-packages/airflow/example_dags/example_display_name.py for tasks to queue
[2024-07-23T02:02:54.722+0000] {logging_mixin.py:188} INFO - [2024-07-23T02:02:54.722+0000] {dagbag.py:545} INFO - Filling up the DagBag from /home/airflow/.local/lib/python3.12/site-packages/airflow/example_dags/example_display_name.py
[2024-07-23T02:02:54.731+0000] {processor.py:840} INFO - DAG(s) 'example_display_name' retrieved from /home/airflow/.local/lib/python3.12/site-packages/airflow/example_dags/example_display_name.py
[2024-07-23T02:02:54.759+0000] {logging_mixin.py:188} INFO - [2024-07-23T02:02:54.759+0000] {dag.py:3089} INFO - Sync 1 DAGs
[2024-07-23T02:02:54.785+0000] {logging_mixin.py:188} INFO - [2024-07-23T02:02:54.785+0000] {dag.py:3947} INFO - Setting next_dagrun for example_display_name to None, run_after=None
[2024-07-23T02:02:54.814+0000] {processor.py:183} INFO - Processing /home/airflow/.local/lib/python3.12/site-packages/airflow/example_dags/example_display_name.py took 0.104 seconds
[2024-07-23T02:03:25.626+0000] {processor.py:161} INFO - Started process (PID=658) to work on /home/airflow/.local/lib/python3.12/site-packages/airflow/example_dags/example_display_name.py
[2024-07-23T02:03:25.628+0000] {processor.py:830} INFO - Processing file /home/airflow/.local/lib/python3.12/site-packages/airflow/example_dags/example_display_name.py for tasks to queue
[2024-07-23T02:03:25.631+0000] {logging_mixin.py:188} INFO - [2024-07-23T02:03:25.630+0000] {dagbag.py:545} INFO - Filling up the DagBag from /home/airflow/.local/lib/python3.12/site-packages/airflow/example_dags/example_display_name.py
[2024-07-23T02:03:25.641+0000] {processor.py:840} INFO - DAG(s) 'example_display_name' retrieved from /home/airflow/.local/lib/python3.12/site-packages/airflow/example_dags/example_display_name.py
[2024-07-23T02:03:25.673+0000] {logging_mixin.py:188} INFO - [2024-07-23T02:03:25.673+0000] {dag.py:3089} INFO - Sync 1 DAGs
[2024-07-23T02:03:25.695+0000] {logging_mixin.py:188} INFO - [2024-07-23T02:03:25.694+0000] {dag.py:3947} INFO - Setting next_dagrun for example_display_name to None, run_after=None
[2024-07-23T02:03:25.734+0000] {processor.py:183} INFO - Processing /home/airflow/.local/lib/python3.12/site-packages/airflow/example_dags/example_display_name.py took 0.118 seconds
[2024-07-23T02:03:57.755+0000] {processor.py:161} INFO - Started process (PID=717) to work on /home/airflow/.local/lib/python3.12/site-packages/airflow/example_dags/example_display_name.py
[2024-07-23T02:03:57.759+0000] {processor.py:830} INFO - Processing file /home/airflow/.local/lib/python3.12/site-packages/airflow/example_dags/example_display_name.py for tasks to queue
[2024-07-23T02:03:57.766+0000] {logging_mixin.py:188} INFO - [2024-07-23T02:03:57.765+0000] {dagbag.py:545} INFO - Filling up the DagBag from /home/airflow/.local/lib/python3.12/site-packages/airflow/example_dags/example_display_name.py
[2024-07-23T02:03:57.794+0000] {processor.py:840} INFO - DAG(s) 'example_display_name' retrieved from /home/airflow/.local/lib/python3.12/site-packages/airflow/example_dags/example_display_name.py
[2024-07-23T02:03:57.887+0000] {logging_mixin.py:188} INFO - [2024-07-23T02:03:57.885+0000] {dag.py:3089} INFO - Sync 1 DAGs
[2024-07-23T02:03:57.952+0000] {logging_mixin.py:188} INFO - [2024-07-23T02:03:57.950+0000] {dag.py:3947} INFO - Setting next_dagrun for example_display_name to None, run_after=None
[2024-07-23T02:03:58.045+0000] {processor.py:183} INFO - Processing /home/airflow/.local/lib/python3.12/site-packages/airflow/example_dags/example_display_name.py took 0.318 seconds
[2024-07-23T02:04:30.952+0000] {processor.py:161} INFO - Started process (PID=776) to work on /home/airflow/.local/lib/python3.12/site-packages/airflow/example_dags/example_display_name.py
[2024-07-23T02:04:30.956+0000] {processor.py:830} INFO - Processing file /home/airflow/.local/lib/python3.12/site-packages/airflow/example_dags/example_display_name.py for tasks to queue
[2024-07-23T02:04:30.966+0000] {logging_mixin.py:188} INFO - [2024-07-23T02:04:30.964+0000] {dagbag.py:545} INFO - Filling up the DagBag from /home/airflow/.local/lib/python3.12/site-packages/airflow/example_dags/example_display_name.py
[2024-07-23T02:04:31.001+0000] {processor.py:840} INFO - DAG(s) 'example_display_name' retrieved from /home/airflow/.local/lib/python3.12/site-packages/airflow/example_dags/example_display_name.py
[2024-07-23T02:04:31.101+0000] {logging_mixin.py:188} INFO - [2024-07-23T02:04:31.100+0000] {dag.py:3089} INFO - Sync 1 DAGs
[2024-07-23T02:04:31.168+0000] {logging_mixin.py:188} INFO - [2024-07-23T02:04:31.167+0000] {dag.py:3947} INFO - Setting next_dagrun for example_display_name to None, run_after=None
[2024-07-23T02:04:31.260+0000] {processor.py:183} INFO - Processing /home/airflow/.local/lib/python3.12/site-packages/airflow/example_dags/example_display_name.py took 0.345 seconds
[2024-07-23T02:05:02.266+0000] {processor.py:161} INFO - Started process (PID=835) to work on /home/airflow/.local/lib/python3.12/site-packages/airflow/example_dags/example_display_name.py
[2024-07-23T02:05:02.271+0000] {processor.py:830} INFO - Processing file /home/airflow/.local/lib/python3.12/site-packages/airflow/example_dags/example_display_name.py for tasks to queue
[2024-07-23T02:05:02.280+0000] {logging_mixin.py:188} INFO - [2024-07-23T02:05:02.278+0000] {dagbag.py:545} INFO - Filling up the DagBag from /home/airflow/.local/lib/python3.12/site-packages/airflow/example_dags/example_display_name.py
[2024-07-23T02:05:02.309+0000] {processor.py:840} INFO - DAG(s) 'example_display_name' retrieved from /home/airflow/.local/lib/python3.12/site-packages/airflow/example_dags/example_display_name.py
[2024-07-23T02:05:02.402+0000] {logging_mixin.py:188} INFO - [2024-07-23T02:05:02.401+0000] {dag.py:3089} INFO - Sync 1 DAGs
[2024-07-23T02:05:02.460+0000] {logging_mixin.py:188} INFO - [2024-07-23T02:05:02.459+0000] {dag.py:3947} INFO - Setting next_dagrun for example_display_name to None, run_after=None
[2024-07-23T02:05:02.542+0000] {processor.py:183} INFO - Processing /home/airflow/.local/lib/python3.12/site-packages/airflow/example_dags/example_display_name.py took 0.303 seconds
[2024-07-23T02:05:33.693+0000] {processor.py:161} INFO - Started process (PID=894) to work on /home/airflow/.local/lib/python3.12/site-packages/airflow/example_dags/example_display_name.py
[2024-07-23T02:05:33.698+0000] {processor.py:830} INFO - Processing file /home/airflow/.local/lib/python3.12/site-packages/airflow/example_dags/example_display_name.py for tasks to queue
[2024-07-23T02:05:33.710+0000] {logging_mixin.py:188} INFO - [2024-07-23T02:05:33.708+0000] {dagbag.py:545} INFO - Filling up the DagBag from /home/airflow/.local/lib/python3.12/site-packages/airflow/example_dags/example_display_name.py
[2024-07-23T02:05:33.747+0000] {processor.py:840} INFO - DAG(s) 'example_display_name' retrieved from /home/airflow/.local/lib/python3.12/site-packages/airflow/example_dags/example_display_name.py
[2024-07-23T02:05:33.859+0000] {logging_mixin.py:188} INFO - [2024-07-23T02:05:33.857+0000] {dag.py:3089} INFO - Sync 1 DAGs
[2024-07-23T02:05:33.957+0000] {logging_mixin.py:188} INFO - [2024-07-23T02:05:33.955+0000] {dag.py:3947} INFO - Setting next_dagrun for example_display_name to None, run_after=None
[2024-07-23T02:05:34.136+0000] {processor.py:183} INFO - Processing /home/airflow/.local/lib/python3.12/site-packages/airflow/example_dags/example_display_name.py took 0.483 seconds
[2024-07-23T02:06:04.877+0000] {processor.py:161} INFO - Started process (PID=953) to work on /home/airflow/.local/lib/python3.12/site-packages/airflow/example_dags/example_display_name.py
[2024-07-23T02:06:04.878+0000] {processor.py:830} INFO - Processing file /home/airflow/.local/lib/python3.12/site-packages/airflow/example_dags/example_display_name.py for tasks to queue
[2024-07-23T02:06:04.880+0000] {logging_mixin.py:188} INFO - [2024-07-23T02:06:04.880+0000] {dagbag.py:545} INFO - Filling up the DagBag from /home/airflow/.local/lib/python3.12/site-packages/airflow/example_dags/example_display_name.py
[2024-07-23T02:06:04.887+0000] {processor.py:840} INFO - DAG(s) 'example_display_name' retrieved from /home/airflow/.local/lib/python3.12/site-packages/airflow/example_dags/example_display_name.py
[2024-07-23T02:06:04.908+0000] {logging_mixin.py:188} INFO - [2024-07-23T02:06:04.908+0000] {dag.py:3089} INFO - Sync 1 DAGs
[2024-07-23T02:06:04.923+0000] {logging_mixin.py:188} INFO - [2024-07-23T02:06:04.923+0000] {dag.py:3947} INFO - Setting next_dagrun for example_display_name to None, run_after=None
[2024-07-23T02:06:04.947+0000] {processor.py:183} INFO - Processing /home/airflow/.local/lib/python3.12/site-packages/airflow/example_dags/example_display_name.py took 0.076 seconds
[2024-07-23T02:06:35.424+0000] {processor.py:161} INFO - Started process (PID=1012) to work on /home/airflow/.local/lib/python3.12/site-packages/airflow/example_dags/example_display_name.py
[2024-07-23T02:06:35.424+0000] {processor.py:830} INFO - Processing file /home/airflow/.local/lib/python3.12/site-packages/airflow/example_dags/example_display_name.py for tasks to queue
[2024-07-23T02:06:35.426+0000] {logging_mixin.py:188} INFO - [2024-07-23T02:06:35.426+0000] {dagbag.py:545} INFO - Filling up the DagBag from /home/airflow/.local/lib/python3.12/site-packages/airflow/example_dags/example_display_name.py
[2024-07-23T02:06:35.433+0000] {processor.py:840} INFO - DAG(s) 'example_display_name' retrieved from /home/airflow/.local/lib/python3.12/site-packages/airflow/example_dags/example_display_name.py
[2024-07-23T02:06:35.455+0000] {logging_mixin.py:188} INFO - [2024-07-23T02:06:35.454+0000] {dag.py:3089} INFO - Sync 1 DAGs
[2024-07-23T02:06:35.469+0000] {logging_mixin.py:188} INFO - [2024-07-23T02:06:35.469+0000] {dag.py:3947} INFO - Setting next_dagrun for example_display_name to None, run_after=None
[2024-07-23T02:06:35.492+0000] {processor.py:183} INFO - Processing /home/airflow/.local/lib/python3.12/site-packages/airflow/example_dags/example_display_name.py took 0.075 seconds
[2024-07-23T02:07:05.629+0000] {processor.py:161} INFO - Started process (PID=1071) to work on /home/airflow/.local/lib/python3.12/site-packages/airflow/example_dags/example_display_name.py
[2024-07-23T02:07:05.630+0000] {processor.py:830} INFO - Processing file /home/airflow/.local/lib/python3.12/site-packages/airflow/example_dags/example_display_name.py for tasks to queue
[2024-07-23T02:07:05.633+0000] {logging_mixin.py:188} INFO - [2024-07-23T02:07:05.632+0000] {dagbag.py:545} INFO - Filling up the DagBag from /home/airflow/.local/lib/python3.12/site-packages/airflow/example_dags/example_display_name.py
[2024-07-23T02:07:05.640+0000] {processor.py:840} INFO - DAG(s) 'example_display_name' retrieved from /home/airflow/.local/lib/python3.12/site-packages/airflow/example_dags/example_display_name.py
[2024-07-23T02:07:05.671+0000] {logging_mixin.py:188} INFO - [2024-07-23T02:07:05.671+0000] {dag.py:3089} INFO - Sync 1 DAGs
[2024-07-23T02:07:05.691+0000] {logging_mixin.py:188} INFO - [2024-07-23T02:07:05.691+0000] {dag.py:3947} INFO - Setting next_dagrun for example_display_name to None, run_after=None
[2024-07-23T02:07:05.723+0000] {processor.py:183} INFO - Processing /home/airflow/.local/lib/python3.12/site-packages/airflow/example_dags/example_display_name.py took 0.100 seconds
[2024-07-23T02:07:35.768+0000] {processor.py:161} INFO - Started process (PID=1129) to work on /home/airflow/.local/lib/python3.12/site-packages/airflow/example_dags/example_display_name.py
[2024-07-23T02:07:35.769+0000] {processor.py:830} INFO - Processing file /home/airflow/.local/lib/python3.12/site-packages/airflow/example_dags/example_display_name.py for tasks to queue
[2024-07-23T02:07:35.772+0000] {logging_mixin.py:188} INFO - [2024-07-23T02:07:35.771+0000] {dagbag.py:545} INFO - Filling up the DagBag from /home/airflow/.local/lib/python3.12/site-packages/airflow/example_dags/example_display_name.py
[2024-07-23T02:07:35.778+0000] {processor.py:840} INFO - DAG(s) 'example_display_name' retrieved from /home/airflow/.local/lib/python3.12/site-packages/airflow/example_dags/example_display_name.py
[2024-07-23T02:07:35.800+0000] {logging_mixin.py:188} INFO - [2024-07-23T02:07:35.800+0000] {dag.py:3089} INFO - Sync 1 DAGs
[2024-07-23T02:07:35.818+0000] {logging_mixin.py:188} INFO - [2024-07-23T02:07:35.817+0000] {dag.py:3947} INFO - Setting next_dagrun for example_display_name to None, run_after=None
[2024-07-23T02:07:35.840+0000] {processor.py:183} INFO - Processing /home/airflow/.local/lib/python3.12/site-packages/airflow/example_dags/example_display_name.py took 0.077 seconds
[2024-07-23T02:08:06.243+0000] {processor.py:161} INFO - Started process (PID=1189) to work on /home/airflow/.local/lib/python3.12/site-packages/airflow/example_dags/example_display_name.py
[2024-07-23T02:08:06.244+0000] {processor.py:830} INFO - Processing file /home/airflow/.local/lib/python3.12/site-packages/airflow/example_dags/example_display_name.py for tasks to queue
[2024-07-23T02:08:06.247+0000] {logging_mixin.py:188} INFO - [2024-07-23T02:08:06.247+0000] {dagbag.py:545} INFO - Filling up the DagBag from /home/airflow/.local/lib/python3.12/site-packages/airflow/example_dags/example_display_name.py
[2024-07-23T02:08:06.256+0000] {processor.py:840} INFO - DAG(s) 'example_display_name' retrieved from /home/airflow/.local/lib/python3.12/site-packages/airflow/example_dags/example_display_name.py
[2024-07-23T02:08:06.287+0000] {logging_mixin.py:188} INFO - [2024-07-23T02:08:06.286+0000] {dag.py:3089} INFO - Sync 1 DAGs
[2024-07-23T02:08:06.301+0000] {logging_mixin.py:188} INFO - [2024-07-23T02:08:06.301+0000] {dag.py:3947} INFO - Setting next_dagrun for example_display_name to None, run_after=None
[2024-07-23T02:08:06.325+0000] {processor.py:183} INFO - Processing /home/airflow/.local/lib/python3.12/site-packages/airflow/example_dags/example_display_name.py took 0.091 seconds
[2024-07-23T02:08:36.661+0000] {processor.py:161} INFO - Started process (PID=1247) to work on /home/airflow/.local/lib/python3.12/site-packages/airflow/example_dags/example_display_name.py
[2024-07-23T02:08:36.665+0000] {processor.py:830} INFO - Processing file /home/airflow/.local/lib/python3.12/site-packages/airflow/example_dags/example_display_name.py for tasks to queue
[2024-07-23T02:08:36.667+0000] {logging_mixin.py:188} INFO - [2024-07-23T02:08:36.667+0000] {dagbag.py:545} INFO - Filling up the DagBag from /home/airflow/.local/lib/python3.12/site-packages/airflow/example_dags/example_display_name.py
[2024-07-23T02:08:36.677+0000] {processor.py:840} INFO - DAG(s) 'example_display_name' retrieved from /home/airflow/.local/lib/python3.12/site-packages/airflow/example_dags/example_display_name.py
[2024-07-23T02:08:36.702+0000] {logging_mixin.py:188} INFO - [2024-07-23T02:08:36.702+0000] {dag.py:3089} INFO - Sync 1 DAGs
[2024-07-23T02:08:36.717+0000] {logging_mixin.py:188} INFO - [2024-07-23T02:08:36.717+0000] {dag.py:3947} INFO - Setting next_dagrun for example_display_name to None, run_after=None
[2024-07-23T02:08:36.740+0000] {processor.py:183} INFO - Processing /home/airflow/.local/lib/python3.12/site-packages/airflow/example_dags/example_display_name.py took 0.089 seconds
[2024-07-23T02:09:07.103+0000] {processor.py:161} INFO - Started process (PID=1306) to work on /home/airflow/.local/lib/python3.12/site-packages/airflow/example_dags/example_display_name.py
[2024-07-23T02:09:07.104+0000] {processor.py:830} INFO - Processing file /home/airflow/.local/lib/python3.12/site-packages/airflow/example_dags/example_display_name.py for tasks to queue
[2024-07-23T02:09:07.106+0000] {logging_mixin.py:188} INFO - [2024-07-23T02:09:07.105+0000] {dagbag.py:545} INFO - Filling up the DagBag from /home/airflow/.local/lib/python3.12/site-packages/airflow/example_dags/example_display_name.py
[2024-07-23T02:09:07.112+0000] {processor.py:840} INFO - DAG(s) 'example_display_name' retrieved from /home/airflow/.local/lib/python3.12/site-packages/airflow/example_dags/example_display_name.py
[2024-07-23T02:09:07.134+0000] {logging_mixin.py:188} INFO - [2024-07-23T02:09:07.134+0000] {dag.py:3089} INFO - Sync 1 DAGs
[2024-07-23T02:09:07.148+0000] {logging_mixin.py:188} INFO - [2024-07-23T02:09:07.148+0000] {dag.py:3947} INFO - Setting next_dagrun for example_display_name to None, run_after=None
[2024-07-23T02:09:07.169+0000] {processor.py:183} INFO - Processing /home/airflow/.local/lib/python3.12/site-packages/airflow/example_dags/example_display_name.py took 0.073 seconds
[2024-07-23T02:09:37.314+0000] {processor.py:161} INFO - Started process (PID=1364) to work on /home/airflow/.local/lib/python3.12/site-packages/airflow/example_dags/example_display_name.py
[2024-07-23T02:09:37.316+0000] {processor.py:830} INFO - Processing file /home/airflow/.local/lib/python3.12/site-packages/airflow/example_dags/example_display_name.py for tasks to queue
[2024-07-23T02:09:37.318+0000] {logging_mixin.py:188} INFO - [2024-07-23T02:09:37.318+0000] {dagbag.py:545} INFO - Filling up the DagBag from /home/airflow/.local/lib/python3.12/site-packages/airflow/example_dags/example_display_name.py
[2024-07-23T02:09:37.324+0000] {processor.py:840} INFO - DAG(s) 'example_display_name' retrieved from /home/airflow/.local/lib/python3.12/site-packages/airflow/example_dags/example_display_name.py
[2024-07-23T02:09:37.347+0000] {logging_mixin.py:188} INFO - [2024-07-23T02:09:37.347+0000] {dag.py:3089} INFO - Sync 1 DAGs
[2024-07-23T02:09:37.361+0000] {logging_mixin.py:188} INFO - [2024-07-23T02:09:37.361+0000] {dag.py:3947} INFO - Setting next_dagrun for example_display_name to None, run_after=None
[2024-07-23T02:09:37.380+0000] {processor.py:183} INFO - Processing /home/airflow/.local/lib/python3.12/site-packages/airflow/example_dags/example_display_name.py took 0.074 seconds
[2024-07-23T02:10:07.520+0000] {processor.py:161} INFO - Started process (PID=1423) to work on /home/airflow/.local/lib/python3.12/site-packages/airflow/example_dags/example_display_name.py
[2024-07-23T02:10:07.520+0000] {processor.py:830} INFO - Processing file /home/airflow/.local/lib/python3.12/site-packages/airflow/example_dags/example_display_name.py for tasks to queue
[2024-07-23T02:10:07.523+0000] {logging_mixin.py:188} INFO - [2024-07-23T02:10:07.523+0000] {dagbag.py:545} INFO - Filling up the DagBag from /home/airflow/.local/lib/python3.12/site-packages/airflow/example_dags/example_display_name.py
[2024-07-23T02:10:07.528+0000] {processor.py:840} INFO - DAG(s) 'example_display_name' retrieved from /home/airflow/.local/lib/python3.12/site-packages/airflow/example_dags/example_display_name.py
[2024-07-23T02:10:07.553+0000] {logging_mixin.py:188} INFO - [2024-07-23T02:10:07.553+0000] {dag.py:3089} INFO - Sync 1 DAGs
[2024-07-23T02:10:07.574+0000] {logging_mixin.py:188} INFO - [2024-07-23T02:10:07.574+0000] {dag.py:3947} INFO - Setting next_dagrun for example_display_name to None, run_after=None
[2024-07-23T02:10:07.596+0000] {processor.py:183} INFO - Processing /home/airflow/.local/lib/python3.12/site-packages/airflow/example_dags/example_display_name.py took 0.082 seconds
[2024-07-23T02:10:37.787+0000] {processor.py:161} INFO - Started process (PID=1482) to work on /home/airflow/.local/lib/python3.12/site-packages/airflow/example_dags/example_display_name.py
[2024-07-23T02:10:37.789+0000] {processor.py:830} INFO - Processing file /home/airflow/.local/lib/python3.12/site-packages/airflow/example_dags/example_display_name.py for tasks to queue
[2024-07-23T02:10:37.792+0000] {logging_mixin.py:188} INFO - [2024-07-23T02:10:37.792+0000] {dagbag.py:545} INFO - Filling up the DagBag from /home/airflow/.local/lib/python3.12/site-packages/airflow/example_dags/example_display_name.py
[2024-07-23T02:10:37.802+0000] {processor.py:840} INFO - DAG(s) 'example_display_name' retrieved from /home/airflow/.local/lib/python3.12/site-packages/airflow/example_dags/example_display_name.py
[2024-07-23T02:10:37.825+0000] {logging_mixin.py:188} INFO - [2024-07-23T02:10:37.825+0000] {dag.py:3089} INFO - Sync 1 DAGs
[2024-07-23T02:10:37.840+0000] {logging_mixin.py:188} INFO - [2024-07-23T02:10:37.840+0000] {dag.py:3947} INFO - Setting next_dagrun for example_display_name to None, run_after=None
[2024-07-23T02:10:37.860+0000] {processor.py:183} INFO - Processing /home/airflow/.local/lib/python3.12/site-packages/airflow/example_dags/example_display_name.py took 0.079 seconds
[2024-07-23T02:11:08.227+0000] {processor.py:161} INFO - Started process (PID=1541) to work on /home/airflow/.local/lib/python3.12/site-packages/airflow/example_dags/example_display_name.py
[2024-07-23T02:11:08.228+0000] {processor.py:830} INFO - Processing file /home/airflow/.local/lib/python3.12/site-packages/airflow/example_dags/example_display_name.py for tasks to queue
[2024-07-23T02:11:08.230+0000] {logging_mixin.py:188} INFO - [2024-07-23T02:11:08.230+0000] {dagbag.py:545} INFO - Filling up the DagBag from /home/airflow/.local/lib/python3.12/site-packages/airflow/example_dags/example_display_name.py
[2024-07-23T02:11:08.236+0000] {processor.py:840} INFO - DAG(s) 'example_display_name' retrieved from /home/airflow/.local/lib/python3.12/site-packages/airflow/example_dags/example_display_name.py
[2024-07-23T02:11:08.258+0000] {logging_mixin.py:188} INFO - [2024-07-23T02:11:08.258+0000] {dag.py:3089} INFO - Sync 1 DAGs
[2024-07-23T02:11:08.273+0000] {logging_mixin.py:188} INFO - [2024-07-23T02:11:08.272+0000] {dag.py:3947} INFO - Setting next_dagrun for example_display_name to None, run_after=None
[2024-07-23T02:11:08.293+0000] {processor.py:183} INFO - Processing /home/airflow/.local/lib/python3.12/site-packages/airflow/example_dags/example_display_name.py took 0.072 seconds
[2024-07-23T02:11:38.393+0000] {processor.py:161} INFO - Started process (PID=1599) to work on /home/airflow/.local/lib/python3.12/site-packages/airflow/example_dags/example_display_name.py
[2024-07-23T02:11:38.394+0000] {processor.py:830} INFO - Processing file /home/airflow/.local/lib/python3.12/site-packages/airflow/example_dags/example_display_name.py for tasks to queue
[2024-07-23T02:11:38.398+0000] {logging_mixin.py:188} INFO - [2024-07-23T02:11:38.398+0000] {dagbag.py:545} INFO - Filling up the DagBag from /home/airflow/.local/lib/python3.12/site-packages/airflow/example_dags/example_display_name.py
[2024-07-23T02:11:38.405+0000] {processor.py:840} INFO - DAG(s) 'example_display_name' retrieved from /home/airflow/.local/lib/python3.12/site-packages/airflow/example_dags/example_display_name.py
[2024-07-23T02:11:38.428+0000] {logging_mixin.py:188} INFO - [2024-07-23T02:11:38.427+0000] {dag.py:3089} INFO - Sync 1 DAGs
[2024-07-23T02:11:38.441+0000] {logging_mixin.py:188} INFO - [2024-07-23T02:11:38.441+0000] {dag.py:3947} INFO - Setting next_dagrun for example_display_name to None, run_after=None
[2024-07-23T02:11:38.461+0000] {processor.py:183} INFO - Processing /home/airflow/.local/lib/python3.12/site-packages/airflow/example_dags/example_display_name.py took 0.075 seconds
[2024-07-23T02:12:08.724+0000] {processor.py:161} INFO - Started process (PID=1658) to work on /home/airflow/.local/lib/python3.12/site-packages/airflow/example_dags/example_display_name.py
[2024-07-23T02:12:08.724+0000] {processor.py:830} INFO - Processing file /home/airflow/.local/lib/python3.12/site-packages/airflow/example_dags/example_display_name.py for tasks to queue
[2024-07-23T02:12:08.726+0000] {logging_mixin.py:188} INFO - [2024-07-23T02:12:08.726+0000] {dagbag.py:545} INFO - Filling up the DagBag from /home/airflow/.local/lib/python3.12/site-packages/airflow/example_dags/example_display_name.py
[2024-07-23T02:12:08.732+0000] {processor.py:840} INFO - DAG(s) 'example_display_name' retrieved from /home/airflow/.local/lib/python3.12/site-packages/airflow/example_dags/example_display_name.py
[2024-07-23T02:12:08.753+0000] {logging_mixin.py:188} INFO - [2024-07-23T02:12:08.753+0000] {dag.py:3089} INFO - Sync 1 DAGs
[2024-07-23T02:12:08.769+0000] {logging_mixin.py:188} INFO - [2024-07-23T02:12:08.769+0000] {dag.py:3947} INFO - Setting next_dagrun for example_display_name to None, run_after=None
[2024-07-23T02:12:08.789+0000] {processor.py:183} INFO - Processing /home/airflow/.local/lib/python3.12/site-packages/airflow/example_dags/example_display_name.py took 0.072 seconds
[2024-07-23T02:12:39.075+0000] {processor.py:161} INFO - Started process (PID=1718) to work on /home/airflow/.local/lib/python3.12/site-packages/airflow/example_dags/example_display_name.py
[2024-07-23T02:12:39.076+0000] {processor.py:830} INFO - Processing file /home/airflow/.local/lib/python3.12/site-packages/airflow/example_dags/example_display_name.py for tasks to queue
[2024-07-23T02:12:39.078+0000] {logging_mixin.py:188} INFO - [2024-07-23T02:12:39.077+0000] {dagbag.py:545} INFO - Filling up the DagBag from /home/airflow/.local/lib/python3.12/site-packages/airflow/example_dags/example_display_name.py
[2024-07-23T02:12:39.084+0000] {processor.py:840} INFO - DAG(s) 'example_display_name' retrieved from /home/airflow/.local/lib/python3.12/site-packages/airflow/example_dags/example_display_name.py
[2024-07-23T02:12:39.107+0000] {logging_mixin.py:188} INFO - [2024-07-23T02:12:39.107+0000] {dag.py:3089} INFO - Sync 1 DAGs
[2024-07-23T02:12:39.120+0000] {logging_mixin.py:188} INFO - [2024-07-23T02:12:39.120+0000] {dag.py:3947} INFO - Setting next_dagrun for example_display_name to None, run_after=None
[2024-07-23T02:12:39.142+0000] {processor.py:183} INFO - Processing /home/airflow/.local/lib/python3.12/site-packages/airflow/example_dags/example_display_name.py took 0.074 seconds
[2024-07-23T02:13:09.361+0000] {processor.py:161} INFO - Started process (PID=1777) to work on /home/airflow/.local/lib/python3.12/site-packages/airflow/example_dags/example_display_name.py
[2024-07-23T02:13:09.363+0000] {processor.py:830} INFO - Processing file /home/airflow/.local/lib/python3.12/site-packages/airflow/example_dags/example_display_name.py for tasks to queue
[2024-07-23T02:13:09.365+0000] {logging_mixin.py:188} INFO - [2024-07-23T02:13:09.364+0000] {dagbag.py:545} INFO - Filling up the DagBag from /home/airflow/.local/lib/python3.12/site-packages/airflow/example_dags/example_display_name.py
[2024-07-23T02:13:09.373+0000] {processor.py:840} INFO - DAG(s) 'example_display_name' retrieved from /home/airflow/.local/lib/python3.12/site-packages/airflow/example_dags/example_display_name.py
[2024-07-23T02:13:09.408+0000] {logging_mixin.py:188} INFO - [2024-07-23T02:13:09.408+0000] {dag.py:3089} INFO - Sync 1 DAGs
[2024-07-23T02:13:09.426+0000] {logging_mixin.py:188} INFO - [2024-07-23T02:13:09.426+0000] {dag.py:3947} INFO - Setting next_dagrun for example_display_name to None, run_after=None
[2024-07-23T02:13:09.454+0000] {processor.py:183} INFO - Processing /home/airflow/.local/lib/python3.12/site-packages/airflow/example_dags/example_display_name.py took 0.101 seconds
[2024-07-23T02:13:40.164+0000] {processor.py:161} INFO - Started process (PID=1845) to work on /home/airflow/.local/lib/python3.12/site-packages/airflow/example_dags/example_display_name.py
[2024-07-23T02:13:40.166+0000] {processor.py:830} INFO - Processing file /home/airflow/.local/lib/python3.12/site-packages/airflow/example_dags/example_display_name.py for tasks to queue
[2024-07-23T02:13:40.169+0000] {logging_mixin.py:188} INFO - [2024-07-23T02:13:40.169+0000] {dagbag.py:545} INFO - Filling up the DagBag from /home/airflow/.local/lib/python3.12/site-packages/airflow/example_dags/example_display_name.py
[2024-07-23T02:13:40.181+0000] {processor.py:840} INFO - DAG(s) 'example_display_name' retrieved from /home/airflow/.local/lib/python3.12/site-packages/airflow/example_dags/example_display_name.py
[2024-07-23T02:13:40.260+0000] {logging_mixin.py:188} INFO - [2024-07-23T02:13:40.260+0000] {dag.py:3089} INFO - Sync 1 DAGs
[2024-07-23T02:13:40.296+0000] {logging_mixin.py:188} INFO - [2024-07-23T02:13:40.296+0000] {dag.py:3947} INFO - Setting next_dagrun for example_display_name to None, run_after=None
[2024-07-23T02:13:40.358+0000] {processor.py:183} INFO - Processing /home/airflow/.local/lib/python3.12/site-packages/airflow/example_dags/example_display_name.py took 0.210 seconds
[2024-07-23T02:14:10.536+0000] {processor.py:161} INFO - Started process (PID=1902) to work on /home/airflow/.local/lib/python3.12/site-packages/airflow/example_dags/example_display_name.py
[2024-07-23T02:14:10.538+0000] {processor.py:830} INFO - Processing file /home/airflow/.local/lib/python3.12/site-packages/airflow/example_dags/example_display_name.py for tasks to queue
[2024-07-23T02:14:10.540+0000] {logging_mixin.py:188} INFO - [2024-07-23T02:14:10.539+0000] {dagbag.py:545} INFO - Filling up the DagBag from /home/airflow/.local/lib/python3.12/site-packages/airflow/example_dags/example_display_name.py
[2024-07-23T02:14:10.547+0000] {processor.py:840} INFO - DAG(s) 'example_display_name' retrieved from /home/airflow/.local/lib/python3.12/site-packages/airflow/example_dags/example_display_name.py
[2024-07-23T02:14:10.572+0000] {logging_mixin.py:188} INFO - [2024-07-23T02:14:10.571+0000] {dag.py:3089} INFO - Sync 1 DAGs
[2024-07-23T02:14:10.589+0000] {logging_mixin.py:188} INFO - [2024-07-23T02:14:10.588+0000] {dag.py:3947} INFO - Setting next_dagrun for example_display_name to None, run_after=None
[2024-07-23T02:14:10.615+0000] {processor.py:183} INFO - Processing /home/airflow/.local/lib/python3.12/site-packages/airflow/example_dags/example_display_name.py took 0.088 seconds
[2024-07-23T02:14:40.818+0000] {processor.py:161} INFO - Started process (PID=1961) to work on /home/airflow/.local/lib/python3.12/site-packages/airflow/example_dags/example_display_name.py
[2024-07-23T02:14:40.820+0000] {processor.py:830} INFO - Processing file /home/airflow/.local/lib/python3.12/site-packages/airflow/example_dags/example_display_name.py for tasks to queue
[2024-07-23T02:14:40.822+0000] {logging_mixin.py:188} INFO - [2024-07-23T02:14:40.821+0000] {dagbag.py:545} INFO - Filling up the DagBag from /home/airflow/.local/lib/python3.12/site-packages/airflow/example_dags/example_display_name.py
[2024-07-23T02:14:40.830+0000] {processor.py:840} INFO - DAG(s) 'example_display_name' retrieved from /home/airflow/.local/lib/python3.12/site-packages/airflow/example_dags/example_display_name.py
[2024-07-23T02:14:40.858+0000] {logging_mixin.py:188} INFO - [2024-07-23T02:14:40.858+0000] {dag.py:3089} INFO - Sync 1 DAGs
[2024-07-23T02:14:40.878+0000] {logging_mixin.py:188} INFO - [2024-07-23T02:14:40.878+0000] {dag.py:3947} INFO - Setting next_dagrun for example_display_name to None, run_after=None
[2024-07-23T02:14:41.077+0000] {processor.py:183} INFO - Processing /home/airflow/.local/lib/python3.12/site-packages/airflow/example_dags/example_display_name.py took 0.267 seconds
[2024-07-23T02:15:11.680+0000] {processor.py:161} INFO - Started process (PID=2020) to work on /home/airflow/.local/lib/python3.12/site-packages/airflow/example_dags/example_display_name.py
[2024-07-23T02:15:11.684+0000] {processor.py:830} INFO - Processing file /home/airflow/.local/lib/python3.12/site-packages/airflow/example_dags/example_display_name.py for tasks to queue
[2024-07-23T02:15:11.693+0000] {logging_mixin.py:188} INFO - [2024-07-23T02:15:11.691+0000] {dagbag.py:545} INFO - Filling up the DagBag from /home/airflow/.local/lib/python3.12/site-packages/airflow/example_dags/example_display_name.py
[2024-07-23T02:15:11.723+0000] {processor.py:840} INFO - DAG(s) 'example_display_name' retrieved from /home/airflow/.local/lib/python3.12/site-packages/airflow/example_dags/example_display_name.py
[2024-07-23T02:15:11.808+0000] {logging_mixin.py:188} INFO - [2024-07-23T02:15:11.806+0000] {dag.py:3089} INFO - Sync 1 DAGs
[2024-07-23T02:15:11.864+0000] {logging_mixin.py:188} INFO - [2024-07-23T02:15:11.863+0000] {dag.py:3947} INFO - Setting next_dagrun for example_display_name to None, run_after=None
[2024-07-23T02:15:11.951+0000] {processor.py:183} INFO - Processing /home/airflow/.local/lib/python3.12/site-packages/airflow/example_dags/example_display_name.py took 0.304 seconds
[2024-07-23T02:15:43.008+0000] {processor.py:161} INFO - Started process (PID=2079) to work on /home/airflow/.local/lib/python3.12/site-packages/airflow/example_dags/example_display_name.py
[2024-07-23T02:15:43.012+0000] {processor.py:830} INFO - Processing file /home/airflow/.local/lib/python3.12/site-packages/airflow/example_dags/example_display_name.py for tasks to queue
[2024-07-23T02:15:43.020+0000] {logging_mixin.py:188} INFO - [2024-07-23T02:15:43.019+0000] {dagbag.py:545} INFO - Filling up the DagBag from /home/airflow/.local/lib/python3.12/site-packages/airflow/example_dags/example_display_name.py
[2024-07-23T02:15:43.052+0000] {processor.py:840} INFO - DAG(s) 'example_display_name' retrieved from /home/airflow/.local/lib/python3.12/site-packages/airflow/example_dags/example_display_name.py
[2024-07-23T02:15:43.163+0000] {logging_mixin.py:188} INFO - [2024-07-23T02:15:43.162+0000] {dag.py:3089} INFO - Sync 1 DAGs
[2024-07-23T02:15:43.233+0000] {logging_mixin.py:188} INFO - [2024-07-23T02:15:43.232+0000] {dag.py:3947} INFO - Setting next_dagrun for example_display_name to None, run_after=None
[2024-07-23T02:15:43.316+0000] {processor.py:183} INFO - Processing /home/airflow/.local/lib/python3.12/site-packages/airflow/example_dags/example_display_name.py took 0.341 seconds
[2024-07-23T02:16:15.316+0000] {processor.py:161} INFO - Started process (PID=2139) to work on /home/airflow/.local/lib/python3.12/site-packages/airflow/example_dags/example_display_name.py
[2024-07-23T02:16:15.320+0000] {processor.py:830} INFO - Processing file /home/airflow/.local/lib/python3.12/site-packages/airflow/example_dags/example_display_name.py for tasks to queue
[2024-07-23T02:16:15.330+0000] {logging_mixin.py:188} INFO - [2024-07-23T02:16:15.328+0000] {dagbag.py:545} INFO - Filling up the DagBag from /home/airflow/.local/lib/python3.12/site-packages/airflow/example_dags/example_display_name.py
[2024-07-23T02:16:15.908+0000] {processor.py:840} INFO - DAG(s) 'example_display_name' retrieved from /home/airflow/.local/lib/python3.12/site-packages/airflow/example_dags/example_display_name.py
[2024-07-23T02:16:15.983+0000] {logging_mixin.py:188} INFO - [2024-07-23T02:16:15.983+0000] {dag.py:3089} INFO - Sync 1 DAGs
[2024-07-23T02:16:16.044+0000] {logging_mixin.py:188} INFO - [2024-07-23T02:16:16.043+0000] {dag.py:3947} INFO - Setting next_dagrun for example_display_name to None, run_after=None
[2024-07-23T02:16:16.131+0000] {processor.py:183} INFO - Processing /home/airflow/.local/lib/python3.12/site-packages/airflow/example_dags/example_display_name.py took 0.853 seconds
[2024-07-23T02:16:47.421+0000] {processor.py:161} INFO - Started process (PID=2207) to work on /home/airflow/.local/lib/python3.12/site-packages/airflow/example_dags/example_display_name.py
[2024-07-23T02:16:47.441+0000] {processor.py:830} INFO - Processing file /home/airflow/.local/lib/python3.12/site-packages/airflow/example_dags/example_display_name.py for tasks to queue
[2024-07-23T02:16:47.474+0000] {logging_mixin.py:188} INFO - [2024-07-23T02:16:47.466+0000] {dagbag.py:545} INFO - Filling up the DagBag from /home/airflow/.local/lib/python3.12/site-packages/airflow/example_dags/example_display_name.py
[2024-07-23T02:16:47.527+0000] {processor.py:840} INFO - DAG(s) 'example_display_name' retrieved from /home/airflow/.local/lib/python3.12/site-packages/airflow/example_dags/example_display_name.py
[2024-07-23T02:16:47.650+0000] {logging_mixin.py:188} INFO - [2024-07-23T02:16:47.649+0000] {dag.py:3089} INFO - Sync 1 DAGs
[2024-07-23T02:16:47.741+0000] {logging_mixin.py:188} INFO - [2024-07-23T02:16:47.740+0000] {dag.py:3947} INFO - Setting next_dagrun for example_display_name to None, run_after=None
[2024-07-23T02:16:47.868+0000] {processor.py:183} INFO - Processing /home/airflow/.local/lib/python3.12/site-packages/airflow/example_dags/example_display_name.py took 0.529 seconds
[2024-07-23T02:17:18.117+0000] {processor.py:161} INFO - Started process (PID=2266) to work on /home/airflow/.local/lib/python3.12/site-packages/airflow/example_dags/example_display_name.py
[2024-07-23T02:17:18.121+0000] {processor.py:830} INFO - Processing file /home/airflow/.local/lib/python3.12/site-packages/airflow/example_dags/example_display_name.py for tasks to queue
[2024-07-23T02:17:18.133+0000] {logging_mixin.py:188} INFO - [2024-07-23T02:17:18.131+0000] {dagbag.py:545} INFO - Filling up the DagBag from /home/airflow/.local/lib/python3.12/site-packages/airflow/example_dags/example_display_name.py
[2024-07-23T02:17:18.160+0000] {processor.py:840} INFO - DAG(s) 'example_display_name' retrieved from /home/airflow/.local/lib/python3.12/site-packages/airflow/example_dags/example_display_name.py
[2024-07-23T02:17:18.253+0000] {logging_mixin.py:188} INFO - [2024-07-23T02:17:18.252+0000] {dag.py:3089} INFO - Sync 1 DAGs
[2024-07-23T02:17:18.321+0000] {logging_mixin.py:188} INFO - [2024-07-23T02:17:18.320+0000] {dag.py:3947} INFO - Setting next_dagrun for example_display_name to None, run_after=None
[2024-07-23T02:17:18.408+0000] {processor.py:183} INFO - Processing /home/airflow/.local/lib/python3.12/site-packages/airflow/example_dags/example_display_name.py took 0.318 seconds
[2024-07-23T02:17:48.582+0000] {processor.py:161} INFO - Started process (PID=2325) to work on /home/airflow/.local/lib/python3.12/site-packages/airflow/example_dags/example_display_name.py
[2024-07-23T02:17:48.586+0000] {processor.py:830} INFO - Processing file /home/airflow/.local/lib/python3.12/site-packages/airflow/example_dags/example_display_name.py for tasks to queue
[2024-07-23T02:17:48.595+0000] {logging_mixin.py:188} INFO - [2024-07-23T02:17:48.594+0000] {dagbag.py:545} INFO - Filling up the DagBag from /home/airflow/.local/lib/python3.12/site-packages/airflow/example_dags/example_display_name.py
[2024-07-23T02:17:48.620+0000] {processor.py:840} INFO - DAG(s) 'example_display_name' retrieved from /home/airflow/.local/lib/python3.12/site-packages/airflow/example_dags/example_display_name.py
[2024-07-23T02:17:48.709+0000] {logging_mixin.py:188} INFO - [2024-07-23T02:17:48.708+0000] {dag.py:3089} INFO - Sync 1 DAGs
[2024-07-23T02:17:48.779+0000] {logging_mixin.py:188} INFO - [2024-07-23T02:17:48.779+0000] {dag.py:3947} INFO - Setting next_dagrun for example_display_name to None, run_after=None
[2024-07-23T02:17:48.863+0000] {processor.py:183} INFO - Processing /home/airflow/.local/lib/python3.12/site-packages/airflow/example_dags/example_display_name.py took 0.306 seconds
[2024-07-23T02:18:19.196+0000] {processor.py:161} INFO - Started process (PID=2384) to work on /home/airflow/.local/lib/python3.12/site-packages/airflow/example_dags/example_display_name.py
[2024-07-23T02:18:19.199+0000] {processor.py:830} INFO - Processing file /home/airflow/.local/lib/python3.12/site-packages/airflow/example_dags/example_display_name.py for tasks to queue
[2024-07-23T02:18:19.207+0000] {logging_mixin.py:188} INFO - [2024-07-23T02:18:19.206+0000] {dagbag.py:545} INFO - Filling up the DagBag from /home/airflow/.local/lib/python3.12/site-packages/airflow/example_dags/example_display_name.py
[2024-07-23T02:18:19.236+0000] {processor.py:840} INFO - DAG(s) 'example_display_name' retrieved from /home/airflow/.local/lib/python3.12/site-packages/airflow/example_dags/example_display_name.py
[2024-07-23T02:18:19.331+0000] {logging_mixin.py:188} INFO - [2024-07-23T02:18:19.331+0000] {dag.py:3089} INFO - Sync 1 DAGs
[2024-07-23T02:18:19.409+0000] {logging_mixin.py:188} INFO - [2024-07-23T02:18:19.408+0000] {dag.py:3947} INFO - Setting next_dagrun for example_display_name to None, run_after=None
[2024-07-23T02:18:19.509+0000] {processor.py:183} INFO - Processing /home/airflow/.local/lib/python3.12/site-packages/airflow/example_dags/example_display_name.py took 0.345 seconds
[2024-07-23T02:18:50.126+0000] {processor.py:161} INFO - Started process (PID=2444) to work on /home/airflow/.local/lib/python3.12/site-packages/airflow/example_dags/example_display_name.py
[2024-07-23T02:18:50.131+0000] {processor.py:830} INFO - Processing file /home/airflow/.local/lib/python3.12/site-packages/airflow/example_dags/example_display_name.py for tasks to queue
[2024-07-23T02:18:50.140+0000] {logging_mixin.py:188} INFO - [2024-07-23T02:18:50.139+0000] {dagbag.py:545} INFO - Filling up the DagBag from /home/airflow/.local/lib/python3.12/site-packages/airflow/example_dags/example_display_name.py
[2024-07-23T02:18:50.159+0000] {processor.py:840} INFO - DAG(s) 'example_display_name' retrieved from /home/airflow/.local/lib/python3.12/site-packages/airflow/example_dags/example_display_name.py
[2024-07-23T02:18:50.237+0000] {logging_mixin.py:188} INFO - [2024-07-23T02:18:50.236+0000] {dag.py:3089} INFO - Sync 1 DAGs
[2024-07-23T02:18:50.284+0000] {logging_mixin.py:188} INFO - [2024-07-23T02:18:50.283+0000] {dag.py:3947} INFO - Setting next_dagrun for example_display_name to None, run_after=None
[2024-07-23T02:18:50.355+0000] {processor.py:183} INFO - Processing /home/airflow/.local/lib/python3.12/site-packages/airflow/example_dags/example_display_name.py took 0.255 seconds
[2024-07-23T02:19:20.584+0000] {processor.py:161} INFO - Started process (PID=2504) to work on /home/airflow/.local/lib/python3.12/site-packages/airflow/example_dags/example_display_name.py
[2024-07-23T02:19:20.588+0000] {processor.py:830} INFO - Processing file /home/airflow/.local/lib/python3.12/site-packages/airflow/example_dags/example_display_name.py for tasks to queue
[2024-07-23T02:19:20.595+0000] {logging_mixin.py:188} INFO - [2024-07-23T02:19:20.593+0000] {dagbag.py:545} INFO - Filling up the DagBag from /home/airflow/.local/lib/python3.12/site-packages/airflow/example_dags/example_display_name.py
[2024-07-23T02:19:20.618+0000] {processor.py:840} INFO - DAG(s) 'example_display_name' retrieved from /home/airflow/.local/lib/python3.12/site-packages/airflow/example_dags/example_display_name.py
[2024-07-23T02:19:20.691+0000] {logging_mixin.py:188} INFO - [2024-07-23T02:19:20.690+0000] {dag.py:3089} INFO - Sync 1 DAGs
[2024-07-23T02:19:20.739+0000] {logging_mixin.py:188} INFO - [2024-07-23T02:19:20.738+0000] {dag.py:3947} INFO - Setting next_dagrun for example_display_name to None, run_after=None
[2024-07-23T02:19:20.832+0000] {processor.py:183} INFO - Processing /home/airflow/.local/lib/python3.12/site-packages/airflow/example_dags/example_display_name.py took 0.283 seconds
[2024-07-23T02:19:51.269+0000] {processor.py:161} INFO - Started process (PID=2562) to work on /home/airflow/.local/lib/python3.12/site-packages/airflow/example_dags/example_display_name.py
[2024-07-23T02:19:51.270+0000] {processor.py:830} INFO - Processing file /home/airflow/.local/lib/python3.12/site-packages/airflow/example_dags/example_display_name.py for tasks to queue
[2024-07-23T02:19:51.273+0000] {logging_mixin.py:188} INFO - [2024-07-23T02:19:51.273+0000] {dagbag.py:545} INFO - Filling up the DagBag from /home/airflow/.local/lib/python3.12/site-packages/airflow/example_dags/example_display_name.py
[2024-07-23T02:19:51.279+0000] {processor.py:840} INFO - DAG(s) 'example_display_name' retrieved from /home/airflow/.local/lib/python3.12/site-packages/airflow/example_dags/example_display_name.py
[2024-07-23T02:19:51.313+0000] {logging_mixin.py:188} INFO - [2024-07-23T02:19:51.312+0000] {dag.py:3089} INFO - Sync 1 DAGs
[2024-07-23T02:19:51.329+0000] {logging_mixin.py:188} INFO - [2024-07-23T02:19:51.329+0000] {dag.py:3947} INFO - Setting next_dagrun for example_display_name to None, run_after=None
[2024-07-23T02:19:51.355+0000] {processor.py:183} INFO - Processing /home/airflow/.local/lib/python3.12/site-packages/airflow/example_dags/example_display_name.py took 0.093 seconds
[2024-07-23T02:20:21.692+0000] {processor.py:161} INFO - Started process (PID=2621) to work on /home/airflow/.local/lib/python3.12/site-packages/airflow/example_dags/example_display_name.py
[2024-07-23T02:20:21.696+0000] {processor.py:830} INFO - Processing file /home/airflow/.local/lib/python3.12/site-packages/airflow/example_dags/example_display_name.py for tasks to queue
[2024-07-23T02:20:21.700+0000] {logging_mixin.py:188} INFO - [2024-07-23T02:20:21.699+0000] {dagbag.py:545} INFO - Filling up the DagBag from /home/airflow/.local/lib/python3.12/site-packages/airflow/example_dags/example_display_name.py
[2024-07-23T02:20:21.710+0000] {processor.py:840} INFO - DAG(s) 'example_display_name' retrieved from /home/airflow/.local/lib/python3.12/site-packages/airflow/example_dags/example_display_name.py
[2024-07-23T02:20:21.740+0000] {logging_mixin.py:188} INFO - [2024-07-23T02:20:21.740+0000] {dag.py:3089} INFO - Sync 1 DAGs
[2024-07-23T02:20:21.764+0000] {logging_mixin.py:188} INFO - [2024-07-23T02:20:21.764+0000] {dag.py:3947} INFO - Setting next_dagrun for example_display_name to None, run_after=None
[2024-07-23T02:20:21.796+0000] {processor.py:183} INFO - Processing /home/airflow/.local/lib/python3.12/site-packages/airflow/example_dags/example_display_name.py took 0.111 seconds
[2024-07-23T02:20:51.994+0000] {processor.py:161} INFO - Started process (PID=2679) to work on /home/airflow/.local/lib/python3.12/site-packages/airflow/example_dags/example_display_name.py
[2024-07-23T02:20:51.995+0000] {processor.py:830} INFO - Processing file /home/airflow/.local/lib/python3.12/site-packages/airflow/example_dags/example_display_name.py for tasks to queue
[2024-07-23T02:20:51.998+0000] {logging_mixin.py:188} INFO - [2024-07-23T02:20:51.998+0000] {dagbag.py:545} INFO - Filling up the DagBag from /home/airflow/.local/lib/python3.12/site-packages/airflow/example_dags/example_display_name.py
[2024-07-23T02:20:52.007+0000] {processor.py:840} INFO - DAG(s) 'example_display_name' retrieved from /home/airflow/.local/lib/python3.12/site-packages/airflow/example_dags/example_display_name.py
[2024-07-23T02:20:52.038+0000] {logging_mixin.py:188} INFO - [2024-07-23T02:20:52.037+0000] {dag.py:3089} INFO - Sync 1 DAGs
[2024-07-23T02:20:52.058+0000] {logging_mixin.py:188} INFO - [2024-07-23T02:20:52.058+0000] {dag.py:3947} INFO - Setting next_dagrun for example_display_name to None, run_after=None
[2024-07-23T02:20:52.089+0000] {processor.py:183} INFO - Processing /home/airflow/.local/lib/python3.12/site-packages/airflow/example_dags/example_display_name.py took 0.103 seconds
[2024-07-23T02:21:22.296+0000] {processor.py:161} INFO - Started process (PID=2738) to work on /home/airflow/.local/lib/python3.12/site-packages/airflow/example_dags/example_display_name.py
[2024-07-23T02:21:22.298+0000] {processor.py:830} INFO - Processing file /home/airflow/.local/lib/python3.12/site-packages/airflow/example_dags/example_display_name.py for tasks to queue
[2024-07-23T02:21:22.300+0000] {logging_mixin.py:188} INFO - [2024-07-23T02:21:22.300+0000] {dagbag.py:545} INFO - Filling up the DagBag from /home/airflow/.local/lib/python3.12/site-packages/airflow/example_dags/example_display_name.py
[2024-07-23T02:21:22.308+0000] {processor.py:840} INFO - DAG(s) 'example_display_name' retrieved from /home/airflow/.local/lib/python3.12/site-packages/airflow/example_dags/example_display_name.py
[2024-07-23T02:21:22.332+0000] {logging_mixin.py:188} INFO - [2024-07-23T02:21:22.332+0000] {dag.py:3089} INFO - Sync 1 DAGs
[2024-07-23T02:21:22.348+0000] {logging_mixin.py:188} INFO - [2024-07-23T02:21:22.348+0000] {dag.py:3947} INFO - Setting next_dagrun for example_display_name to None, run_after=None
[2024-07-23T02:21:22.373+0000] {processor.py:183} INFO - Processing /home/airflow/.local/lib/python3.12/site-packages/airflow/example_dags/example_display_name.py took 0.084 seconds
[2024-07-23T02:21:52.694+0000] {processor.py:161} INFO - Started process (PID=2798) to work on /home/airflow/.local/lib/python3.12/site-packages/airflow/example_dags/example_display_name.py
[2024-07-23T02:21:52.695+0000] {processor.py:830} INFO - Processing file /home/airflow/.local/lib/python3.12/site-packages/airflow/example_dags/example_display_name.py for tasks to queue
[2024-07-23T02:21:52.698+0000] {logging_mixin.py:188} INFO - [2024-07-23T02:21:52.697+0000] {dagbag.py:545} INFO - Filling up the DagBag from /home/airflow/.local/lib/python3.12/site-packages/airflow/example_dags/example_display_name.py
[2024-07-23T02:21:52.704+0000] {processor.py:840} INFO - DAG(s) 'example_display_name' retrieved from /home/airflow/.local/lib/python3.12/site-packages/airflow/example_dags/example_display_name.py
[2024-07-23T02:21:52.725+0000] {logging_mixin.py:188} INFO - [2024-07-23T02:21:52.724+0000] {dag.py:3089} INFO - Sync 1 DAGs
[2024-07-23T02:21:52.737+0000] {logging_mixin.py:188} INFO - [2024-07-23T02:21:52.737+0000] {dag.py:3947} INFO - Setting next_dagrun for example_display_name to None, run_after=None
[2024-07-23T02:21:52.756+0000] {processor.py:183} INFO - Processing /home/airflow/.local/lib/python3.12/site-packages/airflow/example_dags/example_display_name.py took 0.068 seconds
[2024-07-23T02:22:23.150+0000] {processor.py:161} INFO - Started process (PID=2857) to work on /home/airflow/.local/lib/python3.12/site-packages/airflow/example_dags/example_display_name.py
[2024-07-23T02:22:23.152+0000] {processor.py:830} INFO - Processing file /home/airflow/.local/lib/python3.12/site-packages/airflow/example_dags/example_display_name.py for tasks to queue
[2024-07-23T02:22:23.154+0000] {logging_mixin.py:188} INFO - [2024-07-23T02:22:23.154+0000] {dagbag.py:545} INFO - Filling up the DagBag from /home/airflow/.local/lib/python3.12/site-packages/airflow/example_dags/example_display_name.py
[2024-07-23T02:22:23.161+0000] {processor.py:840} INFO - DAG(s) 'example_display_name' retrieved from /home/airflow/.local/lib/python3.12/site-packages/airflow/example_dags/example_display_name.py
[2024-07-23T02:22:23.185+0000] {logging_mixin.py:188} INFO - [2024-07-23T02:22:23.185+0000] {dag.py:3089} INFO - Sync 1 DAGs
[2024-07-23T02:22:23.199+0000] {logging_mixin.py:188} INFO - [2024-07-23T02:22:23.199+0000] {dag.py:3947} INFO - Setting next_dagrun for example_display_name to None, run_after=None
[2024-07-23T02:22:23.220+0000] {processor.py:183} INFO - Processing /home/airflow/.local/lib/python3.12/site-packages/airflow/example_dags/example_display_name.py took 0.077 seconds
[2024-07-23T02:22:53.382+0000] {processor.py:161} INFO - Started process (PID=2916) to work on /home/airflow/.local/lib/python3.12/site-packages/airflow/example_dags/example_display_name.py
[2024-07-23T02:22:53.384+0000] {processor.py:830} INFO - Processing file /home/airflow/.local/lib/python3.12/site-packages/airflow/example_dags/example_display_name.py for tasks to queue
[2024-07-23T02:22:53.388+0000] {logging_mixin.py:188} INFO - [2024-07-23T02:22:53.387+0000] {dagbag.py:545} INFO - Filling up the DagBag from /home/airflow/.local/lib/python3.12/site-packages/airflow/example_dags/example_display_name.py
[2024-07-23T02:22:53.395+0000] {processor.py:840} INFO - DAG(s) 'example_display_name' retrieved from /home/airflow/.local/lib/python3.12/site-packages/airflow/example_dags/example_display_name.py
[2024-07-23T02:22:53.421+0000] {logging_mixin.py:188} INFO - [2024-07-23T02:22:53.421+0000] {dag.py:3089} INFO - Sync 1 DAGs
[2024-07-23T02:22:53.436+0000] {logging_mixin.py:188} INFO - [2024-07-23T02:22:53.436+0000] {dag.py:3947} INFO - Setting next_dagrun for example_display_name to None, run_after=None
[2024-07-23T02:22:53.462+0000] {processor.py:183} INFO - Processing /home/airflow/.local/lib/python3.12/site-packages/airflow/example_dags/example_display_name.py took 0.088 seconds
[2024-07-23T02:23:23.563+0000] {processor.py:161} INFO - Started process (PID=2982) to work on /home/airflow/.local/lib/python3.12/site-packages/airflow/example_dags/example_display_name.py
[2024-07-23T02:23:23.564+0000] {processor.py:830} INFO - Processing file /home/airflow/.local/lib/python3.12/site-packages/airflow/example_dags/example_display_name.py for tasks to queue
[2024-07-23T02:23:23.566+0000] {logging_mixin.py:188} INFO - [2024-07-23T02:23:23.565+0000] {dagbag.py:545} INFO - Filling up the DagBag from /home/airflow/.local/lib/python3.12/site-packages/airflow/example_dags/example_display_name.py
[2024-07-23T02:23:23.574+0000] {processor.py:840} INFO - DAG(s) 'example_display_name' retrieved from /home/airflow/.local/lib/python3.12/site-packages/airflow/example_dags/example_display_name.py
[2024-07-23T02:23:23.598+0000] {logging_mixin.py:188} INFO - [2024-07-23T02:23:23.597+0000] {dag.py:3089} INFO - Sync 1 DAGs
[2024-07-23T02:23:23.612+0000] {logging_mixin.py:188} INFO - [2024-07-23T02:23:23.612+0000] {dag.py:3947} INFO - Setting next_dagrun for example_display_name to None, run_after=None
[2024-07-23T02:23:23.636+0000] {processor.py:183} INFO - Processing /home/airflow/.local/lib/python3.12/site-packages/airflow/example_dags/example_display_name.py took 0.083 seconds
[2024-07-23T02:23:54.187+0000] {processor.py:161} INFO - Started process (PID=3040) to work on /home/airflow/.local/lib/python3.12/site-packages/airflow/example_dags/example_display_name.py
[2024-07-23T02:23:54.190+0000] {processor.py:830} INFO - Processing file /home/airflow/.local/lib/python3.12/site-packages/airflow/example_dags/example_display_name.py for tasks to queue
[2024-07-23T02:23:54.196+0000] {logging_mixin.py:188} INFO - [2024-07-23T02:23:54.195+0000] {dagbag.py:545} INFO - Filling up the DagBag from /home/airflow/.local/lib/python3.12/site-packages/airflow/example_dags/example_display_name.py
[2024-07-23T02:23:54.218+0000] {processor.py:840} INFO - DAG(s) 'example_display_name' retrieved from /home/airflow/.local/lib/python3.12/site-packages/airflow/example_dags/example_display_name.py
[2024-07-23T02:23:54.299+0000] {logging_mixin.py:188} INFO - [2024-07-23T02:23:54.298+0000] {dag.py:3089} INFO - Sync 1 DAGs
[2024-07-23T02:23:54.350+0000] {logging_mixin.py:188} INFO - [2024-07-23T02:23:54.349+0000] {dag.py:3947} INFO - Setting next_dagrun for example_display_name to None, run_after=None
[2024-07-23T02:23:54.422+0000] {processor.py:183} INFO - Processing /home/airflow/.local/lib/python3.12/site-packages/airflow/example_dags/example_display_name.py took 0.258 seconds
[2024-07-23T02:24:24.580+0000] {processor.py:161} INFO - Started process (PID=3099) to work on /home/airflow/.local/lib/python3.12/site-packages/airflow/example_dags/example_display_name.py
[2024-07-23T02:24:24.583+0000] {processor.py:830} INFO - Processing file /home/airflow/.local/lib/python3.12/site-packages/airflow/example_dags/example_display_name.py for tasks to queue
[2024-07-23T02:24:24.590+0000] {logging_mixin.py:188} INFO - [2024-07-23T02:24:24.588+0000] {dagbag.py:545} INFO - Filling up the DagBag from /home/airflow/.local/lib/python3.12/site-packages/airflow/example_dags/example_display_name.py
[2024-07-23T02:24:24.611+0000] {processor.py:840} INFO - DAG(s) 'example_display_name' retrieved from /home/airflow/.local/lib/python3.12/site-packages/airflow/example_dags/example_display_name.py
[2024-07-23T02:24:24.701+0000] {logging_mixin.py:188} INFO - [2024-07-23T02:24:24.700+0000] {dag.py:3089} INFO - Sync 1 DAGs
[2024-07-23T02:24:24.758+0000] {logging_mixin.py:188} INFO - [2024-07-23T02:24:24.758+0000] {dag.py:3947} INFO - Setting next_dagrun for example_display_name to None, run_after=None
[2024-07-23T02:24:24.830+0000] {processor.py:183} INFO - Processing /home/airflow/.local/lib/python3.12/site-packages/airflow/example_dags/example_display_name.py took 0.275 seconds
[2024-07-23T02:24:55.151+0000] {processor.py:161} INFO - Started process (PID=3158) to work on /home/airflow/.local/lib/python3.12/site-packages/airflow/example_dags/example_display_name.py
[2024-07-23T02:24:55.156+0000] {processor.py:830} INFO - Processing file /home/airflow/.local/lib/python3.12/site-packages/airflow/example_dags/example_display_name.py for tasks to queue
[2024-07-23T02:24:55.163+0000] {logging_mixin.py:188} INFO - [2024-07-23T02:24:55.162+0000] {dagbag.py:545} INFO - Filling up the DagBag from /home/airflow/.local/lib/python3.12/site-packages/airflow/example_dags/example_display_name.py
[2024-07-23T02:24:55.189+0000] {processor.py:840} INFO - DAG(s) 'example_display_name' retrieved from /home/airflow/.local/lib/python3.12/site-packages/airflow/example_dags/example_display_name.py
[2024-07-23T02:24:55.262+0000] {logging_mixin.py:188} INFO - [2024-07-23T02:24:55.261+0000] {dag.py:3089} INFO - Sync 1 DAGs
[2024-07-23T02:24:55.310+0000] {logging_mixin.py:188} INFO - [2024-07-23T02:24:55.309+0000] {dag.py:3947} INFO - Setting next_dagrun for example_display_name to None, run_after=None
[2024-07-23T02:24:55.380+0000] {processor.py:183} INFO - Processing /home/airflow/.local/lib/python3.12/site-packages/airflow/example_dags/example_display_name.py took 0.253 seconds
[2024-07-23T02:25:26.340+0000] {processor.py:161} INFO - Started process (PID=3216) to work on /home/airflow/.local/lib/python3.12/site-packages/airflow/example_dags/example_display_name.py
[2024-07-23T02:25:26.342+0000] {processor.py:830} INFO - Processing file /home/airflow/.local/lib/python3.12/site-packages/airflow/example_dags/example_display_name.py for tasks to queue
[2024-07-23T02:25:26.344+0000] {logging_mixin.py:188} INFO - [2024-07-23T02:25:26.343+0000] {dagbag.py:545} INFO - Filling up the DagBag from /home/airflow/.local/lib/python3.12/site-packages/airflow/example_dags/example_display_name.py
[2024-07-23T02:25:26.353+0000] {processor.py:840} INFO - DAG(s) 'example_display_name' retrieved from /home/airflow/.local/lib/python3.12/site-packages/airflow/example_dags/example_display_name.py
[2024-07-23T02:25:26.377+0000] {logging_mixin.py:188} INFO - [2024-07-23T02:25:26.377+0000] {dag.py:3089} INFO - Sync 1 DAGs
[2024-07-23T02:25:26.397+0000] {logging_mixin.py:188} INFO - [2024-07-23T02:25:26.397+0000] {dag.py:3947} INFO - Setting next_dagrun for example_display_name to None, run_after=None
[2024-07-23T02:25:26.429+0000] {processor.py:183} INFO - Processing /home/airflow/.local/lib/python3.12/site-packages/airflow/example_dags/example_display_name.py took 0.099 seconds
[2024-07-23T02:25:56.535+0000] {processor.py:161} INFO - Started process (PID=3275) to work on /home/airflow/.local/lib/python3.12/site-packages/airflow/example_dags/example_display_name.py
[2024-07-23T02:25:56.536+0000] {processor.py:830} INFO - Processing file /home/airflow/.local/lib/python3.12/site-packages/airflow/example_dags/example_display_name.py for tasks to queue
[2024-07-23T02:25:56.537+0000] {logging_mixin.py:188} INFO - [2024-07-23T02:25:56.537+0000] {dagbag.py:545} INFO - Filling up the DagBag from /home/airflow/.local/lib/python3.12/site-packages/airflow/example_dags/example_display_name.py
[2024-07-23T02:25:56.544+0000] {processor.py:840} INFO - DAG(s) 'example_display_name' retrieved from /home/airflow/.local/lib/python3.12/site-packages/airflow/example_dags/example_display_name.py
[2024-07-23T02:25:56.569+0000] {logging_mixin.py:188} INFO - [2024-07-23T02:25:56.568+0000] {dag.py:3089} INFO - Sync 1 DAGs
[2024-07-23T02:25:56.583+0000] {logging_mixin.py:188} INFO - [2024-07-23T02:25:56.583+0000] {dag.py:3947} INFO - Setting next_dagrun for example_display_name to None, run_after=None
[2024-07-23T02:25:56.606+0000] {processor.py:183} INFO - Processing /home/airflow/.local/lib/python3.12/site-packages/airflow/example_dags/example_display_name.py took 0.078 seconds
[2024-07-23T02:26:27.137+0000] {processor.py:161} INFO - Started process (PID=3334) to work on /home/airflow/.local/lib/python3.12/site-packages/airflow/example_dags/example_display_name.py
[2024-07-23T02:26:27.138+0000] {processor.py:830} INFO - Processing file /home/airflow/.local/lib/python3.12/site-packages/airflow/example_dags/example_display_name.py for tasks to queue
[2024-07-23T02:26:27.141+0000] {logging_mixin.py:188} INFO - [2024-07-23T02:26:27.141+0000] {dagbag.py:545} INFO - Filling up the DagBag from /home/airflow/.local/lib/python3.12/site-packages/airflow/example_dags/example_display_name.py
[2024-07-23T02:26:27.150+0000] {processor.py:840} INFO - DAG(s) 'example_display_name' retrieved from /home/airflow/.local/lib/python3.12/site-packages/airflow/example_dags/example_display_name.py
[2024-07-23T02:26:27.177+0000] {logging_mixin.py:188} INFO - [2024-07-23T02:26:27.177+0000] {dag.py:3089} INFO - Sync 1 DAGs
[2024-07-23T02:26:27.196+0000] {logging_mixin.py:188} INFO - [2024-07-23T02:26:27.195+0000] {dag.py:3947} INFO - Setting next_dagrun for example_display_name to None, run_after=None
[2024-07-23T02:26:27.223+0000] {processor.py:183} INFO - Processing /home/airflow/.local/lib/python3.12/site-packages/airflow/example_dags/example_display_name.py took 0.097 seconds
[2024-07-23T02:26:57.969+0000] {processor.py:161} INFO - Started process (PID=3393) to work on /home/airflow/.local/lib/python3.12/site-packages/airflow/example_dags/example_display_name.py
[2024-07-23T02:26:57.973+0000] {processor.py:830} INFO - Processing file /home/airflow/.local/lib/python3.12/site-packages/airflow/example_dags/example_display_name.py for tasks to queue
[2024-07-23T02:26:57.982+0000] {logging_mixin.py:188} INFO - [2024-07-23T02:26:57.981+0000] {dagbag.py:545} INFO - Filling up the DagBag from /home/airflow/.local/lib/python3.12/site-packages/airflow/example_dags/example_display_name.py
[2024-07-23T02:26:58.003+0000] {processor.py:840} INFO - DAG(s) 'example_display_name' retrieved from /home/airflow/.local/lib/python3.12/site-packages/airflow/example_dags/example_display_name.py
[2024-07-23T02:26:58.089+0000] {logging_mixin.py:188} INFO - [2024-07-23T02:26:58.088+0000] {dag.py:3089} INFO - Sync 1 DAGs
[2024-07-23T02:26:58.155+0000] {logging_mixin.py:188} INFO - [2024-07-23T02:26:58.155+0000] {dag.py:3947} INFO - Setting next_dagrun for example_display_name to None, run_after=None
[2024-07-23T02:26:58.232+0000] {processor.py:183} INFO - Processing /home/airflow/.local/lib/python3.12/site-packages/airflow/example_dags/example_display_name.py took 0.289 seconds
[2024-07-23T02:27:28.352+0000] {processor.py:161} INFO - Started process (PID=3452) to work on /home/airflow/.local/lib/python3.12/site-packages/airflow/example_dags/example_display_name.py
[2024-07-23T02:27:28.353+0000] {processor.py:830} INFO - Processing file /home/airflow/.local/lib/python3.12/site-packages/airflow/example_dags/example_display_name.py for tasks to queue
[2024-07-23T02:27:28.355+0000] {logging_mixin.py:188} INFO - [2024-07-23T02:27:28.354+0000] {dagbag.py:545} INFO - Filling up the DagBag from /home/airflow/.local/lib/python3.12/site-packages/airflow/example_dags/example_display_name.py
[2024-07-23T02:27:28.361+0000] {processor.py:840} INFO - DAG(s) 'example_display_name' retrieved from /home/airflow/.local/lib/python3.12/site-packages/airflow/example_dags/example_display_name.py
[2024-07-23T02:27:28.390+0000] {logging_mixin.py:188} INFO - [2024-07-23T02:27:28.389+0000] {dag.py:3089} INFO - Sync 1 DAGs
[2024-07-23T02:27:28.423+0000] {logging_mixin.py:188} INFO - [2024-07-23T02:27:28.423+0000] {dag.py:3947} INFO - Setting next_dagrun for example_display_name to None, run_after=None
[2024-07-23T02:27:28.455+0000] {processor.py:183} INFO - Processing /home/airflow/.local/lib/python3.12/site-packages/airflow/example_dags/example_display_name.py took 0.111 seconds
[2024-07-23T02:27:58.745+0000] {processor.py:161} INFO - Started process (PID=3511) to work on /home/airflow/.local/lib/python3.12/site-packages/airflow/example_dags/example_display_name.py
[2024-07-23T02:27:58.747+0000] {processor.py:830} INFO - Processing file /home/airflow/.local/lib/python3.12/site-packages/airflow/example_dags/example_display_name.py for tasks to queue
[2024-07-23T02:27:58.749+0000] {logging_mixin.py:188} INFO - [2024-07-23T02:27:58.749+0000] {dagbag.py:545} INFO - Filling up the DagBag from /home/airflow/.local/lib/python3.12/site-packages/airflow/example_dags/example_display_name.py
[2024-07-23T02:27:58.758+0000] {processor.py:840} INFO - DAG(s) 'example_display_name' retrieved from /home/airflow/.local/lib/python3.12/site-packages/airflow/example_dags/example_display_name.py
[2024-07-23T02:27:58.784+0000] {logging_mixin.py:188} INFO - [2024-07-23T02:27:58.784+0000] {dag.py:3089} INFO - Sync 1 DAGs
[2024-07-23T02:27:58.800+0000] {logging_mixin.py:188} INFO - [2024-07-23T02:27:58.800+0000] {dag.py:3947} INFO - Setting next_dagrun for example_display_name to None, run_after=None
[2024-07-23T02:27:58.824+0000] {processor.py:183} INFO - Processing /home/airflow/.local/lib/python3.12/site-packages/airflow/example_dags/example_display_name.py took 0.088 seconds
