[2024-07-23T01:58:18.505+0000] {processor.py:161} INFO - Started process (PID=60) to work on /home/airflow/.local/lib/python3.12/site-packages/airflow/example_dags/example_latest_only_with_trigger.py
[2024-07-23T01:58:18.506+0000] {processor.py:830} INFO - Processing file /home/airflow/.local/lib/python3.12/site-packages/airflow/example_dags/example_latest_only_with_trigger.py for tasks to queue
[2024-07-23T01:58:18.508+0000] {logging_mixin.py:188} INFO - [2024-07-23T01:58:18.507+0000] {dagbag.py:545} INFO - Filling up the DagBag from /home/airflow/.local/lib/python3.12/site-packages/airflow/example_dags/example_latest_only_with_trigger.py
[2024-07-23T01:58:18.518+0000] {processor.py:840} INFO - DAG(s) 'latest_only_with_trigger' retrieved from /home/airflow/.local/lib/python3.12/site-packages/airflow/example_dags/example_latest_only_with_trigger.py
[2024-07-23T01:58:18.652+0000] {logging_mixin.py:188} INFO - [2024-07-23T01:58:18.651+0000] {dag.py:3089} INFO - Sync 1 DAGs
[2024-07-23T01:58:18.674+0000] {logging_mixin.py:188} INFO - [2024-07-23T01:58:18.674+0000] {dag.py:3947} INFO - Setting next_dagrun for latest_only_with_trigger to 2024-07-22 20:00:00+00:00, run_after=2024-07-23 00:00:00+00:00
[2024-07-23T01:58:18.696+0000] {processor.py:183} INFO - Processing /home/airflow/.local/lib/python3.12/site-packages/airflow/example_dags/example_latest_only_with_trigger.py took 0.197 seconds
[2024-07-23T01:58:49.438+0000] {processor.py:161} INFO - Started process (PID=118) to work on /home/airflow/.local/lib/python3.12/site-packages/airflow/example_dags/example_latest_only_with_trigger.py
[2024-07-23T01:58:49.441+0000] {processor.py:830} INFO - Processing file /home/airflow/.local/lib/python3.12/site-packages/airflow/example_dags/example_latest_only_with_trigger.py for tasks to queue
[2024-07-23T01:58:49.443+0000] {logging_mixin.py:188} INFO - [2024-07-23T01:58:49.443+0000] {dagbag.py:545} INFO - Filling up the DagBag from /home/airflow/.local/lib/python3.12/site-packages/airflow/example_dags/example_latest_only_with_trigger.py
[2024-07-23T01:58:49.453+0000] {processor.py:840} INFO - DAG(s) 'latest_only_with_trigger' retrieved from /home/airflow/.local/lib/python3.12/site-packages/airflow/example_dags/example_latest_only_with_trigger.py
[2024-07-23T01:58:49.489+0000] {logging_mixin.py:188} INFO - [2024-07-23T01:58:49.489+0000] {dag.py:3089} INFO - Sync 1 DAGs
[2024-07-23T01:58:49.522+0000] {logging_mixin.py:188} INFO - [2024-07-23T01:58:49.522+0000] {dag.py:3947} INFO - Setting next_dagrun for latest_only_with_trigger to 2024-07-22 20:00:00+00:00, run_after=2024-07-23 00:00:00+00:00
[2024-07-23T01:58:49.547+0000] {processor.py:183} INFO - Processing /home/airflow/.local/lib/python3.12/site-packages/airflow/example_dags/example_latest_only_with_trigger.py took 0.118 seconds
[2024-07-23T01:59:19.768+0000] {processor.py:161} INFO - Started process (PID=176) to work on /home/airflow/.local/lib/python3.12/site-packages/airflow/example_dags/example_latest_only_with_trigger.py
[2024-07-23T01:59:19.769+0000] {processor.py:830} INFO - Processing file /home/airflow/.local/lib/python3.12/site-packages/airflow/example_dags/example_latest_only_with_trigger.py for tasks to queue
[2024-07-23T01:59:19.771+0000] {logging_mixin.py:188} INFO - [2024-07-23T01:59:19.771+0000] {dagbag.py:545} INFO - Filling up the DagBag from /home/airflow/.local/lib/python3.12/site-packages/airflow/example_dags/example_latest_only_with_trigger.py
[2024-07-23T01:59:19.777+0000] {processor.py:840} INFO - DAG(s) 'latest_only_with_trigger' retrieved from /home/airflow/.local/lib/python3.12/site-packages/airflow/example_dags/example_latest_only_with_trigger.py
[2024-07-23T01:59:19.811+0000] {logging_mixin.py:188} INFO - [2024-07-23T01:59:19.810+0000] {dag.py:3089} INFO - Sync 1 DAGs
[2024-07-23T01:59:19.843+0000] {logging_mixin.py:188} INFO - [2024-07-23T01:59:19.843+0000] {dag.py:3947} INFO - Setting next_dagrun for latest_only_with_trigger to 2024-07-22 20:00:00+00:00, run_after=2024-07-23 00:00:00+00:00
[2024-07-23T01:59:19.876+0000] {processor.py:183} INFO - Processing /home/airflow/.local/lib/python3.12/site-packages/airflow/example_dags/example_latest_only_with_trigger.py took 0.115 seconds
[2024-07-23T01:59:50.036+0000] {processor.py:161} INFO - Started process (PID=234) to work on /home/airflow/.local/lib/python3.12/site-packages/airflow/example_dags/example_latest_only_with_trigger.py
[2024-07-23T01:59:50.037+0000] {processor.py:830} INFO - Processing file /home/airflow/.local/lib/python3.12/site-packages/airflow/example_dags/example_latest_only_with_trigger.py for tasks to queue
[2024-07-23T01:59:50.039+0000] {logging_mixin.py:188} INFO - [2024-07-23T01:59:50.039+0000] {dagbag.py:545} INFO - Filling up the DagBag from /home/airflow/.local/lib/python3.12/site-packages/airflow/example_dags/example_latest_only_with_trigger.py
[2024-07-23T01:59:50.046+0000] {processor.py:840} INFO - DAG(s) 'latest_only_with_trigger' retrieved from /home/airflow/.local/lib/python3.12/site-packages/airflow/example_dags/example_latest_only_with_trigger.py
[2024-07-23T01:59:50.070+0000] {logging_mixin.py:188} INFO - [2024-07-23T01:59:50.070+0000] {dag.py:3089} INFO - Sync 1 DAGs
[2024-07-23T01:59:50.094+0000] {logging_mixin.py:188} INFO - [2024-07-23T01:59:50.094+0000] {dag.py:3947} INFO - Setting next_dagrun for latest_only_with_trigger to 2024-07-22 20:00:00+00:00, run_after=2024-07-23 00:00:00+00:00
[2024-07-23T01:59:50.118+0000] {processor.py:183} INFO - Processing /home/airflow/.local/lib/python3.12/site-packages/airflow/example_dags/example_latest_only_with_trigger.py took 0.089 seconds
[2024-07-23T02:00:20.488+0000] {processor.py:161} INFO - Started process (PID=297) to work on /home/airflow/.local/lib/python3.12/site-packages/airflow/example_dags/example_latest_only_with_trigger.py
[2024-07-23T02:00:20.489+0000] {processor.py:830} INFO - Processing file /home/airflow/.local/lib/python3.12/site-packages/airflow/example_dags/example_latest_only_with_trigger.py for tasks to queue
[2024-07-23T02:00:20.491+0000] {logging_mixin.py:188} INFO - [2024-07-23T02:00:20.491+0000] {dagbag.py:545} INFO - Filling up the DagBag from /home/airflow/.local/lib/python3.12/site-packages/airflow/example_dags/example_latest_only_with_trigger.py
[2024-07-23T02:00:20.497+0000] {processor.py:840} INFO - DAG(s) 'latest_only_with_trigger' retrieved from /home/airflow/.local/lib/python3.12/site-packages/airflow/example_dags/example_latest_only_with_trigger.py
[2024-07-23T02:00:20.518+0000] {logging_mixin.py:188} INFO - [2024-07-23T02:00:20.518+0000] {dag.py:3089} INFO - Sync 1 DAGs
[2024-07-23T02:00:20.544+0000] {logging_mixin.py:188} INFO - [2024-07-23T02:00:20.544+0000] {dag.py:3947} INFO - Setting next_dagrun for latest_only_with_trigger to 2024-07-22 20:00:00+00:00, run_after=2024-07-23 00:00:00+00:00
[2024-07-23T02:00:20.565+0000] {processor.py:183} INFO - Processing /home/airflow/.local/lib/python3.12/site-packages/airflow/example_dags/example_latest_only_with_trigger.py took 0.083 seconds
[2024-07-23T02:00:50.925+0000] {processor.py:161} INFO - Started process (PID=354) to work on /home/airflow/.local/lib/python3.12/site-packages/airflow/example_dags/example_latest_only_with_trigger.py
[2024-07-23T02:00:50.926+0000] {processor.py:830} INFO - Processing file /home/airflow/.local/lib/python3.12/site-packages/airflow/example_dags/example_latest_only_with_trigger.py for tasks to queue
[2024-07-23T02:00:50.928+0000] {logging_mixin.py:188} INFO - [2024-07-23T02:00:50.927+0000] {dagbag.py:545} INFO - Filling up the DagBag from /home/airflow/.local/lib/python3.12/site-packages/airflow/example_dags/example_latest_only_with_trigger.py
[2024-07-23T02:00:50.933+0000] {processor.py:840} INFO - DAG(s) 'latest_only_with_trigger' retrieved from /home/airflow/.local/lib/python3.12/site-packages/airflow/example_dags/example_latest_only_with_trigger.py
[2024-07-23T02:00:50.954+0000] {logging_mixin.py:188} INFO - [2024-07-23T02:00:50.954+0000] {dag.py:3089} INFO - Sync 1 DAGs
[2024-07-23T02:00:50.976+0000] {logging_mixin.py:188} INFO - [2024-07-23T02:00:50.976+0000] {dag.py:3947} INFO - Setting next_dagrun for latest_only_with_trigger to 2024-07-22 20:00:00+00:00, run_after=2024-07-23 00:00:00+00:00
[2024-07-23T02:00:50.997+0000] {processor.py:183} INFO - Processing /home/airflow/.local/lib/python3.12/site-packages/airflow/example_dags/example_latest_only_with_trigger.py took 0.078 seconds
[2024-07-23T02:01:21.273+0000] {processor.py:161} INFO - Started process (PID=411) to work on /home/airflow/.local/lib/python3.12/site-packages/airflow/example_dags/example_latest_only_with_trigger.py
[2024-07-23T02:01:21.274+0000] {processor.py:830} INFO - Processing file /home/airflow/.local/lib/python3.12/site-packages/airflow/example_dags/example_latest_only_with_trigger.py for tasks to queue
[2024-07-23T02:01:21.277+0000] {logging_mixin.py:188} INFO - [2024-07-23T02:01:21.276+0000] {dagbag.py:545} INFO - Filling up the DagBag from /home/airflow/.local/lib/python3.12/site-packages/airflow/example_dags/example_latest_only_with_trigger.py
[2024-07-23T02:01:21.283+0000] {processor.py:840} INFO - DAG(s) 'latest_only_with_trigger' retrieved from /home/airflow/.local/lib/python3.12/site-packages/airflow/example_dags/example_latest_only_with_trigger.py
[2024-07-23T02:01:21.304+0000] {logging_mixin.py:188} INFO - [2024-07-23T02:01:21.304+0000] {dag.py:3089} INFO - Sync 1 DAGs
[2024-07-23T02:01:21.326+0000] {logging_mixin.py:188} INFO - [2024-07-23T02:01:21.326+0000] {dag.py:3947} INFO - Setting next_dagrun for latest_only_with_trigger to 2024-07-22 20:00:00+00:00, run_after=2024-07-23 00:00:00+00:00
[2024-07-23T02:01:21.348+0000] {processor.py:183} INFO - Processing /home/airflow/.local/lib/python3.12/site-packages/airflow/example_dags/example_latest_only_with_trigger.py took 0.082 seconds
[2024-07-23T02:01:51.904+0000] {processor.py:161} INFO - Started process (PID=468) to work on /home/airflow/.local/lib/python3.12/site-packages/airflow/example_dags/example_latest_only_with_trigger.py
[2024-07-23T02:01:51.905+0000] {processor.py:830} INFO - Processing file /home/airflow/.local/lib/python3.12/site-packages/airflow/example_dags/example_latest_only_with_trigger.py for tasks to queue
[2024-07-23T02:01:51.907+0000] {logging_mixin.py:188} INFO - [2024-07-23T02:01:51.907+0000] {dagbag.py:545} INFO - Filling up the DagBag from /home/airflow/.local/lib/python3.12/site-packages/airflow/example_dags/example_latest_only_with_trigger.py
[2024-07-23T02:01:51.912+0000] {processor.py:840} INFO - DAG(s) 'latest_only_with_trigger' retrieved from /home/airflow/.local/lib/python3.12/site-packages/airflow/example_dags/example_latest_only_with_trigger.py
[2024-07-23T02:01:51.937+0000] {logging_mixin.py:188} INFO - [2024-07-23T02:01:51.937+0000] {dag.py:3089} INFO - Sync 1 DAGs
[2024-07-23T02:01:51.961+0000] {logging_mixin.py:188} INFO - [2024-07-23T02:01:51.961+0000] {dag.py:3947} INFO - Setting next_dagrun for latest_only_with_trigger to 2024-07-22 20:00:00+00:00, run_after=2024-07-23 00:00:00+00:00
[2024-07-23T02:01:51.982+0000] {processor.py:183} INFO - Processing /home/airflow/.local/lib/python3.12/site-packages/airflow/example_dags/example_latest_only_with_trigger.py took 0.084 seconds
[2024-07-23T02:02:22.054+0000] {processor.py:161} INFO - Started process (PID=527) to work on /home/airflow/.local/lib/python3.12/site-packages/airflow/example_dags/example_latest_only_with_trigger.py
[2024-07-23T02:02:22.055+0000] {processor.py:830} INFO - Processing file /home/airflow/.local/lib/python3.12/site-packages/airflow/example_dags/example_latest_only_with_trigger.py for tasks to queue
[2024-07-23T02:02:22.057+0000] {logging_mixin.py:188} INFO - [2024-07-23T02:02:22.057+0000] {dagbag.py:545} INFO - Filling up the DagBag from /home/airflow/.local/lib/python3.12/site-packages/airflow/example_dags/example_latest_only_with_trigger.py
[2024-07-23T02:02:22.065+0000] {processor.py:840} INFO - DAG(s) 'latest_only_with_trigger' retrieved from /home/airflow/.local/lib/python3.12/site-packages/airflow/example_dags/example_latest_only_with_trigger.py
[2024-07-23T02:02:22.089+0000] {logging_mixin.py:188} INFO - [2024-07-23T02:02:22.088+0000] {dag.py:3089} INFO - Sync 1 DAGs
[2024-07-23T02:02:22.118+0000] {logging_mixin.py:188} INFO - [2024-07-23T02:02:22.118+0000] {dag.py:3947} INFO - Setting next_dagrun for latest_only_with_trigger to 2024-07-22 20:00:00+00:00, run_after=2024-07-23 00:00:00+00:00
[2024-07-23T02:02:22.139+0000] {processor.py:183} INFO - Processing /home/airflow/.local/lib/python3.12/site-packages/airflow/example_dags/example_latest_only_with_trigger.py took 0.093 seconds
[2024-07-23T02:02:52.353+0000] {processor.py:161} INFO - Started process (PID=586) to work on /home/airflow/.local/lib/python3.12/site-packages/airflow/example_dags/example_latest_only_with_trigger.py
[2024-07-23T02:02:52.355+0000] {processor.py:830} INFO - Processing file /home/airflow/.local/lib/python3.12/site-packages/airflow/example_dags/example_latest_only_with_trigger.py for tasks to queue
[2024-07-23T02:02:52.357+0000] {logging_mixin.py:188} INFO - [2024-07-23T02:02:52.357+0000] {dagbag.py:545} INFO - Filling up the DagBag from /home/airflow/.local/lib/python3.12/site-packages/airflow/example_dags/example_latest_only_with_trigger.py
[2024-07-23T02:02:52.366+0000] {processor.py:840} INFO - DAG(s) 'latest_only_with_trigger' retrieved from /home/airflow/.local/lib/python3.12/site-packages/airflow/example_dags/example_latest_only_with_trigger.py
[2024-07-23T02:02:52.405+0000] {logging_mixin.py:188} INFO - [2024-07-23T02:02:52.405+0000] {dag.py:3089} INFO - Sync 1 DAGs
[2024-07-23T02:02:52.454+0000] {logging_mixin.py:188} INFO - [2024-07-23T02:02:52.454+0000] {dag.py:3947} INFO - Setting next_dagrun for latest_only_with_trigger to 2024-07-22 20:00:00+00:00, run_after=2024-07-23 00:00:00+00:00
[2024-07-23T02:02:52.491+0000] {processor.py:183} INFO - Processing /home/airflow/.local/lib/python3.12/site-packages/airflow/example_dags/example_latest_only_with_trigger.py took 0.150 seconds
[2024-07-23T02:03:23.357+0000] {processor.py:161} INFO - Started process (PID=646) to work on /home/airflow/.local/lib/python3.12/site-packages/airflow/example_dags/example_latest_only_with_trigger.py
[2024-07-23T02:03:23.358+0000] {processor.py:830} INFO - Processing file /home/airflow/.local/lib/python3.12/site-packages/airflow/example_dags/example_latest_only_with_trigger.py for tasks to queue
[2024-07-23T02:03:23.361+0000] {logging_mixin.py:188} INFO - [2024-07-23T02:03:23.361+0000] {dagbag.py:545} INFO - Filling up the DagBag from /home/airflow/.local/lib/python3.12/site-packages/airflow/example_dags/example_latest_only_with_trigger.py
[2024-07-23T02:03:23.370+0000] {processor.py:840} INFO - DAG(s) 'latest_only_with_trigger' retrieved from /home/airflow/.local/lib/python3.12/site-packages/airflow/example_dags/example_latest_only_with_trigger.py
[2024-07-23T02:03:23.410+0000] {logging_mixin.py:188} INFO - [2024-07-23T02:03:23.409+0000] {dag.py:3089} INFO - Sync 1 DAGs
[2024-07-23T02:03:23.452+0000] {logging_mixin.py:188} INFO - [2024-07-23T02:03:23.451+0000] {dag.py:3947} INFO - Setting next_dagrun for latest_only_with_trigger to 2024-07-22 20:00:00+00:00, run_after=2024-07-23 00:00:00+00:00
[2024-07-23T02:03:23.487+0000] {processor.py:183} INFO - Processing /home/airflow/.local/lib/python3.12/site-packages/airflow/example_dags/example_latest_only_with_trigger.py took 0.144 seconds
[2024-07-23T02:03:54.618+0000] {processor.py:161} INFO - Started process (PID=705) to work on /home/airflow/.local/lib/python3.12/site-packages/airflow/example_dags/example_latest_only_with_trigger.py
[2024-07-23T02:03:54.621+0000] {processor.py:830} INFO - Processing file /home/airflow/.local/lib/python3.12/site-packages/airflow/example_dags/example_latest_only_with_trigger.py for tasks to queue
[2024-07-23T02:03:54.626+0000] {logging_mixin.py:188} INFO - [2024-07-23T02:03:54.624+0000] {dagbag.py:545} INFO - Filling up the DagBag from /home/airflow/.local/lib/python3.12/site-packages/airflow/example_dags/example_latest_only_with_trigger.py
[2024-07-23T02:03:54.641+0000] {processor.py:840} INFO - DAG(s) 'latest_only_with_trigger' retrieved from /home/airflow/.local/lib/python3.12/site-packages/airflow/example_dags/example_latest_only_with_trigger.py
[2024-07-23T02:03:54.699+0000] {logging_mixin.py:188} INFO - [2024-07-23T02:03:54.698+0000] {dag.py:3089} INFO - Sync 1 DAGs
[2024-07-23T02:03:54.755+0000] {logging_mixin.py:188} INFO - [2024-07-23T02:03:54.755+0000] {dag.py:3947} INFO - Setting next_dagrun for latest_only_with_trigger to 2024-07-22 20:00:00+00:00, run_after=2024-07-23 00:00:00+00:00
[2024-07-23T02:03:54.802+0000] {processor.py:183} INFO - Processing /home/airflow/.local/lib/python3.12/site-packages/airflow/example_dags/example_latest_only_with_trigger.py took 0.200 seconds
[2024-07-23T02:04:25.950+0000] {processor.py:161} INFO - Started process (PID=764) to work on /home/airflow/.local/lib/python3.12/site-packages/airflow/example_dags/example_latest_only_with_trigger.py
[2024-07-23T02:04:25.954+0000] {processor.py:830} INFO - Processing file /home/airflow/.local/lib/python3.12/site-packages/airflow/example_dags/example_latest_only_with_trigger.py for tasks to queue
[2024-07-23T02:04:25.965+0000] {logging_mixin.py:188} INFO - [2024-07-23T02:04:25.963+0000] {dagbag.py:545} INFO - Filling up the DagBag from /home/airflow/.local/lib/python3.12/site-packages/airflow/example_dags/example_latest_only_with_trigger.py
[2024-07-23T02:04:25.992+0000] {processor.py:840} INFO - DAG(s) 'latest_only_with_trigger' retrieved from /home/airflow/.local/lib/python3.12/site-packages/airflow/example_dags/example_latest_only_with_trigger.py
[2024-07-23T02:04:26.119+0000] {logging_mixin.py:188} INFO - [2024-07-23T02:04:26.117+0000] {dag.py:3089} INFO - Sync 1 DAGs
[2024-07-23T02:04:26.349+0000] {logging_mixin.py:188} INFO - [2024-07-23T02:04:26.348+0000] {dag.py:3947} INFO - Setting next_dagrun for latest_only_with_trigger to 2024-07-22 20:00:00+00:00, run_after=2024-07-23 00:00:00+00:00
[2024-07-23T02:04:26.488+0000] {processor.py:183} INFO - Processing /home/airflow/.local/lib/python3.12/site-packages/airflow/example_dags/example_latest_only_with_trigger.py took 0.577 seconds
[2024-07-23T02:04:57.224+0000] {processor.py:161} INFO - Started process (PID=823) to work on /home/airflow/.local/lib/python3.12/site-packages/airflow/example_dags/example_latest_only_with_trigger.py
[2024-07-23T02:04:57.229+0000] {processor.py:830} INFO - Processing file /home/airflow/.local/lib/python3.12/site-packages/airflow/example_dags/example_latest_only_with_trigger.py for tasks to queue
[2024-07-23T02:04:57.241+0000] {logging_mixin.py:188} INFO - [2024-07-23T02:04:57.238+0000] {dagbag.py:545} INFO - Filling up the DagBag from /home/airflow/.local/lib/python3.12/site-packages/airflow/example_dags/example_latest_only_with_trigger.py
[2024-07-23T02:04:57.274+0000] {processor.py:840} INFO - DAG(s) 'latest_only_with_trigger' retrieved from /home/airflow/.local/lib/python3.12/site-packages/airflow/example_dags/example_latest_only_with_trigger.py
[2024-07-23T02:04:57.389+0000] {logging_mixin.py:188} INFO - [2024-07-23T02:04:57.387+0000] {dag.py:3089} INFO - Sync 1 DAGs
[2024-07-23T02:04:57.488+0000] {logging_mixin.py:188} INFO - [2024-07-23T02:04:57.487+0000] {dag.py:3947} INFO - Setting next_dagrun for latest_only_with_trigger to 2024-07-22 20:00:00+00:00, run_after=2024-07-23 00:00:00+00:00
[2024-07-23T02:04:57.562+0000] {processor.py:183} INFO - Processing /home/airflow/.local/lib/python3.12/site-packages/airflow/example_dags/example_latest_only_with_trigger.py took 0.381 seconds
[2024-07-23T02:05:28.389+0000] {processor.py:161} INFO - Started process (PID=882) to work on /home/airflow/.local/lib/python3.12/site-packages/airflow/example_dags/example_latest_only_with_trigger.py
[2024-07-23T02:05:28.394+0000] {processor.py:830} INFO - Processing file /home/airflow/.local/lib/python3.12/site-packages/airflow/example_dags/example_latest_only_with_trigger.py for tasks to queue
[2024-07-23T02:05:28.408+0000] {logging_mixin.py:188} INFO - [2024-07-23T02:05:28.406+0000] {dagbag.py:545} INFO - Filling up the DagBag from /home/airflow/.local/lib/python3.12/site-packages/airflow/example_dags/example_latest_only_with_trigger.py
[2024-07-23T02:05:28.450+0000] {processor.py:840} INFO - DAG(s) 'latest_only_with_trigger' retrieved from /home/airflow/.local/lib/python3.12/site-packages/airflow/example_dags/example_latest_only_with_trigger.py
[2024-07-23T02:05:28.588+0000] {logging_mixin.py:188} INFO - [2024-07-23T02:05:28.586+0000] {dag.py:3089} INFO - Sync 1 DAGs
[2024-07-23T02:05:28.728+0000] {logging_mixin.py:188} INFO - [2024-07-23T02:05:28.726+0000] {dag.py:3947} INFO - Setting next_dagrun for latest_only_with_trigger to 2024-07-22 20:00:00+00:00, run_after=2024-07-23 00:00:00+00:00
[2024-07-23T02:05:28.838+0000] {processor.py:183} INFO - Processing /home/airflow/.local/lib/python3.12/site-packages/airflow/example_dags/example_latest_only_with_trigger.py took 0.497 seconds
[2024-07-23T02:05:59.093+0000] {processor.py:161} INFO - Started process (PID=941) to work on /home/airflow/.local/lib/python3.12/site-packages/airflow/example_dags/example_latest_only_with_trigger.py
[2024-07-23T02:05:59.094+0000] {processor.py:830} INFO - Processing file /home/airflow/.local/lib/python3.12/site-packages/airflow/example_dags/example_latest_only_with_trigger.py for tasks to queue
[2024-07-23T02:05:59.096+0000] {logging_mixin.py:188} INFO - [2024-07-23T02:05:59.096+0000] {dagbag.py:545} INFO - Filling up the DagBag from /home/airflow/.local/lib/python3.12/site-packages/airflow/example_dags/example_latest_only_with_trigger.py
[2024-07-23T02:05:59.102+0000] {processor.py:840} INFO - DAG(s) 'latest_only_with_trigger' retrieved from /home/airflow/.local/lib/python3.12/site-packages/airflow/example_dags/example_latest_only_with_trigger.py
[2024-07-23T02:05:59.132+0000] {logging_mixin.py:188} INFO - [2024-07-23T02:05:59.132+0000] {dag.py:3089} INFO - Sync 1 DAGs
[2024-07-23T02:05:59.175+0000] {logging_mixin.py:188} INFO - [2024-07-23T02:05:59.174+0000] {dag.py:3947} INFO - Setting next_dagrun for latest_only_with_trigger to 2024-07-22 20:00:00+00:00, run_after=2024-07-23 00:00:00+00:00
[2024-07-23T02:05:59.209+0000] {processor.py:183} INFO - Processing /home/airflow/.local/lib/python3.12/site-packages/airflow/example_dags/example_latest_only_with_trigger.py took 0.125 seconds
[2024-07-23T02:06:29.628+0000] {processor.py:161} INFO - Started process (PID=1000) to work on /home/airflow/.local/lib/python3.12/site-packages/airflow/example_dags/example_latest_only_with_trigger.py
[2024-07-23T02:06:29.630+0000] {processor.py:830} INFO - Processing file /home/airflow/.local/lib/python3.12/site-packages/airflow/example_dags/example_latest_only_with_trigger.py for tasks to queue
[2024-07-23T02:06:29.633+0000] {logging_mixin.py:188} INFO - [2024-07-23T02:06:29.632+0000] {dagbag.py:545} INFO - Filling up the DagBag from /home/airflow/.local/lib/python3.12/site-packages/airflow/example_dags/example_latest_only_with_trigger.py
[2024-07-23T02:06:29.642+0000] {processor.py:840} INFO - DAG(s) 'latest_only_with_trigger' retrieved from /home/airflow/.local/lib/python3.12/site-packages/airflow/example_dags/example_latest_only_with_trigger.py
[2024-07-23T02:06:29.675+0000] {logging_mixin.py:188} INFO - [2024-07-23T02:06:29.674+0000] {dag.py:3089} INFO - Sync 1 DAGs
[2024-07-23T02:06:29.702+0000] {logging_mixin.py:188} INFO - [2024-07-23T02:06:29.702+0000] {dag.py:3947} INFO - Setting next_dagrun for latest_only_with_trigger to 2024-07-22 20:00:00+00:00, run_after=2024-07-23 00:00:00+00:00
[2024-07-23T02:06:29.726+0000] {processor.py:183} INFO - Processing /home/airflow/.local/lib/python3.12/site-packages/airflow/example_dags/example_latest_only_with_trigger.py took 0.106 seconds
[2024-07-23T02:06:59.862+0000] {processor.py:161} INFO - Started process (PID=1059) to work on /home/airflow/.local/lib/python3.12/site-packages/airflow/example_dags/example_latest_only_with_trigger.py
[2024-07-23T02:06:59.863+0000] {processor.py:830} INFO - Processing file /home/airflow/.local/lib/python3.12/site-packages/airflow/example_dags/example_latest_only_with_trigger.py for tasks to queue
[2024-07-23T02:06:59.865+0000] {logging_mixin.py:188} INFO - [2024-07-23T02:06:59.865+0000] {dagbag.py:545} INFO - Filling up the DagBag from /home/airflow/.local/lib/python3.12/site-packages/airflow/example_dags/example_latest_only_with_trigger.py
[2024-07-23T02:06:59.870+0000] {processor.py:840} INFO - DAG(s) 'latest_only_with_trigger' retrieved from /home/airflow/.local/lib/python3.12/site-packages/airflow/example_dags/example_latest_only_with_trigger.py
[2024-07-23T02:06:59.901+0000] {logging_mixin.py:188} INFO - [2024-07-23T02:06:59.901+0000] {dag.py:3089} INFO - Sync 1 DAGs
[2024-07-23T02:06:59.932+0000] {logging_mixin.py:188} INFO - [2024-07-23T02:06:59.932+0000] {dag.py:3947} INFO - Setting next_dagrun for latest_only_with_trigger to 2024-07-22 20:00:00+00:00, run_after=2024-07-23 00:00:00+00:00
[2024-07-23T02:06:59.959+0000] {processor.py:183} INFO - Processing /home/airflow/.local/lib/python3.12/site-packages/airflow/example_dags/example_latest_only_with_trigger.py took 0.104 seconds
[2024-07-23T02:07:30.117+0000] {processor.py:161} INFO - Started process (PID=1118) to work on /home/airflow/.local/lib/python3.12/site-packages/airflow/example_dags/example_latest_only_with_trigger.py
[2024-07-23T02:07:30.118+0000] {processor.py:830} INFO - Processing file /home/airflow/.local/lib/python3.12/site-packages/airflow/example_dags/example_latest_only_with_trigger.py for tasks to queue
[2024-07-23T02:07:30.120+0000] {logging_mixin.py:188} INFO - [2024-07-23T02:07:30.119+0000] {dagbag.py:545} INFO - Filling up the DagBag from /home/airflow/.local/lib/python3.12/site-packages/airflow/example_dags/example_latest_only_with_trigger.py
[2024-07-23T02:07:30.125+0000] {processor.py:840} INFO - DAG(s) 'latest_only_with_trigger' retrieved from /home/airflow/.local/lib/python3.12/site-packages/airflow/example_dags/example_latest_only_with_trigger.py
[2024-07-23T02:07:30.149+0000] {logging_mixin.py:188} INFO - [2024-07-23T02:07:30.149+0000] {dag.py:3089} INFO - Sync 1 DAGs
[2024-07-23T02:07:30.172+0000] {logging_mixin.py:188} INFO - [2024-07-23T02:07:30.172+0000] {dag.py:3947} INFO - Setting next_dagrun for latest_only_with_trigger to 2024-07-22 20:00:00+00:00, run_after=2024-07-23 00:00:00+00:00
[2024-07-23T02:07:30.199+0000] {processor.py:183} INFO - Processing /home/airflow/.local/lib/python3.12/site-packages/airflow/example_dags/example_latest_only_with_trigger.py took 0.088 seconds
[2024-07-23T02:08:00.451+0000] {processor.py:161} INFO - Started process (PID=1178) to work on /home/airflow/.local/lib/python3.12/site-packages/airflow/example_dags/example_latest_only_with_trigger.py
[2024-07-23T02:08:00.453+0000] {processor.py:830} INFO - Processing file /home/airflow/.local/lib/python3.12/site-packages/airflow/example_dags/example_latest_only_with_trigger.py for tasks to queue
[2024-07-23T02:08:00.455+0000] {logging_mixin.py:188} INFO - [2024-07-23T02:08:00.454+0000] {dagbag.py:545} INFO - Filling up the DagBag from /home/airflow/.local/lib/python3.12/site-packages/airflow/example_dags/example_latest_only_with_trigger.py
[2024-07-23T02:08:00.462+0000] {processor.py:840} INFO - DAG(s) 'latest_only_with_trigger' retrieved from /home/airflow/.local/lib/python3.12/site-packages/airflow/example_dags/example_latest_only_with_trigger.py
[2024-07-23T02:08:00.496+0000] {logging_mixin.py:188} INFO - [2024-07-23T02:08:00.495+0000] {dag.py:3089} INFO - Sync 1 DAGs
[2024-07-23T02:08:00.550+0000] {logging_mixin.py:188} INFO - [2024-07-23T02:08:00.549+0000] {dag.py:3947} INFO - Setting next_dagrun for latest_only_with_trigger to 2024-07-22 20:00:00+00:00, run_after=2024-07-23 00:00:00+00:00
[2024-07-23T02:08:00.590+0000] {processor.py:183} INFO - Processing /home/airflow/.local/lib/python3.12/site-packages/airflow/example_dags/example_latest_only_with_trigger.py took 0.147 seconds
[2024-07-23T02:08:31.027+0000] {processor.py:161} INFO - Started process (PID=1236) to work on /home/airflow/.local/lib/python3.12/site-packages/airflow/example_dags/example_latest_only_with_trigger.py
[2024-07-23T02:08:31.028+0000] {processor.py:830} INFO - Processing file /home/airflow/.local/lib/python3.12/site-packages/airflow/example_dags/example_latest_only_with_trigger.py for tasks to queue
[2024-07-23T02:08:31.030+0000] {logging_mixin.py:188} INFO - [2024-07-23T02:08:31.029+0000] {dagbag.py:545} INFO - Filling up the DagBag from /home/airflow/.local/lib/python3.12/site-packages/airflow/example_dags/example_latest_only_with_trigger.py
[2024-07-23T02:08:31.037+0000] {processor.py:840} INFO - DAG(s) 'latest_only_with_trigger' retrieved from /home/airflow/.local/lib/python3.12/site-packages/airflow/example_dags/example_latest_only_with_trigger.py
[2024-07-23T02:08:31.063+0000] {logging_mixin.py:188} INFO - [2024-07-23T02:08:31.063+0000] {dag.py:3089} INFO - Sync 1 DAGs
[2024-07-23T02:08:31.101+0000] {logging_mixin.py:188} INFO - [2024-07-23T02:08:31.100+0000] {dag.py:3947} INFO - Setting next_dagrun for latest_only_with_trigger to 2024-07-22 20:00:00+00:00, run_after=2024-07-23 00:00:00+00:00
[2024-07-23T02:08:31.129+0000] {processor.py:183} INFO - Processing /home/airflow/.local/lib/python3.12/site-packages/airflow/example_dags/example_latest_only_with_trigger.py took 0.109 seconds
[2024-07-23T02:09:01.472+0000] {processor.py:161} INFO - Started process (PID=1295) to work on /home/airflow/.local/lib/python3.12/site-packages/airflow/example_dags/example_latest_only_with_trigger.py
[2024-07-23T02:09:01.473+0000] {processor.py:830} INFO - Processing file /home/airflow/.local/lib/python3.12/site-packages/airflow/example_dags/example_latest_only_with_trigger.py for tasks to queue
[2024-07-23T02:09:01.475+0000] {logging_mixin.py:188} INFO - [2024-07-23T02:09:01.474+0000] {dagbag.py:545} INFO - Filling up the DagBag from /home/airflow/.local/lib/python3.12/site-packages/airflow/example_dags/example_latest_only_with_trigger.py
[2024-07-23T02:09:01.482+0000] {processor.py:840} INFO - DAG(s) 'latest_only_with_trigger' retrieved from /home/airflow/.local/lib/python3.12/site-packages/airflow/example_dags/example_latest_only_with_trigger.py
[2024-07-23T02:09:01.512+0000] {logging_mixin.py:188} INFO - [2024-07-23T02:09:01.512+0000] {dag.py:3089} INFO - Sync 1 DAGs
[2024-07-23T02:09:01.545+0000] {logging_mixin.py:188} INFO - [2024-07-23T02:09:01.544+0000] {dag.py:3947} INFO - Setting next_dagrun for latest_only_with_trigger to 2024-07-22 20:00:00+00:00, run_after=2024-07-23 00:00:00+00:00
[2024-07-23T02:09:01.572+0000] {processor.py:183} INFO - Processing /home/airflow/.local/lib/python3.12/site-packages/airflow/example_dags/example_latest_only_with_trigger.py took 0.111 seconds
[2024-07-23T02:09:31.718+0000] {processor.py:161} INFO - Started process (PID=1353) to work on /home/airflow/.local/lib/python3.12/site-packages/airflow/example_dags/example_latest_only_with_trigger.py
[2024-07-23T02:09:31.719+0000] {processor.py:830} INFO - Processing file /home/airflow/.local/lib/python3.12/site-packages/airflow/example_dags/example_latest_only_with_trigger.py for tasks to queue
[2024-07-23T02:09:31.721+0000] {logging_mixin.py:188} INFO - [2024-07-23T02:09:31.720+0000] {dagbag.py:545} INFO - Filling up the DagBag from /home/airflow/.local/lib/python3.12/site-packages/airflow/example_dags/example_latest_only_with_trigger.py
[2024-07-23T02:09:31.726+0000] {processor.py:840} INFO - DAG(s) 'latest_only_with_trigger' retrieved from /home/airflow/.local/lib/python3.12/site-packages/airflow/example_dags/example_latest_only_with_trigger.py
[2024-07-23T02:09:31.751+0000] {logging_mixin.py:188} INFO - [2024-07-23T02:09:31.750+0000] {dag.py:3089} INFO - Sync 1 DAGs
[2024-07-23T02:09:31.778+0000] {logging_mixin.py:188} INFO - [2024-07-23T02:09:31.778+0000] {dag.py:3947} INFO - Setting next_dagrun for latest_only_with_trigger to 2024-07-22 20:00:00+00:00, run_after=2024-07-23 00:00:00+00:00
[2024-07-23T02:09:31.800+0000] {processor.py:183} INFO - Processing /home/airflow/.local/lib/python3.12/site-packages/airflow/example_dags/example_latest_only_with_trigger.py took 0.088 seconds
[2024-07-23T02:10:01.943+0000] {processor.py:161} INFO - Started process (PID=1412) to work on /home/airflow/.local/lib/python3.12/site-packages/airflow/example_dags/example_latest_only_with_trigger.py
[2024-07-23T02:10:01.944+0000] {processor.py:830} INFO - Processing file /home/airflow/.local/lib/python3.12/site-packages/airflow/example_dags/example_latest_only_with_trigger.py for tasks to queue
[2024-07-23T02:10:01.946+0000] {logging_mixin.py:188} INFO - [2024-07-23T02:10:01.945+0000] {dagbag.py:545} INFO - Filling up the DagBag from /home/airflow/.local/lib/python3.12/site-packages/airflow/example_dags/example_latest_only_with_trigger.py
[2024-07-23T02:10:01.951+0000] {processor.py:840} INFO - DAG(s) 'latest_only_with_trigger' retrieved from /home/airflow/.local/lib/python3.12/site-packages/airflow/example_dags/example_latest_only_with_trigger.py
[2024-07-23T02:10:01.974+0000] {logging_mixin.py:188} INFO - [2024-07-23T02:10:01.974+0000] {dag.py:3089} INFO - Sync 1 DAGs
[2024-07-23T02:10:01.999+0000] {logging_mixin.py:188} INFO - [2024-07-23T02:10:01.999+0000] {dag.py:3947} INFO - Setting next_dagrun for latest_only_with_trigger to 2024-07-22 20:00:00+00:00, run_after=2024-07-23 00:00:00+00:00
[2024-07-23T02:10:02.021+0000] {processor.py:183} INFO - Processing /home/airflow/.local/lib/python3.12/site-packages/airflow/example_dags/example_latest_only_with_trigger.py took 0.085 seconds
[2024-07-23T02:10:32.174+0000] {processor.py:161} INFO - Started process (PID=1471) to work on /home/airflow/.local/lib/python3.12/site-packages/airflow/example_dags/example_latest_only_with_trigger.py
[2024-07-23T02:10:32.176+0000] {processor.py:830} INFO - Processing file /home/airflow/.local/lib/python3.12/site-packages/airflow/example_dags/example_latest_only_with_trigger.py for tasks to queue
[2024-07-23T02:10:32.178+0000] {logging_mixin.py:188} INFO - [2024-07-23T02:10:32.178+0000] {dagbag.py:545} INFO - Filling up the DagBag from /home/airflow/.local/lib/python3.12/site-packages/airflow/example_dags/example_latest_only_with_trigger.py
[2024-07-23T02:10:32.185+0000] {processor.py:840} INFO - DAG(s) 'latest_only_with_trigger' retrieved from /home/airflow/.local/lib/python3.12/site-packages/airflow/example_dags/example_latest_only_with_trigger.py
[2024-07-23T02:10:32.216+0000] {logging_mixin.py:188} INFO - [2024-07-23T02:10:32.216+0000] {dag.py:3089} INFO - Sync 1 DAGs
[2024-07-23T02:10:32.259+0000] {logging_mixin.py:188} INFO - [2024-07-23T02:10:32.258+0000] {dag.py:3947} INFO - Setting next_dagrun for latest_only_with_trigger to 2024-07-22 20:00:00+00:00, run_after=2024-07-23 00:00:00+00:00
[2024-07-23T02:10:32.290+0000] {processor.py:183} INFO - Processing /home/airflow/.local/lib/python3.12/site-packages/airflow/example_dags/example_latest_only_with_trigger.py took 0.124 seconds
[2024-07-23T02:11:02.452+0000] {processor.py:161} INFO - Started process (PID=1528) to work on /home/airflow/.local/lib/python3.12/site-packages/airflow/example_dags/example_latest_only_with_trigger.py
[2024-07-23T02:11:02.453+0000] {processor.py:830} INFO - Processing file /home/airflow/.local/lib/python3.12/site-packages/airflow/example_dags/example_latest_only_with_trigger.py for tasks to queue
[2024-07-23T02:11:02.456+0000] {logging_mixin.py:188} INFO - [2024-07-23T02:11:02.456+0000] {dagbag.py:545} INFO - Filling up the DagBag from /home/airflow/.local/lib/python3.12/site-packages/airflow/example_dags/example_latest_only_with_trigger.py
[2024-07-23T02:11:02.465+0000] {processor.py:840} INFO - DAG(s) 'latest_only_with_trigger' retrieved from /home/airflow/.local/lib/python3.12/site-packages/airflow/example_dags/example_latest_only_with_trigger.py
[2024-07-23T02:11:02.498+0000] {logging_mixin.py:188} INFO - [2024-07-23T02:11:02.498+0000] {dag.py:3089} INFO - Sync 1 DAGs
[2024-07-23T02:11:02.530+0000] {logging_mixin.py:188} INFO - [2024-07-23T02:11:02.530+0000] {dag.py:3947} INFO - Setting next_dagrun for latest_only_with_trigger to 2024-07-22 20:00:00+00:00, run_after=2024-07-23 00:00:00+00:00
[2024-07-23T02:11:02.561+0000] {processor.py:183} INFO - Processing /home/airflow/.local/lib/python3.12/site-packages/airflow/example_dags/example_latest_only_with_trigger.py took 0.117 seconds
[2024-07-23T02:11:32.748+0000] {processor.py:161} INFO - Started process (PID=1586) to work on /home/airflow/.local/lib/python3.12/site-packages/airflow/example_dags/example_latest_only_with_trigger.py
[2024-07-23T02:11:32.749+0000] {processor.py:830} INFO - Processing file /home/airflow/.local/lib/python3.12/site-packages/airflow/example_dags/example_latest_only_with_trigger.py for tasks to queue
[2024-07-23T02:11:32.751+0000] {logging_mixin.py:188} INFO - [2024-07-23T02:11:32.750+0000] {dagbag.py:545} INFO - Filling up the DagBag from /home/airflow/.local/lib/python3.12/site-packages/airflow/example_dags/example_latest_only_with_trigger.py
[2024-07-23T02:11:32.757+0000] {processor.py:840} INFO - DAG(s) 'latest_only_with_trigger' retrieved from /home/airflow/.local/lib/python3.12/site-packages/airflow/example_dags/example_latest_only_with_trigger.py
[2024-07-23T02:11:32.789+0000] {logging_mixin.py:188} INFO - [2024-07-23T02:11:32.788+0000] {dag.py:3089} INFO - Sync 1 DAGs
[2024-07-23T02:11:32.827+0000] {logging_mixin.py:188} INFO - [2024-07-23T02:11:32.826+0000] {dag.py:3947} INFO - Setting next_dagrun for latest_only_with_trigger to 2024-07-22 20:00:00+00:00, run_after=2024-07-23 00:00:00+00:00
[2024-07-23T02:11:32.855+0000] {processor.py:183} INFO - Processing /home/airflow/.local/lib/python3.12/site-packages/airflow/example_dags/example_latest_only_with_trigger.py took 0.115 seconds
[2024-07-23T02:12:02.922+0000] {processor.py:161} INFO - Started process (PID=1645) to work on /home/airflow/.local/lib/python3.12/site-packages/airflow/example_dags/example_latest_only_with_trigger.py
[2024-07-23T02:12:02.923+0000] {processor.py:830} INFO - Processing file /home/airflow/.local/lib/python3.12/site-packages/airflow/example_dags/example_latest_only_with_trigger.py for tasks to queue
[2024-07-23T02:12:02.924+0000] {logging_mixin.py:188} INFO - [2024-07-23T02:12:02.924+0000] {dagbag.py:545} INFO - Filling up the DagBag from /home/airflow/.local/lib/python3.12/site-packages/airflow/example_dags/example_latest_only_with_trigger.py
[2024-07-23T02:12:02.930+0000] {processor.py:840} INFO - DAG(s) 'latest_only_with_trigger' retrieved from /home/airflow/.local/lib/python3.12/site-packages/airflow/example_dags/example_latest_only_with_trigger.py
[2024-07-23T02:12:02.953+0000] {logging_mixin.py:188} INFO - [2024-07-23T02:12:02.953+0000] {dag.py:3089} INFO - Sync 1 DAGs
[2024-07-23T02:12:02.977+0000] {logging_mixin.py:188} INFO - [2024-07-23T02:12:02.977+0000] {dag.py:3947} INFO - Setting next_dagrun for latest_only_with_trigger to 2024-07-22 20:00:00+00:00, run_after=2024-07-23 00:00:00+00:00
[2024-07-23T02:12:03.002+0000] {processor.py:183} INFO - Processing /home/airflow/.local/lib/python3.12/site-packages/airflow/example_dags/example_latest_only_with_trigger.py took 0.086 seconds
[2024-07-23T02:12:33.064+0000] {processor.py:161} INFO - Started process (PID=1705) to work on /home/airflow/.local/lib/python3.12/site-packages/airflow/example_dags/example_latest_only_with_trigger.py
[2024-07-23T02:12:33.064+0000] {processor.py:830} INFO - Processing file /home/airflow/.local/lib/python3.12/site-packages/airflow/example_dags/example_latest_only_with_trigger.py for tasks to queue
[2024-07-23T02:12:33.066+0000] {logging_mixin.py:188} INFO - [2024-07-23T02:12:33.066+0000] {dagbag.py:545} INFO - Filling up the DagBag from /home/airflow/.local/lib/python3.12/site-packages/airflow/example_dags/example_latest_only_with_trigger.py
[2024-07-23T02:12:33.071+0000] {processor.py:840} INFO - DAG(s) 'latest_only_with_trigger' retrieved from /home/airflow/.local/lib/python3.12/site-packages/airflow/example_dags/example_latest_only_with_trigger.py
[2024-07-23T02:12:33.096+0000] {logging_mixin.py:188} INFO - [2024-07-23T02:12:33.095+0000] {dag.py:3089} INFO - Sync 1 DAGs
[2024-07-23T02:12:33.122+0000] {logging_mixin.py:188} INFO - [2024-07-23T02:12:33.121+0000] {dag.py:3947} INFO - Setting next_dagrun for latest_only_with_trigger to 2024-07-22 20:00:00+00:00, run_after=2024-07-23 00:00:00+00:00
[2024-07-23T02:12:33.149+0000] {processor.py:183} INFO - Processing /home/airflow/.local/lib/python3.12/site-packages/airflow/example_dags/example_latest_only_with_trigger.py took 0.092 seconds
[2024-07-23T02:13:03.443+0000] {processor.py:161} INFO - Started process (PID=1764) to work on /home/airflow/.local/lib/python3.12/site-packages/airflow/example_dags/example_latest_only_with_trigger.py
[2024-07-23T02:13:03.444+0000] {processor.py:830} INFO - Processing file /home/airflow/.local/lib/python3.12/site-packages/airflow/example_dags/example_latest_only_with_trigger.py for tasks to queue
[2024-07-23T02:13:03.446+0000] {logging_mixin.py:188} INFO - [2024-07-23T02:13:03.446+0000] {dagbag.py:545} INFO - Filling up the DagBag from /home/airflow/.local/lib/python3.12/site-packages/airflow/example_dags/example_latest_only_with_trigger.py
[2024-07-23T02:13:03.455+0000] {processor.py:840} INFO - DAG(s) 'latest_only_with_trigger' retrieved from /home/airflow/.local/lib/python3.12/site-packages/airflow/example_dags/example_latest_only_with_trigger.py
[2024-07-23T02:13:03.490+0000] {logging_mixin.py:188} INFO - [2024-07-23T02:13:03.489+0000] {dag.py:3089} INFO - Sync 1 DAGs
[2024-07-23T02:13:03.527+0000] {logging_mixin.py:188} INFO - [2024-07-23T02:13:03.527+0000] {dag.py:3947} INFO - Setting next_dagrun for latest_only_with_trigger to 2024-07-22 20:00:00+00:00, run_after=2024-07-23 00:00:00+00:00
[2024-07-23T02:13:03.559+0000] {processor.py:183} INFO - Processing /home/airflow/.local/lib/python3.12/site-packages/airflow/example_dags/example_latest_only_with_trigger.py took 0.126 seconds
[2024-07-23T02:13:34.129+0000] {processor.py:161} INFO - Started process (PID=1823) to work on /home/airflow/.local/lib/python3.12/site-packages/airflow/example_dags/example_latest_only_with_trigger.py
[2024-07-23T02:13:34.130+0000] {processor.py:830} INFO - Processing file /home/airflow/.local/lib/python3.12/site-packages/airflow/example_dags/example_latest_only_with_trigger.py for tasks to queue
[2024-07-23T02:13:34.132+0000] {logging_mixin.py:188} INFO - [2024-07-23T02:13:34.132+0000] {dagbag.py:545} INFO - Filling up the DagBag from /home/airflow/.local/lib/python3.12/site-packages/airflow/example_dags/example_latest_only_with_trigger.py
[2024-07-23T02:13:34.139+0000] {processor.py:840} INFO - DAG(s) 'latest_only_with_trigger' retrieved from /home/airflow/.local/lib/python3.12/site-packages/airflow/example_dags/example_latest_only_with_trigger.py
[2024-07-23T02:13:34.164+0000] {logging_mixin.py:188} INFO - [2024-07-23T02:13:34.164+0000] {dag.py:3089} INFO - Sync 1 DAGs
[2024-07-23T02:13:34.191+0000] {logging_mixin.py:188} INFO - [2024-07-23T02:13:34.191+0000] {dag.py:3947} INFO - Setting next_dagrun for latest_only_with_trigger to 2024-07-22 20:00:00+00:00, run_after=2024-07-23 00:00:00+00:00
[2024-07-23T02:13:34.212+0000] {processor.py:183} INFO - Processing /home/airflow/.local/lib/python3.12/site-packages/airflow/example_dags/example_latest_only_with_trigger.py took 0.091 seconds
[2024-07-23T02:14:04.630+0000] {processor.py:161} INFO - Started process (PID=1891) to work on /home/airflow/.local/lib/python3.12/site-packages/airflow/example_dags/example_latest_only_with_trigger.py
[2024-07-23T02:14:04.631+0000] {processor.py:830} INFO - Processing file /home/airflow/.local/lib/python3.12/site-packages/airflow/example_dags/example_latest_only_with_trigger.py for tasks to queue
[2024-07-23T02:14:04.634+0000] {logging_mixin.py:188} INFO - [2024-07-23T02:14:04.633+0000] {dagbag.py:545} INFO - Filling up the DagBag from /home/airflow/.local/lib/python3.12/site-packages/airflow/example_dags/example_latest_only_with_trigger.py
[2024-07-23T02:14:04.641+0000] {processor.py:840} INFO - DAG(s) 'latest_only_with_trigger' retrieved from /home/airflow/.local/lib/python3.12/site-packages/airflow/example_dags/example_latest_only_with_trigger.py
[2024-07-23T02:14:04.674+0000] {logging_mixin.py:188} INFO - [2024-07-23T02:14:04.674+0000] {dag.py:3089} INFO - Sync 1 DAGs
[2024-07-23T02:14:04.715+0000] {logging_mixin.py:188} INFO - [2024-07-23T02:14:04.715+0000] {dag.py:3947} INFO - Setting next_dagrun for latest_only_with_trigger to 2024-07-22 20:00:00+00:00, run_after=2024-07-23 00:00:00+00:00
[2024-07-23T02:14:04.912+0000] {processor.py:183} INFO - Processing /home/airflow/.local/lib/python3.12/site-packages/airflow/example_dags/example_latest_only_with_trigger.py took 0.289 seconds
[2024-07-23T02:14:35.891+0000] {processor.py:161} INFO - Started process (PID=1950) to work on /home/airflow/.local/lib/python3.12/site-packages/airflow/example_dags/example_latest_only_with_trigger.py
[2024-07-23T02:14:35.893+0000] {processor.py:830} INFO - Processing file /home/airflow/.local/lib/python3.12/site-packages/airflow/example_dags/example_latest_only_with_trigger.py for tasks to queue
[2024-07-23T02:14:35.895+0000] {logging_mixin.py:188} INFO - [2024-07-23T02:14:35.894+0000] {dagbag.py:545} INFO - Filling up the DagBag from /home/airflow/.local/lib/python3.12/site-packages/airflow/example_dags/example_latest_only_with_trigger.py
[2024-07-23T02:14:35.903+0000] {processor.py:840} INFO - DAG(s) 'latest_only_with_trigger' retrieved from /home/airflow/.local/lib/python3.12/site-packages/airflow/example_dags/example_latest_only_with_trigger.py
[2024-07-23T02:14:35.937+0000] {logging_mixin.py:188} INFO - [2024-07-23T02:14:35.937+0000] {dag.py:3089} INFO - Sync 1 DAGs
[2024-07-23T02:14:35.972+0000] {logging_mixin.py:188} INFO - [2024-07-23T02:14:35.972+0000] {dag.py:3947} INFO - Setting next_dagrun for latest_only_with_trigger to 2024-07-22 20:00:00+00:00, run_after=2024-07-23 00:00:00+00:00
[2024-07-23T02:14:36.173+0000] {processor.py:183} INFO - Processing /home/airflow/.local/lib/python3.12/site-packages/airflow/example_dags/example_latest_only_with_trigger.py took 0.288 seconds
[2024-07-23T02:15:06.755+0000] {processor.py:161} INFO - Started process (PID=2009) to work on /home/airflow/.local/lib/python3.12/site-packages/airflow/example_dags/example_latest_only_with_trigger.py
[2024-07-23T02:15:06.758+0000] {processor.py:830} INFO - Processing file /home/airflow/.local/lib/python3.12/site-packages/airflow/example_dags/example_latest_only_with_trigger.py for tasks to queue
[2024-07-23T02:15:06.767+0000] {logging_mixin.py:188} INFO - [2024-07-23T02:15:06.766+0000] {dagbag.py:545} INFO - Filling up the DagBag from /home/airflow/.local/lib/python3.12/site-packages/airflow/example_dags/example_latest_only_with_trigger.py
[2024-07-23T02:15:06.796+0000] {processor.py:840} INFO - DAG(s) 'latest_only_with_trigger' retrieved from /home/airflow/.local/lib/python3.12/site-packages/airflow/example_dags/example_latest_only_with_trigger.py
[2024-07-23T02:15:06.908+0000] {logging_mixin.py:188} INFO - [2024-07-23T02:15:06.907+0000] {dag.py:3089} INFO - Sync 1 DAGs
[2024-07-23T02:15:07.054+0000] {logging_mixin.py:188} INFO - [2024-07-23T02:15:07.052+0000] {dag.py:3947} INFO - Setting next_dagrun for latest_only_with_trigger to 2024-07-22 20:00:00+00:00, run_after=2024-07-23 00:00:00+00:00
[2024-07-23T02:15:07.156+0000] {processor.py:183} INFO - Processing /home/airflow/.local/lib/python3.12/site-packages/airflow/example_dags/example_latest_only_with_trigger.py took 0.430 seconds
[2024-07-23T02:15:37.667+0000] {processor.py:161} INFO - Started process (PID=2067) to work on /home/airflow/.local/lib/python3.12/site-packages/airflow/example_dags/example_latest_only_with_trigger.py
[2024-07-23T02:15:37.670+0000] {processor.py:830} INFO - Processing file /home/airflow/.local/lib/python3.12/site-packages/airflow/example_dags/example_latest_only_with_trigger.py for tasks to queue
[2024-07-23T02:15:37.680+0000] {logging_mixin.py:188} INFO - [2024-07-23T02:15:37.678+0000] {dagbag.py:545} INFO - Filling up the DagBag from /home/airflow/.local/lib/python3.12/site-packages/airflow/example_dags/example_latest_only_with_trigger.py
[2024-07-23T02:15:37.707+0000] {processor.py:840} INFO - DAG(s) 'latest_only_with_trigger' retrieved from /home/airflow/.local/lib/python3.12/site-packages/airflow/example_dags/example_latest_only_with_trigger.py
[2024-07-23T02:15:37.812+0000] {logging_mixin.py:188} INFO - [2024-07-23T02:15:37.811+0000] {dag.py:3089} INFO - Sync 1 DAGs
[2024-07-23T02:15:37.934+0000] {logging_mixin.py:188} INFO - [2024-07-23T02:15:37.933+0000] {dag.py:3947} INFO - Setting next_dagrun for latest_only_with_trigger to 2024-07-22 20:00:00+00:00, run_after=2024-07-23 00:00:00+00:00
[2024-07-23T02:15:38.029+0000] {processor.py:183} INFO - Processing /home/airflow/.local/lib/python3.12/site-packages/airflow/example_dags/example_latest_only_with_trigger.py took 0.398 seconds
[2024-07-23T02:16:08.529+0000] {processor.py:161} INFO - Started process (PID=2127) to work on /home/airflow/.local/lib/python3.12/site-packages/airflow/example_dags/example_latest_only_with_trigger.py
[2024-07-23T02:16:08.548+0000] {processor.py:830} INFO - Processing file /home/airflow/.local/lib/python3.12/site-packages/airflow/example_dags/example_latest_only_with_trigger.py for tasks to queue
[2024-07-23T02:16:08.555+0000] {logging_mixin.py:188} INFO - [2024-07-23T02:16:08.554+0000] {dagbag.py:545} INFO - Filling up the DagBag from /home/airflow/.local/lib/python3.12/site-packages/airflow/example_dags/example_latest_only_with_trigger.py
[2024-07-23T02:16:08.581+0000] {processor.py:840} INFO - DAG(s) 'latest_only_with_trigger' retrieved from /home/airflow/.local/lib/python3.12/site-packages/airflow/example_dags/example_latest_only_with_trigger.py
[2024-07-23T02:16:09.064+0000] {logging_mixin.py:188} INFO - [2024-07-23T02:16:09.063+0000] {dag.py:3089} INFO - Sync 1 DAGs
[2024-07-23T02:16:09.136+0000] {logging_mixin.py:188} INFO - [2024-07-23T02:16:09.135+0000] {dag.py:3947} INFO - Setting next_dagrun for latest_only_with_trigger to 2024-07-22 20:00:00+00:00, run_after=2024-07-23 00:00:00+00:00
[2024-07-23T02:16:09.202+0000] {processor.py:183} INFO - Processing /home/airflow/.local/lib/python3.12/site-packages/airflow/example_dags/example_latest_only_with_trigger.py took 0.696 seconds
[2024-07-23T02:16:39.531+0000] {processor.py:161} INFO - Started process (PID=2186) to work on /home/airflow/.local/lib/python3.12/site-packages/airflow/example_dags/example_latest_only_with_trigger.py
[2024-07-23T02:16:39.534+0000] {processor.py:830} INFO - Processing file /home/airflow/.local/lib/python3.12/site-packages/airflow/example_dags/example_latest_only_with_trigger.py for tasks to queue
[2024-07-23T02:16:39.543+0000] {logging_mixin.py:188} INFO - [2024-07-23T02:16:39.541+0000] {dagbag.py:545} INFO - Filling up the DagBag from /home/airflow/.local/lib/python3.12/site-packages/airflow/example_dags/example_latest_only_with_trigger.py
[2024-07-23T02:16:39.568+0000] {processor.py:840} INFO - DAG(s) 'latest_only_with_trigger' retrieved from /home/airflow/.local/lib/python3.12/site-packages/airflow/example_dags/example_latest_only_with_trigger.py
[2024-07-23T02:16:39.664+0000] {logging_mixin.py:188} INFO - [2024-07-23T02:16:39.663+0000] {dag.py:3089} INFO - Sync 1 DAGs
[2024-07-23T02:16:39.768+0000] {logging_mixin.py:188} INFO - [2024-07-23T02:16:39.767+0000] {dag.py:3947} INFO - Setting next_dagrun for latest_only_with_trigger to 2024-07-22 20:00:00+00:00, run_after=2024-07-23 00:00:00+00:00
[2024-07-23T02:16:39.842+0000] {processor.py:183} INFO - Processing /home/airflow/.local/lib/python3.12/site-packages/airflow/example_dags/example_latest_only_with_trigger.py took 0.339 seconds
[2024-07-23T02:17:10.091+0000] {processor.py:161} INFO - Started process (PID=2254) to work on /home/airflow/.local/lib/python3.12/site-packages/airflow/example_dags/example_latest_only_with_trigger.py
[2024-07-23T02:17:10.098+0000] {processor.py:830} INFO - Processing file /home/airflow/.local/lib/python3.12/site-packages/airflow/example_dags/example_latest_only_with_trigger.py for tasks to queue
[2024-07-23T02:17:10.111+0000] {logging_mixin.py:188} INFO - [2024-07-23T02:17:10.109+0000] {dagbag.py:545} INFO - Filling up the DagBag from /home/airflow/.local/lib/python3.12/site-packages/airflow/example_dags/example_latest_only_with_trigger.py
[2024-07-23T02:17:10.144+0000] {processor.py:840} INFO - DAG(s) 'latest_only_with_trigger' retrieved from /home/airflow/.local/lib/python3.12/site-packages/airflow/example_dags/example_latest_only_with_trigger.py
[2024-07-23T02:17:10.285+0000] {logging_mixin.py:188} INFO - [2024-07-23T02:17:10.283+0000] {dag.py:3089} INFO - Sync 1 DAGs
[2024-07-23T02:17:10.488+0000] {logging_mixin.py:188} INFO - [2024-07-23T02:17:10.485+0000] {dag.py:3947} INFO - Setting next_dagrun for latest_only_with_trigger to 2024-07-22 20:00:00+00:00, run_after=2024-07-23 00:00:00+00:00
[2024-07-23T02:17:10.659+0000] {processor.py:183} INFO - Processing /home/airflow/.local/lib/python3.12/site-packages/airflow/example_dags/example_latest_only_with_trigger.py took 0.607 seconds
[2024-07-23T02:17:41.655+0000] {processor.py:161} INFO - Started process (PID=2313) to work on /home/airflow/.local/lib/python3.12/site-packages/airflow/example_dags/example_latest_only_with_trigger.py
[2024-07-23T02:17:41.658+0000] {processor.py:830} INFO - Processing file /home/airflow/.local/lib/python3.12/site-packages/airflow/example_dags/example_latest_only_with_trigger.py for tasks to queue
[2024-07-23T02:17:41.667+0000] {logging_mixin.py:188} INFO - [2024-07-23T02:17:41.666+0000] {dagbag.py:545} INFO - Filling up the DagBag from /home/airflow/.local/lib/python3.12/site-packages/airflow/example_dags/example_latest_only_with_trigger.py
[2024-07-23T02:17:41.697+0000] {processor.py:840} INFO - DAG(s) 'latest_only_with_trigger' retrieved from /home/airflow/.local/lib/python3.12/site-packages/airflow/example_dags/example_latest_only_with_trigger.py
[2024-07-23T02:17:41.850+0000] {logging_mixin.py:188} INFO - [2024-07-23T02:17:41.848+0000] {dag.py:3089} INFO - Sync 1 DAGs
[2024-07-23T02:17:41.978+0000] {logging_mixin.py:188} INFO - [2024-07-23T02:17:41.977+0000] {dag.py:3947} INFO - Setting next_dagrun for latest_only_with_trigger to 2024-07-22 20:00:00+00:00, run_after=2024-07-23 00:00:00+00:00
[2024-07-23T02:17:42.094+0000] {processor.py:183} INFO - Processing /home/airflow/.local/lib/python3.12/site-packages/airflow/example_dags/example_latest_only_with_trigger.py took 0.478 seconds
[2024-07-23T02:18:12.263+0000] {processor.py:161} INFO - Started process (PID=2372) to work on /home/airflow/.local/lib/python3.12/site-packages/airflow/example_dags/example_latest_only_with_trigger.py
[2024-07-23T02:18:12.266+0000] {processor.py:830} INFO - Processing file /home/airflow/.local/lib/python3.12/site-packages/airflow/example_dags/example_latest_only_with_trigger.py for tasks to queue
[2024-07-23T02:18:12.274+0000] {logging_mixin.py:188} INFO - [2024-07-23T02:18:12.272+0000] {dagbag.py:545} INFO - Filling up the DagBag from /home/airflow/.local/lib/python3.12/site-packages/airflow/example_dags/example_latest_only_with_trigger.py
[2024-07-23T02:18:12.296+0000] {processor.py:840} INFO - DAG(s) 'latest_only_with_trigger' retrieved from /home/airflow/.local/lib/python3.12/site-packages/airflow/example_dags/example_latest_only_with_trigger.py
[2024-07-23T02:18:12.383+0000] {logging_mixin.py:188} INFO - [2024-07-23T02:18:12.382+0000] {dag.py:3089} INFO - Sync 1 DAGs
[2024-07-23T02:18:12.523+0000] {logging_mixin.py:188} INFO - [2024-07-23T02:18:12.521+0000] {dag.py:3947} INFO - Setting next_dagrun for latest_only_with_trigger to 2024-07-22 20:00:00+00:00, run_after=2024-07-23 00:00:00+00:00
[2024-07-23T02:18:12.622+0000] {processor.py:183} INFO - Processing /home/airflow/.local/lib/python3.12/site-packages/airflow/example_dags/example_latest_only_with_trigger.py took 0.391 seconds
[2024-07-23T02:18:43.119+0000] {processor.py:161} INFO - Started process (PID=2431) to work on /home/airflow/.local/lib/python3.12/site-packages/airflow/example_dags/example_latest_only_with_trigger.py
[2024-07-23T02:18:43.123+0000] {processor.py:830} INFO - Processing file /home/airflow/.local/lib/python3.12/site-packages/airflow/example_dags/example_latest_only_with_trigger.py for tasks to queue
[2024-07-23T02:18:43.131+0000] {logging_mixin.py:188} INFO - [2024-07-23T02:18:43.130+0000] {dagbag.py:545} INFO - Filling up the DagBag from /home/airflow/.local/lib/python3.12/site-packages/airflow/example_dags/example_latest_only_with_trigger.py
[2024-07-23T02:18:43.157+0000] {processor.py:840} INFO - DAG(s) 'latest_only_with_trigger' retrieved from /home/airflow/.local/lib/python3.12/site-packages/airflow/example_dags/example_latest_only_with_trigger.py
[2024-07-23T02:18:43.261+0000] {logging_mixin.py:188} INFO - [2024-07-23T02:18:43.260+0000] {dag.py:3089} INFO - Sync 1 DAGs
[2024-07-23T02:18:43.360+0000] {logging_mixin.py:188} INFO - [2024-07-23T02:18:43.359+0000] {dag.py:3947} INFO - Setting next_dagrun for latest_only_with_trigger to 2024-07-22 20:00:00+00:00, run_after=2024-07-23 00:00:00+00:00
[2024-07-23T02:18:43.442+0000] {processor.py:183} INFO - Processing /home/airflow/.local/lib/python3.12/site-packages/airflow/example_dags/example_latest_only_with_trigger.py took 0.356 seconds
[2024-07-23T02:19:13.737+0000] {processor.py:161} INFO - Started process (PID=2492) to work on /home/airflow/.local/lib/python3.12/site-packages/airflow/example_dags/example_latest_only_with_trigger.py
[2024-07-23T02:19:13.740+0000] {processor.py:830} INFO - Processing file /home/airflow/.local/lib/python3.12/site-packages/airflow/example_dags/example_latest_only_with_trigger.py for tasks to queue
[2024-07-23T02:19:13.746+0000] {logging_mixin.py:188} INFO - [2024-07-23T02:19:13.745+0000] {dagbag.py:545} INFO - Filling up the DagBag from /home/airflow/.local/lib/python3.12/site-packages/airflow/example_dags/example_latest_only_with_trigger.py
[2024-07-23T02:19:13.765+0000] {processor.py:840} INFO - DAG(s) 'latest_only_with_trigger' retrieved from /home/airflow/.local/lib/python3.12/site-packages/airflow/example_dags/example_latest_only_with_trigger.py
[2024-07-23T02:19:13.840+0000] {logging_mixin.py:188} INFO - [2024-07-23T02:19:13.839+0000] {dag.py:3089} INFO - Sync 1 DAGs
[2024-07-23T02:19:13.926+0000] {logging_mixin.py:188} INFO - [2024-07-23T02:19:13.925+0000] {dag.py:3947} INFO - Setting next_dagrun for latest_only_with_trigger to 2024-07-22 20:00:00+00:00, run_after=2024-07-23 00:00:00+00:00
[2024-07-23T02:19:13.990+0000] {processor.py:183} INFO - Processing /home/airflow/.local/lib/python3.12/site-packages/airflow/example_dags/example_latest_only_with_trigger.py took 0.277 seconds
[2024-07-23T02:19:44.552+0000] {processor.py:161} INFO - Started process (PID=2550) to work on /home/airflow/.local/lib/python3.12/site-packages/airflow/example_dags/example_latest_only_with_trigger.py
[2024-07-23T02:19:44.553+0000] {processor.py:830} INFO - Processing file /home/airflow/.local/lib/python3.12/site-packages/airflow/example_dags/example_latest_only_with_trigger.py for tasks to queue
[2024-07-23T02:19:44.554+0000] {logging_mixin.py:188} INFO - [2024-07-23T02:19:44.554+0000] {dagbag.py:545} INFO - Filling up the DagBag from /home/airflow/.local/lib/python3.12/site-packages/airflow/example_dags/example_latest_only_with_trigger.py
[2024-07-23T02:19:44.560+0000] {processor.py:840} INFO - DAG(s) 'latest_only_with_trigger' retrieved from /home/airflow/.local/lib/python3.12/site-packages/airflow/example_dags/example_latest_only_with_trigger.py
[2024-07-23T02:19:44.584+0000] {logging_mixin.py:188} INFO - [2024-07-23T02:19:44.583+0000] {dag.py:3089} INFO - Sync 1 DAGs
[2024-07-23T02:19:44.610+0000] {logging_mixin.py:188} INFO - [2024-07-23T02:19:44.610+0000] {dag.py:3947} INFO - Setting next_dagrun for latest_only_with_trigger to 2024-07-22 20:00:00+00:00, run_after=2024-07-23 00:00:00+00:00
[2024-07-23T02:19:44.637+0000] {processor.py:183} INFO - Processing /home/airflow/.local/lib/python3.12/site-packages/airflow/example_dags/example_latest_only_with_trigger.py took 0.092 seconds
[2024-07-23T02:20:15.424+0000] {processor.py:161} INFO - Started process (PID=2609) to work on /home/airflow/.local/lib/python3.12/site-packages/airflow/example_dags/example_latest_only_with_trigger.py
[2024-07-23T02:20:15.427+0000] {processor.py:830} INFO - Processing file /home/airflow/.local/lib/python3.12/site-packages/airflow/example_dags/example_latest_only_with_trigger.py for tasks to queue
[2024-07-23T02:20:15.432+0000] {logging_mixin.py:188} INFO - [2024-07-23T02:20:15.431+0000] {dagbag.py:545} INFO - Filling up the DagBag from /home/airflow/.local/lib/python3.12/site-packages/airflow/example_dags/example_latest_only_with_trigger.py
[2024-07-23T02:20:15.448+0000] {processor.py:840} INFO - DAG(s) 'latest_only_with_trigger' retrieved from /home/airflow/.local/lib/python3.12/site-packages/airflow/example_dags/example_latest_only_with_trigger.py
[2024-07-23T02:20:15.503+0000] {logging_mixin.py:188} INFO - [2024-07-23T02:20:15.502+0000] {dag.py:3089} INFO - Sync 1 DAGs
[2024-07-23T02:20:15.565+0000] {logging_mixin.py:188} INFO - [2024-07-23T02:20:15.564+0000] {dag.py:3947} INFO - Setting next_dagrun for latest_only_with_trigger to 2024-07-22 20:00:00+00:00, run_after=2024-07-23 00:00:00+00:00
[2024-07-23T02:20:15.611+0000] {processor.py:183} INFO - Processing /home/airflow/.local/lib/python3.12/site-packages/airflow/example_dags/example_latest_only_with_trigger.py took 0.204 seconds
[2024-07-23T02:20:45.771+0000] {processor.py:161} INFO - Started process (PID=2667) to work on /home/airflow/.local/lib/python3.12/site-packages/airflow/example_dags/example_latest_only_with_trigger.py
[2024-07-23T02:20:45.772+0000] {processor.py:830} INFO - Processing file /home/airflow/.local/lib/python3.12/site-packages/airflow/example_dags/example_latest_only_with_trigger.py for tasks to queue
[2024-07-23T02:20:45.774+0000] {logging_mixin.py:188} INFO - [2024-07-23T02:20:45.774+0000] {dagbag.py:545} INFO - Filling up the DagBag from /home/airflow/.local/lib/python3.12/site-packages/airflow/example_dags/example_latest_only_with_trigger.py
[2024-07-23T02:20:45.784+0000] {processor.py:840} INFO - DAG(s) 'latest_only_with_trigger' retrieved from /home/airflow/.local/lib/python3.12/site-packages/airflow/example_dags/example_latest_only_with_trigger.py
[2024-07-23T02:20:45.819+0000] {logging_mixin.py:188} INFO - [2024-07-23T02:20:45.818+0000] {dag.py:3089} INFO - Sync 1 DAGs
[2024-07-23T02:20:45.863+0000] {logging_mixin.py:188} INFO - [2024-07-23T02:20:45.863+0000] {dag.py:3947} INFO - Setting next_dagrun for latest_only_with_trigger to 2024-07-22 20:00:00+00:00, run_after=2024-07-23 00:00:00+00:00
[2024-07-23T02:20:45.901+0000] {processor.py:183} INFO - Processing /home/airflow/.local/lib/python3.12/site-packages/airflow/example_dags/example_latest_only_with_trigger.py took 0.138 seconds
[2024-07-23T02:21:16.780+0000] {processor.py:161} INFO - Started process (PID=2726) to work on /home/airflow/.local/lib/python3.12/site-packages/airflow/example_dags/example_latest_only_with_trigger.py
[2024-07-23T02:21:16.780+0000] {processor.py:830} INFO - Processing file /home/airflow/.local/lib/python3.12/site-packages/airflow/example_dags/example_latest_only_with_trigger.py for tasks to queue
[2024-07-23T02:21:16.782+0000] {logging_mixin.py:188} INFO - [2024-07-23T02:21:16.782+0000] {dagbag.py:545} INFO - Filling up the DagBag from /home/airflow/.local/lib/python3.12/site-packages/airflow/example_dags/example_latest_only_with_trigger.py
[2024-07-23T02:21:16.788+0000] {processor.py:840} INFO - DAG(s) 'latest_only_with_trigger' retrieved from /home/airflow/.local/lib/python3.12/site-packages/airflow/example_dags/example_latest_only_with_trigger.py
[2024-07-23T02:21:16.813+0000] {logging_mixin.py:188} INFO - [2024-07-23T02:21:16.812+0000] {dag.py:3089} INFO - Sync 1 DAGs
[2024-07-23T02:21:16.835+0000] {logging_mixin.py:188} INFO - [2024-07-23T02:21:16.835+0000] {dag.py:3947} INFO - Setting next_dagrun for latest_only_with_trigger to 2024-07-22 20:00:00+00:00, run_after=2024-07-23 00:00:00+00:00
[2024-07-23T02:21:16.857+0000] {processor.py:183} INFO - Processing /home/airflow/.local/lib/python3.12/site-packages/airflow/example_dags/example_latest_only_with_trigger.py took 0.083 seconds
[2024-07-23T02:21:47.029+0000] {processor.py:161} INFO - Started process (PID=2786) to work on /home/airflow/.local/lib/python3.12/site-packages/airflow/example_dags/example_latest_only_with_trigger.py
[2024-07-23T02:21:47.045+0000] {processor.py:830} INFO - Processing file /home/airflow/.local/lib/python3.12/site-packages/airflow/example_dags/example_latest_only_with_trigger.py for tasks to queue
[2024-07-23T02:21:47.047+0000] {logging_mixin.py:188} INFO - [2024-07-23T02:21:47.047+0000] {dagbag.py:545} INFO - Filling up the DagBag from /home/airflow/.local/lib/python3.12/site-packages/airflow/example_dags/example_latest_only_with_trigger.py
[2024-07-23T02:21:47.055+0000] {processor.py:840} INFO - DAG(s) 'latest_only_with_trigger' retrieved from /home/airflow/.local/lib/python3.12/site-packages/airflow/example_dags/example_latest_only_with_trigger.py
[2024-07-23T02:21:47.083+0000] {logging_mixin.py:188} INFO - [2024-07-23T02:21:47.083+0000] {dag.py:3089} INFO - Sync 1 DAGs
[2024-07-23T02:21:47.117+0000] {logging_mixin.py:188} INFO - [2024-07-23T02:21:47.117+0000] {dag.py:3947} INFO - Setting next_dagrun for latest_only_with_trigger to 2024-07-22 20:00:00+00:00, run_after=2024-07-23 00:00:00+00:00
[2024-07-23T02:21:47.144+0000] {processor.py:183} INFO - Processing /home/airflow/.local/lib/python3.12/site-packages/airflow/example_dags/example_latest_only_with_trigger.py took 0.122 seconds
[2024-07-23T02:22:17.404+0000] {processor.py:161} INFO - Started process (PID=2845) to work on /home/airflow/.local/lib/python3.12/site-packages/airflow/example_dags/example_latest_only_with_trigger.py
[2024-07-23T02:22:17.404+0000] {processor.py:830} INFO - Processing file /home/airflow/.local/lib/python3.12/site-packages/airflow/example_dags/example_latest_only_with_trigger.py for tasks to queue
[2024-07-23T02:22:17.406+0000] {logging_mixin.py:188} INFO - [2024-07-23T02:22:17.406+0000] {dagbag.py:545} INFO - Filling up the DagBag from /home/airflow/.local/lib/python3.12/site-packages/airflow/example_dags/example_latest_only_with_trigger.py
[2024-07-23T02:22:17.412+0000] {processor.py:840} INFO - DAG(s) 'latest_only_with_trigger' retrieved from /home/airflow/.local/lib/python3.12/site-packages/airflow/example_dags/example_latest_only_with_trigger.py
[2024-07-23T02:22:17.440+0000] {logging_mixin.py:188} INFO - [2024-07-23T02:22:17.440+0000] {dag.py:3089} INFO - Sync 1 DAGs
[2024-07-23T02:22:17.469+0000] {logging_mixin.py:188} INFO - [2024-07-23T02:22:17.468+0000] {dag.py:3947} INFO - Setting next_dagrun for latest_only_with_trigger to 2024-07-22 20:00:00+00:00, run_after=2024-07-23 00:00:00+00:00
[2024-07-23T02:22:17.494+0000] {processor.py:183} INFO - Processing /home/airflow/.local/lib/python3.12/site-packages/airflow/example_dags/example_latest_only_with_trigger.py took 0.097 seconds
[2024-07-23T02:22:47.585+0000] {processor.py:161} INFO - Started process (PID=2904) to work on /home/airflow/.local/lib/python3.12/site-packages/airflow/example_dags/example_latest_only_with_trigger.py
[2024-07-23T02:22:47.587+0000] {processor.py:830} INFO - Processing file /home/airflow/.local/lib/python3.12/site-packages/airflow/example_dags/example_latest_only_with_trigger.py for tasks to queue
[2024-07-23T02:22:47.589+0000] {logging_mixin.py:188} INFO - [2024-07-23T02:22:47.589+0000] {dagbag.py:545} INFO - Filling up the DagBag from /home/airflow/.local/lib/python3.12/site-packages/airflow/example_dags/example_latest_only_with_trigger.py
[2024-07-23T02:22:47.596+0000] {processor.py:840} INFO - DAG(s) 'latest_only_with_trigger' retrieved from /home/airflow/.local/lib/python3.12/site-packages/airflow/example_dags/example_latest_only_with_trigger.py
[2024-07-23T02:22:47.624+0000] {logging_mixin.py:188} INFO - [2024-07-23T02:22:47.623+0000] {dag.py:3089} INFO - Sync 1 DAGs
[2024-07-23T02:22:47.651+0000] {logging_mixin.py:188} INFO - [2024-07-23T02:22:47.651+0000] {dag.py:3947} INFO - Setting next_dagrun for latest_only_with_trigger to 2024-07-22 20:00:00+00:00, run_after=2024-07-23 00:00:00+00:00
[2024-07-23T02:22:47.678+0000] {processor.py:183} INFO - Processing /home/airflow/.local/lib/python3.12/site-packages/airflow/example_dags/example_latest_only_with_trigger.py took 0.100 seconds
[2024-07-23T02:23:17.751+0000] {processor.py:161} INFO - Started process (PID=2970) to work on /home/airflow/.local/lib/python3.12/site-packages/airflow/example_dags/example_latest_only_with_trigger.py
[2024-07-23T02:23:17.752+0000] {processor.py:830} INFO - Processing file /home/airflow/.local/lib/python3.12/site-packages/airflow/example_dags/example_latest_only_with_trigger.py for tasks to queue
[2024-07-23T02:23:17.756+0000] {logging_mixin.py:188} INFO - [2024-07-23T02:23:17.755+0000] {dagbag.py:545} INFO - Filling up the DagBag from /home/airflow/.local/lib/python3.12/site-packages/airflow/example_dags/example_latest_only_with_trigger.py
[2024-07-23T02:23:17.766+0000] {processor.py:840} INFO - DAG(s) 'latest_only_with_trigger' retrieved from /home/airflow/.local/lib/python3.12/site-packages/airflow/example_dags/example_latest_only_with_trigger.py
[2024-07-23T02:23:17.806+0000] {logging_mixin.py:188} INFO - [2024-07-23T02:23:17.806+0000] {dag.py:3089} INFO - Sync 1 DAGs
[2024-07-23T02:23:17.852+0000] {logging_mixin.py:188} INFO - [2024-07-23T02:23:17.851+0000] {dag.py:3947} INFO - Setting next_dagrun for latest_only_with_trigger to 2024-07-22 20:00:00+00:00, run_after=2024-07-23 00:00:00+00:00
[2024-07-23T02:23:17.882+0000] {processor.py:183} INFO - Processing /home/airflow/.local/lib/python3.12/site-packages/airflow/example_dags/example_latest_only_with_trigger.py took 0.142 seconds
[2024-07-23T02:23:48.926+0000] {processor.py:161} INFO - Started process (PID=3028) to work on /home/airflow/.local/lib/python3.12/site-packages/airflow/example_dags/example_latest_only_with_trigger.py
[2024-07-23T02:23:48.929+0000] {processor.py:830} INFO - Processing file /home/airflow/.local/lib/python3.12/site-packages/airflow/example_dags/example_latest_only_with_trigger.py for tasks to queue
[2024-07-23T02:23:48.937+0000] {logging_mixin.py:188} INFO - [2024-07-23T02:23:48.935+0000] {dagbag.py:545} INFO - Filling up the DagBag from /home/airflow/.local/lib/python3.12/site-packages/airflow/example_dags/example_latest_only_with_trigger.py
[2024-07-23T02:23:48.962+0000] {processor.py:840} INFO - DAG(s) 'latest_only_with_trigger' retrieved from /home/airflow/.local/lib/python3.12/site-packages/airflow/example_dags/example_latest_only_with_trigger.py
[2024-07-23T02:23:49.062+0000] {logging_mixin.py:188} INFO - [2024-07-23T02:23:49.060+0000] {dag.py:3089} INFO - Sync 1 DAGs
[2024-07-23T02:23:49.174+0000] {logging_mixin.py:188} INFO - [2024-07-23T02:23:49.173+0000] {dag.py:3947} INFO - Setting next_dagrun for latest_only_with_trigger to 2024-07-22 20:00:00+00:00, run_after=2024-07-23 00:00:00+00:00
[2024-07-23T02:23:49.263+0000] {processor.py:183} INFO - Processing /home/airflow/.local/lib/python3.12/site-packages/airflow/example_dags/example_latest_only_with_trigger.py took 0.360 seconds
[2024-07-23T02:24:19.469+0000] {processor.py:161} INFO - Started process (PID=3087) to work on /home/airflow/.local/lib/python3.12/site-packages/airflow/example_dags/example_latest_only_with_trigger.py
[2024-07-23T02:24:19.472+0000] {processor.py:830} INFO - Processing file /home/airflow/.local/lib/python3.12/site-packages/airflow/example_dags/example_latest_only_with_trigger.py for tasks to queue
[2024-07-23T02:24:19.478+0000] {logging_mixin.py:188} INFO - [2024-07-23T02:24:19.477+0000] {dagbag.py:545} INFO - Filling up the DagBag from /home/airflow/.local/lib/python3.12/site-packages/airflow/example_dags/example_latest_only_with_trigger.py
[2024-07-23T02:24:19.500+0000] {processor.py:840} INFO - DAG(s) 'latest_only_with_trigger' retrieved from /home/airflow/.local/lib/python3.12/site-packages/airflow/example_dags/example_latest_only_with_trigger.py
[2024-07-23T02:24:19.580+0000] {logging_mixin.py:188} INFO - [2024-07-23T02:24:19.579+0000] {dag.py:3089} INFO - Sync 1 DAGs
[2024-07-23T02:24:19.662+0000] {logging_mixin.py:188} INFO - [2024-07-23T02:24:19.661+0000] {dag.py:3947} INFO - Setting next_dagrun for latest_only_with_trigger to 2024-07-22 20:00:00+00:00, run_after=2024-07-23 00:00:00+00:00
[2024-07-23T02:24:19.731+0000] {processor.py:183} INFO - Processing /home/airflow/.local/lib/python3.12/site-packages/airflow/example_dags/example_latest_only_with_trigger.py took 0.286 seconds
[2024-07-23T02:24:50.023+0000] {processor.py:161} INFO - Started process (PID=3146) to work on /home/airflow/.local/lib/python3.12/site-packages/airflow/example_dags/example_latest_only_with_trigger.py
[2024-07-23T02:24:50.027+0000] {processor.py:830} INFO - Processing file /home/airflow/.local/lib/python3.12/site-packages/airflow/example_dags/example_latest_only_with_trigger.py for tasks to queue
[2024-07-23T02:24:50.036+0000] {logging_mixin.py:188} INFO - [2024-07-23T02:24:50.034+0000] {dagbag.py:545} INFO - Filling up the DagBag from /home/airflow/.local/lib/python3.12/site-packages/airflow/example_dags/example_latest_only_with_trigger.py
[2024-07-23T02:24:50.065+0000] {processor.py:840} INFO - DAG(s) 'latest_only_with_trigger' retrieved from /home/airflow/.local/lib/python3.12/site-packages/airflow/example_dags/example_latest_only_with_trigger.py
[2024-07-23T02:24:50.146+0000] {logging_mixin.py:188} INFO - [2024-07-23T02:24:50.145+0000] {dag.py:3089} INFO - Sync 1 DAGs
[2024-07-23T02:24:50.232+0000] {logging_mixin.py:188} INFO - [2024-07-23T02:24:50.231+0000] {dag.py:3947} INFO - Setting next_dagrun for latest_only_with_trigger to 2024-07-22 20:00:00+00:00, run_after=2024-07-23 00:00:00+00:00
[2024-07-23T02:24:50.305+0000] {processor.py:183} INFO - Processing /home/airflow/.local/lib/python3.12/site-packages/airflow/example_dags/example_latest_only_with_trigger.py took 0.316 seconds
[2024-07-23T02:25:20.998+0000] {processor.py:161} INFO - Started process (PID=3202) to work on /home/airflow/.local/lib/python3.12/site-packages/airflow/example_dags/example_latest_only_with_trigger.py
[2024-07-23T02:25:20.999+0000] {processor.py:830} INFO - Processing file /home/airflow/.local/lib/python3.12/site-packages/airflow/example_dags/example_latest_only_with_trigger.py for tasks to queue
[2024-07-23T02:25:21.001+0000] {logging_mixin.py:188} INFO - [2024-07-23T02:25:21.001+0000] {dagbag.py:545} INFO - Filling up the DagBag from /home/airflow/.local/lib/python3.12/site-packages/airflow/example_dags/example_latest_only_with_trigger.py
[2024-07-23T02:25:21.008+0000] {processor.py:840} INFO - DAG(s) 'latest_only_with_trigger' retrieved from /home/airflow/.local/lib/python3.12/site-packages/airflow/example_dags/example_latest_only_with_trigger.py
[2024-07-23T02:25:21.038+0000] {logging_mixin.py:188} INFO - [2024-07-23T02:25:21.038+0000] {dag.py:3089} INFO - Sync 1 DAGs
[2024-07-23T02:25:21.069+0000] {logging_mixin.py:188} INFO - [2024-07-23T02:25:21.068+0000] {dag.py:3947} INFO - Setting next_dagrun for latest_only_with_trigger to 2024-07-22 20:00:00+00:00, run_after=2024-07-23 00:00:00+00:00
[2024-07-23T02:25:21.106+0000] {processor.py:183} INFO - Processing /home/airflow/.local/lib/python3.12/site-packages/airflow/example_dags/example_latest_only_with_trigger.py took 0.117 seconds
[2024-07-23T02:25:51.291+0000] {processor.py:161} INFO - Started process (PID=3261) to work on /home/airflow/.local/lib/python3.12/site-packages/airflow/example_dags/example_latest_only_with_trigger.py
[2024-07-23T02:25:51.293+0000] {processor.py:830} INFO - Processing file /home/airflow/.local/lib/python3.12/site-packages/airflow/example_dags/example_latest_only_with_trigger.py for tasks to queue
[2024-07-23T02:25:51.295+0000] {logging_mixin.py:188} INFO - [2024-07-23T02:25:51.294+0000] {dagbag.py:545} INFO - Filling up the DagBag from /home/airflow/.local/lib/python3.12/site-packages/airflow/example_dags/example_latest_only_with_trigger.py
[2024-07-23T02:25:51.301+0000] {processor.py:840} INFO - DAG(s) 'latest_only_with_trigger' retrieved from /home/airflow/.local/lib/python3.12/site-packages/airflow/example_dags/example_latest_only_with_trigger.py
[2024-07-23T02:25:51.336+0000] {logging_mixin.py:188} INFO - [2024-07-23T02:25:51.336+0000] {dag.py:3089} INFO - Sync 1 DAGs
[2024-07-23T02:25:51.371+0000] {logging_mixin.py:188} INFO - [2024-07-23T02:25:51.371+0000] {dag.py:3947} INFO - Setting next_dagrun for latest_only_with_trigger to 2024-07-22 20:00:00+00:00, run_after=2024-07-23 00:00:00+00:00
[2024-07-23T02:25:51.399+0000] {processor.py:183} INFO - Processing /home/airflow/.local/lib/python3.12/site-packages/airflow/example_dags/example_latest_only_with_trigger.py took 0.116 seconds
[2024-07-23T02:26:21.448+0000] {processor.py:161} INFO - Started process (PID=3320) to work on /home/airflow/.local/lib/python3.12/site-packages/airflow/example_dags/example_latest_only_with_trigger.py
[2024-07-23T02:26:21.449+0000] {processor.py:830} INFO - Processing file /home/airflow/.local/lib/python3.12/site-packages/airflow/example_dags/example_latest_only_with_trigger.py for tasks to queue
[2024-07-23T02:26:21.451+0000] {logging_mixin.py:188} INFO - [2024-07-23T02:26:21.451+0000] {dagbag.py:545} INFO - Filling up the DagBag from /home/airflow/.local/lib/python3.12/site-packages/airflow/example_dags/example_latest_only_with_trigger.py
[2024-07-23T02:26:21.457+0000] {processor.py:840} INFO - DAG(s) 'latest_only_with_trigger' retrieved from /home/airflow/.local/lib/python3.12/site-packages/airflow/example_dags/example_latest_only_with_trigger.py
[2024-07-23T02:26:21.481+0000] {logging_mixin.py:188} INFO - [2024-07-23T02:26:21.481+0000] {dag.py:3089} INFO - Sync 1 DAGs
[2024-07-23T02:26:21.515+0000] {logging_mixin.py:188} INFO - [2024-07-23T02:26:21.514+0000] {dag.py:3947} INFO - Setting next_dagrun for latest_only_with_trigger to 2024-07-22 20:00:00+00:00, run_after=2024-07-23 00:00:00+00:00
[2024-07-23T02:26:21.544+0000] {processor.py:183} INFO - Processing /home/airflow/.local/lib/python3.12/site-packages/airflow/example_dags/example_latest_only_with_trigger.py took 0.102 seconds
[2024-07-23T02:26:52.086+0000] {processor.py:161} INFO - Started process (PID=3379) to work on /home/airflow/.local/lib/python3.12/site-packages/airflow/example_dags/example_latest_only_with_trigger.py
[2024-07-23T02:26:52.094+0000] {processor.py:830} INFO - Processing file /home/airflow/.local/lib/python3.12/site-packages/airflow/example_dags/example_latest_only_with_trigger.py for tasks to queue
[2024-07-23T02:26:52.101+0000] {logging_mixin.py:188} INFO - [2024-07-23T02:26:52.100+0000] {dagbag.py:545} INFO - Filling up the DagBag from /home/airflow/.local/lib/python3.12/site-packages/airflow/example_dags/example_latest_only_with_trigger.py
[2024-07-23T02:26:52.125+0000] {processor.py:840} INFO - DAG(s) 'latest_only_with_trigger' retrieved from /home/airflow/.local/lib/python3.12/site-packages/airflow/example_dags/example_latest_only_with_trigger.py
[2024-07-23T02:26:52.209+0000] {logging_mixin.py:188} INFO - [2024-07-23T02:26:52.208+0000] {dag.py:3089} INFO - Sync 1 DAGs
[2024-07-23T02:26:52.307+0000] {logging_mixin.py:188} INFO - [2024-07-23T02:26:52.306+0000] {dag.py:3947} INFO - Setting next_dagrun for latest_only_with_trigger to 2024-07-22 20:00:00+00:00, run_after=2024-07-23 00:00:00+00:00
[2024-07-23T02:26:52.378+0000] {processor.py:183} INFO - Processing /home/airflow/.local/lib/python3.12/site-packages/airflow/example_dags/example_latest_only_with_trigger.py took 0.320 seconds
[2024-07-23T02:27:23.096+0000] {processor.py:161} INFO - Started process (PID=3438) to work on /home/airflow/.local/lib/python3.12/site-packages/airflow/example_dags/example_latest_only_with_trigger.py
[2024-07-23T02:27:23.099+0000] {processor.py:830} INFO - Processing file /home/airflow/.local/lib/python3.12/site-packages/airflow/example_dags/example_latest_only_with_trigger.py for tasks to queue
[2024-07-23T02:27:23.107+0000] {logging_mixin.py:188} INFO - [2024-07-23T02:27:23.105+0000] {dagbag.py:545} INFO - Filling up the DagBag from /home/airflow/.local/lib/python3.12/site-packages/airflow/example_dags/example_latest_only_with_trigger.py
[2024-07-23T02:27:23.128+0000] {processor.py:840} INFO - DAG(s) 'latest_only_with_trigger' retrieved from /home/airflow/.local/lib/python3.12/site-packages/airflow/example_dags/example_latest_only_with_trigger.py
[2024-07-23T02:27:23.219+0000] {logging_mixin.py:188} INFO - [2024-07-23T02:27:23.218+0000] {dag.py:3089} INFO - Sync 1 DAGs
[2024-07-23T02:27:23.317+0000] {logging_mixin.py:188} INFO - [2024-07-23T02:27:23.316+0000] {dag.py:3947} INFO - Setting next_dagrun for latest_only_with_trigger to 2024-07-22 20:00:00+00:00, run_after=2024-07-23 00:00:00+00:00
[2024-07-23T02:27:23.392+0000] {processor.py:183} INFO - Processing /home/airflow/.local/lib/python3.12/site-packages/airflow/example_dags/example_latest_only_with_trigger.py took 0.320 seconds
[2024-07-23T02:27:53.703+0000] {processor.py:161} INFO - Started process (PID=3496) to work on /home/airflow/.local/lib/python3.12/site-packages/airflow/example_dags/example_latest_only_with_trigger.py
[2024-07-23T02:27:53.705+0000] {processor.py:830} INFO - Processing file /home/airflow/.local/lib/python3.12/site-packages/airflow/example_dags/example_latest_only_with_trigger.py for tasks to queue
[2024-07-23T02:27:53.707+0000] {logging_mixin.py:188} INFO - [2024-07-23T02:27:53.707+0000] {dagbag.py:545} INFO - Filling up the DagBag from /home/airflow/.local/lib/python3.12/site-packages/airflow/example_dags/example_latest_only_with_trigger.py
[2024-07-23T02:27:53.714+0000] {processor.py:840} INFO - DAG(s) 'latest_only_with_trigger' retrieved from /home/airflow/.local/lib/python3.12/site-packages/airflow/example_dags/example_latest_only_with_trigger.py
[2024-07-23T02:27:53.737+0000] {logging_mixin.py:188} INFO - [2024-07-23T02:27:53.736+0000] {dag.py:3089} INFO - Sync 1 DAGs
[2024-07-23T02:27:53.760+0000] {logging_mixin.py:188} INFO - [2024-07-23T02:27:53.760+0000] {dag.py:3947} INFO - Setting next_dagrun for latest_only_with_trigger to 2024-07-22 20:00:00+00:00, run_after=2024-07-23 00:00:00+00:00
[2024-07-23T02:27:53.783+0000] {processor.py:183} INFO - Processing /home/airflow/.local/lib/python3.12/site-packages/airflow/example_dags/example_latest_only_with_trigger.py took 0.086 seconds
