[2024-07-23T01:58:22.709+0000] {processor.py:161} INFO - Started process (PID=94) to work on /home/airflow/.local/lib/python3.12/site-packages/airflow/example_dags/tutorial.py
[2024-07-23T01:58:22.710+0000] {processor.py:830} INFO - Processing file /home/airflow/.local/lib/python3.12/site-packages/airflow/example_dags/tutorial.py for tasks to queue
[2024-07-23T01:58:22.712+0000] {logging_mixin.py:188} INFO - [2024-07-23T01:58:22.711+0000] {dagbag.py:545} INFO - Filling up the DagBag from /home/airflow/.local/lib/python3.12/site-packages/airflow/example_dags/tutorial.py
[2024-07-23T01:58:22.719+0000] {processor.py:840} INFO - DAG(s) 'tutorial' retrieved from /home/airflow/.local/lib/python3.12/site-packages/airflow/example_dags/tutorial.py
[2024-07-23T01:58:22.921+0000] {logging_mixin.py:188} INFO - [2024-07-23T01:58:22.920+0000] {dag.py:3089} INFO - Sync 1 DAGs
[2024-07-23T01:58:22.955+0000] {logging_mixin.py:188} INFO - [2024-07-23T01:58:22.954+0000] {dag.py:3947} INFO - Setting next_dagrun for tutorial to 2024-07-22 00:00:00+00:00, run_after=2024-07-23 00:00:00+00:00
[2024-07-23T01:58:22.980+0000] {processor.py:183} INFO - Processing /home/airflow/.local/lib/python3.12/site-packages/airflow/example_dags/tutorial.py took 0.278 seconds
[2024-07-23T01:58:53.432+0000] {processor.py:161} INFO - Started process (PID=152) to work on /home/airflow/.local/lib/python3.12/site-packages/airflow/example_dags/tutorial.py
[2024-07-23T01:58:53.433+0000] {processor.py:830} INFO - Processing file /home/airflow/.local/lib/python3.12/site-packages/airflow/example_dags/tutorial.py for tasks to queue
[2024-07-23T01:58:53.435+0000] {logging_mixin.py:188} INFO - [2024-07-23T01:58:53.435+0000] {dagbag.py:545} INFO - Filling up the DagBag from /home/airflow/.local/lib/python3.12/site-packages/airflow/example_dags/tutorial.py
[2024-07-23T01:58:53.443+0000] {processor.py:840} INFO - DAG(s) 'tutorial' retrieved from /home/airflow/.local/lib/python3.12/site-packages/airflow/example_dags/tutorial.py
[2024-07-23T01:58:53.473+0000] {logging_mixin.py:188} INFO - [2024-07-23T01:58:53.473+0000] {dag.py:3089} INFO - Sync 1 DAGs
[2024-07-23T01:58:53.507+0000] {logging_mixin.py:188} INFO - [2024-07-23T01:58:53.506+0000] {dag.py:3947} INFO - Setting next_dagrun for tutorial to 2024-07-22 00:00:00+00:00, run_after=2024-07-23 00:00:00+00:00
[2024-07-23T01:58:53.543+0000] {processor.py:183} INFO - Processing /home/airflow/.local/lib/python3.12/site-packages/airflow/example_dags/tutorial.py took 0.119 seconds
[2024-07-23T01:59:23.790+0000] {processor.py:161} INFO - Started process (PID=210) to work on /home/airflow/.local/lib/python3.12/site-packages/airflow/example_dags/tutorial.py
[2024-07-23T01:59:23.792+0000] {processor.py:830} INFO - Processing file /home/airflow/.local/lib/python3.12/site-packages/airflow/example_dags/tutorial.py for tasks to queue
[2024-07-23T01:59:23.795+0000] {logging_mixin.py:188} INFO - [2024-07-23T01:59:23.794+0000] {dagbag.py:545} INFO - Filling up the DagBag from /home/airflow/.local/lib/python3.12/site-packages/airflow/example_dags/tutorial.py
[2024-07-23T01:59:23.804+0000] {processor.py:840} INFO - DAG(s) 'tutorial' retrieved from /home/airflow/.local/lib/python3.12/site-packages/airflow/example_dags/tutorial.py
[2024-07-23T01:59:23.840+0000] {logging_mixin.py:188} INFO - [2024-07-23T01:59:23.839+0000] {dag.py:3089} INFO - Sync 1 DAGs
[2024-07-23T01:59:23.874+0000] {logging_mixin.py:188} INFO - [2024-07-23T01:59:23.873+0000] {dag.py:3947} INFO - Setting next_dagrun for tutorial to 2024-07-22 00:00:00+00:00, run_after=2024-07-23 00:00:00+00:00
[2024-07-23T01:59:23.906+0000] {processor.py:183} INFO - Processing /home/airflow/.local/lib/python3.12/site-packages/airflow/example_dags/tutorial.py took 0.125 seconds
[2024-07-23T01:59:54.181+0000] {processor.py:161} INFO - Started process (PID=268) to work on /home/airflow/.local/lib/python3.12/site-packages/airflow/example_dags/tutorial.py
[2024-07-23T01:59:54.182+0000] {processor.py:830} INFO - Processing file /home/airflow/.local/lib/python3.12/site-packages/airflow/example_dags/tutorial.py for tasks to queue
[2024-07-23T01:59:54.183+0000] {logging_mixin.py:188} INFO - [2024-07-23T01:59:54.183+0000] {dagbag.py:545} INFO - Filling up the DagBag from /home/airflow/.local/lib/python3.12/site-packages/airflow/example_dags/tutorial.py
[2024-07-23T01:59:54.189+0000] {processor.py:840} INFO - DAG(s) 'tutorial' retrieved from /home/airflow/.local/lib/python3.12/site-packages/airflow/example_dags/tutorial.py
[2024-07-23T01:59:54.214+0000] {logging_mixin.py:188} INFO - [2024-07-23T01:59:54.214+0000] {dag.py:3089} INFO - Sync 1 DAGs
[2024-07-23T01:59:54.242+0000] {logging_mixin.py:188} INFO - [2024-07-23T01:59:54.242+0000] {dag.py:3947} INFO - Setting next_dagrun for tutorial to 2024-07-22 00:00:00+00:00, run_after=2024-07-23 00:00:00+00:00
[2024-07-23T01:59:54.266+0000] {processor.py:183} INFO - Processing /home/airflow/.local/lib/python3.12/site-packages/airflow/example_dags/tutorial.py took 0.091 seconds
[2024-07-23T02:00:24.498+0000] {processor.py:161} INFO - Started process (PID=326) to work on /home/airflow/.local/lib/python3.12/site-packages/airflow/example_dags/tutorial.py
[2024-07-23T02:00:24.499+0000] {processor.py:830} INFO - Processing file /home/airflow/.local/lib/python3.12/site-packages/airflow/example_dags/tutorial.py for tasks to queue
[2024-07-23T02:00:24.501+0000] {logging_mixin.py:188} INFO - [2024-07-23T02:00:24.501+0000] {dagbag.py:545} INFO - Filling up the DagBag from /home/airflow/.local/lib/python3.12/site-packages/airflow/example_dags/tutorial.py
[2024-07-23T02:00:24.508+0000] {processor.py:840} INFO - DAG(s) 'tutorial' retrieved from /home/airflow/.local/lib/python3.12/site-packages/airflow/example_dags/tutorial.py
[2024-07-23T02:00:24.530+0000] {logging_mixin.py:188} INFO - [2024-07-23T02:00:24.530+0000] {dag.py:3089} INFO - Sync 1 DAGs
[2024-07-23T02:00:24.558+0000] {logging_mixin.py:188} INFO - [2024-07-23T02:00:24.558+0000] {dag.py:3947} INFO - Setting next_dagrun for tutorial to 2024-07-22 00:00:00+00:00, run_after=2024-07-23 00:00:00+00:00
[2024-07-23T02:00:24.584+0000] {processor.py:183} INFO - Processing /home/airflow/.local/lib/python3.12/site-packages/airflow/example_dags/tutorial.py took 0.092 seconds
[2024-07-23T02:00:54.912+0000] {processor.py:161} INFO - Started process (PID=383) to work on /home/airflow/.local/lib/python3.12/site-packages/airflow/example_dags/tutorial.py
[2024-07-23T02:00:54.913+0000] {processor.py:830} INFO - Processing file /home/airflow/.local/lib/python3.12/site-packages/airflow/example_dags/tutorial.py for tasks to queue
[2024-07-23T02:00:54.916+0000] {logging_mixin.py:188} INFO - [2024-07-23T02:00:54.915+0000] {dagbag.py:545} INFO - Filling up the DagBag from /home/airflow/.local/lib/python3.12/site-packages/airflow/example_dags/tutorial.py
[2024-07-23T02:00:54.923+0000] {processor.py:840} INFO - DAG(s) 'tutorial' retrieved from /home/airflow/.local/lib/python3.12/site-packages/airflow/example_dags/tutorial.py
[2024-07-23T02:00:54.950+0000] {logging_mixin.py:188} INFO - [2024-07-23T02:00:54.949+0000] {dag.py:3089} INFO - Sync 1 DAGs
[2024-07-23T02:00:54.981+0000] {logging_mixin.py:188} INFO - [2024-07-23T02:00:54.981+0000] {dag.py:3947} INFO - Setting next_dagrun for tutorial to 2024-07-22 00:00:00+00:00, run_after=2024-07-23 00:00:00+00:00
[2024-07-23T02:00:55.008+0000] {processor.py:183} INFO - Processing /home/airflow/.local/lib/python3.12/site-packages/airflow/example_dags/tutorial.py took 0.103 seconds
[2024-07-23T02:01:25.894+0000] {processor.py:161} INFO - Started process (PID=440) to work on /home/airflow/.local/lib/python3.12/site-packages/airflow/example_dags/tutorial.py
[2024-07-23T02:01:25.895+0000] {processor.py:830} INFO - Processing file /home/airflow/.local/lib/python3.12/site-packages/airflow/example_dags/tutorial.py for tasks to queue
[2024-07-23T02:01:25.898+0000] {logging_mixin.py:188} INFO - [2024-07-23T02:01:25.897+0000] {dagbag.py:545} INFO - Filling up the DagBag from /home/airflow/.local/lib/python3.12/site-packages/airflow/example_dags/tutorial.py
[2024-07-23T02:01:25.907+0000] {processor.py:840} INFO - DAG(s) 'tutorial' retrieved from /home/airflow/.local/lib/python3.12/site-packages/airflow/example_dags/tutorial.py
[2024-07-23T02:01:25.933+0000] {logging_mixin.py:188} INFO - [2024-07-23T02:01:25.933+0000] {dag.py:3089} INFO - Sync 1 DAGs
[2024-07-23T02:01:25.977+0000] {logging_mixin.py:188} INFO - [2024-07-23T02:01:25.977+0000] {dag.py:3947} INFO - Setting next_dagrun for tutorial to 2024-07-22 00:00:00+00:00, run_after=2024-07-23 00:00:00+00:00
[2024-07-23T02:01:26.009+0000] {processor.py:183} INFO - Processing /home/airflow/.local/lib/python3.12/site-packages/airflow/example_dags/tutorial.py took 0.126 seconds
[2024-07-23T02:01:56.147+0000] {processor.py:161} INFO - Started process (PID=497) to work on /home/airflow/.local/lib/python3.12/site-packages/airflow/example_dags/tutorial.py
[2024-07-23T02:01:56.148+0000] {processor.py:830} INFO - Processing file /home/airflow/.local/lib/python3.12/site-packages/airflow/example_dags/tutorial.py for tasks to queue
[2024-07-23T02:01:56.150+0000] {logging_mixin.py:188} INFO - [2024-07-23T02:01:56.149+0000] {dagbag.py:545} INFO - Filling up the DagBag from /home/airflow/.local/lib/python3.12/site-packages/airflow/example_dags/tutorial.py
[2024-07-23T02:01:56.157+0000] {processor.py:840} INFO - DAG(s) 'tutorial' retrieved from /home/airflow/.local/lib/python3.12/site-packages/airflow/example_dags/tutorial.py
[2024-07-23T02:01:56.181+0000] {logging_mixin.py:188} INFO - [2024-07-23T02:01:56.181+0000] {dag.py:3089} INFO - Sync 1 DAGs
[2024-07-23T02:01:56.210+0000] {logging_mixin.py:188} INFO - [2024-07-23T02:01:56.210+0000] {dag.py:3947} INFO - Setting next_dagrun for tutorial to 2024-07-22 00:00:00+00:00, run_after=2024-07-23 00:00:00+00:00
[2024-07-23T02:01:56.239+0000] {processor.py:183} INFO - Processing /home/airflow/.local/lib/python3.12/site-packages/airflow/example_dags/tutorial.py took 0.098 seconds
[2024-07-23T02:02:26.416+0000] {processor.py:161} INFO - Started process (PID=556) to work on /home/airflow/.local/lib/python3.12/site-packages/airflow/example_dags/tutorial.py
[2024-07-23T02:02:26.417+0000] {processor.py:830} INFO - Processing file /home/airflow/.local/lib/python3.12/site-packages/airflow/example_dags/tutorial.py for tasks to queue
[2024-07-23T02:02:26.419+0000] {logging_mixin.py:188} INFO - [2024-07-23T02:02:26.419+0000] {dagbag.py:545} INFO - Filling up the DagBag from /home/airflow/.local/lib/python3.12/site-packages/airflow/example_dags/tutorial.py
[2024-07-23T02:02:26.426+0000] {processor.py:840} INFO - DAG(s) 'tutorial' retrieved from /home/airflow/.local/lib/python3.12/site-packages/airflow/example_dags/tutorial.py
[2024-07-23T02:02:26.449+0000] {logging_mixin.py:188} INFO - [2024-07-23T02:02:26.448+0000] {dag.py:3089} INFO - Sync 1 DAGs
[2024-07-23T02:02:26.473+0000] {logging_mixin.py:188} INFO - [2024-07-23T02:02:26.472+0000] {dag.py:3947} INFO - Setting next_dagrun for tutorial to 2024-07-22 00:00:00+00:00, run_after=2024-07-23 00:00:00+00:00
[2024-07-23T02:02:26.494+0000] {processor.py:183} INFO - Processing /home/airflow/.local/lib/python3.12/site-packages/airflow/example_dags/tutorial.py took 0.085 seconds
[2024-07-23T02:02:57.162+0000] {processor.py:161} INFO - Started process (PID=615) to work on /home/airflow/.local/lib/python3.12/site-packages/airflow/example_dags/tutorial.py
[2024-07-23T02:02:57.163+0000] {processor.py:830} INFO - Processing file /home/airflow/.local/lib/python3.12/site-packages/airflow/example_dags/tutorial.py for tasks to queue
[2024-07-23T02:02:57.166+0000] {logging_mixin.py:188} INFO - [2024-07-23T02:02:57.165+0000] {dagbag.py:545} INFO - Filling up the DagBag from /home/airflow/.local/lib/python3.12/site-packages/airflow/example_dags/tutorial.py
[2024-07-23T02:02:57.175+0000] {processor.py:840} INFO - DAG(s) 'tutorial' retrieved from /home/airflow/.local/lib/python3.12/site-packages/airflow/example_dags/tutorial.py
[2024-07-23T02:02:57.204+0000] {logging_mixin.py:188} INFO - [2024-07-23T02:02:57.204+0000] {dag.py:3089} INFO - Sync 1 DAGs
[2024-07-23T02:02:57.239+0000] {logging_mixin.py:188} INFO - [2024-07-23T02:02:57.238+0000] {dag.py:3947} INFO - Setting next_dagrun for tutorial to 2024-07-22 00:00:00+00:00, run_after=2024-07-23 00:00:00+00:00
[2024-07-23T02:02:57.272+0000] {processor.py:183} INFO - Processing /home/airflow/.local/lib/python3.12/site-packages/airflow/example_dags/tutorial.py took 0.119 seconds
[2024-07-23T02:03:28.171+0000] {processor.py:161} INFO - Started process (PID=675) to work on /home/airflow/.local/lib/python3.12/site-packages/airflow/example_dags/tutorial.py
[2024-07-23T02:03:28.173+0000] {processor.py:830} INFO - Processing file /home/airflow/.local/lib/python3.12/site-packages/airflow/example_dags/tutorial.py for tasks to queue
[2024-07-23T02:03:28.176+0000] {logging_mixin.py:188} INFO - [2024-07-23T02:03:28.175+0000] {dagbag.py:545} INFO - Filling up the DagBag from /home/airflow/.local/lib/python3.12/site-packages/airflow/example_dags/tutorial.py
[2024-07-23T02:03:28.186+0000] {processor.py:840} INFO - DAG(s) 'tutorial' retrieved from /home/airflow/.local/lib/python3.12/site-packages/airflow/example_dags/tutorial.py
[2024-07-23T02:03:28.222+0000] {logging_mixin.py:188} INFO - [2024-07-23T02:03:28.221+0000] {dag.py:3089} INFO - Sync 1 DAGs
[2024-07-23T02:03:28.265+0000] {logging_mixin.py:188} INFO - [2024-07-23T02:03:28.264+0000] {dag.py:3947} INFO - Setting next_dagrun for tutorial to 2024-07-22 00:00:00+00:00, run_after=2024-07-23 00:00:00+00:00
[2024-07-23T02:03:28.300+0000] {processor.py:183} INFO - Processing /home/airflow/.local/lib/python3.12/site-packages/airflow/example_dags/tutorial.py took 0.139 seconds
[2024-07-23T02:04:03.570+0000] {processor.py:161} INFO - Started process (PID=734) to work on /home/airflow/.local/lib/python3.12/site-packages/airflow/example_dags/tutorial.py
[2024-07-23T02:04:03.574+0000] {processor.py:830} INFO - Processing file /home/airflow/.local/lib/python3.12/site-packages/airflow/example_dags/tutorial.py for tasks to queue
[2024-07-23T02:04:03.585+0000] {logging_mixin.py:188} INFO - [2024-07-23T02:04:03.583+0000] {dagbag.py:545} INFO - Filling up the DagBag from /home/airflow/.local/lib/python3.12/site-packages/airflow/example_dags/tutorial.py
[2024-07-23T02:04:03.624+0000] {processor.py:840} INFO - DAG(s) 'tutorial' retrieved from /home/airflow/.local/lib/python3.12/site-packages/airflow/example_dags/tutorial.py
[2024-07-23T02:04:03.783+0000] {logging_mixin.py:188} INFO - [2024-07-23T02:04:03.781+0000] {dag.py:3089} INFO - Sync 1 DAGs
[2024-07-23T02:04:03.973+0000] {logging_mixin.py:188} INFO - [2024-07-23T02:04:03.970+0000] {dag.py:3947} INFO - Setting next_dagrun for tutorial to 2024-07-22 00:00:00+00:00, run_after=2024-07-23 00:00:00+00:00
[2024-07-23T02:04:04.113+0000] {processor.py:183} INFO - Processing /home/airflow/.local/lib/python3.12/site-packages/airflow/example_dags/tutorial.py took 0.576 seconds
[2024-07-23T02:04:35.866+0000] {processor.py:161} INFO - Started process (PID=793) to work on /home/airflow/.local/lib/python3.12/site-packages/airflow/example_dags/tutorial.py
[2024-07-23T02:04:35.871+0000] {processor.py:830} INFO - Processing file /home/airflow/.local/lib/python3.12/site-packages/airflow/example_dags/tutorial.py for tasks to queue
[2024-07-23T02:04:35.884+0000] {logging_mixin.py:188} INFO - [2024-07-23T02:04:35.881+0000] {dagbag.py:545} INFO - Filling up the DagBag from /home/airflow/.local/lib/python3.12/site-packages/airflow/example_dags/tutorial.py
[2024-07-23T02:04:35.926+0000] {processor.py:840} INFO - DAG(s) 'tutorial' retrieved from /home/airflow/.local/lib/python3.12/site-packages/airflow/example_dags/tutorial.py
[2024-07-23T02:04:36.052+0000] {logging_mixin.py:188} INFO - [2024-07-23T02:04:36.050+0000] {dag.py:3089} INFO - Sync 1 DAGs
[2024-07-23T02:04:36.217+0000] {logging_mixin.py:188} INFO - [2024-07-23T02:04:36.215+0000] {dag.py:3947} INFO - Setting next_dagrun for tutorial to 2024-07-22 00:00:00+00:00, run_after=2024-07-23 00:00:00+00:00
[2024-07-23T02:04:36.311+0000] {processor.py:183} INFO - Processing /home/airflow/.local/lib/python3.12/site-packages/airflow/example_dags/tutorial.py took 0.483 seconds
[2024-07-23T02:05:06.989+0000] {processor.py:161} INFO - Started process (PID=852) to work on /home/airflow/.local/lib/python3.12/site-packages/airflow/example_dags/tutorial.py
[2024-07-23T02:05:06.995+0000] {processor.py:830} INFO - Processing file /home/airflow/.local/lib/python3.12/site-packages/airflow/example_dags/tutorial.py for tasks to queue
[2024-07-23T02:05:07.007+0000] {logging_mixin.py:188} INFO - [2024-07-23T02:05:07.004+0000] {dagbag.py:545} INFO - Filling up the DagBag from /home/airflow/.local/lib/python3.12/site-packages/airflow/example_dags/tutorial.py
[2024-07-23T02:05:07.049+0000] {processor.py:840} INFO - DAG(s) 'tutorial' retrieved from /home/airflow/.local/lib/python3.12/site-packages/airflow/example_dags/tutorial.py
[2024-07-23T02:05:07.199+0000] {logging_mixin.py:188} INFO - [2024-07-23T02:05:07.197+0000] {dag.py:3089} INFO - Sync 1 DAGs
[2024-07-23T02:05:07.378+0000] {logging_mixin.py:188} INFO - [2024-07-23T02:05:07.376+0000] {dag.py:3947} INFO - Setting next_dagrun for tutorial to 2024-07-22 00:00:00+00:00, run_after=2024-07-23 00:00:00+00:00
[2024-07-23T02:05:07.579+0000] {processor.py:183} INFO - Processing /home/airflow/.local/lib/python3.12/site-packages/airflow/example_dags/tutorial.py took 0.627 seconds
[2024-07-23T02:05:39.392+0000] {processor.py:161} INFO - Started process (PID=911) to work on /home/airflow/.local/lib/python3.12/site-packages/airflow/example_dags/tutorial.py
[2024-07-23T02:05:39.396+0000] {processor.py:830} INFO - Processing file /home/airflow/.local/lib/python3.12/site-packages/airflow/example_dags/tutorial.py for tasks to queue
[2024-07-23T02:05:39.405+0000] {logging_mixin.py:188} INFO - [2024-07-23T02:05:39.403+0000] {dagbag.py:545} INFO - Filling up the DagBag from /home/airflow/.local/lib/python3.12/site-packages/airflow/example_dags/tutorial.py
[2024-07-23T02:05:39.433+0000] {processor.py:840} INFO - DAG(s) 'tutorial' retrieved from /home/airflow/.local/lib/python3.12/site-packages/airflow/example_dags/tutorial.py
[2024-07-23T02:05:39.541+0000] {logging_mixin.py:188} INFO - [2024-07-23T02:05:39.539+0000] {dag.py:3089} INFO - Sync 1 DAGs
[2024-07-23T02:05:39.685+0000] {logging_mixin.py:188} INFO - [2024-07-23T02:05:39.684+0000] {dag.py:3947} INFO - Setting next_dagrun for tutorial to 2024-07-22 00:00:00+00:00, run_after=2024-07-23 00:00:00+00:00
[2024-07-23T02:05:39.800+0000] {processor.py:183} INFO - Processing /home/airflow/.local/lib/python3.12/site-packages/airflow/example_dags/tutorial.py took 0.439 seconds
[2024-07-23T02:06:09.857+0000] {processor.py:161} INFO - Started process (PID=970) to work on /home/airflow/.local/lib/python3.12/site-packages/airflow/example_dags/tutorial.py
[2024-07-23T02:06:09.858+0000] {processor.py:830} INFO - Processing file /home/airflow/.local/lib/python3.12/site-packages/airflow/example_dags/tutorial.py for tasks to queue
[2024-07-23T02:06:09.860+0000] {logging_mixin.py:188} INFO - [2024-07-23T02:06:09.859+0000] {dagbag.py:545} INFO - Filling up the DagBag from /home/airflow/.local/lib/python3.12/site-packages/airflow/example_dags/tutorial.py
[2024-07-23T02:06:09.866+0000] {processor.py:840} INFO - DAG(s) 'tutorial' retrieved from /home/airflow/.local/lib/python3.12/site-packages/airflow/example_dags/tutorial.py
[2024-07-23T02:06:09.891+0000] {logging_mixin.py:188} INFO - [2024-07-23T02:06:09.890+0000] {dag.py:3089} INFO - Sync 1 DAGs
[2024-07-23T02:06:09.917+0000] {logging_mixin.py:188} INFO - [2024-07-23T02:06:09.917+0000] {dag.py:3947} INFO - Setting next_dagrun for tutorial to 2024-07-22 00:00:00+00:00, run_after=2024-07-23 00:00:00+00:00
[2024-07-23T02:06:09.942+0000] {processor.py:183} INFO - Processing /home/airflow/.local/lib/python3.12/site-packages/airflow/example_dags/tutorial.py took 0.092 seconds
[2024-07-23T02:06:40.513+0000] {processor.py:161} INFO - Started process (PID=1029) to work on /home/airflow/.local/lib/python3.12/site-packages/airflow/example_dags/tutorial.py
[2024-07-23T02:06:40.514+0000] {processor.py:830} INFO - Processing file /home/airflow/.local/lib/python3.12/site-packages/airflow/example_dags/tutorial.py for tasks to queue
[2024-07-23T02:06:40.516+0000] {logging_mixin.py:188} INFO - [2024-07-23T02:06:40.516+0000] {dagbag.py:545} INFO - Filling up the DagBag from /home/airflow/.local/lib/python3.12/site-packages/airflow/example_dags/tutorial.py
[2024-07-23T02:06:40.524+0000] {processor.py:840} INFO - DAG(s) 'tutorial' retrieved from /home/airflow/.local/lib/python3.12/site-packages/airflow/example_dags/tutorial.py
[2024-07-23T02:06:40.551+0000] {logging_mixin.py:188} INFO - [2024-07-23T02:06:40.550+0000] {dag.py:3089} INFO - Sync 1 DAGs
[2024-07-23T02:06:40.580+0000] {logging_mixin.py:188} INFO - [2024-07-23T02:06:40.580+0000] {dag.py:3947} INFO - Setting next_dagrun for tutorial to 2024-07-22 00:00:00+00:00, run_after=2024-07-23 00:00:00+00:00
[2024-07-23T02:06:40.609+0000] {processor.py:183} INFO - Processing /home/airflow/.local/lib/python3.12/site-packages/airflow/example_dags/tutorial.py took 0.104 seconds
[2024-07-23T02:07:10.767+0000] {processor.py:161} INFO - Started process (PID=1088) to work on /home/airflow/.local/lib/python3.12/site-packages/airflow/example_dags/tutorial.py
[2024-07-23T02:07:10.768+0000] {processor.py:830} INFO - Processing file /home/airflow/.local/lib/python3.12/site-packages/airflow/example_dags/tutorial.py for tasks to queue
[2024-07-23T02:07:10.770+0000] {logging_mixin.py:188} INFO - [2024-07-23T02:07:10.769+0000] {dagbag.py:545} INFO - Filling up the DagBag from /home/airflow/.local/lib/python3.12/site-packages/airflow/example_dags/tutorial.py
[2024-07-23T02:07:10.778+0000] {processor.py:840} INFO - DAG(s) 'tutorial' retrieved from /home/airflow/.local/lib/python3.12/site-packages/airflow/example_dags/tutorial.py
[2024-07-23T02:07:10.802+0000] {logging_mixin.py:188} INFO - [2024-07-23T02:07:10.802+0000] {dag.py:3089} INFO - Sync 1 DAGs
[2024-07-23T02:07:10.831+0000] {logging_mixin.py:188} INFO - [2024-07-23T02:07:10.831+0000] {dag.py:3947} INFO - Setting next_dagrun for tutorial to 2024-07-22 00:00:00+00:00, run_after=2024-07-23 00:00:00+00:00
[2024-07-23T02:07:10.860+0000] {processor.py:183} INFO - Processing /home/airflow/.local/lib/python3.12/site-packages/airflow/example_dags/tutorial.py took 0.101 seconds
[2024-07-23T02:07:41.657+0000] {processor.py:161} INFO - Started process (PID=1147) to work on /home/airflow/.local/lib/python3.12/site-packages/airflow/example_dags/tutorial.py
[2024-07-23T02:07:41.661+0000] {processor.py:830} INFO - Processing file /home/airflow/.local/lib/python3.12/site-packages/airflow/example_dags/tutorial.py for tasks to queue
[2024-07-23T02:07:41.669+0000] {logging_mixin.py:188} INFO - [2024-07-23T02:07:41.667+0000] {dagbag.py:545} INFO - Filling up the DagBag from /home/airflow/.local/lib/python3.12/site-packages/airflow/example_dags/tutorial.py
[2024-07-23T02:07:41.698+0000] {processor.py:840} INFO - DAG(s) 'tutorial' retrieved from /home/airflow/.local/lib/python3.12/site-packages/airflow/example_dags/tutorial.py
[2024-07-23T02:07:41.778+0000] {logging_mixin.py:188} INFO - [2024-07-23T02:07:41.777+0000] {dag.py:3089} INFO - Sync 1 DAGs
[2024-07-23T02:07:41.872+0000] {logging_mixin.py:188} INFO - [2024-07-23T02:07:41.871+0000] {dag.py:3947} INFO - Setting next_dagrun for tutorial to 2024-07-22 00:00:00+00:00, run_after=2024-07-23 00:00:00+00:00
[2024-07-23T02:07:41.941+0000] {processor.py:183} INFO - Processing /home/airflow/.local/lib/python3.12/site-packages/airflow/example_dags/tutorial.py took 0.318 seconds
[2024-07-23T02:08:12.673+0000] {processor.py:161} INFO - Started process (PID=1207) to work on /home/airflow/.local/lib/python3.12/site-packages/airflow/example_dags/tutorial.py
[2024-07-23T02:08:12.674+0000] {processor.py:830} INFO - Processing file /home/airflow/.local/lib/python3.12/site-packages/airflow/example_dags/tutorial.py for tasks to queue
[2024-07-23T02:08:12.676+0000] {logging_mixin.py:188} INFO - [2024-07-23T02:08:12.675+0000] {dagbag.py:545} INFO - Filling up the DagBag from /home/airflow/.local/lib/python3.12/site-packages/airflow/example_dags/tutorial.py
[2024-07-23T02:08:12.683+0000] {processor.py:840} INFO - DAG(s) 'tutorial' retrieved from /home/airflow/.local/lib/python3.12/site-packages/airflow/example_dags/tutorial.py
[2024-07-23T02:08:12.708+0000] {logging_mixin.py:188} INFO - [2024-07-23T02:08:12.708+0000] {dag.py:3089} INFO - Sync 1 DAGs
[2024-07-23T02:08:12.735+0000] {logging_mixin.py:188} INFO - [2024-07-23T02:08:12.735+0000] {dag.py:3947} INFO - Setting next_dagrun for tutorial to 2024-07-22 00:00:00+00:00, run_after=2024-07-23 00:00:00+00:00
[2024-07-23T02:08:12.759+0000] {processor.py:183} INFO - Processing /home/airflow/.local/lib/python3.12/site-packages/airflow/example_dags/tutorial.py took 0.093 seconds
[2024-07-23T02:08:43.582+0000] {processor.py:161} INFO - Started process (PID=1265) to work on /home/airflow/.local/lib/python3.12/site-packages/airflow/example_dags/tutorial.py
[2024-07-23T02:08:43.583+0000] {processor.py:830} INFO - Processing file /home/airflow/.local/lib/python3.12/site-packages/airflow/example_dags/tutorial.py for tasks to queue
[2024-07-23T02:08:43.585+0000] {logging_mixin.py:188} INFO - [2024-07-23T02:08:43.585+0000] {dagbag.py:545} INFO - Filling up the DagBag from /home/airflow/.local/lib/python3.12/site-packages/airflow/example_dags/tutorial.py
[2024-07-23T02:08:43.592+0000] {processor.py:840} INFO - DAG(s) 'tutorial' retrieved from /home/airflow/.local/lib/python3.12/site-packages/airflow/example_dags/tutorial.py
[2024-07-23T02:08:43.616+0000] {logging_mixin.py:188} INFO - [2024-07-23T02:08:43.615+0000] {dag.py:3089} INFO - Sync 1 DAGs
[2024-07-23T02:08:43.643+0000] {logging_mixin.py:188} INFO - [2024-07-23T02:08:43.643+0000] {dag.py:3947} INFO - Setting next_dagrun for tutorial to 2024-07-22 00:00:00+00:00, run_after=2024-07-23 00:00:00+00:00
[2024-07-23T02:08:43.669+0000] {processor.py:183} INFO - Processing /home/airflow/.local/lib/python3.12/site-packages/airflow/example_dags/tutorial.py took 0.094 seconds
[2024-07-23T02:09:14.365+0000] {processor.py:161} INFO - Started process (PID=1324) to work on /home/airflow/.local/lib/python3.12/site-packages/airflow/example_dags/tutorial.py
[2024-07-23T02:09:14.366+0000] {processor.py:830} INFO - Processing file /home/airflow/.local/lib/python3.12/site-packages/airflow/example_dags/tutorial.py for tasks to queue
[2024-07-23T02:09:14.368+0000] {logging_mixin.py:188} INFO - [2024-07-23T02:09:14.367+0000] {dagbag.py:545} INFO - Filling up the DagBag from /home/airflow/.local/lib/python3.12/site-packages/airflow/example_dags/tutorial.py
[2024-07-23T02:09:14.374+0000] {processor.py:840} INFO - DAG(s) 'tutorial' retrieved from /home/airflow/.local/lib/python3.12/site-packages/airflow/example_dags/tutorial.py
[2024-07-23T02:09:14.406+0000] {logging_mixin.py:188} INFO - [2024-07-23T02:09:14.406+0000] {dag.py:3089} INFO - Sync 1 DAGs
[2024-07-23T02:09:14.448+0000] {logging_mixin.py:188} INFO - [2024-07-23T02:09:14.448+0000] {dag.py:3947} INFO - Setting next_dagrun for tutorial to 2024-07-22 00:00:00+00:00, run_after=2024-07-23 00:00:00+00:00
[2024-07-23T02:09:14.477+0000] {processor.py:183} INFO - Processing /home/airflow/.local/lib/python3.12/site-packages/airflow/example_dags/tutorial.py took 0.123 seconds
[2024-07-23T02:09:44.666+0000] {processor.py:161} INFO - Started process (PID=1382) to work on /home/airflow/.local/lib/python3.12/site-packages/airflow/example_dags/tutorial.py
[2024-07-23T02:09:44.667+0000] {processor.py:830} INFO - Processing file /home/airflow/.local/lib/python3.12/site-packages/airflow/example_dags/tutorial.py for tasks to queue
[2024-07-23T02:09:44.669+0000] {logging_mixin.py:188} INFO - [2024-07-23T02:09:44.669+0000] {dagbag.py:545} INFO - Filling up the DagBag from /home/airflow/.local/lib/python3.12/site-packages/airflow/example_dags/tutorial.py
[2024-07-23T02:09:44.675+0000] {processor.py:840} INFO - DAG(s) 'tutorial' retrieved from /home/airflow/.local/lib/python3.12/site-packages/airflow/example_dags/tutorial.py
[2024-07-23T02:09:44.696+0000] {logging_mixin.py:188} INFO - [2024-07-23T02:09:44.696+0000] {dag.py:3089} INFO - Sync 1 DAGs
[2024-07-23T02:09:44.719+0000] {logging_mixin.py:188} INFO - [2024-07-23T02:09:44.718+0000] {dag.py:3947} INFO - Setting next_dagrun for tutorial to 2024-07-22 00:00:00+00:00, run_after=2024-07-23 00:00:00+00:00
[2024-07-23T02:09:44.742+0000] {processor.py:183} INFO - Processing /home/airflow/.local/lib/python3.12/site-packages/airflow/example_dags/tutorial.py took 0.081 seconds
[2024-07-23T02:10:14.876+0000] {processor.py:161} INFO - Started process (PID=1441) to work on /home/airflow/.local/lib/python3.12/site-packages/airflow/example_dags/tutorial.py
[2024-07-23T02:10:14.877+0000] {processor.py:830} INFO - Processing file /home/airflow/.local/lib/python3.12/site-packages/airflow/example_dags/tutorial.py for tasks to queue
[2024-07-23T02:10:14.879+0000] {logging_mixin.py:188} INFO - [2024-07-23T02:10:14.879+0000] {dagbag.py:545} INFO - Filling up the DagBag from /home/airflow/.local/lib/python3.12/site-packages/airflow/example_dags/tutorial.py
[2024-07-23T02:10:14.886+0000] {processor.py:840} INFO - DAG(s) 'tutorial' retrieved from /home/airflow/.local/lib/python3.12/site-packages/airflow/example_dags/tutorial.py
[2024-07-23T02:10:14.909+0000] {logging_mixin.py:188} INFO - [2024-07-23T02:10:14.909+0000] {dag.py:3089} INFO - Sync 1 DAGs
[2024-07-23T02:10:14.932+0000] {logging_mixin.py:188} INFO - [2024-07-23T02:10:14.932+0000] {dag.py:3947} INFO - Setting next_dagrun for tutorial to 2024-07-22 00:00:00+00:00, run_after=2024-07-23 00:00:00+00:00
[2024-07-23T02:10:14.954+0000] {processor.py:183} INFO - Processing /home/airflow/.local/lib/python3.12/site-packages/airflow/example_dags/tutorial.py took 0.086 seconds
[2024-07-23T02:10:45.085+0000] {processor.py:161} INFO - Started process (PID=1500) to work on /home/airflow/.local/lib/python3.12/site-packages/airflow/example_dags/tutorial.py
[2024-07-23T02:10:45.087+0000] {processor.py:830} INFO - Processing file /home/airflow/.local/lib/python3.12/site-packages/airflow/example_dags/tutorial.py for tasks to queue
[2024-07-23T02:10:45.089+0000] {logging_mixin.py:188} INFO - [2024-07-23T02:10:45.089+0000] {dagbag.py:545} INFO - Filling up the DagBag from /home/airflow/.local/lib/python3.12/site-packages/airflow/example_dags/tutorial.py
[2024-07-23T02:10:45.099+0000] {processor.py:840} INFO - DAG(s) 'tutorial' retrieved from /home/airflow/.local/lib/python3.12/site-packages/airflow/example_dags/tutorial.py
[2024-07-23T02:10:45.126+0000] {logging_mixin.py:188} INFO - [2024-07-23T02:10:45.126+0000] {dag.py:3089} INFO - Sync 1 DAGs
[2024-07-23T02:10:45.161+0000] {logging_mixin.py:188} INFO - [2024-07-23T02:10:45.161+0000] {dag.py:3947} INFO - Setting next_dagrun for tutorial to 2024-07-22 00:00:00+00:00, run_after=2024-07-23 00:00:00+00:00
[2024-07-23T02:10:45.209+0000] {processor.py:183} INFO - Processing /home/airflow/.local/lib/python3.12/site-packages/airflow/example_dags/tutorial.py took 0.135 seconds
[2024-07-23T02:11:15.421+0000] {processor.py:161} INFO - Started process (PID=1559) to work on /home/airflow/.local/lib/python3.12/site-packages/airflow/example_dags/tutorial.py
[2024-07-23T02:11:15.422+0000] {processor.py:830} INFO - Processing file /home/airflow/.local/lib/python3.12/site-packages/airflow/example_dags/tutorial.py for tasks to queue
[2024-07-23T02:11:15.424+0000] {logging_mixin.py:188} INFO - [2024-07-23T02:11:15.424+0000] {dagbag.py:545} INFO - Filling up the DagBag from /home/airflow/.local/lib/python3.12/site-packages/airflow/example_dags/tutorial.py
[2024-07-23T02:11:15.430+0000] {processor.py:840} INFO - DAG(s) 'tutorial' retrieved from /home/airflow/.local/lib/python3.12/site-packages/airflow/example_dags/tutorial.py
[2024-07-23T02:11:15.452+0000] {logging_mixin.py:188} INFO - [2024-07-23T02:11:15.452+0000] {dag.py:3089} INFO - Sync 1 DAGs
[2024-07-23T02:11:15.479+0000] {logging_mixin.py:188} INFO - [2024-07-23T02:11:15.479+0000] {dag.py:3947} INFO - Setting next_dagrun for tutorial to 2024-07-22 00:00:00+00:00, run_after=2024-07-23 00:00:00+00:00
[2024-07-23T02:11:15.507+0000] {processor.py:183} INFO - Processing /home/airflow/.local/lib/python3.12/site-packages/airflow/example_dags/tutorial.py took 0.091 seconds
[2024-07-23T02:11:45.634+0000] {processor.py:161} INFO - Started process (PID=1617) to work on /home/airflow/.local/lib/python3.12/site-packages/airflow/example_dags/tutorial.py
[2024-07-23T02:11:45.635+0000] {processor.py:830} INFO - Processing file /home/airflow/.local/lib/python3.12/site-packages/airflow/example_dags/tutorial.py for tasks to queue
[2024-07-23T02:11:45.637+0000] {logging_mixin.py:188} INFO - [2024-07-23T02:11:45.636+0000] {dagbag.py:545} INFO - Filling up the DagBag from /home/airflow/.local/lib/python3.12/site-packages/airflow/example_dags/tutorial.py
[2024-07-23T02:11:45.643+0000] {processor.py:840} INFO - DAG(s) 'tutorial' retrieved from /home/airflow/.local/lib/python3.12/site-packages/airflow/example_dags/tutorial.py
[2024-07-23T02:11:45.664+0000] {logging_mixin.py:188} INFO - [2024-07-23T02:11:45.663+0000] {dag.py:3089} INFO - Sync 1 DAGs
[2024-07-23T02:11:45.688+0000] {logging_mixin.py:188} INFO - [2024-07-23T02:11:45.687+0000] {dag.py:3947} INFO - Setting next_dagrun for tutorial to 2024-07-22 00:00:00+00:00, run_after=2024-07-23 00:00:00+00:00
[2024-07-23T02:11:45.708+0000] {processor.py:183} INFO - Processing /home/airflow/.local/lib/python3.12/site-packages/airflow/example_dags/tutorial.py took 0.081 seconds
[2024-07-23T02:12:15.976+0000] {processor.py:161} INFO - Started process (PID=1676) to work on /home/airflow/.local/lib/python3.12/site-packages/airflow/example_dags/tutorial.py
[2024-07-23T02:12:15.977+0000] {processor.py:830} INFO - Processing file /home/airflow/.local/lib/python3.12/site-packages/airflow/example_dags/tutorial.py for tasks to queue
[2024-07-23T02:12:15.979+0000] {logging_mixin.py:188} INFO - [2024-07-23T02:12:15.978+0000] {dagbag.py:545} INFO - Filling up the DagBag from /home/airflow/.local/lib/python3.12/site-packages/airflow/example_dags/tutorial.py
[2024-07-23T02:12:15.985+0000] {processor.py:840} INFO - DAG(s) 'tutorial' retrieved from /home/airflow/.local/lib/python3.12/site-packages/airflow/example_dags/tutorial.py
[2024-07-23T02:12:16.008+0000] {logging_mixin.py:188} INFO - [2024-07-23T02:12:16.007+0000] {dag.py:3089} INFO - Sync 1 DAGs
[2024-07-23T02:12:16.033+0000] {logging_mixin.py:188} INFO - [2024-07-23T02:12:16.032+0000] {dag.py:3947} INFO - Setting next_dagrun for tutorial to 2024-07-22 00:00:00+00:00, run_after=2024-07-23 00:00:00+00:00
[2024-07-23T02:12:16.056+0000] {processor.py:183} INFO - Processing /home/airflow/.local/lib/python3.12/site-packages/airflow/example_dags/tutorial.py took 0.087 seconds
[2024-07-23T02:12:46.115+0000] {processor.py:161} INFO - Started process (PID=1735) to work on /home/airflow/.local/lib/python3.12/site-packages/airflow/example_dags/tutorial.py
[2024-07-23T02:12:46.117+0000] {processor.py:830} INFO - Processing file /home/airflow/.local/lib/python3.12/site-packages/airflow/example_dags/tutorial.py for tasks to queue
[2024-07-23T02:12:46.119+0000] {logging_mixin.py:188} INFO - [2024-07-23T02:12:46.119+0000] {dagbag.py:545} INFO - Filling up the DagBag from /home/airflow/.local/lib/python3.12/site-packages/airflow/example_dags/tutorial.py
[2024-07-23T02:12:46.125+0000] {processor.py:840} INFO - DAG(s) 'tutorial' retrieved from /home/airflow/.local/lib/python3.12/site-packages/airflow/example_dags/tutorial.py
[2024-07-23T02:12:46.146+0000] {logging_mixin.py:188} INFO - [2024-07-23T02:12:46.146+0000] {dag.py:3089} INFO - Sync 1 DAGs
[2024-07-23T02:12:46.167+0000] {logging_mixin.py:188} INFO - [2024-07-23T02:12:46.167+0000] {dag.py:3947} INFO - Setting next_dagrun for tutorial to 2024-07-22 00:00:00+00:00, run_after=2024-07-23 00:00:00+00:00
[2024-07-23T02:12:46.188+0000] {processor.py:183} INFO - Processing /home/airflow/.local/lib/python3.12/site-packages/airflow/example_dags/tutorial.py took 0.079 seconds
[2024-07-23T02:13:16.422+0000] {processor.py:161} INFO - Started process (PID=1794) to work on /home/airflow/.local/lib/python3.12/site-packages/airflow/example_dags/tutorial.py
[2024-07-23T02:13:16.423+0000] {processor.py:830} INFO - Processing file /home/airflow/.local/lib/python3.12/site-packages/airflow/example_dags/tutorial.py for tasks to queue
[2024-07-23T02:13:16.425+0000] {logging_mixin.py:188} INFO - [2024-07-23T02:13:16.424+0000] {dagbag.py:545} INFO - Filling up the DagBag from /home/airflow/.local/lib/python3.12/site-packages/airflow/example_dags/tutorial.py
[2024-07-23T02:13:16.431+0000] {processor.py:840} INFO - DAG(s) 'tutorial' retrieved from /home/airflow/.local/lib/python3.12/site-packages/airflow/example_dags/tutorial.py
[2024-07-23T02:13:16.460+0000] {logging_mixin.py:188} INFO - [2024-07-23T02:13:16.460+0000] {dag.py:3089} INFO - Sync 1 DAGs
[2024-07-23T02:13:16.494+0000] {logging_mixin.py:188} INFO - [2024-07-23T02:13:16.494+0000] {dag.py:3947} INFO - Setting next_dagrun for tutorial to 2024-07-22 00:00:00+00:00, run_after=2024-07-23 00:00:00+00:00
[2024-07-23T02:13:16.519+0000] {processor.py:183} INFO - Processing /home/airflow/.local/lib/python3.12/site-packages/airflow/example_dags/tutorial.py took 0.103 seconds
[2024-07-23T02:13:46.807+0000] {processor.py:161} INFO - Started process (PID=1862) to work on /home/airflow/.local/lib/python3.12/site-packages/airflow/example_dags/tutorial.py
[2024-07-23T02:13:46.809+0000] {processor.py:830} INFO - Processing file /home/airflow/.local/lib/python3.12/site-packages/airflow/example_dags/tutorial.py for tasks to queue
[2024-07-23T02:13:46.811+0000] {logging_mixin.py:188} INFO - [2024-07-23T02:13:46.811+0000] {dagbag.py:545} INFO - Filling up the DagBag from /home/airflow/.local/lib/python3.12/site-packages/airflow/example_dags/tutorial.py
[2024-07-23T02:13:46.820+0000] {processor.py:840} INFO - DAG(s) 'tutorial' retrieved from /home/airflow/.local/lib/python3.12/site-packages/airflow/example_dags/tutorial.py
[2024-07-23T02:13:46.851+0000] {logging_mixin.py:188} INFO - [2024-07-23T02:13:46.850+0000] {dag.py:3089} INFO - Sync 1 DAGs
[2024-07-23T02:13:46.888+0000] {logging_mixin.py:188} INFO - [2024-07-23T02:13:46.887+0000] {dag.py:3947} INFO - Setting next_dagrun for tutorial to 2024-07-22 00:00:00+00:00, run_after=2024-07-23 00:00:00+00:00
[2024-07-23T02:13:46.918+0000] {processor.py:183} INFO - Processing /home/airflow/.local/lib/python3.12/site-packages/airflow/example_dags/tutorial.py took 0.120 seconds
[2024-07-23T02:14:17.862+0000] {processor.py:161} INFO - Started process (PID=1921) to work on /home/airflow/.local/lib/python3.12/site-packages/airflow/example_dags/tutorial.py
[2024-07-23T02:14:17.863+0000] {processor.py:830} INFO - Processing file /home/airflow/.local/lib/python3.12/site-packages/airflow/example_dags/tutorial.py for tasks to queue
[2024-07-23T02:14:17.867+0000] {logging_mixin.py:188} INFO - [2024-07-23T02:14:17.866+0000] {dagbag.py:545} INFO - Filling up the DagBag from /home/airflow/.local/lib/python3.12/site-packages/airflow/example_dags/tutorial.py
[2024-07-23T02:14:17.878+0000] {processor.py:840} INFO - DAG(s) 'tutorial' retrieved from /home/airflow/.local/lib/python3.12/site-packages/airflow/example_dags/tutorial.py
[2024-07-23T02:14:17.916+0000] {logging_mixin.py:188} INFO - [2024-07-23T02:14:17.916+0000] {dag.py:3089} INFO - Sync 1 DAGs
[2024-07-23T02:14:17.957+0000] {logging_mixin.py:188} INFO - [2024-07-23T02:14:17.957+0000] {dag.py:3947} INFO - Setting next_dagrun for tutorial to 2024-07-22 00:00:00+00:00, run_after=2024-07-23 00:00:00+00:00
[2024-07-23T02:14:17.985+0000] {processor.py:183} INFO - Processing /home/airflow/.local/lib/python3.12/site-packages/airflow/example_dags/tutorial.py took 0.133 seconds
[2024-07-23T02:14:48.248+0000] {processor.py:161} INFO - Started process (PID=1980) to work on /home/airflow/.local/lib/python3.12/site-packages/airflow/example_dags/tutorial.py
[2024-07-23T02:14:48.249+0000] {processor.py:830} INFO - Processing file /home/airflow/.local/lib/python3.12/site-packages/airflow/example_dags/tutorial.py for tasks to queue
[2024-07-23T02:14:48.251+0000] {logging_mixin.py:188} INFO - [2024-07-23T02:14:48.250+0000] {dagbag.py:545} INFO - Filling up the DagBag from /home/airflow/.local/lib/python3.12/site-packages/airflow/example_dags/tutorial.py
[2024-07-23T02:14:48.257+0000] {processor.py:840} INFO - DAG(s) 'tutorial' retrieved from /home/airflow/.local/lib/python3.12/site-packages/airflow/example_dags/tutorial.py
[2024-07-23T02:14:48.280+0000] {logging_mixin.py:188} INFO - [2024-07-23T02:14:48.280+0000] {dag.py:3089} INFO - Sync 1 DAGs
[2024-07-23T02:14:48.307+0000] {logging_mixin.py:188} INFO - [2024-07-23T02:14:48.307+0000] {dag.py:3947} INFO - Setting next_dagrun for tutorial to 2024-07-22 00:00:00+00:00, run_after=2024-07-23 00:00:00+00:00
[2024-07-23T02:14:48.330+0000] {processor.py:183} INFO - Processing /home/airflow/.local/lib/python3.12/site-packages/airflow/example_dags/tutorial.py took 0.089 seconds
[2024-07-23T02:15:21.876+0000] {processor.py:161} INFO - Started process (PID=2039) to work on /home/airflow/.local/lib/python3.12/site-packages/airflow/example_dags/tutorial.py
[2024-07-23T02:15:21.880+0000] {processor.py:830} INFO - Processing file /home/airflow/.local/lib/python3.12/site-packages/airflow/example_dags/tutorial.py for tasks to queue
[2024-07-23T02:15:21.887+0000] {logging_mixin.py:188} INFO - [2024-07-23T02:15:21.885+0000] {dagbag.py:545} INFO - Filling up the DagBag from /home/airflow/.local/lib/python3.12/site-packages/airflow/example_dags/tutorial.py
[2024-07-23T02:15:21.915+0000] {processor.py:840} INFO - DAG(s) 'tutorial' retrieved from /home/airflow/.local/lib/python3.12/site-packages/airflow/example_dags/tutorial.py
[2024-07-23T02:15:22.022+0000] {logging_mixin.py:188} INFO - [2024-07-23T02:15:22.021+0000] {dag.py:3089} INFO - Sync 1 DAGs
[2024-07-23T02:15:22.590+0000] {logging_mixin.py:188} INFO - [2024-07-23T02:15:22.589+0000] {dag.py:3947} INFO - Setting next_dagrun for tutorial to 2024-07-22 00:00:00+00:00, run_after=2024-07-23 00:00:00+00:00
[2024-07-23T02:15:22.699+0000] {processor.py:183} INFO - Processing /home/airflow/.local/lib/python3.12/site-packages/airflow/example_dags/tutorial.py took 0.851 seconds
[2024-07-23T02:15:53.226+0000] {processor.py:161} INFO - Started process (PID=2098) to work on /home/airflow/.local/lib/python3.12/site-packages/airflow/example_dags/tutorial.py
[2024-07-23T02:15:53.230+0000] {processor.py:830} INFO - Processing file /home/airflow/.local/lib/python3.12/site-packages/airflow/example_dags/tutorial.py for tasks to queue
[2024-07-23T02:15:53.236+0000] {logging_mixin.py:188} INFO - [2024-07-23T02:15:53.235+0000] {dagbag.py:545} INFO - Filling up the DagBag from /home/airflow/.local/lib/python3.12/site-packages/airflow/example_dags/tutorial.py
[2024-07-23T02:15:53.256+0000] {processor.py:840} INFO - DAG(s) 'tutorial' retrieved from /home/airflow/.local/lib/python3.12/site-packages/airflow/example_dags/tutorial.py
[2024-07-23T02:15:53.329+0000] {logging_mixin.py:188} INFO - [2024-07-23T02:15:53.328+0000] {dag.py:3089} INFO - Sync 1 DAGs
[2024-07-23T02:15:53.421+0000] {logging_mixin.py:188} INFO - [2024-07-23T02:15:53.421+0000] {dag.py:3947} INFO - Setting next_dagrun for tutorial to 2024-07-22 00:00:00+00:00, run_after=2024-07-23 00:00:00+00:00
[2024-07-23T02:15:53.882+0000] {processor.py:183} INFO - Processing /home/airflow/.local/lib/python3.12/site-packages/airflow/example_dags/tutorial.py took 0.678 seconds
[2024-07-23T02:16:24.124+0000] {processor.py:161} INFO - Started process (PID=2158) to work on /home/airflow/.local/lib/python3.12/site-packages/airflow/example_dags/tutorial.py
[2024-07-23T02:16:24.128+0000] {processor.py:830} INFO - Processing file /home/airflow/.local/lib/python3.12/site-packages/airflow/example_dags/tutorial.py for tasks to queue
[2024-07-23T02:16:24.137+0000] {logging_mixin.py:188} INFO - [2024-07-23T02:16:24.136+0000] {dagbag.py:545} INFO - Filling up the DagBag from /home/airflow/.local/lib/python3.12/site-packages/airflow/example_dags/tutorial.py
[2024-07-23T02:16:24.169+0000] {processor.py:840} INFO - DAG(s) 'tutorial' retrieved from /home/airflow/.local/lib/python3.12/site-packages/airflow/example_dags/tutorial.py
[2024-07-23T02:16:24.303+0000] {logging_mixin.py:188} INFO - [2024-07-23T02:16:24.301+0000] {dag.py:3089} INFO - Sync 1 DAGs
[2024-07-23T02:16:24.471+0000] {logging_mixin.py:188} INFO - [2024-07-23T02:16:24.470+0000] {dag.py:3947} INFO - Setting next_dagrun for tutorial to 2024-07-22 00:00:00+00:00, run_after=2024-07-23 00:00:00+00:00
[2024-07-23T02:16:24.575+0000] {processor.py:183} INFO - Processing /home/airflow/.local/lib/python3.12/site-packages/airflow/example_dags/tutorial.py took 0.485 seconds
[2024-07-23T02:16:58.750+0000] {processor.py:161} INFO - Started process (PID=2232) to work on /home/airflow/.local/lib/python3.12/site-packages/airflow/example_dags/tutorial.py
[2024-07-23T02:16:58.755+0000] {processor.py:830} INFO - Processing file /home/airflow/.local/lib/python3.12/site-packages/airflow/example_dags/tutorial.py for tasks to queue
[2024-07-23T02:16:58.764+0000] {logging_mixin.py:188} INFO - [2024-07-23T02:16:58.763+0000] {dagbag.py:545} INFO - Filling up the DagBag from /home/airflow/.local/lib/python3.12/site-packages/airflow/example_dags/tutorial.py
[2024-07-23T02:16:58.845+0000] {processor.py:840} INFO - DAG(s) 'tutorial' retrieved from /home/airflow/.local/lib/python3.12/site-packages/airflow/example_dags/tutorial.py
[2024-07-23T02:16:59.070+0000] {logging_mixin.py:188} INFO - [2024-07-23T02:16:59.064+0000] {dag.py:3089} INFO - Sync 1 DAGs
[2024-07-23T02:16:59.310+0000] {logging_mixin.py:188} INFO - [2024-07-23T02:16:59.309+0000] {dag.py:3947} INFO - Setting next_dagrun for tutorial to 2024-07-22 00:00:00+00:00, run_after=2024-07-23 00:00:00+00:00
[2024-07-23T02:16:59.499+0000] {processor.py:183} INFO - Processing /home/airflow/.local/lib/python3.12/site-packages/airflow/example_dags/tutorial.py took 0.805 seconds
[2024-07-23T02:17:29.847+0000] {processor.py:161} INFO - Started process (PID=2291) to work on /home/airflow/.local/lib/python3.12/site-packages/airflow/example_dags/tutorial.py
[2024-07-23T02:17:29.849+0000] {processor.py:830} INFO - Processing file /home/airflow/.local/lib/python3.12/site-packages/airflow/example_dags/tutorial.py for tasks to queue
[2024-07-23T02:17:29.857+0000] {logging_mixin.py:188} INFO - [2024-07-23T02:17:29.856+0000] {dagbag.py:545} INFO - Filling up the DagBag from /home/airflow/.local/lib/python3.12/site-packages/airflow/example_dags/tutorial.py
[2024-07-23T02:17:29.879+0000] {processor.py:840} INFO - DAG(s) 'tutorial' retrieved from /home/airflow/.local/lib/python3.12/site-packages/airflow/example_dags/tutorial.py
[2024-07-23T02:17:29.957+0000] {logging_mixin.py:188} INFO - [2024-07-23T02:17:29.956+0000] {dag.py:3089} INFO - Sync 1 DAGs
[2024-07-23T02:17:30.053+0000] {logging_mixin.py:188} INFO - [2024-07-23T02:17:30.052+0000] {dag.py:3947} INFO - Setting next_dagrun for tutorial to 2024-07-22 00:00:00+00:00, run_after=2024-07-23 00:00:00+00:00
[2024-07-23T02:17:30.135+0000] {processor.py:183} INFO - Processing /home/airflow/.local/lib/python3.12/site-packages/airflow/example_dags/tutorial.py took 0.314 seconds
[2024-07-23T02:18:01.372+0000] {processor.py:161} INFO - Started process (PID=2350) to work on /home/airflow/.local/lib/python3.12/site-packages/airflow/example_dags/tutorial.py
[2024-07-23T02:18:01.375+0000] {processor.py:830} INFO - Processing file /home/airflow/.local/lib/python3.12/site-packages/airflow/example_dags/tutorial.py for tasks to queue
[2024-07-23T02:18:01.383+0000] {logging_mixin.py:188} INFO - [2024-07-23T02:18:01.382+0000] {dagbag.py:545} INFO - Filling up the DagBag from /home/airflow/.local/lib/python3.12/site-packages/airflow/example_dags/tutorial.py
[2024-07-23T02:18:01.410+0000] {processor.py:840} INFO - DAG(s) 'tutorial' retrieved from /home/airflow/.local/lib/python3.12/site-packages/airflow/example_dags/tutorial.py
[2024-07-23T02:18:01.515+0000] {logging_mixin.py:188} INFO - [2024-07-23T02:18:01.514+0000] {dag.py:3089} INFO - Sync 1 DAGs
[2024-07-23T02:18:01.620+0000] {logging_mixin.py:188} INFO - [2024-07-23T02:18:01.619+0000] {dag.py:3947} INFO - Setting next_dagrun for tutorial to 2024-07-22 00:00:00+00:00, run_after=2024-07-23 00:00:00+00:00
[2024-07-23T02:18:01.695+0000] {processor.py:183} INFO - Processing /home/airflow/.local/lib/python3.12/site-packages/airflow/example_dags/tutorial.py took 0.355 seconds
[2024-07-23T02:18:33.144+0000] {processor.py:161} INFO - Started process (PID=2409) to work on /home/airflow/.local/lib/python3.12/site-packages/airflow/example_dags/tutorial.py
[2024-07-23T02:18:33.146+0000] {processor.py:830} INFO - Processing file /home/airflow/.local/lib/python3.12/site-packages/airflow/example_dags/tutorial.py for tasks to queue
[2024-07-23T02:18:33.152+0000] {logging_mixin.py:188} INFO - [2024-07-23T02:18:33.151+0000] {dagbag.py:545} INFO - Filling up the DagBag from /home/airflow/.local/lib/python3.12/site-packages/airflow/example_dags/tutorial.py
[2024-07-23T02:18:33.174+0000] {processor.py:840} INFO - DAG(s) 'tutorial' retrieved from /home/airflow/.local/lib/python3.12/site-packages/airflow/example_dags/tutorial.py
[2024-07-23T02:18:33.272+0000] {logging_mixin.py:188} INFO - [2024-07-23T02:18:33.271+0000] {dag.py:3089} INFO - Sync 1 DAGs
[2024-07-23T02:18:33.397+0000] {logging_mixin.py:188} INFO - [2024-07-23T02:18:33.396+0000] {dag.py:3947} INFO - Setting next_dagrun for tutorial to 2024-07-22 00:00:00+00:00, run_after=2024-07-23 00:00:00+00:00
[2024-07-23T02:18:33.506+0000] {processor.py:183} INFO - Processing /home/airflow/.local/lib/python3.12/site-packages/airflow/example_dags/tutorial.py took 0.386 seconds
[2024-07-23T02:19:03.805+0000] {processor.py:161} INFO - Started process (PID=2468) to work on /home/airflow/.local/lib/python3.12/site-packages/airflow/example_dags/tutorial.py
[2024-07-23T02:19:03.808+0000] {processor.py:830} INFO - Processing file /home/airflow/.local/lib/python3.12/site-packages/airflow/example_dags/tutorial.py for tasks to queue
[2024-07-23T02:19:03.817+0000] {logging_mixin.py:188} INFO - [2024-07-23T02:19:03.815+0000] {dagbag.py:545} INFO - Filling up the DagBag from /home/airflow/.local/lib/python3.12/site-packages/airflow/example_dags/tutorial.py
[2024-07-23T02:19:03.845+0000] {processor.py:840} INFO - DAG(s) 'tutorial' retrieved from /home/airflow/.local/lib/python3.12/site-packages/airflow/example_dags/tutorial.py
[2024-07-23T02:19:03.944+0000] {logging_mixin.py:188} INFO - [2024-07-23T02:19:03.943+0000] {dag.py:3089} INFO - Sync 1 DAGs
[2024-07-23T02:19:04.082+0000] {logging_mixin.py:188} INFO - [2024-07-23T02:19:04.081+0000] {dag.py:3947} INFO - Setting next_dagrun for tutorial to 2024-07-22 00:00:00+00:00, run_after=2024-07-23 00:00:00+00:00
[2024-07-23T02:19:04.182+0000] {processor.py:183} INFO - Processing /home/airflow/.local/lib/python3.12/site-packages/airflow/example_dags/tutorial.py took 0.410 seconds
[2024-07-23T02:19:34.765+0000] {processor.py:161} INFO - Started process (PID=2526) to work on /home/airflow/.local/lib/python3.12/site-packages/airflow/example_dags/tutorial.py
[2024-07-23T02:19:34.768+0000] {processor.py:830} INFO - Processing file /home/airflow/.local/lib/python3.12/site-packages/airflow/example_dags/tutorial.py for tasks to queue
[2024-07-23T02:19:34.774+0000] {logging_mixin.py:188} INFO - [2024-07-23T02:19:34.773+0000] {dagbag.py:545} INFO - Filling up the DagBag from /home/airflow/.local/lib/python3.12/site-packages/airflow/example_dags/tutorial.py
[2024-07-23T02:19:34.796+0000] {processor.py:840} INFO - DAG(s) 'tutorial' retrieved from /home/airflow/.local/lib/python3.12/site-packages/airflow/example_dags/tutorial.py
[2024-07-23T02:19:34.886+0000] {logging_mixin.py:188} INFO - [2024-07-23T02:19:34.885+0000] {dag.py:3089} INFO - Sync 1 DAGs
[2024-07-23T02:19:34.973+0000] {logging_mixin.py:188} INFO - [2024-07-23T02:19:34.972+0000] {dag.py:3947} INFO - Setting next_dagrun for tutorial to 2024-07-22 00:00:00+00:00, run_after=2024-07-23 00:00:00+00:00
[2024-07-23T02:19:35.049+0000] {processor.py:183} INFO - Processing /home/airflow/.local/lib/python3.12/site-packages/airflow/example_dags/tutorial.py took 0.308 seconds
[2024-07-23T02:20:05.495+0000] {processor.py:161} INFO - Started process (PID=2585) to work on /home/airflow/.local/lib/python3.12/site-packages/airflow/example_dags/tutorial.py
[2024-07-23T02:20:05.497+0000] {processor.py:830} INFO - Processing file /home/airflow/.local/lib/python3.12/site-packages/airflow/example_dags/tutorial.py for tasks to queue
[2024-07-23T02:20:05.500+0000] {logging_mixin.py:188} INFO - [2024-07-23T02:20:05.499+0000] {dagbag.py:545} INFO - Filling up the DagBag from /home/airflow/.local/lib/python3.12/site-packages/airflow/example_dags/tutorial.py
[2024-07-23T02:20:05.511+0000] {processor.py:840} INFO - DAG(s) 'tutorial' retrieved from /home/airflow/.local/lib/python3.12/site-packages/airflow/example_dags/tutorial.py
[2024-07-23T02:20:05.547+0000] {logging_mixin.py:188} INFO - [2024-07-23T02:20:05.547+0000] {dag.py:3089} INFO - Sync 1 DAGs
[2024-07-23T02:20:05.597+0000] {logging_mixin.py:188} INFO - [2024-07-23T02:20:05.596+0000] {dag.py:3947} INFO - Setting next_dagrun for tutorial to 2024-07-22 00:00:00+00:00, run_after=2024-07-23 00:00:00+00:00
[2024-07-23T02:20:05.637+0000] {processor.py:183} INFO - Processing /home/airflow/.local/lib/python3.12/site-packages/airflow/example_dags/tutorial.py took 0.152 seconds
[2024-07-23T02:20:35.853+0000] {processor.py:161} INFO - Started process (PID=2643) to work on /home/airflow/.local/lib/python3.12/site-packages/airflow/example_dags/tutorial.py
[2024-07-23T02:20:35.856+0000] {processor.py:830} INFO - Processing file /home/airflow/.local/lib/python3.12/site-packages/airflow/example_dags/tutorial.py for tasks to queue
[2024-07-23T02:20:35.858+0000] {logging_mixin.py:188} INFO - [2024-07-23T02:20:35.858+0000] {dagbag.py:545} INFO - Filling up the DagBag from /home/airflow/.local/lib/python3.12/site-packages/airflow/example_dags/tutorial.py
[2024-07-23T02:20:35.865+0000] {processor.py:840} INFO - DAG(s) 'tutorial' retrieved from /home/airflow/.local/lib/python3.12/site-packages/airflow/example_dags/tutorial.py
[2024-07-23T02:20:35.889+0000] {logging_mixin.py:188} INFO - [2024-07-23T02:20:35.889+0000] {dag.py:3089} INFO - Sync 1 DAGs
[2024-07-23T02:20:35.918+0000] {logging_mixin.py:188} INFO - [2024-07-23T02:20:35.918+0000] {dag.py:3947} INFO - Setting next_dagrun for tutorial to 2024-07-22 00:00:00+00:00, run_after=2024-07-23 00:00:00+00:00
[2024-07-23T02:20:35.942+0000] {processor.py:183} INFO - Processing /home/airflow/.local/lib/python3.12/site-packages/airflow/example_dags/tutorial.py took 0.097 seconds
[2024-07-23T02:21:06.041+0000] {processor.py:161} INFO - Started process (PID=2702) to work on /home/airflow/.local/lib/python3.12/site-packages/airflow/example_dags/tutorial.py
[2024-07-23T02:21:06.042+0000] {processor.py:830} INFO - Processing file /home/airflow/.local/lib/python3.12/site-packages/airflow/example_dags/tutorial.py for tasks to queue
[2024-07-23T02:21:06.043+0000] {logging_mixin.py:188} INFO - [2024-07-23T02:21:06.043+0000] {dagbag.py:545} INFO - Filling up the DagBag from /home/airflow/.local/lib/python3.12/site-packages/airflow/example_dags/tutorial.py
[2024-07-23T02:21:06.049+0000] {processor.py:840} INFO - DAG(s) 'tutorial' retrieved from /home/airflow/.local/lib/python3.12/site-packages/airflow/example_dags/tutorial.py
[2024-07-23T02:21:06.071+0000] {logging_mixin.py:188} INFO - [2024-07-23T02:21:06.071+0000] {dag.py:3089} INFO - Sync 1 DAGs
[2024-07-23T02:21:06.096+0000] {logging_mixin.py:188} INFO - [2024-07-23T02:21:06.096+0000] {dag.py:3947} INFO - Setting next_dagrun for tutorial to 2024-07-22 00:00:00+00:00, run_after=2024-07-23 00:00:00+00:00
[2024-07-23T02:21:06.118+0000] {processor.py:183} INFO - Processing /home/airflow/.local/lib/python3.12/site-packages/airflow/example_dags/tutorial.py took 0.084 seconds
[2024-07-23T02:21:36.380+0000] {processor.py:161} INFO - Started process (PID=2762) to work on /home/airflow/.local/lib/python3.12/site-packages/airflow/example_dags/tutorial.py
[2024-07-23T02:21:36.380+0000] {processor.py:830} INFO - Processing file /home/airflow/.local/lib/python3.12/site-packages/airflow/example_dags/tutorial.py for tasks to queue
[2024-07-23T02:21:36.382+0000] {logging_mixin.py:188} INFO - [2024-07-23T02:21:36.382+0000] {dagbag.py:545} INFO - Filling up the DagBag from /home/airflow/.local/lib/python3.12/site-packages/airflow/example_dags/tutorial.py
[2024-07-23T02:21:36.388+0000] {processor.py:840} INFO - DAG(s) 'tutorial' retrieved from /home/airflow/.local/lib/python3.12/site-packages/airflow/example_dags/tutorial.py
[2024-07-23T02:21:36.410+0000] {logging_mixin.py:188} INFO - [2024-07-23T02:21:36.410+0000] {dag.py:3089} INFO - Sync 1 DAGs
[2024-07-23T02:21:36.435+0000] {logging_mixin.py:188} INFO - [2024-07-23T02:21:36.435+0000] {dag.py:3947} INFO - Setting next_dagrun for tutorial to 2024-07-22 00:00:00+00:00, run_after=2024-07-23 00:00:00+00:00
[2024-07-23T02:21:36.463+0000] {processor.py:183} INFO - Processing /home/airflow/.local/lib/python3.12/site-packages/airflow/example_dags/tutorial.py took 0.091 seconds
[2024-07-23T02:22:06.632+0000] {processor.py:161} INFO - Started process (PID=2821) to work on /home/airflow/.local/lib/python3.12/site-packages/airflow/example_dags/tutorial.py
[2024-07-23T02:22:06.632+0000] {processor.py:830} INFO - Processing file /home/airflow/.local/lib/python3.12/site-packages/airflow/example_dags/tutorial.py for tasks to queue
[2024-07-23T02:22:06.634+0000] {logging_mixin.py:188} INFO - [2024-07-23T02:22:06.634+0000] {dagbag.py:545} INFO - Filling up the DagBag from /home/airflow/.local/lib/python3.12/site-packages/airflow/example_dags/tutorial.py
[2024-07-23T02:22:06.641+0000] {processor.py:840} INFO - DAG(s) 'tutorial' retrieved from /home/airflow/.local/lib/python3.12/site-packages/airflow/example_dags/tutorial.py
[2024-07-23T02:22:06.668+0000] {logging_mixin.py:188} INFO - [2024-07-23T02:22:06.668+0000] {dag.py:3089} INFO - Sync 1 DAGs
[2024-07-23T02:22:06.692+0000] {logging_mixin.py:188} INFO - [2024-07-23T02:22:06.692+0000] {dag.py:3947} INFO - Setting next_dagrun for tutorial to 2024-07-22 00:00:00+00:00, run_after=2024-07-23 00:00:00+00:00
[2024-07-23T02:22:06.715+0000] {processor.py:183} INFO - Processing /home/airflow/.local/lib/python3.12/site-packages/airflow/example_dags/tutorial.py took 0.091 seconds
[2024-07-23T02:22:37.213+0000] {processor.py:161} INFO - Started process (PID=2880) to work on /home/airflow/.local/lib/python3.12/site-packages/airflow/example_dags/tutorial.py
[2024-07-23T02:22:37.216+0000] {processor.py:830} INFO - Processing file /home/airflow/.local/lib/python3.12/site-packages/airflow/example_dags/tutorial.py for tasks to queue
[2024-07-23T02:22:37.218+0000] {logging_mixin.py:188} INFO - [2024-07-23T02:22:37.218+0000] {dagbag.py:545} INFO - Filling up the DagBag from /home/airflow/.local/lib/python3.12/site-packages/airflow/example_dags/tutorial.py
[2024-07-23T02:22:37.226+0000] {processor.py:840} INFO - DAG(s) 'tutorial' retrieved from /home/airflow/.local/lib/python3.12/site-packages/airflow/example_dags/tutorial.py
[2024-07-23T02:22:37.253+0000] {logging_mixin.py:188} INFO - [2024-07-23T02:22:37.253+0000] {dag.py:3089} INFO - Sync 1 DAGs
[2024-07-23T02:22:37.290+0000] {logging_mixin.py:188} INFO - [2024-07-23T02:22:37.290+0000] {dag.py:3947} INFO - Setting next_dagrun for tutorial to 2024-07-22 00:00:00+00:00, run_after=2024-07-23 00:00:00+00:00
[2024-07-23T02:22:37.315+0000] {processor.py:183} INFO - Processing /home/airflow/.local/lib/python3.12/site-packages/airflow/example_dags/tutorial.py took 0.110 seconds
[2024-07-23T02:23:07.729+0000] {processor.py:161} INFO - Started process (PID=2946) to work on /home/airflow/.local/lib/python3.12/site-packages/airflow/example_dags/tutorial.py
[2024-07-23T02:23:07.732+0000] {processor.py:830} INFO - Processing file /home/airflow/.local/lib/python3.12/site-packages/airflow/example_dags/tutorial.py for tasks to queue
[2024-07-23T02:23:07.734+0000] {logging_mixin.py:188} INFO - [2024-07-23T02:23:07.734+0000] {dagbag.py:545} INFO - Filling up the DagBag from /home/airflow/.local/lib/python3.12/site-packages/airflow/example_dags/tutorial.py
[2024-07-23T02:23:07.744+0000] {processor.py:840} INFO - DAG(s) 'tutorial' retrieved from /home/airflow/.local/lib/python3.12/site-packages/airflow/example_dags/tutorial.py
[2024-07-23T02:23:07.783+0000] {logging_mixin.py:188} INFO - [2024-07-23T02:23:07.783+0000] {dag.py:3089} INFO - Sync 1 DAGs
[2024-07-23T02:23:07.827+0000] {logging_mixin.py:188} INFO - [2024-07-23T02:23:07.827+0000] {dag.py:3947} INFO - Setting next_dagrun for tutorial to 2024-07-22 00:00:00+00:00, run_after=2024-07-23 00:00:00+00:00
[2024-07-23T02:23:07.866+0000] {processor.py:183} INFO - Processing /home/airflow/.local/lib/python3.12/site-packages/airflow/example_dags/tutorial.py took 0.147 seconds
[2024-07-23T02:23:38.013+0000] {processor.py:161} INFO - Started process (PID=3004) to work on /home/airflow/.local/lib/python3.12/site-packages/airflow/example_dags/tutorial.py
[2024-07-23T02:23:38.015+0000] {processor.py:830} INFO - Processing file /home/airflow/.local/lib/python3.12/site-packages/airflow/example_dags/tutorial.py for tasks to queue
[2024-07-23T02:23:38.019+0000] {logging_mixin.py:188} INFO - [2024-07-23T02:23:38.018+0000] {dagbag.py:545} INFO - Filling up the DagBag from /home/airflow/.local/lib/python3.12/site-packages/airflow/example_dags/tutorial.py
[2024-07-23T02:23:38.030+0000] {processor.py:840} INFO - DAG(s) 'tutorial' retrieved from /home/airflow/.local/lib/python3.12/site-packages/airflow/example_dags/tutorial.py
[2024-07-23T02:23:38.072+0000] {logging_mixin.py:188} INFO - [2024-07-23T02:23:38.071+0000] {dag.py:3089} INFO - Sync 1 DAGs
[2024-07-23T02:23:38.122+0000] {logging_mixin.py:188} INFO - [2024-07-23T02:23:38.122+0000] {dag.py:3947} INFO - Setting next_dagrun for tutorial to 2024-07-22 00:00:00+00:00, run_after=2024-07-23 00:00:00+00:00
[2024-07-23T02:23:38.164+0000] {processor.py:183} INFO - Processing /home/airflow/.local/lib/python3.12/site-packages/airflow/example_dags/tutorial.py took 0.162 seconds
[2024-07-23T02:24:09.172+0000] {processor.py:161} INFO - Started process (PID=3063) to work on /home/airflow/.local/lib/python3.12/site-packages/airflow/example_dags/tutorial.py
[2024-07-23T02:24:09.175+0000] {processor.py:830} INFO - Processing file /home/airflow/.local/lib/python3.12/site-packages/airflow/example_dags/tutorial.py for tasks to queue
[2024-07-23T02:24:09.182+0000] {logging_mixin.py:188} INFO - [2024-07-23T02:24:09.181+0000] {dagbag.py:545} INFO - Filling up the DagBag from /home/airflow/.local/lib/python3.12/site-packages/airflow/example_dags/tutorial.py
[2024-07-23T02:24:09.208+0000] {processor.py:840} INFO - DAG(s) 'tutorial' retrieved from /home/airflow/.local/lib/python3.12/site-packages/airflow/example_dags/tutorial.py
[2024-07-23T02:24:09.300+0000] {logging_mixin.py:188} INFO - [2024-07-23T02:24:09.298+0000] {dag.py:3089} INFO - Sync 1 DAGs
[2024-07-23T02:24:09.423+0000] {logging_mixin.py:188} INFO - [2024-07-23T02:24:09.422+0000] {dag.py:3947} INFO - Setting next_dagrun for tutorial to 2024-07-22 00:00:00+00:00, run_after=2024-07-23 00:00:00+00:00
[2024-07-23T02:24:09.505+0000] {processor.py:183} INFO - Processing /home/airflow/.local/lib/python3.12/site-packages/airflow/example_dags/tutorial.py took 0.363 seconds
[2024-07-23T02:24:39.856+0000] {processor.py:161} INFO - Started process (PID=3122) to work on /home/airflow/.local/lib/python3.12/site-packages/airflow/example_dags/tutorial.py
[2024-07-23T02:24:39.858+0000] {processor.py:830} INFO - Processing file /home/airflow/.local/lib/python3.12/site-packages/airflow/example_dags/tutorial.py for tasks to queue
[2024-07-23T02:24:39.866+0000] {logging_mixin.py:188} INFO - [2024-07-23T02:24:39.864+0000] {dagbag.py:545} INFO - Filling up the DagBag from /home/airflow/.local/lib/python3.12/site-packages/airflow/example_dags/tutorial.py
[2024-07-23T02:24:39.889+0000] {processor.py:840} INFO - DAG(s) 'tutorial' retrieved from /home/airflow/.local/lib/python3.12/site-packages/airflow/example_dags/tutorial.py
[2024-07-23T02:24:39.966+0000] {logging_mixin.py:188} INFO - [2024-07-23T02:24:39.965+0000] {dag.py:3089} INFO - Sync 1 DAGs
[2024-07-23T02:24:40.050+0000] {logging_mixin.py:188} INFO - [2024-07-23T02:24:40.049+0000] {dag.py:3947} INFO - Setting next_dagrun for tutorial to 2024-07-22 00:00:00+00:00, run_after=2024-07-23 00:00:00+00:00
[2024-07-23T02:24:40.117+0000] {processor.py:183} INFO - Processing /home/airflow/.local/lib/python3.12/site-packages/airflow/example_dags/tutorial.py took 0.288 seconds
[2024-07-23T02:25:10.328+0000] {processor.py:161} INFO - Started process (PID=3180) to work on /home/airflow/.local/lib/python3.12/site-packages/airflow/example_dags/tutorial.py
[2024-07-23T02:25:10.330+0000] {processor.py:830} INFO - Processing file /home/airflow/.local/lib/python3.12/site-packages/airflow/example_dags/tutorial.py for tasks to queue
[2024-07-23T02:25:10.333+0000] {logging_mixin.py:188} INFO - [2024-07-23T02:25:10.333+0000] {dagbag.py:545} INFO - Filling up the DagBag from /home/airflow/.local/lib/python3.12/site-packages/airflow/example_dags/tutorial.py
[2024-07-23T02:25:10.346+0000] {processor.py:840} INFO - DAG(s) 'tutorial' retrieved from /home/airflow/.local/lib/python3.12/site-packages/airflow/example_dags/tutorial.py
[2024-07-23T02:25:10.380+0000] {logging_mixin.py:188} INFO - [2024-07-23T02:25:10.379+0000] {dag.py:3089} INFO - Sync 1 DAGs
[2024-07-23T02:25:10.422+0000] {logging_mixin.py:188} INFO - [2024-07-23T02:25:10.421+0000] {dag.py:3947} INFO - Setting next_dagrun for tutorial to 2024-07-22 00:00:00+00:00, run_after=2024-07-23 00:00:00+00:00
[2024-07-23T02:25:10.457+0000] {processor.py:183} INFO - Processing /home/airflow/.local/lib/python3.12/site-packages/airflow/example_dags/tutorial.py took 0.141 seconds
[2024-07-23T02:25:40.738+0000] {processor.py:161} INFO - Started process (PID=3239) to work on /home/airflow/.local/lib/python3.12/site-packages/airflow/example_dags/tutorial.py
[2024-07-23T02:25:40.739+0000] {processor.py:830} INFO - Processing file /home/airflow/.local/lib/python3.12/site-packages/airflow/example_dags/tutorial.py for tasks to queue
[2024-07-23T02:25:40.742+0000] {logging_mixin.py:188} INFO - [2024-07-23T02:25:40.741+0000] {dagbag.py:545} INFO - Filling up the DagBag from /home/airflow/.local/lib/python3.12/site-packages/airflow/example_dags/tutorial.py
[2024-07-23T02:25:40.749+0000] {processor.py:840} INFO - DAG(s) 'tutorial' retrieved from /home/airflow/.local/lib/python3.12/site-packages/airflow/example_dags/tutorial.py
[2024-07-23T02:25:40.784+0000] {logging_mixin.py:188} INFO - [2024-07-23T02:25:40.783+0000] {dag.py:3089} INFO - Sync 1 DAGs
[2024-07-23T02:25:40.830+0000] {logging_mixin.py:188} INFO - [2024-07-23T02:25:40.829+0000] {dag.py:3947} INFO - Setting next_dagrun for tutorial to 2024-07-22 00:00:00+00:00, run_after=2024-07-23 00:00:00+00:00
[2024-07-23T02:25:40.867+0000] {processor.py:183} INFO - Processing /home/airflow/.local/lib/python3.12/site-packages/airflow/example_dags/tutorial.py took 0.137 seconds
[2024-07-23T02:26:11.098+0000] {processor.py:161} INFO - Started process (PID=3299) to work on /home/airflow/.local/lib/python3.12/site-packages/airflow/example_dags/tutorial.py
[2024-07-23T02:26:11.100+0000] {processor.py:830} INFO - Processing file /home/airflow/.local/lib/python3.12/site-packages/airflow/example_dags/tutorial.py for tasks to queue
[2024-07-23T02:26:11.101+0000] {logging_mixin.py:188} INFO - [2024-07-23T02:26:11.101+0000] {dagbag.py:545} INFO - Filling up the DagBag from /home/airflow/.local/lib/python3.12/site-packages/airflow/example_dags/tutorial.py
[2024-07-23T02:26:11.109+0000] {processor.py:840} INFO - DAG(s) 'tutorial' retrieved from /home/airflow/.local/lib/python3.12/site-packages/airflow/example_dags/tutorial.py
[2024-07-23T02:26:11.134+0000] {logging_mixin.py:188} INFO - [2024-07-23T02:26:11.133+0000] {dag.py:3089} INFO - Sync 1 DAGs
[2024-07-23T02:26:11.164+0000] {logging_mixin.py:188} INFO - [2024-07-23T02:26:11.163+0000] {dag.py:3947} INFO - Setting next_dagrun for tutorial to 2024-07-22 00:00:00+00:00, run_after=2024-07-23 00:00:00+00:00
[2024-07-23T02:26:11.189+0000] {processor.py:183} INFO - Processing /home/airflow/.local/lib/python3.12/site-packages/airflow/example_dags/tutorial.py took 0.097 seconds
[2024-07-23T02:26:42.351+0000] {processor.py:161} INFO - Started process (PID=3358) to work on /home/airflow/.local/lib/python3.12/site-packages/airflow/example_dags/tutorial.py
[2024-07-23T02:26:42.355+0000] {processor.py:830} INFO - Processing file /home/airflow/.local/lib/python3.12/site-packages/airflow/example_dags/tutorial.py for tasks to queue
[2024-07-23T02:26:42.362+0000] {logging_mixin.py:188} INFO - [2024-07-23T02:26:42.361+0000] {dagbag.py:545} INFO - Filling up the DagBag from /home/airflow/.local/lib/python3.12/site-packages/airflow/example_dags/tutorial.py
[2024-07-23T02:26:42.389+0000] {processor.py:840} INFO - DAG(s) 'tutorial' retrieved from /home/airflow/.local/lib/python3.12/site-packages/airflow/example_dags/tutorial.py
[2024-07-23T02:26:42.470+0000] {logging_mixin.py:188} INFO - [2024-07-23T02:26:42.468+0000] {dag.py:3089} INFO - Sync 1 DAGs
[2024-07-23T02:26:42.562+0000] {logging_mixin.py:188} INFO - [2024-07-23T02:26:42.561+0000] {dag.py:3947} INFO - Setting next_dagrun for tutorial to 2024-07-22 00:00:00+00:00, run_after=2024-07-23 00:00:00+00:00
[2024-07-23T02:26:42.632+0000] {processor.py:183} INFO - Processing /home/airflow/.local/lib/python3.12/site-packages/airflow/example_dags/tutorial.py took 0.306 seconds
[2024-07-23T02:27:13.383+0000] {processor.py:161} INFO - Started process (PID=3417) to work on /home/airflow/.local/lib/python3.12/site-packages/airflow/example_dags/tutorial.py
[2024-07-23T02:27:13.386+0000] {processor.py:830} INFO - Processing file /home/airflow/.local/lib/python3.12/site-packages/airflow/example_dags/tutorial.py for tasks to queue
[2024-07-23T02:27:13.393+0000] {logging_mixin.py:188} INFO - [2024-07-23T02:27:13.392+0000] {dagbag.py:545} INFO - Filling up the DagBag from /home/airflow/.local/lib/python3.12/site-packages/airflow/example_dags/tutorial.py
[2024-07-23T02:27:13.416+0000] {processor.py:840} INFO - DAG(s) 'tutorial' retrieved from /home/airflow/.local/lib/python3.12/site-packages/airflow/example_dags/tutorial.py
[2024-07-23T02:27:13.493+0000] {logging_mixin.py:188} INFO - [2024-07-23T02:27:13.492+0000] {dag.py:3089} INFO - Sync 1 DAGs
[2024-07-23T02:27:13.581+0000] {logging_mixin.py:188} INFO - [2024-07-23T02:27:13.580+0000] {dag.py:3947} INFO - Setting next_dagrun for tutorial to 2024-07-22 00:00:00+00:00, run_after=2024-07-23 00:00:00+00:00
[2024-07-23T02:27:13.649+0000] {processor.py:183} INFO - Processing /home/airflow/.local/lib/python3.12/site-packages/airflow/example_dags/tutorial.py took 0.289 seconds
[2024-07-23T02:27:43.719+0000] {processor.py:161} INFO - Started process (PID=3476) to work on /home/airflow/.local/lib/python3.12/site-packages/airflow/example_dags/tutorial.py
[2024-07-23T02:27:43.720+0000] {processor.py:830} INFO - Processing file /home/airflow/.local/lib/python3.12/site-packages/airflow/example_dags/tutorial.py for tasks to queue
[2024-07-23T02:27:43.721+0000] {logging_mixin.py:188} INFO - [2024-07-23T02:27:43.721+0000] {dagbag.py:545} INFO - Filling up the DagBag from /home/airflow/.local/lib/python3.12/site-packages/airflow/example_dags/tutorial.py
[2024-07-23T02:27:43.727+0000] {processor.py:840} INFO - DAG(s) 'tutorial' retrieved from /home/airflow/.local/lib/python3.12/site-packages/airflow/example_dags/tutorial.py
[2024-07-23T02:27:43.748+0000] {logging_mixin.py:188} INFO - [2024-07-23T02:27:43.748+0000] {dag.py:3089} INFO - Sync 1 DAGs
[2024-07-23T02:27:43.770+0000] {logging_mixin.py:188} INFO - [2024-07-23T02:27:43.769+0000] {dag.py:3947} INFO - Setting next_dagrun for tutorial to 2024-07-22 00:00:00+00:00, run_after=2024-07-23 00:00:00+00:00
[2024-07-23T02:27:43.790+0000] {processor.py:183} INFO - Processing /home/airflow/.local/lib/python3.12/site-packages/airflow/example_dags/tutorial.py took 0.077 seconds
